<?xml version="1.0" encoding="UTF-8"?>
<!-- Generated by org.testng.reporters.JUnitReportReporter -->
<testsuite hostname="PGX51543.local" failures="0" tests="11" name="lex.tests.creditrepair.CreditRepairTests" time="32.343" errors="0" timestamp="12 Aug 2020 22:58:49 GMT" skipped="0">
  <testcase classname="lex.tests.creditrepair.CreditRepairTests" name="canNavigateToSignup4" time="3.036"/>
  <testcase classname="lex.tests.creditrepair.CreditRepairTests" name="canNavigateToCreditSnapshot4" time="2.443"/>
  <testcase classname="lex.tests.creditrepair.CreditRepairTests" name="canNavigateToCreditSnapshot3" time="3.394"/>
  <testcase classname="lex.tests.creditrepair.CreditRepairTests" name="canNavigateToSignup5" time="3.158"/>
  <testcase classname="lex.tests.creditrepair.CreditRepairTests" name="canNavigateToCreditSnapshot6" time="2.862"/>
  <testcase classname="lex.tests.creditrepair.CreditRepairTests" name="canNavigateToCreditSnapshot1" time="3.288"/>
  <testcase classname="lex.tests.creditrepair.CreditRepairTests" name="canNavigateToSignup3" time="3.152"/>
  <testcase classname="lex.tests.creditrepair.CreditRepairTests" name="canNavigateToCreditSnapshot5" time="2.491"/>
  <testcase classname="lex.tests.creditrepair.CreditRepairTests" name="canNavigateToCreditSnapshot2" time="2.390"/>
  <testcase classname="lex.tests.creditrepair.CreditRepairTests" name="canNavigateToSignup1" time="2.787"/>
  <testcase classname="lex.tests.creditrepair.CreditRepairTests" name="canNavigateToSignup2" time="3.342"/>
</testsuite> <!-- lex.tests.creditrepair.CreditRepairTests -->
