<?xml version="1.0" encoding="UTF-8"?>
<!-- Generated by org.testng.reporters.JUnitReportReporter -->
<testsuite skipped="0" hostname="pgx180189mac.local" name="lex.tests.creditrepair.CreditRepairNBRTests" tests="11" failures="0" timestamp="28 Aug 2020 17:41:46 GMT" time="25.311" errors="0">
  <testcase name="canNavigateToCreditSnapshot4" time="2.002" classname="lex.tests.creditrepair.CreditRepairNBRTests"/>
  <testcase name="canNavigateToSignup4" time="2.319" classname="lex.tests.creditrepair.CreditRepairNBRTests"/>
  <testcase name="canNavigateToCreditSnapshot1" time="4.195" classname="lex.tests.creditrepair.CreditRepairNBRTests"/>
  <testcase name="canNavigateToCreditSnapshot6" time="2.023" classname="lex.tests.creditrepair.CreditRepairNBRTests"/>
  <testcase name="canNavigateToSignup3" time="2.194" classname="lex.tests.creditrepair.CreditRepairNBRTests"/>
  <testcase name="canNavigateToCreditSnapshot2" time="2.022" classname="lex.tests.creditrepair.CreditRepairNBRTests"/>
  <testcase name="canNavigateToSignup1" time="1.881" classname="lex.tests.creditrepair.CreditRepairNBRTests"/>
  <testcase name="canNavigateToCreditSnapshot5" time="2.019" classname="lex.tests.creditrepair.CreditRepairNBRTests"/>
  <testcase name="canNavigateToSignup2" time="2.247" classname="lex.tests.creditrepair.CreditRepairNBRTests"/>
  <testcase name="canNavigateToCreditSnapshot3" time="2.033" classname="lex.tests.creditrepair.CreditRepairNBRTests"/>
  <testcase name="canNavigateToSignup5" time="2.376" classname="lex.tests.creditrepair.CreditRepairNBRTests"/>
</testsuite> <!-- lex.tests.creditrepair.CreditRepairNBRTests -->
