<?xml version="1.0" encoding="UTF-8"?>
<!-- Generated by org.testng.reporters.JUnitReportReporter -->
<testsuite skipped="1" hostname="pgx180189mac.local" name="lex.tests.homepage.LexHomepageTests" tests="15" failures="0" timestamp="03 Sep 2020 17:45:09 GMT" time="58.667" errors="0">
  <testcase name="canNavigateToSignUp" time="5.678" classname="lex.tests.homepage.LexHomepageTests"/>
  <testcase name="canClickSignupLinkInClientReviewsSection" time="3.797" classname="lex.tests.homepage.LexHomepageTests"/>
  <testcase name="canClickSignupLinkInImageRevealSection" time="4.253" classname="lex.tests.homepage.LexHomepageTests"/>
  <testcase name="canNavigateToOurFirm" time="4.877" classname="lex.tests.homepage.LexHomepageTests"/>
  <testcase name="canNavigateToCreditHelp" time="6.117" classname="lex.tests.homepage.LexHomepageTests"/>
  <testcase name="canNavigateToCreditRepair" time="4.701" classname="lex.tests.homepage.LexHomepageTests"/>
  <testcase name="isAtHomepage" time="1.510" classname="lex.tests.homepage.LexHomepageTests"/>
  <testcase name="canClickSignupLinkInImageRevealSection" time="1.543" classname="lex.tests.homepage.LexHomepageTests">
    <skipped/>
  </testcase> <!-- canClickSignupLinkInImageRevealSection -->
  <testcase name="canClickGetStartedLinkInHeroSection" time="2.946" classname="lex.tests.homepage.LexHomepageTests"/>
  <testcase name="canClickSignupLinkInHeroSection" time="4.019" classname="lex.tests.homepage.LexHomepageTests"/>
  <testcase name="canClickSignupCreditCostLink" time="4.408" classname="lex.tests.homepage.LexHomepageTests"/>
  <testcase name="canClickSeeMyCreditButton" time="3.291" classname="lex.tests.homepage.LexHomepageTests"/>
  <testcase name="canClickGetStartedButtonInImageRevealSection" time="2.898" classname="lex.tests.homepage.LexHomepageTests"/>
  <testcase name="canClickGetStartedButtonInHeroSection" time="3.095" classname="lex.tests.homepage.LexHomepageTests"/>
  <testcase name="canClickGetStartedButtonInClientReviewsSection" time="5.534" classname="lex.tests.homepage.LexHomepageTests"/>
</testsuite> <!-- lex.tests.homepage.LexHomepageTests -->
