<?xml version="1.0" encoding="UTF-8"?>
<!-- Generated by org.testng.reporters.JUnitReportReporter -->
<testsuite skipped="0" hostname="martech-d01.vwsl.pgx.local" name="lex.tests.http.HttpTests" tests="8" failures="0" timestamp="16 Sep 2020 18:36:50 GMT" time="4.007" errors="0">
  <testcase name="lexSignupStatusCodeIsOk" time="0.440" classname="lex.tests.http.HttpTests"/>
  <testcase name="creditRepairSnapshotStatusCodeIsOk" time="0.441" classname="lex.tests.http.HttpTests"/>
  <testcase name="lexSnapshotStatusCodeIsOk" time="0.441" classname="lex.tests.http.HttpTests"/>
  <testcase name="creditRepairSignupStatusCodeIsOk" time="0.459" classname="lex.tests.http.HttpTests"/>
  <testcase name="creditRepairStatusCodeIsOk" time="0.498" classname="lex.tests.http.HttpTests"/>
  <testcase name="lexHomepageStatusCodeIsOk" time="0.500" classname="lex.tests.http.HttpTests"/>
  <testcase name="lexLandingPageStatusCodeIsOk" time="0.439" classname="lex.tests.http.HttpTests"/>
  <testcase name="creditRepairLandingPageStatusCodeIsOk" time="0.789" classname="lex.tests.http.HttpTests"/>
</testsuite> <!-- lex.tests.http.HttpTests -->
