<?xml version="1.0" encoding="UTF-8"?>
<!-- Generated by org.testng.reporters.JUnitReportReporter -->
<testsuite hostname="PGX51543.local" failures="0" tests="7" name="lex.tests.creditrepair.CreditRepairOnlineTests" time="22.301" errors="0" timestamp="12 Aug 2020 22:58:49 GMT" skipped="0">
  <testcase classname="lex.tests.creditrepair.CreditRepairOnlineTests" name="canNavigateToCreditSnapshot2" time="3.000"/>
  <testcase classname="lex.tests.creditrepair.CreditRepairOnlineTests" name="canNavigateToSignup5" time="2.988"/>
  <testcase classname="lex.tests.creditrepair.CreditRepairOnlineTests" name="canNavigateToSignup3" time="3.122"/>
  <testcase classname="lex.tests.creditrepair.CreditRepairOnlineTests" name="canNavigateToSignup2" time="2.825"/>
  <testcase classname="lex.tests.creditrepair.CreditRepairOnlineTests" name="canNavigateToSignup1" time="2.820"/>
  <testcase classname="lex.tests.creditrepair.CreditRepairOnlineTests" name="canNavigateToCreditSnapshot1" time="4.527"/>
  <testcase classname="lex.tests.creditrepair.CreditRepairOnlineTests" name="canNavigateToSignup4" time="3.019"/>
</testsuite> <!-- lex.tests.creditrepair.CreditRepairOnlineTests -->
