<?xml version="1.0" encoding="UTF-8"?>
<!-- Generated by org.testng.reporters.JUnitReportReporter -->
<testsuite skipped="0" hostname="pgx180189mac.local" name="lex.tests.homepage.CRHomepageTests" tests="14" failures="0" timestamp="18 Sep 2020 23:32:28 GMT" time="49.532" errors="0">
  <testcase name="canClickSignupInCostSection" time="3.196" classname="lex.tests.homepage.CRHomepageTests"/>
  <testcase name="canClickLoginButton" time="3.816" classname="lex.tests.homepage.CRHomepageTests"/>
  <testcase name="canSubmitForm" time="6.146" classname="lex.tests.homepage.CRHomepageTests"/>
  <testcase name="canClickGetStartedInHowCreditRepairWorksSection" time="2.995" classname="lex.tests.homepage.CRHomepageTests"/>
  <testcase name="canClickSignupInHowCreditRepairWorksSection" time="2.950" classname="lex.tests.homepage.CRHomepageTests"/>
  <testcase name="canClickGetStartedHero" time="7.572" classname="lex.tests.homepage.CRHomepageTests"/>
  <testcase name="canClickSignupInModal" time="2.524" classname="lex.tests.homepage.CRHomepageTests"/>
  <testcase name="canClickSignupInTopNav" time="2.526" classname="lex.tests.homepage.CRHomepageTests"/>
  <testcase name="canClickGetStartedInHardWorkSection" time="2.752" classname="lex.tests.homepage.CRHomepageTests"/>
  <testcase name="canClickSignupHero" time="2.718" classname="lex.tests.homepage.CRHomepageTests"/>
  <testcase name="canSeeGoDaddySeal" time="1.682" classname="lex.tests.homepage.CRHomepageTests"/>
  <testcase name="canClickSignupInHardWorkSection" time="2.420" classname="lex.tests.homepage.CRHomepageTests"/>
  <testcase name="canClickGetStartedInModal" time="5.174" classname="lex.tests.homepage.CRHomepageTests"/>
  <testcase name="canClickGetStartedInCostSection" time="3.061" classname="lex.tests.homepage.CRHomepageTests"/>
</testsuite> <!-- lex.tests.homepage.CRHomepageTests -->
