<?xml version="1.0" encoding="UTF-8"?>
<!-- Generated by org.testng.reporters.JUnitReportReporter -->
<testsuite skipped="8" hostname="martech-d01.vwsl.pgx.local" name="lex.tests.homepage.CRHomepageTests" tests="22" failures="1" timestamp="15 Sep 2020 14:38:22 GMT" time="90.442" errors="1">
  <testcase name="canClickSignupInModal" time="1.673" classname="lex.tests.homepage.CRHomepageTests"/>
  <testcase name="canSeeGoDaddySeal" time="6.068" classname="lex.tests.homepage.CRHomepageTests">
    <skipped/>
  </testcase> <!-- canSeeGoDaddySeal -->
  <testcase name="canSeeGoDaddySeal" time="6.050" classname="lex.tests.homepage.CRHomepageTests">
    <skipped/>
  </testcase> <!-- canSeeGoDaddySeal -->
  <testcase name="canClickGetStartedInCostSection" time="1.688" classname="lex.tests.homepage.CRHomepageTests"/>
  <testcase name="canSubmitForm" time="7.046" classname="lex.tests.homepage.CRHomepageTests">
    <error type="org.openqa.selenium.TimeoutException" message="Expected condition failed: waiting for url to contain &quot;https://www.creditrepair.com/credit-snapshot/rp&quot;. Current url: &quot;https://www.creditrepair.com/&quot; (tried for 5 second(s) with 100 milliseconds interval)
Build info: version: &#039;3.14.0&#039;, revision: &#039;aacccce0&#039;, time: &#039;2018-08-02T20:19:58.91Z&#039;
System info: host: &#039;martech-d01.vwsl.pgx.local&#039;, ip: &#039;10.40.30.83&#039;, os.name: &#039;Linux&#039;, os.arch: &#039;amd64&#039;, os.version: &#039;3.10.0-1127.el7.x86_64&#039;, java.version: &#039;1.8.0_262&#039;
Driver info: org.openqa.selenium.chrome.ChromeDriver
Capabilities {acceptInsecureCerts: false, browserName: chrome, browserVersion: 85.0.4183.102, chrome: {chromedriverVersion: 85.0.4183.87 (cd6713ebf92fa..., userDataDir: /tmp/.com.google.Chrome.HNXlE8}, goog:chromeOptions: {debuggerAddress: localhost:38668}, javascriptEnabled: true, networkConnectionEnabled: false, pageLoadStrategy: normal, platform: LINUX, platformName: LINUX, proxy: Proxy(), setWindowRect: true, strictFileInteractability: false, timeouts: {implicit: 0, pageLoad: 300000, script: 30000}, unhandledPromptBehavior: dismiss and notify, webauthn:virtualAuthenticators: true}
Session ID: 05fbb0ee5d1ef06c10094a3bb2aa99cc">
      <![CDATA[org.openqa.selenium.TimeoutException: Expected condition failed: waiting for url to contain "https://www.creditrepair.com/credit-snapshot/rp". Current url: "https://www.creditrepair.com/" (tried for 5 second(s) with 100 milliseconds interval)
Build info: version: '3.14.0', revision: 'aacccce0', time: '2018-08-02T20:19:58.91Z'
System info: host: 'martech-d01.vwsl.pgx.local', ip: '10.40.30.83', os.name: 'Linux', os.arch: 'amd64', os.version: '3.10.0-1127.el7.x86_64', java.version: '1.8.0_262'
Driver info: org.openqa.selenium.chrome.ChromeDriver
Capabilities {acceptInsecureCerts: false, browserName: chrome, browserVersion: 85.0.4183.102, chrome: {chromedriverVersion: 85.0.4183.87 (cd6713ebf92fa..., userDataDir: /tmp/.com.google.Chrome.HNXlE8}, goog:chromeOptions: {debuggerAddress: localhost:38668}, javascriptEnabled: true, networkConnectionEnabled: false, pageLoadStrategy: normal, platform: LINUX, platformName: LINUX, proxy: Proxy(), setWindowRect: true, strictFileInteractability: false, timeouts: {implicit: 0, pageLoad: 300000, script: 30000}, unhandledPromptBehavior: dismiss and notify, webauthn:virtualAuthenticators: true}
Session ID: 05fbb0ee5d1ef06c10094a3bb2aa99cc
at org.openqa.selenium.support.ui.WebDriverWait.timeoutException(WebDriverWait.java:113)
at org.openqa.selenium.support.ui.FluentWait.until(FluentWait.java:283)
at lex.framework.core.BasePage.waitForURLToContain(BasePage.java:71)
at lex.tests.homepage.CRHomepageTests.canSubmitForm(CRHomepageTests.java:117)
at sun.reflect.NativeMethodAccessorImpl.invoke0(Native Method)
at sun.reflect.NativeMethodAccessorImpl.invoke(NativeMethodAccessorImpl.java:62)
at sun.reflect.DelegatingMethodAccessorImpl.invoke(DelegatingMethodAccessorImpl.java:43)
at java.lang.reflect.Method.invoke(Method.java:498)
at org.testng.internal.MethodInvocationHelper.invokeMethod(MethodInvocationHelper.java:124)
at org.testng.internal.Invoker.invokeMethod(Invoker.java:583)
at org.testng.internal.Invoker.retryFailed(Invoker.java:839)
at org.testng.internal.Invoker.invokeTestMethods(Invoker.java:1010)
at org.testng.internal.TestMethodWorker.invokeTestMethods(TestMethodWorker.java:125)
at org.testng.internal.TestMethodWorker.run(TestMethodWorker.java:109)
at org.testng.TestRunner.privateRun(TestRunner.java:648)
at org.testng.TestRunner.run(TestRunner.java:505)
at org.testng.SuiteRunner.runTest(SuiteRunner.java:455)
at org.testng.SuiteRunner.runSequentially(SuiteRunner.java:450)
at org.testng.SuiteRunner.privateRun(SuiteRunner.java:415)
at org.testng.SuiteRunner.run(SuiteRunner.java:364)
at org.testng.SuiteRunnerWorker.runSuite(SuiteRunnerWorker.java:52)
at org.testng.SuiteRunnerWorker.run(SuiteRunnerWorker.java:84)
at org.testng.TestNG.runSuitesSequentially(TestNG.java:1208)
at org.testng.TestNG.runSuitesLocally(TestNG.java:1137)
at org.testng.TestNG.runSuites(TestNG.java:1049)
at org.testng.TestNG.run(TestNG.java:1017)
at org.apache.maven.surefire.testng.TestNGExecutor.run(TestNGExecutor.java:284)
at org.apache.maven.surefire.testng.TestNGXmlTestSuite.execute(TestNGXmlTestSuite.java:75)
at org.apache.maven.surefire.testng.TestNGProvider.invoke(TestNGProvider.java:119)
at org.apache.maven.surefire.booter.ForkedBooter.runSuitesInProcess(ForkedBooter.java:428)
at org.apache.maven.surefire.booter.ForkedBooter.execute(ForkedBooter.java:162)
at org.apache.maven.surefire.booter.ForkedBooter.run(ForkedBooter.java:562)
at org.apache.maven.surefire.booter.ForkedBooter.main(ForkedBooter.java:548)
]]>
    </error>
  </testcase> <!-- canSubmitForm -->
  <testcase name="canSubmitForm" time="7.095" classname="lex.tests.homepage.CRHomepageTests">
    <skipped/>
  </testcase> <!-- canSubmitForm -->
  <testcase name="canClickSignupHero" time="2.241" classname="lex.tests.homepage.CRHomepageTests"/>
  <testcase name="canClickLoginButton" time="2.941" classname="lex.tests.homepage.CRHomepageTests"/>
  <testcase name="canClickGetStartedHero" time="3.770" classname="lex.tests.homepage.CRHomepageTests"/>
  <testcase name="canClickSignupInTopNav" time="1.708" classname="lex.tests.homepage.CRHomepageTests"/>
  <testcase name="canSeeGoDaddySeal" time="6.093" classname="lex.tests.homepage.CRHomepageTests">
    <failure type="java.lang.AssertionError" message="expected [true] but found [false]">
      <![CDATA[java.lang.AssertionError: expected [true] but found [false]
at org.testng.Assert.fail(Assert.java:96)
at org.testng.Assert.failNotEquals(Assert.java:776)
at org.testng.Assert.assertTrue(Assert.java:44)
at org.testng.Assert.assertTrue(Assert.java:54)
at lex.tests.homepage.CRHomepageTests.canSeeGoDaddySeal(CRHomepageTests.java:228)
at sun.reflect.NativeMethodAccessorImpl.invoke0(Native Method)
at sun.reflect.NativeMethodAccessorImpl.invoke(NativeMethodAccessorImpl.java:62)
at sun.reflect.DelegatingMethodAccessorImpl.invoke(DelegatingMethodAccessorImpl.java:43)
at java.lang.reflect.Method.invoke(Method.java:498)
at org.testng.internal.MethodInvocationHelper.invokeMethod(MethodInvocationHelper.java:124)
at org.testng.internal.Invoker.invokeMethod(Invoker.java:583)
at org.testng.internal.Invoker.retryFailed(Invoker.java:839)
at org.testng.internal.Invoker.invokeTestMethods(Invoker.java:1010)
at org.testng.internal.TestMethodWorker.invokeTestMethods(TestMethodWorker.java:125)
at org.testng.internal.TestMethodWorker.run(TestMethodWorker.java:109)
at org.testng.TestRunner.privateRun(TestRunner.java:648)
at org.testng.TestRunner.run(TestRunner.java:505)
at org.testng.SuiteRunner.runTest(SuiteRunner.java:455)
at org.testng.SuiteRunner.runSequentially(SuiteRunner.java:450)
at org.testng.SuiteRunner.privateRun(SuiteRunner.java:415)
at org.testng.SuiteRunner.run(SuiteRunner.java:364)
at org.testng.SuiteRunnerWorker.runSuite(SuiteRunnerWorker.java:52)
at org.testng.SuiteRunnerWorker.run(SuiteRunnerWorker.java:84)
at org.testng.TestNG.runSuitesSequentially(TestNG.java:1208)
at org.testng.TestNG.runSuitesLocally(TestNG.java:1137)
at org.testng.TestNG.runSuites(TestNG.java:1049)
at org.testng.TestNG.run(TestNG.java:1017)
at org.apache.maven.surefire.testng.TestNGExecutor.run(TestNGExecutor.java:284)
at org.apache.maven.surefire.testng.TestNGXmlTestSuite.execute(TestNGXmlTestSuite.java:75)
at org.apache.maven.surefire.testng.TestNGProvider.invoke(TestNGProvider.java:119)
at org.apache.maven.surefire.booter.ForkedBooter.runSuitesInProcess(ForkedBooter.java:428)
at org.apache.maven.surefire.booter.ForkedBooter.execute(ForkedBooter.java:162)
at org.apache.maven.surefire.booter.ForkedBooter.run(ForkedBooter.java:562)
at org.apache.maven.surefire.booter.ForkedBooter.main(ForkedBooter.java:548)
]]>
    </failure>
  </testcase> <!-- canSeeGoDaddySeal -->
  <testcase name="canClickGetStartedInModal" time="1.722" classname="lex.tests.homepage.CRHomepageTests"/>
  <testcase name="canSubmitForm" time="7.185" classname="lex.tests.homepage.CRHomepageTests">
    <skipped/>
  </testcase> <!-- canSubmitForm -->
  <testcase name="canSeeGoDaddySeal" time="6.073" classname="lex.tests.homepage.CRHomepageTests">
    <skipped/>
  </testcase> <!-- canSeeGoDaddySeal -->
  <testcase name="canClickSignupInHardWorkSection" time="1.727" classname="lex.tests.homepage.CRHomepageTests"/>
  <testcase name="canClickGetStartedInHardWorkSection" time="1.773" classname="lex.tests.homepage.CRHomepageTests"/>
  <testcase name="canSubmitForm" time="7.015" classname="lex.tests.homepage.CRHomepageTests">
    <skipped/>
  </testcase> <!-- canSubmitForm -->
  <testcase name="canClickSignupInCostSection" time="1.667" classname="lex.tests.homepage.CRHomepageTests"/>
  <testcase name="canClickSignupInHowCreditRepairWorksSection" time="1.672" classname="lex.tests.homepage.CRHomepageTests"/>
  <testcase name="canSeeGoDaddySeal" time="6.073" classname="lex.tests.homepage.CRHomepageTests">
    <skipped/>
  </testcase> <!-- canSeeGoDaddySeal -->
  <testcase name="canSubmitForm" time="7.452" classname="lex.tests.homepage.CRHomepageTests">
    <skipped/>
  </testcase> <!-- canSubmitForm -->
  <testcase name="canClickGetStartedInHowCreditRepairWorksSection" time="1.710" classname="lex.tests.homepage.CRHomepageTests"/>
</testsuite> <!-- lex.tests.homepage.CRHomepageTests -->
