<?xml version="1.0" encoding="UTF-8"?>
<!-- Generated by org.testng.reporters.JUnitReportReporter -->
<testsuite hostname="PGX51543.local" failures="0" tests="7" name="lex.tests.creditrepair.CreditRepairOnlineTests" time="12.722" errors="0" timestamp="29 Jul 2020 21:21:10 GMT" skipped="0">
  <testcase classname="lex.tests.creditrepair.CreditRepairOnlineTests" name="canNavigateToSignup5" time="1.012"/>
  <testcase classname="lex.tests.creditrepair.CreditRepairOnlineTests" name="canNavigateToCreditSnapshot2" time="1.074"/>
  <testcase classname="lex.tests.creditrepair.CreditRepairOnlineTests" name="canNavigateToSignup4" time="2.162"/>
  <testcase classname="lex.tests.creditrepair.CreditRepairOnlineTests" name="canNavigateToCreditSnapshot1" time="2.620"/>
  <testcase classname="lex.tests.creditrepair.CreditRepairOnlineTests" name="canNavigateToSignup3" time="2.617"/>
  <testcase classname="lex.tests.creditrepair.CreditRepairOnlineTests" name="canNavigateToSignup1" time="1.627"/>
  <testcase classname="lex.tests.creditrepair.CreditRepairOnlineTests" name="canNavigateToSignup2" time="1.610"/>
</testsuite> <!-- lex.tests.creditrepair.CreditRepairOnlineTests -->
