<?xml version="1.0" encoding="UTF-8"?>
<!-- Generated by org.testng.reporters.JUnitReportReporter -->
<testsuite hostname="PGX51543.local" failures="0" tests="11" name="lex.tests.signup.LexSignupTests" time="68.441" errors="0" timestamp="12 Aug 2020 22:58:49 GMT" skipped="0">
  <testcase classname="lex.tests.signup.LexSignupTests" name="canNotContinueWithNoEmail" time="6.511"/>
  <testcase classname="lex.tests.signup.LexSignupTests" name="canNotContinueWithInvalidEmail" time="6.994"/>
  <testcase classname="lex.tests.signup.LexSignupTests" name="canNotContinueWithInvalidPhone" time="6.626"/>
  <testcase classname="lex.tests.signup.LexSignupTests" name="canNotContinueWithNoLastName" time="6.928"/>
  <testcase classname="lex.tests.signup.LexSignupTests" name="constructorLoadsSignupPage" time="1.122"/>
  <testcase classname="lex.tests.signup.LexSignupTests" name="canNotContinueWithInvalidZip2" time="6.621"/>
  <testcase classname="lex.tests.signup.LexSignupTests" name="canNotContinueWithNoFirstName" time="6.662"/>
  <testcase classname="lex.tests.signup.LexSignupTests" name="canNotContinueWithNoZip" time="6.754"/>
  <testcase classname="lex.tests.signup.LexSignupTests" name="canNotContinueWithInvalidZip" time="6.733"/>
  <testcase classname="lex.tests.signup.LexSignupTests" name="canNotContinueWithNoPhone" time="6.681"/>
  <testcase classname="lex.tests.signup.LexSignupTests" name="canNotContinueWithNoAddress" time="6.809"/>
</testsuite> <!-- lex.tests.signup.LexSignupTests -->
