<?xml version="1.0" encoding="UTF-8"?>
<!-- Generated by org.testng.reporters.JUnitReportReporter -->
<testsuite skipped="1" hostname="pgx180189mac.local" name="lex.tests.homepage.LexHomepageTests" tests="16" failures="0" timestamp="18 Sep 2020 23:32:28 GMT" time="32.811" errors="0">
  <testcase name="canClickSignupCreditCostLink" time="3.321" classname="lex.tests.homepage.LexHomepageTests"/>
  <testcase name="canNavigateToCreditHelp" time="3.086" classname="lex.tests.homepage.LexHomepageTests"/>
  <testcase name="canClickGetStartedLinkInHeroSection" time="1.780" classname="lex.tests.homepage.LexHomepageTests"/>
  <testcase name="canNavigateToSignUp" time="1.965" classname="lex.tests.homepage.LexHomepageTests"/>
  <testcase name="canClickGetStartedButtonInHeroSection" time="1.224" classname="lex.tests.homepage.LexHomepageTests"/>
  <testcase name="canClickSeeMyCreditButton" time="1.527" classname="lex.tests.homepage.LexHomepageTests"/>
  <testcase name="canClickSignupLinkInImageRevealSection" time="0.812" classname="lex.tests.homepage.LexHomepageTests">
    <skipped/>
  </testcase> <!-- canClickSignupLinkInImageRevealSection -->
  <testcase name="canClickGetStartedButtonInImageRevealSection" time="2.118" classname="lex.tests.homepage.LexHomepageTests"/>
  <testcase name="canClickSignupLinkInImageRevealSection" time="1.986" classname="lex.tests.homepage.LexHomepageTests"/>
  <testcase name="canSeeGoDaddySeal" time="1.454" classname="lex.tests.homepage.LexHomepageTests"/>
  <testcase name="canNavigateToOurFirm" time="1.936" classname="lex.tests.homepage.LexHomepageTests"/>
  <testcase name="canClickSignupLinkInClientReviewsSection" time="3.077" classname="lex.tests.homepage.LexHomepageTests"/>
  <testcase name="canNavigateToCreditRepair" time="1.572" classname="lex.tests.homepage.LexHomepageTests"/>
  <testcase name="isAtHomepage" time="0.475" classname="lex.tests.homepage.LexHomepageTests"/>
  <testcase name="canClickSignupLinkInHeroSection" time="1.881" classname="lex.tests.homepage.LexHomepageTests"/>
  <testcase name="canClickGetStartedButtonInClientReviewsSection" time="4.597" classname="lex.tests.homepage.LexHomepageTests"/>
</testsuite> <!-- lex.tests.homepage.LexHomepageTests -->
