<?xml version="1.0" encoding="UTF-8"?>
<!-- Generated by org.testng.reporters.JUnitReportReporter -->
<testsuite hostname="PGX51543.local" failures="0" tests="7" name="lex.tests.creditrepair.CreditRepairOnlineTests" time="14.745" errors="0" timestamp="29 Jul 2020 22:36:12 GMT" skipped="0">
  <testcase classname="lex.tests.creditrepair.CreditRepairOnlineTests" name="canNavigateToSignup1" time="1.051"/>
  <testcase classname="lex.tests.creditrepair.CreditRepairOnlineTests" name="canNavigateToSignup3" time="2.562"/>
  <testcase classname="lex.tests.creditrepair.CreditRepairOnlineTests" name="canNavigateToCreditSnapshot2" time="1.114"/>
  <testcase classname="lex.tests.creditrepair.CreditRepairOnlineTests" name="canNavigateToSignup5" time="3.720"/>
  <testcase classname="lex.tests.creditrepair.CreditRepairOnlineTests" name="canNavigateToCreditSnapshot1" time="2.886"/>
  <testcase classname="lex.tests.creditrepair.CreditRepairOnlineTests" name="canNavigateToSignup4" time="2.184"/>
  <testcase classname="lex.tests.creditrepair.CreditRepairOnlineTests" name="canNavigateToSignup2" time="1.228"/>
</testsuite> <!-- lex.tests.creditrepair.CreditRepairOnlineTests -->
