<?xml version="1.0" encoding="UTF-8"?>
<!-- Generated by org.testng.reporters.JUnitReportReporter -->
<testsuite hostname="PGX51543.local" failures="0" tests="5" name="lex.tests.homepage.LexHomepageTests" time="14.174" errors="0" timestamp="12 Aug 2020 22:58:49 GMT" skipped="0">
  <testcase classname="lex.tests.homepage.LexHomepageTests" name="canNavigateToSignUp" time="3.341"/>
  <testcase classname="lex.tests.homepage.LexHomepageTests" name="canNavigateToCreditHelp" time="3.976"/>
  <testcase classname="lex.tests.homepage.LexHomepageTests" name="canNavigateToOurFirm" time="3.185"/>
  <testcase classname="lex.tests.homepage.LexHomepageTests" name="canNavigateToCreditRepair" time="3.049"/>
  <testcase classname="lex.tests.homepage.LexHomepageTests" name="isAtHomepage" time="0.623"/>
</testsuite> <!-- lex.tests.homepage.LexHomepageTests -->
