<?xml version="1.0" encoding="UTF-8"?>
<!-- Generated by org.testng.reporters.JUnitReportReporter -->
<testsuite skipped="8" hostname="martech-d01.vwsl.pgx.local" name="lex.tests.snapshot.LexSnapshotTests" tests="24" failures="1" timestamp="16 Sep 2020 18:36:50 GMT" time="92.555" errors="1">
  <testcase name="canSeeGoDaddySeal" time="6.010" classname="lex.tests.snapshot.LexSnapshotTests">
    <skipped/>
  </testcase> <!-- canSeeGoDaddySeal -->
  <testcase name="canClickSignupInHeroImage" time="1.907" classname="lex.tests.snapshot.LexSnapshotTests"/>
  <testcase name="canClickSignupInHowItWorks" time="1.957" classname="lex.tests.snapshot.LexSnapshotTests"/>
  <testcase name="canSeeGoDaddySeal" time="6.035" classname="lex.tests.snapshot.LexSnapshotTests">
    <skipped/>
  </testcase> <!-- canSeeGoDaddySeal -->
  <testcase name="canClickSignupInModal" time="1.901" classname="lex.tests.snapshot.LexSnapshotTests"/>
  <testcase name="canClickSignupCTA" time="1.969" classname="lex.tests.snapshot.LexSnapshotTests"/>
  <testcase name="canClickSignupInKnowYourCreditScore" time="1.875" classname="lex.tests.snapshot.LexSnapshotTests"/>
  <testcase name="canClickSignupInFAQ" time="1.932" classname="lex.tests.snapshot.LexSnapshotTests"/>
  <testcase name="canSubmitForm" time="6.827" classname="lex.tests.snapshot.LexSnapshotTests">
    <error type="org.openqa.selenium.TimeoutException" message="Expected condition failed: waiting for url to contain &quot;https://www.lexingtonlaw.com/credit-snapshot/rp&quot;. Current url: &quot;https://www.lexingtonlaw.com/l/credit-snapshot&quot; (tried for 5 second(s) with 100 milliseconds interval)
Build info: version: &#039;3.14.0&#039;, revision: &#039;aacccce0&#039;, time: &#039;2018-08-02T20:19:58.91Z&#039;
System info: host: &#039;martech-d01.vwsl.pgx.local&#039;, ip: &#039;10.40.30.83&#039;, os.name: &#039;Linux&#039;, os.arch: &#039;amd64&#039;, os.version: &#039;3.10.0-1127.el7.x86_64&#039;, java.version: &#039;1.8.0_262&#039;
Driver info: org.openqa.selenium.chrome.ChromeDriver
Capabilities {acceptInsecureCerts: false, browserName: chrome, browserVersion: 85.0.4183.102, chrome: {chromedriverVersion: 85.0.4183.87 (cd6713ebf92fa..., userDataDir: /tmp/.com.google.Chrome.86ERb0}, goog:chromeOptions: {debuggerAddress: localhost:38456}, javascriptEnabled: true, networkConnectionEnabled: false, pageLoadStrategy: normal, platform: LINUX, platformName: LINUX, proxy: Proxy(), setWindowRect: true, strictFileInteractability: false, timeouts: {implicit: 0, pageLoad: 300000, script: 30000}, unhandledPromptBehavior: dismiss and notify, webauthn:virtualAuthenticators: true}
Session ID: 721ff7d1cc48fb7feee05629981291a1">
      <![CDATA[org.openqa.selenium.TimeoutException: Expected condition failed: waiting for url to contain "https://www.lexingtonlaw.com/credit-snapshot/rp". Current url: "https://www.lexingtonlaw.com/l/credit-snapshot" (tried for 5 second(s) with 100 milliseconds interval)
Build info: version: '3.14.0', revision: 'aacccce0', time: '2018-08-02T20:19:58.91Z'
System info: host: 'martech-d01.vwsl.pgx.local', ip: '10.40.30.83', os.name: 'Linux', os.arch: 'amd64', os.version: '3.10.0-1127.el7.x86_64', java.version: '1.8.0_262'
Driver info: org.openqa.selenium.chrome.ChromeDriver
Capabilities {acceptInsecureCerts: false, browserName: chrome, browserVersion: 85.0.4183.102, chrome: {chromedriverVersion: 85.0.4183.87 (cd6713ebf92fa..., userDataDir: /tmp/.com.google.Chrome.86ERb0}, goog:chromeOptions: {debuggerAddress: localhost:38456}, javascriptEnabled: true, networkConnectionEnabled: false, pageLoadStrategy: normal, platform: LINUX, platformName: LINUX, proxy: Proxy(), setWindowRect: true, strictFileInteractability: false, timeouts: {implicit: 0, pageLoad: 300000, script: 30000}, unhandledPromptBehavior: dismiss and notify, webauthn:virtualAuthenticators: true}
Session ID: 721ff7d1cc48fb7feee05629981291a1
at org.openqa.selenium.support.ui.WebDriverWait.timeoutException(WebDriverWait.java:113)
at org.openqa.selenium.support.ui.FluentWait.until(FluentWait.java:283)
at lex.framework.core.BasePage.waitForURLToContain(BasePage.java:71)
at lex.tests.snapshot.LexSnapshotTests.canSubmitForm(LexSnapshotTests.java:245)
at sun.reflect.NativeMethodAccessorImpl.invoke0(Native Method)
at sun.reflect.NativeMethodAccessorImpl.invoke(NativeMethodAccessorImpl.java:62)
at sun.reflect.DelegatingMethodAccessorImpl.invoke(DelegatingMethodAccessorImpl.java:43)
at java.lang.reflect.Method.invoke(Method.java:498)
at org.testng.internal.MethodInvocationHelper.invokeMethod(MethodInvocationHelper.java:124)
at org.testng.internal.Invoker.invokeMethod(Invoker.java:583)
at org.testng.internal.Invoker.retryFailed(Invoker.java:839)
at org.testng.internal.Invoker.invokeTestMethods(Invoker.java:1010)
at org.testng.internal.TestMethodWorker.invokeTestMethods(TestMethodWorker.java:125)
at org.testng.internal.TestMethodWorker.run(TestMethodWorker.java:109)
at org.testng.TestRunner.privateRun(TestRunner.java:648)
at org.testng.TestRunner.run(TestRunner.java:505)
at org.testng.SuiteRunner.runTest(SuiteRunner.java:455)
at org.testng.SuiteRunner.runSequentially(SuiteRunner.java:450)
at org.testng.SuiteRunner.privateRun(SuiteRunner.java:415)
at org.testng.SuiteRunner.run(SuiteRunner.java:364)
at org.testng.SuiteRunnerWorker.runSuite(SuiteRunnerWorker.java:52)
at org.testng.SuiteRunnerWorker.run(SuiteRunnerWorker.java:84)
at org.testng.TestNG.runSuitesSequentially(TestNG.java:1208)
at org.testng.TestNG.runSuitesLocally(TestNG.java:1137)
at org.testng.TestNG.runSuites(TestNG.java:1049)
at org.testng.TestNG.run(TestNG.java:1017)
at org.apache.maven.surefire.testng.TestNGExecutor.run(TestNGExecutor.java:284)
at org.apache.maven.surefire.testng.TestNGXmlTestSuite.execute(TestNGXmlTestSuite.java:75)
at org.apache.maven.surefire.testng.TestNGProvider.invoke(TestNGProvider.java:119)
at org.apache.maven.surefire.booter.ForkedBooter.runSuitesInProcess(ForkedBooter.java:428)
at org.apache.maven.surefire.booter.ForkedBooter.execute(ForkedBooter.java:162)
at org.apache.maven.surefire.booter.ForkedBooter.run(ForkedBooter.java:562)
at org.apache.maven.surefire.booter.ForkedBooter.main(ForkedBooter.java:548)
]]>
    </error>
  </testcase> <!-- canSubmitForm -->
  <testcase name="canClickStartNowInHeader" time="1.830" classname="lex.tests.snapshot.LexSnapshotTests"/>
  <testcase name="canSeeGoDaddySeal" time="5.995" classname="lex.tests.snapshot.LexSnapshotTests">
    <skipped/>
  </testcase> <!-- canSeeGoDaddySeal -->
  <testcase name="canClickCheckYourCreditNowInModal" time="1.834" classname="lex.tests.snapshot.LexSnapshotTests"/>
  <testcase name="canSubmitForm" time="6.837" classname="lex.tests.snapshot.LexSnapshotTests">
    <skipped/>
  </testcase> <!-- canSubmitForm -->
  <testcase name="canSubmitForm" time="6.841" classname="lex.tests.snapshot.LexSnapshotTests">
    <skipped/>
  </testcase> <!-- canSubmitForm -->
  <testcase name="canClickSeeYourCreditNowInFAQ" time="2.097" classname="lex.tests.snapshot.LexSnapshotTests"/>
  <testcase name="canClickCheckYourCreditNowCTA" time="3.056" classname="lex.tests.snapshot.LexSnapshotTests"/>
  <testcase name="canClickLoginButton" time="1.939" classname="lex.tests.snapshot.LexSnapshotTests"/>
  <testcase name="canSubmitForm" time="7.015" classname="lex.tests.snapshot.LexSnapshotTests">
    <skipped/>
  </testcase> <!-- canSubmitForm -->
  <testcase name="canClickGetStartedInKnowYourCreditScore" time="2.011" classname="lex.tests.snapshot.LexSnapshotTests"/>
  <testcase name="canSeeGoDaddySeal" time="6.087" classname="lex.tests.snapshot.LexSnapshotTests">
    <failure type="java.lang.AssertionError" message="expected [true] but found [false]">
      <![CDATA[java.lang.AssertionError: expected [true] but found [false]
at org.testng.Assert.fail(Assert.java:96)
at org.testng.Assert.failNotEquals(Assert.java:776)
at org.testng.Assert.assertTrue(Assert.java:44)
at org.testng.Assert.assertTrue(Assert.java:54)
at lex.tests.snapshot.LexSnapshotTests.canSeeGoDaddySeal(LexSnapshotTests.java:260)
at sun.reflect.NativeMethodAccessorImpl.invoke0(Native Method)
at sun.reflect.NativeMethodAccessorImpl.invoke(NativeMethodAccessorImpl.java:62)
at sun.reflect.DelegatingMethodAccessorImpl.invoke(DelegatingMethodAccessorImpl.java:43)
at java.lang.reflect.Method.invoke(Method.java:498)
at org.testng.internal.MethodInvocationHelper.invokeMethod(MethodInvocationHelper.java:124)
at org.testng.internal.Invoker.invokeMethod(Invoker.java:583)
at org.testng.internal.Invoker.retryFailed(Invoker.java:839)
at org.testng.internal.Invoker.invokeTestMethods(Invoker.java:1010)
at org.testng.internal.TestMethodWorker.invokeTestMethods(TestMethodWorker.java:125)
at org.testng.internal.TestMethodWorker.run(TestMethodWorker.java:109)
at org.testng.TestRunner.privateRun(TestRunner.java:648)
at org.testng.TestRunner.run(TestRunner.java:505)
at org.testng.SuiteRunner.runTest(SuiteRunner.java:455)
at org.testng.SuiteRunner.runSequentially(SuiteRunner.java:450)
at org.testng.SuiteRunner.privateRun(SuiteRunner.java:415)
at org.testng.SuiteRunner.run(SuiteRunner.java:364)
at org.testng.SuiteRunnerWorker.runSuite(SuiteRunnerWorker.java:52)
at org.testng.SuiteRunnerWorker.run(SuiteRunnerWorker.java:84)
at org.testng.TestNG.runSuitesSequentially(TestNG.java:1208)
at org.testng.TestNG.runSuitesLocally(TestNG.java:1137)
at org.testng.TestNG.runSuites(TestNG.java:1049)
at org.testng.TestNG.run(TestNG.java:1017)
at org.apache.maven.surefire.testng.TestNGExecutor.run(TestNGExecutor.java:284)
at org.apache.maven.surefire.testng.TestNGXmlTestSuite.execute(TestNGXmlTestSuite.java:75)
at org.apache.maven.surefire.testng.TestNGProvider.invoke(TestNGProvider.java:119)
at org.apache.maven.surefire.booter.ForkedBooter.runSuitesInProcess(ForkedBooter.java:428)
at org.apache.maven.surefire.booter.ForkedBooter.execute(ForkedBooter.java:162)
at org.apache.maven.surefire.booter.ForkedBooter.run(ForkedBooter.java:562)
at org.apache.maven.surefire.booter.ForkedBooter.main(ForkedBooter.java:548)
]]>
    </failure>
  </testcase> <!-- canSeeGoDaddySeal -->
  <testcase name="canSubmitForm" time="6.915" classname="lex.tests.snapshot.LexSnapshotTests">
    <skipped/>
  </testcase> <!-- canSubmitForm -->
  <testcase name="canClickGetStartedNowInHowItWorks" time="1.870" classname="lex.tests.snapshot.LexSnapshotTests"/>
  <testcase name="canSeeGoDaddySeal" time="6.014" classname="lex.tests.snapshot.LexSnapshotTests">
    <skipped/>
  </testcase> <!-- canSeeGoDaddySeal -->
  <testcase name="canClickStartNowInHeroImage" time="1.801" classname="lex.tests.snapshot.LexSnapshotTests"/>
</testsuite> <!-- lex.tests.snapshot.LexSnapshotTests -->
