<?xml version="1.0" encoding="UTF-8"?>
<!-- Generated by org.testng.reporters.JUnitReportReporter -->
<testsuite skipped="3" hostname="pgx180189mac.local" name="lex.tests.snapshot.CRSnapshotTests" tests="16" failures="1" timestamp="01 Sep 2020 22:26:47 GMT" time="83.262" errors="0">
  <testcase name="canSubmitForm" time="7.766" classname="lex.tests.snapshot.CRSnapshotTests">
    <failure type="java.lang.AssertionError" message="expected [true] but found [false]">
      <![CDATA[java.lang.AssertionError: expected [true] but found [false]
at org.testng.Assert.fail(Assert.java:96)
at org.testng.Assert.failNotEquals(Assert.java:776)
at org.testng.Assert.assertTrue(Assert.java:44)
at org.testng.Assert.assertTrue(Assert.java:54)
at lex.tests.snapshot.CRSnapshotTests.canSubmitForm(CRSnapshotTests.java:216)
at sun.reflect.NativeMethodAccessorImpl.invoke0(Native Method)
at sun.reflect.NativeMethodAccessorImpl.invoke(NativeMethodAccessorImpl.java:62)
at sun.reflect.DelegatingMethodAccessorImpl.invoke(DelegatingMethodAccessorImpl.java:43)
at java.lang.reflect.Method.invoke(Method.java:498)
at org.testng.internal.MethodInvocationHelper.invokeMethod(MethodInvocationHelper.java:124)
at org.testng.internal.Invoker.invokeMethod(Invoker.java:583)
at org.testng.internal.Invoker.retryFailed(Invoker.java:839)
at org.testng.internal.Invoker.invokeTestMethods(Invoker.java:1010)
at org.testng.internal.TestMethodWorker.invokeTestMethods(TestMethodWorker.java:125)
at org.testng.internal.TestMethodWorker.run(TestMethodWorker.java:109)
at org.testng.TestRunner.privateRun(TestRunner.java:648)
at org.testng.TestRunner.run(TestRunner.java:505)
at org.testng.SuiteRunner.runTest(SuiteRunner.java:455)
at org.testng.SuiteRunner.runSequentially(SuiteRunner.java:450)
at org.testng.SuiteRunner.privateRun(SuiteRunner.java:415)
at org.testng.SuiteRunner.run(SuiteRunner.java:364)
at org.testng.SuiteRunnerWorker.runSuite(SuiteRunnerWorker.java:52)
at org.testng.SuiteRunnerWorker.run(SuiteRunnerWorker.java:84)
at org.testng.TestNG.runSuitesSequentially(TestNG.java:1208)
at org.testng.TestNG.runSuitesLocally(TestNG.java:1137)
at org.testng.TestNG.runSuites(TestNG.java:1049)
at org.testng.TestNG.run(TestNG.java:1017)
at org.apache.maven.surefire.testng.TestNGExecutor.run(TestNGExecutor.java:284)
at org.apache.maven.surefire.testng.TestNGXmlTestSuite.execute(TestNGXmlTestSuite.java:75)
at org.apache.maven.surefire.testng.TestNGProvider.invoke(TestNGProvider.java:119)
at org.apache.maven.surefire.booter.ForkedBooter.runSuitesInProcess(ForkedBooter.java:428)
at org.apache.maven.surefire.booter.ForkedBooter.execute(ForkedBooter.java:162)
at org.apache.maven.surefire.booter.ForkedBooter.run(ForkedBooter.java:562)
at org.apache.maven.surefire.booter.ForkedBooter.main(ForkedBooter.java:548)
]]>
    </failure>
  </testcase> <!-- canSubmitForm -->
  <testcase name="canClickGetStartedCTA" time="4.280" classname="lex.tests.snapshot.CRSnapshotTests"/>
  <testcase name="canClickGetStartedInKnowYourCreditScore" time="4.198" classname="lex.tests.snapshot.CRSnapshotTests"/>
  <testcase name="canClickSignupInHeroImage" time="3.994" classname="lex.tests.snapshot.CRSnapshotTests"/>
  <testcase name="canClickSignupInClientReviews" time="3.972" classname="lex.tests.snapshot.CRSnapshotTests"/>
  <testcase name="canSubmitForm" time="7.885" classname="lex.tests.snapshot.CRSnapshotTests">
    <skipped/>
  </testcase> <!-- canSubmitForm -->
  <testcase name="canSubmitForm" time="7.492" classname="lex.tests.snapshot.CRSnapshotTests">
    <skipped/>
  </testcase> <!-- canSubmitForm -->
  <testcase name="canClickSignupInKnowYourCreditScore" time="3.954" classname="lex.tests.snapshot.CRSnapshotTests"/>
  <testcase name="canClickLoginButton" time="6.004" classname="lex.tests.snapshot.CRSnapshotTests"/>
  <testcase name="canClickGetStartedNowInClientReviews" time="4.299" classname="lex.tests.snapshot.CRSnapshotTests"/>
  <testcase name="canClickGetStartedInModal" time="4.219" classname="lex.tests.snapshot.CRSnapshotTests"/>
  <testcase name="canClickSignupCTA" time="4.206" classname="lex.tests.snapshot.CRSnapshotTests"/>
  <testcase name="canSubmitForm" time="7.142" classname="lex.tests.snapshot.CRSnapshotTests">
    <skipped/>
  </testcase> <!-- canSubmitForm -->
  <testcase name="canClickStartNowInHeader" time="4.203" classname="lex.tests.snapshot.CRSnapshotTests"/>
  <testcase name="canClickCheckYourCreditNowInHeroImage" time="5.729" classname="lex.tests.snapshot.CRSnapshotTests"/>
  <testcase name="canClickSignupInModal" time="3.919" classname="lex.tests.snapshot.CRSnapshotTests"/>
</testsuite> <!-- lex.tests.snapshot.CRSnapshotTests -->
