<?xml version="1.0" encoding="UTF-8"?>
<!-- Generated by org.testng.reporters.JUnitReportReporter -->
<testsuite skipped="0" hostname="pgx180189mac.local" name="lex.tests.creditrepair.CreditRepairBRTests" tests="11" failures="0" timestamp="28 Aug 2020 17:41:46 GMT" time="24.308" errors="0">
  <testcase name="canNavigateToCreditSnapshot6" time="1.992" classname="lex.tests.creditrepair.CreditRepairBRTests"/>
  <testcase name="canNavigateToCreditSnapshot3" time="2.179" classname="lex.tests.creditrepair.CreditRepairBRTests"/>
  <testcase name="canNavigateToSignup5" time="2.123" classname="lex.tests.creditrepair.CreditRepairBRTests"/>
  <testcase name="canNavigateToSignup3" time="2.167" classname="lex.tests.creditrepair.CreditRepairBRTests"/>
  <testcase name="canNavigateToSignup1" time="2.362" classname="lex.tests.creditrepair.CreditRepairBRTests"/>
  <testcase name="canNavigateToCreditSnapshot1" time="2.903" classname="lex.tests.creditrepair.CreditRepairBRTests"/>
  <testcase name="canNavigateToSignup2" time="2.217" classname="lex.tests.creditrepair.CreditRepairBRTests"/>
  <testcase name="canNavigateToCreditSnapshot5" time="2.020" classname="lex.tests.creditrepair.CreditRepairBRTests"/>
  <testcase name="canNavigateToCreditSnapshot2" time="2.109" classname="lex.tests.creditrepair.CreditRepairBRTests"/>
  <testcase name="canNavigateToCreditSnapshot4" time="2.023" classname="lex.tests.creditrepair.CreditRepairBRTests"/>
  <testcase name="canNavigateToSignup4" time="2.213" classname="lex.tests.creditrepair.CreditRepairBRTests"/>
</testsuite> <!-- lex.tests.creditrepair.CreditRepairBRTests -->
