<?xml version="1.0" encoding="UTF-8"?>
<!-- Generated by org.testng.reporters.JUnitReportReporter -->
<testsuite skipped="1" hostname="pgx180189mac.local" name="lex.tests.homepage.LexHomepageTests" tests="15" failures="0" timestamp="01 Sep 2020 22:26:47 GMT" time="41.625" errors="0">
  <testcase name="canNavigateToSignUp" time="4.446" classname="lex.tests.homepage.LexHomepageTests"/>
  <testcase name="canClickSignupLinkInClientReviewsSection" time="2.173" classname="lex.tests.homepage.LexHomepageTests"/>
  <testcase name="canClickSignupLinkInImageRevealSection" time="2.271" classname="lex.tests.homepage.LexHomepageTests"/>
  <testcase name="canNavigateToOurFirm" time="4.516" classname="lex.tests.homepage.LexHomepageTests"/>
  <testcase name="canNavigateToCreditHelp" time="4.415" classname="lex.tests.homepage.LexHomepageTests"/>
  <testcase name="canNavigateToCreditRepair" time="4.595" classname="lex.tests.homepage.LexHomepageTests"/>
  <testcase name="isAtHomepage" time="1.329" classname="lex.tests.homepage.LexHomepageTests"/>
  <testcase name="canClickSignupLinkInImageRevealSection" time="1.443" classname="lex.tests.homepage.LexHomepageTests">
    <skipped/>
  </testcase> <!-- canClickSignupLinkInImageRevealSection -->
  <testcase name="canClickGetStartedLinkInHeroSection" time="2.032" classname="lex.tests.homepage.LexHomepageTests"/>
  <testcase name="canClickSignupLinkInHeroSection" time="2.153" classname="lex.tests.homepage.LexHomepageTests"/>
  <testcase name="canClickSignupCreditCostLink" time="2.277" classname="lex.tests.homepage.LexHomepageTests"/>
  <testcase name="canClickSeeMyCreditButton" time="2.197" classname="lex.tests.homepage.LexHomepageTests"/>
  <testcase name="canClickGetStartedButtonInImageRevealSection" time="2.198" classname="lex.tests.homepage.LexHomepageTests"/>
  <testcase name="canClickGetStartedButtonInClientReviewsSection" time="3.411" classname="lex.tests.homepage.LexHomepageTests"/>
  <testcase name="canClickGetStartedButtonInHeroSection" time="2.169" classname="lex.tests.homepage.LexHomepageTests"/>
</testsuite> <!-- lex.tests.homepage.LexHomepageTests -->
