<?xml version="1.0" encoding="UTF-8"?>
<!-- Generated by org.testng.reporters.JUnitReportReporter -->
<testsuite hostname="PGX51543.local" failures="0" tests="5" name="lex.tests.homepage.LexHomepageTests" time="14.813" errors="0" timestamp="29 Jul 2020 22:36:12 GMT" skipped="0">
  <testcase classname="lex.tests.homepage.LexHomepageTests" name="isAtHomepage" time="0.739"/>
  <testcase classname="lex.tests.homepage.LexHomepageTests" name="canNavigateToCreditRepair" time="3.350"/>
  <testcase classname="lex.tests.homepage.LexHomepageTests" name="canNavigateToSignUp" time="3.517"/>
  <testcase classname="lex.tests.homepage.LexHomepageTests" name="canNavigateToOurFirm" time="3.078"/>
  <testcase classname="lex.tests.homepage.LexHomepageTests" name="canNavigateToCreditHelp" time="4.129"/>
</testsuite> <!-- lex.tests.homepage.LexHomepageTests -->
