<?xml version="1.0" encoding="UTF-8"?>
<!-- Generated by org.testng.reporters.JUnitReportReporter -->
<testsuite skipped="0" hostname="pgx180189mac.local" name="lex.tests.http.HttpTests" tests="8" failures="0" timestamp="18 Sep 2020 23:32:28 GMT" time="3.337" errors="0">
  <testcase name="lexHomepageStatusCodeIsOk" time="0.129" classname="lex.tests.http.HttpTests"/>
  <testcase name="creditRepairSignupStatusCodeIsOk" time="0.365" classname="lex.tests.http.HttpTests"/>
  <testcase name="creditRepairLandingPageStatusCodeIsOk" time="0.862" classname="lex.tests.http.HttpTests"/>
  <testcase name="lexSignupStatusCodeIsOk" time="0.367" classname="lex.tests.http.HttpTests"/>
  <testcase name="lexLandingPageStatusCodeIsOk" time="0.387" classname="lex.tests.http.HttpTests"/>
  <testcase name="creditRepairStatusCodeIsOk" time="0.427" classname="lex.tests.http.HttpTests"/>
  <testcase name="creditRepairSnapshotStatusCodeIsOk" time="0.434" classname="lex.tests.http.HttpTests"/>
  <testcase name="lexSnapshotStatusCodeIsOk" time="0.366" classname="lex.tests.http.HttpTests"/>
</testsuite> <!-- lex.tests.http.HttpTests -->
