<?xml version="1.0" encoding="UTF-8"?>
<!-- Generated by org.testng.reporters.JUnitReportReporter -->
<testsuite hostname="PGX51543.local" failures="0" tests="11" name="lex.tests.creditrepair.CreditRepairNBRTests" time="32.857" errors="0" timestamp="12 Aug 2020 22:58:49 GMT" skipped="0">
  <testcase classname="lex.tests.creditrepair.CreditRepairNBRTests" name="canNavigateToCreditSnapshot2" time="3.546"/>
  <testcase classname="lex.tests.creditrepair.CreditRepairNBRTests" name="canNavigateToCreditSnapshot5" time="2.497"/>
  <testcase classname="lex.tests.creditrepair.CreditRepairNBRTests" name="canNavigateToCreditSnapshot4" time="2.589"/>
  <testcase classname="lex.tests.creditrepair.CreditRepairNBRTests" name="canNavigateToCreditSnapshot6" time="2.428"/>
  <testcase classname="lex.tests.creditrepair.CreditRepairNBRTests" name="canNavigateToSignup1" time="2.964"/>
  <testcase classname="lex.tests.creditrepair.CreditRepairNBRTests" name="canNavigateToSignup5" time="3.003"/>
  <testcase classname="lex.tests.creditrepair.CreditRepairNBRTests" name="canNavigateToCreditSnapshot3" time="2.575"/>
  <testcase classname="lex.tests.creditrepair.CreditRepairNBRTests" name="canNavigateToSignup4" time="3.357"/>
  <testcase classname="lex.tests.creditrepair.CreditRepairNBRTests" name="canNavigateToSignup3" time="3.231"/>
  <testcase classname="lex.tests.creditrepair.CreditRepairNBRTests" name="canNavigateToCreditSnapshot1" time="3.472"/>
  <testcase classname="lex.tests.creditrepair.CreditRepairNBRTests" name="canNavigateToSignup2" time="3.195"/>
</testsuite> <!-- lex.tests.creditrepair.CreditRepairNBRTests -->
