<?xml version="1.0" encoding="UTF-8"?>
<!-- Generated by org.testng.reporters.JUnitReportReporter -->
<testsuite skipped="0" hostname="pgx180189mac.local" name="lex.tests.homepage.CRHomepageTests" tests="1" failures="0" timestamp="12 Oct 2020 23:46:32 GMT" time="8.936" errors="0">
  <testcase name="canSubmitForm" time="8.936" classname="lex.tests.homepage.CRHomepageTests"/>
</testsuite> <!-- lex.tests.homepage.CRHomepageTests -->
