<?xml version="1.0" encoding="UTF-8"?>
<!-- Generated by org.testng.reporters.JUnitReportReporter -->
<testsuite skipped="0" hostname="pgx180189mac.local" name="lex.tests.snapshot.LexSnapshotTests" tests="15" failures="0" timestamp="01 Sep 2020 21:47:31 GMT" time="69.207" errors="0">
  <testcase name="canClickSignupInFAQ" time="4.240" classname="lex.tests.snapshot.LexSnapshotTests"/>
  <testcase name="canClickLoginButton" time="4.602" classname="lex.tests.snapshot.LexSnapshotTests"/>
  <testcase name="canClickSignupInHowItWorks" time="4.255" classname="lex.tests.snapshot.LexSnapshotTests"/>
  <testcase name="canClickSignupInKnowYourCreditScore" time="4.010" classname="lex.tests.snapshot.LexSnapshotTests"/>
  <testcase name="canClickStartNowInHeader" time="4.055" classname="lex.tests.snapshot.LexSnapshotTests"/>
  <testcase name="canClickGetStartedInKnowYourCreditScore" time="4.131" classname="lex.tests.snapshot.LexSnapshotTests"/>
  <testcase name="canClickCheckYourCreditNowCTA" time="5.850" classname="lex.tests.snapshot.LexSnapshotTests"/>
  <testcase name="canClickSignupInHeroImage" time="4.281" classname="lex.tests.snapshot.LexSnapshotTests"/>
  <testcase name="canClickStartNowInHeroImage" time="4.315" classname="lex.tests.snapshot.LexSnapshotTests"/>
  <testcase name="canClickSeeYourCreditNowInFAQ" time="4.117" classname="lex.tests.snapshot.LexSnapshotTests"/>
  <testcase name="canClickSignupInModal" time="4.199" classname="lex.tests.snapshot.LexSnapshotTests"/>
  <testcase name="canClickSignupCTA" time="4.239" classname="lex.tests.snapshot.LexSnapshotTests"/>
  <testcase name="canClickCheckYourCreditNowInModal" time="4.216" classname="lex.tests.snapshot.LexSnapshotTests"/>
  <testcase name="canSubmitForm" time="8.486" classname="lex.tests.snapshot.LexSnapshotTests"/>
  <testcase name="canClickGetStartedNowInHowItWorks" time="4.211" classname="lex.tests.snapshot.LexSnapshotTests"/>
</testsuite> <!-- lex.tests.snapshot.LexSnapshotTests -->
