<?xml version="1.0" encoding="UTF-8"?>
<!-- Generated by org.testng.reporters.JUnitReportReporter -->
<testsuite skipped="0" hostname="pgx180189mac.local" name="lex.tests.creditrepair.CreditRepairOnlineTests" tests="7" failures="0" timestamp="28 Aug 2020 17:41:46 GMT" time="22.494" errors="0">
  <testcase name="canNavigateToCreditSnapshot2" time="2.026" classname="lex.tests.creditrepair.CreditRepairOnlineTests"/>
  <testcase name="canNavigateToCreditSnapshot1" time="3.626" classname="lex.tests.creditrepair.CreditRepairOnlineTests"/>
  <testcase name="canNavigateToSignup5" time="2.438" classname="lex.tests.creditrepair.CreditRepairOnlineTests"/>
  <testcase name="canNavigateToSignup2" time="2.260" classname="lex.tests.creditrepair.CreditRepairOnlineTests"/>
  <testcase name="canNavigateToSignup3" time="7.568" classname="lex.tests.creditrepair.CreditRepairOnlineTests"/>
  <testcase name="canNavigateToSignup4" time="2.408" classname="lex.tests.creditrepair.CreditRepairOnlineTests"/>
  <testcase name="canNavigateToSignup1" time="2.168" classname="lex.tests.creditrepair.CreditRepairOnlineTests"/>
</testsuite> <!-- lex.tests.creditrepair.CreditRepairOnlineTests -->
