<?xml version="1.0" encoding="UTF-8"?>
<!-- Generated by org.testng.reporters.JUnitReportReporter -->
<testsuite skipped="5" hostname="martech-d01.vwsl.pgx.local" name="lex.tests.homepage.LexHomepageTests" tests="20" failures="1" timestamp="15 Sep 2020 14:38:22 GMT" time="41.603" errors="0">
  <testcase name="canClickSignupCreditCostLink" time="1.352" classname="lex.tests.homepage.LexHomepageTests"/>
  <testcase name="canNavigateToCreditHelp" time="1.755" classname="lex.tests.homepage.LexHomepageTests"/>
  <testcase name="isAtHomepage" time="0.222" classname="lex.tests.homepage.LexHomepageTests"/>
  <testcase name="canClickSignupLinkInImageRevealSection" time="0.274" classname="lex.tests.homepage.LexHomepageTests">
    <skipped/>
  </testcase> <!-- canClickSignupLinkInImageRevealSection -->
  <testcase name="canClickGetStartedButtonInHeroSection" time="0.883" classname="lex.tests.homepage.LexHomepageTests"/>
  <testcase name="canSeeGoDaddySeal" time="5.463" classname="lex.tests.homepage.LexHomepageTests">
    <skipped/>
  </testcase> <!-- canSeeGoDaddySeal -->
  <testcase name="canNavigateToSignUp" time="0.965" classname="lex.tests.homepage.LexHomepageTests"/>
  <testcase name="canNavigateToOurFirm" time="1.111" classname="lex.tests.homepage.LexHomepageTests"/>
  <testcase name="canNavigateToCreditRepair" time="1.005" classname="lex.tests.homepage.LexHomepageTests"/>
  <testcase name="canClickSeeMyCreditButton" time="0.865" classname="lex.tests.homepage.LexHomepageTests"/>
  <testcase name="canClickGetStartedButtonInClientReviewsSection" time="1.916" classname="lex.tests.homepage.LexHomepageTests"/>
  <testcase name="canSeeGoDaddySeal" time="5.213" classname="lex.tests.homepage.LexHomepageTests">
    <skipped/>
  </testcase> <!-- canSeeGoDaddySeal -->
  <testcase name="canSeeGoDaddySeal" time="5.209" classname="lex.tests.homepage.LexHomepageTests">
    <skipped/>
  </testcase> <!-- canSeeGoDaddySeal -->
  <testcase name="canClickGetStartedButtonInImageRevealSection" time="0.814" classname="lex.tests.homepage.LexHomepageTests"/>
  <testcase name="canSeeGoDaddySeal" time="5.449" classname="lex.tests.homepage.LexHomepageTests">
    <failure type="java.lang.AssertionError" message="expected [true] but found [false]">
      <![CDATA[java.lang.AssertionError: expected [true] but found [false]
at org.testng.Assert.fail(Assert.java:96)
at org.testng.Assert.failNotEquals(Assert.java:776)
at org.testng.Assert.assertTrue(Assert.java:44)
at org.testng.Assert.assertTrue(Assert.java:54)
at lex.tests.homepage.LexHomepageTests.canSeeGoDaddySeal(LexHomepageTests.java:221)
at sun.reflect.NativeMethodAccessorImpl.invoke0(Native Method)
at sun.reflect.NativeMethodAccessorImpl.invoke(NativeMethodAccessorImpl.java:62)
at sun.reflect.DelegatingMethodAccessorImpl.invoke(DelegatingMethodAccessorImpl.java:43)
at java.lang.reflect.Method.invoke(Method.java:498)
at org.testng.internal.MethodInvocationHelper.invokeMethod(MethodInvocationHelper.java:124)
at org.testng.internal.Invoker.invokeMethod(Invoker.java:583)
at org.testng.internal.Invoker.retryFailed(Invoker.java:839)
at org.testng.internal.Invoker.invokeTestMethods(Invoker.java:1010)
at org.testng.internal.TestMethodWorker.invokeTestMethods(TestMethodWorker.java:125)
at org.testng.internal.TestMethodWorker.run(TestMethodWorker.java:109)
at org.testng.TestRunner.privateRun(TestRunner.java:648)
at org.testng.TestRunner.run(TestRunner.java:505)
at org.testng.SuiteRunner.runTest(SuiteRunner.java:455)
at org.testng.SuiteRunner.runSequentially(SuiteRunner.java:450)
at org.testng.SuiteRunner.privateRun(SuiteRunner.java:415)
at org.testng.SuiteRunner.run(SuiteRunner.java:364)
at org.testng.SuiteRunnerWorker.runSuite(SuiteRunnerWorker.java:52)
at org.testng.SuiteRunnerWorker.run(SuiteRunnerWorker.java:84)
at org.testng.TestNG.runSuitesSequentially(TestNG.java:1208)
at org.testng.TestNG.runSuitesLocally(TestNG.java:1137)
at org.testng.TestNG.runSuites(TestNG.java:1049)
at org.testng.TestNG.run(TestNG.java:1017)
at org.apache.maven.surefire.testng.TestNGExecutor.run(TestNGExecutor.java:284)
at org.apache.maven.surefire.testng.TestNGXmlTestSuite.execute(TestNGXmlTestSuite.java:75)
at org.apache.maven.surefire.testng.TestNGProvider.invoke(TestNGProvider.java:119)
at org.apache.maven.surefire.booter.ForkedBooter.runSuitesInProcess(ForkedBooter.java:428)
at org.apache.maven.surefire.booter.ForkedBooter.execute(ForkedBooter.java:162)
at org.apache.maven.surefire.booter.ForkedBooter.run(ForkedBooter.java:562)
at org.apache.maven.surefire.booter.ForkedBooter.main(ForkedBooter.java:548)
]]>
    </failure>
  </testcase> <!-- canSeeGoDaddySeal -->
  <testcase name="canClickSignupLinkInClientReviewsSection" time="0.928" classname="lex.tests.homepage.LexHomepageTests"/>
  <testcase name="canSeeGoDaddySeal" time="5.446" classname="lex.tests.homepage.LexHomepageTests">
    <skipped/>
  </testcase> <!-- canSeeGoDaddySeal -->
  <testcase name="canClickSignupLinkInHeroSection" time="0.925" classname="lex.tests.homepage.LexHomepageTests"/>
  <testcase name="canClickGetStartedLinkInHeroSection" time="0.839" classname="lex.tests.homepage.LexHomepageTests"/>
  <testcase name="canClickSignupLinkInImageRevealSection" time="0.969" classname="lex.tests.homepage.LexHomepageTests"/>
</testsuite> <!-- lex.tests.homepage.LexHomepageTests -->
