<?xml version="1.0" encoding="UTF-8"?>
<!-- Generated by org.testng.reporters.JUnitReportReporter -->
<testsuite skipped="0" hostname="pgx180189mac.local" name="lex.tests.creditrepair.CreditRepairTests" tests="11" failures="0" timestamp="28 Aug 2020 17:41:46 GMT" time="26.629" errors="0">
  <testcase name="canNavigateToSignup4" time="2.208" classname="lex.tests.creditrepair.CreditRepairTests"/>
  <testcase name="canNavigateToCreditSnapshot6" time="2.036" classname="lex.tests.creditrepair.CreditRepairTests"/>
  <testcase name="canNavigateToSignup5" time="2.156" classname="lex.tests.creditrepair.CreditRepairTests"/>
  <testcase name="canNavigateToCreditSnapshot2" time="2.057" classname="lex.tests.creditrepair.CreditRepairTests"/>
  <testcase name="canNavigateToSignup2" time="1.958" classname="lex.tests.creditrepair.CreditRepairTests"/>
  <testcase name="canNavigateToCreditSnapshot3" time="2.007" classname="lex.tests.creditrepair.CreditRepairTests"/>
  <testcase name="canNavigateToSignup3" time="2.263" classname="lex.tests.creditrepair.CreditRepairTests"/>
  <testcase name="canNavigateToCreditSnapshot4" time="2.564" classname="lex.tests.creditrepair.CreditRepairTests"/>
  <testcase name="canNavigateToCreditSnapshot5" time="2.058" classname="lex.tests.creditrepair.CreditRepairTests"/>
  <testcase name="canNavigateToCreditSnapshot1" time="4.991" classname="lex.tests.creditrepair.CreditRepairTests"/>
  <testcase name="canNavigateToSignup1" time="2.331" classname="lex.tests.creditrepair.CreditRepairTests"/>
</testsuite> <!-- lex.tests.creditrepair.CreditRepairTests -->
