<?xml version="1.0" encoding="UTF-8"?>
<!-- Generated by org.testng.reporters.JUnitReportReporter -->
<testsuite skipped="1" hostname="pgx180189mac.local" name="lex.tests.homepage.LexHomepageTests" tests="15" failures="0" timestamp="02 Sep 2020 22:26:01 GMT" time="62.236" errors="0">
  <testcase name="canNavigateToSignUp" time="5.218" classname="lex.tests.homepage.LexHomepageTests"/>
  <testcase name="canClickSignupLinkInClientReviewsSection" time="3.454" classname="lex.tests.homepage.LexHomepageTests"/>
  <testcase name="canClickSignupLinkInImageRevealSection" time="3.900" classname="lex.tests.homepage.LexHomepageTests"/>
  <testcase name="canNavigateToOurFirm" time="5.801" classname="lex.tests.homepage.LexHomepageTests"/>
  <testcase name="canNavigateToCreditHelp" time="6.108" classname="lex.tests.homepage.LexHomepageTests"/>
  <testcase name="canNavigateToCreditRepair" time="4.655" classname="lex.tests.homepage.LexHomepageTests"/>
  <testcase name="isAtHomepage" time="1.764" classname="lex.tests.homepage.LexHomepageTests"/>
  <testcase name="canClickSignupLinkInImageRevealSection" time="1.504" classname="lex.tests.homepage.LexHomepageTests">
    <skipped/>
  </testcase> <!-- canClickSignupLinkInImageRevealSection -->
  <testcase name="canClickGetStartedLinkInHeroSection" time="3.278" classname="lex.tests.homepage.LexHomepageTests"/>
  <testcase name="canClickSignupCreditCostLink" time="4.995" classname="lex.tests.homepage.LexHomepageTests"/>
  <testcase name="canClickSignupLinkInHeroSection" time="3.420" classname="lex.tests.homepage.LexHomepageTests"/>
  <testcase name="canClickSeeMyCreditButton" time="3.114" classname="lex.tests.homepage.LexHomepageTests"/>
  <testcase name="canClickGetStartedButtonInImageRevealSection" time="2.998" classname="lex.tests.homepage.LexHomepageTests"/>
  <testcase name="canClickGetStartedButtonInClientReviewsSection" time="8.860" classname="lex.tests.homepage.LexHomepageTests"/>
  <testcase name="canClickGetStartedButtonInHeroSection" time="3.167" classname="lex.tests.homepage.LexHomepageTests"/>
</testsuite> <!-- lex.tests.homepage.LexHomepageTests -->
