<?xml version="1.0" encoding="UTF-8"?>
<!-- Generated by org.testng.reporters.JUnitReportReporter -->
<testsuite skipped="0" hostname="pgx180189mac.local" name="lex.tests.snapshot.LexSnapshotTests" tests="15" failures="0" timestamp="02 Sep 2020 22:26:01 GMT" time="113.587" errors="0">
  <testcase name="canClickStartNowInHeroImage" time="6.645" classname="lex.tests.snapshot.LexSnapshotTests"/>
  <testcase name="canClickStartNowInHeader" time="8.013" classname="lex.tests.snapshot.LexSnapshotTests"/>
  <testcase name="canClickSignupInKnowYourCreditScore" time="6.437" classname="lex.tests.snapshot.LexSnapshotTests"/>
  <testcase name="canClickCheckYourCreditNowInModal" time="6.440" classname="lex.tests.snapshot.LexSnapshotTests"/>
  <testcase name="canClickSignupInFAQ" time="5.956" classname="lex.tests.snapshot.LexSnapshotTests"/>
  <testcase name="canClickGetStartedInKnowYourCreditScore" time="6.547" classname="lex.tests.snapshot.LexSnapshotTests"/>
  <testcase name="canClickGetStartedNowInHowItWorks" time="8.698" classname="lex.tests.snapshot.LexSnapshotTests"/>
  <testcase name="canClickLoginButton" time="7.612" classname="lex.tests.snapshot.LexSnapshotTests"/>
  <testcase name="canClickSignupInModal" time="6.822" classname="lex.tests.snapshot.LexSnapshotTests"/>
  <testcase name="canClickSignupInHowItWorks" time="6.763" classname="lex.tests.snapshot.LexSnapshotTests"/>
  <testcase name="canClickSignupCTA" time="9.114" classname="lex.tests.snapshot.LexSnapshotTests"/>
  <testcase name="canClickSeeYourCreditNowInFAQ" time="7.241" classname="lex.tests.snapshot.LexSnapshotTests"/>
  <testcase name="canClickCheckYourCreditNowCTA" time="10.371" classname="lex.tests.snapshot.LexSnapshotTests"/>
  <testcase name="canClickSignupInHeroImage" time="6.975" classname="lex.tests.snapshot.LexSnapshotTests"/>
  <testcase name="canSubmitForm" time="9.953" classname="lex.tests.snapshot.LexSnapshotTests"/>
</testsuite> <!-- lex.tests.snapshot.LexSnapshotTests -->
