<?xml version="1.0" encoding="UTF-8"?>
<!-- Generated by org.testng.reporters.JUnitReportReporter -->
<testsuite skipped="0" hostname="martech-d01.vwsl.pgx.local" name="lex.tests.http.HttpTests" tests="8" failures="0" timestamp="15 Sep 2020 14:38:22 GMT" time="3.987" errors="0">
  <testcase name="lexHomepageStatusCodeIsOk" time="0.495" classname="lex.tests.http.HttpTests"/>
  <testcase name="creditRepairStatusCodeIsOk" time="0.450" classname="lex.tests.http.HttpTests"/>
  <testcase name="lexSignupStatusCodeIsOk" time="0.450" classname="lex.tests.http.HttpTests"/>
  <testcase name="creditRepairLandingPageStatusCodeIsOk" time="0.774" classname="lex.tests.http.HttpTests"/>
  <testcase name="lexLandingPageStatusCodeIsOk" time="0.465" classname="lex.tests.http.HttpTests"/>
  <testcase name="creditRepairSnapshotStatusCodeIsOk" time="0.461" classname="lex.tests.http.HttpTests"/>
  <testcase name="creditRepairSignupStatusCodeIsOk" time="0.447" classname="lex.tests.http.HttpTests"/>
  <testcase name="lexSnapshotStatusCodeIsOk" time="0.445" classname="lex.tests.http.HttpTests"/>
</testsuite> <!-- lex.tests.http.HttpTests -->
