<?xml version="1.0" encoding="UTF-8"?>
<!-- Generated by org.testng.reporters.JUnitReportReporter -->
<testsuite skipped="0" hostname="pgx180189mac.local" name="lex.tests.snapshot.LexSnapshotTests" tests="15" failures="0" timestamp="01 Sep 2020 22:26:47 GMT" time="70.880" errors="0">
  <testcase name="canClickSignupInFAQ" time="3.990" classname="lex.tests.snapshot.LexSnapshotTests"/>
  <testcase name="canClickCheckYourCreditNowCTA" time="5.220" classname="lex.tests.snapshot.LexSnapshotTests"/>
  <testcase name="canClickLoginButton" time="4.894" classname="lex.tests.snapshot.LexSnapshotTests"/>
  <testcase name="canClickSignupInModal" time="4.136" classname="lex.tests.snapshot.LexSnapshotTests"/>
  <testcase name="canClickGetStartedInKnowYourCreditScore" time="5.141" classname="lex.tests.snapshot.LexSnapshotTests"/>
  <testcase name="canClickSignupInKnowYourCreditScore" time="4.176" classname="lex.tests.snapshot.LexSnapshotTests"/>
  <testcase name="canClickStartNowInHeader" time="5.007" classname="lex.tests.snapshot.LexSnapshotTests"/>
  <testcase name="canClickSignupCTA" time="4.759" classname="lex.tests.snapshot.LexSnapshotTests"/>
  <testcase name="canClickStartNowInHeroImage" time="4.770" classname="lex.tests.snapshot.LexSnapshotTests"/>
  <testcase name="canClickCheckYourCreditNowInModal" time="4.123" classname="lex.tests.snapshot.LexSnapshotTests"/>
  <testcase name="canClickGetStartedNowInHowItWorks" time="4.242" classname="lex.tests.snapshot.LexSnapshotTests"/>
  <testcase name="canClickSeeYourCreditNowInFAQ" time="3.891" classname="lex.tests.snapshot.LexSnapshotTests"/>
  <testcase name="canClickSignupInHowItWorks" time="4.213" classname="lex.tests.snapshot.LexSnapshotTests"/>
  <testcase name="canClickSignupInHeroImage" time="4.270" classname="lex.tests.snapshot.LexSnapshotTests"/>
  <testcase name="canSubmitForm" time="8.048" classname="lex.tests.snapshot.LexSnapshotTests"/>
</testsuite> <!-- lex.tests.snapshot.LexSnapshotTests -->
