<?xml version="1.0" encoding="UTF-8"?>
<!-- Generated by org.testng.reporters.JUnitReportReporter -->
<testsuite skipped="0" hostname="pgx180189mac.local" name="lex.tests.homepage.LexHomepageTests" tests="13" failures="0" timestamp="01 Sep 2020 21:47:31 GMT" time="38.287" errors="0">
  <testcase name="canClickGetStartedButtonInImageRevealSection" time="2.226" classname="lex.tests.homepage.LexHomepageTests"/>
  <testcase name="canClickGetStartedButtonInClientReviewsSection" time="4.197" classname="lex.tests.homepage.LexHomepageTests"/>
  <testcase name="canNavigateToCreditHelp" time="5.062" classname="lex.tests.homepage.LexHomepageTests"/>
  <testcase name="canClickSignupCreditCostLink" time="2.183" classname="lex.tests.homepage.LexHomepageTests"/>
  <testcase name="canClickSignupLinkInClientReviewsSection" time="2.428" classname="lex.tests.homepage.LexHomepageTests"/>
  <testcase name="canNavigateToSignUp" time="4.156" classname="lex.tests.homepage.LexHomepageTests"/>
  <testcase name="canNavigateToCreditRepair" time="4.041" classname="lex.tests.homepage.LexHomepageTests"/>
  <testcase name="isAtHomepage" time="1.362" classname="lex.tests.homepage.LexHomepageTests"/>
  <testcase name="canClickSignupLinkInHeroSection" time="1.902" classname="lex.tests.homepage.LexHomepageTests"/>
  <testcase name="canNavigateToOurFirm" time="4.439" classname="lex.tests.homepage.LexHomepageTests"/>
  <testcase name="canClickGetStartedButtonInHeroSection" time="2.214" classname="lex.tests.homepage.LexHomepageTests"/>
  <testcase name="canClickSeeMyCreditButton" time="2.029" classname="lex.tests.homepage.LexHomepageTests"/>
  <testcase name="canClickGetStartedLinkInHeroSection" time="2.048" classname="lex.tests.homepage.LexHomepageTests"/>
</testsuite> <!-- lex.tests.homepage.LexHomepageTests -->
