<?xml version="1.0" encoding="UTF-8"?>
<!-- Generated by org.testng.reporters.JUnitReportReporter -->
<testsuite skipped="0" hostname="pgx180189mac.local" name="lex.tests.snapshot.LexSnapshotTests" tests="16" failures="0" timestamp="18 Sep 2020 23:32:28 GMT" time="62.325" errors="0">
  <testcase name="canClickSignupInKnowYourCreditScore" time="5.533" classname="lex.tests.snapshot.LexSnapshotTests"/>
  <testcase name="canClickSignupInFAQ" time="5.897" classname="lex.tests.snapshot.LexSnapshotTests"/>
  <testcase name="canClickStartNowInHeader" time="3.375" classname="lex.tests.snapshot.LexSnapshotTests"/>
  <testcase name="canClickGetStartedInKnowYourCreditScore" time="2.721" classname="lex.tests.snapshot.LexSnapshotTests"/>
  <testcase name="canClickSignupInHowItWorks" time="2.530" classname="lex.tests.snapshot.LexSnapshotTests"/>
  <testcase name="canSubmitForm" time="6.404" classname="lex.tests.snapshot.LexSnapshotTests"/>
  <testcase name="canClickCheckYourCreditNowInModal" time="2.920" classname="lex.tests.snapshot.LexSnapshotTests"/>
  <testcase name="canClickSignupInHeroImage" time="5.298" classname="lex.tests.snapshot.LexSnapshotTests"/>
  <testcase name="canClickSeeYourCreditNowInFAQ" time="3.484" classname="lex.tests.snapshot.LexSnapshotTests"/>
  <testcase name="canClickLoginButton" time="2.238" classname="lex.tests.snapshot.LexSnapshotTests"/>
  <testcase name="canSeeGoDaddySeal" time="2.381" classname="lex.tests.snapshot.LexSnapshotTests"/>
  <testcase name="canClickCheckYourCreditNowCTA" time="4.585" classname="lex.tests.snapshot.LexSnapshotTests"/>
  <testcase name="canClickGetStartedNowInHowItWorks" time="3.345" classname="lex.tests.snapshot.LexSnapshotTests"/>
  <testcase name="canClickStartNowInHeroImage" time="4.244" classname="lex.tests.snapshot.LexSnapshotTests"/>
  <testcase name="canClickSignupInModal" time="5.148" classname="lex.tests.snapshot.LexSnapshotTests"/>
  <testcase name="canClickSignupCTA" time="2.222" classname="lex.tests.snapshot.LexSnapshotTests"/>
</testsuite> <!-- lex.tests.snapshot.LexSnapshotTests -->
