<?xml version="1.0" encoding="UTF-8"?>
<!-- Generated by org.testng.reporters.JUnitReportReporter -->
<testsuite hostname="PGX51543.local" failures="0" tests="11" name="lex.tests.creditrepair.CreditRepairBRTests" time="31.205" errors="0" timestamp="12 Aug 2020 22:58:49 GMT" skipped="0">
  <testcase classname="lex.tests.creditrepair.CreditRepairBRTests" name="canNavigateToCreditSnapshot3" time="2.491"/>
  <testcase classname="lex.tests.creditrepair.CreditRepairBRTests" name="canNavigateToSignup1" time="2.763"/>
  <testcase classname="lex.tests.creditrepair.CreditRepairBRTests" name="canNavigateToCreditSnapshot4" time="2.358"/>
  <testcase classname="lex.tests.creditrepair.CreditRepairBRTests" name="canNavigateToSignup4" time="3.104"/>
  <testcase classname="lex.tests.creditrepair.CreditRepairBRTests" name="canNavigateToCreditSnapshot6" time="3.275"/>
  <testcase classname="lex.tests.creditrepair.CreditRepairBRTests" name="canNavigateToCreditSnapshot5" time="2.406"/>
  <testcase classname="lex.tests.creditrepair.CreditRepairBRTests" name="canNavigateToSignup5" time="3.118"/>
  <testcase classname="lex.tests.creditrepair.CreditRepairBRTests" name="canNavigateToCreditSnapshot2" time="2.270"/>
  <testcase classname="lex.tests.creditrepair.CreditRepairBRTests" name="canNavigateToSignup3" time="3.118"/>
  <testcase classname="lex.tests.creditrepair.CreditRepairBRTests" name="canNavigateToSignup2" time="3.135"/>
  <testcase classname="lex.tests.creditrepair.CreditRepairBRTests" name="canNavigateToCreditSnapshot1" time="3.167"/>
</testsuite> <!-- lex.tests.creditrepair.CreditRepairBRTests -->
