<?xml version="1.0" encoding="UTF-8"?>
<!-- Generated by org.testng.reporters.JUnitReportReporter -->
<testsuite skipped="0" hostname="pgx180189mac.local" name="lex.tests.snapshot.CRSnapshotTests" tests="14" failures="0" timestamp="18 Sep 2020 23:32:28 GMT" time="49.983" errors="0">
  <testcase name="canClickStartNowInHeader" time="4.532" classname="lex.tests.snapshot.CRSnapshotTests"/>
  <testcase name="canSubmitForm" time="5.987" classname="lex.tests.snapshot.CRSnapshotTests"/>
  <testcase name="canClickGetStartedInModal" time="2.441" classname="lex.tests.snapshot.CRSnapshotTests"/>
  <testcase name="canSeeGoDaddySeal" time="1.627" classname="lex.tests.snapshot.CRSnapshotTests"/>
  <testcase name="canClickSignupCTA" time="3.775" classname="lex.tests.snapshot.CRSnapshotTests"/>
  <testcase name="canClickSignupInClientReviews" time="2.667" classname="lex.tests.snapshot.CRSnapshotTests"/>
  <testcase name="canClickSignupInModal" time="3.203" classname="lex.tests.snapshot.CRSnapshotTests"/>
  <testcase name="canClickLoginButton" time="4.395" classname="lex.tests.snapshot.CRSnapshotTests"/>
  <testcase name="canClickGetStartedInKnowYourCreditScore" time="2.511" classname="lex.tests.snapshot.CRSnapshotTests"/>
  <testcase name="canClickCheckYourCreditNowInHeroImage" time="8.107" classname="lex.tests.snapshot.CRSnapshotTests"/>
  <testcase name="canClickGetStartedNowInClientReviews" time="2.413" classname="lex.tests.snapshot.CRSnapshotTests"/>
  <testcase name="canClickGetStartedCTA" time="2.736" classname="lex.tests.snapshot.CRSnapshotTests"/>
  <testcase name="canClickSignupInHeroImage" time="3.203" classname="lex.tests.snapshot.CRSnapshotTests"/>
  <testcase name="canClickSignupInKnowYourCreditScore" time="2.386" classname="lex.tests.snapshot.CRSnapshotTests"/>
</testsuite> <!-- lex.tests.snapshot.CRSnapshotTests -->
