<?xml version="1.0" encoding="UTF-8"?>
<testsuite xmlns:xsi="http://www.w3.org/2001/XMLSchema-instance" xsi:noNamespaceSchemaLocation="https://maven.apache.org/surefire/maven-surefire-plugin/xsd/surefire-test-report-3.0.xsd" version="3.0" name="lex.tests.homepage.CRHomepageTests" time="24.751" tests="5" errors="0" skipped="4" failures="1">
  <properties>
    <property name="gopherProxySet" value="false"/>
    <property name="awt.toolkit" value="sun.lwawt.macosx.LWCToolkit"/>
    <property name="file.encoding.pkg" value="sun.io"/>
    <property name="java.specification.version" value="1.8"/>
    <property name="webdriver.chrome.driver" value="drivers/chromedriver_mac"/>
    <property name="sun.cpu.isalist" value=""/>
    <property name="sun.jnu.encoding" value="UTF-8"/>
    <property name="java.class.path" value="/Users/184973/Documents/automation/lex_automation/lex-regression-tests/target/test-classes:/Users/184973/Documents/automation/lex_automation/lex-regression-tests/target/classes:/Users/184973/Documents/automation/lex_automation/lex-framework/target/classes:/Users/184973/.m2/repository/org/seleniumhq/selenium/selenium-chrome-driver/3.14.0/selenium-chrome-driver-3.14.0.jar:/Users/184973/.m2/repository/org/seleniumhq/selenium/selenium-api/3.14.0/selenium-api-3.14.0.jar:/Users/184973/.m2/repository/org/seleniumhq/selenium/selenium-remote-driver/3.14.0/selenium-remote-driver-3.14.0.jar:/Users/184973/.m2/repository/net/bytebuddy/byte-buddy/1.8.15/byte-buddy-1.8.15.jar:/Users/184973/.m2/repository/org/apache/commons/commons-exec/1.3/commons-exec-1.3.jar:/Users/184973/.m2/repository/commons-codec/commons-codec/1.10/commons-codec-1.10.jar:/Users/184973/.m2/repository/commons-logging/commons-logging/1.2/commons-logging-1.2.jar:/Users/184973/.m2/repository/com/google/guava/guava/25.0-jre/guava-25.0-jre.jar:/Users/184973/.m2/repository/com/google/code/findbugs/jsr305/1.3.9/jsr305-1.3.9.jar:/Users/184973/.m2/repository/org/checkerframework/checker-compat-qual/2.0.0/checker-compat-qual-2.0.0.jar:/Users/184973/.m2/repository/com/google/errorprone/error_prone_annotations/2.1.3/error_prone_annotations-2.1.3.jar:/Users/184973/.m2/repository/com/google/j2objc/j2objc-annotations/1.1/j2objc-annotations-1.1.jar:/Users/184973/.m2/repository/org/codehaus/mojo/animal-sniffer-annotations/1.14/animal-sniffer-annotations-1.14.jar:/Users/184973/.m2/repository/org/apache/httpcomponents/httpclient/4.5.5/httpclient-4.5.5.jar:/Users/184973/.m2/repository/org/apache/httpcomponents/httpcore/4.4.9/httpcore-4.4.9.jar:/Users/184973/.m2/repository/com/squareup/okhttp3/okhttp/3.10.0/okhttp-3.10.0.jar:/Users/184973/.m2/repository/com/squareup/okio/okio/1.14.1/okio-1.14.1.jar:/Users/184973/.m2/repository/org/seleniumhq/selenium/selenium-server/3.14.0/selenium-server-3.14.0.jar:/Users/184973/.m2/repository/org/seleniumhq/selenium/selenium-edge-driver/3.14.0/selenium-edge-driver-3.14.0.jar:/Users/184973/.m2/repository/org/seleniumhq/selenium/selenium-firefox-driver/3.14.0/selenium-firefox-driver-3.14.0.jar:/Users/184973/.m2/repository/org/seleniumhq/selenium/selenium-ie-driver/3.14.0/selenium-ie-driver-3.14.0.jar:/Users/184973/.m2/repository/org/seleniumhq/selenium/selenium-opera-driver/3.14.0/selenium-opera-driver-3.14.0.jar:/Users/184973/.m2/repository/org/seleniumhq/selenium/selenium-safari-driver/3.14.0/selenium-safari-driver-3.14.0.jar:/Users/184973/.m2/repository/org/seleniumhq/selenium/selenium-support/3.14.0/selenium-support-3.14.0.jar:/Users/184973/.m2/repository/org/apache/commons/commons-lang3/3.7/commons-lang3-3.7.jar:/Users/184973/.m2/repository/org/apache/commons/commons-text/1.1/commons-text-1.1.jar:/Users/184973/.m2/repository/commons-io/commons-io/2.6/commons-io-2.6.jar:/Users/184973/.m2/repository/commons-net/commons-net/3.6/commons-net-3.6.jar:/Users/184973/.m2/repository/net/sourceforge/htmlunit/htmlunit/2.30/htmlunit-2.30.jar:/Users/184973/.m2/repository/net/sourceforge/htmlunit/htmlunit-core-js/2.28/htmlunit-core-js-2.28.jar:/Users/184973/.m2/repository/net/sourceforge/htmlunit/htmlunit-cssparser/1.0.0/htmlunit-cssparser-1.0.0.jar:/Users/184973/.m2/repository/net/sourceforge/htmlunit/neko-htmlunit/2.30/neko-htmlunit-2.30.jar:/Users/184973/.m2/repository/org/apache/httpcomponents/httpmime/4.5.5/httpmime-4.5.5.jar:/Users/184973/.m2/repository/net/jcip/jcip-annotations/1.0/jcip-annotations-1.0.jar:/Users/184973/.m2/repository/org/seleniumhq/selenium/jetty-repacked/9.4.8.v20180619/jetty-repacked-9.4.8.v20180619.jar:/Users/184973/.m2/repository/org/eclipse/jetty/jetty-client/9.4.8.v20180619/jetty-client-9.4.8.v20180619.jar:/Users/184973/.m2/repository/org/eclipse/jetty/jetty-http/9.4.8.v20180619/jetty-http-9.4.8.v20180619.jar:/Users/184973/.m2/repository/org/eclipse/jetty/jetty-io/9.4.8.v20180619/jetty-io-9.4.8.v20180619.jar:/Users/184973/.m2/repository/org/eclipse/jetty/jetty-util/9.4.8.v20180619/jetty-util-9.4.8.v20180619.jar:/Users/184973/.m2/repository/org/eclipse/jetty/jetty-xml/9.4.8.v20180619/jetty-xml-9.4.8.v20180619.jar:/Users/184973/.m2/repository/org/seleniumhq/selenium/htmlunit-driver/2.30.0/htmlunit-driver-2.30.0.jar:/Users/184973/.m2/repository/javax/servlet/javax.servlet-api/3.1.0/javax.servlet-api-3.1.0.jar:/Users/184973/.m2/repository/org/eclipse/jetty/websocket/websocket-api/9.4.8.v20180619/websocket-api-9.4.8.v20180619.jar:/Users/184973/.m2/repository/org/eclipse/jetty/websocket/websocket-client/9.4.8.v20180619/websocket-client-9.4.8.v20180619.jar:/Users/184973/.m2/repository/org/eclipse/jetty/websocket/websocket-common/9.4.8.v20180619/websocket-common-9.4.8.v20180619.jar:/Users/184973/.m2/repository/xalan/serializer/2.7.2/serializer-2.7.2.jar:/Users/184973/.m2/repository/xalan/xalan/2.7.2/xalan-2.7.2.jar:/Users/184973/.m2/repository/xerces/xercesImpl/2.11.0/xercesImpl-2.11.0.jar:/Users/184973/.m2/repository/xml-apis/xml-apis/1.4.01/xml-apis-1.4.01.jar:/Users/184973/.m2/repository/org/yaml/snakeyaml/1.19/snakeyaml-1.19.jar:/Users/184973/.m2/repository/org/seleniumhq/selenium/selenium-java/3.14.0/selenium-java-3.14.0.jar:/Users/184973/.m2/repository/io/github/bonigarcia/webdrivermanager/3.6.0/webdrivermanager-3.6.0.jar:/Users/184973/.m2/repository/com/google/code/gson/gson/2.8.5/gson-2.8.5.jar:/Users/184973/.m2/repository/org/rauschig/jarchivelib/1.0.0/jarchivelib-1.0.0.jar:/Users/184973/.m2/repository/org/apache/commons/commons-compress/1.18/commons-compress-1.18.jar:/Users/184973/.m2/repository/org/jsoup/jsoup/1.11.3/jsoup-1.11.3.jar:/Users/184973/Documents/automation/lex_automation/lex-page-objects/target/classes:/Users/184973/.m2/repository/org/testng/testng/6.14.3/testng-6.14.3.jar:/Users/184973/.m2/repository/com/beust/jcommander/1.72/jcommander-1.72.jar:/Users/184973/.m2/repository/org/apache-extras/beanshell/bsh/2.0b6/bsh-2.0b6.jar:/Users/184973/.m2/repository/org/slf4j/slf4j-api/1.7.5/slf4j-api-1.7.5.jar:/Users/184973/.m2/repository/org/slf4j/slf4j-log4j12/1.7.5/slf4j-log4j12-1.7.5.jar:/Users/184973/.m2/repository/log4j/log4j/1.2.17/log4j-1.2.17.jar:"/>
    <property name="java.vm.vendor" value="Oracle Corporation"/>
    <property name="sun.arch.data.model" value="64"/>
    <property name="java.vendor.url" value="http://java.oracle.com/"/>
    <property name="user.timezone" value="America/Denver"/>
    <property name="java.vm.specification.version" value="1.8"/>
    <property name="os.name" value="Mac OS X"/>
    <property name="user.country" value="US"/>
    <property name="sun.java.launcher" value="SUN_STANDARD"/>
    <property name="sun.boot.library.path" value="/Library/Java/JavaVirtualMachines/jdk1.8.0_261.jdk/Contents/Home/jre/lib"/>
    <property name="sun.java.command" value="/Users/184973/Documents/automation/lex_automation/lex-regression-tests/target/surefire/surefirebooter8845813313136704366.jar /Users/184973/Documents/automation/lex_automation/lex-regression-tests/target/surefire 2020-10-12T18-24-28_708-jvmRun1 surefire4942766518295371588tmp surefire_02567994006954634700tmp"/>
    <property name="http.nonProxyHosts" value="local|*.local|169.254/16|*.169.254/16"/>
    <property name="test" value="CRHomepageTests#canSubmitForm"/>
    <property name="surefire.test.class.path" value="/Users/184973/Documents/automation/lex_automation/lex-regression-tests/target/test-classes:/Users/184973/Documents/automation/lex_automation/lex-regression-tests/target/classes:/Users/184973/Documents/automation/lex_automation/lex-framework/target/classes:/Users/184973/.m2/repository/org/seleniumhq/selenium/selenium-chrome-driver/3.14.0/selenium-chrome-driver-3.14.0.jar:/Users/184973/.m2/repository/org/seleniumhq/selenium/selenium-api/3.14.0/selenium-api-3.14.0.jar:/Users/184973/.m2/repository/org/seleniumhq/selenium/selenium-remote-driver/3.14.0/selenium-remote-driver-3.14.0.jar:/Users/184973/.m2/repository/net/bytebuddy/byte-buddy/1.8.15/byte-buddy-1.8.15.jar:/Users/184973/.m2/repository/org/apache/commons/commons-exec/1.3/commons-exec-1.3.jar:/Users/184973/.m2/repository/commons-codec/commons-codec/1.10/commons-codec-1.10.jar:/Users/184973/.m2/repository/commons-logging/commons-logging/1.2/commons-logging-1.2.jar:/Users/184973/.m2/repository/com/google/guava/guava/25.0-jre/guava-25.0-jre.jar:/Users/184973/.m2/repository/com/google/code/findbugs/jsr305/1.3.9/jsr305-1.3.9.jar:/Users/184973/.m2/repository/org/checkerframework/checker-compat-qual/2.0.0/checker-compat-qual-2.0.0.jar:/Users/184973/.m2/repository/com/google/errorprone/error_prone_annotations/2.1.3/error_prone_annotations-2.1.3.jar:/Users/184973/.m2/repository/com/google/j2objc/j2objc-annotations/1.1/j2objc-annotations-1.1.jar:/Users/184973/.m2/repository/org/codehaus/mojo/animal-sniffer-annotations/1.14/animal-sniffer-annotations-1.14.jar:/Users/184973/.m2/repository/org/apache/httpcomponents/httpclient/4.5.5/httpclient-4.5.5.jar:/Users/184973/.m2/repository/org/apache/httpcomponents/httpcore/4.4.9/httpcore-4.4.9.jar:/Users/184973/.m2/repository/com/squareup/okhttp3/okhttp/3.10.0/okhttp-3.10.0.jar:/Users/184973/.m2/repository/com/squareup/okio/okio/1.14.1/okio-1.14.1.jar:/Users/184973/.m2/repository/org/seleniumhq/selenium/selenium-server/3.14.0/selenium-server-3.14.0.jar:/Users/184973/.m2/repository/org/seleniumhq/selenium/selenium-edge-driver/3.14.0/selenium-edge-driver-3.14.0.jar:/Users/184973/.m2/repository/org/seleniumhq/selenium/selenium-firefox-driver/3.14.0/selenium-firefox-driver-3.14.0.jar:/Users/184973/.m2/repository/org/seleniumhq/selenium/selenium-ie-driver/3.14.0/selenium-ie-driver-3.14.0.jar:/Users/184973/.m2/repository/org/seleniumhq/selenium/selenium-opera-driver/3.14.0/selenium-opera-driver-3.14.0.jar:/Users/184973/.m2/repository/org/seleniumhq/selenium/selenium-safari-driver/3.14.0/selenium-safari-driver-3.14.0.jar:/Users/184973/.m2/repository/org/seleniumhq/selenium/selenium-support/3.14.0/selenium-support-3.14.0.jar:/Users/184973/.m2/repository/org/apache/commons/commons-lang3/3.7/commons-lang3-3.7.jar:/Users/184973/.m2/repository/org/apache/commons/commons-text/1.1/commons-text-1.1.jar:/Users/184973/.m2/repository/commons-io/commons-io/2.6/commons-io-2.6.jar:/Users/184973/.m2/repository/commons-net/commons-net/3.6/commons-net-3.6.jar:/Users/184973/.m2/repository/net/sourceforge/htmlunit/htmlunit/2.30/htmlunit-2.30.jar:/Users/184973/.m2/repository/net/sourceforge/htmlunit/htmlunit-core-js/2.28/htmlunit-core-js-2.28.jar:/Users/184973/.m2/repository/net/sourceforge/htmlunit/htmlunit-cssparser/1.0.0/htmlunit-cssparser-1.0.0.jar:/Users/184973/.m2/repository/net/sourceforge/htmlunit/neko-htmlunit/2.30/neko-htmlunit-2.30.jar:/Users/184973/.m2/repository/org/apache/httpcomponents/httpmime/4.5.5/httpmime-4.5.5.jar:/Users/184973/.m2/repository/net/jcip/jcip-annotations/1.0/jcip-annotations-1.0.jar:/Users/184973/.m2/repository/org/seleniumhq/selenium/jetty-repacked/9.4.8.v20180619/jetty-repacked-9.4.8.v20180619.jar:/Users/184973/.m2/repository/org/eclipse/jetty/jetty-client/9.4.8.v20180619/jetty-client-9.4.8.v20180619.jar:/Users/184973/.m2/repository/org/eclipse/jetty/jetty-http/9.4.8.v20180619/jetty-http-9.4.8.v20180619.jar:/Users/184973/.m2/repository/org/eclipse/jetty/jetty-io/9.4.8.v20180619/jetty-io-9.4.8.v20180619.jar:/Users/184973/.m2/repository/org/eclipse/jetty/jetty-util/9.4.8.v20180619/jetty-util-9.4.8.v20180619.jar:/Users/184973/.m2/repository/org/eclipse/jetty/jetty-xml/9.4.8.v20180619/jetty-xml-9.4.8.v20180619.jar:/Users/184973/.m2/repository/org/seleniumhq/selenium/htmlunit-driver/2.30.0/htmlunit-driver-2.30.0.jar:/Users/184973/.m2/repository/javax/servlet/javax.servlet-api/3.1.0/javax.servlet-api-3.1.0.jar:/Users/184973/.m2/repository/org/eclipse/jetty/websocket/websocket-api/9.4.8.v20180619/websocket-api-9.4.8.v20180619.jar:/Users/184973/.m2/repository/org/eclipse/jetty/websocket/websocket-client/9.4.8.v20180619/websocket-client-9.4.8.v20180619.jar:/Users/184973/.m2/repository/org/eclipse/jetty/websocket/websocket-common/9.4.8.v20180619/websocket-common-9.4.8.v20180619.jar:/Users/184973/.m2/repository/xalan/serializer/2.7.2/serializer-2.7.2.jar:/Users/184973/.m2/repository/xalan/xalan/2.7.2/xalan-2.7.2.jar:/Users/184973/.m2/repository/xerces/xercesImpl/2.11.0/xercesImpl-2.11.0.jar:/Users/184973/.m2/repository/xml-apis/xml-apis/1.4.01/xml-apis-1.4.01.jar:/Users/184973/.m2/repository/org/yaml/snakeyaml/1.19/snakeyaml-1.19.jar:/Users/184973/.m2/repository/org/seleniumhq/selenium/selenium-java/3.14.0/selenium-java-3.14.0.jar:/Users/184973/.m2/repository/io/github/bonigarcia/webdrivermanager/3.6.0/webdrivermanager-3.6.0.jar:/Users/184973/.m2/repository/com/google/code/gson/gson/2.8.5/gson-2.8.5.jar:/Users/184973/.m2/repository/org/rauschig/jarchivelib/1.0.0/jarchivelib-1.0.0.jar:/Users/184973/.m2/repository/org/apache/commons/commons-compress/1.18/commons-compress-1.18.jar:/Users/184973/.m2/repository/org/jsoup/jsoup/1.11.3/jsoup-1.11.3.jar:/Users/184973/Documents/automation/lex_automation/lex-page-objects/target/classes:/Users/184973/.m2/repository/org/testng/testng/6.14.3/testng-6.14.3.jar:/Users/184973/.m2/repository/com/beust/jcommander/1.72/jcommander-1.72.jar:/Users/184973/.m2/repository/org/apache-extras/beanshell/bsh/2.0b6/bsh-2.0b6.jar:/Users/184973/.m2/repository/org/slf4j/slf4j-api/1.7.5/slf4j-api-1.7.5.jar:/Users/184973/.m2/repository/org/slf4j/slf4j-log4j12/1.7.5/slf4j-log4j12-1.7.5.jar:/Users/184973/.m2/repository/log4j/log4j/1.2.17/log4j-1.2.17.jar:"/>
    <property name="sun.cpu.endian" value="little"/>
    <property name="user.home" value="/Users/184973"/>
    <property name="user.language" value="en"/>
    <property name="java.specification.vendor" value="Oracle Corporation"/>
    <property name="java.home" value="/Library/Java/JavaVirtualMachines/jdk1.8.0_261.jdk/Contents/Home/jre"/>
    <property name="basedir" value="/Users/184973/Documents/automation/lex_automation/lex-regression-tests"/>
    <property name="file.separator" value="/"/>
    <property name="line.separator" value="&#10;"/>
    <property name="java.vm.specification.vendor" value="Oracle Corporation"/>
    <property name="java.specification.name" value="Java Platform API Specification"/>
    <property name="java.awt.graphicsenv" value="sun.awt.CGraphicsEnvironment"/>
    <property name="surefire.real.class.path" value="/Users/184973/Documents/automation/lex_automation/lex-regression-tests/target/surefire/surefirebooter8845813313136704366.jar"/>
    <property name="sun.boot.class.path" value="/Library/Java/JavaVirtualMachines/jdk1.8.0_261.jdk/Contents/Home/jre/lib/resources.jar:/Library/Java/JavaVirtualMachines/jdk1.8.0_261.jdk/Contents/Home/jre/lib/rt.jar:/Library/Java/JavaVirtualMachines/jdk1.8.0_261.jdk/Contents/Home/jre/lib/sunrsasign.jar:/Library/Java/JavaVirtualMachines/jdk1.8.0_261.jdk/Contents/Home/jre/lib/jsse.jar:/Library/Java/JavaVirtualMachines/jdk1.8.0_261.jdk/Contents/Home/jre/lib/jce.jar:/Library/Java/JavaVirtualMachines/jdk1.8.0_261.jdk/Contents/Home/jre/lib/charsets.jar:/Library/Java/JavaVirtualMachines/jdk1.8.0_261.jdk/Contents/Home/jre/lib/jfr.jar:/Library/Java/JavaVirtualMachines/jdk1.8.0_261.jdk/Contents/Home/jre/classes"/>
    <property name="sun.management.compiler" value="HotSpot 64-Bit Tiered Compilers"/>
    <property name="ftp.nonProxyHosts" value="local|*.local|169.254/16|*.169.254/16"/>
    <property name="java.runtime.version" value="1.8.0_261-b12"/>
    <property name="user.name" value="184973"/>
    <property name="path.separator" value=":"/>
    <property name="os.version" value="10.15.7"/>
    <property name="java.endorsed.dirs" value="/Library/Java/JavaVirtualMachines/jdk1.8.0_261.jdk/Contents/Home/jre/lib/endorsed"/>
    <property name="java.runtime.name" value="Java(TM) SE Runtime Environment"/>
    <property name="file.encoding" value="UTF-8"/>
    <property name="java.vm.name" value="Java HotSpot(TM) 64-Bit Server VM"/>
    <property name="localRepository" value="/Users/184973/.m2/repository"/>
    <property name="java.vendor.url.bug" value="http://bugreport.sun.com/bugreport/"/>
    <property name="java.io.tmpdir" value="/var/folders/2r/2bvglkkd41bghhc_kv80zccrb09gdy/T/"/>
    <property name="java.version" value="1.8.0_261"/>
    <property name="user.dir" value="/Users/184973/Documents/automation/lex_automation/lex-regression-tests"/>
    <property name="os.arch" value="x86_64"/>
    <property name="java.vm.specification.name" value="Java Virtual Machine Specification"/>
    <property name="java.awt.printerjob" value="sun.lwawt.macosx.CPrinterJob"/>
    <property name="failIfNoTests" value="false"/>
    <property name="sun.os.patch.level" value="unknown"/>
    <property name="java.library.path" value="/Users/184973/Library/Java/Extensions:/Library/Java/Extensions:/Network/Library/Java/Extensions:/System/Library/Java/Extensions:/usr/lib/java:."/>
    <property name="java.vm.info" value="mixed mode"/>
    <property name="java.vendor" value="Oracle Corporation"/>
    <property name="java.vm.version" value="25.261-b12"/>
    <property name="java.ext.dirs" value="/Users/184973/Library/Java/Extensions:/Library/Java/JavaVirtualMachines/jdk1.8.0_261.jdk/Contents/Home/jre/lib/ext:/Library/Java/Extensions:/Network/Library/Java/Extensions:/System/Library/Java/Extensions:/usr/lib/java"/>
    <property name="sun.io.unicode.encoding" value="UnicodeBig"/>
    <property name="java.class.version" value="52.0"/>
    <property name="socksNonProxyHosts" value="local|*.local|169.254/16|*.169.254/16"/>
  </properties>
  <testcase name="canSubmitForm" classname="lex.tests.homepage.CRHomepageTests" time="0">
    <skipped message="expected [&lt;html style=&quot;&quot; class=&quot;js backgroundsize cssgradients csstransforms csstransforms3d csstransitions cssremunit wf-sourcesanspro-n7-active wf-worksans-n4-active wf-worksans-n3-active wf-worksans-n7-active wf-sourcesanspro-n3-active wf-sourcesanspro-n4-active wf-sourcesanspro-i4-active wf-sourcesanspro-i7-active wf-active&quot;&gt;&lt;head class=&quot;at-element-marker&quot;&gt;&#10;&#10;&#10;&lt;meta http-equiv=&quot;content-type&quot; content=&quot;text/html; charset=UTF-8&quot;&gt;&#10;&lt;meta http-equiv=&quot;X-UA-Compatible&quot; content=&quot;IE=edge,chrome=1&quot;&gt;&#10;&#10;&#10;&#10;&#10;  &lt;meta name=&quot;description&quot; content=&quot;Our credit repair services help to fix your credit report. We have helped people take control of their financial lives from across the country. Our track record speaks for itself. Call CreditRepair.com for a free consultation today.&quot;&gt;&#10;&#10;&#10;&lt;meta name=&quot;viewport&quot; content=&quot;width=device-width,initial-scale=1,maximum-scale=1&quot;&gt;&#10;&#10;&#10;  &lt;meta name=&quot;google-site-verification&quot; content=&quot;-heGoALby8LFUkNJ1ONh5MqtujnysbIjlxkRwjlsFcE&quot;&gt;&#10;&#10;&#10;&#10;  &lt;meta name=&quot;robots&quot; content=&quot;index,follow&quot;&gt;&#10;&#10;&#10;&#10;  &lt;meta name=&quot;theme-color&quot; content=&quot;#007CB9&quot;&gt;&#10;&#10;&#10;&#10;&lt;script async=&quot;&quot; src=&quot;//cdn.taboola.com/libtrc/unip/1028207/tfa.js&quot; id=&quot;tb_tfa_script&quot;&gt;&lt;/script&gt;&lt;script async=&quot;&quot; src=&quot;//amplify.outbrain.com/cp/obtp.js&quot; type=&quot;text/javascript&quot;&gt;&lt;/script&gt;&lt;script async=&quot;&quot; src=&quot;https://a.quora.com/qevents.js&quot;&gt;&lt;/script&gt;&lt;script src=&quot;https://www.redditstatic.com/ads/pixel.js&quot; async=&quot;&quot;&gt;&lt;/script&gt;&lt;script src=&quot;https://s.yimg.com/wi/ytc.js&quot; async=&quot;&quot;&gt;&lt;/script&gt;&lt;script async=&quot;&quot; src=&quot;//rum-static.pingdom.net/prum.min.js&quot;&gt;&lt;/script&gt;&lt;script type=&quot;text/javascript&quot; src=&quot;//track.securedvisit.com/js/sv.js&quot;&gt;&lt;/script&gt;&lt;script src=&quot;https://connect.facebook.net/signals/config/330015437855242?v=2.9.27&amp;amp;r=stable&quot; async=&quot;&quot;&gt;&lt;/script&gt;&lt;script src=&quot;https://connect.facebook.net/signals/config/1817185775266351?v=2.9.27&amp;amp;r=stable&quot; async=&quot;&quot;&gt;&lt;/script&gt;&lt;script src=&quot;https://connect.facebook.net/signals/config/1623371841313368?v=2.9.27&amp;amp;r=stable&quot; async=&quot;&quot;&gt;&lt;/script&gt;&lt;script async=&quot;&quot; src=&quot;https://connect.facebook.net/en_US/fbevents.js&quot;&gt;&lt;/script&gt;&lt;script type=&quot;text/javascript&quot; async=&quot;&quot; defer=&quot;&quot; src=&quot;//analytics.xscreenattribution.com/matomo.js&quot;&gt;&lt;/script&gt;&lt;script async=&quot;&quot; src=&quot;//static.ads-twitter.com/uwt.js&quot;&gt;&lt;/script&gt;&lt;script type=&quot;text/javascript&quot; src=&quot;https://solutions.invocacdn.com/js/pnapi_integration-latest.min.js&quot;&gt;&lt;/script&gt;&lt;script src=&quot;//bat.bing.com/bat.js&quot; async=&quot;&quot;&gt;&lt;/script&gt;&lt;script async=&quot;true&quot; type=&quot;text/javascript&quot; src=&quot;https://sslwidget.criteo.com/event?a=35738&amp;amp;v=5.6.2&amp;amp;p0=e%3Dexd%26site_type%3Dd&amp;amp;p1=e%3Dvh&amp;amp;p2=e%3Ddis&amp;amp;adce=1&amp;amp;tld=creditrepair.com&amp;amp;dtycbr=62405&quot; data-owner=&quot;criteo-tag&quot;&gt;&lt;/script&gt;&lt;script type=&quot;text/javascript&quot; async=&quot;&quot; src=&quot;https://www.googleadservices.com/pagead/conversion_async.js&quot;&gt;&lt;/script&gt;&lt;script type=&quot;text/javascript&quot; async=&quot;&quot; src=&quot;https://www.google-analytics.com/analytics.js&quot;&gt;&lt;/script&gt;&lt;script type=&quot;text/javascript&quot; async=&quot;&quot; src=&quot;https://www.googleadservices.com/pagead/conversion_async.js&quot;&gt;&lt;/script&gt;&lt;script type=&quot;text/javascript&quot; async=&quot;&quot; src=&quot;https://www.googleadservices.com/pagead/conversion_async.js&quot;&gt;&lt;/script&gt;&lt;script type=&quot;text/javascript&quot; async=&quot;&quot; src=&quot;https://www.googleadservices.com/pagead/conversion_async.js&quot;&gt;&lt;/script&gt;&lt;script type=&quot;text/javascript&quot; async=&quot;&quot; src=&quot;https://www.googleadservices.com/pagead/conversion_async.js&quot;&gt;&lt;/script&gt;&lt;script type=&quot;text/javascript&quot; async=&quot;&quot; src=&quot;https://www.googletagmanager.com/gtag/js?id=UA-30748937-1&amp;amp;l=dataLayer&amp;amp;cx=c&quot;&gt;&lt;/script&gt;&lt;script type=&quot;text/javascript&quot; async=&quot;&quot; src=&quot;https://www.googletagmanager.com/gtag/js?id=DC-8836660&amp;amp;l=dataLayer&amp;amp;cx=c&quot;&gt;&lt;/script&gt;&lt;script type=&quot;text/javascript&quot; async=&quot;&quot; src=&quot;https://www.googletagmanager.com/gtag/js?id=AW-989023685&amp;amp;l=dataLayer&amp;amp;cx=c&quot;&gt;&lt;/script&gt;&lt;script type=&quot;text/javascript&quot; async=&quot;&quot; src=&quot;https://www.googletagmanager.com/gtag/js?id=AW-1070835421&amp;amp;l=dataLayer&amp;amp;cx=c&quot;&gt;&lt;/script&gt;&lt;script type=&quot;text/javascript&quot; async=&quot;&quot; src=&quot;https://www.googletagmanager.com/gtag/js?id=AW-939232542&amp;amp;l=dataLayer&amp;amp;cx=c&quot;&gt;&lt;/script&gt;&lt;script type=&quot;text/javascript&quot; async=&quot;&quot; src=&quot;https://www.googletagmanager.com/gtag/js?id=AW-1053751751&amp;amp;l=dataLayer&amp;amp;cx=c&quot;&gt;&lt;/script&gt;&lt;script type=&quot;text/javascript&quot; async=&quot;&quot; src=&quot;https://www.googleadservices.com/pagead/conversion_async.js&quot;&gt;&lt;/script&gt;&lt;script&gt;&#10;  !function(a,b){&quot;object&quot;==typeof module&amp;&amp;&quot;object&quot;==typeof module.exports?module.exports=a.document?b(a,!0):function(a){if(!a.document)throw new Error(&quot;jQuery requires a window with a document&quot;);return b(a)}:b(a)}(&quot;undefined&quot;!=typeof window?window:this,function(a,b){var c=[],d=a.document,e=c.slice,f=c.concat,g=c.push,h=c.indexOf,i={},j=i.toString,k=i.hasOwnProperty,l={},m=&quot;2.2.0&quot;,n=function(a,b){return new n.fn.init(a,b)},o=/^[\s\uFEFF\xA0]+|[\s\uFEFF\xA0]+$/g,p=/^-ms-/,q=/-([\da-z])/gi,r=function(a,b){return b.toUpperCase()};n.fn=n.prototype={jquery:m,constructor:n,selector:&quot;&quot;,length:0,toArray:function(){return e.call(this)},get:function(a){return null!=a?0&gt;a?this[a+this.length]:this[a]:e.call(this)},pushStack:function(a){var b=n.merge(this.constructor(),a);return b.prevObject=this,b.context=this.context,b},each:function(a){return n.each(this,a)},map:function(a){return this.pushStack(n.map(this,function(b,c){return a.call(b,c,b)}))},slice:function(){return this.pushStack(e.apply(this,arguments))},first:function(){return this.eq(0)},last:function(){return this.eq(-1)},eq:function(a){var b=this.length,c=+a+(0&gt;a?b:0);return this.pushStack(c&gt;=0&amp;&amp;b&gt;c?[this[c]]:[])},end:function(){return this.prevObject||this.constructor()},push:g,sort:c.sort,splice:c.splice},n.extend=n.fn.extend=function(){var a,b,c,d,e,f,g=arguments[0]||{},h=1,i=arguments.length,j=!1;for(&quot;boolean&quot;==typeof g&amp;&amp;(j=g,g=arguments[h]||{},h++),&quot;object&quot;==typeof g||n.isFunction(g)||(g={}),h===i&amp;&amp;(g=this,h--);i&gt;h;h++)if(null!=(a=arguments[h]))for(b in a)c=g[b],d=a[b],g!==d&amp;&amp;(j&amp;&amp;d&amp;&amp;(n.isPlainObject(d)||(e=n.isArray(d)))?(e?(e=!1,f=c&amp;&amp;n.isArray(c)?c:[]):f=c&amp;&amp;n.isPlainObject(c)?c:{},g[b]=n.extend(j,f,d)):void 0!==d&amp;&amp;(g[b]=d));return g},n.extend({expando:&quot;jQuery&quot;+(m+Math.random()).replace(/\D/g,&quot;&quot;),isReady:!0,error:function(a){throw new Error(a)},noop:function(){},isFunction:function(a){return&quot;function&quot;===n.type(a)},isArray:Array.isArray,isWindow:function(a){return null!=a&amp;&amp;a===a.window},isNumeric:function(a){var b=a&amp;&amp;a.toString();return!n.isArray(a)&amp;&amp;b-parseFloat(b)+1&gt;=0},isPlainObject:function(a){return&quot;object&quot;!==n.type(a)||a.nodeType||n.isWindow(a)?!1:a.constructor&amp;&amp;!k.call(a.constructor.prototype,&quot;isPrototypeOf&quot;)?!1:!0},isEmptyObject:function(a){var b;for(b in a)return!1;return!0},type:function(a){return null==a?a+&quot;&quot;:&quot;object&quot;==typeof a||&quot;function&quot;==typeof a?i[j.call(a)]||&quot;object&quot;:typeof a},globalEval:function(a){var b,c=eval;a=n.trim(a),a&amp;&amp;(1===a.indexOf(&quot;use strict&quot;)?(b=d.createElement(&quot;script&quot;),b.text=a,d.head.appendChild(b).parentNode.removeChild(b)):c(a))},camelCase:function(a){return a.replace(p,&quot;ms-&quot;).replace(q,r)},nodeName:function(a,b){return a.nodeName&amp;&amp;a.nodeName.toLowerCase()===b.toLowerCase()},each:function(a,b){var c,d=0;if(s(a)){for(c=a.length;c&gt;d;d++)if(b.call(a[d],d,a[d])===!1)break}else for(d in a)if(b.call(a[d],d,a[d])===!1)break;return a},trim:function(a){return null==a?&quot;&quot;:(a+&quot;&quot;).replace(o,&quot;&quot;)},makeArray:function(a,b){var c=b||[];return null!=a&amp;&amp;(s(Object(a))?n.merge(c,&quot;string&quot;==typeof a?[a]:a):g.call(c,a)),c},inArray:function(a,b,c){return null==b?-1:h.call(b,a,c)},merge:function(a,b){for(var c=+b.length,d=0,e=a.length;c&gt;d;d++)a[e++]=b[d];return a.length=e,a},grep:function(a,b,c){for(var d,e=[],f=0,g=a.length,h=!c;g&gt;f;f++)d=!b(a[f],f),d!==h&amp;&amp;e.push(a[f]);return e},map:function(a,b,c){var d,e,g=0,h=[];if(s(a))for(d=a.length;d&gt;g;g++)e=b(a[g],g,c),null!=e&amp;&amp;h.push(e);else for(g in a)e=b(a[g],g,c),null!=e&amp;&amp;h.push(e);return f.apply([],h)},guid:1,proxy:function(a,b){var c,d,f;return&quot;string&quot;==typeof b&amp;&amp;(c=a[b],b=a,a=c),n.isFunction(a)?(d=e.call(arguments,2),f=function(){return a.apply(b||this,d.concat(e.call(arguments)))},f.guid=a.guid=a.guid||n.guid++,f):void 0},now:Date.now,support:l}),&quot;function&quot;==typeof Symbol&amp;&amp;(n.fn[Symbol.iterator]=c[Symbol.iterator]),n.each(&quot;Boolean Number String Function Array Date RegExp Object Error Symbol&quot;.split(&quot; &quot;),function(a,b){i[&quot;[object &quot;+b+&quot;]&quot;]=b.toLowerCase()});function s(a){var b=!!a&amp;&amp;&quot;length&quot;in a&amp;&amp;a.length,c=n.type(a);return&quot;function&quot;===c||n.isWindow(a)?!1:&quot;array&quot;===c||0===b||&quot;number&quot;==typeof b&amp;&amp;b&gt;0&amp;&amp;b-1 in a}var t=function(a){var b,c,d,e,f,g,h,i,j,k,l,m,n,o,p,q,r,s,t,u=&quot;sizzle&quot;+1*new Date,v=a.document,w=0,x=0,y=ga(),z=ga(),A=ga(),B=function(a,b){return a===b&amp;&amp;(l=!0),0},C=1&lt;&lt;31,D={}.hasOwnProperty,E=[],F=E.pop,G=E.push,H=E.push,I=E.slice,J=function(a,b){for(var c=0,d=a.length;d&gt;c;c++)if(a[c]===b)return c;return-1},K=&quot;checked|selected|async|autofocus|autoplay|controls|defer|disabled|hidden|ismap|loop|multiple|open|readonly|required|scoped&quot;,L=&quot;[\\x20\\t\\r\\n\\f]&quot;,M=&quot;(?:\\\\.|[\\w-]|[^\\x00-\\xa0])+&quot;,N=&quot;\\[&quot;+L+&quot;*(&quot;+M+&quot;)(?:&quot;+L+&quot;*([*^$|!~]?=)&quot;+L+&quot;*(?:&apos;((?:\\\\.|[^\\\\&apos;])*)&apos;|\&quot;((?:\\\\.|[^\\\\\&quot;])*)\&quot;|(&quot;+M+&quot;))|)&quot;+L+&quot;*\\]&quot;,O=&quot;:(&quot;+M+&quot;)(?:\\(((&apos;((?:\\\\.|[^\\\\&apos;])*)&apos;|\&quot;((?:\\\\.|[^\\\\\&quot;])*)\&quot;)|((?:\\\\.|[^\\\\()[\\]]|&quot;+N+&quot;)*)|.*)\\)|)&quot;,P=new RegExp(L+&quot;+&quot;,&quot;g&quot;),Q=new RegExp(&quot;^&quot;+L+&quot;+|((?:^|[^\\\\])(?:\\\\.)*)&quot;+L+&quot;+$&quot;,&quot;g&quot;),R=new RegExp(&quot;^&quot;+L+&quot;*,&quot;+L+&quot;*&quot;),S=new RegExp(&quot;^&quot;+L+&quot;*([&gt;+~]|&quot;+L+&quot;)&quot;+L+&quot;*&quot;),T=new RegExp(&quot;=&quot;+L+&quot;*([^\\]&apos;\&quot;]*?)&quot;+L+&quot;*\\]&quot;,&quot;g&quot;),U=new RegExp(O),V=new RegExp(&quot;^&quot;+M+&quot;$&quot;),W={ID:new RegExp(&quot;^#(&quot;+M+&quot;)&quot;),CLASS:new RegExp(&quot;^\\.(&quot;+M+&quot;)&quot;),TAG:new RegExp(&quot;^(&quot;+M+&quot;|[*])&quot;),ATTR:new RegExp(&quot;^&quot;+N),PSEUDO:new RegExp(&quot;^&quot;+O),CHILD:new RegExp(&quot;^:(only|first|last|nth|nth-last)-(child|of-type)(?:\\(&quot;+L+&quot;*(even|odd|(([+-]|)(\\d*)n|)&quot;+L+&quot;*(?:([+-]|)&quot;+L+&quot;*(\\d+)|))&quot;+L+&quot;*\\)|)&quot;,&quot;i&quot;),bool:new RegExp(&quot;^(?:&quot;+K+&quot;)$&quot;,&quot;i&quot;),needsContext:new RegExp(&quot;^&quot;+L+&quot;*[&gt;+~]|:(even|odd|eq|gt|lt|nth|first|last)(?:\\(&quot;+L+&quot;*((?:-\\d)?\\d*)&quot;+L+&quot;*\\)|)(?=[^-]|$)&quot;,&quot;i&quot;)},X=/^(?:input|select|textarea|button)$/i,Y=/^h\d$/i,Z=/^[^{]+\{\s*\[native \w/,$=/^(?:#([\w-]+)|(\w+)|\.([\w-]+))$/,_=/[+~]/,aa=/&apos;|\\/g,ba=new RegExp(&quot;\\\\([\\da-f]{1,6}&quot;+L+&quot;?|(&quot;+L+&quot;)|.)&quot;,&quot;ig&quot;),ca=function(a,b,c){var d=&quot;0x&quot;+b-65536;return d!==d||c?b:0&gt;d?String.fromCharCode(d+65536):String.fromCharCode(d&gt;&gt;10|55296,1023&amp;d|56320)},da=function(){m()};try{H.apply(E=I.call(v.childNodes),v.childNodes),E[v.childNodes.length].nodeType}catch(ea){H={apply:E.length?function(a,b){G.apply(a,I.call(b))}:function(a,b){var c=a.length,d=0;while(a[c++]=b[d++]);a.length=c-1}}}function fa(a,b,d,e){var f,h,j,k,l,o,r,s,w=b&amp;&amp;b.ownerDocument,x=b?b.nodeType:9;if(d=d||[],&quot;string&quot;!=typeof a||!a||1!==x&amp;&amp;9!==x&amp;&amp;11!==x)return d;if(!e&amp;&amp;((b?b.ownerDocument||b:v)!==n&amp;&amp;m(b),b=b||n,p)){if(11!==x&amp;&amp;(o=$.exec(a)))if(f=o[1]){if(9===x){if(!(j=b.getElementById(f)))return d;if(j.id===f)return d.push(j),d}else if(w&amp;&amp;(j=w.getElementById(f))&amp;&amp;t(b,j)&amp;&amp;j.id===f)return d.push(j),d}else{if(o[2])return H.apply(d,b.getElementsByTagName(a)),d;if((f=o[3])&amp;&amp;c.getElementsByClassName&amp;&amp;b.getElementsByClassName)return H.apply(d,b.getElementsByClassName(f)),d}if(c.qsa&amp;&amp;!A[a+&quot; &quot;]&amp;&amp;(!q||!q.test(a))){if(1!==x)w=b,s=a;else if(&quot;object&quot;!==b.nodeName.toLowerCase()){(k=b.getAttribute(&quot;id&quot;))?k=k.replace(aa,&quot;\\$&amp;&quot;):b.setAttribute(&quot;id&quot;,k=u),r=g(a),h=r.length,l=V.test(k)?&quot;#&quot;+k:&quot;[id=&apos;&quot;+k+&quot;&apos;]&quot;;while(h--)r[h]=l+&quot; &quot;+qa(r[h]);s=r.join(&quot;,&quot;),w=_.test(a)&amp;&amp;oa(b.parentNode)||b}if(s)try{return H.apply(d,w.querySelectorAll(s)),d}catch(y){}finally{k===u&amp;&amp;b.removeAttribute(&quot;id&quot;)}}}return i(a.replace(Q,&quot;$1&quot;),b,d,e)}function ga(){var a=[];function b(c,e){return a.push(c+&quot; &quot;)&gt;d.cacheLength&amp;&amp;delete b[a.shift()],b[c+&quot; &quot;]=e}return b}function ha(a){return a[u]=!0,a}function ia(a){var b=n.createElement(&quot;div&quot;);try{return!!a(b)}catch(c){return!1}finally{b.parentNode&amp;&amp;b.parentNode.removeChild(b),b=null}}function ja(a,b){var c=a.split(&quot;|&quot;),e=c.length;while(e--)d.attrHandle[c[e]]=b}function ka(a,b){var c=b&amp;&amp;a,d=c&amp;&amp;1===a.nodeType&amp;&amp;1===b.nodeType&amp;&amp;(~b.sourceIndex||C)-(~a.sourceIndex||C);if(d)return d;if(c)while(c=c.nextSibling)if(c===b)return-1;return a?1:-1}function la(a){return function(b){var c=b.nodeName.toLowerCase();return&quot;input&quot;===c&amp;&amp;b.type===a}}function ma(a){return function(b){var c=b.nodeName.toLowerCase();return(&quot;input&quot;===c||&quot;button&quot;===c)&amp;&amp;b.type===a}}function na(a){return ha(function(b){return b=+b,ha(function(c,d){var e,f=a([],c.length,b),g=f.length;while(g--)c[e=f[g]]&amp;&amp;(c[e]=!(d[e]=c[e]))})})}function oa(a){return a&amp;&amp;&quot;undefined&quot;!=typeof a.getElementsByTagName&amp;&amp;a}c=fa.support={},f=fa.isXML=function(a){var b=a&amp;&amp;(a.ownerDocument||a).documentElement;return b?&quot;HTML&quot;!==b.nodeName:!1},m=fa.setDocument=function(a){var b,e,g=a?a.ownerDocument||a:v;return g!==n&amp;&amp;9===g.nodeType&amp;&amp;g.documentElement?(n=g,o=n.documentElement,p=!f(n),(e=n.defaultView)&amp;&amp;e.top!==e&amp;&amp;(e.addEventListener?e.addEventListener(&quot;unload&quot;,da,!1):e.attachEvent&amp;&amp;e.attachEvent(&quot;onunload&quot;,da)),c.attributes=ia(function(a){return a.className=&quot;i&quot;,!a.getAttribute(&quot;className&quot;)}),c.getElementsByTagName=ia(function(a){return a.appendChild(n.createComment(&quot;&quot;)),!a.getElementsByTagName(&quot;*&quot;).length}),c.getElementsByClassName=Z.test(n.getElementsByClassName),c.getById=ia(function(a){return o.appendChild(a).id=u,!n.getElementsByName||!n.getElementsByName(u).length}),c.getById?(d.find.ID=function(a,b){if(&quot;undefined&quot;!=typeof b.getElementById&amp;&amp;p){var c=b.getElementById(a);return c?[c]:[]}},d.filter.ID=function(a){var b=a.replace(ba,ca);return function(a){return a.getAttribute(&quot;id&quot;)===b}}):(delete d.find.ID,d.filter.ID=function(a){var b=a.replace(ba,ca);return function(a){var c=&quot;undefined&quot;!=typeof a.getAttributeNode&amp;&amp;a.getAttributeNode(&quot;id&quot;);return c&amp;&amp;c.value===b}}),d.find.TAG=c.getElementsByTagName?function(a,b){return&quot;undefined&quot;!=typeof b.getElementsByTagName?b.getElementsByTagName(a):c.qsa?b.querySelectorAll(a):void 0}:function(a,b){var c,d=[],e=0,f=b.getElementsByTagName(a);if(&quot;*&quot;===a){while(c=f[e++])1===c.nodeType&amp;&amp;d.push(c);return d}return f},d.find.CLASS=c.getElementsByClassName&amp;&amp;function(a,b){return&quot;undefined&quot;!=typeof b.getElementsByClassName&amp;&amp;p?b.getElementsByClassName(a):void 0},r=[],q=[],(c.qsa=Z.test(n.querySelectorAll))&amp;&amp;(ia(function(a){o.appendChild(a).innerHTML=&quot;&lt;a id=&apos;&quot;+u+&quot;&apos;&gt;&lt;/a&gt;&lt;select id=&apos;&quot;+u+&quot;-\r\\&apos; msallowcapture=&apos;&apos;&gt;&lt;option selected=&apos;&apos;&gt;&lt;/option&gt;&lt;/select&gt;&quot;,a.querySelectorAll(&quot;[msallowcapture^=&apos;&apos;]&quot;).length&amp;&amp;q.push(&quot;[*^$]=&quot;+L+&quot;*(?:&apos;&apos;|\&quot;\&quot;)&quot;),a.querySelectorAll(&quot;[selected]&quot;).length||q.push(&quot;\\[&quot;+L+&quot;*(?:value|&quot;+K+&quot;)&quot;),a.querySelectorAll(&quot;[id~=&quot;+u+&quot;-]&quot;).length||q.push(&quot;~=&quot;),a.querySelectorAll(&quot;:checked&quot;).length||q.push(&quot;:checked&quot;),a.querySelectorAll(&quot;a#&quot;+u+&quot;+*&quot;).length||q.push(&quot;.#.+[+~]&quot;)}),ia(function(a){var b=n.createElement(&quot;input&quot;);b.setAttribute(&quot;type&quot;,&quot;hidden&quot;),a.appendChild(b).setAttribute(&quot;name&quot;,&quot;D&quot;),a.querySelectorAll(&quot;[name=d]&quot;).length&amp;&amp;q.push(&quot;name&quot;+L+&quot;*[*^$|!~]?=&quot;),a.querySelectorAll(&quot;:enabled&quot;).length||q.push(&quot;:enabled&quot;,&quot;:disabled&quot;),a.querySelectorAll(&quot;*,:x&quot;),q.push(&quot;,.*:&quot;)})),(c.matchesSelector=Z.test(s=o.matches||o.webkitMatchesSelector||o.mozMatchesSelector||o.oMatchesSelector||o.msMatchesSelector))&amp;&amp;ia(function(a){c.disconnectedMatch=s.call(a,&quot;div&quot;),s.call(a,&quot;[s!=&apos;&apos;]:x&quot;),r.push(&quot;!=&quot;,O)}),q=q.length&amp;&amp;new RegExp(q.join(&quot;|&quot;)),r=r.length&amp;&amp;new RegExp(r.join(&quot;|&quot;)),b=Z.test(o.compareDocumentPosition),t=b||Z.test(o.contains)?function(a,b){var c=9===a.nodeType?a.documentElement:a,d=b&amp;&amp;b.parentNode;return a===d||!(!d||1!==d.nodeType||!(c.contains?c.contains(d):a.compareDocumentPosition&amp;&amp;16&amp;a.compareDocumentPosition(d)))}:function(a,b){if(b)while(b=b.parentNode)if(b===a)return!0;return!1},B=b?function(a,b){if(a===b)return l=!0,0;var d=!a.compareDocumentPosition-!b.compareDocumentPosition;return d?d:(d=(a.ownerDocument||a)===(b.ownerDocument||b)?a.compareDocumentPosition(b):1,1&amp;d||!c.sortDetached&amp;&amp;b.compareDocumentPosition(a)===d?a===n||a.ownerDocument===v&amp;&amp;t(v,a)?-1:b===n||b.ownerDocument===v&amp;&amp;t(v,b)?1:k?J(k,a)-J(k,b):0:4&amp;d?-1:1)}:function(a,b){if(a===b)return l=!0,0;var c,d=0,e=a.parentNode,f=b.parentNode,g=[a],h=[b];if(!e||!f)return a===n?-1:b===n?1:e?-1:f?1:k?J(k,a)-J(k,b):0;if(e===f)return ka(a,b);c=a;while(c=c.parentNode)g.unshift(c);c=b;while(c=c.parentNode)h.unshift(c);while(g[d]===h[d])d++;return d?ka(g[d],h[d]):g[d]===v?-1:h[d]===v?1:0},n):n},fa.matches=function(a,b){return fa(a,null,null,b)},fa.matchesSelector=function(a,b){if((a.ownerDocument||a)!==n&amp;&amp;m(a),b=b.replace(T,&quot;=&apos;$1&apos;]&quot;),c.matchesSelector&amp;&amp;p&amp;&amp;!A[b+&quot; &quot;]&amp;&amp;(!r||!r.test(b))&amp;&amp;(!q||!q.test(b)))try{var d=s.call(a,b);if(d||c.disconnectedMatch||a.document&amp;&amp;11!==a.document.nodeType)return d}catch(e){}return fa(b,n,null,[a]).length&gt;0},fa.contains=function(a,b){return(a.ownerDocument||a)!==n&amp;&amp;m(a),t(a,b)},fa.attr=function(a,b){(a.ownerDocument||a)!==n&amp;&amp;m(a);var e=d.attrHandle[b.toLowerCase()],f=e&amp;&amp;D.call(d.attrHandle,b.toLowerCase())?e(a,b,!p):void 0;return void 0!==f?f:c.attributes||!p?a.getAttribute(b):(f=a.getAttributeNode(b))&amp;&amp;f.specified?f.value:null},fa.error=function(a){throw new Error(&quot;Syntax error, unrecognized expression: &quot;+a)},fa.uniqueSort=function(a){var b,d=[],e=0,f=0;if(l=!c.detectDuplicates,k=!c.sortStable&amp;&amp;a.slice(0),a.sort(B),l){while(b=a[f++])b===a[f]&amp;&amp;(e=d.push(f));while(e--)a.splice(d[e],1)}return k=null,a},e=fa.getText=function(a){var b,c=&quot;&quot;,d=0,f=a.nodeType;if(f){if(1===f||9===f||11===f){if(&quot;string&quot;==typeof a.textContent)return a.textContent;for(a=a.firstChild;a;a=a.nextSibling)c+=e(a)}else if(3===f||4===f)return a.nodeValue}else while(b=a[d++])c+=e(b);return c},d=fa.selectors={cacheLength:50,createPseudo:ha,match:W,attrHandle:{},find:{},relative:{&quot;&gt;&quot;:{dir:&quot;parentNode&quot;,first:!0},&quot; &quot;:{dir:&quot;parentNode&quot;},&quot;+&quot;:{dir:&quot;previousSibling&quot;,first:!0},&quot;~&quot;:{dir:&quot;previousSibling&quot;}},preFilter:{ATTR:function(a){return a[1]=a[1].replace(ba,ca),a[3]=(a[3]||a[4]||a[5]||&quot;&quot;).replace(ba,ca),&quot;~=&quot;===a[2]&amp;&amp;(a[3]=&quot; &quot;+a[3]+&quot; &quot;),a.slice(0,4)},CHILD:function(a){return a[1]=a[1].toLowerCase(),&quot;nth&quot;===a[1].slice(0,3)?(a[3]||fa.error(a[0]),a[4]=+(a[4]?a[5]+(a[6]||1):2*(&quot;even&quot;===a[3]||&quot;odd&quot;===a[3])),a[5]=+(a[7]+a[8]||&quot;odd&quot;===a[3])):a[3]&amp;&amp;fa.error(a[0]),a},PSEUDO:function(a){var b,c=!a[6]&amp;&amp;a[2];return W.CHILD.test(a[0])?null:(a[3]?a[2]=a[4]||a[5]||&quot;&quot;:c&amp;&amp;U.test(c)&amp;&amp;(b=g(c,!0))&amp;&amp;(b=c.indexOf(&quot;)&quot;,c.length-b)-c.length)&amp;&amp;(a[0]=a[0].slice(0,b),a[2]=c.slice(0,b)),a.slice(0,3))}},filter:{TAG:function(a){var b=a.replace(ba,ca).toLowerCase();return&quot;*&quot;===a?function(){return!0}:function(a){return a.nodeName&amp;&amp;a.nodeName.toLowerCase()===b}},CLASS:function(a){var b=y[a+&quot; &quot;];return b||(b=new RegExp(&quot;(^|&quot;+L+&quot;)&quot;+a+&quot;(&quot;+L+&quot;|$)&quot;))&amp;&amp;y(a,function(a){return b.test(&quot;string&quot;==typeof a.className&amp;&amp;a.className||&quot;undefined&quot;!=typeof a.getAttribute&amp;&amp;a.getAttribute(&quot;class&quot;)||&quot;&quot;)})},ATTR:function(a,b,c){return function(d){var e=fa.attr(d,a);return null==e?&quot;!=&quot;===b:b?(e+=&quot;&quot;,&quot;=&quot;===b?e===c:&quot;!=&quot;===b?e!==c:&quot;^=&quot;===b?c&amp;&amp;0===e.indexOf(c):&quot;*=&quot;===b?c&amp;&amp;e.indexOf(c)&gt;-1:&quot;$=&quot;===b?c&amp;&amp;e.slice(-c.length)===c:&quot;~=&quot;===b?(&quot; &quot;+e.replace(P,&quot; &quot;)+&quot; &quot;).indexOf(c)&gt;-1:&quot;|=&quot;===b?e===c||e.slice(0,c.length+1)===c+&quot;-&quot;:!1):!0}},CHILD:function(a,b,c,d,e){var f=&quot;nth&quot;!==a.slice(0,3),g=&quot;last&quot;!==a.slice(-4),h=&quot;of-type&quot;===b;return 1===d&amp;&amp;0===e?function(a){return!!a.parentNode}:function(b,c,i){var j,k,l,m,n,o,p=f!==g?&quot;nextSibling&quot;:&quot;previousSibling&quot;,q=b.parentNode,r=h&amp;&amp;b.nodeName.toLowerCase(),s=!i&amp;&amp;!h,t=!1;if(q){if(f){while(p){m=b;while(m=m[p])if(h?m.nodeName.toLowerCase()===r:1===m.nodeType)return!1;o=p=&quot;only&quot;===a&amp;&amp;!o&amp;&amp;&quot;nextSibling&quot;}return!0}if(o=[g?q.firstChild:q.lastChild],g&amp;&amp;s){m=q,l=m[u]||(m[u]={}),k=l[m.uniqueID]||(l[m.uniqueID]={}),j=k[a]||[],n=j[0]===w&amp;&amp;j[1],t=n&amp;&amp;j[2],m=n&amp;&amp;q.childNodes[n];while(m=++n&amp;&amp;m&amp;&amp;m[p]||(t=n=0)||o.pop())if(1===m.nodeType&amp;&amp;++t&amp;&amp;m===b){k[a]=[w,n,t];break}}else if(s&amp;&amp;(m=b,l=m[u]||(m[u]={}),k=l[m.uniqueID]||(l[m.uniqueID]={}),j=k[a]||[],n=j[0]===w&amp;&amp;j[1],t=n),t===!1)while(m=++n&amp;&amp;m&amp;&amp;m[p]||(t=n=0)||o.pop())if((h?m.nodeName.toLowerCase()===r:1===m.nodeType)&amp;&amp;++t&amp;&amp;(s&amp;&amp;(l=m[u]||(m[u]={}),k=l[m.uniqueID]||(l[m.uniqueID]={}),k[a]=[w,t]),m===b))break;return t-=e,t===d||t%d===0&amp;&amp;t/d&gt;=0}}},PSEUDO:function(a,b){var c,e=d.pseudos[a]||d.setFilters[a.toLowerCase()]||fa.error(&quot;unsupported pseudo: &quot;+a);return e[u]?e(b):e.length&gt;1?(c=[a,a,&quot;&quot;,b],d.setFilters.hasOwnProperty(a.toLowerCase())?ha(function(a,c){var d,f=e(a,b),g=f.length;while(g--)d=J(a,f[g]),a[d]=!(c[d]=f[g])}):function(a){return e(a,0,c)}):e}},pseudos:{not:ha(function(a){var b=[],c=[],d=h(a.replace(Q,&quot;$1&quot;));return d[u]?ha(function(a,b,c,e){var f,g=d(a,null,e,[]),h=a.length;while(h--)(f=g[h])&amp;&amp;(a[h]=!(b[h]=f))}):function(a,e,f){return b[0]=a,d(b,null,f,c),b[0]=null,!c.pop()}}),has:ha(function(a){return function(b){return fa(a,b).length&gt;0}}),contains:ha(function(a){return a=a.replace(ba,ca),function(b){return(b.textContent||b.innerText||e(b)).indexOf(a)&gt;-1}}),lang:ha(function(a){return V.test(a||&quot;&quot;)||fa.error(&quot;unsupported lang: &quot;+a),a=a.replace(ba,ca).toLowerCase(),function(b){var c;do if(c=p?b.lang:b.getAttribute(&quot;xml:lang&quot;)||b.getAttribute(&quot;lang&quot;))return c=c.toLowerCase(),c===a||0===c.indexOf(a+&quot;-&quot;);while((b=b.parentNode)&amp;&amp;1===b.nodeType);return!1}}),target:function(b){var c=a.location&amp;&amp;a.location.hash;return c&amp;&amp;c.slice(1)===b.id},root:function(a){return a===o},focus:function(a){return a===n.activeElement&amp;&amp;(!n.hasFocus||n.hasFocus())&amp;&amp;!!(a.type||a.href||~a.tabIndex)},enabled:function(a){return a.disabled===!1},disabled:function(a){return a.disabled===!0},checked:function(a){var b=a.nodeName.toLowerCase();return&quot;input&quot;===b&amp;&amp;!!a.checked||&quot;option&quot;===b&amp;&amp;!!a.selected},selected:function(a){return a.parentNode&amp;&amp;a.parentNode.selectedIndex,a.selected===!0},empty:function(a){for(a=a.firstChild;a;a=a.nextSibling)if(a.nodeType&lt;6)return!1;return!0},parent:function(a){return!d.pseudos.empty(a)},header:function(a){return Y.test(a.nodeName)},input:function(a){return X.test(a.nodeName)},button:function(a){var b=a.nodeName.toLowerCase();return&quot;input&quot;===b&amp;&amp;&quot;button&quot;===a.type||&quot;button&quot;===b},text:function(a){var b;return&quot;input&quot;===a.nodeName.toLowerCase()&amp;&amp;&quot;text&quot;===a.type&amp;&amp;(null==(b=a.getAttribute(&quot;type&quot;))||&quot;text&quot;===b.toLowerCase())},first:na(function(){return[0]}),last:na(function(a,b){return[b-1]}),eq:na(function(a,b,c){return[0&gt;c?c+b:c]}),even:na(function(a,b){for(var c=0;b&gt;c;c+=2)a.push(c);return a}),odd:na(function(a,b){for(var c=1;b&gt;c;c+=2)a.push(c);return a}),lt:na(function(a,b,c){for(var d=0&gt;c?c+b:c;--d&gt;=0;)a.push(d);return a}),gt:na(function(a,b,c){for(var d=0&gt;c?c+b:c;++d&lt;b;)a.push(d);return a})}},d.pseudos.nth=d.pseudos.eq;for(b in{radio:!0,checkbox:!0,file:!0,password:!0,image:!0})d.pseudos[b]=la(b);for(b in{submit:!0,reset:!0})d.pseudos[b]=ma(b);function pa(){}pa.prototype=d.filters=d.pseudos,d.setFilters=new pa,g=fa.tokenize=function(a,b){var c,e,f,g,h,i,j,k=z[a+&quot; &quot;];if(k)return b?0:k.slice(0);h=a,i=[],j=d.preFilter;while(h){(!c||(e=R.exec(h)))&amp;&amp;(e&amp;&amp;(h=h.slice(e[0].length)||h),i.push(f=[])),c=!1,(e=S.exec(h))&amp;&amp;(c=e.shift(),f.push({value:c,type:e[0].replace(Q,&quot; &quot;)}),h=h.slice(c.length));for(g in d.filter)!(e=W[g].exec(h))||j[g]&amp;&amp;!(e=j[g](e))||(c=e.shift(),f.push({value:c,type:g,matches:e}),h=h.slice(c.length));if(!c)break}return b?h.length:h?fa.error(a):z(a,i).slice(0)};function qa(a){for(var b=0,c=a.length,d=&quot;&quot;;c&gt;b;b++)d+=a[b].value;return d}function ra(a,b,c){var d=b.dir,e=c&amp;&amp;&quot;parentNode&quot;===d,f=x++;return b.first?function(b,c,f){while(b=b[d])if(1===b.nodeType||e)return a(b,c,f)}:function(b,c,g){var h,i,j,k=[w,f];if(g){while(b=b[d])if((1===b.nodeType||e)&amp;&amp;a(b,c,g))return!0}else while(b=b[d])if(1===b.nodeType||e){if(j=b[u]||(b[u]={}),i=j[b.uniqueID]||(j[b.uniqueID]={}),(h=i[d])&amp;&amp;h[0]===w&amp;&amp;h[1]===f)return k[2]=h[2];if(i[d]=k,k[2]=a(b,c,g))return!0}}}function sa(a){return a.length&gt;1?function(b,c,d){var e=a.length;while(e--)if(!a[e](b,c,d))return!1;return!0}:a[0]}function ta(a,b,c){for(var d=0,e=b.length;e&gt;d;d++)fa(a,b[d],c);return c}function ua(a,b,c,d,e){for(var f,g=[],h=0,i=a.length,j=null!=b;i&gt;h;h++)(f=a[h])&amp;&amp;(!c||c(f,d,e))&amp;&amp;(g.push(f),j&amp;&amp;b.push(h));return g}function va(a,b,c,d,e,f){return d&amp;&amp;!d[u]&amp;&amp;(d=va(d)),e&amp;&amp;!e[u]&amp;&amp;(e=va(e,f)),ha(function(f,g,h,i){var j,k,l,m=[],n=[],o=g.length,p=f||ta(b||&quot;*&quot;,h.nodeType?[h]:h,[]),q=!a||!f&amp;&amp;b?p:ua(p,m,a,h,i),r=c?e||(f?a:o||d)?[]:g:q;if(c&amp;&amp;c(q,r,h,i),d){j=ua(r,n),d(j,[],h,i),k=j.length;while(k--)(l=j[k])&amp;&amp;(r[n[k]]=!(q[n[k]]=l))}if(f){if(e||a){if(e){j=[],k=r.length;while(k--)(l=r[k])&amp;&amp;j.push(q[k]=l);e(null,r=[],j,i)}k=r.length;while(k--)(l=r[k])&amp;&amp;(j=e?J(f,l):m[k])&gt;-1&amp;&amp;(f[j]=!(g[j]=l))}}else r=ua(r===g?r.splice(o,r.length):r),e?e(null,g,r,i):H.apply(g,r)})}function wa(a){for(var b,c,e,f=a.length,g=d.relative[a[0].type],h=g||d.relative[&quot; &quot;],i=g?1:0,k=ra(function(a){return a===b},h,!0),l=ra(function(a){return J(b,a)&gt;-1},h,!0),m=[function(a,c,d){var e=!g&amp;&amp;(d||c!==j)||((b=c).nodeType?k(a,c,d):l(a,c,d));return b=null,e}];f&gt;i;i++)if(c=d.relative[a[i].type])m=[ra(sa(m),c)];else{if(c=d.filter[a[i].type].apply(null,a[i].matches),c[u]){for(e=++i;f&gt;e;e++)if(d.relative[a[e].type])break;return va(i&gt;1&amp;&amp;sa(m),i&gt;1&amp;&amp;qa(a.slice(0,i-1).concat({value:&quot; &quot;===a[i-2].type?&quot;*&quot;:&quot;&quot;})).replace(Q,&quot;$1&quot;),c,e&gt;i&amp;&amp;wa(a.slice(i,e)),f&gt;e&amp;&amp;wa(a=a.slice(e)),f&gt;e&amp;&amp;qa(a))}m.push(c)}return sa(m)}function xa(a,b){var c=b.length&gt;0,e=a.length&gt;0,f=function(f,g,h,i,k){var l,o,q,r=0,s=&quot;0&quot;,t=f&amp;&amp;[],u=[],v=j,x=f||e&amp;&amp;d.find.TAG(&quot;*&quot;,k),y=w+=null==v?1:Math.random()||.1,z=x.length;for(k&amp;&amp;(j=g===n||g||k);s!==z&amp;&amp;null!=(l=x[s]);s++){if(e&amp;&amp;l){o=0,g||l.ownerDocument===n||(m(l),h=!p);while(q=a[o++])if(q(l,g||n,h)){i.push(l);break}k&amp;&amp;(w=y)}c&amp;&amp;((l=!q&amp;&amp;l)&amp;&amp;r--,f&amp;&amp;t.push(l))}if(r+=s,c&amp;&amp;s!==r){o=0;while(q=b[o++])q(t,u,g,h);if(f){if(r&gt;0)while(s--)t[s]||u[s]||(u[s]=F.call(i));u=ua(u)}H.apply(i,u),k&amp;&amp;!f&amp;&amp;u.length&gt;0&amp;&amp;r+b.length&gt;1&amp;&amp;fa.uniqueSort(i)}return k&amp;&amp;(w=y,j=v),t};return c?ha(f):f}return h=fa.compile=function(a,b){var c,d=[],e=[],f=A[a+&quot; &quot;];if(!f){b||(b=g(a)),c=b.length;while(c--)f=wa(b[c]),f[u]?d.push(f):e.push(f);f=A(a,xa(e,d)),f.selector=a}return f},i=fa.select=function(a,b,e,f){var i,j,k,l,m,n=&quot;function&quot;==typeof a&amp;&amp;a,o=!f&amp;&amp;g(a=n.selector||a);if(e=e||[],1===o.length){if(j=o[0]=o[0].slice(0),j.length&gt;2&amp;&amp;&quot;ID&quot;===(k=j[0]).type&amp;&amp;c.getById&amp;&amp;9===b.nodeType&amp;&amp;p&amp;&amp;d.relative[j[1].type]){if(b=(d.find.ID(k.matches[0].replace(ba,ca),b)||[])[0],!b)return e;n&amp;&amp;(b=b.parentNode),a=a.slice(j.shift().value.length)}i=W.needsContext.test(a)?0:j.length;while(i--){if(k=j[i],d.relative[l=k.type])break;if((m=d.find[l])&amp;&amp;(f=m(k.matches[0].replace(ba,ca),_.test(j[0].type)&amp;&amp;oa(b.parentNode)||b))){if(j.splice(i,1),a=f.length&amp;&amp;qa(j),!a)return H.apply(e,f),e;break}}}return(n||h(a,o))(f,b,!p,e,!b||_.test(a)&amp;&amp;oa(b.parentNode)||b),e},c.sortStable=u.split(&quot;&quot;).sort(B).join(&quot;&quot;)===u,c.detectDuplicates=!!l,m(),c.sortDetached=ia(function(a){return 1&amp;a.compareDocumentPosition(n.createElement(&quot;div&quot;))}),ia(function(a){return a.innerHTML=&quot;&lt;a href=&apos;#&apos;&gt;&lt;/a&gt;&quot;,&quot;#&quot;===a.firstChild.getAttribute(&quot;href&quot;)})||ja(&quot;type|href|height|width&quot;,function(a,b,c){return c?void 0:a.getAttribute(b,&quot;type&quot;===b.toLowerCase()?1:2)}),c.attributes&amp;&amp;ia(function(a){return a.innerHTML=&quot;&lt;input/&gt;&quot;,a.firstChild.setAttribute(&quot;value&quot;,&quot;&quot;),&quot;&quot;===a.firstChild.getAttribute(&quot;value&quot;)})||ja(&quot;value&quot;,function(a,b,c){return c||&quot;input&quot;!==a.nodeName.toLowerCase()?void 0:a.defaultValue}),ia(function(a){return null==a.getAttribute(&quot;disabled&quot;)})||ja(K,function(a,b,c){var d;return c?void 0:a[b]===!0?b.toLowerCase():(d=a.getAttributeNode(b))&amp;&amp;d.specified?d.value:null}),fa}(a);n.find=t,n.expr=t.selectors,n.expr[&quot;:&quot;]=n.expr.pseudos,n.uniqueSort=n.unique=t.uniqueSort,n.text=t.getText,n.isXMLDoc=t.isXML,n.contains=t.contains;var u=function(a,b,c){var d=[],e=void 0!==c;while((a=a[b])&amp;&amp;9!==a.nodeType)if(1===a.nodeType){if(e&amp;&amp;n(a).is(c))break;d.push(a)}return d},v=function(a,b){for(var c=[];a;a=a.nextSibling)1===a.nodeType&amp;&amp;a!==b&amp;&amp;c.push(a);return c},w=n.expr.match.needsContext,x=/^&lt;([\w-]+)\s*\/?&gt;(?:&lt;\/\1&gt;|)$/,y=/^.[^:#\[\.,]*$/;function z(a,b,c){if(n.isFunction(b))return n.grep(a,function(a,d){return!!b.call(a,d,a)!==c});if(b.nodeType)return n.grep(a,function(a){return a===b!==c});if(&quot;string&quot;==typeof b){if(y.test(b))return n.filter(b,a,c);b=n.filter(b,a)}return n.grep(a,function(a){return h.call(b,a)&gt;-1!==c})}n.filter=function(a,b,c){var d=b[0];return c&amp;&amp;(a=&quot;:not(&quot;+a+&quot;)&quot;),1===b.length&amp;&amp;1===d.nodeType?n.find.matchesSelector(d,a)?[d]:[]:n.find.matches(a,n.grep(b,function(a){return 1===a.nodeType}))},n.fn.extend({find:function(a){var b,c=this.length,d=[],e=this;if(&quot;string&quot;!=typeof a)return this.pushStack(n(a).filter(function(){for(b=0;c&gt;b;b++)if(n.contains(e[b],this))return!0}));for(b=0;c&gt;b;b++)n.find(a,e[b],d);return d=this.pushStack(c&gt;1?n.unique(d):d),d.selector=this.selector?this.selector+&quot; &quot;+a:a,d},filter:function(a){return this.pushStack(z(this,a||[],!1))},not:function(a){return this.pushStack(z(this,a||[],!0))},is:function(a){return!!z(this,&quot;string&quot;==typeof a&amp;&amp;w.test(a)?n(a):a||[],!1).length}});var A,B=/^(?:\s*(&lt;[\w\W]+&gt;)[^&gt;]*|#([\w-]*))$/,C=n.fn.init=function(a,b,c){var e,f;if(!a)return this;if(c=c||A,&quot;string&quot;==typeof a){if(e=&quot;&lt;&quot;===a[0]&amp;&amp;&quot;&gt;&quot;===a[a.length-1]&amp;&amp;a.length&gt;=3?[null,a,null]:B.exec(a),!e||!e[1]&amp;&amp;b)return!b||b.jquery?(b||c).find(a):this.constructor(b).find(a);if(e[1]){if(b=b instanceof n?b[0]:b,n.merge(this,n.parseHTML(e[1],b&amp;&amp;b.nodeType?b.ownerDocument||b:d,!0)),x.test(e[1])&amp;&amp;n.isPlainObject(b))for(e in b)n.isFunction(this[e])?this[e](b[e]):this.attr(e,b[e]);return this}return f=d.getElementById(e[2]),f&amp;&amp;f.parentNode&amp;&amp;(this.length=1,this[0]=f),this.context=d,this.selector=a,this}return a.nodeType?(this.context=this[0]=a,this.length=1,this):n.isFunction(a)?void 0!==c.ready?c.ready(a):a(n):(void 0!==a.selector&amp;&amp;(this.selector=a.selector,this.context=a.context),n.makeArray(a,this))};C.prototype=n.fn,A=n(d);var D=/^(?:parents|prev(?:Until|All))/,E={children:!0,contents:!0,next:!0,prev:!0};n.fn.extend({has:function(a){var b=n(a,this),c=b.length;return this.filter(function(){for(var a=0;c&gt;a;a++)if(n.contains(this,b[a]))return!0})},closest:function(a,b){for(var c,d=0,e=this.length,f=[],g=w.test(a)||&quot;string&quot;!=typeof a?n(a,b||this.context):0;e&gt;d;d++)for(c=this[d];c&amp;&amp;c!==b;c=c.parentNode)if(c.nodeType&lt;11&amp;&amp;(g?g.index(c)&gt;-1:1===c.nodeType&amp;&amp;n.find.matchesSelector(c,a))){f.push(c);break}return this.pushStack(f.length&gt;1?n.uniqueSort(f):f)},index:function(a){return a?&quot;string&quot;==typeof a?h.call(n(a),this[0]):h.call(this,a.jquery?a[0]:a):this[0]&amp;&amp;this[0].parentNode?this.first().prevAll().length:-1},add:function(a,b){return this.pushStack(n.uniqueSort(n.merge(this.get(),n(a,b))))},addBack:function(a){return this.add(null==a?this.prevObject:this.prevObject.filter(a))}});function F(a,b){while((a=a[b])&amp;&amp;1!==a.nodeType);return a}n.each({parent:function(a){var b=a.parentNode;return b&amp;&amp;11!==b.nodeType?b:null},parents:function(a){return u(a,&quot;parentNode&quot;)},parentsUntil:function(a,b,c){return u(a,&quot;parentNode&quot;,c)},next:function(a){return F(a,&quot;nextSibling&quot;)},prev:function(a){return F(a,&quot;previousSibling&quot;)},nextAll:function(a){return u(a,&quot;nextSibling&quot;)},prevAll:function(a){return u(a,&quot;previousSibling&quot;)},nextUntil:function(a,b,c){return u(a,&quot;nextSibling&quot;,c)},prevUntil:function(a,b,c){return u(a,&quot;previousSibling&quot;,c)},siblings:function(a){return v((a.parentNode||{}).firstChild,a)},children:function(a){return v(a.firstChild)},contents:function(a){return a.contentDocument||n.merge([],a.childNodes)}},function(a,b){n.fn[a]=function(c,d){var e=n.map(this,b,c);return&quot;Until&quot;!==a.slice(-5)&amp;&amp;(d=c),d&amp;&amp;&quot;string&quot;==typeof d&amp;&amp;(e=n.filter(d,e)),this.length&gt;1&amp;&amp;(E[a]||n.uniqueSort(e),D.test(a)&amp;&amp;e.reverse()),this.pushStack(e)}});var G=/\S+/g;function H(a){var b={};return n.each(a.match(G)||[],function(a,c){b[c]=!0}),b}n.Callbacks=function(a){a=&quot;string&quot;==typeof a?H(a):n.extend({},a);var b,c,d,e,f=[],g=[],h=-1,i=function(){for(e=a.once,d=b=!0;g.length;h=-1){c=g.shift();while(++h&lt;f.length)f[h].apply(c[0],c[1])===!1&amp;&amp;a.stopOnFalse&amp;&amp;(h=f.length,c=!1)}a.memory||(c=!1),b=!1,e&amp;&amp;(f=c?[]:&quot;&quot;)},j={add:function(){return f&amp;&amp;(c&amp;&amp;!b&amp;&amp;(h=f.length-1,g.push(c)),function d(b){n.each(b,function(b,c){n.isFunction(c)?a.unique&amp;&amp;j.has(c)||f.push(c):c&amp;&amp;c.length&amp;&amp;&quot;string&quot;!==n.type(c)&amp;&amp;d(c)})}(arguments),c&amp;&amp;!b&amp;&amp;i()),this},remove:function(){return n.each(arguments,function(a,b){var c;while((c=n.inArray(b,f,c))&gt;-1)f.splice(c,1),h&gt;=c&amp;&amp;h--}),this},has:function(a){return a?n.inArray(a,f)&gt;-1:f.length&gt;0},empty:function(){return f&amp;&amp;(f=[]),this},disable:function(){return e=g=[],f=c=&quot;&quot;,this},disabled:function(){return!f},lock:function(){return e=g=[],c||(f=c=&quot;&quot;),this},locked:function(){return!!e},fireWith:function(a,c){return e||(c=c||[],c=[a,c.slice?c.slice():c],g.push(c),b||i()),this},fire:function(){return j.fireWith(this,arguments),this},fired:function(){return!!d}};return j},n.extend({Deferred:function(a){var b=[[&quot;resolve&quot;,&quot;done&quot;,n.Callbacks(&quot;once memory&quot;),&quot;resolved&quot;],[&quot;reject&quot;,&quot;fail&quot;,n.Callbacks(&quot;once memory&quot;),&quot;rejected&quot;],[&quot;notify&quot;,&quot;progress&quot;,n.Callbacks(&quot;memory&quot;)]],c=&quot;pending&quot;,d={state:function(){return c},always:function(){return e.done(arguments).fail(arguments),this},then:function(){var a=arguments;return n.Deferred(function(c){n.each(b,function(b,f){var g=n.isFunction(a[b])&amp;&amp;a[b];e[f[1]](function(){var a=g&amp;&amp;g.apply(this,arguments);a&amp;&amp;n.isFunction(a.promise)?a.promise().progress(c.notify).done(c.resolve).fail(c.reject):c[f[0]+&quot;With&quot;](this===d?c.promise():this,g?[a]:arguments)})}),a=null}).promise()},promise:function(a){return null!=a?n.extend(a,d):d}},e={};return d.pipe=d.then,n.each(b,function(a,f){var g=f[2],h=f[3];d[f[1]]=g.add,h&amp;&amp;g.add(function(){c=h},b[1^a][2].disable,b[2][2].lock),e[f[0]]=function(){return e[f[0]+&quot;With&quot;](this===e?d:this,arguments),this},e[f[0]+&quot;With&quot;]=g.fireWith}),d.promise(e),a&amp;&amp;a.call(e,e),e},when:function(a){var b=0,c=e.call(arguments),d=c.length,f=1!==d||a&amp;&amp;n.isFunction(a.promise)?d:0,g=1===f?a:n.Deferred(),h=function(a,b,c){return function(d){b[a]=this,c[a]=arguments.length&gt;1?e.call(arguments):d,c===i?g.notifyWith(b,c):--f||g.resolveWith(b,c)}},i,j,k;if(d&gt;1)for(i=new Array(d),j=new Array(d),k=new Array(d);d&gt;b;b++)c[b]&amp;&amp;n.isFunction(c[b].promise)?c[b].promise().progress(h(b,j,i)).done(h(b,k,c)).fail(g.reject):--f;return f||g.resolveWith(k,c),g.promise()}});var I;n.fn.ready=function(a){return n.ready.promise().done(a),this},n.extend({isReady:!1,readyWait:1,holdReady:function(a){a?n.readyWait++:n.ready(!0)},ready:function(a){(a===!0?--n.readyWait:n.isReady)||(n.isReady=!0,a!==!0&amp;&amp;--n.readyWait&gt;0||(I.resolveWith(d,[n]),n.fn.triggerHandler&amp;&amp;(n(d).triggerHandler(&quot;ready&quot;),n(d).off(&quot;ready&quot;))))}});function J(){d.removeEventListener(&quot;DOMContentLoaded&quot;,J),a.removeEventListener(&quot;load&quot;,J),n.ready()}n.ready.promise=function(b){return I||(I=n.Deferred(),&quot;complete&quot;===d.readyState||&quot;loading&quot;!==d.readyState&amp;&amp;!d.documentElement.doScroll?a.setTimeout(n.ready):(d.addEventListener(&quot;DOMContentLoaded&quot;,J),a.addEventListener(&quot;load&quot;,J))),I.promise(b)},n.ready.promise();var K=function(a,b,c,d,e,f,g){var h=0,i=a.length,j=null==c;if(&quot;object&quot;===n.type(c)){e=!0;for(h in c)K(a,b,h,c[h],!0,f,g)}else if(void 0!==d&amp;&amp;(e=!0,n.isFunction(d)||(g=!0),j&amp;&amp;(g?(b.call(a,d),b=null):(j=b,b=function(a,b,c){return j.call(n(a),c)})),b))for(;i&gt;h;h++)b(a[h],c,g?d:d.call(a[h],h,b(a[h],c)));return e?a:j?b.call(a):i?b(a[0],c):f},L=function(a){return 1===a.nodeType||9===a.nodeType||!+a.nodeType};function M(){this.expando=n.expando+M.uid++}M.uid=1,M.prototype={register:function(a,b){var c=b||{};return a.nodeType?a[this.expando]=c:Object.defineProperty(a,this.expando,{value:c,writable:!0,configurable:!0}),a[this.expando]},cache:function(a){if(!L(a))return{};var b=a[this.expando];return b||(b={},L(a)&amp;&amp;(a.nodeType?a[this.expando]=b:Object.defineProperty(a,this.expando,{value:b,configurable:!0}))),b},set:function(a,b,c){var d,e=this.cache(a);if(&quot;string&quot;==typeof b)e[b]=c;else for(d in b)e[d]=b[d];return e},get:function(a,b){return void 0===b?this.cache(a):a[this.expando]&amp;&amp;a[this.expando][b]},access:function(a,b,c){var d;return void 0===b||b&amp;&amp;&quot;string&quot;==typeof b&amp;&amp;void 0===c?(d=this.get(a,b),void 0!==d?d:this.get(a,n.camelCase(b))):(this.set(a,b,c),void 0!==c?c:b)},remove:function(a,b){var c,d,e,f=a[this.expando];if(void 0!==f){if(void 0===b)this.register(a);else{n.isArray(b)?d=b.concat(b.map(n.camelCase)):(e=n.camelCase(b),b in f?d=[b,e]:(d=e,d=d in f?[d]:d.match(G)||[])),c=d.length;while(c--)delete f[d[c]]}(void 0===b||n.isEmptyObject(f))&amp;&amp;(a.nodeType?a[this.expando]=void 0:delete a[this.expando])}},hasData:function(a){var b=a[this.expando];return void 0!==b&amp;&amp;!n.isEmptyObject(b)}};var N=new M,O=new M,P=/^(?:\{[\w\W]*\}|\[[\w\W]*\])$/,Q=/[A-Z]/g;function R(a,b,c){var d;if(void 0===c&amp;&amp;1===a.nodeType)if(d=&quot;data-&quot;+b.replace(Q,&quot;-$&amp;&quot;).toLowerCase(),c=a.getAttribute(d),&quot;string&quot;==typeof c){try{c=&quot;true&quot;===c?!0:&quot;false&quot;===c?!1:&quot;null&quot;===c?null:+c+&quot;&quot;===c?+c:P.test(c)?n.parseJSON(c):c}catch(e){}O.set(a,b,c);&#10;  }else c=void 0;return c}n.extend({hasData:function(a){return O.hasData(a)||N.hasData(a)},data:function(a,b,c){return O.access(a,b,c)},removeData:function(a,b){O.remove(a,b)},_data:function(a,b,c){return N.access(a,b,c)},_removeData:function(a,b){N.remove(a,b)}}),n.fn.extend({data:function(a,b){var c,d,e,f=this[0],g=f&amp;&amp;f.attributes;if(void 0===a){if(this.length&amp;&amp;(e=O.get(f),1===f.nodeType&amp;&amp;!N.get(f,&quot;hasDataAttrs&quot;))){c=g.length;while(c--)g[c]&amp;&amp;(d=g[c].name,0===d.indexOf(&quot;data-&quot;)&amp;&amp;(d=n.camelCase(d.slice(5)),R(f,d,e[d])));N.set(f,&quot;hasDataAttrs&quot;,!0)}return e}return&quot;object&quot;==typeof a?this.each(function(){O.set(this,a)}):K(this,function(b){var c,d;if(f&amp;&amp;void 0===b){if(c=O.get(f,a)||O.get(f,a.replace(Q,&quot;-$&amp;&quot;).toLowerCase()),void 0!==c)return c;if(d=n.camelCase(a),c=O.get(f,d),void 0!==c)return c;if(c=R(f,d,void 0),void 0!==c)return c}else d=n.camelCase(a),this.each(function(){var c=O.get(this,d);O.set(this,d,b),a.indexOf(&quot;-&quot;)&gt;-1&amp;&amp;void 0!==c&amp;&amp;O.set(this,a,b)})},null,b,arguments.length&gt;1,null,!0)},removeData:function(a){return this.each(function(){O.remove(this,a)})}}),n.extend({queue:function(a,b,c){var d;return a?(b=(b||&quot;fx&quot;)+&quot;queue&quot;,d=N.get(a,b),c&amp;&amp;(!d||n.isArray(c)?d=N.access(a,b,n.makeArray(c)):d.push(c)),d||[]):void 0},dequeue:function(a,b){b=b||&quot;fx&quot;;var c=n.queue(a,b),d=c.length,e=c.shift(),f=n._queueHooks(a,b),g=function(){n.dequeue(a,b)};&quot;inprogress&quot;===e&amp;&amp;(e=c.shift(),d--),e&amp;&amp;(&quot;fx&quot;===b&amp;&amp;c.unshift(&quot;inprogress&quot;),delete f.stop,e.call(a,g,f)),!d&amp;&amp;f&amp;&amp;f.empty.fire()},_queueHooks:function(a,b){var c=b+&quot;queueHooks&quot;;return N.get(a,c)||N.access(a,c,{empty:n.Callbacks(&quot;once memory&quot;).add(function(){N.remove(a,[b+&quot;queue&quot;,c])})})}}),n.fn.extend({queue:function(a,b){var c=2;return&quot;string&quot;!=typeof a&amp;&amp;(b=a,a=&quot;fx&quot;,c--),arguments.length&lt;c?n.queue(this[0],a):void 0===b?this:this.each(function(){var c=n.queue(this,a,b);n._queueHooks(this,a),&quot;fx&quot;===a&amp;&amp;&quot;inprogress&quot;!==c[0]&amp;&amp;n.dequeue(this,a)})},dequeue:function(a){return this.each(function(){n.dequeue(this,a)})},clearQueue:function(a){return this.queue(a||&quot;fx&quot;,[])},promise:function(a,b){var c,d=1,e=n.Deferred(),f=this,g=this.length,h=function(){--d||e.resolveWith(f,[f])};&quot;string&quot;!=typeof a&amp;&amp;(b=a,a=void 0),a=a||&quot;fx&quot;;while(g--)c=N.get(f[g],a+&quot;queueHooks&quot;),c&amp;&amp;c.empty&amp;&amp;(d++,c.empty.add(h));return h(),e.promise(b)}});var S=/[+-]?(?:\d*\.|)\d+(?:[eE][+-]?\d+|)/.source,T=new RegExp(&quot;^(?:([+-])=|)(&quot;+S+&quot;)([a-z%]*)$&quot;,&quot;i&quot;),U=[&quot;Top&quot;,&quot;Right&quot;,&quot;Bottom&quot;,&quot;Left&quot;],V=function(a,b){return a=b||a,&quot;none&quot;===n.css(a,&quot;display&quot;)||!n.contains(a.ownerDocument,a)};function W(a,b,c,d){var e,f=1,g=20,h=d?function(){return d.cur()}:function(){return n.css(a,b,&quot;&quot;)},i=h(),j=c&amp;&amp;c[3]||(n.cssNumber[b]?&quot;&quot;:&quot;px&quot;),k=(n.cssNumber[b]||&quot;px&quot;!==j&amp;&amp;+i)&amp;&amp;T.exec(n.css(a,b));if(k&amp;&amp;k[3]!==j){j=j||k[3],c=c||[],k=+i||1;do f=f||&quot;.5&quot;,k/=f,n.style(a,b,k+j);while(f!==(f=h()/i)&amp;&amp;1!==f&amp;&amp;--g)}return c&amp;&amp;(k=+k||+i||0,e=c[1]?k+(c[1]+1)*c[2]:+c[2],d&amp;&amp;(d.unit=j,d.start=k,d.end=e)),e}var X=/^(?:checkbox|radio)$/i,Y=/&lt;([\w:-]+)/,Z=/^$|\/(?:java|ecma)script/i,$={option:[1,&quot;&lt;select multiple=&apos;multiple&apos;&gt;&quot;,&quot;&lt;/select&gt;&quot;],thead:[1,&quot;&lt;table&gt;&quot;,&quot;&lt;/table&gt;&quot;],col:[2,&quot;&lt;table&gt;&lt;colgroup&gt;&quot;,&quot;&lt;/colgroup&gt;&lt;/table&gt;&quot;],tr:[2,&quot;&lt;table&gt;&lt;tbody&gt;&quot;,&quot;&lt;/tbody&gt;&lt;/table&gt;&quot;],td:[3,&quot;&lt;table&gt;&lt;tbody&gt;&lt;tr&gt;&quot;,&quot;&lt;/tr&gt;&lt;/tbody&gt;&lt;/table&gt;&quot;],_default:[0,&quot;&quot;,&quot;&quot;]};$.optgroup=$.option,$.tbody=$.tfoot=$.colgroup=$.caption=$.thead,$.th=$.td;function _(a,b){var c=&quot;undefined&quot;!=typeof a.getElementsByTagName?a.getElementsByTagName(b||&quot;*&quot;):&quot;undefined&quot;!=typeof a.querySelectorAll?a.querySelectorAll(b||&quot;*&quot;):[];return void 0===b||b&amp;&amp;n.nodeName(a,b)?n.merge([a],c):c}function aa(a,b){for(var c=0,d=a.length;d&gt;c;c++)N.set(a[c],&quot;globalEval&quot;,!b||N.get(b[c],&quot;globalEval&quot;))}var ba=/&lt;|&amp;#?\w+;/;function ca(a,b,c,d,e){for(var f,g,h,i,j,k,l=b.createDocumentFragment(),m=[],o=0,p=a.length;p&gt;o;o++)if(f=a[o],f||0===f)if(&quot;object&quot;===n.type(f))n.merge(m,f.nodeType?[f]:f);else if(ba.test(f)){g=g||l.appendChild(b.createElement(&quot;div&quot;)),h=(Y.exec(f)||[&quot;&quot;,&quot;&quot;])[1].toLowerCase(),i=$[h]||$._default,g.innerHTML=i[1]+n.htmlPrefilter(f)+i[2],k=i[0];while(k--)g=g.lastChild;n.merge(m,g.childNodes),g=l.firstChild,g.textContent=&quot;&quot;}else m.push(b.createTextNode(f));l.textContent=&quot;&quot;,o=0;while(f=m[o++])if(d&amp;&amp;n.inArray(f,d)&gt;-1)e&amp;&amp;e.push(f);else if(j=n.contains(f.ownerDocument,f),g=_(l.appendChild(f),&quot;script&quot;),j&amp;&amp;aa(g),c){k=0;while(f=g[k++])Z.test(f.type||&quot;&quot;)&amp;&amp;c.push(f)}return l}!function(){var a=d.createDocumentFragment(),b=a.appendChild(d.createElement(&quot;div&quot;)),c=d.createElement(&quot;input&quot;);c.setAttribute(&quot;type&quot;,&quot;radio&quot;),c.setAttribute(&quot;checked&quot;,&quot;checked&quot;),c.setAttribute(&quot;name&quot;,&quot;t&quot;),b.appendChild(c),l.checkClone=b.cloneNode(!0).cloneNode(!0).lastChild.checked,b.innerHTML=&quot;&lt;textarea&gt;x&lt;/textarea&gt;&quot;,l.noCloneChecked=!!b.cloneNode(!0).lastChild.defaultValue}();var da=/^key/,ea=/^(?:mouse|pointer|contextmenu|drag|drop)|click/,fa=/^([^.]*)(?:\.(.+)|)/;function ga(){return!0}function ha(){return!1}function ia(){try{return d.activeElement}catch(a){}}function ja(a,b,c,d,e,f){var g,h;if(&quot;object&quot;==typeof b){&quot;string&quot;!=typeof c&amp;&amp;(d=d||c,c=void 0);for(h in b)ja(a,h,c,d,b[h],f);return a}if(null==d&amp;&amp;null==e?(e=c,d=c=void 0):null==e&amp;&amp;(&quot;string&quot;==typeof c?(e=d,d=void 0):(e=d,d=c,c=void 0)),e===!1)e=ha;else if(!e)return this;return 1===f&amp;&amp;(g=e,e=function(a){return n().off(a),g.apply(this,arguments)},e.guid=g.guid||(g.guid=n.guid++)),a.each(function(){n.event.add(this,b,e,d,c)})}n.event={global:{},add:function(a,b,c,d,e){var f,g,h,i,j,k,l,m,o,p,q,r=N.get(a);if(r){c.handler&amp;&amp;(f=c,c=f.handler,e=f.selector),c.guid||(c.guid=n.guid++),(i=r.events)||(i=r.events={}),(g=r.handle)||(g=r.handle=function(b){return&quot;undefined&quot;!=typeof n&amp;&amp;n.event.triggered!==b.type?n.event.dispatch.apply(a,arguments):void 0}),b=(b||&quot;&quot;).match(G)||[&quot;&quot;],j=b.length;while(j--)h=fa.exec(b[j])||[],o=q=h[1],p=(h[2]||&quot;&quot;).split(&quot;.&quot;).sort(),o&amp;&amp;(l=n.event.special[o]||{},o=(e?l.delegateType:l.bindType)||o,l=n.event.special[o]||{},k=n.extend({type:o,origType:q,data:d,handler:c,guid:c.guid,selector:e,needsContext:e&amp;&amp;n.expr.match.needsContext.test(e),namespace:p.join(&quot;.&quot;)},f),(m=i[o])||(m=i[o]=[],m.delegateCount=0,l.setup&amp;&amp;l.setup.call(a,d,p,g)!==!1||a.addEventListener&amp;&amp;a.addEventListener(o,g)),l.add&amp;&amp;(l.add.call(a,k),k.handler.guid||(k.handler.guid=c.guid)),e?m.splice(m.delegateCount++,0,k):m.push(k),n.event.global[o]=!0)}},remove:function(a,b,c,d,e){var f,g,h,i,j,k,l,m,o,p,q,r=N.hasData(a)&amp;&amp;N.get(a);if(r&amp;&amp;(i=r.events)){b=(b||&quot;&quot;).match(G)||[&quot;&quot;],j=b.length;while(j--)if(h=fa.exec(b[j])||[],o=q=h[1],p=(h[2]||&quot;&quot;).split(&quot;.&quot;).sort(),o){l=n.event.special[o]||{},o=(d?l.delegateType:l.bindType)||o,m=i[o]||[],h=h[2]&amp;&amp;new RegExp(&quot;(^|\\.)&quot;+p.join(&quot;\\.(?:.*\\.|)&quot;)+&quot;(\\.|$)&quot;),g=f=m.length;while(f--)k=m[f],!e&amp;&amp;q!==k.origType||c&amp;&amp;c.guid!==k.guid||h&amp;&amp;!h.test(k.namespace)||d&amp;&amp;d!==k.selector&amp;&amp;(&quot;**&quot;!==d||!k.selector)||(m.splice(f,1),k.selector&amp;&amp;m.delegateCount--,l.remove&amp;&amp;l.remove.call(a,k));g&amp;&amp;!m.length&amp;&amp;(l.teardown&amp;&amp;l.teardown.call(a,p,r.handle)!==!1||n.removeEvent(a,o,r.handle),delete i[o])}else for(o in i)n.event.remove(a,o+b[j],c,d,!0);n.isEmptyObject(i)&amp;&amp;N.remove(a,&quot;handle events&quot;)}},dispatch:function(a){a=n.event.fix(a);var b,c,d,f,g,h=[],i=e.call(arguments),j=(N.get(this,&quot;events&quot;)||{})[a.type]||[],k=n.event.special[a.type]||{};if(i[0]=a,a.delegateTarget=this,!k.preDispatch||k.preDispatch.call(this,a)!==!1){h=n.event.handlers.call(this,a,j),b=0;while((f=h[b++])&amp;&amp;!a.isPropagationStopped()){a.currentTarget=f.elem,c=0;while((g=f.handlers[c++])&amp;&amp;!a.isImmediatePropagationStopped())(!a.rnamespace||a.rnamespace.test(g.namespace))&amp;&amp;(a.handleObj=g,a.data=g.data,d=((n.event.special[g.origType]||{}).handle||g.handler).apply(f.elem,i),void 0!==d&amp;&amp;(a.result=d)===!1&amp;&amp;(a.preventDefault(),a.stopPropagation()))}return k.postDispatch&amp;&amp;k.postDispatch.call(this,a),a.result}},handlers:function(a,b){var c,d,e,f,g=[],h=b.delegateCount,i=a.target;if(h&amp;&amp;i.nodeType&amp;&amp;(&quot;click&quot;!==a.type||isNaN(a.button)||a.button&lt;1))for(;i!==this;i=i.parentNode||this)if(1===i.nodeType&amp;&amp;(i.disabled!==!0||&quot;click&quot;!==a.type)){for(d=[],c=0;h&gt;c;c++)f=b[c],e=f.selector+&quot; &quot;,void 0===d[e]&amp;&amp;(d[e]=f.needsContext?n(e,this).index(i)&gt;-1:n.find(e,this,null,[i]).length),d[e]&amp;&amp;d.push(f);d.length&amp;&amp;g.push({elem:i,handlers:d})}return h&lt;b.length&amp;&amp;g.push({elem:this,handlers:b.slice(h)}),g},props:&quot;altKey bubbles cancelable ctrlKey currentTarget detail eventPhase metaKey relatedTarget shiftKey target timeStamp view which&quot;.split(&quot; &quot;),fixHooks:{},keyHooks:{props:&quot;char charCode key keyCode&quot;.split(&quot; &quot;),filter:function(a,b){return null==a.which&amp;&amp;(a.which=null!=b.charCode?b.charCode:b.keyCode),a}},mouseHooks:{props:&quot;button buttons clientX clientY offsetX offsetY pageX pageY screenX screenY toElement&quot;.split(&quot; &quot;),filter:function(a,b){var c,e,f,g=b.button;return null==a.pageX&amp;&amp;null!=b.clientX&amp;&amp;(c=a.target.ownerDocument||d,e=c.documentElement,f=c.body,a.pageX=b.clientX+(e&amp;&amp;e.scrollLeft||f&amp;&amp;f.scrollLeft||0)-(e&amp;&amp;e.clientLeft||f&amp;&amp;f.clientLeft||0),a.pageY=b.clientY+(e&amp;&amp;e.scrollTop||f&amp;&amp;f.scrollTop||0)-(e&amp;&amp;e.clientTop||f&amp;&amp;f.clientTop||0)),a.which||void 0===g||(a.which=1&amp;g?1:2&amp;g?3:4&amp;g?2:0),a}},fix:function(a){if(a[n.expando])return a;var b,c,e,f=a.type,g=a,h=this.fixHooks[f];h||(this.fixHooks[f]=h=ea.test(f)?this.mouseHooks:da.test(f)?this.keyHooks:{}),e=h.props?this.props.concat(h.props):this.props,a=new n.Event(g),b=e.length;while(b--)c=e[b],a[c]=g[c];return a.target||(a.target=d),3===a.target.nodeType&amp;&amp;(a.target=a.target.parentNode),h.filter?h.filter(a,g):a},special:{load:{noBubble:!0},focus:{trigger:function(){return this!==ia()&amp;&amp;this.focus?(this.focus(),!1):void 0},delegateType:&quot;focusin&quot;},blur:{trigger:function(){return this===ia()&amp;&amp;this.blur?(this.blur(),!1):void 0},delegateType:&quot;focusout&quot;},click:{trigger:function(){return&quot;checkbox&quot;===this.type&amp;&amp;this.click&amp;&amp;n.nodeName(this,&quot;input&quot;)?(this.click(),!1):void 0},_default:function(a){return n.nodeName(a.target,&quot;a&quot;)}},beforeunload:{postDispatch:function(a){void 0!==a.result&amp;&amp;a.originalEvent&amp;&amp;(a.originalEvent.returnValue=a.result)}}}},n.removeEvent=function(a,b,c){a.removeEventListener&amp;&amp;a.removeEventListener(b,c)},n.Event=function(a,b){return this instanceof n.Event?(a&amp;&amp;a.type?(this.originalEvent=a,this.type=a.type,this.isDefaultPrevented=a.defaultPrevented||void 0===a.defaultPrevented&amp;&amp;a.returnValue===!1?ga:ha):this.type=a,b&amp;&amp;n.extend(this,b),this.timeStamp=a&amp;&amp;a.timeStamp||n.now(),void(this[n.expando]=!0)):new n.Event(a,b)},n.Event.prototype={constructor:n.Event,isDefaultPrevented:ha,isPropagationStopped:ha,isImmediatePropagationStopped:ha,preventDefault:function(){var a=this.originalEvent;this.isDefaultPrevented=ga,a&amp;&amp;a.preventDefault()},stopPropagation:function(){var a=this.originalEvent;this.isPropagationStopped=ga,a&amp;&amp;a.stopPropagation()},stopImmediatePropagation:function(){var a=this.originalEvent;this.isImmediatePropagationStopped=ga,a&amp;&amp;a.stopImmediatePropagation(),this.stopPropagation()}},n.each({mouseenter:&quot;mouseover&quot;,mouseleave:&quot;mouseout&quot;,pointerenter:&quot;pointerover&quot;,pointerleave:&quot;pointerout&quot;},function(a,b){n.event.special[a]={delegateType:b,bindType:b,handle:function(a){var c,d=this,e=a.relatedTarget,f=a.handleObj;return(!e||e!==d&amp;&amp;!n.contains(d,e))&amp;&amp;(a.type=f.origType,c=f.handler.apply(this,arguments),a.type=b),c}}}),n.fn.extend({on:function(a,b,c,d){return ja(this,a,b,c,d)},one:function(a,b,c,d){return ja(this,a,b,c,d,1)},off:function(a,b,c){var d,e;if(a&amp;&amp;a.preventDefault&amp;&amp;a.handleObj)return d=a.handleObj,n(a.delegateTarget).off(d.namespace?d.origType+&quot;.&quot;+d.namespace:d.origType,d.selector,d.handler),this;if(&quot;object&quot;==typeof a){for(e in a)this.off(e,b,a[e]);return this}return(b===!1||&quot;function&quot;==typeof b)&amp;&amp;(c=b,b=void 0),c===!1&amp;&amp;(c=ha),this.each(function(){n.event.remove(this,a,c,b)})}});var ka=/&lt;(?!area|br|col|embed|hr|img|input|link|meta|param)(([\w:-]+)[^&gt;]*)\/&gt;/gi,la=/&lt;script|&lt;style|&lt;link/i,ma=/checked\s*(?:[^=]|=\s*.checked.)/i,na=/^true\/(.*)/,oa=/^\s*&lt;!(?:\[CDATA\[|--)|(?:\]\]|--)&gt;\s*$/g;function pa(a,b){return n.nodeName(a,&quot;table&quot;)&amp;&amp;n.nodeName(11!==b.nodeType?b:b.firstChild,&quot;tr&quot;)?a.getElementsByTagName(&quot;tbody&quot;)[0]||a:a}function qa(a){return a.type=(null!==a.getAttribute(&quot;type&quot;))+&quot;/&quot;+a.type,a}function ra(a){var b=na.exec(a.type);return b?a.type=b[1]:a.removeAttribute(&quot;type&quot;),a}function sa(a,b){var c,d,e,f,g,h,i,j;if(1===b.nodeType){if(N.hasData(a)&amp;&amp;(f=N.access(a),g=N.set(b,f),j=f.events)){delete g.handle,g.events={};for(e in j)for(c=0,d=j[e].length;d&gt;c;c++)n.event.add(b,e,j[e][c])}O.hasData(a)&amp;&amp;(h=O.access(a),i=n.extend({},h),O.set(b,i))}}function ta(a,b){var c=b.nodeName.toLowerCase();&quot;input&quot;===c&amp;&amp;X.test(a.type)?b.checked=a.checked:(&quot;input&quot;===c||&quot;textarea&quot;===c)&amp;&amp;(b.defaultValue=a.defaultValue)}function ua(a,b,c,d){b=f.apply([],b);var e,g,h,i,j,k,m=0,o=a.length,p=o-1,q=b[0],r=n.isFunction(q);if(r||o&gt;1&amp;&amp;&quot;string&quot;==typeof q&amp;&amp;!l.checkClone&amp;&amp;ma.test(q))return a.each(function(e){var f=a.eq(e);r&amp;&amp;(b[0]=q.call(this,e,f.html())),ua(f,b,c,d)});if(o&amp;&amp;(e=ca(b,a[0].ownerDocument,!1,a,d),g=e.firstChild,1===e.childNodes.length&amp;&amp;(e=g),g||d)){for(h=n.map(_(e,&quot;script&quot;),qa),i=h.length;o&gt;m;m++)j=e,m!==p&amp;&amp;(j=n.clone(j,!0,!0),i&amp;&amp;n.merge(h,_(j,&quot;script&quot;))),c.call(a[m],j,m);if(i)for(k=h[h.length-1].ownerDocument,n.map(h,ra),m=0;i&gt;m;m++)j=h[m],Z.test(j.type||&quot;&quot;)&amp;&amp;!N.access(j,&quot;globalEval&quot;)&amp;&amp;n.contains(k,j)&amp;&amp;(j.src?n._evalUrl&amp;&amp;n._evalUrl(j.src):n.globalEval(j.textContent.replace(oa,&quot;&quot;)))}return a}function va(a,b,c){for(var d,e=b?n.filter(b,a):a,f=0;null!=(d=e[f]);f++)c||1!==d.nodeType||n.cleanData(_(d)),d.parentNode&amp;&amp;(c&amp;&amp;n.contains(d.ownerDocument,d)&amp;&amp;aa(_(d,&quot;script&quot;)),d.parentNode.removeChild(d));return a}n.extend({htmlPrefilter:function(a){return a.replace(ka,&quot;&lt;$1&gt;&lt;/$2&gt;&quot;)},clone:function(a,b,c){var d,e,f,g,h=a.cloneNode(!0),i=n.contains(a.ownerDocument,a);if(!(l.noCloneChecked||1!==a.nodeType&amp;&amp;11!==a.nodeType||n.isXMLDoc(a)))for(g=_(h),f=_(a),d=0,e=f.length;e&gt;d;d++)ta(f[d],g[d]);if(b)if(c)for(f=f||_(a),g=g||_(h),d=0,e=f.length;e&gt;d;d++)sa(f[d],g[d]);else sa(a,h);return g=_(h,&quot;script&quot;),g.length&gt;0&amp;&amp;aa(g,!i&amp;&amp;_(a,&quot;script&quot;)),h},cleanData:function(a){for(var b,c,d,e=n.event.special,f=0;void 0!==(c=a[f]);f++)if(L(c)){if(b=c[N.expando]){if(b.events)for(d in b.events)e[d]?n.event.remove(c,d):n.removeEvent(c,d,b.handle);c[N.expando]=void 0}c[O.expando]&amp;&amp;(c[O.expando]=void 0)}}}),n.fn.extend({domManip:ua,detach:function(a){return va(this,a,!0)},remove:function(a){return va(this,a)},text:function(a){return K(this,function(a){return void 0===a?n.text(this):this.empty().each(function(){(1===this.nodeType||11===this.nodeType||9===this.nodeType)&amp;&amp;(this.textContent=a)})},null,a,arguments.length)},append:function(){return ua(this,arguments,function(a){if(1===this.nodeType||11===this.nodeType||9===this.nodeType){var b=pa(this,a);b.appendChild(a)}})},prepend:function(){return ua(this,arguments,function(a){if(1===this.nodeType||11===this.nodeType||9===this.nodeType){var b=pa(this,a);b.insertBefore(a,b.firstChild)}})},before:function(){return ua(this,arguments,function(a){this.parentNode&amp;&amp;this.parentNode.insertBefore(a,this)})},after:function(){return ua(this,arguments,function(a){this.parentNode&amp;&amp;this.parentNode.insertBefore(a,this.nextSibling)})},empty:function(){for(var a,b=0;null!=(a=this[b]);b++)1===a.nodeType&amp;&amp;(n.cleanData(_(a,!1)),a.textContent=&quot;&quot;);return this},clone:function(a,b){return a=null==a?!1:a,b=null==b?a:b,this.map(function(){return n.clone(this,a,b)})},html:function(a){return K(this,function(a){var b=this[0]||{},c=0,d=this.length;if(void 0===a&amp;&amp;1===b.nodeType)return b.innerHTML;if(&quot;string&quot;==typeof a&amp;&amp;!la.test(a)&amp;&amp;!$[(Y.exec(a)||[&quot;&quot;,&quot;&quot;])[1].toLowerCase()]){a=n.htmlPrefilter(a);try{for(;d&gt;c;c++)b=this[c]||{},1===b.nodeType&amp;&amp;(n.cleanData(_(b,!1)),b.innerHTML=a);b=0}catch(e){}}b&amp;&amp;this.empty().append(a)},null,a,arguments.length)},replaceWith:function(){var a=[];return ua(this,arguments,function(b){var c=this.parentNode;n.inArray(this,a)&lt;0&amp;&amp;(n.cleanData(_(this)),c&amp;&amp;c.replaceChild(b,this))},a)}}),n.each({appendTo:&quot;append&quot;,prependTo:&quot;prepend&quot;,insertBefore:&quot;before&quot;,insertAfter:&quot;after&quot;,replaceAll:&quot;replaceWith&quot;},function(a,b){n.fn[a]=function(a){for(var c,d=[],e=n(a),f=e.length-1,h=0;f&gt;=h;h++)c=h===f?this:this.clone(!0),n(e[h])[b](c),g.apply(d,c.get());return this.pushStack(d)}});var wa,xa={HTML:&quot;block&quot;,BODY:&quot;block&quot;};function ya(a,b){var c=n(b.createElement(a)).appendTo(b.body),d=n.css(c[0],&quot;display&quot;);return c.detach(),d}function za(a){var b=d,c=xa[a];return c||(c=ya(a,b),&quot;none&quot;!==c&amp;&amp;c||(wa=(wa||n(&quot;&lt;iframe frameborder=&apos;0&apos; width=&apos;0&apos; height=&apos;0&apos;/&gt;&quot;)).appendTo(b.documentElement),b=wa[0].contentDocument,b.write(),b.close(),c=ya(a,b),wa.detach()),xa[a]=c),c}var Aa=/^margin/,Ba=new RegExp(&quot;^(&quot;+S+&quot;)(?!px)[a-z%]+$&quot;,&quot;i&quot;),Ca=function(b){var c=b.ownerDocument.defaultView;return c.opener||(c=a),c.getComputedStyle(b)},Da=function(a,b,c,d){var e,f,g={};for(f in b)g[f]=a.style[f],a.style[f]=b[f];e=c.apply(a,d||[]);for(f in b)a.style[f]=g[f];return e},Ea=d.documentElement;!function(){var b,c,e,f,g=d.createElement(&quot;div&quot;),h=d.createElement(&quot;div&quot;);if(h.style){h.style.backgroundClip=&quot;content-box&quot;,h.cloneNode(!0).style.backgroundClip=&quot;&quot;,l.clearCloneStyle=&quot;content-box&quot;===h.style.backgroundClip,g.style.cssText=&quot;border:0;width:8px;height:0;top:0;left:-9999px;padding:0;margin-top:1px;position:absolute&quot;,g.appendChild(h);function i(){h.style.cssText=&quot;-webkit-box-sizing:border-box;-moz-box-sizing:border-box;box-sizing:border-box;position:relative;display:block;margin:auto;border:1px;padding:1px;top:1%;width:50%&quot;,h.innerHTML=&quot;&quot;,Ea.appendChild(g);var d=a.getComputedStyle(h);b=&quot;1%&quot;!==d.top,f=&quot;2px&quot;===d.marginLeft,c=&quot;4px&quot;===d.width,h.style.marginRight=&quot;50%&quot;,e=&quot;4px&quot;===d.marginRight,Ea.removeChild(g)}n.extend(l,{pixelPosition:function(){return i(),b},boxSizingReliable:function(){return null==c&amp;&amp;i(),c},pixelMarginRight:function(){return null==c&amp;&amp;i(),e},reliableMarginLeft:function(){return null==c&amp;&amp;i(),f},reliableMarginRight:function(){var b,c=h.appendChild(d.createElement(&quot;div&quot;));return c.style.cssText=h.style.cssText=&quot;-webkit-box-sizing:content-box;box-sizing:content-box;display:block;margin:0;border:0;padding:0&quot;,c.style.marginRight=c.style.width=&quot;0&quot;,h.style.width=&quot;1px&quot;,Ea.appendChild(g),b=!parseFloat(a.getComputedStyle(c).marginRight),Ea.removeChild(g),h.removeChild(c),b}})}}();function Fa(a,b,c){var d,e,f,g,h=a.style;return c=c||Ca(a),c&amp;&amp;(g=c.getPropertyValue(b)||c[b],&quot;&quot;!==g||n.contains(a.ownerDocument,a)||(g=n.style(a,b)),!l.pixelMarginRight()&amp;&amp;Ba.test(g)&amp;&amp;Aa.test(b)&amp;&amp;(d=h.width,e=h.minWidth,f=h.maxWidth,h.minWidth=h.maxWidth=h.width=g,g=c.width,h.width=d,h.minWidth=e,h.maxWidth=f)),void 0!==g?g+&quot;&quot;:g}function Ga(a,b){return{get:function(){return a()?void delete this.get:(this.get=b).apply(this,arguments)}}}var Ha=/^(none|table(?!-c[ea]).+)/,Ia={position:&quot;absolute&quot;,visibility:&quot;hidden&quot;,display:&quot;block&quot;},Ja={letterSpacing:&quot;0&quot;,fontWeight:&quot;400&quot;},Ka=[&quot;Webkit&quot;,&quot;O&quot;,&quot;Moz&quot;,&quot;ms&quot;],La=d.createElement(&quot;div&quot;).style;function Ma(a){if(a in La)return a;var b=a[0].toUpperCase()+a.slice(1),c=Ka.length;while(c--)if(a=Ka[c]+b,a in La)return a}function Na(a,b,c){var d=T.exec(b);return d?Math.max(0,d[2]-(c||0))+(d[3]||&quot;px&quot;):b}function Oa(a,b,c,d,e){for(var f=c===(d?&quot;border&quot;:&quot;content&quot;)?4:&quot;width&quot;===b?1:0,g=0;4&gt;f;f+=2)&quot;margin&quot;===c&amp;&amp;(g+=n.css(a,c+U[f],!0,e)),d?(&quot;content&quot;===c&amp;&amp;(g-=n.css(a,&quot;padding&quot;+U[f],!0,e)),&quot;margin&quot;!==c&amp;&amp;(g-=n.css(a,&quot;border&quot;+U[f]+&quot;Width&quot;,!0,e))):(g+=n.css(a,&quot;padding&quot;+U[f],!0,e),&quot;padding&quot;!==c&amp;&amp;(g+=n.css(a,&quot;border&quot;+U[f]+&quot;Width&quot;,!0,e)));return g}function Pa(b,c,e){var f=!0,g=&quot;width&quot;===c?b.offsetWidth:b.offsetHeight,h=Ca(b),i=&quot;border-box&quot;===n.css(b,&quot;boxSizing&quot;,!1,h);if(d.msFullscreenElement&amp;&amp;a.top!==a&amp;&amp;b.getClientRects().length&amp;&amp;(g=Math.round(100*b.getBoundingClientRect()[c])),0&gt;=g||null==g){if(g=Fa(b,c,h),(0&gt;g||null==g)&amp;&amp;(g=b.style[c]),Ba.test(g))return g;f=i&amp;&amp;(l.boxSizingReliable()||g===b.style[c]),g=parseFloat(g)||0}return g+Oa(b,c,e||(i?&quot;border&quot;:&quot;content&quot;),f,h)+&quot;px&quot;}function Qa(a,b){for(var c,d,e,f=[],g=0,h=a.length;h&gt;g;g++)d=a[g],d.style&amp;&amp;(f[g]=N.get(d,&quot;olddisplay&quot;),c=d.style.display,b?(f[g]||&quot;none&quot;!==c||(d.style.display=&quot;&quot;),&quot;&quot;===d.style.display&amp;&amp;V(d)&amp;&amp;(f[g]=N.access(d,&quot;olddisplay&quot;,za(d.nodeName)))):(e=V(d),&quot;none&quot;===c&amp;&amp;e||N.set(d,&quot;olddisplay&quot;,e?c:n.css(d,&quot;display&quot;))));for(g=0;h&gt;g;g++)d=a[g],d.style&amp;&amp;(b&amp;&amp;&quot;none&quot;!==d.style.display&amp;&amp;&quot;&quot;!==d.style.display||(d.style.display=b?f[g]||&quot;&quot;:&quot;none&quot;));return a}n.extend({cssHooks:{opacity:{get:function(a,b){if(b){var c=Fa(a,&quot;opacity&quot;);return&quot;&quot;===c?&quot;1&quot;:c}}}},cssNumber:{animationIterationCount:!0,columnCount:!0,fillOpacity:!0,flexGrow:!0,flexShrink:!0,fontWeight:!0,lineHeight:!0,opacity:!0,order:!0,orphans:!0,widows:!0,zIndex:!0,zoom:!0},cssProps:{&quot;float&quot;:&quot;cssFloat&quot;},style:function(a,b,c,d){if(a&amp;&amp;3!==a.nodeType&amp;&amp;8!==a.nodeType&amp;&amp;a.style){var e,f,g,h=n.camelCase(b),i=a.style;return b=n.cssProps[h]||(n.cssProps[h]=Ma(h)||h),g=n.cssHooks[b]||n.cssHooks[h],void 0===c?g&amp;&amp;&quot;get&quot;in g&amp;&amp;void 0!==(e=g.get(a,!1,d))?e:i[b]:(f=typeof c,&quot;string&quot;===f&amp;&amp;(e=T.exec(c))&amp;&amp;e[1]&amp;&amp;(c=W(a,b,e),f=&quot;number&quot;),null!=c&amp;&amp;c===c&amp;&amp;(&quot;number&quot;===f&amp;&amp;(c+=e&amp;&amp;e[3]||(n.cssNumber[h]?&quot;&quot;:&quot;px&quot;)),l.clearCloneStyle||&quot;&quot;!==c||0!==b.indexOf(&quot;background&quot;)||(i[b]=&quot;inherit&quot;),g&amp;&amp;&quot;set&quot;in g&amp;&amp;void 0===(c=g.set(a,c,d))||(i[b]=c)),void 0)}},css:function(a,b,c,d){var e,f,g,h=n.camelCase(b);return b=n.cssProps[h]||(n.cssProps[h]=Ma(h)||h),g=n.cssHooks[b]||n.cssHooks[h],g&amp;&amp;&quot;get&quot;in g&amp;&amp;(e=g.get(a,!0,c)),void 0===e&amp;&amp;(e=Fa(a,b,d)),&quot;normal&quot;===e&amp;&amp;b in Ja&amp;&amp;(e=Ja[b]),&quot;&quot;===c||c?(f=parseFloat(e),c===!0||isFinite(f)?f||0:e):e}}),n.each([&quot;height&quot;,&quot;width&quot;],function(a,b){n.cssHooks[b]={get:function(a,c,d){return c?Ha.test(n.css(a,&quot;display&quot;))&amp;&amp;0===a.offsetWidth?Da(a,Ia,function(){return Pa(a,b,d)}):Pa(a,b,d):void 0},set:function(a,c,d){var e,f=d&amp;&amp;Ca(a),g=d&amp;&amp;Oa(a,b,d,&quot;border-box&quot;===n.css(a,&quot;boxSizing&quot;,!1,f),f);return g&amp;&amp;(e=T.exec(c))&amp;&amp;&quot;px&quot;!==(e[3]||&quot;px&quot;)&amp;&amp;(a.style[b]=c,c=n.css(a,b)),Na(a,c,g)}}}),n.cssHooks.marginLeft=Ga(l.reliableMarginLeft,function(a,b){return b?(parseFloat(Fa(a,&quot;marginLeft&quot;))||a.getBoundingClientRect().left-Da(a,{marginLeft:0},function(){return a.getBoundingClientRect().left}))+&quot;px&quot;:void 0}),n.cssHooks.marginRight=Ga(l.reliableMarginRight,function(a,b){return b?Da(a,{display:&quot;inline-block&quot;},Fa,[a,&quot;marginRight&quot;]):void 0}),n.each({margin:&quot;&quot;,padding:&quot;&quot;,border:&quot;Width&quot;},function(a,b){n.cssHooks[a+b]={expand:function(c){for(var d=0,e={},f=&quot;string&quot;==typeof c?c.split(&quot; &quot;):[c];4&gt;d;d++)e[a+U[d]+b]=f[d]||f[d-2]||f[0];return e}},Aa.test(a)||(n.cssHooks[a+b].set=Na)}),n.fn.extend({css:function(a,b){return K(this,function(a,b,c){var d,e,f={},g=0;if(n.isArray(b)){for(d=Ca(a),e=b.length;e&gt;g;g++)f[b[g]]=n.css(a,b[g],!1,d);return f}return void 0!==c?n.style(a,b,c):n.css(a,b)},a,b,arguments.length&gt;1)},show:function(){return Qa(this,!0)},hide:function(){return Qa(this)},toggle:function(a){return&quot;boolean&quot;==typeof a?a?this.show():this.hide():this.each(function(){V(this)?n(this).show():n(this).hide()})}});function Ra(a,b,c,d,e){return new Ra.prototype.init(a,b,c,d,e)}n.Tween=Ra,Ra.prototype={constructor:Ra,init:function(a,b,c,d,e,f){this.elem=a,this.prop=c,this.easing=e||n.easing._default,this.options=b,this.start=this.now=this.cur(),this.end=d,this.unit=f||(n.cssNumber[c]?&quot;&quot;:&quot;px&quot;)},cur:function(){var a=Ra.propHooks[this.prop];return a&amp;&amp;a.get?a.get(this):Ra.propHooks._default.get(this)},run:function(a){var b,c=Ra.propHooks[this.prop];return this.options.duration?this.pos=b=n.easing[this.easing](a,this.options.duration*a,0,1,this.options.duration):this.pos=b=a,this.now=(this.end-this.start)*b+this.start,this.options.step&amp;&amp;this.options.step.call(this.elem,this.now,this),c&amp;&amp;c.set?c.set(this):Ra.propHooks._default.set(this),this}},Ra.prototype.init.prototype=Ra.prototype,Ra.propHooks={_default:{get:function(a){var b;return 1!==a.elem.nodeType||null!=a.elem[a.prop]&amp;&amp;null==a.elem.style[a.prop]?a.elem[a.prop]:(b=n.css(a.elem,a.prop,&quot;&quot;),b&amp;&amp;&quot;auto&quot;!==b?b:0)},set:function(a){n.fx.step[a.prop]?n.fx.step[a.prop](a):1!==a.elem.nodeType||null==a.elem.style[n.cssProps[a.prop]]&amp;&amp;!n.cssHooks[a.prop]?a.elem[a.prop]=a.now:n.style(a.elem,a.prop,a.now+a.unit)}}},Ra.propHooks.scrollTop=Ra.propHooks.scrollLeft={set:function(a){a.elem.nodeType&amp;&amp;a.elem.parentNode&amp;&amp;(a.elem[a.prop]=a.now)}},n.easing={linear:function(a){return a},swing:function(a){return.5-Math.cos(a*Math.PI)/2},_default:&quot;swing&quot;},n.fx=Ra.prototype.init,n.fx.step={};var Sa,Ta,Ua=/^(?:toggle|show|hide)$/,Va=/queueHooks$/;function Wa(){return a.setTimeout(function(){Sa=void 0}),Sa=n.now()}function Xa(a,b){var c,d=0,e={height:a};for(b=b?1:0;4&gt;d;d+=2-b)c=U[d],e[&quot;margin&quot;+c]=e[&quot;padding&quot;+c]=a;return b&amp;&amp;(e.opacity=e.width=a),e}function Ya(a,b,c){for(var d,e=(_a.tweeners[b]||[]).concat(_a.tweeners[&quot;*&quot;]),f=0,g=e.length;g&gt;f;f++)if(d=e[f].call(c,b,a))return d}function Za(a,b,c){var d,e,f,g,h,i,j,k,l=this,m={},o=a.style,p=a.nodeType&amp;&amp;V(a),q=N.get(a,&quot;fxshow&quot;);c.queue||(h=n._queueHooks(a,&quot;fx&quot;),null==h.unqueued&amp;&amp;(h.unqueued=0,i=h.empty.fire,h.empty.fire=function(){h.unqueued||i()}),h.unqueued++,l.always(function(){l.always(function(){h.unqueued--,n.queue(a,&quot;fx&quot;).length||h.empty.fire()})})),1===a.nodeType&amp;&amp;(&quot;height&quot;in b||&quot;width&quot;in b)&amp;&amp;(c.overflow=[o.overflow,o.overflowX,o.overflowY],j=n.css(a,&quot;display&quot;),k=&quot;none&quot;===j?N.get(a,&quot;olddisplay&quot;)||za(a.nodeName):j,&quot;inline&quot;===k&amp;&amp;&quot;none&quot;===n.css(a,&quot;float&quot;)&amp;&amp;(o.display=&quot;inline-block&quot;)),c.overflow&amp;&amp;(o.overflow=&quot;hidden&quot;,l.always(function(){o.overflow=c.overflow[0],o.overflowX=c.overflow[1],o.overflowY=c.overflow[2]}));for(d in b)if(e=b[d],Ua.exec(e)){if(delete b[d],f=f||&quot;toggle&quot;===e,e===(p?&quot;hide&quot;:&quot;show&quot;)){if(&quot;show&quot;!==e||!q||void 0===q[d])continue;p=!0}m[d]=q&amp;&amp;q[d]||n.style(a,d)}else j=void 0;if(n.isEmptyObject(m))&quot;inline&quot;===(&quot;none&quot;===j?za(a.nodeName):j)&amp;&amp;(o.display=j);else{q?&quot;hidden&quot;in q&amp;&amp;(p=q.hidden):q=N.access(a,&quot;fxshow&quot;,{}),f&amp;&amp;(q.hidden=!p),p?n(a).show():l.done(function(){n(a).hide()}),l.done(function(){var b;N.remove(a,&quot;fxshow&quot;);for(b in m)n.style(a,b,m[b])});for(d in m)g=Ya(p?q[d]:0,d,l),d in q||(q[d]=g.start,p&amp;&amp;(g.end=g.start,g.start=&quot;width&quot;===d||&quot;height&quot;===d?1:0))}}function $a(a,b){var c,d,e,f,g;for(c in a)if(d=n.camelCase(c),e=b[d],f=a[c],n.isArray(f)&amp;&amp;(e=f[1],f=a[c]=f[0]),c!==d&amp;&amp;(a[d]=f,delete a[c]),g=n.cssHooks[d],g&amp;&amp;&quot;expand&quot;in g){f=g.expand(f),delete a[d];for(c in f)c in a||(a[c]=f[c],b[c]=e)}else b[d]=e}function _a(a,b,c){var d,e,f=0,g=_a.prefilters.length,h=n.Deferred().always(function(){delete i.elem}),i=function(){if(e)return!1;for(var b=Sa||Wa(),c=Math.max(0,j.startTime+j.duration-b),d=c/j.duration||0,f=1-d,g=0,i=j.tweens.length;i&gt;g;g++)j.tweens[g].run(f);return h.notifyWith(a,[j,f,c]),1&gt;f&amp;&amp;i?c:(h.resolveWith(a,[j]),!1)},j=h.promise({elem:a,props:n.extend({},b),opts:n.extend(!0,{specialEasing:{},easing:n.easing._default},c),originalProperties:b,originalOptions:c,startTime:Sa||Wa(),duration:c.duration,tweens:[],createTween:function(b,c){var d=n.Tween(a,j.opts,b,c,j.opts.specialEasing[b]||j.opts.easing);return j.tweens.push(d),d},stop:function(b){var c=0,d=b?j.tweens.length:0;if(e)return this;for(e=!0;d&gt;c;c++)j.tweens[c].run(1);return b?(h.notifyWith(a,[j,1,0]),h.resolveWith(a,[j,b])):h.rejectWith(a,[j,b]),this}}),k=j.props;for($a(k,j.opts.specialEasing);g&gt;f;f++)if(d=_a.prefilters[f].call(j,a,k,j.opts))return n.isFunction(d.stop)&amp;&amp;(n._queueHooks(j.elem,j.opts.queue).stop=n.proxy(d.stop,d)),d;return n.map(k,Ya,j),n.isFunction(j.opts.start)&amp;&amp;j.opts.start.call(a,j),n.fx.timer(n.extend(i,{elem:a,anim:j,queue:j.opts.queue})),j.progress(j.opts.progress).done(j.opts.done,j.opts.complete).fail(j.opts.fail).always(j.opts.always)}n.Animation=n.extend(_a,{tweeners:{&quot;*&quot;:[function(a,b){var c=this.createTween(a,b);return W(c.elem,a,T.exec(b),c),c}]},tweener:function(a,b){n.isFunction(a)?(b=a,a=[&quot;*&quot;]):a=a.match(G);for(var c,d=0,e=a.length;e&gt;d;d++)c=a[d],_a.tweeners[c]=_a.tweeners[c]||[],_a.tweeners[c].unshift(b)},prefilters:[Za],prefilter:function(a,b){b?_a.prefilters.unshift(a):_a.prefilters.push(a)}}),n.speed=function(a,b,c){var d=a&amp;&amp;&quot;object&quot;==typeof a?n.extend({},a):{complete:c||!c&amp;&amp;b||n.isFunction(a)&amp;&amp;a,duration:a,easing:c&amp;&amp;b||b&amp;&amp;!n.isFunction(b)&amp;&amp;b};return d.duration=n.fx.off?0:&quot;number&quot;==typeof d.duration?d.duration:d.duration in n.fx.speeds?n.fx.speeds[d.duration]:n.fx.speeds._default,(null==d.queue||d.queue===!0)&amp;&amp;(d.queue=&quot;fx&quot;),d.old=d.complete,d.complete=function(){n.isFunction(d.old)&amp;&amp;d.old.call(this),d.queue&amp;&amp;n.dequeue(this,d.queue)},d},n.fn.extend({fadeTo:function(a,b,c,d){return this.filter(V).css(&quot;opacity&quot;,0).show().end().animate({opacity:b},a,c,d)},animate:function(a,b,c,d){var e=n.isEmptyObject(a),f=n.speed(b,c,d),g=function(){var b=_a(this,n.extend({},a),f);(e||N.get(this,&quot;finish&quot;))&amp;&amp;b.stop(!0)};return g.finish=g,e||f.queue===!1?this.each(g):this.queue(f.queue,g)},stop:function(a,b,c){var d=function(a){var b=a.stop;delete a.stop,b(c)};return&quot;string&quot;!=typeof a&amp;&amp;(c=b,b=a,a=void 0),b&amp;&amp;a!==!1&amp;&amp;this.queue(a||&quot;fx&quot;,[]),this.each(function(){var b=!0,e=null!=a&amp;&amp;a+&quot;queueHooks&quot;,f=n.timers,g=N.get(this);if(e)g[e]&amp;&amp;g[e].stop&amp;&amp;d(g[e]);else for(e in g)g[e]&amp;&amp;g[e].stop&amp;&amp;Va.test(e)&amp;&amp;d(g[e]);for(e=f.length;e--;)f[e].elem!==this||null!=a&amp;&amp;f[e].queue!==a||(f[e].anim.stop(c),b=!1,f.splice(e,1));(b||!c)&amp;&amp;n.dequeue(this,a)})},finish:function(a){return a!==!1&amp;&amp;(a=a||&quot;fx&quot;),this.each(function(){var b,c=N.get(this),d=c[a+&quot;queue&quot;],e=c[a+&quot;queueHooks&quot;],f=n.timers,g=d?d.length:0;for(c.finish=!0,n.queue(this,a,[]),e&amp;&amp;e.stop&amp;&amp;e.stop.call(this,!0),b=f.length;b--;)f[b].elem===this&amp;&amp;f[b].queue===a&amp;&amp;(f[b].anim.stop(!0),f.splice(b,1));for(b=0;g&gt;b;b++)d[b]&amp;&amp;d[b].finish&amp;&amp;d[b].finish.call(this);delete c.finish})}}),n.each([&quot;toggle&quot;,&quot;show&quot;,&quot;hide&quot;],function(a,b){var c=n.fn[b];n.fn[b]=function(a,d,e){return null==a||&quot;boolean&quot;==typeof a?c.apply(this,arguments):this.animate(Xa(b,!0),a,d,e)}}),n.each({slideDown:Xa(&quot;show&quot;),slideUp:Xa(&quot;hide&quot;),slideToggle:Xa(&quot;toggle&quot;),fadeIn:{opacity:&quot;show&quot;},fadeOut:{opacity:&quot;hide&quot;},fadeToggle:{opacity:&quot;toggle&quot;}},function(a,b){n.fn[a]=function(a,c,d){return this.animate(b,a,c,d)}}),n.timers=[],n.fx.tick=function(){var a,b=0,c=n.timers;for(Sa=n.now();b&lt;c.length;b++)a=c[b],a()||c[b]!==a||c.splice(b--,1);c.length||n.fx.stop(),Sa=void 0},n.fx.timer=function(a){n.timers.push(a),a()?n.fx.start():n.timers.pop()},n.fx.interval=13,n.fx.start=function(){Ta||(Ta=a.setInterval(n.fx.tick,n.fx.interval))},n.fx.stop=function(){a.clearInterval(Ta),Ta=null},n.fx.speeds={slow:600,fast:200,_default:400},n.fn.delay=function(b,c){return b=n.fx?n.fx.speeds[b]||b:b,c=c||&quot;fx&quot;,this.queue(c,function(c,d){var e=a.setTimeout(c,b);d.stop=function(){a.clearTimeout(e)}})},function(){var a=d.createElement(&quot;input&quot;),b=d.createElement(&quot;select&quot;),c=b.appendChild(d.createElement(&quot;option&quot;));a.type=&quot;checkbox&quot;,l.checkOn=&quot;&quot;!==a.value,l.optSelected=c.selected,b.disabled=!0,l.optDisabled=!c.disabled,a=d.createElement(&quot;input&quot;),a.value=&quot;t&quot;,a.type=&quot;radio&quot;,l.radioValue=&quot;t&quot;===a.value}();var ab,bb=n.expr.attrHandle;n.fn.extend({attr:function(a,b){return K(this,n.attr,a,b,arguments.length&gt;1)},removeAttr:function(a){return this.each(function(){n.removeAttr(this,a)})}}),n.extend({attr:function(a,b,c){var d,e,f=a.nodeType;if(3!==f&amp;&amp;8!==f&amp;&amp;2!==f)return&quot;undefined&quot;==typeof a.getAttribute?n.prop(a,b,c):(1===f&amp;&amp;n.isXMLDoc(a)||(b=b.toLowerCase(),e=n.attrHooks[b]||(n.expr.match.bool.test(b)?ab:void 0)),void 0!==c?null===c?void n.removeAttr(a,b):e&amp;&amp;&quot;set&quot;in e&amp;&amp;void 0!==(d=e.set(a,c,b))?d:(a.setAttribute(b,c+&quot;&quot;),c):e&amp;&amp;&quot;get&quot;in e&amp;&amp;null!==(d=e.get(a,b))?d:(d=n.find.attr(a,b),null==d?void 0:d))},attrHooks:{type:{set:function(a,b){if(!l.radioValue&amp;&amp;&quot;radio&quot;===b&amp;&amp;n.nodeName(a,&quot;input&quot;)){var c=a.value;return a.setAttribute(&quot;type&quot;,b),c&amp;&amp;(a.value=c),b}}}},removeAttr:function(a,b){var c,d,e=0,f=b&amp;&amp;b.match(G);if(f&amp;&amp;1===a.nodeType)while(c=f[e++])d=n.propFix[c]||c,n.expr.match.bool.test(c)&amp;&amp;(a[d]=!1),a.removeAttribute(c)}}),ab={set:function(a,b,c){return b===!1?n.removeAttr(a,c):a.setAttribute(c,c),c}},n.each(n.expr.match.bool.source.match(/\w+/g),function(a,b){var c=bb[b]||n.find.attr;bb[b]=function(a,b,d){var e,f;return d||(f=bb[b],bb[b]=e,e=null!=c(a,b,d)?b.toLowerCase():null,bb[b]=f),e}});var cb=/^(?:input|select|textarea|button)$/i,db=/^(?:a|area)$/i;n.fn.extend({prop:function(a,b){return K(this,n.prop,a,b,arguments.length&gt;1)},removeProp:function(a){return this.each(function(){delete this[n.propFix[a]||a]})}}),n.extend({prop:function(a,b,c){var d,e,f=a.nodeType;if(3!==f&amp;&amp;8!==f&amp;&amp;2!==f)return 1===f&amp;&amp;n.isXMLDoc(a)||(b=n.propFix[b]||b,e=n.propHooks[b]),void 0!==c?e&amp;&amp;&quot;set&quot;in e&amp;&amp;void 0!==(d=e.set(a,c,b))?d:a[b]=c:e&amp;&amp;&quot;get&quot;in e&amp;&amp;null!==(d=e.get(a,b))?d:a[b];&#10;  },propHooks:{tabIndex:{get:function(a){var b=n.find.attr(a,&quot;tabindex&quot;);return b?parseInt(b,10):cb.test(a.nodeName)||db.test(a.nodeName)&amp;&amp;a.href?0:-1}}},propFix:{&quot;for&quot;:&quot;htmlFor&quot;,&quot;class&quot;:&quot;className&quot;}}),l.optSelected||(n.propHooks.selected={get:function(a){var b=a.parentNode;return b&amp;&amp;b.parentNode&amp;&amp;b.parentNode.selectedIndex,null}}),n.each([&quot;tabIndex&quot;,&quot;readOnly&quot;,&quot;maxLength&quot;,&quot;cellSpacing&quot;,&quot;cellPadding&quot;,&quot;rowSpan&quot;,&quot;colSpan&quot;,&quot;useMap&quot;,&quot;frameBorder&quot;,&quot;contentEditable&quot;],function(){n.propFix[this.toLowerCase()]=this});var eb=/[\t\r\n\f]/g;function fb(a){return a.getAttribute&amp;&amp;a.getAttribute(&quot;class&quot;)||&quot;&quot;}n.fn.extend({addClass:function(a){var b,c,d,e,f,g,h,i=0;if(n.isFunction(a))return this.each(function(b){n(this).addClass(a.call(this,b,fb(this)))});if(&quot;string&quot;==typeof a&amp;&amp;a){b=a.match(G)||[];while(c=this[i++])if(e=fb(c),d=1===c.nodeType&amp;&amp;(&quot; &quot;+e+&quot; &quot;).replace(eb,&quot; &quot;)){g=0;while(f=b[g++])d.indexOf(&quot; &quot;+f+&quot; &quot;)&lt;0&amp;&amp;(d+=f+&quot; &quot;);h=n.trim(d),e!==h&amp;&amp;c.setAttribute(&quot;class&quot;,h)}}return this},removeClass:function(a){var b,c,d,e,f,g,h,i=0;if(n.isFunction(a))return this.each(function(b){n(this).removeClass(a.call(this,b,fb(this)))});if(!arguments.length)return this.attr(&quot;class&quot;,&quot;&quot;);if(&quot;string&quot;==typeof a&amp;&amp;a){b=a.match(G)||[];while(c=this[i++])if(e=fb(c),d=1===c.nodeType&amp;&amp;(&quot; &quot;+e+&quot; &quot;).replace(eb,&quot; &quot;)){g=0;while(f=b[g++])while(d.indexOf(&quot; &quot;+f+&quot; &quot;)&gt;-1)d=d.replace(&quot; &quot;+f+&quot; &quot;,&quot; &quot;);h=n.trim(d),e!==h&amp;&amp;c.setAttribute(&quot;class&quot;,h)}}return this},toggleClass:function(a,b){var c=typeof a;return&quot;boolean&quot;==typeof b&amp;&amp;&quot;string&quot;===c?b?this.addClass(a):this.removeClass(a):n.isFunction(a)?this.each(function(c){n(this).toggleClass(a.call(this,c,fb(this),b),b)}):this.each(function(){var b,d,e,f;if(&quot;string&quot;===c){d=0,e=n(this),f=a.match(G)||[];while(b=f[d++])e.hasClass(b)?e.removeClass(b):e.addClass(b)}else(void 0===a||&quot;boolean&quot;===c)&amp;&amp;(b=fb(this),b&amp;&amp;N.set(this,&quot;__className__&quot;,b),this.setAttribute&amp;&amp;this.setAttribute(&quot;class&quot;,b||a===!1?&quot;&quot;:N.get(this,&quot;__className__&quot;)||&quot;&quot;))})},hasClass:function(a){var b,c,d=0;b=&quot; &quot;+a+&quot; &quot;;while(c=this[d++])if(1===c.nodeType&amp;&amp;(&quot; &quot;+fb(c)+&quot; &quot;).replace(eb,&quot; &quot;).indexOf(b)&gt;-1)return!0;return!1}});var gb=/\r/g;n.fn.extend({val:function(a){var b,c,d,e=this[0];{if(arguments.length)return d=n.isFunction(a),this.each(function(c){var e;1===this.nodeType&amp;&amp;(e=d?a.call(this,c,n(this).val()):a,null==e?e=&quot;&quot;:&quot;number&quot;==typeof e?e+=&quot;&quot;:n.isArray(e)&amp;&amp;(e=n.map(e,function(a){return null==a?&quot;&quot;:a+&quot;&quot;})),b=n.valHooks[this.type]||n.valHooks[this.nodeName.toLowerCase()],b&amp;&amp;&quot;set&quot;in b&amp;&amp;void 0!==b.set(this,e,&quot;value&quot;)||(this.value=e))});if(e)return b=n.valHooks[e.type]||n.valHooks[e.nodeName.toLowerCase()],b&amp;&amp;&quot;get&quot;in b&amp;&amp;void 0!==(c=b.get(e,&quot;value&quot;))?c:(c=e.value,&quot;string&quot;==typeof c?c.replace(gb,&quot;&quot;):null==c?&quot;&quot;:c)}}}),n.extend({valHooks:{option:{get:function(a){return n.trim(a.value)}},select:{get:function(a){for(var b,c,d=a.options,e=a.selectedIndex,f=&quot;select-one&quot;===a.type||0&gt;e,g=f?null:[],h=f?e+1:d.length,i=0&gt;e?h:f?e:0;h&gt;i;i++)if(c=d[i],(c.selected||i===e)&amp;&amp;(l.optDisabled?!c.disabled:null===c.getAttribute(&quot;disabled&quot;))&amp;&amp;(!c.parentNode.disabled||!n.nodeName(c.parentNode,&quot;optgroup&quot;))){if(b=n(c).val(),f)return b;g.push(b)}return g},set:function(a,b){var c,d,e=a.options,f=n.makeArray(b),g=e.length;while(g--)d=e[g],(d.selected=n.inArray(n.valHooks.option.get(d),f)&gt;-1)&amp;&amp;(c=!0);return c||(a.selectedIndex=-1),f}}}}),n.each([&quot;radio&quot;,&quot;checkbox&quot;],function(){n.valHooks[this]={set:function(a,b){return n.isArray(b)?a.checked=n.inArray(n(a).val(),b)&gt;-1:void 0}},l.checkOn||(n.valHooks[this].get=function(a){return null===a.getAttribute(&quot;value&quot;)?&quot;on&quot;:a.value})});var hb=/^(?:focusinfocus|focusoutblur)$/;n.extend(n.event,{trigger:function(b,c,e,f){var g,h,i,j,l,m,o,p=[e||d],q=k.call(b,&quot;type&quot;)?b.type:b,r=k.call(b,&quot;namespace&quot;)?b.namespace.split(&quot;.&quot;):[];if(h=i=e=e||d,3!==e.nodeType&amp;&amp;8!==e.nodeType&amp;&amp;!hb.test(q+n.event.triggered)&amp;&amp;(q.indexOf(&quot;.&quot;)&gt;-1&amp;&amp;(r=q.split(&quot;.&quot;),q=r.shift(),r.sort()),l=q.indexOf(&quot;:&quot;)&lt;0&amp;&amp;&quot;on&quot;+q,b=b[n.expando]?b:new n.Event(q,&quot;object&quot;==typeof b&amp;&amp;b),b.isTrigger=f?2:3,b.namespace=r.join(&quot;.&quot;),b.rnamespace=b.namespace?new RegExp(&quot;(^|\\.)&quot;+r.join(&quot;\\.(?:.*\\.|)&quot;)+&quot;(\\.|$)&quot;):null,b.result=void 0,b.target||(b.target=e),c=null==c?[b]:n.makeArray(c,[b]),o=n.event.special[q]||{},f||!o.trigger||o.trigger.apply(e,c)!==!1)){if(!f&amp;&amp;!o.noBubble&amp;&amp;!n.isWindow(e)){for(j=o.delegateType||q,hb.test(j+q)||(h=h.parentNode);h;h=h.parentNode)p.push(h),i=h;i===(e.ownerDocument||d)&amp;&amp;p.push(i.defaultView||i.parentWindow||a)}g=0;while((h=p[g++])&amp;&amp;!b.isPropagationStopped())b.type=g&gt;1?j:o.bindType||q,m=(N.get(h,&quot;events&quot;)||{})[b.type]&amp;&amp;N.get(h,&quot;handle&quot;),m&amp;&amp;m.apply(h,c),m=l&amp;&amp;h[l],m&amp;&amp;m.apply&amp;&amp;L(h)&amp;&amp;(b.result=m.apply(h,c),b.result===!1&amp;&amp;b.preventDefault());return b.type=q,f||b.isDefaultPrevented()||o._default&amp;&amp;o._default.apply(p.pop(),c)!==!1||!L(e)||l&amp;&amp;n.isFunction(e[q])&amp;&amp;!n.isWindow(e)&amp;&amp;(i=e[l],i&amp;&amp;(e[l]=null),n.event.triggered=q,e[q](),n.event.triggered=void 0,i&amp;&amp;(e[l]=i)),b.result}},simulate:function(a,b,c){var d=n.extend(new n.Event,c,{type:a,isSimulated:!0});n.event.trigger(d,null,b),d.isDefaultPrevented()&amp;&amp;c.preventDefault()}}),n.fn.extend({trigger:function(a,b){return this.each(function(){n.event.trigger(a,b,this)})},triggerHandler:function(a,b){var c=this[0];return c?n.event.trigger(a,b,c,!0):void 0}}),n.each(&quot;blur focus focusin focusout load resize scroll unload click dblclick mousedown mouseup mousemove mouseover mouseout mouseenter mouseleave change select submit keydown keypress keyup error contextmenu&quot;.split(&quot; &quot;),function(a,b){n.fn[b]=function(a,c){return arguments.length&gt;0?this.on(b,null,a,c):this.trigger(b)}}),n.fn.extend({hover:function(a,b){return this.mouseenter(a).mouseleave(b||a)}}),l.focusin=&quot;onfocusin&quot;in a,l.focusin||n.each({focus:&quot;focusin&quot;,blur:&quot;focusout&quot;},function(a,b){var c=function(a){n.event.simulate(b,a.target,n.event.fix(a))};n.event.special[b]={setup:function(){var d=this.ownerDocument||this,e=N.access(d,b);e||d.addEventListener(a,c,!0),N.access(d,b,(e||0)+1)},teardown:function(){var d=this.ownerDocument||this,e=N.access(d,b)-1;e?N.access(d,b,e):(d.removeEventListener(a,c,!0),N.remove(d,b))}}});var ib=a.location,jb=n.now(),kb=/\?/;n.parseJSON=function(a){return JSON.parse(a+&quot;&quot;)},n.parseXML=function(b){var c;if(!b||&quot;string&quot;!=typeof b)return null;try{c=(new a.DOMParser).parseFromString(b,&quot;text/xml&quot;)}catch(d){c=void 0}return(!c||c.getElementsByTagName(&quot;parsererror&quot;).length)&amp;&amp;n.error(&quot;Invalid XML: &quot;+b),c};var lb=/#.*$/,mb=/([?&amp;])_=[^&amp;]*/,nb=/^(.*?):[ \t]*([^\r\n]*)$/gm,ob=/^(?:about|app|app-storage|.+-extension|file|res|widget):$/,pb=/^(?:GET|HEAD)$/,qb=/^\/\//,rb={},sb={},tb=&quot;*/&quot;.concat(&quot;*&quot;),ub=d.createElement(&quot;a&quot;);ub.href=ib.href;function vb(a){return function(b,c){&quot;string&quot;!=typeof b&amp;&amp;(c=b,b=&quot;*&quot;);var d,e=0,f=b.toLowerCase().match(G)||[];if(n.isFunction(c))while(d=f[e++])&quot;+&quot;===d[0]?(d=d.slice(1)||&quot;*&quot;,(a[d]=a[d]||[]).unshift(c)):(a[d]=a[d]||[]).push(c)}}function wb(a,b,c,d){var e={},f=a===sb;function g(h){var i;return e[h]=!0,n.each(a[h]||[],function(a,h){var j=h(b,c,d);return&quot;string&quot;!=typeof j||f||e[j]?f?!(i=j):void 0:(b.dataTypes.unshift(j),g(j),!1)}),i}return g(b.dataTypes[0])||!e[&quot;*&quot;]&amp;&amp;g(&quot;*&quot;)}function xb(a,b){var c,d,e=n.ajaxSettings.flatOptions||{};for(c in b)void 0!==b[c]&amp;&amp;((e[c]?a:d||(d={}))[c]=b[c]);return d&amp;&amp;n.extend(!0,a,d),a}function yb(a,b,c){var d,e,f,g,h=a.contents,i=a.dataTypes;while(&quot;*&quot;===i[0])i.shift(),void 0===d&amp;&amp;(d=a.mimeType||b.getResponseHeader(&quot;Content-Type&quot;));if(d)for(e in h)if(h[e]&amp;&amp;h[e].test(d)){i.unshift(e);break}if(i[0]in c)f=i[0];else{for(e in c){if(!i[0]||a.converters[e+&quot; &quot;+i[0]]){f=e;break}g||(g=e)}f=f||g}return f?(f!==i[0]&amp;&amp;i.unshift(f),c[f]):void 0}function zb(a,b,c,d){var e,f,g,h,i,j={},k=a.dataTypes.slice();if(k[1])for(g in a.converters)j[g.toLowerCase()]=a.converters[g];f=k.shift();while(f)if(a.responseFields[f]&amp;&amp;(c[a.responseFields[f]]=b),!i&amp;&amp;d&amp;&amp;a.dataFilter&amp;&amp;(b=a.dataFilter(b,a.dataType)),i=f,f=k.shift())if(&quot;*&quot;===f)f=i;else if(&quot;*&quot;!==i&amp;&amp;i!==f){if(g=j[i+&quot; &quot;+f]||j[&quot;* &quot;+f],!g)for(e in j)if(h=e.split(&quot; &quot;),h[1]===f&amp;&amp;(g=j[i+&quot; &quot;+h[0]]||j[&quot;* &quot;+h[0]])){g===!0?g=j[e]:j[e]!==!0&amp;&amp;(f=h[0],k.unshift(h[1]));break}if(g!==!0)if(g&amp;&amp;a[&quot;throws&quot;])b=g(b);else try{b=g(b)}catch(l){return{state:&quot;parsererror&quot;,error:g?l:&quot;No conversion from &quot;+i+&quot; to &quot;+f}}}return{state:&quot;success&quot;,data:b}}n.extend({active:0,lastModified:{},etag:{},ajaxSettings:{url:ib.href,type:&quot;GET&quot;,isLocal:ob.test(ib.protocol),global:!0,processData:!0,async:!0,contentType:&quot;application/x-www-form-urlencoded; charset=UTF-8&quot;,accepts:{&quot;*&quot;:tb,text:&quot;text/plain&quot;,html:&quot;text/html&quot;,xml:&quot;application/xml, text/xml&quot;,json:&quot;application/json, text/javascript&quot;},contents:{xml:/\bxml\b/,html:/\bhtml/,json:/\bjson\b/},responseFields:{xml:&quot;responseXML&quot;,text:&quot;responseText&quot;,json:&quot;responseJSON&quot;},converters:{&quot;* text&quot;:String,&quot;text html&quot;:!0,&quot;text json&quot;:n.parseJSON,&quot;text xml&quot;:n.parseXML},flatOptions:{url:!0,context:!0}},ajaxSetup:function(a,b){return b?xb(xb(a,n.ajaxSettings),b):xb(n.ajaxSettings,a)},ajaxPrefilter:vb(rb),ajaxTransport:vb(sb),ajax:function(b,c){&quot;object&quot;==typeof b&amp;&amp;(c=b,b=void 0),c=c||{};var e,f,g,h,i,j,k,l,m=n.ajaxSetup({},c),o=m.context||m,p=m.context&amp;&amp;(o.nodeType||o.jquery)?n(o):n.event,q=n.Deferred(),r=n.Callbacks(&quot;once memory&quot;),s=m.statusCode||{},t={},u={},v=0,w=&quot;canceled&quot;,x={readyState:0,getResponseHeader:function(a){var b;if(2===v){if(!h){h={};while(b=nb.exec(g))h[b[1].toLowerCase()]=b[2]}b=h[a.toLowerCase()]}return null==b?null:b},getAllResponseHeaders:function(){return 2===v?g:null},setRequestHeader:function(a,b){var c=a.toLowerCase();return v||(a=u[c]=u[c]||a,t[a]=b),this},overrideMimeType:function(a){return v||(m.mimeType=a),this},statusCode:function(a){var b;if(a)if(2&gt;v)for(b in a)s[b]=[s[b],a[b]];else x.always(a[x.status]);return this},abort:function(a){var b=a||w;return e&amp;&amp;e.abort(b),z(0,b),this}};if(q.promise(x).complete=r.add,x.success=x.done,x.error=x.fail,m.url=((b||m.url||ib.href)+&quot;&quot;).replace(lb,&quot;&quot;).replace(qb,ib.protocol+&quot;//&quot;),m.type=c.method||c.type||m.method||m.type,m.dataTypes=n.trim(m.dataType||&quot;*&quot;).toLowerCase().match(G)||[&quot;&quot;],null==m.crossDomain){j=d.createElement(&quot;a&quot;);try{j.href=m.url,j.href=j.href,m.crossDomain=ub.protocol+&quot;//&quot;+ub.host!=j.protocol+&quot;//&quot;+j.host}catch(y){m.crossDomain=!0}}if(m.data&amp;&amp;m.processData&amp;&amp;&quot;string&quot;!=typeof m.data&amp;&amp;(m.data=n.param(m.data,m.traditional)),wb(rb,m,c,x),2===v)return x;k=n.event&amp;&amp;m.global,k&amp;&amp;0===n.active++&amp;&amp;n.event.trigger(&quot;ajaxStart&quot;),m.type=m.type.toUpperCase(),m.hasContent=!pb.test(m.type),f=m.url,m.hasContent||(m.data&amp;&amp;(f=m.url+=(kb.test(f)?&quot;&amp;&quot;:&quot;?&quot;)+m.data,delete m.data),m.cache===!1&amp;&amp;(m.url=mb.test(f)?f.replace(mb,&quot;$1_=&quot;+jb++):f+(kb.test(f)?&quot;&amp;&quot;:&quot;?&quot;)+&quot;_=&quot;+jb++)),m.ifModified&amp;&amp;(n.lastModified[f]&amp;&amp;x.setRequestHeader(&quot;If-Modified-Since&quot;,n.lastModified[f]),n.etag[f]&amp;&amp;x.setRequestHeader(&quot;If-None-Match&quot;,n.etag[f])),(m.data&amp;&amp;m.hasContent&amp;&amp;m.contentType!==!1||c.contentType)&amp;&amp;x.setRequestHeader(&quot;Content-Type&quot;,m.contentType),x.setRequestHeader(&quot;Accept&quot;,m.dataTypes[0]&amp;&amp;m.accepts[m.dataTypes[0]]?m.accepts[m.dataTypes[0]]+(&quot;*&quot;!==m.dataTypes[0]?&quot;, &quot;+tb+&quot;; q=0.01&quot;:&quot;&quot;):m.accepts[&quot;*&quot;]);for(l in m.headers)x.setRequestHeader(l,m.headers[l]);if(m.beforeSend&amp;&amp;(m.beforeSend.call(o,x,m)===!1||2===v))return x.abort();w=&quot;abort&quot;;for(l in{success:1,error:1,complete:1})x[l](m[l]);if(e=wb(sb,m,c,x)){if(x.readyState=1,k&amp;&amp;p.trigger(&quot;ajaxSend&quot;,[x,m]),2===v)return x;m.async&amp;&amp;m.timeout&gt;0&amp;&amp;(i=a.setTimeout(function(){x.abort(&quot;timeout&quot;)},m.timeout));try{v=1,e.send(t,z)}catch(y){if(!(2&gt;v))throw y;z(-1,y)}}else z(-1,&quot;No Transport&quot;);function z(b,c,d,h){var j,l,t,u,w,y=c;2!==v&amp;&amp;(v=2,i&amp;&amp;a.clearTimeout(i),e=void 0,g=h||&quot;&quot;,x.readyState=b&gt;0?4:0,j=b&gt;=200&amp;&amp;300&gt;b||304===b,d&amp;&amp;(u=yb(m,x,d)),u=zb(m,u,x,j),j?(m.ifModified&amp;&amp;(w=x.getResponseHeader(&quot;Last-Modified&quot;),w&amp;&amp;(n.lastModified[f]=w),w=x.getResponseHeader(&quot;etag&quot;),w&amp;&amp;(n.etag[f]=w)),204===b||&quot;HEAD&quot;===m.type?y=&quot;nocontent&quot;:304===b?y=&quot;notmodified&quot;:(y=u.state,l=u.data,t=u.error,j=!t)):(t=y,(b||!y)&amp;&amp;(y=&quot;error&quot;,0&gt;b&amp;&amp;(b=0))),x.status=b,x.statusText=(c||y)+&quot;&quot;,j?q.resolveWith(o,[l,y,x]):q.rejectWith(o,[x,y,t]),x.statusCode(s),s=void 0,k&amp;&amp;p.trigger(j?&quot;ajaxSuccess&quot;:&quot;ajaxError&quot;,[x,m,j?l:t]),r.fireWith(o,[x,y]),k&amp;&amp;(p.trigger(&quot;ajaxComplete&quot;,[x,m]),--n.active||n.event.trigger(&quot;ajaxStop&quot;)))}return x},getJSON:function(a,b,c){return n.get(a,b,c,&quot;json&quot;)},getScript:function(a,b){return n.get(a,void 0,b,&quot;script&quot;)}}),n.each([&quot;get&quot;,&quot;post&quot;],function(a,b){n[b]=function(a,c,d,e){return n.isFunction(c)&amp;&amp;(e=e||d,d=c,c=void 0),n.ajax(n.extend({url:a,type:b,dataType:e,data:c,success:d},n.isPlainObject(a)&amp;&amp;a))}}),n._evalUrl=function(a){return n.ajax({url:a,type:&quot;GET&quot;,dataType:&quot;script&quot;,async:!1,global:!1,&quot;throws&quot;:!0})},n.fn.extend({wrapAll:function(a){var b;return n.isFunction(a)?this.each(function(b){n(this).wrapAll(a.call(this,b))}):(this[0]&amp;&amp;(b=n(a,this[0].ownerDocument).eq(0).clone(!0),this[0].parentNode&amp;&amp;b.insertBefore(this[0]),b.map(function(){var a=this;while(a.firstElementChild)a=a.firstElementChild;return a}).append(this)),this)},wrapInner:function(a){return n.isFunction(a)?this.each(function(b){n(this).wrapInner(a.call(this,b))}):this.each(function(){var b=n(this),c=b.contents();c.length?c.wrapAll(a):b.append(a)})},wrap:function(a){var b=n.isFunction(a);return this.each(function(c){n(this).wrapAll(b?a.call(this,c):a)})},unwrap:function(){return this.parent().each(function(){n.nodeName(this,&quot;body&quot;)||n(this).replaceWith(this.childNodes)}).end()}}),n.expr.filters.hidden=function(a){return!n.expr.filters.visible(a)},n.expr.filters.visible=function(a){return a.offsetWidth&gt;0||a.offsetHeight&gt;0||a.getClientRects().length&gt;0};var Ab=/%20/g,Bb=/\[\]$/,Cb=/\r?\n/g,Db=/^(?:submit|button|image|reset|file)$/i,Eb=/^(?:input|select|textarea|keygen)/i;function Fb(a,b,c,d){var e;if(n.isArray(b))n.each(b,function(b,e){c||Bb.test(a)?d(a,e):Fb(a+&quot;[&quot;+(&quot;object&quot;==typeof e&amp;&amp;null!=e?b:&quot;&quot;)+&quot;]&quot;,e,c,d)});else if(c||&quot;object&quot;!==n.type(b))d(a,b);else for(e in b)Fb(a+&quot;[&quot;+e+&quot;]&quot;,b[e],c,d)}n.param=function(a,b){var c,d=[],e=function(a,b){b=n.isFunction(b)?b():null==b?&quot;&quot;:b,d[d.length]=encodeURIComponent(a)+&quot;=&quot;+encodeURIComponent(b)};if(void 0===b&amp;&amp;(b=n.ajaxSettings&amp;&amp;n.ajaxSettings.traditional),n.isArray(a)||a.jquery&amp;&amp;!n.isPlainObject(a))n.each(a,function(){e(this.name,this.value)});else for(c in a)Fb(c,a[c],b,e);return d.join(&quot;&amp;&quot;).replace(Ab,&quot;+&quot;)},n.fn.extend({serialize:function(){return n.param(this.serializeArray())},serializeArray:function(){return this.map(function(){var a=n.prop(this,&quot;elements&quot;);return a?n.makeArray(a):this}).filter(function(){var a=this.type;return this.name&amp;&amp;!n(this).is(&quot;:disabled&quot;)&amp;&amp;Eb.test(this.nodeName)&amp;&amp;!Db.test(a)&amp;&amp;(this.checked||!X.test(a))}).map(function(a,b){var c=n(this).val();return null==c?null:n.isArray(c)?n.map(c,function(a){return{name:b.name,value:a.replace(Cb,&quot;\r\n&quot;)}}):{name:b.name,value:c.replace(Cb,&quot;\r\n&quot;)}}).get()}}),n.ajaxSettings.xhr=function(){try{return new a.XMLHttpRequest}catch(b){}};var Gb={0:200,1223:204},Hb=n.ajaxSettings.xhr();l.cors=!!Hb&amp;&amp;&quot;withCredentials&quot;in Hb,l.ajax=Hb=!!Hb,n.ajaxTransport(function(b){var c,d;return l.cors||Hb&amp;&amp;!b.crossDomain?{send:function(e,f){var g,h=b.xhr();if(h.open(b.type,b.url,b.async,b.username,b.password),b.xhrFields)for(g in b.xhrFields)h[g]=b.xhrFields[g];b.mimeType&amp;&amp;h.overrideMimeType&amp;&amp;h.overrideMimeType(b.mimeType),b.crossDomain||e[&quot;X-Requested-With&quot;]||(e[&quot;X-Requested-With&quot;]=&quot;XMLHttpRequest&quot;);for(g in e)h.setRequestHeader(g,e[g]);c=function(a){return function(){c&amp;&amp;(c=d=h.onload=h.onerror=h.onabort=h.onreadystatechange=null,&quot;abort&quot;===a?h.abort():&quot;error&quot;===a?&quot;number&quot;!=typeof h.status?f(0,&quot;error&quot;):f(h.status,h.statusText):f(Gb[h.status]||h.status,h.statusText,&quot;text&quot;!==(h.responseType||&quot;text&quot;)||&quot;string&quot;!=typeof h.responseText?{binary:h.response}:{text:h.responseText},h.getAllResponseHeaders()))}},h.onload=c(),d=h.onerror=c(&quot;error&quot;),void 0!==h.onabort?h.onabort=d:h.onreadystatechange=function(){4===h.readyState&amp;&amp;a.setTimeout(function(){c&amp;&amp;d()})},c=c(&quot;abort&quot;);try{h.send(b.hasContent&amp;&amp;b.data||null)}catch(i){if(c)throw i}},abort:function(){c&amp;&amp;c()}}:void 0}),n.ajaxSetup({accepts:{script:&quot;text/javascript, application/javascript, application/ecmascript, application/x-ecmascript&quot;},contents:{script:/\b(?:java|ecma)script\b/},converters:{&quot;text script&quot;:function(a){return n.globalEval(a),a}}}),n.ajaxPrefilter(&quot;script&quot;,function(a){void 0===a.cache&amp;&amp;(a.cache=!1),a.crossDomain&amp;&amp;(a.type=&quot;GET&quot;)}),n.ajaxTransport(&quot;script&quot;,function(a){if(a.crossDomain){var b,c;return{send:function(e,f){b=n(&quot;&lt;script&gt;&quot;).prop({charset:a.scriptCharset,src:a.url}).on(&quot;load error&quot;,c=function(a){b.remove(),c=null,a&amp;&amp;f(&quot;error&quot;===a.type?404:200,a.type)}),d.head.appendChild(b[0])},abort:function(){c&amp;&amp;c()}}}});var Ib=[],Jb=/(=)\?(?=&amp;|$)|\?\?/;n.ajaxSetup({jsonp:&quot;callback&quot;,jsonpCallback:function(){var a=Ib.pop()||n.expando+&quot;_&quot;+jb++;return this[a]=!0,a}}),n.ajaxPrefilter(&quot;json jsonp&quot;,function(b,c,d){var e,f,g,h=b.jsonp!==!1&amp;&amp;(Jb.test(b.url)?&quot;url&quot;:&quot;string&quot;==typeof b.data&amp;&amp;0===(b.contentType||&quot;&quot;).indexOf(&quot;application/x-www-form-urlencoded&quot;)&amp;&amp;Jb.test(b.data)&amp;&amp;&quot;data&quot;);return h||&quot;jsonp&quot;===b.dataTypes[0]?(e=b.jsonpCallback=n.isFunction(b.jsonpCallback)?b.jsonpCallback():b.jsonpCallback,h?b[h]=b[h].replace(Jb,&quot;$1&quot;+e):b.jsonp!==!1&amp;&amp;(b.url+=(kb.test(b.url)?&quot;&amp;&quot;:&quot;?&quot;)+b.jsonp+&quot;=&quot;+e),b.converters[&quot;script json&quot;]=function(){return g||n.error(e+&quot; was not called&quot;),g[0]},b.dataTypes[0]=&quot;json&quot;,f=a[e],a[e]=function(){g=arguments},d.always(function(){void 0===f?n(a).removeProp(e):a[e]=f,b[e]&amp;&amp;(b.jsonpCallback=c.jsonpCallback,Ib.push(e)),g&amp;&amp;n.isFunction(f)&amp;&amp;f(g[0]),g=f=void 0}),&quot;script&quot;):void 0}),l.createHTMLDocument=function(){var a=d.implementation.createHTMLDocument(&quot;&quot;).body;return a.innerHTML=&quot;&lt;form&gt;&lt;/form&gt;&lt;form&gt;&lt;/form&gt;&quot;,2===a.childNodes.length}(),n.parseHTML=function(a,b,c){if(!a||&quot;string&quot;!=typeof a)return null;&quot;boolean&quot;==typeof b&amp;&amp;(c=b,b=!1),b=b||(l.createHTMLDocument?d.implementation.createHTMLDocument(&quot;&quot;):d);var e=x.exec(a),f=!c&amp;&amp;[];return e?[b.createElement(e[1])]:(e=ca([a],b,f),f&amp;&amp;f.length&amp;&amp;n(f).remove(),n.merge([],e.childNodes))};var Kb=n.fn.load;n.fn.load=function(a,b,c){if(&quot;string&quot;!=typeof a&amp;&amp;Kb)return Kb.apply(this,arguments);var d,e,f,g=this,h=a.indexOf(&quot; &quot;);return h&gt;-1&amp;&amp;(d=n.trim(a.slice(h)),a=a.slice(0,h)),n.isFunction(b)?(c=b,b=void 0):b&amp;&amp;&quot;object&quot;==typeof b&amp;&amp;(e=&quot;POST&quot;),g.length&gt;0&amp;&amp;n.ajax({url:a,type:e||&quot;GET&quot;,dataType:&quot;html&quot;,data:b}).done(function(a){f=arguments,g.html(d?n(&quot;&lt;div&gt;&quot;).append(n.parseHTML(a)).find(d):a)}).always(c&amp;&amp;function(a,b){g.each(function(){c.apply(g,f||[a.responseText,b,a])})}),this},n.each([&quot;ajaxStart&quot;,&quot;ajaxStop&quot;,&quot;ajaxComplete&quot;,&quot;ajaxError&quot;,&quot;ajaxSuccess&quot;,&quot;ajaxSend&quot;],function(a,b){n.fn[b]=function(a){return this.on(b,a)}}),n.expr.filters.animated=function(a){return n.grep(n.timers,function(b){return a===b.elem}).length};function Lb(a){return n.isWindow(a)?a:9===a.nodeType&amp;&amp;a.defaultView}n.offset={setOffset:function(a,b,c){var d,e,f,g,h,i,j,k=n.css(a,&quot;position&quot;),l=n(a),m={};&quot;static&quot;===k&amp;&amp;(a.style.position=&quot;relative&quot;),h=l.offset(),f=n.css(a,&quot;top&quot;),i=n.css(a,&quot;left&quot;),j=(&quot;absolute&quot;===k||&quot;fixed&quot;===k)&amp;&amp;(f+i).indexOf(&quot;auto&quot;)&gt;-1,j?(d=l.position(),g=d.top,e=d.left):(g=parseFloat(f)||0,e=parseFloat(i)||0),n.isFunction(b)&amp;&amp;(b=b.call(a,c,n.extend({},h))),null!=b.top&amp;&amp;(m.top=b.top-h.top+g),null!=b.left&amp;&amp;(m.left=b.left-h.left+e),&quot;using&quot;in b?b.using.call(a,m):l.css(m)}},n.fn.extend({offset:function(a){if(arguments.length)return void 0===a?this:this.each(function(b){n.offset.setOffset(this,a,b)});var b,c,d=this[0],e={top:0,left:0},f=d&amp;&amp;d.ownerDocument;if(f)return b=f.documentElement,n.contains(b,d)?(e=d.getBoundingClientRect(),c=Lb(f),{top:e.top+c.pageYOffset-b.clientTop,left:e.left+c.pageXOffset-b.clientLeft}):e},position:function(){if(this[0]){var a,b,c=this[0],d={top:0,left:0};return&quot;fixed&quot;===n.css(c,&quot;position&quot;)?b=c.getBoundingClientRect():(a=this.offsetParent(),b=this.offset(),n.nodeName(a[0],&quot;html&quot;)||(d=a.offset()),d.top+=n.css(a[0],&quot;borderTopWidth&quot;,!0)-a.scrollTop(),d.left+=n.css(a[0],&quot;borderLeftWidth&quot;,!0)-a.scrollLeft()),{top:b.top-d.top-n.css(c,&quot;marginTop&quot;,!0),left:b.left-d.left-n.css(c,&quot;marginLeft&quot;,!0)}}},offsetParent:function(){return this.map(function(){var a=this.offsetParent;while(a&amp;&amp;&quot;static&quot;===n.css(a,&quot;position&quot;))a=a.offsetParent;return a||Ea})}}),n.each({scrollLeft:&quot;pageXOffset&quot;,scrollTop:&quot;pageYOffset&quot;},function(a,b){var c=&quot;pageYOffset&quot;===b;n.fn[a]=function(d){return K(this,function(a,d,e){var f=Lb(a);return void 0===e?f?f[b]:a[d]:void(f?f.scrollTo(c?f.pageXOffset:e,c?e:f.pageYOffset):a[d]=e)},a,d,arguments.length)}}),n.each([&quot;top&quot;,&quot;left&quot;],function(a,b){n.cssHooks[b]=Ga(l.pixelPosition,function(a,c){return c?(c=Fa(a,b),Ba.test(c)?n(a).position()[b]+&quot;px&quot;:c):void 0})}),n.each({Height:&quot;height&quot;,Width:&quot;width&quot;},function(a,b){n.each({padding:&quot;inner&quot;+a,content:b,&quot;&quot;:&quot;outer&quot;+a},function(c,d){n.fn[d]=function(d,e){var f=arguments.length&amp;&amp;(c||&quot;boolean&quot;!=typeof d),g=c||(d===!0||e===!0?&quot;margin&quot;:&quot;border&quot;);return K(this,function(b,c,d){var e;return n.isWindow(b)?b.document.documentElement[&quot;client&quot;+a]:9===b.nodeType?(e=b.documentElement,Math.max(b.body[&quot;scroll&quot;+a],e[&quot;scroll&quot;+a],b.body[&quot;offset&quot;+a],e[&quot;offset&quot;+a],e[&quot;client&quot;+a])):void 0===d?n.css(b,c,g):n.style(b,c,d,g)},b,f?d:void 0,f,null)}})}),n.fn.extend({bind:function(a,b,c){return this.on(a,null,b,c)},unbind:function(a,b){return this.off(a,null,b)},delegate:function(a,b,c,d){return this.on(b,a,c,d)},undelegate:function(a,b,c){return 1===arguments.length?this.off(a,&quot;**&quot;):this.off(b,a||&quot;**&quot;,c)},size:function(){return this.length}}),n.fn.andSelf=n.fn.addBack,&quot;function&quot;==typeof define&amp;&amp;define.amd&amp;&amp;define(&quot;jquery&quot;,[],function(){return n});var Mb=a.jQuery,Nb=a.$;return n.noConflict=function(b){return a.$===n&amp;&amp;(a.$=Nb),b&amp;&amp;a.jQuery===n&amp;&amp;(a.jQuery=Mb),n},b||(a.jQuery=a.$=n),n});&#10;&lt;/script&gt;&#10;&#10;&#10;&#10;&#10;&#10;&#10;&#10;&#10;&#10;&#10;&#10;&lt;script src=&quot;//assets.adobedtm.com/86ff4ffaf311/91fa59baa986/launch-b1204783dac1.min.js&quot; async=&quot;&quot;&gt;&lt;/script&gt;&#10;&#10;&#10;&#10;&#10;&#10;	&#10;		&lt;script type=&quot;text/javascript&quot; src=&quot;/content/dam/credit-repair/common/js/site-v2.js&quot;&gt;&lt;/script&gt;&#10;	&#10;&#10;	&#10;		&lt;script type=&quot;text/javascript&quot; src=&quot;/content/dam/credit-repair/common/js/fatal-error.js&quot;&gt;&lt;/script&gt;&#10;	&#10;&#10;	&#10;		&lt;script type=&quot;text/javascript&quot; src=&quot;/content/dam/credit-repair/common/js/jquery.easing-1.3.js&quot;&gt;&lt;/script&gt;&#10;	&#10;&#10;&#10;&lt;script&gt;&#10;	/* Modernizr 2.8.2 (Custom Build) | MIT &amp; BSD&#10;	 * Build: http://modernizr.com/download/#-backgroundsize-cssgradients-csstransforms-csstransforms3d-csstransitions-shiv-mq-cssclasses-teststyles-testprop-testallprops-prefixes-domprefixes-css_remunit-load&#10;	 */&#10;	;window.Modernizr=function(a,b,c){function A(a){j.cssText=a}function B(a,b){return A(m.join(a+&quot;;&quot;)+(b||&quot;&quot;))}function C(a,b){return typeof a===b}function D(a,b){return!!~(&quot;&quot;+a).indexOf(b)}function E(a,b){for(var d in a){var e=a[d];if(!D(e,&quot;-&quot;)&amp;&amp;j[e]!==c)return b==&quot;pfx&quot;?e:!0}return!1}function F(a,b,d){for(var e in a){var f=b[a[e]];if(f!==c)return d===!1?a[e]:C(f,&quot;function&quot;)?f.bind(d||b):f}return!1}function G(a,b,c){var d=a.charAt(0).toUpperCase()+a.slice(1),e=(a+&quot; &quot;+o.join(d+&quot; &quot;)+d).split(&quot; &quot;);return C(b,&quot;string&quot;)||C(b,&quot;undefined&quot;)?E(e,b):(e=(a+&quot; &quot;+p.join(d+&quot; &quot;)+d).split(&quot; &quot;),F(e,b,c))}var d=&quot;2.8.2&quot;,e={},f=!0,g=b.documentElement,h=&quot;modernizr&quot;,i=b.createElement(h),j=i.style,k,l={}.toString,m=&quot; -webkit- -moz- -o- -ms- &quot;.split(&quot; &quot;),n=&quot;Webkit Moz O ms&quot;,o=n.split(&quot; &quot;),p=n.toLowerCase().split(&quot; &quot;),q={},r={},s={},t=[],u=t.slice,v,w=function(a,c,d,e){var f,i,j,k,l=b.createElement(&quot;div&quot;),m=b.body,n=m||b.createElement(&quot;body&quot;);if(parseInt(d,10))while(d--)j=b.createElement(&quot;div&quot;),j.id=e?e[d]:h+(d+1),l.appendChild(j);return f=[&quot;&amp;#173;&quot;,&apos;&lt;style id=&quot;s&apos;,h,&apos;&quot;&gt;&apos;,a,&quot;&lt;/style&gt;&quot;].join(&quot;&quot;),l.id=h,(m?l:n).innerHTML+=f,n.appendChild(l),m||(n.style.background=&quot;&quot;,n.style.overflow=&quot;hidden&quot;,k=g.style.overflow,g.style.overflow=&quot;hidden&quot;,g.appendChild(n)),i=c(l,a),m?l.parentNode.removeChild(l):(n.parentNode.removeChild(n),g.style.overflow=k),!!i},x=function(b){var c=a.matchMedia||a.msMatchMedia;if(c)return c(b)&amp;&amp;c(b).matches||!1;var d;return w(&quot;@media &quot;+b+&quot; { #&quot;+h+&quot; { position: absolute; } }&quot;,function(b){d=(a.getComputedStyle?getComputedStyle(b,null):b.currentStyle)[&quot;position&quot;]==&quot;absolute&quot;}),d},y={}.hasOwnProperty,z;!C(y,&quot;undefined&quot;)&amp;&amp;!C(y.call,&quot;undefined&quot;)?z=function(a,b){return y.call(a,b)}:z=function(a,b){return b in a&amp;&amp;C(a.constructor.prototype[b],&quot;undefined&quot;)},Function.prototype.bind||(Function.prototype.bind=function(b){var c=this;if(typeof c!=&quot;function&quot;)throw new TypeError;var d=u.call(arguments,1),e=function(){if(this instanceof e){var a=function(){};a.prototype=c.prototype;var f=new a,g=c.apply(f,d.concat(u.call(arguments)));return Object(g)===g?g:f}return c.apply(b,d.concat(u.call(arguments)))};return e}),q.backgroundsize=function(){return G(&quot;backgroundSize&quot;)},q.cssgradients=function(){var a=&quot;background-image:&quot;,b=&quot;gradient(linear,left top,right bottom,from(#9f9),to(white));&quot;,c=&quot;linear-gradient(left top,#9f9, white);&quot;;return A((a+&quot;-webkit- &quot;.split(&quot; &quot;).join(b+a)+m.join(c+a)).slice(0,-a.length)),D(j.backgroundImage,&quot;gradient&quot;)},q.csstransforms=function(){return!!G(&quot;transform&quot;)},q.csstransforms3d=function(){var a=!!G(&quot;perspective&quot;);return a&amp;&amp;&quot;webkitPerspective&quot;in g.style&amp;&amp;w(&quot;@media (transform-3d),(-webkit-transform-3d){#modernizr{left:9px;position:absolute;height:3px;}}&quot;,function(b,c){a=b.offsetLeft===9&amp;&amp;b.offsetHeight===3}),a},q.csstransitions=function(){return G(&quot;transition&quot;)};for(var H in q)z(q,H)&amp;&amp;(v=H.toLowerCase(),e[v]=q[H](),t.push((e[v]?&quot;&quot;:&quot;no-&quot;)+v));return e.addTest=function(a,b){if(typeof a==&quot;object&quot;)for(var d in a)z(a,d)&amp;&amp;e.addTest(d,a[d]);else{a=a.toLowerCase();if(e[a]!==c)return e;b=typeof b==&quot;function&quot;?b():b,typeof f!=&quot;undefined&quot;&amp;&amp;f&amp;&amp;(g.className+=&quot; &quot;+(b?&quot;&quot;:&quot;no-&quot;)+a),e[a]=b}return e},A(&quot;&quot;),i=k=null,function(a,b){function l(a,b){var c=a.createElement(&quot;p&quot;),d=a.getElementsByTagName(&quot;head&quot;)[0]||a.documentElement;return c.innerHTML=&quot;x&lt;style&gt;&quot;+b+&quot;&lt;/style&gt;&quot;,d.insertBefore(c.lastChild,d.firstChild)}function m(){var a=s.elements;return typeof a==&quot;string&quot;?a.split(&quot; &quot;):a}function n(a){var b=j[a[h]];return b||(b={},i++,a[h]=i,j[i]=b),b}function o(a,c,d){c||(c=b);if(k)return c.createElement(a);d||(d=n(c));var g;return d.cache[a]?g=d.cache[a].cloneNode():f.test(a)?g=(d.cache[a]=d.createElem(a)).cloneNode():g=d.createElem(a),g.canHaveChildren&amp;&amp;!e.test(a)&amp;&amp;!g.tagUrn?d.frag.appendChild(g):g}function p(a,c){a||(a=b);if(k)return a.createDocumentFragment();c=c||n(a);var d=c.frag.cloneNode(),e=0,f=m(),g=f.length;for(;e&lt;g;e++)d.createElement(f[e]);return d}function q(a,b){b.cache||(b.cache={},b.createElem=a.createElement,b.createFrag=a.createDocumentFragment,b.frag=b.createFrag()),a.createElement=function(c){return s.shivMethods?o(c,a,b):b.createElem(c)},a.createDocumentFragment=Function(&quot;h,f&quot;,&quot;return function(){var n=f.cloneNode(),c=n.createElement;h.shivMethods&amp;&amp;(&quot;+m().join().replace(/[\w\-]+/g,function(a){return b.createElem(a),b.frag.createElement(a),&apos;c(&quot;&apos;+a+&apos;&quot;)&apos;})+&quot;);return n}&quot;)(s,b.frag)}function r(a){a||(a=b);var c=n(a);return s.shivCSS&amp;&amp;!g&amp;&amp;!c.hasCSS&amp;&amp;(c.hasCSS=!!l(a,&quot;article,aside,dialog,figcaption,figure,footer,header,hgroup,main,nav,section{display:block}mark{background:#FF0;color:#000}template{display:none}&quot;)),k||q(a,c),a}var c=&quot;3.7.0&quot;,d=a.html5||{},e=/^&lt;|^(?:button|map|select|textarea|object|iframe|option|optgroup)$/i,f=/^(?:a|b|code|div|fieldset|h1|h2|h3|h4|h5|h6|i|label|li|ol|p|q|span|strong|style|table|tbody|td|th|tr|ul)$/i,g,h=&quot;_html5shiv&quot;,i=0,j={},k;(function(){try{var a=b.createElement(&quot;a&quot;);a.innerHTML=&quot;&lt;xyz&gt;&lt;/xyz&gt;&quot;,g=&quot;hidden&quot;in a,k=a.childNodes.length==1||function(){b.createElement(&quot;a&quot;);var a=b.createDocumentFragment();return typeof a.cloneNode==&quot;undefined&quot;||typeof a.createDocumentFragment==&quot;undefined&quot;||typeof a.createElement==&quot;undefined&quot;}()}catch(c){g=!0,k=!0}})();var s={elements:d.elements||&quot;abbr article aside audio bdi canvas data datalist details dialog figcaption figure footer header hgroup main mark meter nav output progress section summary template time video&quot;,version:c,shivCSS:d.shivCSS!==!1,supportsUnknownElements:k,shivMethods:d.shivMethods!==!1,type:&quot;default&quot;,shivDocument:r,createElement:o,createDocumentFragment:p};a.html5=s,r(b)}(this,b),e._version=d,e._prefixes=m,e._domPrefixes=p,e._cssomPrefixes=o,e.mq=x,e.testProp=function(a){return E([a])},e.testAllProps=G,e.testStyles=w,g.className=g.className.replace(/(^|\s)no-js(\s|$)/,&quot;$1$2&quot;)+(f?&quot; js &quot;+t.join(&quot; &quot;):&quot;&quot;),e}(this,this.document),function(a,b,c){function d(a){return&quot;[object Function]&quot;==o.call(a)}function e(a){return&quot;string&quot;==typeof a}function f(){}function g(a){return!a||&quot;loaded&quot;==a||&quot;complete&quot;==a||&quot;uninitialized&quot;==a}function h(){var a=p.shift();q=1,a?a.t?m(function(){(&quot;c&quot;==a.t?B.injectCss:B.injectJs)(a.s,0,a.a,a.x,a.e,1)},0):(a(),h()):q=0}function i(a,c,d,e,f,i,j){function k(b){if(!o&amp;&amp;g(l.readyState)&amp;&amp;(u.r=o=1,!q&amp;&amp;h(),l.onload=l.onreadystatechange=null,b)){&quot;img&quot;!=a&amp;&amp;m(function(){t.removeChild(l)},50);for(var d in y[c])y[c].hasOwnProperty(d)&amp;&amp;y[c][d].onload()}}var j=j||B.errorTimeout,l=b.createElement(a),o=0,r=0,u={t:d,s:c,e:f,a:i,x:j};1===y[c]&amp;&amp;(r=1,y[c]=[]),&quot;object&quot;==a?l.data=c:(l.src=c,l.type=a),l.width=l.height=&quot;0&quot;,l.onerror=l.onload=l.onreadystatechange=function(){k.call(this,r)},p.splice(e,0,u),&quot;img&quot;!=a&amp;&amp;(r||2===y[c]?(t.insertBefore(l,s?null:n),m(k,j)):y[c].push(l))}function j(a,b,c,d,f){return q=0,b=b||&quot;j&quot;,e(a)?i(&quot;c&quot;==b?v:u,a,b,this.i++,c,d,f):(p.splice(this.i++,0,a),1==p.length&amp;&amp;h()),this}function k(){var a=B;return a.loader={load:j,i:0},a}var l=b.documentElement,m=a.setTimeout,n=b.getElementsByTagName(&quot;script&quot;)[0],o={}.toString,p=[],q=0,r=&quot;MozAppearance&quot;in l.style,s=r&amp;&amp;!!b.createRange().compareNode,t=s?l:n.parentNode,l=a.opera&amp;&amp;&quot;[object Opera]&quot;==o.call(a.opera),l=!!b.attachEvent&amp;&amp;!l,u=r?&quot;object&quot;:l?&quot;script&quot;:&quot;img&quot;,v=l?&quot;script&quot;:u,w=Array.isArray||function(a){return&quot;[object Array]&quot;==o.call(a)},x=[],y={},z={timeout:function(a,b){return b.length&amp;&amp;(a.timeout=b[0]),a}},A,B;B=function(a){function b(a){var a=a.split(&quot;!&quot;),b=x.length,c=a.pop(),d=a.length,c={url:c,origUrl:c,prefixes:a},e,f,g;for(f=0;f&lt;d;f++)g=a[f].split(&quot;=&quot;),(e=z[g.shift()])&amp;&amp;(c=e(c,g));for(f=0;f&lt;b;f++)c=x[f](c);return c}function g(a,e,f,g,h){var i=b(a),j=i.autoCallback;i.url.split(&quot;.&quot;).pop().split(&quot;?&quot;).shift(),i.bypass||(e&amp;&amp;(e=d(e)?e:e[a]||e[g]||e[a.split(&quot;/&quot;).pop().split(&quot;?&quot;)[0]]),i.instead?i.instead(a,e,f,g,h):(y[i.url]?i.noexec=!0:y[i.url]=1,f.load(i.url,i.forceCSS||!i.forceJS&amp;&amp;&quot;css&quot;==i.url.split(&quot;.&quot;).pop().split(&quot;?&quot;).shift()?&quot;c&quot;:c,i.noexec,i.attrs,i.timeout),(d(e)||d(j))&amp;&amp;f.load(function(){k(),e&amp;&amp;e(i.origUrl,h,g),j&amp;&amp;j(i.origUrl,h,g),y[i.url]=2})))}function h(a,b){function c(a,c){if(a){if(e(a))c||(j=function(){var a=[].slice.call(arguments);k.apply(this,a),l()}),g(a,j,b,0,h);else if(Object(a)===a)for(n in m=function(){var b=0,c;for(c in a)a.hasOwnProperty(c)&amp;&amp;b++;return b}(),a)a.hasOwnProperty(n)&amp;&amp;(!c&amp;&amp;!--m&amp;&amp;(d(j)?j=function(){var a=[].slice.call(arguments);k.apply(this,a),l()}:j[n]=function(a){return function(){var b=[].slice.call(arguments);a&amp;&amp;a.apply(this,b),l()}}(k[n])),g(a[n],j,b,n,h))}else!c&amp;&amp;l()}var h=!!a.test,i=a.load||a.both,j=a.callback||f,k=j,l=a.complete||f,m,n;c(h?a.yep:a.nope,!!i),i&amp;&amp;c(i)}var i,j,l=this.yepnope.loader;if(e(a))g(a,0,l,0);else if(w(a))for(i=0;i&lt;a.length;i++)j=a[i],e(j)?g(j,0,l,0):w(j)?B(j):Object(j)===j&amp;&amp;h(j,l);else Object(a)===a&amp;&amp;h(a,l)},B.addPrefix=function(a,b){z[a]=b},B.addFilter=function(a){x.push(a)},B.errorTimeout=1e4,null==b.readyState&amp;&amp;b.addEventListener&amp;&amp;(b.readyState=&quot;loading&quot;,b.addEventListener(&quot;DOMContentLoaded&quot;,A=function(){b.removeEventListener(&quot;DOMContentLoaded&quot;,A,0),b.readyState=&quot;complete&quot;},0)),a.yepnope=k(),a.yepnope.executeStack=h,a.yepnope.injectJs=function(a,c,d,e,i,j){var k=b.createElement(&quot;script&quot;),l,o,e=e||B.errorTimeout;k.src=a;for(o in d)k.setAttribute(o,d[o]);c=j?h:c||f,k.onreadystatechange=k.onload=function(){!l&amp;&amp;g(k.readyState)&amp;&amp;(l=1,c(),k.onload=k.onreadystatechange=null)},m(function(){l||(l=1,c(1))},e),i?k.onload():n.parentNode.insertBefore(k,n)},a.yepnope.injectCss=function(a,c,d,e,g,i){var e=b.createElement(&quot;link&quot;),j,c=i?h:c||f;e.href=a,e.rel=&quot;stylesheet&quot;,e.type=&quot;text/css&quot;;for(j in d)e.setAttribute(j,d[j]);g||(n.parentNode.insertBefore(e,n),m(c,0))}}(this,document),Modernizr.load=function(){yepnope.apply(window,[].slice.call(arguments,0))},Modernizr.addTest(&quot;cssremunit&quot;,function(){var a=document.createElement(&quot;div&quot;);try{a.style.fontSize=&quot;3rem&quot;}catch(b){}return/rem/.test(a.style.fontSize)});&#10;&lt;/script&gt;&#10;&#10;&#10;&#10;&#10;&#10;&#10;&#10;	&lt;script type=&quot;text/javascript&quot; src=&quot;//use.typekit.net/dsb2ydi.js&quot;&gt;&lt;/script&gt;&#10;	&lt;style type=&quot;text/css&quot;&gt;.tk-museo-sans{font-family:&quot;museo-sans&quot;,sans-serif;}.tk-source-sans-pro{font-family:&quot;source-sans-pro&quot;,sans-serif;}.tk-work-sans{font-family:&quot;work-sans&quot;,sans-serif;}&lt;/style&gt;&lt;style type=&quot;text/css&quot;&gt;@font-face{font-family:source-sans-pro;src:url(https://use.typekit.net/af/61f808/00000000000000003b9b3d63/27/l?primer=7cdcb44be4a7db8877ffa5c0007b8dd865b3bbc383831fe2ea177f62257a9191&amp;fvd=n4&amp;v=3) format(&quot;woff2&quot;),url(https://use.typekit.net/af/61f808/00000000000000003b9b3d63/27/d?primer=7cdcb44be4a7db8877ffa5c0007b8dd865b3bbc383831fe2ea177f62257a9191&amp;fvd=n4&amp;v=3) format(&quot;woff&quot;),url(https://use.typekit.net/af/61f808/00000000000000003b9b3d63/27/a?primer=7cdcb44be4a7db8877ffa5c0007b8dd865b3bbc383831fe2ea177f62257a9191&amp;fvd=n4&amp;v=3) format(&quot;opentype&quot;);font-weight:400;font-style:normal;font-display:auto;}@font-face{font-family:source-sans-pro;src:url(https://use.typekit.net/af/422d60/00000000000000003b9b3d67/27/l?primer=7cdcb44be4a7db8877ffa5c0007b8dd865b3bbc383831fe2ea177f62257a9191&amp;fvd=n7&amp;v=3) format(&quot;woff2&quot;),url(https://use.typekit.net/af/422d60/00000000000000003b9b3d67/27/d?primer=7cdcb44be4a7db8877ffa5c0007b8dd865b3bbc383831fe2ea177f62257a9191&amp;fvd=n7&amp;v=3) format(&quot;woff&quot;),url(https://use.typekit.net/af/422d60/00000000000000003b9b3d67/27/a?primer=7cdcb44be4a7db8877ffa5c0007b8dd865b3bbc383831fe2ea177f62257a9191&amp;fvd=n7&amp;v=3) format(&quot;opentype&quot;);font-weight:700;font-style:normal;font-display:auto;}@font-face{font-family:source-sans-pro;src:url(https://use.typekit.net/af/9373a0/00000000000000003b9b3d68/27/l?primer=7cdcb44be4a7db8877ffa5c0007b8dd865b3bbc383831fe2ea177f62257a9191&amp;fvd=i7&amp;v=3) format(&quot;woff2&quot;),url(https://use.typekit.net/af/9373a0/00000000000000003b9b3d68/27/d?primer=7cdcb44be4a7db8877ffa5c0007b8dd865b3bbc383831fe2ea177f62257a9191&amp;fvd=i7&amp;v=3) format(&quot;woff&quot;),url(https://use.typekit.net/af/9373a0/00000000000000003b9b3d68/27/a?primer=7cdcb44be4a7db8877ffa5c0007b8dd865b3bbc383831fe2ea177f62257a9191&amp;fvd=i7&amp;v=3) format(&quot;opentype&quot;);font-weight:700;font-style:italic;font-display:auto;}@font-face{font-family:source-sans-pro;src:url(https://use.typekit.net/af/ffb1e2/00000000000000003b9b3d64/27/l?primer=7cdcb44be4a7db8877ffa5c0007b8dd865b3bbc383831fe2ea177f62257a9191&amp;fvd=i4&amp;v=3) format(&quot;woff2&quot;),url(https://use.typekit.net/af/ffb1e2/00000000000000003b9b3d64/27/d?primer=7cdcb44be4a7db8877ffa5c0007b8dd865b3bbc383831fe2ea177f62257a9191&amp;fvd=i4&amp;v=3) format(&quot;woff&quot;),url(https://use.typekit.net/af/ffb1e2/00000000000000003b9b3d64/27/a?primer=7cdcb44be4a7db8877ffa5c0007b8dd865b3bbc383831fe2ea177f62257a9191&amp;fvd=i4&amp;v=3) format(&quot;opentype&quot;);font-weight:400;font-style:italic;font-display:auto;}@font-face{font-family:source-sans-pro;src:url(https://use.typekit.net/af/b6c887/00000000000000003b9b3d61/27/l?primer=7cdcb44be4a7db8877ffa5c0007b8dd865b3bbc383831fe2ea177f62257a9191&amp;fvd=n3&amp;v=3) format(&quot;woff2&quot;),url(https://use.typekit.net/af/b6c887/00000000000000003b9b3d61/27/d?primer=7cdcb44be4a7db8877ffa5c0007b8dd865b3bbc383831fe2ea177f62257a9191&amp;fvd=n3&amp;v=3) format(&quot;woff&quot;),url(https://use.typekit.net/af/b6c887/00000000000000003b9b3d61/27/a?primer=7cdcb44be4a7db8877ffa5c0007b8dd865b3bbc383831fe2ea177f62257a9191&amp;fvd=n3&amp;v=3) format(&quot;opentype&quot;);font-weight:300;font-style:normal;font-display:auto;}@font-face{font-family:work-sans;src:url(https://use.typekit.net/af/d53556/00000000000000003b9b139f/27/l?primer=7cdcb44be4a7db8877ffa5c0007b8dd865b3bbc383831fe2ea177f62257a9191&amp;fvd=n3&amp;v=3) format(&quot;woff2&quot;),url(https://use.typekit.net/af/d53556/00000000000000003b9b139f/27/d?primer=7cdcb44be4a7db8877ffa5c0007b8dd865b3bbc383831fe2ea177f62257a9191&amp;fvd=n3&amp;v=3) format(&quot;woff&quot;),url(https://use.typekit.net/af/d53556/00000000000000003b9b139f/27/a?primer=7cdcb44be4a7db8877ffa5c0007b8dd865b3bbc383831fe2ea177f62257a9191&amp;fvd=n3&amp;v=3) format(&quot;opentype&quot;);font-weight:300;font-style:normal;font-display:auto;}@font-face{font-family:work-sans;src:url(https://use.typekit.net/af/0f7d9c/00000000000000003b9b13a0/27/l?primer=7cdcb44be4a7db8877ffa5c0007b8dd865b3bbc383831fe2ea177f62257a9191&amp;fvd=n4&amp;v=3) format(&quot;woff2&quot;),url(https://use.typekit.net/af/0f7d9c/00000000000000003b9b13a0/27/d?primer=7cdcb44be4a7db8877ffa5c0007b8dd865b3bbc383831fe2ea177f62257a9191&amp;fvd=n4&amp;v=3) format(&quot;woff&quot;),url(https://use.typekit.net/af/0f7d9c/00000000000000003b9b13a0/27/a?primer=7cdcb44be4a7db8877ffa5c0007b8dd865b3bbc383831fe2ea177f62257a9191&amp;fvd=n4&amp;v=3) format(&quot;opentype&quot;);font-weight:400;font-style:normal;font-display:auto;}@font-face{font-family:work-sans;src:url(https://use.typekit.net/af/b13a2b/00000000000000003b9b13a3/27/l?primer=7cdcb44be4a7db8877ffa5c0007b8dd865b3bbc383831fe2ea177f62257a9191&amp;fvd=n7&amp;v=3) format(&quot;woff2&quot;),url(https://use.typekit.net/af/b13a2b/00000000000000003b9b13a3/27/d?primer=7cdcb44be4a7db8877ffa5c0007b8dd865b3bbc383831fe2ea177f62257a9191&amp;fvd=n7&amp;v=3) format(&quot;woff&quot;),url(https://use.typekit.net/af/b13a2b/00000000000000003b9b13a3/27/a?primer=7cdcb44be4a7db8877ffa5c0007b8dd865b3bbc383831fe2ea177f62257a9191&amp;fvd=n7&amp;v=3) format(&quot;opentype&quot;);font-weight:700;font-style:normal;font-display:auto;}&lt;/style&gt;&lt;script type=&quot;text/javascript&quot;&gt;&#10;		try {&#10;			Typekit.load();&#10;		} catch (e) {}&#10;	&lt;/script&gt;&#10;&#10;&#10;&lt;link rel=&quot;icon&quot; type=&quot;image/x-icon&quot; href=&quot;https://www.creditrepair.com/images/favicon.ico&quot;&gt;&#10;&#10;&#10;	&lt;link rel=&quot;canonical&quot; href=&quot;https://www.creditrepair.com/&quot;&gt;&#10;&#10;&#10;&#10;	&#10;		&lt;link rel=&quot;stylesheet&quot; href=&quot;/content/dam/credit-repair/common/css/normalize.css&quot; type=&quot;text/css&quot;&gt;&#10;	&#10;&#10;	&#10;		&lt;link rel=&quot;stylesheet&quot; href=&quot;/content/dam/credit-repair/common/css/site.css&quot; type=&quot;text/css&quot;&gt;&#10;	&#10;&#10;	&#10;		&lt;link rel=&quot;stylesheet&quot; href=&quot;/content/dam/credit-repair/common/css/index.css&quot; type=&quot;text/css&quot;&gt;&#10;	&#10;&#10;	&#10;		&lt;link rel=&quot;stylesheet&quot; href=&quot;/content/dam/credit-repair/common/css/nouislider.min.css&quot; type=&quot;text/css&quot;&gt;&#10;	&#10;&#10;	&#10;		&lt;link rel=&quot;stylesheet&quot; href=&quot;/content/dam/credit-repair/home/css/how-it-works.css&quot; type=&quot;text/css&quot;&gt;&#10;	&#10;&#10;	&#10;		&lt;link rel=&quot;stylesheet&quot; href=&quot;/content/dam/credit-repair/home/css/new-hero.css&quot; type=&quot;text/css&quot;&gt;&#10;	&#10;&#10;	&#10;		&lt;link rel=&quot;stylesheet&quot; href=&quot;/content/dam/credit-repair/home/css/hard-work.css&quot; type=&quot;text/css&quot;&gt;&#10;	&#10;&#10;&#10;&#10;&#10;&#10;&#10;&#10;&#10;&#10;&#10;&#10;&#10;&lt;title&gt;Credit Repair Services - CreditRepair.com&lt;/title&gt;&#10;&#10;  &lt;!--Lazy Load Images--&gt;&#10;&#10;  &lt;!-- Checks if foreach function exists --&gt;&#10;  &lt;script&gt;&#10;    if (typeof Array.prototype.forEach != &apos;function&apos;) {&#10;      Array.prototype.forEach = function (callback) {&#10;          for (var i = 0; i &lt; this.length; i++) {&#10;              callback.apply(this, [this[i], i, this]);&#10;          }&#10;      };&#10;    }&#10;&#10;    if (window.NodeList &amp;&amp; !NodeList.prototype.forEach) {&#10;        NodeList.prototype.forEach = Array.prototype.forEach;&#10;    }&#10;  &lt;/script&gt;&#10;&#10;  &lt;!-- LazyLoad Script --&gt;&#10;  &lt;script&gt;&#10;  document.addEventListener(&quot;DOMContentLoaded&quot;,function(){var lazyloadImages;if(&quot;IntersectionObserver&quot; in window){lazyloadImages=document.querySelectorAll(&quot;.lazy-loader&quot;);var imageObserver=new IntersectionObserver(function(entries,observer){entries.forEach(function(entry){if(entry.isIntersecting){var image=entry.target;image.src=image.dataset.src;image.classList.remove(&quot;lazy-loader&quot;);imageObserver.unobserve(image)}})});lazyloadImages.forEach(function(image){imageObserver.observe(image)})}else{var lazyloadThrottleTimeout;lazyloadImages=document.querySelectorAll(&quot;.lazy-loader&quot;);function lazyload(){if(lazyloadThrottleTimeout){clearTimeout(lazyloadThrottleTimeout)}&#10;  lazyloadThrottleTimeout=setTimeout(function(){var scrollTop=window.pageYOffset;lazyloadImages.forEach(function(img){if(img.offsetTop&lt;(window.innerHeight+scrollTop)){img.src=img.dataset.src;img.classList.remove(&apos;lazy-loader&apos;)}});if(lazyloadImages.length==0){document.removeEventListener(&quot;scroll&quot;,lazyload);window.removeEventListener(&quot;resize&quot;,lazyload);window.removeEventListener(&quot;orientationChange&quot;,lazyload)}},20)}&#10;  document.addEventListener(&quot;scroll&quot;,lazyload);window.addEventListener(&quot;resize&quot;,lazyload);window.addEventListener(&quot;orientationChange&quot;,lazyload)}})&#10;  &lt;/script&gt;&#10;&lt;script src=&quot;https://assets.adobedtm.com/extensions/EP5e9ec493dfa0465eaa797b523b09d3f7/AppMeasurement.min.js&quot; async=&quot;&quot;&gt;&lt;/script&gt;&lt;style id=&quot;at-makers-style&quot; class=&quot;at-flicker-control&quot;&gt;&#10;.mboxDefault {visibility: hidden;}&#10;&lt;/style&gt;&lt;script src=&quot;https://assets.adobedtm.com/86ff4ffaf311/91fa59baa986/df5783653241/RCb3df349f9f3848c69ba96abca2e5c384-source.min.js&quot; async=&quot;&quot;&gt;&lt;/script&gt;&lt;script async=&quot;&quot; src=&quot;https://static.hotjar.com/c/hotjar-1051427.js?sv=6&quot;&gt;&lt;/script&gt;&lt;script src=&quot;https://googleads.g.doubleclick.net/pagead/viewthroughconversion/995332405/?random=1602548672079&amp;amp;cv=9&amp;amp;fst=1602548672079&amp;amp;num=1&amp;amp;bg=ffffff&amp;amp;guid=ON&amp;amp;resp=GooglemKTybQhCsO&amp;amp;eid=376635471&amp;amp;u_h=1050&amp;amp;u_w=1680&amp;amp;u_ah=1027&amp;amp;u_aw=1680&amp;amp;u_cd=30&amp;amp;u_his=2&amp;amp;u_tz=-360&amp;amp;u_java=false&amp;amp;u_nplug=0&amp;amp;u_nmime=0&amp;amp;gtm=2oa9u1&amp;amp;sendb=1&amp;amp;ig=1&amp;amp;data=event%3Dgtag.config&amp;amp;frm=0&amp;amp;url=https%3A%2F%2Fwww.creditrepair.com%2F&amp;amp;tiba=Credit%20Repair%20Services%20-%20CreditRepair.com&amp;amp;hn=www.googleadservices.com&amp;amp;async=1&amp;amp;rfmt=3&amp;amp;fmt=4&quot;&gt;&lt;/script&gt;&lt;script src=&quot;https://googleads.g.doubleclick.net/pagead/viewthroughconversion/939232542/?random=1602548672082&amp;amp;cv=9&amp;amp;fst=1602548672082&amp;amp;num=1&amp;amp;bg=ffffff&amp;amp;guid=ON&amp;amp;resp=GooglemKTybQhCsO&amp;amp;eid=376635471&amp;amp;u_h=1050&amp;amp;u_w=1680&amp;amp;u_ah=1027&amp;amp;u_aw=1680&amp;amp;u_cd=30&amp;amp;u_his=2&amp;amp;u_tz=-360&amp;amp;u_java=false&amp;amp;u_nplug=0&amp;amp;u_nmime=0&amp;amp;gtm=2oa9u1&amp;amp;sendb=1&amp;amp;ig=1&amp;amp;data=event%3Dgtag.config&amp;amp;frm=0&amp;amp;url=https%3A%2F%2Fwww.creditrepair.com%2F&amp;amp;tiba=Credit%20Repair%20Services%20-%20CreditRepair.com&amp;amp;hn=www.googleadservices.com&amp;amp;async=1&amp;amp;rfmt=3&amp;amp;fmt=4&quot;&gt;&lt;/script&gt;&lt;script src=&quot;https://googleads.g.doubleclick.net/pagead/viewthroughconversion/1008998289/?random=1602548672084&amp;amp;cv=9&amp;amp;fst=1602548672084&amp;amp;num=1&amp;amp;bg=ffffff&amp;amp;guid=ON&amp;amp;resp=GooglemKTybQhCsO&amp;amp;u_h=1050&amp;amp;u_w=1680&amp;amp;u_ah=1027&amp;amp;u_aw=1680&amp;amp;u_cd=30&amp;amp;u_his=2&amp;amp;u_tz=-360&amp;amp;u_java=false&amp;amp;u_nplug=0&amp;amp;u_nmime=0&amp;amp;gtm=2oa9u1&amp;amp;sendb=1&amp;amp;ig=1&amp;amp;data=event%3Dgtag.config&amp;amp;frm=0&amp;amp;url=https%3A%2F%2Fwww.creditrepair.com%2F&amp;amp;tiba=Credit%20Repair%20Services%20-%20CreditRepair.com&amp;amp;hn=www.googleadservices.com&amp;amp;async=1&amp;amp;rfmt=3&amp;amp;fmt=4&quot;&gt;&lt;/script&gt;&lt;script src=&quot;https://googleads.g.doubleclick.net/pagead/viewthroughconversion/989023685/?random=1602548672085&amp;amp;cv=9&amp;amp;fst=1602548672085&amp;amp;num=1&amp;amp;bg=ffffff&amp;amp;guid=ON&amp;amp;resp=GooglemKTybQhCsO&amp;amp;u_h=1050&amp;amp;u_w=1680&amp;amp;u_ah=1027&amp;amp;u_aw=1680&amp;amp;u_cd=30&amp;amp;u_his=2&amp;amp;u_tz=-360&amp;amp;u_java=false&amp;amp;u_nplug=0&amp;amp;u_nmime=0&amp;amp;gtm=2oa9u1&amp;amp;sendb=1&amp;amp;ig=1&amp;amp;data=event%3Dgtag.config&amp;amp;frm=0&amp;amp;url=https%3A%2F%2Fwww.creditrepair.com%2F&amp;amp;tiba=Credit%20Repair%20Services%20-%20CreditRepair.com&amp;amp;hn=www.googleadservices.com&amp;amp;async=1&amp;amp;rfmt=3&amp;amp;fmt=4&quot;&gt;&lt;/script&gt;&lt;script src=&quot;https://googleads.g.doubleclick.net/pagead/viewthroughconversion/1070835421/?random=1602548672086&amp;amp;cv=9&amp;amp;fst=1602548672086&amp;amp;num=1&amp;amp;bg=ffffff&amp;amp;guid=ON&amp;amp;resp=GooglemKTybQhCsO&amp;amp;u_h=1050&amp;amp;u_w=1680&amp;amp;u_ah=1027&amp;amp;u_aw=1680&amp;amp;u_cd=30&amp;amp;u_his=2&amp;amp;u_tz=-360&amp;amp;u_java=false&amp;amp;u_nplug=0&amp;amp;u_nmime=0&amp;amp;gtm=2oa9u1&amp;amp;sendb=1&amp;amp;ig=1&amp;amp;data=event%3Dgtag.config&amp;amp;frm=0&amp;amp;url=https%3A%2F%2Fwww.creditrepair.com%2F&amp;amp;tiba=Credit%20Repair%20Services%20-%20CreditRepair.com&amp;amp;hn=www.googleadservices.com&amp;amp;async=1&amp;amp;rfmt=3&amp;amp;fmt=4&quot;&gt;&lt;/script&gt;&lt;script src=&quot;https://googleads.g.doubleclick.net/pagead/viewthroughconversion/1053751751/?random=1602548672087&amp;amp;cv=9&amp;amp;fst=1602548672087&amp;amp;num=1&amp;amp;bg=ffffff&amp;amp;guid=ON&amp;amp;resp=GooglemKTybQhCsO&amp;amp;eid=376635470&amp;amp;u_h=1050&amp;amp;u_w=1680&amp;amp;u_ah=1027&amp;amp;u_aw=1680&amp;amp;u_cd=30&amp;amp;u_his=2&amp;amp;u_tz=-360&amp;amp;u_java=false&amp;amp;u_nplug=0&amp;amp;u_nmime=0&amp;amp;gtm=2oa9u1&amp;amp;sendb=1&amp;amp;ig=1&amp;amp;data=event%3Dgtag.config&amp;amp;frm=0&amp;amp;url=https%3A%2F%2Fwww.creditrepair.com%2F&amp;amp;tiba=Credit%20Repair%20Services%20-%20CreditRepair.com&amp;amp;hn=www.googleadservices.com&amp;amp;async=1&amp;amp;rfmt=3&amp;amp;fmt=4&quot;&gt;&lt;/script&gt;&lt;script&gt;&#10;if(window.navigator.userAgent.indexOf(&quot;Firefox/54&quot;) !== -1){&#10;    window.location.replace(&quot;https://www.creditrepair.com/signup/errors&quot;);&#10;}&#10;&lt;/script&gt;&lt;script type=&quot;text/javascript&quot;&gt;window.ttMETA=(typeof(window.ttMETA)!=&apos;undefined&apos;)?window.ttMETA:[];window.ttMETA.push({&apos;mbox&apos;:&apos;target-global-mbox&apos;,&apos;campaign&apos;:&apos;CR - Firefox Mozilla 54&apos;,&apos;experience&apos;:&apos;Experience A&apos;,&apos;offer&apos;:&apos;\/cr_-_firefox_mozilla54\/experiences\/0\/pages\/0\/zones\/0\/1579814183319&apos;});window.ttMBX=function(x){var mbxList=[];for(i=0;i&lt;ttMETA.length;i++){if(ttMETA[i].mbox==x.getName()){mbxList.push(ttMETA[i])}}return mbxList[x.getId()]};&lt;/script&gt;&lt;script type=&quot;text/javascript&quot; src=&quot;//solutions.invocacdn.com/js/networks/929/2814517279/tag-live.js&quot;&gt;&lt;/script&gt;&lt;script src=&quot;https://assets.adobedtm.com/86ff4ffaf311/91fa59baa986/df5783653241/RC28be75aebb5f478981dbb80242a3ff43-source.min.js&quot; async=&quot;&quot;&gt;&lt;/script&gt;&lt;script src=&quot;https://assets.adobedtm.com/86ff4ffaf311/91fa59baa986/df5783653241/RC8b330fef6cb9409a9789b0335fe03a56-source.min.js&quot; async=&quot;&quot;&gt;&lt;/script&gt;&lt;script src=&quot;https://assets.adobedtm.com/86ff4ffaf311/91fa59baa986/df5783653241/RC28d74b2a5a9e46e8a4be773d64633ecf-source.min.js&quot; async=&quot;&quot;&gt;&lt;/script&gt;&lt;script src=&quot;https://assets.adobedtm.com/86ff4ffaf311/91fa59baa986/df5783653241/RC6bb7259a0c954fa18332c542480fb3b8-source.min.js&quot; async=&quot;&quot;&gt;&lt;/script&gt;&lt;script src=&quot;https://assets.adobedtm.com/86ff4ffaf311/91fa59baa986/df5783653241/RCd70410c701e24fca885c6b350405a8f9-source.min.js&quot; async=&quot;&quot;&gt;&lt;/script&gt;&lt;script src=&quot;https://assets.adobedtm.com/86ff4ffaf311/91fa59baa986/df5783653241/RCe87e1dd1da524ec4aa50f4ceedfb0fc7-source.min.js&quot; async=&quot;&quot;&gt;&lt;/script&gt;&lt;script src=&quot;https://assets.adobedtm.com/86ff4ffaf311/91fa59baa986/df5783653241/RC1b9bb6930e10468bbb9bddaa320137b2-source.min.js&quot; async=&quot;&quot;&gt;&lt;/script&gt;&lt;script src=&quot;https://assets.adobedtm.com/86ff4ffaf311/91fa59baa986/df5783653241/RCe581c755275047209781903532a3e3f7-source.min.js&quot; async=&quot;&quot;&gt;&lt;/script&gt;&lt;script src=&quot;https://assets.adobedtm.com/86ff4ffaf311/91fa59baa986/df5783653241/RC90daa22442c541d9b79e6869dcaff7ce-source.min.js&quot; async=&quot;&quot;&gt;&lt;/script&gt;&lt;script src=&quot;https://assets.adobedtm.com/86ff4ffaf311/91fa59baa986/df5783653241/RC0a935e51863445afb95726cacfe5ff6f-source.min.js&quot; async=&quot;&quot;&gt;&lt;/script&gt;&lt;script src=&quot;https://assets.adobedtm.com/86ff4ffaf311/91fa59baa986/df5783653241/RCecd968bcd90f4fd9b99c8fb1c8b4917e-source.min.js&quot; async=&quot;&quot;&gt;&lt;/script&gt;&lt;script src=&quot;https://assets.adobedtm.com/86ff4ffaf311/91fa59baa986/df5783653241/RC07b45517ce0c4360859b7e330a79eb7e-source.min.js&quot; async=&quot;&quot;&gt;&lt;/script&gt;&lt;script src=&quot;https://assets.adobedtm.com/86ff4ffaf311/91fa59baa986/df5783653241/RC98d060536a53434d956e6f5bd9d529f9-source.min.js&quot; async=&quot;&quot;&gt;&lt;/script&gt;&lt;script src=&quot;https://assets.adobedtm.com/86ff4ffaf311/91fa59baa986/df5783653241/RC4de655612b3f420781b23ae5d561b743-source.min.js&quot; async=&quot;&quot;&gt;&lt;/script&gt;&lt;script src=&quot;https://assets.adobedtm.com/86ff4ffaf311/91fa59baa986/df5783653241/RC23d54767c0da44719747dc6e1543a8aa-source.min.js&quot; async=&quot;&quot;&gt;&lt;/script&gt;&lt;script src=&quot;https://assets.adobedtm.com/86ff4ffaf311/91fa59baa986/df5783653241/RCd1dbd8a0a5514d7398c633ea461f2d54-source.min.js&quot; async=&quot;&quot;&gt;&lt;/script&gt;&lt;script src=&quot;https://assets.adobedtm.com/86ff4ffaf311/91fa59baa986/df5783653241/RCe68fe2fce2ae4f9ca3db7a8583a425f6-source.min.js&quot; async=&quot;&quot;&gt;&lt;/script&gt;&lt;script src=&quot;https://assets.adobedtm.com/86ff4ffaf311/91fa59baa986/df5783653241/RCdcc65b3ccf9e4b4bbff739077067b35f-source.min.js&quot; async=&quot;&quot;&gt;&lt;/script&gt;&lt;script src=&quot;https://assets.adobedtm.com/86ff4ffaf311/91fa59baa986/df5783653241/RC8611781eab49420db98eb4c02654e909-source.min.js&quot; async=&quot;&quot;&gt;&lt;/script&gt;&lt;script src=&quot;https://assets.adobedtm.com/86ff4ffaf311/91fa59baa986/df5783653241/RCcbdb608547f1477c866627c211240a6b-source.min.js&quot; async=&quot;&quot;&gt;&lt;/script&gt;&lt;script src=&quot;https://assets.adobedtm.com/86ff4ffaf311/91fa59baa986/df5783653241/RC4578e06347cb42b3909d0ee0992a78fa-source.min.js&quot; async=&quot;&quot;&gt;&lt;/script&gt;&lt;script src=&quot;https://assets.adobedtm.com/86ff4ffaf311/91fa59baa986/df5783653241/RC79b3ddbf0bb74289be07911486c9739c-source.min.js&quot; async=&quot;&quot;&gt;&lt;/script&gt;&lt;script src=&quot;https://assets.adobedtm.com/86ff4ffaf311/91fa59baa986/df5783653241/RCbacdaf62e88c492c9a39d0fc6e3c395a-source.min.js&quot; async=&quot;&quot;&gt;&lt;/script&gt;&lt;script src=&quot;https://assets.adobedtm.com/86ff4ffaf311/91fa59baa986/df5783653241/RCda9a817cddaa47f0b3dc9e845842e592-source.min.js&quot; async=&quot;&quot;&gt;&lt;/script&gt;&lt;script src=&quot;https://assets.adobedtm.com/86ff4ffaf311/91fa59baa986/df5783653241/RC92e7ee8604c84cb09f8c77f2e6eddd31-source.min.js&quot; async=&quot;&quot;&gt;&lt;/script&gt;&lt;script src=&quot;https://assets.adobedtm.com/86ff4ffaf311/91fa59baa986/df5783653241/RCf8ab8bb090e84638bc13ea956ae6a58a-source.min.js&quot; async=&quot;&quot;&gt;&lt;/script&gt;&lt;script src=&quot;https://assets.adobedtm.com/86ff4ffaf311/91fa59baa986/df5783653241/RC38216e65adbc4cbcbff6b23709853742-source.min.js&quot; async=&quot;&quot;&gt;&lt;/script&gt;&lt;script src=&quot;https://assets.adobedtm.com/86ff4ffaf311/91fa59baa986/df5783653241/RCb7eb3dc342c8479ea72c299f49900c48-source.min.js&quot; async=&quot;&quot;&gt;&lt;/script&gt;&lt;script src=&quot;https://assets.adobedtm.com/86ff4ffaf311/91fa59baa986/df5783653241/RCa86c4ec2a1ce46b3a913b2c08742ed6b-source.min.js&quot; async=&quot;&quot;&gt;&lt;/script&gt;&lt;script src=&quot;https://assets.adobedtm.com/86ff4ffaf311/91fa59baa986/df5783653241/RC61e3861f002e4489acbd66c389d9928d-source.min.js&quot; async=&quot;&quot;&gt;&lt;/script&gt;&lt;/head&gt;&#10;    &lt;body&gt;&#10;&#10;    &lt;script type=&quot;application/ld+json&quot;&gt;&#10;{&#10;  &quot;@context&quot;: &quot;https://schema.org&quot;,&#10;  &quot;@type&quot;: &quot;corporation&quot;,&#10;  &quot;name&quot;: &quot;CreditRepair.com&quot;,&#10;  &quot;legalName&quot;: &quot;CreditRepair.com&quot;,&#10;  &quot;url&quot;: &quot;https://www.creditrepair.com/&quot;,&#10;  &quot;description&quot;: &quot;CreditRepair.com empowers every individual to achieve the credit scores they deserve and enjoy a lifestyle of greater opportunity. We are beyond one-time credit repair; we are dedicated to helping you develop a healthier relationship with your credit.&quot;,&#10;  &quot;logo&quot;: &quot;https://www.creditrepair.com/images/credit-repair-logo.png&quot;,&#10;  &quot;sameAs&quot;: [&#10;    &quot;https://www.facebook.com/creditrepaircom&quot;,&#10;    &quot;https://twitter.com/creditrepair&quot;,&#10;    &quot;https://instagram.com/creditrepair.com&quot;,&#10;    &quot;http://www.youtube.com/CreditRepair&quot;,&#10;    &quot;https://www.linkedin.com/company/creditrepair-com&quot;,&#10;    &quot;https://www.youtube.com/channel/UC310gltUBa0VTGzZ-HdPyDw&quot;,&#10;    &quot;https://www.consumeraffairs.com/finance/creditrepaircom.html&quot;,&#10;    &quot;https://bestcompany.com/credit-repair/company/credit-repair-com&quot;],&#10;  &quot;foundingDate&quot;: &quot;1997&quot;,&#10;  &quot;contactPoint&quot; :  [{ &quot;@type&quot;: &quot;ContactPoint&quot;,&#10;    &quot;telephone&quot;: &quot;+1-833-813-1000&quot;,&#10;    &quot;contactType&quot;: &quot;customer service&quot;,&#10;    &quot;contactOption&quot;: &quot;TollFree&quot;,&#10;    &quot;areaServed&quot;: &quot;US&quot;&#10;  }&#10;  ],&#10;  &quot;location&quot;: {&#10;  &quot;@type&quot;: &quot;Place&quot;,&#10;    &quot;address&quot;: {&#10;      &quot;@type&quot;: &quot;PostalAddress&quot;,&#10;      &quot;addressLocality&quot;: &quot;West Valley City&quot;,&#10;      &quot;addressRegion&quot;: &quot;UT&quot;,&#10;      &quot;postalCode&quot;: &quot;84119&quot;,&#10;      &quot;streetAddress&quot;: &quot;2875 S Decker Lake Dr&quot;,&#10;      &quot;addressCountry&quot;:&quot;USA&quot;},&#10;  &quot;hasMap&quot;: &quot;https://maps.google.com/maps?cid=3673121874415033650&quot;&#10;}}  &#10;&lt;/script&gt;&#10;&#10;&lt;div class=&quot;content&quot;&gt;&#10;    &lt;div class=&quot;main&quot;&gt;&#10;        &#10;&#10;&#10;&lt;div class=&quot;aem-Grid aem-Grid--12 aem-Grid--default--12 &quot;&gt;&#10;    &#10;    &#10;    &#10;&lt;/div&gt;&#10;&#10;        &#10;&#10;&#10;&lt;div class=&quot;aem-Grid aem-Grid--12 aem-Grid--default--12 &quot;&gt;&#10;    &#10;    &lt;div class=&quot;htmlreference parbase aem-GridColumn aem-GridColumn--default--12&quot;&gt;&#10;    &lt;div id=&quot;header_wrapper&quot;&gt;&#10;	&lt;div class=&quot;container&quot;&gt;&#10;		&lt;a href=&quot;https://www.creditrepair.com&quot;&gt;&lt;img id=&quot;credit_repair_logo&quot; src=&quot;https://www.creditrepair.com/images/credit-repair-logo-416x66.png&quot; alt=&quot;CreditRepair.com&quot;&gt;&lt;/a&gt;&#10;		&lt;ul id=&quot;top_nav&quot;&gt;&#10;			&lt;li class=&quot;top_nav_member_login_wrapper&quot;&gt;&lt;a class=&quot;top_nav_member_login&quot; href=&quot;http://members.creditrepair.com&quot;&gt;Log In&lt;span class=&quot;top_nav_login_icon&quot;&gt;&lt;/span&gt;&lt;/a&gt;&lt;/li&gt;&#10;			&lt;li class=&quot;top_nav_sign_up_wrapper&quot;&gt;&lt;a class=&quot;top_nav_sign_up&quot; href=&quot;https://www.creditrepair.com/signup&quot;&gt;Sign Up Now&lt;/a&gt;&lt;/li&gt;&#10;		&lt;/ul&gt;&#10;		&lt;div id=&quot;mobile_nav_toggle&quot; class=&quot;&quot;&gt;Menu&lt;/div&gt;&#10;		&lt;ul id=&quot;navigation&quot; class=&quot;&quot;&gt;&#10;			&lt;li&gt;&lt;a href=&quot;https://www.creditrepair.com/fix-my-credit&quot;&gt;Fix My Credit&lt;/a&gt;&lt;/li&gt;&#10;			&lt;li&gt;&lt;a href=&quot;https://www.creditrepair.com/credit-education&quot;&gt;Credit Education&lt;/a&gt;&lt;/li&gt;&#10;			&lt;li&gt;&lt;a href=&quot;https://www.creditrepair.com/about-us&quot;&gt;About Us&lt;/a&gt;&lt;/li&gt;&#10;			&lt;li class=&quot;navigation_login_wrap&quot;&gt;&lt;a class=&quot;navigation_login_btn&quot; href=&quot;http://members.creditrepair.com&quot;&gt;Log&#10;					In&lt;span class=&quot;navigation_login_icon&quot;&gt;&lt;/span&gt;&lt;/a&gt;&lt;/li&gt;&#10;			&lt;li class=&quot;navigation_signup_wrap&quot;&gt;&lt;a class=&quot;navigation_signup_btn&quot; href=&quot;https://www.creditrepair.com/credit-snapshot/pi&quot;&gt;Sign Up Now&lt;/a&gt;&lt;/li&gt;&#10;		&lt;/ul&gt;&#10;	&lt;/div&gt;&#10;	&lt;section class=&quot;mobile_login_bar active&quot;&gt;&#10;		&lt;div class=&quot;hub-link&quot;&gt;&lt;a href=&quot;https://www.creditrepair.com/fix-my-credit&quot;&gt;Fix My Credit&lt;/a&gt;&lt;/div&gt;&#10;		&lt;div class=&quot;hub-link&quot;&gt;&lt;a href=&quot;https://www.creditrepair.com/credit-education&quot;&gt;Credit Education&lt;/a&gt;&lt;/div&gt;&#10;		&lt;div class=&quot;hub-link&quot;&gt;&lt;a href=&quot;https://www.creditrepair.com/about-us&quot;&gt;About Us&lt;/a&gt;&lt;/div&gt;&#10;&#10;		&lt;div class=&quot;bar-login&quot;&gt;&lt;a href=&quot;http://members.creditrepair.com&quot;&gt;Login&lt;/a&gt;&lt;/div&gt;&#10;	&lt;/section&gt;&#10;&lt;/div&gt;&#10;&#10;&lt;script&gt;&#10;	// CR Mobile Bar Functionality&#10;	$(window).scroll(function () {&#10;		100 &lt; $(window).scrollTop() ? $(&#10;			&quot;.mobile_login_bar&quot;&#10;		).addClass(&quot;active&quot;) : $(&#10;			&quot;.mobile_login_bar&quot;&#10;		).removeClass(&quot;active&quot;)&#10;	});&#10;&lt;/script&gt;&#10;&#10;&lt;/div&gt;&#10;&lt;div class=&quot;htmlreference parbase aem-GridColumn aem-GridColumn--default--12&quot;&gt;&#10;    &lt;div id=&quot;page_pop_background&quot;&gt;&lt;/div&gt;&#10;&lt;!-------------------------- CR Home Hero ----------------------------&gt;&#10;&lt;div class=&quot;cr-hero-main&quot;&gt;&#10;    &lt;div class=&quot;hero-boundaries&quot;&gt;&#10;        &lt;div class=&quot;hero-container&quot;&gt;&#10;&#10;            &lt;p class=&quot;heading&quot;&gt;&lt;span class=&quot;heading-bold&quot;&gt;They say&lt;/span&gt;bad credit is forever &lt;span class=&quot;heading-bold&quot;&gt;We say&lt;/span&gt;You can fix it&lt;/p&gt;&#10;&#10;            &lt;div class=&quot;hero-btn-container&quot;&gt;&#10;                &lt;div class=&quot;button-wrapper&quot;&gt;&#10;                    &lt;p class=&quot;sub-header&quot;&gt;Check your credit for FREE&lt;/p&gt;&#10;                    &lt;a class=&quot;call_btn&quot; href=&quot;/credit-snapshot/pi&quot; data-unique=&quot;phone-hero&quot;&gt;Get Started&lt;/a&gt;&#10;                    &lt;a class=&quot;signup-online&quot; data-unique=&quot;signup-hero&quot; href=&quot;/signup&quot;&gt;or sign up online »&lt;/a&gt;&#10;                &lt;/div&gt;&#10;            &lt;/div&gt;&#10;        &lt;/div&gt;&#10;&#10;        &lt;div class=&quot;hero-img&quot;&gt;&lt;/div&gt;&#10;&#10;        &lt;div class=&quot;button-wrapper-mobile&quot;&gt;&#10;            &lt;div class=&quot;button-wrapper&quot;&gt;&#10;                &lt;p class=&quot;sub-header&quot;&gt;It’s time you tried credit repair.&lt;/p&gt;&#10;                &lt;a class=&quot;call_btn&quot; href=&quot;/credit-snapshot/pi&quot; data-unique=&quot;phone-hero&quot;&gt;Get Started&lt;/a&gt;&#10;                &lt;a class=&quot;signup-online&quot; data-unique=&quot;signup-hero&quot; href=&quot;/signup&quot;&gt;or sign up online »&lt;/a&gt;&#10;            &lt;/div&gt;&#10;        &lt;/div&gt;&#10;    &lt;/div&gt;&#10;&lt;/div&gt;&#10;&#10;&lt;div class=&quot;modal&quot; style=&quot;display: none;&quot;&gt;&lt;/div&gt;&#10;&lt;div id=&quot;cr-modal&quot; style=&quot;display: none;&quot;&gt;&#10;    &lt;div class=&quot;modal-container&quot;&gt;&#10;        &lt;div class=&quot;modal-heading&quot;&gt;&#10;            &lt;span class=&quot;closeBtn&quot;&gt;✕&lt;/span&gt;&#10;            &lt;h1 class=&quot;modal-image&quot;&gt;&lt;/h1&gt;&#10;            &lt;h2&gt;You can improve your credit score.&lt;/h2&gt;&#10;        &lt;/div&gt;&#10;        &lt;div class=&quot;modal-content&quot;&gt;&#10;            &lt;p class=&quot;call-now-heading&quot;&gt;&lt;span&gt;－－－&lt;/span&gt; Get your FREE&#10;                &lt;span&gt;－－－&lt;/span&gt;&#10;            &lt;/p&gt;&#10;            &lt;ul class=&quot;credit-list&quot;&gt;&#10;                &lt;li&gt;Personalized credit consultation&lt;/li&gt;&#10;                &lt;li class=&quot;credit-rep&quot;&gt;Credit report summary&lt;/li&gt;&#10;                &lt;li&gt;Score evaluation &amp;amp; game plan&lt;/li&gt;&#10;            &lt;/ul&gt;&#10;            &lt;div class=&quot;modal-buttons&quot;&gt;&#10;                &lt;a class=&quot;call-now-btn&quot; href=&quot;/credit-snapshot/pi&quot; data-unique=&quot;phone-modal&quot;&gt;Get Started&lt;/a&gt;&#10;                &lt;a class=&quot;sign-up&quot; href=&quot;/signup&quot; data-unique=&quot;signup-modal&quot;&gt;or sign up online »&lt;/a&gt;&#10;            &lt;/div&gt;&#10;        &lt;/div&gt;&#10;    &lt;/div&gt;&#10;&lt;/div&gt;&#10;&lt;!-------------------------- End CR Home Hero ----------------------------&gt;&#10;&#10;&lt;/div&gt;&#10;&lt;div class=&quot;htmlreference parbase aem-GridColumn aem-GridColumn--default--12&quot;&gt;&#10;    &lt;style&gt;&#10;&#10;signup-v2 a{text-decoration:none;color:#007cba}&#10;button.submit-info,a.sign-up-button,a.modal-button{margin:0 auto;font-size:16px;color:#fff;background-color:#ff9807;border-width:0;border-radius:5px;cursor:pointer;position:relative;font-family:source-sans-pro,sans-serif;font-weight:400;text-decoration:none;text-transform:uppercase;letter-spacing:1px;padding:15px 25px;display:inline-block;text-align:center;line-height:normal;max-width:275px;min-width:60px}&#10;button.submit-info:before,a.sign-up-button:before,a.modal-button:before{content:&quot;&quot;;position:absolute;width:calc(100% - 45px);height:2px;bottom:10px;left:21px;background-color:#fff;visibility:hidden;-webkit-transform:scaleX(0);transform:scaleX(0);-webkit-transition:all .3s ease-in-out;transition:all .3s ease-in-out}&#10;button.submit-info:hover,a.sign-up-button:hover,a.modal-button:hover{background-color:#e78107}&#10;button.submit-info:hover:before,a.sign-up-button:hover:before,a.modal-button:hover:before{visibility:visible;-webkit-transform:scaleX(1);transform:scaleX(1)}&#10;button.submit-info:disabled,a.sign-up-button:disabled,a.modal-button:disabled{background:grey}&#10;section#signup-v2{padding:60px 10px 40px;color:#444;opacity:0;transition:opacity .3s ease-in-out;height:0;overflow:hidden; background: #fff;font-family:work-sans,sans-serif;font-weight:300}&#10;section#signup-v2.technical-error{opacity:1;height:auto}&#10;&#10;&#10;fieldset{border-width:0;padding:0;margin:0}&#10;div.block{display:inline-block;width:45%;margin:0 10px 20px;vertical-align:top}&#10;div.block input{width:100%;border:1px solid #a1a1a1;border-radius:3px;color:#a1a1a1;font-size:14px;padding:18px 10px 10px;box-sizing:border-box}&#10;div.block input::placeholder{font-size:14px;color:#bcbcbc;opacity:0}&#10;div.floating_label{position:relative}&#10;div.floating_label label{font-size:14px;opacity:.5;color:#444;position:absolute;top:15px;right:auto;left:11px;transition:all ease-in .2s;cursor:text}&#10;div.floating_label label.extra-label{top:8px;right:8px;left:auto;opacity:1}&#10;div.floating_label input:focus+label,div.floating_label input:valid+label,div.floating_label input:disabled+label{font-size:10px;top:6px;opacity:1}&#10;div.floating_label.field_error label{color:#de6f57}&#10;div.floating_label.field_error .emailError+label{font-size:10px;top:6px}&#10;.errors{background-color:#de6f57;width:100%;text-align:center;color:#fff;padding:10px 0;font-size:14px;line-height:16px;display:none}&#10;.errors .errors-icon{font-size:10px;font-weight:700;width:15px;height:15px;color:#de6f57;background-color:#fff;border-radius:50%;line-height:15px;display:inline-block;vertical-align:top;margin:0 5px}&#10;div.field_error input{border:1px solid #de6f57}&#10;div.field_error em.field-text{position:relative;display:block;background-color:transparent;color:#de6f57;font-size:12px;font-style:normal;top:auto;padding:5px 0 0 5px;transition:all .1s ease-in-out}&#10;div.field_error .field-icon{font-size:12px;font-weight:700;width:18px;height:18px;color:#fff;background-color:#de6f57;border-radius:50%;line-height:18px;display:block;position:absolute;text-align:center;top:13px;right:7px;transition:all .1s ease-in-out}&#10;div.field_error .field-icon:before{content:&apos;\0021&apos;}&#10;em.field-text,span.field-icon{display:none}&#10;.signature em.field-text{display:block;margin:10px 0 0}&#10;div.floating_label.field_pass label{color:#62ba96}&#10;div.field_pass input{border:1px solid #62ba96}&#10;div.field_pass em.field-text{position:relative;display:block;background-color:transparent;color:#62ba96;font-style:normal;font-size:12px;top:auto;padding:5px 0 0 0;transition:all .1s ease-in-out}&#10;div.field_pass .field-icon:before{content:&apos;\2713&apos;}&#10;div.field_pass .field-icon{font-size:18px;font-weight:700;color:#62ba96;border-radius:50%;line-height:18px;display:block;position:absolute;text-align:center;top:14px;right:10px;transition:all .1s ease-in-out}&#10;div.submit_button_wrap{width:100%;text-align:center;margin:20px auto 30px}&#10;div.loading-box{text-align:center;position:relative;padding-right:50px}&#10;div.loading-box.full-sized{padding:0;margin:0}&#10;.loading{opacity:0;border:6px solid rgba(255,152,7,0.7);border-top-color:rgba(255,152,7,0.9);border-radius:100%;height:40px;width:40px;display:none}&#10;.loading.start{opacity:1;display:inline-block;position:absolute;animation:rotate .8s infinite linear;transition:all .5s ease-in-out}&#10;div.loading-box.full-sized .loading{width:60px;height:60px;border:6px solid rgba(255,152,7,0.7);border-top-color:rgba(255,152,7,0.9)}&#10;div.loading-box.full-sized .loading.start{position:relative;margin:250px auto}&#10;@keyframes rotate{from{transform:rotate(0)}&#10;to{transform:rotate(359deg)}&#10;}&#10;@keyframes loading-text{0{opacity:0}&#10;100%{opacity:1}&#10;}&#10;.loading-text-1,.loading-text-2,.loading-text-3,.loading-text-4,.loading-text-5,.loading-text-6,.loading-text-7,.loading-text-8,.loading-text-9,.loading-text-10{opacity:0;display:inline-block}&#10;.loading-text-1.activate{animation:loading-text .3s .1s 1 normal forwards;animation-timing-function:ease-in}&#10;.loading-text-2.activate{animation:loading-text .3s .2s 1 normal forwards;animation-timing-function:ease-in}&#10;.loading-text-3.activate{animation:loading-text .3s .3s 1 normal forwards;animation-timing-function:ease-in}&#10;.loading-text-4.activate{animation:loading-text .3s .4s 1 normal forwards;animation-timing-function:ease-in}&#10;.loading-text-5.activate{animation:loading-text .3s .5s 1 normal forwards;animation-timing-function:ease-in}&#10;.loading-text-6.activate{animation:loading-text .3s .6s 1 normal forwards;animation-timing-function:ease-in}&#10;.loading-text-7.activate{animation:loading-text .3s .7s 1 normal forwards;animation-timing-function:ease-in}&#10;.loading-text-8.activate{animation:loading-text .3s .8s 1 normal forwards;animation-timing-function:ease-in}&#10;.loading-text-9.activate{animation:loading-text .3s .9s 1 normal forwards;animation-timing-function:ease-in}&#10;.loading-text-10.activate{animation:loading-text .3s 1s 1 normal forwards;animation-timing-function:ease-in}&#10;p.loading-text-box{display:none;margin-right:15px}&#10;p.loading-text-box span{text-align:center;font-size:20px;margin:0 3px;padding:10px 0;color:rgba(255,152,7,0.8);font-family:&apos;ProximaNova-Regular&apos;}&#10;.check-boundaries{opacity:0;display:none;justify-content:center;height:100%;position:relative;margin:0 auto;text-align:center;transition:opacity .3s ease-in-out}&#10;.check-boundaries.appear{display:block;opacity:1}&#10;.check-boundaries .box{margin:0 auto;width:50px;height:50px;background-color:rgba(98,186,150,0.048);border:1px solid #62ba96;border-radius:100%}&#10;.check-boundaries .box.appear{animation:check-boundaries-grow 1s forwards}&#10;.check-boundaries .check{width:10px;height:22px;transform:rotate(44deg);position:absolute;top:0;left:50%;margin-left:-7px;margin-top:8px}&#10;.check-boundaries .check:after{content:&quot;&quot;;width:100%;height:100%;border:3px solid #237e64;border-left-width:0;border-top-width:0;position:absolute;bottom:-2px;right:-6px}&#10;.check-boundaries .check.appear{animation:check-boundaries-cha 1.2s ease-in-out forwards}&#10;@keyframes check-boundaries-grow{0{transform:scale(0)}&#10;100%{transform:scale(1)}&#10;}&#10;@keyframes check-boundaries-cha{0{width:0;height:0}&#10;50%{width:0;height:11px}&#10;100%{width:10px;height:22px}&#10;}&#10;.error-boundaries{opacity:0;display:none;justify-content:center;height:100%;position:relative;margin:0 auto;text-align:center;transition:opacity .3s ease-in-out}&#10;.error-boundaries.appear{display:block;opacity:1}&#10;.error-boundaries .error-box{margin:0 auto;width:50px;height:50px;background-color:#cc5e4228;border:1px solid #cc5e42;border-radius:100%}&#10;.error-boundaries .error-box.appear{animation:error-boundaries-grow 1s forwards}&#10;.error-boundaries .error{width:30px;height:30px;transform:rotate(44deg);position:absolute;top:0;left:50%;margin-left:-11px;margin-top:-15px}&#10;.error-boundaries .error.appear{animation:error-boundaries-cha 1.2s ease-in-out forwards}&#10;.error-boundaries .error:after{content:&quot;\002B&quot;;width:100%;height:100%;color:#cc5e42;position:absolute;left:14px;bottom:-16px}&#10;@keyframes error-boundaries-grow{0{transform:scale(0)}&#10;100%{transform:scale(1)}&#10;}&#10;@keyframes error-boundaries-cha{0{font-size:0;width:0;height:0}&#10;50%{font-size:25px;width:0;height:15px}&#10;100%{font-size:50px;width:30px;height:30px}&#10;}&#10;.credit-consultations h2{font-weight:400;font-size:24px;color:#fff;margin:15px auto;display:none}&#10;.credit-consultations h2.disclaimer-pi{display:block;text-align:left;line-height:initial;max-width:600px;margin:0;}&#10;.credit-consultations h2.disclaimer-pi span{display:block;color:#fff;margin:5px auto; font-size: 28px;}&#10;.credit-consultations .subheader{font-weight: 400; font-size: 24px; color: #007cba;margin:15px auto;text-align:center}&#10;    @media screen and (max-width: 680px) {&#10;        .credit-consultations h2 { font-size: 16px;}&#10;        .credit-consultations h2.disclaimer-pi span { font-size: 22px;}&#10;        .credit-consultations h2.disclaimer-pi { border: none; padding: 0;}&#10;    }&#10;    &#10;.credit-perks{width:300px;margin:0 auto;padding:0;}&#10;.credit-perks .free-perks{width:100%;margin:0 auto;text-align:start;padding-bottom:10px}&#10;.credit-perks .checkbox-green{position:relative;display:inline-block;vertical-align:top}&#10;.credit-perks .checkbox-green .box{margin:0 auto;width:20px;height:20px;border:1px solid #afd852;border-radius:100%}&#10;.credit-perks .checkbox-green .check{width:4px;height:9px;transform:rotate(44deg);position:absolute;top:0;left:50%;margin-left:-5px;margin-top:3px}&#10;.credit-perks .checkbox-green .check:after{content:&quot;&quot;;width:100%;height:100%;border:3px solid #afd852;border-left-width:0;border-top-width:0;position:absolute;bottom:-2px;right:-6px}&#10;.credit-perks .checkbox-text{position:relative;display:inline-block;padding-left:5px;vertical-align:sub}&#10;.step1-wrapper{max-width:600px;margin:0 auto}&#10;.step1-wrapper h2{font-weight:400;font-size:24px;color:#007cba;margin:15px auto;display:none}&#10;.step1-wrapper h2.disclaimer-pi{display:block;text-align:center;line-height:initial}&#10;.step1-wrapper .subheader{ font-size:18px;margin:15px auto;text-align:center;line-height:initial}&#10;&#10;form#Signup-Form,form#Signup-Form-ffhd{margin:0 auto;padding:15px 0}&#10;form#Signup-Form-ffhd{display:none}&#10;div.ffhd-box .styled_checkbox{display:inline-block;margin:10px 0 0 20px;vertical-align:top}&#10;div.ffhd-box label{display:inline-block;width:75%;margin:0 auto;line-height:1.3;font-weight:500;cursor:pointer}&#10;div.ffhd-box label.ffhd-check-text{width:initial;display:inline-block;vertical-align:top;margin:10px 0 0 0;font-weight:500;cursor:pointer}&#10;.styled_checkbox label{position:absolute;top:0;left:0;width:19px;height:19px;cursor:pointer}&#10;div.disclaimer_wrap{font-size:12px;color:#444;line-height:16px}&#10;&#10;.styled_checkbox{border-radius:0;background-color:#fff;border:2px solid #444;display:inline-block;width:12px;height:12px;cursor:pointer;vertical-align:middle;position:relative}&#10;.styled_checkbox input[type=&quot;checkbox&quot;]{visibility:hidden}&#10;.styled_checkbox label:after{content:&apos;&apos;;background:transparent;top:1px;left:1px;width:8px;height:4px;border:2px solid #444;border-top:0;border-right:0;position:absolute;opacity:0;transform:rotate(-45deg)}&#10;.styled_checkbox input[type=checkbox]:checked+label:after{opacity:1;-ms-filter:&quot;alpha(opacity=100)&quot;}&#10;.cert_wrapper{text-align:center;margin:30px auto}&#10;#friend-family-sign-up{max-width:615px;padding:0 5px;margin:40px auto 0}&#10;div.friend-family-referal-box{border:1px solid #63a70a;color:#444;background-color:#f5f5f5;max-width:450px;font-weight:500;margin:0 auto;padding:15px 0;text-align:center}&#10;div.friend-family-referal-box hr{border-top:1px solid silver;border-bottom-width:0;margin:15px auto;width:85%}&#10;div.friend-family-referal-box p{font-size:16px;max-width:300px;margin:25px auto;font-weight:300;line-height:20px}&#10;div.friend-family-referal-box strong{font-weight:700}&#10;button.sign-up-referral:before{width:96px}&#10;div.friend-family-referal-box p.sign-up-disclaimer{font-size:14px;color:#444}&#10;&#10;@media only screen and (max-width:768px){&#10;section#signup-v2{padding:40px 10px}&#10;}&#10;&#10;@media only screen and (max-width:500px){&#10;form#Signup-Form,form#Signup-Form-ffhd{padding:0}&#10;div.block{display:block;width:100%;margin:15px auto}&#10;div.ffhd-box .styled_checkbox{margin:20px 0 0 5px}&#10;div.ffhd-box label.ffhd-check-text{margin:20px 0 0}&#10;}&#10;&#10;&lt;/style&gt;&#10;&#10;&#10;&lt;section id=&quot;signup-v2&quot; style=&quot;opacity: 1; height: auto;&quot;&gt;&#10;    &lt;div class=&quot;credit-consultations&quot;&gt;&lt;p class=&quot;subheader&quot;&gt;Get your FREE online credit evaluation now&lt;/p&gt;&lt;/div&gt;&#10;    &lt;div class=&quot;credit-perks&quot;&gt;&#10;        &lt;div class=&quot;free-perks&quot;&gt;&#10;            &lt;div class=&quot;checkbox-green&quot;&gt;&#10;                &lt;div class=&quot;box&quot;&gt;&lt;/div&gt;&#10;                &lt;div class=&quot;check&quot;&gt;&lt;/div&gt;&#10;            &lt;/div&gt;&#10;            &lt;div class=&quot;checkbox-text&quot;&gt;FREE credit score&lt;/div&gt;&#10;        &lt;/div&gt;&#10;        &lt;div class=&quot;free-perks&quot;&gt;&#10;            &lt;div class=&quot;checkbox-green&quot;&gt;&#10;                &lt;div class=&quot;box&quot;&gt;&lt;/div&gt;&#10;                &lt;div class=&quot;check&quot;&gt;&lt;/div&gt;&#10;            &lt;/div&gt;&#10;            &lt;div class=&quot;checkbox-text&quot;&gt;FREE negative item summary&lt;/div&gt;&#10;        &lt;/div&gt;&#10;        &lt;div class=&quot;free-perks&quot;&gt;&#10;            &lt;div class=&quot;checkbox-green&quot;&gt;&#10;                &lt;div class=&quot;box&quot;&gt;&lt;/div&gt;&#10;                &lt;div class=&quot;check&quot;&gt;&lt;/div&gt;&#10;            &lt;/div&gt;&#10;            &lt;div class=&quot;checkbox-text&quot;&gt;FREE recommended credit solution&lt;/div&gt;&#10;        &lt;/div&gt;&#10;    &lt;/div&gt;&#10;    &lt;div class=&quot;step1-wrapper&quot;&gt;&#10;        &lt;h2 class=&quot;disclaimer-pi&quot;&gt;First, we need some info to pull your credit.&lt;/h2&gt;&#10;        &lt;p class=&quot;subheader&quot;&gt;Don’t worry—this is completely secure and won’t hurt your score. And did we mention it’s FREE?&lt;/p&gt;&#10;        &lt;form name=&quot;Signup-Form&quot; id=&quot;Signup-Form&quot; method=&quot;POST&quot; action=&quot;&quot; onsubmit=&quot;&quot; novalidate=&quot;novalidate&quot;&gt;&#10;            &lt;fieldset class=&quot;contact_info&quot;&gt;&#10;                &lt;div class=&quot;block floating_label first_name field_pass&quot;&gt;&#10;                    &lt;input type=&quot;text&quot; required=&quot;&quot; id=&quot;FirstName&quot; class=&quot;input_first_name is-valid&quot; name=&quot;firstName&quot; maxlength=&quot;25&quot; value=&quot;&quot; data-rule-validchar=&quot;true&quot; aria-required=&quot;true&quot; aria-invalid=&quot;false&quot;&gt; &lt;label for=&quot;FirstName&quot;&gt;First Name&lt;/label&gt;&#10;                    &lt;em class=&quot;field-text&quot;&gt;&lt;/em&gt; &lt;span class=&quot;field-icon&quot;&gt;&lt;/span&gt;&#10;                &lt;/div&gt;&#10;                &lt;div class=&quot;block floating_label last_name field_pass&quot;&gt;&#10;                    &lt;input type=&quot;text&quot; required=&quot;&quot; id=&quot;LastName&quot; class=&quot;input_last_name is-valid&quot; name=&quot;lastName&quot; maxlength=&quot;25&quot; value=&quot;&quot; data-rule-validchar=&quot;true&quot; aria-required=&quot;true&quot; aria-invalid=&quot;false&quot;&gt; &lt;label for=&quot;LastName&quot;&gt;Last Name&lt;/label&gt;&#10;                    &lt;em class=&quot;field-text&quot;&gt;&lt;/em&gt; &lt;span class=&quot;field-icon&quot;&gt;&lt;/span&gt;&#10;                &lt;/div&gt;&#10;                &lt;div class=&quot;block floating_label email field_pass&quot;&gt;&#10;                    &lt;input type=&quot;email&quot; required=&quot;&quot; id=&quot;Email&quot; class=&quot;input_email is-valid&quot; name=&quot;address&quot; maxlength=&quot;50&quot; value=&quot;&quot; data-rule-email=&quot;true&quot; aria-required=&quot;true&quot; aria-invalid=&quot;false&quot;&gt; &lt;label for=&quot;Email&quot;&gt;Email&lt;/label&gt; &lt;em class=&quot;field-text&quot;&gt;&lt;/em&gt;&#10;                    &lt;span class=&quot;field-icon&quot;&gt;&lt;/span&gt;&#10;                &lt;/div&gt;&#10;                &lt;div class=&quot;block floating_label phone1 field_pass&quot;&gt;&#10;                    &lt;input type=&quot;tel&quot; required=&quot;&quot; id=&quot;Phone&quot; class=&quot;input_phone1 is-valid&quot; name=&quot;number&quot; value=&quot;&quot; data-rule-phoneus=&quot;true&quot; data-form-format-helper=&quot;formatPhoneNumber&quot; aria-required=&quot;true&quot; maxlength=&quot;14&quot; inputmode=&quot;text&quot; aria-invalid=&quot;false&quot;&gt;&#10;                    &lt;label for=&quot;Phone&quot;&gt;Phone&lt;/label&gt; &lt;em class=&quot;field-text&quot;&gt;&lt;/em&gt; &lt;span class=&quot;field-icon&quot;&gt;&lt;/span&gt;&#10;                &lt;/div&gt;&#10;                &lt;div class=&quot;block floating_label street field_pass&quot;&gt;&#10;                    &lt;input type=&quot;text&quot; required=&quot;&quot; id=&quot;Address&quot; class=&quot;input_street is-valid&quot; name=&quot;line1&quot; maxlength=&quot;60&quot; value=&quot;&quot; data-rule-validchar=&quot;true&quot; aria-required=&quot;true&quot; aria-invalid=&quot;false&quot;&gt; &lt;label for=&quot;Address&quot;&gt;Street Address&lt;/label&gt;&#10;                    &lt;em class=&quot;field-text&quot;&gt;&lt;/em&gt; &lt;span class=&quot;field-icon&quot;&gt;&lt;/span&gt;&#10;                &lt;/div&gt;&#10;                &lt;div class=&quot;block floating_label zip field_pass&quot;&gt;&#10;                    &lt;input type=&quot;tel&quot; required=&quot;&quot; id=&quot;Zip&quot; class=&quot;input_zip is-valid&quot; name=&quot;zipCode&quot; data-form-format-helper=&quot;forceNumeric&quot; data-rule-zipcodeus=&quot;true&quot; maxlength=&quot;5&quot; value=&quot;&quot; aria-required=&quot;true&quot; aria-invalid=&quot;false&quot;&gt; &lt;label for=&quot;Zip&quot;&gt;Zip Code&lt;/label&gt;&#10;                    &lt;em class=&quot;field-text&quot;&gt;&lt;/em&gt; &lt;span class=&quot;field-icon&quot;&gt;&lt;/span&gt;&#10;                    &lt;a style=&quot;display: none; color: rgb(45, 158, 215); text-decoration: underline;&quot; class=&quot;california-policy-btn&quot; href=&quot;/privacy-policy#california-policy&quot; target=&quot;_blank&quot;&gt;California Privacy Rights&lt;/a&gt;&#10;                &lt;/div&gt;&#10;            &lt;/fieldset&gt;&#10;            &lt;div class=&quot;ffhd-box&quot; style=&quot;display: none;&quot;&gt;&#10;                &lt;label for=&quot;yes-ffd&quot;&gt;Would you like to sign up with a friend or family member today and each receive 50% off your first work fee?&lt;/label&gt;&#10;                &lt;div class=&quot;styled_checkbox&quot; style=&quot;margin-bottom: 5px;&quot;&gt;&lt;input type=&quot;checkbox&quot; value=&quot;yes&quot; class=&quot;signup-checkbox&quot; id=&quot;yes-ffd&quot; name=&quot;ffhd-check&quot;&gt; &lt;label for=&quot;yes-ffd&quot;&gt;&lt;/label&gt;&lt;/div&gt;&#10;                &lt;label for=&quot;yes-ffd&quot; class=&quot;ffhd-check-text&quot;&gt;Yes&lt;/label&gt;&#10;            &lt;/div&gt;&#10;        &lt;/form&gt;&#10;        &lt;h2 class=&quot;family-sign-up-wording&quot;&gt;Friend or Family Member&apos;s Contact Information&lt;/h2&gt;&#10;        &lt;form name=&quot;Signup-Form-ffhd&quot; id=&quot;Signup-Form-ffhd&quot; method=&quot;POST&quot; action=&quot;&quot; onsubmit=&quot;&quot; novalidate=&quot;novalidate&quot;&gt;&#10;            &lt;input type=&quot;hidden&quot; name=&quot;last_step&quot; value=&quot;step1&quot;&gt;&#10;            &lt;fieldset class=&quot;contact_info&quot;&gt;&#10;                &lt;div class=&quot;block floating_label first_name&quot;&gt;&#10;                    &lt;input type=&quot;text&quot; required=&quot;&quot; id=&quot;FirstName-ffhd&quot; class=&quot;input_first_name&quot; name=&quot;firstName&quot; maxlength=&quot;25&quot; value=&quot;&quot; data-rule-validchar=&quot;true&quot; aria-required=&quot;true&quot;&gt; &lt;label for=&quot;FirstName&quot;&gt;First Name&lt;/label&gt;&#10;                    &lt;em class=&quot;field-text&quot;&gt;&lt;/em&gt; &lt;span class=&quot;field-icon&quot;&gt;&lt;/span&gt;&#10;                &lt;/div&gt;&#10;                &lt;div class=&quot;block floating_label last_name&quot;&gt;&#10;                    &lt;input type=&quot;text&quot; required=&quot;&quot; id=&quot;LastName-ffhd&quot; class=&quot;input_last_name&quot; name=&quot;lastName&quot; maxlength=&quot;25&quot; value=&quot;&quot; data-rule-validchar=&quot;true&quot; aria-required=&quot;true&quot;&gt; &lt;label for=&quot;LastName&quot;&gt;Last Name&lt;/label&gt;&#10;                    &lt;em class=&quot;field-text&quot;&gt;&lt;/em&gt; &lt;span class=&quot;field-icon&quot;&gt;&lt;/span&gt;&#10;                &lt;/div&gt;&#10;                &lt;div class=&quot;block floating_label email&quot;&gt;&#10;                    &lt;input type=&quot;email&quot; required=&quot;&quot; id=&quot;Email-ffhd&quot; class=&quot;input_email&quot; name=&quot;address&quot; maxlength=&quot;50&quot; value=&quot;&quot; data-rule-email=&quot;true&quot; aria-required=&quot;true&quot;&gt; &lt;label for=&quot;Email&quot;&gt;Email&lt;/label&gt; &lt;em class=&quot;field-text&quot;&gt;&lt;/em&gt;&#10;                    &lt;span class=&quot;field-icon&quot;&gt;&lt;/span&gt;&#10;                &lt;/div&gt;&#10;                &lt;div class=&quot;block floating_label phone1&quot;&gt;&#10;                    &lt;input type=&quot;tel&quot; required=&quot;&quot; id=&quot;Phone-ffhd&quot; class=&quot;input_phone1&quot; name=&quot;number&quot; value=&quot;&quot; data-rule-phoneus=&quot;true&quot; data-form-format-helper=&quot;formatPhoneNumber&quot; aria-required=&quot;true&quot; maxlength=&quot;14&quot; inputmode=&quot;text&quot;&gt;&#10;                    &lt;label for=&quot;Phone&quot;&gt;Phone&lt;/label&gt; &lt;em class=&quot;field-text&quot;&gt;&lt;/em&gt; &lt;span class=&quot;field-icon&quot;&gt;&lt;/span&gt;&#10;                &lt;/div&gt;&#10;                &lt;div class=&quot;block floating_label street&quot;&gt;&#10;                    &lt;input type=&quot;text&quot; required=&quot;&quot; id=&quot;Address-ffhd&quot; class=&quot;input_street&quot; name=&quot;line1&quot; maxlength=&quot;60&quot; value=&quot;&quot; data-rule-validchar=&quot;true&quot; aria-required=&quot;true&quot;&gt; &lt;label for=&quot;Address&quot;&gt;Street Address&lt;/label&gt;&#10;                    &lt;em class=&quot;field-text&quot;&gt;&lt;/em&gt; &lt;span class=&quot;field-icon&quot;&gt;&lt;/span&gt;&#10;                &lt;/div&gt;&#10;                &lt;div class=&quot;block floating_label zip&quot;&gt;&#10;                    &lt;input type=&quot;tel&quot; required=&quot;&quot; id=&quot;Zip-ffhd&quot; class=&quot;input_zip&quot; name=&quot;zipCode&quot; data-form-format-helper=&quot;forceNumeric&quot; data-rule-zipcodeus=&quot;true&quot; maxlength=&quot;5&quot; value=&quot;&quot; aria-required=&quot;true&quot;&gt;&#10;                    &lt;label for=&quot;Zip&quot;&gt;Zip Code&lt;/label&gt; &lt;em class=&quot;field-text&quot;&gt;&lt;/em&gt; &lt;span class=&quot;field-icon&quot;&gt;&lt;/span&gt;&#10;                    &lt;a style=&quot;display: none; color: #2d9ed7; text-decoration: underline;&quot; class=&quot;california-policy-btn&quot; href=&quot;/privacy-policy#california-policy&quot; target=&quot;_blank&quot;&gt;California Privacy Rights&lt;/a&gt;&#10;                &lt;/div&gt;&#10;            &lt;/fieldset&gt;&#10;        &lt;/form&gt;&#10;        &lt;div class=&quot;submit_button_wrap&quot;&gt;&#10;            &lt;button type=&quot;submit&quot; name=&quot;contact-info-submit&quot; class=&quot;submit-info submit-button&quot; autocomplete=&quot;off&quot; disabled=&quot;disabled&quot; style=&quot;pointer-events: none;&quot;&gt;NEXT&lt;/button&gt;&#10;            &lt;div class=&quot;loading-box&quot;&gt;&#10;                &lt;p class=&quot;loading-text-box loading-text-anim&quot;&gt;&#10;                    &lt;span class=&quot;loading-text-1&quot;&gt;l&lt;/span&gt; &lt;span class=&quot;loading-text-2&quot;&gt;o&lt;/span&gt; &lt;span class=&quot;loading-text-3&quot;&gt;a&lt;/span&gt; &lt;span class=&quot;loading-text-4&quot;&gt;d&lt;/span&gt; &lt;span class=&quot;loading-text-5&quot;&gt;i&lt;/span&gt;&#10;                    &lt;span class=&quot;loading-text-6&quot;&gt;n&lt;/span&gt; &lt;span class=&quot;loading-text-7&quot;&gt;g&lt;/span&gt; &lt;span class=&quot;loading-text-8&quot;&gt;.&lt;/span&gt; &lt;span class=&quot;loading-text-9&quot;&gt;.&lt;/span&gt; &lt;span class=&quot;loading-text-10&quot;&gt;.&lt;/span&gt;&#10;                &lt;/p&gt;&#10;                &lt;div class=&quot;loading&quot;&gt;&lt;/div&gt;&#10;            &lt;/div&gt;&#10;            &lt;div class=&quot;check-boundaries createUser&quot;&gt;&#10;                &lt;div class=&quot;box createUser&quot;&gt;&lt;/div&gt;&#10;                &lt;div class=&quot;check createUser&quot;&gt;&lt;/div&gt;&#10;            &lt;/div&gt;&#10;            &lt;div class=&quot;error-boundaries createUser&quot;&gt;&#10;                &lt;div class=&quot;error-box createUser&quot;&gt;&lt;/div&gt;&#10;                &lt;div class=&quot;error createUser&quot;&gt;&lt;/div&gt;&#10;            &lt;/div&gt;&#10;        &lt;/div&gt;&#10;        &lt;div class=&quot;disclaimer_wrap&quot;&gt;&#10;            &lt;p&gt;&#10;                By clicking &apos;NEXT&apos; I agree by electronic signature to: (1) be contacted by credit repair or credit repair marketing by a live agent, artificial or prerecorded voice,and SMS text at my residential or cellular number, dialed&#10;                manually or by autodialer, and by email (consent to be contacted is not a condition to purchase services); and (2) the &lt;a href=&quot;https://www.creditrepair.com/privacy-policy&quot; target=&quot;_blank&quot;&gt;Privacy Policy&lt;/a&gt; and&#10;                &lt;a href=&quot;https://www.creditrepair.com/terms-of-use&quot; target=&quot;_blank&quot;&gt;Terms of Use&lt;/a&gt; (including this &lt;a href=&quot;https://www.creditrepair.com/terms-of-use#arbitration-provision&quot; target=&quot;_blank&quot;&gt;arbitration Provision&lt;/a&gt;).&#10;            &lt;/p&gt;&#10;        &lt;/div&gt;&#10;        &lt;div class=&quot;cert_wrapper&quot;&gt;&#10;            &lt;span id=&quot;siteseal&quot;&gt;&lt;img style=&quot;cursor:pointer;cursor:hand&quot; src=&quot;https://seal.godaddy.com/images/3/en/siteseal_gd_3_h_l_m.gif&quot; onclick=&quot;verifySeal();&quot; alt=&quot;SSL site seal - click to verify&quot;&gt;&lt;/span&gt;&#10;        &lt;/div&gt;&#10;    &lt;/div&gt;&#10;&lt;/section&gt;&#10;&#10;&#10;&lt;/div&gt;&#10;&lt;div class=&quot;htmlreference parbase aem-GridColumn aem-GridColumn--default--12&quot;&gt;&#10;    &lt;!-------------------------- Hard at Work ----------------------------&gt;&#10;&lt;div class=&quot;hard-work-wrapper&quot;&gt;&#10;    &lt;div class=&quot;hard-work&quot;&gt;&#10;&#10;        &lt;h2&gt;We&apos;ve been hard at work for our members&lt;/h2&gt;&#10;&#10;        &lt;div class=&quot;chart-wrapper&quot;&gt;&#10;            &lt;div class=&quot;circle1-wrapper&quot;&gt;&#10;                &lt;div class=&quot;circle-padding&quot;&gt;&#10;                    &lt;div class=&quot;circle-icon&quot;&gt;&lt;/div&gt;&#10;                    &lt;div class=&quot;number&quot;&gt;1.8+ million&lt;/div&gt;&#10;                    &lt;div class=&quot;big-content&quot;&gt;removals&lt;/div&gt;&#10;                    &lt;div class=&quot;small-content&quot;&gt;since 2012&lt;/div&gt;&#10;                &lt;/div&gt;&#10;            &lt;/div&gt;&#10;&#10;            &lt;div class=&quot;circle2-wrapper&quot;&gt;&#10;                &lt;div class=&quot;circle-padding&quot;&gt;&#10;                    &lt;div class=&quot;circle-icon&quot;&gt;&lt;/div&gt;&#10;                    &lt;div class=&quot;number&quot;&gt;19+ million&lt;/div&gt;&#10;                    &lt;div class=&quot;big-content&quot;&gt;challenges &lt;span&gt;&amp;amp;&lt;/span&gt; disputes&lt;/div&gt;&#10;                    &lt;div class=&quot;small-content&quot;&gt;sent since we started business&lt;/div&gt;&#10;                &lt;/div&gt;&#10;            &lt;/div&gt;&#10;&#10;            &lt;div class=&quot;circle3-wrapper&quot;&gt;&#10;                &lt;div class=&quot;circle-padding&quot;&gt;&#10;                    &lt;div class=&quot;circle-icon&quot;&gt;&lt;/div&gt;&#10;                    &lt;div class=&quot;number&quot;&gt;1+ million&lt;/div&gt;&#10;                    &lt;div class=&quot;big-content&quot;&gt;interventions&lt;/div&gt;&#10;                    &lt;div class=&quot;small-content&quot;&gt;sent in 2019&lt;/div&gt;&#10;                &lt;/div&gt;&#10;            &lt;/div&gt;&#10;        &lt;/div&gt;&#10;&#10;        &lt;div class=&quot;btn-wrapper&quot;&gt;&#10;            &lt;a class=&quot;btn-new&quot; href=&quot;/credit-snapshot/pi&quot;&gt;Get Started&lt;/a&gt;&#10;            &lt;div&gt;&lt;a class=&quot;text-link&quot; href=&quot;/signup&quot;&gt;or sign up online »&lt;/a&gt;&lt;/div&gt;&#10;        &lt;/div&gt;&#10;    &lt;/div&gt;&#10;&lt;/div&gt;&#10;&lt;!-------------------------- End Hard at Work ----------------------------&gt;&#10;&#10;&lt;/div&gt;&#10;&lt;div class=&quot;htmlreference parbase aem-GridColumn aem-GridColumn--default--12&quot;&gt;&#10;    &lt;!-------------------------- How Credit Works ----------------------------&gt;&#10;&lt;div id=&quot;how-works-new-wrapper&quot;&gt;&#10;    &lt;div class=&quot;how-works-new-container&quot;&gt;&#10;        &lt;h2&gt;How credit repair works&lt;/h2&gt;&#10;&#10;        &lt;div class=&quot;how-works-col-wrapper&quot;&gt;&#10;            &lt;div class=&quot;how-works-icon challenge&quot;&gt;&lt;/div&gt;&#10;            &lt;div&gt;&#10;                &lt;div class=&quot;how-works-title&quot;&gt;Challenge&lt;/div&gt;&#10;                &lt;div class=&quot;how-works-content&quot;&gt;We challenge your questionable negative items with all three bureaus,&#10;                    ensuring your credit reports are accurate and fair.&lt;/div&gt;&#10;            &lt;/div&gt;&#10;        &lt;/div&gt;&#10;&#10;        &lt;div class=&quot;how-works-col-wrapper&quot;&gt;&#10;            &lt;div class=&quot;how-works-icon dispute&quot;&gt;&lt;/div&gt;&#10;            &lt;div&gt;&#10;                &lt;div class=&quot;how-works-title&quot;&gt;Dispute&lt;/div&gt;&#10;                &lt;div class=&quot;how-works-content&quot;&gt;We ask your creditors to verify the negative items they’re reporting. If&#10;                    they can’t, they are required by law to stop reporting them.&lt;/div&gt;&#10;            &lt;/div&gt;&#10;        &lt;/div&gt;&#10;&#10;        &lt;div class=&quot;how-works-col-wrapper&quot;&gt;&#10;            &lt;div class=&quot;how-works-icon monitor&quot;&gt;&lt;/div&gt;&#10;            &lt;div&gt;&#10;                &lt;div class=&quot;how-works-title&quot;&gt;Monitor&lt;/div&gt;&#10;                &lt;div class=&quot;how-works-content&quot;&gt;We continue to watch your credit, addressing additional issues as they&#10;                    arise so that you can stay on track and reach your goals.&lt;/div&gt;&#10;            &lt;/div&gt;&#10;        &lt;/div&gt;&#10;&#10;        &lt;div class=&quot;mobile-carousels&quot; id=&quot;how-works-mobile&quot;&gt;&#10;            &lt;ul class=&quot;carousel&quot;&gt;&#10;                &lt;li&gt;&#10;                    &lt;a id=&quot;carousel-ext&quot; href=&quot;#&quot; data-unique=&quot;carousel-items&quot;&gt;&#10;                        &lt;ul class=&quot;carousel-boundaries&quot;&gt;&#10;                            &lt;li class=&quot;selected&quot;&gt;&#10;                                &lt;div class=&quot;carousel-item&quot;&gt;&#10;                                    &lt;div class=&quot;how-works-col-wrapper-mobile&quot;&gt;&#10;                                        &lt;div class=&quot;how-works-icon challenge&quot;&gt;&lt;/div&gt;&#10;                                        &lt;div&gt;&#10;                                            &lt;div class=&quot;how-works-title&quot;&gt;Challenge&lt;/div&gt;&#10;                                            &lt;div class=&quot;how-works-content&quot;&gt;We challenge your questionable negative items&#10;                                                with all three bureaus,&#10;                                                ensuring your credit reports are accurate and fair.&lt;/div&gt;&#10;                                        &lt;/div&gt;&#10;                                    &lt;/div&gt;&#10;                                &lt;/div&gt;&#10;                            &lt;/li&gt;&#10;                            &lt;li class=&quot;move-right&quot;&gt;&#10;                                &lt;div class=&quot;carousel-item&quot;&gt;&#10;                                    &lt;div class=&quot;how-works-col-wrapper-mobile&quot;&gt;&#10;                                        &lt;div class=&quot;how-works-icon dispute&quot;&gt;&lt;/div&gt;&#10;                                        &lt;div&gt;&#10;                                            &lt;div class=&quot;how-works-title&quot;&gt;Dispute&lt;/div&gt;&#10;                                            &lt;div class=&quot;how-works-content&quot;&gt;We ask your creditors to verify the negative&#10;                                                items they’re reporting. If&#10;                                                they can’t, they are required by law to stop reporting them.&lt;/div&gt;&#10;                                        &lt;/div&gt;&#10;                                    &lt;/div&gt;&#10;                                &lt;/div&gt;&#10;                            &lt;/li&gt;&#10;                            &lt;li&gt;&#10;                                &lt;div class=&quot;carousel-item&quot;&gt;&#10;                                    &lt;div class=&quot;how-works-col-wrapper-mobile&quot;&gt;&#10;                                        &lt;div class=&quot;how-works-icon monitor&quot;&gt;&lt;/div&gt;&#10;                                        &lt;div&gt;&#10;                                            &lt;div class=&quot;how-works-title&quot;&gt;Monitor&lt;/div&gt;&#10;                                            &lt;div class=&quot;how-works-content&quot;&gt;We continue to watch your credit, addressing&#10;                                                additional issues as they&#10;                                                arise so that you can stay on track and reach your goals.&lt;/div&gt;&#10;                                        &lt;/div&gt;&#10;                                    &lt;/div&gt;&#10;                                &lt;/div&gt;&#10;                            &lt;/li&gt;&#10;                        &lt;/ul&gt;&#10;                    &lt;/a&gt;&#10;                &lt;/li&gt;&#10;            &lt;/ul&gt;&#10;            &lt;div class=&quot;prev&quot; id=&quot;prev&quot;&gt;❮&lt;/div&gt;&#10;            &lt;div class=&quot;next&quot; id=&quot;next&quot;&gt;❯&lt;/div&gt;&#10;        &lt;/div&gt;&#10;&#10;        &lt;div class=&quot;btn-wrapper&quot;&gt;&#10;            &lt;p&gt;See your credit score now&lt;/p&gt;&#10;            &lt;a class=&quot;btn-new&quot; href=&quot;/credit-snapshot/pi&quot;&gt;Get Started&lt;/a&gt;&#10;            &lt;div&gt;&lt;a class=&quot;text-link&quot; href=&quot;/signup/index&quot;&gt;or sign up online »&lt;/a&gt;&lt;/div&gt;&#10;        &lt;/div&gt;&#10;&#10;    &lt;/div&gt;&#10;&lt;/div&gt;&#10;&lt;!-------------------------- End How Credit Works----------------------------&gt;&#10;&#10;&lt;/div&gt;&#10;&lt;div class=&quot;htmlreference parbase aem-GridColumn aem-GridColumn--default--12&quot;&gt;&#10;    &lt;section class=&quot;client-reviews&quot;&gt;&#10;    &lt;div class=&quot;boundaries&quot;&gt;&#10;        &lt;h2&gt;What our members are saying&lt;/h2&gt;&#10;        &#10;        &lt;div class=&quot;review-wrapper&quot;&gt;&#10;            &lt;div class=&quot;review&quot;&gt;&#10;                &lt;div class=&quot;review-box-boundaries&quot;&gt;&#10;                    &#10;                    &lt;p class=&quot;blurb&quot;&gt;I like that CreditRepair.com takes their time to explain your credit status to you. They make you feel  really important, and they never treat you like a number. They make you feel like a true person.&lt;/p&gt;&#10;                    &#10;                    &lt;div class=&quot;reviewer&quot;&gt; &#10;                        &lt;div class=&quot;name&quot;&gt;Yvette B | &lt;span class=&quot;star&quot;&gt;&lt;/span&gt; &lt;span class=&quot;star&quot;&gt;&lt;/span&gt; &lt;span class=&quot;star&quot;&gt;&lt;/span&gt; &lt;span class=&quot;star&quot;&gt;&lt;/span&gt; &lt;span class=&quot;star&quot;&gt;&lt;/span&gt;&lt;/div&gt;&#10;                        &lt;p class=&quot;date&quot;&gt;New York - February 20, 2019&lt;/p&gt;&#10;                    &lt;/div&gt;&#10;&#10;                &lt;/div&gt;&#10;            &lt;/div&gt;&#10;            &lt;div class=&quot;review&quot;&gt;&#10;                &lt;div class=&quot;review-box-boundaries&quot;&gt;&#10;                    &#10;                    &lt;p class=&quot;blurb&quot;&gt;CreditRepair.com is the only answer! Credit repair has helped me begin to restore my credit! Credit is very important especially when you have children that need to go to college. Good credit is like having money in the bank!&lt;/p&gt;&#10;                    &#10;                    &lt;div class=&quot;reviewer&quot;&gt; &#10;                        &lt;div class=&quot;name&quot;&gt;Sharon R | &lt;span class=&quot;star&quot;&gt;&lt;/span&gt; &lt;span class=&quot;star&quot;&gt;&lt;/span&gt; &lt;span class=&quot;star&quot;&gt;&lt;/span&gt; &lt;span class=&quot;star&quot;&gt;&lt;/span&gt; &lt;span class=&quot;star grey&quot;&gt;&lt;/span&gt;&lt;/div&gt;&#10;                         &lt;p class=&quot;date&quot;&gt;New Jersey - March 22, 2019&lt;/p&gt;&#10;                    &lt;/div&gt;&#10;&#10;                &lt;/div&gt;&#10;            &lt;/div&gt;&#10;            &lt;div class=&quot;review&quot;&gt;&#10;                &lt;div class=&quot;review-box-boundaries&quot;&gt;&#10;                    &#10;                    &lt;p class=&quot;blurb&quot;&gt;They tell you how it is. No lying, they always take your call, and they always want to help you and keep you informed. They got all negatives off my credit report except two that remain, now it’s my wife’s turn! Thanks for all your help. &lt;/p&gt;&#10;                    &#10;                    &lt;div class=&quot;reviewer&quot;&gt; &#10;                        &lt;div class=&quot;name&quot;&gt;James P | &lt;span class=&quot;star&quot;&gt;&lt;/span&gt; &lt;span class=&quot;star&quot;&gt;&lt;/span&gt; &lt;span class=&quot;star&quot;&gt;&lt;/span&gt; &lt;span class=&quot;star&quot;&gt;&lt;/span&gt; &lt;span class=&quot;star grey&quot;&gt;&lt;/span&gt;&lt;/div&gt;&#10;                         &lt;p class=&quot;date&quot;&gt;Washington - April 16,  2019&lt;/p&gt;&#10;                    &lt;/div&gt;&#10;                &lt;/div&gt;&#10;            &lt;/div&gt;&#10;        &lt;/div&gt;&#10;        &#10;        &#10;        &lt;div class=&quot;mobile-carousels&quot; id=&quot;reviews-mobile&quot;&gt;&#10;            &lt;ul class=&quot;carousel&quot;&gt;&#10;                &lt;li&gt;&#10;                    &lt;a id=&quot;carousel-ext&quot; href=&quot;#&quot; data-unique=&quot;carousel-items&quot;&gt;&#10;                        &lt;ul class=&quot;carousel-boundaries&quot;&gt;&#10;                            &lt;li class=&quot;selected&quot;&gt;&#10;                                &lt;div class=&quot;carousel-item&quot;&gt; &#10;                                    &lt;div class=&quot;review&quot;&gt;&#10;                                        &lt;div class=&quot;review-box-boundaries&quot;&gt;&#10;                                            &#10;                                           &lt;p class=&quot;blurb&quot;&gt;I like that CreditRepair.com takes their time to explain your credit status to you. They make you feel  really important, and they never treat you like a number. They make you feel like a true person.&lt;/p&gt;&#10;                    &#10;                                            &lt;div class=&quot;reviewer&quot;&gt; &#10;                                                &lt;div class=&quot;name&quot;&gt;Yvette B | &lt;span class=&quot;star&quot;&gt;&lt;/span&gt; &lt;span class=&quot;star&quot;&gt;&lt;/span&gt; &lt;span class=&quot;star&quot;&gt;&lt;/span&gt; &lt;span class=&quot;star&quot;&gt;&lt;/span&gt; &lt;span class=&quot;star&quot;&gt;&lt;/span&gt;&lt;/div&gt;&#10;                                                &lt;p class=&quot;date&quot;&gt;New York - February 20, 2019&lt;/p&gt;&#10;                                            &lt;/div&gt;&#10;&#10;                                        &lt;/div&gt;&#10;                                    &lt;/div&gt;&#10;                                &lt;/div&gt;&#10;                            &lt;/li&gt;&#10;                            &lt;li class=&quot;move-right&quot;&gt;&#10;                                &lt;div class=&quot;carousel-item&quot;&gt; &#10;                                    &lt;div class=&quot;review&quot;&gt;&#10;                                        &lt;div class=&quot;review-box-boundaries&quot;&gt;&#10;                                            &#10;                                            &lt;p class=&quot;blurb&quot;&gt;CreditRepair.com is the only answer! Credit repair has helped me begin to restore my credit! Credit is very important especially when you have children that need to go to college. Good credit is like having money in the bank!&lt;/p&gt;&#10;                    &#10;                                            &lt;div class=&quot;reviewer&quot;&gt; &#10;                                                &lt;div class=&quot;name&quot;&gt;Sharon R | &lt;span class=&quot;star&quot;&gt;&lt;/span&gt; &lt;span class=&quot;star&quot;&gt;&lt;/span&gt; &lt;span class=&quot;star&quot;&gt;&lt;/span&gt; &lt;span class=&quot;star&quot;&gt;&lt;/span&gt; &lt;span class=&quot;star grey&quot;&gt;&lt;/span&gt;&lt;/div&gt;&#10;                                                 &lt;p class=&quot;date&quot;&gt;New Jersey - March 22, 2019&lt;/p&gt;&#10;                                            &lt;/div&gt;&#10;&#10;                                        &lt;/div&gt;&#10;                                    &lt;/div&gt;&#10;                                &lt;/div&gt;&#10;                            &lt;/li&gt;&#10;                            &lt;li&gt;&#10;                                &lt;div class=&quot;carousel-item&quot;&gt; &#10;                                    &lt;div class=&quot;review&quot;&gt;&#10;                                        &lt;div class=&quot;review-box-boundaries&quot;&gt;&#10;                                            &#10;                                            &lt;p class=&quot;blurb&quot;&gt;They tell you how it is. No lying, they always take your call, and they always want to help you and keep you informed. They got all negatives off my credit report except two that remain, now it’s my wife’s turn! Thanks for all your help. &lt;/p&gt;&#10;                    &#10;                                            &lt;div class=&quot;reviewer&quot;&gt; &#10;                                                &lt;div class=&quot;name&quot;&gt;James P | &lt;span class=&quot;star&quot;&gt;&lt;/span&gt; &lt;span class=&quot;star&quot;&gt;&lt;/span&gt; &lt;span class=&quot;star&quot;&gt;&lt;/span&gt; &lt;span class=&quot;star&quot;&gt;&lt;/span&gt; &lt;span class=&quot;star grey&quot;&gt;&lt;/span&gt;&lt;/div&gt;&#10;                                                 &lt;p class=&quot;date&quot;&gt;Washington - April 16,  2019&lt;/p&gt;&#10;                                            &lt;/div&gt;&#10;                                            &#10;                                        &lt;/div&gt;&#10;                                    &lt;/div&gt;&#10;                                &lt;/div&gt;&#10;                            &lt;/li&gt;&#10;                        &lt;/ul&gt;&#10;                    &lt;/a&gt;&#10;                &lt;/li&gt;&#10;            &lt;/ul&gt;&#10;            &lt;div class=&quot;prev&quot; id=&quot;prev&quot;&gt;❮&lt;/div&gt;&#10;            &lt;div class=&quot;next&quot; id=&quot;next&quot;&gt;❯&lt;/div&gt;&#10;        &lt;/div&gt;&#10;        &#10;        &lt;div class=&quot;review-disclaimer&quot;&gt;&#10;            &lt;a href=&quot;#&quot; class=&quot;info-modal&quot;&gt;Info About Our Testimonials&lt;/a&gt;&#10;        &lt;/div&gt;&#10;    &lt;/div&gt;&#10;&lt;/section&gt;&#10;&#10;&lt;div id=&quot;disclaimer-modal&quot; style=&quot;display: none;&quot;&gt;&#10;    &lt;div class=&quot;modal-container&quot;&gt;&#10;        &lt;div class=&quot;modal-heading&quot;&gt;&#10;            &lt;span class=&quot;closeBtn&quot;&gt;✕&lt;/span&gt;&#10;        &lt;/div&gt;&#10;        &lt;div class=&quot;modal-content&quot;&gt;&#10;            &lt;h5&gt;What you need to know about our testimonials&lt;/h5&gt;&#10;            &lt;p&gt;Testimonials represent the results of the particular individual and you should not expect the same result because your case is different than everyone else&apos;s. CreditRepair.com promises only to communicate with creditors on your behalf and in your name, verify report changes with bureaus, and provide you timely information about changes in your reports. Any credit score improvement seen after using our services is the result of many other additional factors, including: keeping credit balances low, paying bills on time, reducing or eliminating unnecessary inquiries, and developing appropriate types of credit, and sound financial planning.&lt;/p&gt;&#10;        &lt;/div&gt;&#10;    &lt;/div&gt;&#10;&lt;/div&gt;&#10;&#10;&lt;script&gt;&#10;$(document).ready(function () {&#10;    $(&quot;.info-modal&quot;).on(&quot;click touchstart touchend&quot;, function () {&#10;        event.preventDefault();&#10;        $(&quot;.modal&quot;).show();&#10;        $(&quot;#disclaimer-modal&quot;).show();&#10;     });&#10;    &#10;    $(&quot;.modal, .closeBtn&quot;).on(&quot;click touchstart touchend&quot;, function () {&#10;        $(&quot;.modal&quot;).hide();&#10;        $(&quot;#disclaimer-modal&quot;).hide();&#10;    });&#10;});&#10;&#10;&lt;/script&gt;&#10;&#10;&#10;&lt;/div&gt;&#10;&lt;div class=&quot;htmlreference parbase aem-GridColumn aem-GridColumn--default--12&quot;&gt;&#10;    &lt;div class=&quot;container&quot; id=&quot;get-started-cr&quot;&gt;&#10;    &lt;div class=&quot;row get_started_banner&quot;&gt;&#10;        &lt;p class=&quot;text&quot;&gt;Start with our Proven Online System &lt;span&gt;$99.95/month&lt;/span&gt;&lt;/p&gt;&#10;        &lt;a href=&quot;https://www.creditrepair.com/signup&quot; class=&quot;btn btn-orange&quot; data-unique=&quot;get-started-section-signup&quot; id=&quot;get-started-section-signup&quot;&gt;Get Started&lt;/a&gt;&#10;    &lt;/div&gt;&#10;&lt;/div&gt;&#10;&#10;&lt;/div&gt;&#10;&lt;div class=&quot;htmlreference parbase aem-GridColumn aem-GridColumn--default--12&quot;&gt;&#10;    &lt;!-------------------------- Cost ----------------------------&gt;&#10;&lt;div id=&quot;cost-new-wrapper&quot;&gt;&#10;    &lt;div class=&quot;cost-new-container&quot;&gt;&#10;&#10;        &lt;h2&gt;How much does it cost?&lt;/h2&gt;&#10;        &lt;div class=&quot;cost-new-leader&quot;&gt;A service for all budgets&lt;/div&gt;&#10;        &lt;div class=&quot;cost-panel-container&quot;&gt;&#10;            &lt;div class=&quot;cost-panel-wrapper&quot;&gt;&#10;                &lt;div class=&quot;cost-panel&quot;&gt;&#10;                    &lt;div class=&quot;cost-panel-icon cost-icon-1&quot;&gt;&lt;/div&gt;&#10;                    &lt;div class=&quot;cost-panel-title&quot;&gt;Aggressive&lt;/div&gt;&#10;                    &lt;div class=&quot;cost-panel-desc&quot;&gt;Recommended for those who have a lot of negative items on their credit&#10;                        report&lt;/div&gt;&#10;                    &lt;div class=&quot;cost-panel-price&quot;&gt;$$$&lt;/div&gt;&#10;                &lt;/div&gt;&#10;            &lt;/div&gt;&#10;            &lt;div class=&quot;cost-panel-wrapper&quot;&gt;&#10;                &lt;div class=&quot;cost-panel&quot;&gt;&#10;                    &lt;div class=&quot;cost-panel-icon cost-icon-2&quot;&gt;&lt;/div&gt;&#10;                    &lt;div class=&quot;cost-panel-title&quot;&gt;Moderate&lt;/div&gt;&#10;                    &lt;div class=&quot;cost-panel-desc&quot;&gt;Recommended for those who have a moderate amount of negative items&#10;                    &lt;/div&gt;&#10;                    &lt;div class=&quot;cost-panel-price&quot;&gt;$$&lt;/div&gt;&#10;                &lt;/div&gt;&#10;            &lt;/div&gt;&#10;            &lt;div class=&quot;cost-panel-wrapper&quot;&gt;&#10;                &lt;div class=&quot;cost-panel&quot;&gt;&#10;                    &lt;div class=&quot;cost-panel-icon cost-icon-3&quot;&gt;&lt;/div&gt;&#10;                    &lt;div class=&quot;cost-panel-title&quot;&gt;Basic&lt;/div&gt;&#10;                    &lt;div class=&quot;cost-panel-desc&quot;&gt;Recommended for those who have a handful of negative items&lt;/div&gt;&#10;                    &lt;div class=&quot;cost-panel-price&quot;&gt;$&lt;/div&gt;&#10;                &lt;/div&gt;&#10;            &lt;/div&gt;&#10;        &lt;/div&gt;&#10;&#10;        &lt;div class=&quot;mobile-carousels&quot; id=&quot;cost-carousel-mobile&quot;&gt;&#10;            &lt;ul class=&quot;carousel&quot;&gt;&#10;                &lt;li&gt;&#10;                    &lt;a id=&quot;carousel-ext&quot; href=&quot;#&quot; data-unique=&quot;carousel-items&quot;&gt;&#10;                        &lt;ul class=&quot;carousel-boundaries&quot;&gt;&#10;                            &lt;li class=&quot;selected&quot;&gt;&#10;                                &lt;div class=&quot;carousel-item&quot;&gt;&#10;                                    &lt;div class=&quot;cost-panel-wrapper&quot;&gt;&#10;                                        &lt;div class=&quot;cost-panel&quot;&gt;&#10;                                            &lt;div class=&quot;cost-panel-icon cost-icon-1&quot;&gt;&lt;/div&gt;&#10;                                            &lt;div class=&quot;cost-panel-title&quot;&gt;Aggressive&lt;/div&gt;&#10;                                            &lt;div class=&quot;cost-panel-desc&quot;&gt;Recommended for those who have a lot of&#10;                                                negative items on their credit report&lt;/div&gt;&#10;                                            &lt;div class=&quot;cost-panel-price&quot;&gt;$$$&lt;/div&gt;&#10;                                        &lt;/div&gt;&#10;                                    &lt;/div&gt;&#10;                                &lt;/div&gt;&#10;                            &lt;/li&gt;&#10;                            &lt;li class=&quot;move-right&quot;&gt;&#10;                                &lt;div class=&quot;carousel-item&quot;&gt;&#10;                                    &lt;div class=&quot;cost-panel-wrapper&quot;&gt;&#10;                                        &lt;div class=&quot;cost-panel&quot;&gt;&#10;                                            &lt;div class=&quot;cost-panel-icon cost-icon-2&quot;&gt;&lt;/div&gt;&#10;                                            &lt;div class=&quot;cost-panel-title&quot;&gt;Moderate&lt;/div&gt;&#10;                                            &lt;div class=&quot;cost-panel-desc&quot;&gt;Recommended for those who have a moderate&#10;                                                amount of negative items&#10;                                            &lt;/div&gt;&#10;                                            &lt;div class=&quot;cost-panel-price&quot;&gt;$$&lt;/div&gt;&#10;                                        &lt;/div&gt;&#10;                                    &lt;/div&gt;&#10;                                &lt;/div&gt;&#10;                            &lt;/li&gt;&#10;                            &lt;li&gt;&#10;                                &lt;div class=&quot;carousel-item&quot;&gt;&#10;                                    &lt;div class=&quot;cost-panel-wrapper&quot;&gt;&#10;                                        &lt;div class=&quot;cost-panel&quot;&gt;&#10;                                            &lt;div class=&quot;cost-panel-icon cost-icon-3&quot;&gt;&lt;/div&gt;&#10;                                            &lt;div class=&quot;cost-panel-title&quot;&gt;Basic&lt;/div&gt;&#10;                                            &lt;div class=&quot;cost-panel-desc&quot;&gt;Recommended for those who have a handful of&#10;                                                negative items&lt;/div&gt;&#10;                                            &lt;div class=&quot;cost-panel-price&quot;&gt;$&lt;/div&gt;&#10;                                        &lt;/div&gt;&#10;                                    &lt;/div&gt;&#10;                                &lt;/div&gt;&#10;                            &lt;/li&gt;&#10;                        &lt;/ul&gt;&#10;                    &lt;/a&gt;&#10;                &lt;/li&gt;&#10;            &lt;/ul&gt;&#10;            &lt;div class=&quot;prev&quot; id=&quot;prev&quot;&gt;❮&lt;/div&gt;&#10;            &lt;div class=&quot;next&quot; id=&quot;next&quot;&gt;❯&lt;/div&gt;&#10;        &lt;/div&gt;&#10;&#10;        &lt;div class=&quot;cost-new-cta&quot;&gt;&#10;            &lt;div class=&quot;cost-new-cta-content&quot;&gt;See your negative items for free&lt;/div&gt;&#10;            &lt;div class=&quot;btn-wrapper&quot;&gt;&#10;                &lt;a class=&quot;btn-new&quot; href=&quot;/credit-snapshot/pi&quot;&gt;Get Started&lt;/a&gt;&#10;                &lt;div&gt;&lt;a class=&quot;text-link&quot; href=&quot;/signup&quot;&gt;or sign up online »&lt;/a&gt;&lt;/div&gt;&#10;            &lt;/div&gt;&#10;        &lt;/div&gt;&#10;    &lt;/div&gt;&#10;&lt;/div&gt;&#10;&lt;!-------------------------- End Cost ----------------------------&gt;&#10;&#10;&lt;/div&gt;&#10;&lt;div class=&quot;htmlreference parbase aem-GridColumn aem-GridColumn--default--12&quot;&gt;&#10;    &#10;&lt;nav class=&quot;bottom_nav_wrapper&quot;&gt;&#10;	&lt;div class=&quot;container row&quot;&gt;&#10;		&lt;div class=&quot;bottom_nav_section bottom_nav_section_who-we-are expanded three columns first&quot;&gt;&#10;			&lt;a href=&quot;https://www.creditrepair.com/who-we-are&quot; class=&quot;bottom_nav_section_title&quot;&gt;Who We Are&lt;span class=&quot;expand_contract&quot;&gt;&lt;/span&gt;&lt;/a&gt;&#10;			&lt;ul&gt;&#10;				&lt;li class=&quot;redundant&quot;&gt;Who We Are&lt;/li&gt;&#10;				&lt;li&gt;&lt;a href=&quot;https://www.creditrepair.com/who-we-are&quot;&gt;About Us&lt;/a&gt;&lt;/li&gt;&#10;				&lt;li&gt;&lt;a href=&quot;http://www.progrexion.com/affiliates&quot; target=&quot;_blank&quot;&gt;Affiliates&lt;/a&gt;&lt;/li&gt;&#10;				&lt;li&gt;&lt;a href=&quot;https://www.creditrepair.com/careers&quot; target=&quot;_blank&quot;&gt;Careers&lt;/a&gt;&lt;/li&gt;&#10;				&lt;li&gt;&lt;a href=&quot;https://www.creditrepair.com/newsroom&quot;&gt;Newsroom&lt;/a&gt;&lt;/li&gt;&#10;				&lt;li&gt;&lt;a href=&quot;https://www.creditrepair.com/contact-us&quot;&gt;Contact Us&lt;/a&gt;&lt;/li&gt;&#10;			&lt;/ul&gt;&#10;		&lt;/div&gt;&#10;		&lt;div class=&quot;bottom_nav_section bottom_nav_section_how-it-works three columns&quot;&gt;&#10;			&lt;a href=&quot;https://www.creditrepair.com/how-credit-repair-works&quot; class=&quot;bottom_nav_section_title&quot;&gt;How it Works&lt;span class=&quot;expand_contract&quot;&gt;&lt;/span&gt;&lt;/a&gt;&#10;			&lt;ul&gt;&#10;				&lt;li class=&quot;redundant&quot;&gt;How It Works&lt;/li&gt;&#10;				&lt;li&gt;&lt;a href=&quot;https://www.creditrepair.com/how-credit-repair-works&quot;&gt;Credit Repair Process&lt;/a&gt;&lt;/li&gt;&#10;				&lt;li&gt;&lt;a href=&quot;https://www.creditrepair.com/how-credit-repair-works#what-you-get&quot;&gt;What You Get&lt;/a&gt;&lt;/li&gt;&#10;				&lt;li&gt;&lt;a href=&quot;https://www.creditrepair.com/faq&quot;&gt;Frequently Asked Questions&lt;/a&gt;&lt;/li&gt;&#10;				&lt;li&gt;&lt;a href=&quot;https://www.creditrepair.com/privacy-policy&quot;&gt;Privacy Policy&lt;/a&gt;&lt;/li&gt;&#10;				&lt;li&gt;&lt;a href=&quot;https://www.creditrepair.com/privacy-notice&quot;&gt;Privacy Notice&lt;/a&gt;&lt;/li&gt;&#10;				&lt;li&gt;&lt;a href=&quot;https://www.creditrepair.com/privacy-policy#california-policy&quot;&gt;California Residents&lt;/a&gt;&lt;/li&gt;&#10;				&lt;li&gt;&lt;a href=&quot;https://www.creditrepair.com/sms-terms&quot;&gt;Text Message Terms&lt;/a&gt;&lt;/li&gt;&#10;				&lt;li&gt;&lt;a href=&quot;https://www.creditrepair.com/terms-of-use&quot;&gt;Terms Of Use&lt;/a&gt;&lt;/li&gt;&#10;			&lt;/ul&gt;&#10;		&lt;/div&gt;&#10;		&lt;div class=&quot;bottom_nav_section bottom_nav_section_reviews three columns&quot;&gt;&#10;			&lt;a href=&quot;https://www.creditrepair.com/reviews&quot; class=&quot;bottom_nav_section_title&quot;&gt;Reviews&lt;span class=&quot;expand_contract&quot;&gt;&lt;/span&gt;&lt;/a&gt;&#10;			&lt;ul&gt;&#10;				&lt;li class=&quot;redundant&quot;&gt;Reviews&lt;/li&gt;&#10;				&lt;li&gt;&lt;a href=&quot;https://www.creditrepair.com/reviews&quot;&gt;Customer Reviews&lt;/a&gt;&lt;/li&gt;&#10;				&lt;li&gt;&lt;a href=&quot;https://www.creditrepair.com/videos&quot;&gt;Videos&lt;/a&gt;&lt;/li&gt;&#10;				&lt;li&gt;&lt;a href=&quot;http://www.youtube.com/user/creditrepair/videos&quot; target=&quot;_blank&quot;&gt;YouTube&lt;/a&gt;&lt;/li&gt;&#10;				&lt;li&gt;&lt;a href=&quot;https://www.creditrepair.com/review&quot;&gt;Create a Review&lt;/a&gt;&lt;/li&gt;&#10;			&lt;/ul&gt;&#10;		&lt;/div&gt;&#10;		&lt;div class=&quot;bottom_nav_section bottom_nav_section_education three columns&quot;&gt;&#10;			&lt;a href=&quot;https://www.creditrepair.com/articles&quot; class=&quot;bottom_nav_section_title&quot;&gt;Education&lt;span class=&quot;expand_contract&quot;&gt;&lt;/span&gt;&lt;/a&gt;&#10;			&lt;ul&gt;&#10;				&lt;li class=&quot;redundant&quot;&gt;Education&lt;/li&gt;&#10;				&lt;li&gt;&lt;a href=&quot;https://www.creditrepair.com/blog&quot;&gt;CreditRepair.com Blog&lt;/a&gt;&lt;/li&gt;&#10;				&lt;li&gt;&lt;a href=&quot;https://www.creditrepair.com/articles/credit-improvement&quot;&gt;Credit Improvement&lt;/a&gt;&lt;/li&gt;&#10;				&lt;li&gt;&lt;a href=&quot;https://www.creditrepair.com/articles/debt-solutions&quot;&gt;Debt Solutions&lt;/a&gt;&lt;/li&gt;&#10;				&lt;li&gt;&lt;a href=&quot;https://www.creditrepair.com/articles/identity-theft&quot;&gt;Identity Theft&lt;/a&gt;&lt;/li&gt;&#10;				&lt;li&gt;&lt;a href=&quot;https://www.creditrepair.com/articles/loan-center&quot;&gt;Loan Center&lt;/a&gt;&lt;/li&gt;&#10;				&lt;li&gt;&lt;a href=&quot;https://www.creditrepair.com/articles/savings-center&quot;&gt;Savings Center&lt;/a&gt;&lt;/li&gt;&#10;				&lt;li&gt;&lt;a href=&quot;https://www.creditrepair.com/score-estimator/&quot;&gt;Score Estimator&lt;/a&gt;&lt;/li&gt;&#10;				&lt;li&gt;&lt;a href=&quot;https://www.creditrepair.com/disputes-and-bureaus/&quot;&gt;Disputes and Bureaus&lt;/a&gt;&lt;/li&gt;&#10;			&lt;/ul&gt;&#10;		&lt;/div&gt;&#10;		&lt;div class=&quot;bottom_nav_section bottom_nav_section_sign_up_today three columns&quot;&gt;&#10;			&lt;a href=&quot;https://www.creditrepair.com/signup&quot; class=&quot;bottom_nav_section_title&quot;&gt;Sign Up Today&lt;span class=&quot;expand_contract&quot;&gt;&lt;/span&gt;&lt;/a&gt;&#10;			&lt;ul&gt;&#10;				&lt;li class=&quot;redundant&quot;&gt;Sign-Up Today&lt;/li&gt;&#10;				&lt;li&gt;&lt;a href=&quot;https://www.creditrepair.com/signup&quot;&gt;Get Started&lt;/a&gt;&lt;/li&gt;&#10;				&lt;li&gt;&lt;a href=&quot;https://www.creditrepair.com/mobile-app&quot;&gt;iPhone / iPad App&lt;/a&gt;&lt;/li&gt;&#10;				&lt;li&gt;&lt;a href=&quot;https://www.creditrepair.com/mobile-app&quot;&gt;Android App&lt;/a&gt;&lt;/li&gt;&#10;				&lt;li&gt;&lt;a href=&quot;http://members.creditrepair.com&quot;&gt;Member Log-In&lt;/a&gt;&lt;/li&gt;&#10;				&lt;li&gt;&lt;a href=&quot;https://www.creditrepair.com/unsubscribe&quot;&gt;Unsubscribe&lt;/a&gt;&lt;/li&gt;&#10;			&lt;/ul&gt;&#10;		&lt;/div&gt;&#10;		&lt;div class=&quot;bottom_nav_section bottom_nav_section_follow three columns&quot;&gt;&#10;			&lt;div class=&quot;bottom_nav_section_title follow&quot;&gt;Follow&lt;span class=&quot;expand_contract&quot;&gt;&lt;/span&gt;&lt;/div&gt;&#10;			&lt;ul&gt;&#10;				&lt;li class=&quot;redundant&quot;&gt;Follow&lt;/li&gt;&#10;				&lt;div class=&quot;social_icons&quot;&gt;&lt;a href=&quot;https://www.facebook.com/creditrepaircom&quot;&gt;&lt;img class=&quot;social_icons_img facebook&quot; src=&quot;https://www.creditrepair.com/content/dam/credit-repair/common/assets/imgs/Lex_SocialIcons_Facebook.png&quot;&gt;&lt;/a&gt;&lt;a href=&quot;https://twitter.com/creditrepair&quot;&gt;&lt;img class=&quot;social_icons_img twitter&quot; src=&quot;https://www.creditrepair.com/content/dam/credit-repair/common/assets/imgs/Lex_SocialIcons_Twitter.png&quot;&gt;&lt;/a&gt;&lt;a href=&quot;https://www.instagram.com/creditrepair.com/&quot;&gt;&lt;img class=&quot;social_icons_img instagram&quot; src=&quot;https://www.creditrepair.com/content/dam/credit-repair/common/assets/imgs/instagram.png&quot;&gt;&lt;/a&gt;&lt;/div&gt;&#10;			&lt;/ul&gt;&#10;		&lt;/div&gt;&#10;	&lt;/div&gt;&#10;	&lt;br class=&quot;clear&quot;&gt;&#10;&lt;/nav&gt;&#10;&#10;&lt;div id=&quot;copyright_wrapper&quot;&gt;&#10;	&lt;div class=&quot;container forced_bottom_margin&quot;&gt;&#10;		&lt;div id=&quot;copyright&quot; class=&quot;row&quot;&gt;&#10;			&lt;p class=&quot;fico-acknowledgment&quot;&gt;FICO and “The score lenders use” are trademarks or registered trademarks of Fair Isaac Corporation in the United States and other countries.&lt;/p&gt;&#10;			&lt;div id=&quot;copyright_text&quot;&gt;&#10;				©2020 CreditRepair.com, Inc.&amp;nbsp; All rights reserved.&lt;br&gt;&#10;				&lt;span style=&quot;font-style:italic&quot;&gt;** Your results will vary&lt;/span&gt;&lt;br&gt;&#10;				&lt;div class=&quot;badges&quot;&gt;&#10;            &lt;div class=&quot;cert_wrapper&quot;&gt;&#10;                &lt;span id=&quot;siteseal&quot;&gt;&#10;                    &lt;script async=&quot;&quot; type=&quot;text/javascript&quot; src=&quot;https://seal.godaddy.com/getSeal?sealID=dn0Hwvn3db1McpLGYLu6XHC20lORlGgebIAgbi3ZFOAuLvNaSehKIdCZq6rP&quot;&gt;&lt;/script&gt;&#10;            &lt;/span&gt;&lt;/div&gt;&#10;        &lt;/div&gt;&#10;				&lt;a href=&quot;https://www.creditrepair.com/confirm&quot; class=&quot;btn btn-small btn-green confirm_link&quot;&gt;Confirm&lt;/a&gt;&#10;				&lt;a href=&quot;https://www.creditrepair.com/credit-view/phone-confirmation.html&quot; class=&quot;btn btn-small btn-gray credit_view_link&quot;&gt;Credit View&lt;/a&gt;&#10;			&lt;/div&gt;&#10;			&lt;div id=&quot;digicert&quot;&gt;&#10;				&lt;!-- Begin VeriSign seal HTML and JavaScript --&gt;&#10;&#10;				&lt;table width=&quot;135&quot; border=&quot;0&quot; cellpadding=&quot;2&quot; cellspacing=&quot;0&quot; title=&quot;Click to Verify - This site chose Symantec SSL for secure e-commerce and confidential communications.&quot;&gt;&#10;					&lt;tbody&gt;&lt;tr&gt;&#10;						&lt;td width=&quot;135&quot; align=&quot;center&quot; valign=&quot;top&quot;&gt;&#10;							&lt;script type=&quot;text/javascript&quot; src=&quot;https://seal.verisign.com/getseal?host_name=www.creditrepair.com&amp;amp;size=M&amp;amp;use_flash=NO&amp;amp;use_transparent=NO&amp;amp;lang=en&quot;&gt;&lt;/script&gt;&#10;						&lt;/td&gt;&#10;					&lt;/tr&gt;&#10;				&lt;/tbody&gt;&lt;/table&gt;&#10;&#10;				&lt;!-- End VeriSign seal HTML and JavaScript --&gt;&#10;			&lt;/div&gt;&#10;			&lt;div id=&quot;bbb&quot;&gt;&#10;			&lt;/div&gt;&#10;			&lt;!-- &lt;div id=&quot;footer_tid&quot; style=&quot;float: right;&quot;&gt;10004&lt;/div&gt; --&gt;&#10;		&lt;/div&gt;&#10;	&lt;/div&gt;&#10;&lt;/div&gt;&#10;&lt;script type=&quot;text/javascript&quot;&gt;&#10;	$(function() {&#10;		PopPageDefault.initialize();&#10;	});&#10;&lt;/script&gt;&#10;&#10;&lt;div class=&quot;pop_page_default&quot; id=&quot;page_pop&quot;&gt;&#10;	&lt;div class=&quot;close_button&quot;&gt;&lt;/div&gt;&#10;	&lt;div class=&quot;logo&quot;&gt;CreditRepair.com&lt;/div&gt;&#10;	&lt;div class=&quot;heading&quot;&gt;Have a question?&lt;/div&gt;&#10;	&lt;div class=&quot;sub_heading&quot;&gt;Call us for a Free Credit Check&lt;br&gt;from a Credit Expert&lt;/div&gt;&#10;	&lt;div&gt;&lt;span&gt;1-&lt;span class=&quot;creditRepairPhoneNumber phoneNumber&quot;&gt;844-838-2918&lt;/span&gt;&lt;/span&gt;&lt;/div&gt;&#10;&lt;/div&gt;&#10;&#10;&#10;&lt;div id=&quot;back_to_top_button&quot; style=&quot;display: block;&quot;&gt;Top&lt;/div&gt;&#10;&#10;&#10;&lt;/div&gt;&#10;&#10;    &#10;&lt;/div&gt;&#10;&#10;    &lt;/div&gt;&#10;&lt;/div&gt;&lt;script src=&quot;https://www.googletagmanager.com/gtag/js?id=AW-995332405&quot;&gt;&lt;/script&gt;&#10;&#10;&#10;    &#10;&#10;&#10;&#10;&#10;    &#10;        &lt;link rel=&quot;stylesheet&quot; href=&quot;/content/dam/credit-repair/common/css/page-pop.css&quot; type=&quot;text/css&quot;&gt;&#10;    &#10;&#10;&#10;&#10;    &#10;&#10;&#10;&#10;&#10;&lt;script src=&quot;/content/dam/credit-repair/common/js/jquery-validate-v1.13.1.min.js&quot;&gt;&lt;/script&gt;&#10;&lt;script type=&quot;text/javascript&quot; src=&quot;/content/dam/credit-repair/common/js/marketing-tracking-LOT.js&quot;&gt;&lt;/script&gt;&#10;&lt;script src=&quot;/content/dam/credit-repair/common/js/vendor/js.cookie.js&quot;&gt;&lt;/script&gt;&#10;&#10;&#10;    &#10;        &lt;script type=&quot;text/javascript&quot; src=&quot;/content/dam/credit-repair/common/js/jquery-validate-v1.13.1.min.js&quot;&gt;&lt;/script&gt;&#10;    &#10;&#10;    &#10;        &lt;script type=&quot;text/javascript&quot; src=&quot;/content/dam/credit-repair/common/js/forms.js&quot;&gt;&lt;/script&gt;&#10;    &#10;&#10;    &#10;        &lt;script type=&quot;text/javascript&quot; src=&quot;/etc.clientlibs/cr/credit-snapshot/components/pages/credit-snapshot/libs/new-flow/prod.min.js&quot;&gt;&lt;/script&gt;&#10;    &#10;&#10;    &#10;        &lt;script type=&quot;text/javascript&quot; src=&quot;/etc.clientlibs/cr/credit-snapshot/components/content/personal-information/new-flow/prod.min.js&quot;&gt;&lt;/script&gt;&#10;    &#10;&#10;    &#10;        &lt;script type=&quot;text/javascript&quot; src=&quot;/content/dam/credit-repair/common/js/pop-page.js&quot;&gt;&lt;/script&gt;&#10;    &#10;&#10;    &#10;        &lt;script type=&quot;text/javascript&quot; src=&quot;/content/dam/credit-repair/common/js/persistent-footer-pop.js&quot;&gt;&lt;/script&gt;&#10;    &#10;&#10;    &#10;        &lt;script type=&quot;text/javascript&quot; src=&quot;/content/dam/credit-repair/home/js/cr-carousels.js&quot;&gt;&lt;/script&gt;&#10;    &#10;&#10;    &#10;        &lt;script type=&quot;text/javascript&quot; src=&quot;/content/dam/credit-repair/home/js/snapshot.js&quot;&gt;&lt;/script&gt;&#10;    &#10;&#10;    &#10;        &lt;script type=&quot;text/javascript&quot; src=&quot;/content/dam/credit-repair/home/js/modal-form.js&quot;&gt;&lt;/script&gt;&#10;    &#10;&#10;&#10;&#10;&#10;&#10;&lt;!--&lt;script type=&quot;text/javascript&quot;&gt;_satellite.pageBottom();&lt;/script&gt;--&gt;&#10;&#10;&lt;p class=&quot;site_bottom_copyright_ref_and_tid&quot; style=&quot;display:none;&quot; id=&quot;footer_tid&quot;&gt;(10004.0.1)&lt;/p&gt;&#10;&#10;&lt;iframe sandbox=&quot;allow-scripts allow-same-origin&quot; title=&quot;Adobe ID Syncing iFrame&quot; id=&quot;destination_publishing_iframe_progrexion_0&quot; name=&quot;destination_publishing_iframe_progrexion_0_name&quot; src=&quot;https://progrexion.demdex.net/dest5.html?d_nsid=0#https%3A%2F%2Fwww.creditrepair.com&quot; class=&quot;aamIframeLoaded&quot; style=&quot;display: none; width: 0px; height: 0px;&quot;&gt;&lt;/iframe&gt;&#10;&lt;script&gt;&#10;    window.dataLayer = window.dataLayer || [];&#10;    function gtag(){dataLayer.push(arguments);}&#10;    gtag(&apos;js&apos;, new Date());&#10;    gtag(&apos;config&apos;, &apos;AW-995332405&apos;);&#10;    gtag(&apos;config&apos;, &apos;AW-1053751751&apos;);&#10;    gtag(&apos;config&apos;, &apos;AW-939232542&apos;);&#10;    gtag(&apos;config&apos;, &apos;AW-1070835421&apos;);&#10;    gtag(&apos;config&apos;, &apos;AW-989023685&apos;);&#10;    gtag(&apos;config&apos;, &apos;DC-8836660&apos;);&#10;    gtag(&apos;config&apos;, &apos;UA-30748937-1&apos;);&#10;&lt;/script&gt;&lt;script&gt;_satellite[&quot;__runScript1&quot;](function(event, target) {&#10;if(typeof jQuery==&apos;undefined&apos;) {&#10;    var headTag = document.getElementsByTagName(&quot;head&quot;)[0];&#10;    var jqTag = document.createElement(&apos;script&apos;);&#10;    jqTag.type = &apos;text/javascript&apos;;&#10;    jqTag.src = &apos;//code.jquery.com/jquery-1.12.4.min.js&apos;;&#10;    headTag.appendChild(jqTag);&#10;} &#10;});&lt;/script&gt;&lt;script&gt;_satellite[&quot;__runScript2&quot;](function(event, target) {&#10;if(navigator.userAgent.match(/Android|BlackBerry|iPhone|Opera Mini|IEMobile/i)){&#10;  _satellite.setCookie(&quot;dtmDevice&quot;,&quot;mobile&quot;,0);&#10;}else{&#10;  _satellite.setCookie(&quot;dtmDevice&quot;,&quot;other&quot;,0);&#10;};&#10;});&lt;/script&gt;&lt;script&gt;_satellite[&quot;__runScript3&quot;](function(event, target) {&#10;var eName = window.location.pathname;&#10;var eName = eName.replace(/\//g, &apos;:&apos;);&#10;var eName = eName.replace(/:$/, &apos;&apos;);&#10;if(eName === &apos;&apos;){&#10;  eName = &quot;:index&quot;}&#10;var eName = &quot;CR&quot; + eName;&#10;&#10;_satellite.setCookie(&quot;dtmEntryPage&quot;,eName,0);&#10;});&lt;/script&gt;&lt;script&gt;_satellite[&quot;__runScript4&quot;](function(event, target) {&#10;var gclidcookie = _satellite.cookie.get(&apos;gclid&apos;)&#10;&#10;if (window.location.search.indexOf(&apos;gclid=&apos;) &gt; -1) {&#10;    function getParameterByName(name, url) {&#10;        if (!url) url = decodeURIComponent(window.location.href);&#10;        name = name.replace(/[\[\]]/g, &apos;\\$&amp;&apos;);&#10;        var regex = new RegExp(&apos;[?&amp;]&apos; + name + &apos;(=([^&amp;#]*)|&amp;|#|$)&apos;),&#10;            results = regex.exec(url);&#10;        if (!results) return null;&#10;        if (!results[2]) return &apos;&apos;;&#10;        return decodeURIComponent(results[2].replace(/\+/g, &apos; &apos;));&#10;    }&#10;    var gclidcookie = getParameterByName(&apos;gclid&apos;);&#10;    document.cookie = &quot;gclid=&quot; + gclidcookie + &quot;;path=/; domain=.creditrepair.com;&quot;;&#10;}&#10;});&lt;/script&gt;&lt;!--&#10;Event snippet for CR Universal RTG Tag on https://www.creditrepair.com/: Please do not remove.&#10;Place this snippet on pages with events you&apos;re tracking. &#10;Creation date: 08/31/2018&#10;--&gt;&#10;&lt;script&gt;&#10;  gtag(&apos;event&apos;, &apos;conversion&apos;, {&#10;    &apos;allow_custom_scripts&apos;: true,&#10;    &apos;u1&apos;: &apos;[Logged In User (Y\/N)]&apos;,&#10;    &apos;u2&apos;: &apos;https://www.creditrepair.com/&apos;,&#10;    &apos;send_to&apos;: &apos;DC-8836660/brows0/cruni0+unique&apos;&#10;  });&#10;&lt;/script&gt;&#10;&lt;noscript&gt;&lt;/noscript&gt;&#10;&lt;!-- End of event snippet: Please do not remove --&gt;&lt;!--&#10;Event snippet for CR Homepage on https://www.creditrepair.com/: Please do not remove.&#10;Place this snippet on pages with events you&apos;re tracking. &#10;Creation date: 08/31/2018&#10;--&gt;&#10;&lt;script&gt;&#10;  gtag(&apos;event&apos;, &apos;conversion&apos;, {&#10;    &apos;allow_custom_scripts&apos;: true,&#10;    &apos;u1&apos;: &apos;[Logged In User (Y\/N)]&apos;,&#10;    &apos;send_to&apos;: &apos;DC-8836660/brows0/crhom0+standard&apos;&#10;  });&#10;&lt;/script&gt;&#10;&lt;noscript&gt;&lt;/noscript&gt;&#10;&lt;!-- End of event snippet: Please do not remove --&gt;&lt;!--SteelHouse Tracking Pixel--&gt;&#10;&lt;!-- INSTALL ON ALL PAGES OF SITE--&gt;&#10;&lt;script type=&quot;text/javascript&quot; src=&quot;https://dx.steelhousemedia.com/spx?dxver=4.0.0&amp;amp;shaid=31233&amp;amp;tdr=&amp;amp;plh=https%3A%2F%2Fwww.creditrepair.com%2F&amp;amp;cb=37493529915344380term=value&quot;&gt;&lt;/script&gt;&lt;script type=&quot;text/javascript&quot;&gt;&#10;    (function(){&quot;use strict&quot;;var e=null,b=&quot;4.0.0&quot;,&#10;    n=&quot;31233&quot;,&#10;    additional=&quot;term=value&quot;,&#10;    t,r,i;try{t=top.document.referer!==&quot;&quot;?encodeURIComponent(top.document.referrer.substring(0,2048)):&quot;&quot;}catch(o){t=document.referrer!==null?document.referrer.toString().substring(0,2048):&quot;&quot;}try{r=window&amp;&amp;window.top&amp;&amp;document.location&amp;&amp;window.top.location===document.location?document.location:window&amp;&amp;window.top&amp;&amp;window.top.location&amp;&amp;&quot;&quot;!==window.top.location?window.top.location:document.location}catch(u){r=document.location}try{i=parent.location.href!==&quot;&quot;?encodeURIComponent(parent.location.href.toString().substring(0,2048)):&quot;&quot;}catch(a){try{i=r!==null?encodeURIComponent(r.toString().substring(0,2048)):&quot;&quot;}catch(f){i=&quot;&quot;}}var l,c=document.createElement(&quot;script&quot;),h=null,p=document.getElementsByTagName(&quot;script&quot;),d=Number(p.length)-1,v=document.getElementsByTagName(&quot;script&quot;)[d];if(typeof l===&quot;undefined&quot;){l=Math.floor(Math.random()*1e17)}h=&quot;dx.steelhousemedia.com/spx?&quot;+&quot;dxver=&quot;+b+&quot;&amp;shaid=&quot;+n+&quot;&amp;tdr=&quot;+t+&quot;&amp;plh=&quot;+i+&quot;&amp;cb=&quot;+l+additional;c.type=&quot;text/javascript&quot;;c.src=(&quot;https:&quot;===document.location.protocol?&quot;https://&quot;:&quot;http://&quot;)+h;v.parentNode.insertBefore(c,v)})()&#10;&lt;/script&gt;&lt;!-- Global site tag (gtag.js) - Google Ads: 1008998289 --&gt; &#10;&lt;script async=&quot;&quot; src=&quot;https://www.googletagmanager.com/gtag/js?id=AW-1008998289&quot;&gt;&lt;/script&gt; &#10;&lt;script&gt; &#10;  window.dataLayer = window.dataLayer || []; &#10;  function gtag(){dataLayer.push(arguments);} gtag(&apos;js&apos;, new Date()); &#10;  gtag(&apos;config&apos;, &apos;AW-1008998289&apos;); &#10;&lt;/script&gt;&lt;iframe height=&quot;0&quot; width=&quot;0&quot; style=&quot;display: none; visibility: hidden;&quot; src=&quot;https://8836660.fls.doubleclick.net/activityi;src=8836660;type=brows0;cat=cruni0;ord=1;num=6026925827561;gtm=2od9u1;auiddc=887487244.1602548672;u1=%5BLogged%20In%20User%20(Y%2FN)%5D;u2=https%3A%2F%2Fwww.creditrepair.com%2F;~oref=https%3A%2F%2Fwww.creditrepair.com%2F?&quot;&gt;&lt;/iframe&gt;&lt;iframe height=&quot;0&quot; width=&quot;0&quot; style=&quot;display: none; visibility: hidden;&quot; src=&quot;https://8836660.fls.doubleclick.net/activityi;src=8836660;type=brows0;cat=crhom0;ord=3062736350927;gtm=2od9u1;auiddc=887487244.1602548672;u1=%5BLogged%20In%20User%20(Y%2FN)%5D;~oref=https%3A%2F%2Fwww.creditrepair.com%2F?&quot;&gt;&lt;/iframe&gt;&lt;script type=&quot;text/javascript&quot; src=&quot;//static.criteo.net/js/ld/ld.js&quot; async=&quot;true&quot;&gt;&lt;/script&gt;&#10;&lt;script type=&quot;text/javascript&quot;&gt;&#10;window.criteo_q = window.criteo_q || [];&#10;var deviceType= /iPad/.test(navigator.userAgent)?&quot;t&quot;:/Mobile|iP(hone|od)|Android|BlackBerry|IEMobile|Silk/.test(navigator.userAgent)?&quot;m&quot;:&quot;d&quot;;&#10;window.criteo_q.push(&#10;{ event: &quot;setAccount&quot;, account: 35738},&#10;{ event: &quot;setSiteType&quot;, type: deviceType},&#10;{ event: &quot;viewHome&quot;});&#10;&lt;/script&gt;&lt;script&gt;_satellite[&quot;__runScript5&quot;](function(event, target) {&#10;(function(h,o,t,j,a,r){&#10;    h.hj=h.hj||function(){(h.hj.q=h.hj.q||[]).push(arguments)};&#10;    h._hjSettings={hjid:1051427,hjsv:6};&#10;    a=o.getElementsByTagName(&apos;head&apos;)[0];&#10;    r=o.createElement(&apos;script&apos;);r.async=1;&#10;    r.src=t+h._hjSettings.hjid+j+h._hjSettings.hjsv;&#10;    a.appendChild(r);&#10;})(window,document,&apos;https://static.hotjar.com/c/hotjar-&apos;,&apos;.js?sv=&apos;);&#10;});&lt;/script&gt;&lt;script&gt;_satellite[&quot;__runScript6&quot;](function(event, target) {&#10;function getParameterByName(name, url) {&#10;    if (!url) url = decodeURIComponent(window.location.href);&#10;    name = name.replace(/[\[\]]/g, &apos;\\$&amp;&apos;);&#10;    var regex = new RegExp(&apos;[?&amp;]&apos; + name + &apos;(=([^&amp;#]*)|&amp;|#|$)&apos;),&#10;        results = regex.exec(url);&#10;    if (!results) return null;&#10;    if (!results[2]) return &apos;&apos;;&#10;    return decodeURIComponent(results[2].replace(/\+/g, &apos; &apos;));&#10;}&#10;&#10;var sh_tid = getParameterByName(&apos;tid&apos;);&#10;&#10;_satellite.cookie.set(&quot;sh_tid&quot;, sh_tid, 30);&#10;});&lt;/script&gt;&lt;script&gt;_satellite[&quot;__runScript7&quot;](function(event, target) {&#10;function whenAvailableInvoca(n){null===TrackingService.number?setTimeout(function(){whenAvailableInvoca(n)},500):n()}function invocaCall(){!function(n,t,a,e){n.InvocaTagId=e;var o=t.createElement(&quot;script&quot;);o.type=&quot;text/javascript&quot;,o.async=!1,o.src=(&quot;https:&quot;===t.location.protocol?&quot;https://&quot;:&quot;http://&quot;)+a;var c=t.getElementsByTagName(&quot;script&quot;)[0];c.parentNode.insertBefore(o,c)}(window,document,&quot;solutions.invocacdn.com/js/pnapi_integration-latest.min.js&quot;,&quot;929/2814517279&quot;)}whenAvailableInvoca(invocaCall);&#10;});&lt;/script&gt;&lt;div id=&quot;criteo-tags-div&quot; style=&quot;display: none;&quot;&gt;&lt;iframe src=&quot;https://gum.criteo.com/syncframe?topUrl=www.creditrepair.com#{&amp;quot;bundle&amp;quot;:{&amp;quot;origin&amp;quot;:0,&amp;quot;value&amp;quot;:null},&amp;quot;cw&amp;quot;:true,&amp;quot;lwid&amp;quot;:{&amp;quot;origin&amp;quot;:0,&amp;quot;value&amp;quot;:null},&amp;quot;optout&amp;quot;:{&amp;quot;origin&amp;quot;:0,&amp;quot;value&amp;quot;:null},&amp;quot;origin&amp;quot;:&amp;quot;onetag&amp;quot;,&amp;quot;pm&amp;quot;:0,&amp;quot;sid&amp;quot;:{&amp;quot;origin&amp;quot;:0,&amp;quot;value&amp;quot;:null},&amp;quot;tld&amp;quot;:&amp;quot;creditrepair.com&amp;quot;,&amp;quot;topUrl&amp;quot;:&amp;quot;www.creditrepair.com&amp;quot;,&amp;quot;uid&amp;quot;:null,&amp;quot;version&amp;quot;:&amp;quot;5_6_2&amp;quot;}&quot; id=&quot;criteo-syncframe&quot; width=&quot;0&quot; height=&quot;0&quot; frameborder=&quot;0&quot; style=&quot;border-width:0px; margin:0px; display:none&quot; title=&quot;Criteo GUM iframe&quot;&gt;&lt;/iframe&gt;&lt;/div&gt;&lt;div style=&quot;position:absolute; height:0; text-indent:100%; white-space:nowrap; overflow:hidden;&quot;&gt;&lt;script&gt;(function(w,d,t,r,u){var f,n,i;w[u]=w[u]||[],f=function(){var o={ti:&quot;4049571&quot;};o.q=w[u],w[u]=new UET(o),w[u].push(&quot;pageLoad&quot;)},n=d.createElement(t),n.src=r,n.async=1,n.onload=n.onreadystatechange=function(){var s=this.readyState;s&amp;&amp;s!==&quot;loaded&quot;&amp;&amp;s!==&quot;complete&quot;||(f(),n.onload=n.onreadystatechange=null)},i=d.getElementsByTagName(t)[0],i.parentNode.insertBefore(n,i)})(window,document,&quot;script&quot;,&quot;//bat.bing.com/bat.js&quot;,&quot;uetq&quot;);&lt;/script&gt;&lt;noscript&gt;&lt;img src=&quot;//bat.bing.com/action/0?ti=4049571&amp;Ver=2&quot; height=&quot;0&quot; width=&quot;0&quot; style=&quot;display:none; visibility: hidden;&quot; /&gt;&lt;/noscript&gt;&lt;script type=&quot;text/javascript&quot; src=&quot;https://px.steelhousemedia.com/st?fdx=1&amp;amp;ga_tracking_id=UA-30748937-1&amp;amp;ga_client_id=1836765116.1602548672&amp;amp;shpt=Credit%20Repair%20Services%20-%20CreditRepair.com&amp;amp;ga_info=%7B%22status%22%3A%22OK%22%2C%22ga_tracking_id%22%3A%22UA-30748937-1%22%2C%22ga_client_id%22%3A%221836765116.1602548672%22%2C%22shpt%22%3A%22Credit%20Repair%20Services%20-%20CreditRepair.com%22%2C%22execution_workflow%22%3A%7B%22iteration%22%3A1%2C%22getTrackingIdByGA%22%3A%22FAILED%22%2C%22getTrackingIdByOther1%22%3A%22FAILED%22%2C%22getTrackingIdByOther2%22%3A%22OK%22%2C%22getClientIdByTracker%22%3A%22FAILED%22%2C%22getClientIdByGA%22%3A%22OK%22%2C%22shpt%22%3A%22OK%22%7D%7D&amp;amp;shaid=31233&amp;amp;plh=https%3A%2F%2Fwww.creditrepair.com%2F&amp;amp;dxver=4.0.0&amp;amp;cb=37493529915344380term%3Dvalue&amp;amp;shadditional=criteo%3Dtrue%2Cgoogletagmanager%3Dtrue%2C&quot;&gt;&lt;/script&gt;&lt;script type=&quot;text/javascript&quot; src=&quot;https://ww.steelhousemedia.com/gs&quot;&gt;&lt;/script&gt;&lt;img width=&quot;1&quot; height=&quot;1&quot; alt=&quot;&quot; border=&quot;0&quot; src=&quot;https://match.adsrvr.org/track/cmf/generic?ttd_pid=steelhouse&amp;amp;ttd_tpi=1&amp;amp;ttd_puid=779c622e-0cea-11eb-8818-71b64d48f6c5&amp;amp;gdpr=&amp;amp;gdpr_consent=&quot; style=&quot;display: none;&quot;&gt;&lt;script type=&quot;text/javascript&quot; src=&quot;https://px.steelhousemedia.com/st?fdx=1&amp;amp;ga_tracking_id=UA-30748937-1&amp;amp;ga_client_id=1836765116.1602548672&amp;amp;shpt=Credit%20Repair%20Services%20-%20CreditRepair.com&amp;amp;ga_info=%7B%22status%22%3A%22OK%22%2C%22ga_tracking_id%22%3A%22UA-30748937-1%22%2C%22ga_client_id%22%3A%221836765116.1602548672%22%2C%22shpt%22%3A%22Credit%20Repair%20Services%20-%20CreditRepair.com%22%2C%22execution_workflow%22%3A%7B%22iteration%22%3A1%2C%22getTrackingIdByGA%22%3A%22FAILED%22%2C%22getTrackingIdByOther1%22%3A%22FAILED%22%2C%22getTrackingIdByOther2%22%3A%22OK%22%2C%22getClientIdByTracker%22%3A%22FAILED%22%2C%22getClientIdByGA%22%3A%22OK%22%2C%22shpt%22%3A%22OK%22%7D%7D&amp;amp;shaid=31233&amp;amp;plh=https%3A%2F%2Fwww.creditrepair.com%2F&amp;amp;dxver=4.0.0&amp;amp;shadditional=criteo%3Dtrue%2Cgoogletagmanager%3Dtrue%2C&amp;amp;cb=1602548673355848&amp;amp;shguid=11cea1aa-854f-3f16-b8f0-e4675fb0fdb2&amp;amp;shgts=1602548673635&quot;&gt;&lt;/script&gt;&lt;script type=&quot;text/javascript&quot; src=&quot;//tags.mediaforge.com/js/2041&quot;&gt;&lt;/script&gt;&lt;/div&gt;&lt;div style=&quot;width:0px; height:0px; display:none; visibility:hidden;&quot; id=&quot;batBeacon93273986253&quot;&gt;&lt;img style=&quot;width:0px; height:0px; display:none; visibility:hidden;&quot; id=&quot;batBeacon166659121059&quot; width=&quot;0&quot; height=&quot;0&quot; alt=&quot;&quot; src=&quot;https://bat.bing.com/action/0?ti=4049571&amp;amp;Ver=2&amp;amp;mid=aabbe643-77f2-4dd3-9d06-6c6cc5803dc0&amp;amp;sid=7728bdb00cea11ebbc8bd346a84cb2a2&amp;amp;vid=772a3fe00cea11eb9b6d0f9a4b087c1c&amp;amp;vids=1&amp;amp;pi=0&amp;amp;lg=en-US&amp;amp;sw=1680&amp;amp;sh=1050&amp;amp;sc=30&amp;amp;tl=Credit%20Repair%20Services%20-%20CreditRepair.com&amp;amp;p=https%3A%2F%2Fwww.creditrepair.com%2F&amp;amp;r=&amp;amp;lt=1020&amp;amp;evt=pageLoad&amp;amp;msclkid=N&amp;amp;sv=1&amp;amp;rn=182230&quot;&gt;&lt;/div&gt;&lt;script src=&quot;//cdn.datasteam.io/js/D21358FA495116.js&quot; async=&quot;&quot; defer=&quot;&quot;&gt;&lt;/script&gt;&lt;script src=&quot;https://js.adsrvr.org/up_loader.1.1.0.js&quot; type=&quot;text/javascript&quot;&gt;&lt;/script&gt;&#10;  &lt;script type=&quot;text/javascript&quot;&gt;&#10;      ttd_dom_ready( function() {&#10;          if (typeof TTDUniversalPixelApi === &apos;function&apos;) {&#10;              var universalPixelApi = new TTDUniversalPixelApi();&#10;              universalPixelApi.init(&quot;xs4l9lp&quot;, [&quot;tb8onrz&quot;], &quot;https://insight.adsrvr.org/track/up&quot;);&#10;          }&#10;      });&#10;  &lt;/script&gt;&lt;!-- Twitter universal website tag code --&gt;&#10;&lt;script&gt;&#10;!function(e,t,n,s,u,a){e.twq||(s=e.twq=function(){s.exe?s.exe.apply(s,arguments):s.queue.push(arguments);&#10;},s.version=&apos;1.1&apos;,s.queue=[],u=t.createElement(n),u.async=!0,u.src=&apos;//static.ads-twitter.com/uwt.js&apos;,&#10;a=t.getElementsByTagName(n)[0],a.parentNode.insertBefore(u,a))}(window,document,&apos;script&apos;);&#10;  &#10;// Insert Twitter Pixel ID and Standard Event data below&#10;twq(&apos;init&apos;,&apos;nw5s1&apos;);&#10;twq(&apos;track&apos;,&apos;PageView&apos;);&#10;&#10;twq(&apos;init&apos;,&apos;nw5s0&apos;);&#10;twq(&apos;track&apos;,&apos;PageView&apos;);&#10;&lt;/script&gt;&#10;&lt;!-- End Twitter universal website tag code --&gt;&lt;!-- Matomo --&gt;&#10;&lt;script type=&quot;text/javascript&quot;&gt;&#10;  var _paq = window._paq || [];&#10;  _paq.push([&quot;setCookieDomain&quot;, &quot;*.www.creditrepair.com&quot;]);&#10;  _paq.push([&apos;enableLinkTracking&apos;]);&#10;  _paq.push([&apos;trackPageView&apos;]);&#10;  &#10;  (function() {&#10;    var u=&quot;//analytics.xscreenattribution.com/&quot;;&#10;    console.log(&apos;fired from all pages rule&apos;)&#10;    _paq.push([&apos;setTrackerUrl&apos;, u+&apos;matomo.php&apos;]);&#10;    _paq.push([&apos;setSiteId&apos;, &apos;10&apos;]);&#10;    var d=document, g=d.createElement(&apos;script&apos;), s=d.getElementsByTagName(&apos;script&apos;)[0];&#10;    g.type=&apos;text/javascript&apos;; g.async=true; g.defer=true; g.src=u+&apos;matomo.js&apos;; s.parentNode.insertBefore(g,s);&#10;  })();&#10;&lt;/script&gt;&#10;&lt;!-- End Matomo Code --&gt;&lt;!-- Facebook Pixel Code --&gt;&#10;&lt;script&gt;&#10;  !function(f,b,e,v,n,t,s){if(f.fbq)return;n=f.fbq=function(){n.callMethod?&#10;  n.callMethod.apply(n,arguments):n.queue.push(arguments)};if(!f._fbq)f._fbq=n;&#10;  n.push=n;n.loaded=!0;n.version=&apos;2.0&apos;;n.queue=[];t=b.createElement(e);t.async=!0;&#10;  t.src=v;s=b.getElementsByTagName(e)[0];s.parentNode.insertBefore(t,s)}(window,&#10;  document,&apos;script&apos;,&apos;https://connect.facebook.net/en_US/fbevents.js&apos;);&#10;&#10;  // Geist&#10;  fbq(&apos;init&apos;, &apos;1623371841313368&apos;);&#10;  fbq(&apos;track&apos;, &quot;PageView&quot;);&#10;&#10;  // Facebook Pixel New&#10;  fbq(&apos;init&apos;, &apos;1817185775266351&apos;); &#10;  fbq(&apos;track&apos;, &apos;PageView&apos;);&#10;  fbq(&apos;track&apos;, &apos;ViewContent&apos;);&#10;&#10;  // Chamber Media&#10;  fbq(&apos;init&apos;, &apos;330015437855242&apos;);&#10;  fbq(&apos;track&apos;, &apos;PageView&apos;);&#10;&lt;/script&gt;&#10;&#10;&lt;noscript&gt;&lt;/noscript&gt;&#10;&lt;!-- End Facebook Pixel Code --&gt;&lt;img src=&quot;https://pt.ispot.tv/v2/TC-3528-1.gif?app=web&amp;amp;type=visit&quot; style=&quot;border:0; display:none;&quot; alt=&quot;&quot;&gt;&lt;!-- &lt;script type=&quot;application/javascript&quot;&gt;(function(w,d,t,r,u){w[u]=w[u]||[];w[u].push({&apos;projectId&apos;:&apos;10000&apos;,&apos;properties&apos;:{&apos;pixelId&apos;:&apos;10041515&apos;}});var s=d.createElement(t);s.src=r;s.async=true;s.onload=s.onreadystatechange=function(){var y,rs=this.readyState,c=w[u];if(rs&amp;&amp;rs!=&quot;complete&quot;&amp;&amp;rs!=&quot;loaded&quot;){return}try{y=YAHOO.ywa.I13N.fireBeacon;w[u]=[];w[u].push=function(p){y([p])};y(c)}catch(e){}};var scr=d.getElementsByTagName(t)[0],par=scr.parentNode;par.insertBefore(s,scr)})(window,document,&quot;script&quot;,&quot;https://s.yimg.com/wi/ytc.js&quot;,&quot;dotq&quot;);&lt;/script&gt; --&gt;&lt;img src=&quot;//i.geistm.com/x/CR-Landing&quot; style=&quot;display:none&quot;&gt;&#10;&#10;&lt;img src=&quot;//i.geistm.com/x/CR&quot; style=&quot;display:none&quot;&gt;&lt;script&gt;_satellite[&quot;__runScript8&quot;](function(event, target) {&#10;window._svq=window._svq||[],window._svq.push([&quot;_setAccount&quot;,&quot;3260_04034&quot;]),window._svq.push([&quot;_trackPageView&quot;]),function(e,t){var s=e.createElement(t);s.type=&quot;text/javascript&quot;,s.src=&quot;//track.securedvisit.com/js/sv.js&quot;;var c=e.getElementsByTagName(t)[0];c.parentNode.insertBefore(s,c)}(document,&quot;script&quot;);&#10;});&lt;/script&gt;&lt;script&gt;&#10;var _prum = [[&apos;id&apos;, &apos;5a5e6e79957ca9425d7b23c6&apos;],&#10;             [&apos;mark&apos;, &apos;firstbyte&apos;, (new Date()).getTime()]];&#10;(function() {&#10;    var s = document.getElementsByTagName(&apos;script&apos;)[0]&#10;      , p = document.createElement(&apos;script&apos;);&#10;    p.async = &apos;async&apos;;&#10;    p.src = &apos;//rum-static.pingdom.net/prum.min.js&apos;;&#10;    s.parentNode.insertBefore(p, s);&#10;})();&#10;&lt;/script&gt;&lt;!-- Yahoo CR Page View --&gt;&#10;&lt;script type=&quot;application/javascript&quot;&gt;(function (w, d, t, r, u) { w[u] = w[u] || []; w[u].push({ &apos;projectId&apos;: &apos;10000&apos;, &apos;properties&apos;: { &apos;pixelId&apos;: &apos;10000585&apos; } }); var s = d.createElement(t); s.src = r; s.async = true; s.onload = s.onreadystatechange = function () { var y, rs = this.readyState, c = w[u]; if (rs &amp;&amp; rs != &quot;complete&quot; &amp;&amp; rs != &quot;loaded&quot;) { return } try { y = YAHOO.ywa.I13N.fireBeacon; w[u] = []; w[u].push = function (p) { y([p]) }; y(c) } catch (e) { } }; var scr = d.getElementsByTagName(t)[0], par = scr.parentNode; par.insertBefore(s, scr) })(window, document, &quot;script&quot;, &quot;https://s.yimg.com/wi/ytc.js&quot;, &quot;dotq&quot;);&lt;/script&gt;&lt;!-- Reddit Pageview CR --&gt;&#10;&lt;script&gt;&#10;    !function (w, d) { if (!w.rdt) { var p = w.rdt = function () { p.sendEvent ? p.sendEvent.apply(p, arguments) : p.callQueue.push(arguments) }; p.callQueue = []; var t = d.createElement(&quot;script&quot;); t.src = &quot;https://www.redditstatic.com/ads/pixel.js&quot;, t.async = !0; var s = d.getElementsByTagName(&quot;script&quot;)[0]; s.parentNode.insertBefore(t, s) } }(window, document); rdt(&apos;init&apos;, &apos;t2_565yc9q8&apos;); rdt(&apos;track&apos;, &apos;PageVisit&apos;);&#10;&lt;/script&gt;&lt;!-- Quora Both Brands Pageview --&gt;&#10;&lt;script&gt;&#10;    !function (q, e, v, n, t, s) { if (q.qp) return; n = q.qp = function () { n.qp ? n.qp.apply(n, arguments) : n.queue.push(arguments); }; n.queue = []; t = document.createElement(e); t.async = !0; t.src = v; s = document.getElementsByTagName(e)[0]; s.parentNode.insertBefore(t, s); }(window, &apos;script&apos;, &apos;https://a.quora.com/qevents.js&apos;);&#10;    qp(&apos;init&apos;, &apos;b1dd746139444f4783f4ac3e7264cb31&apos;);&#10;    qp(&apos;track&apos;, &apos;ViewContent&apos;);&#10;&lt;/script&gt;&#10;&lt;noscript&gt;&lt;/noscript&gt;&lt;!-- Outbrain Both Brands Pageview --&gt;&#10;&lt;script data-obct=&quot;&quot; type=&quot;text/javascript&quot;&gt;&#10;    !function (_window, _document) {&#10;        var OB_ADV_ID = &apos;00e38c17d352f5c974955f8fa3d217cb47&apos;;&#10;        if (_window.obApi) { var toArray = function (object) { return Object.prototype.toString.call(object) === &apos;[object Array]&apos; ? object : [object]; }; _window.obApi.marketerId = toArray(_window.obApi.marketerId).concat(toArray(OB_ADV_ID)); return; }&#10;        var api = _window.obApi = function () { api.dispatch ? api.dispatch.apply(api, arguments) : api.queue.push(arguments); }; api.version = &apos;1.1&apos;; api.loaded = true; api.marketerId = OB_ADV_ID; api.queue = []; var tag = _document.createElement(&apos;script&apos;); tag.async = true; tag.src = &apos;//amplify.outbrain.com/cp/obtp.js&apos;; tag.type = &apos;text/javascript&apos;; var script = _document.getElementsByTagName(&apos;script&apos;)[0]; script.parentNode.insertBefore(tag, script);&#10;    }(window, document);&#10;    obApi(&apos;track&apos;, &apos;PAGE_VIEW&apos;);&#10;&lt;/script&gt;&lt;!-- Conversion Pixel for [content]- DO NOT MODIFY --&gt;&#10;&lt;img src=&quot;https://data.adxcel-ec2.com/pixel/?ad_log=referer&amp;amp;action=content&amp;amp;pixid=d596ac49-a460-4fff-bfcd-7f0457317d28&quot; width=&quot;1&quot; height=&quot;1&quot; border=&quot;0&quot; style=&quot;display:none;&quot;&gt;&#10;&lt;!-- End of Conversion Pixel --&gt;&lt;script type=&quot;text/javascript&quot;&gt;&#10;  new Image().src=&quot;https://cn.rtclx.com/conv/?v=NGQ0Y2FiZDQ0ZTUzZDRmNjc5MzY5ODY2YTJmZGE1OTU6NDE0MTY%3D&amp;p=5394&amp;r=&quot;;&#10;&lt;/script&gt;&lt;script src=&quot;https://up.pixel.ad/assets/up.js?um=1&quot;&gt;&lt;/script&gt;&lt;script async=&quot;&quot; src=&quot;//aa.agkn.com/adscores/g.jsonp?sid=9202274878&amp;amp;userid=495116-A0DA3245-5422-4DA2-9286-448C38811788&quot;&gt;&lt;/script&gt;&lt;img src=&quot;https://p.alcmpn.com/idr/ven/1012/idr.gif?fpid=495116-A0DA3245-5422-4DA2-9286-448C38811788&quot; style=&quot;display: none;&quot;&gt;&lt;iframe src=&quot;javascript:false&quot; style=&quot;width: 0px; height: 0px; border: 0px; display: none !important;&quot;&gt;&lt;/iframe&gt;&#10;&lt;script type=&quot;text/javascript&quot;&gt;&#10;	cntrUpTag.track(&apos;cntrData&apos;, &apos;dcc769547ef5f38e&apos;);&#10;&lt;/script&gt;&#10;&lt;!-- Taboola Pixel Code --&gt;&#10;&lt;script type=&quot;text/javascript&quot;&gt;&#10;window._tfa = window._tfa || [];&#10;window._tfa.push({notify: &apos;event&apos;, name: &apos;page_view&apos;, id: 1028207});&#10;!function (t, f, a, x) {&#10;if (!document.getElementById(x)) {&#10;t.async = 1;t.src = a;t.id=x;f.parentNode.insertBefore(t, f);&#10;}&#10;}(document.createElement(&apos;script&apos;),&#10;document.getElementsByTagName(&apos;script&apos;)[0],&#10;&apos;//cdn.taboola.com/libtrc/unip/1028207/tfa.js&apos;,&#10;&apos;tb_tfa_script&apos;);&#10;&lt;/script&gt;&#10;&lt;noscript&gt;&lt;/noscript&gt;&#10;&lt;!-- End of Taboola Pixel Code --&gt;&#10;&lt;script type=&quot;application/javascript&quot; id=&quot;ywa-1602548676972-892736&quot; class=&quot;ywa-10000&quot; defer=&quot;&quot; src=&quot;https://sp.analytics.yahoo.com/sp.pl?a=10000&amp;amp;d=Tue%2C%2013%20Oct%202020%2000%3A24%3A36%20GMT&amp;amp;n=6d&amp;amp;b=Credit%20Repair%20Services%20-%20CreditRepair.com&amp;amp;.yp=10000585&amp;amp;f=https%3A%2F%2Fwww.creditrepair.com%2F&amp;amp;enc=UTF-8&amp;amp;tagmgr=gtm%2Cadobe&quot;&gt;&lt;/script&gt;&lt;iframe src=&quot;https://bid.g.doubleclick.net/xbbe/pixel?d=KAE&quot; style=&quot;display: none;&quot;&gt;&lt;/iframe&gt;&lt;iframe src=&quot;https://bid.g.doubleclick.net/xbbe/pixel?d=KAE&quot; style=&quot;display: none;&quot;&gt;&lt;/iframe&gt;&lt;iframe height=&quot;0&quot; width=&quot;0&quot; title=&quot;Criteo DIS iframe&quot; style=&quot;display: none;&quot;&gt;&lt;/iframe&gt;&lt;script src=&quot;https://analytics.twitter.com/i/adsct?type=javascript&amp;amp;version=1.1.0&amp;amp;p_id=Twitter&amp;amp;p_user_id=0&amp;amp;txn_id=nw5s1&amp;amp;events=%5B%5B%22pageview%22%2Cnull%5D%5D&amp;amp;tw_sale_amount=0&amp;amp;tw_order_quantity=0&amp;amp;tw_iframe_status=0&amp;amp;tpx_cb=twttr.conversion.loadPixels&amp;amp;tw_document_href=https%3A%2F%2Fwww.creditrepair.com%2F&quot; type=&quot;text/javascript&quot;&gt;&lt;/script&gt;&lt;script src=&quot;https://analytics.twitter.com/i/adsct?type=javascript&amp;amp;version=1.1.0&amp;amp;p_id=Twitter&amp;amp;p_user_id=0&amp;amp;txn_id=nw5s0&amp;amp;events=%5B%5B%22pageview%22%2Cnull%5D%5D&amp;amp;tw_sale_amount=0&amp;amp;tw_order_quantity=0&amp;amp;tw_iframe_status=0&amp;amp;tpx_cb=twttr.conversion.loadPixels&amp;amp;tw_document_href=https%3A%2F%2Fwww.creditrepair.com%2F&quot; type=&quot;text/javascript&quot;&gt;&lt;/script&gt;&lt;iframe id=&quot;universal_pixel_tb8onrz&quot; height=&quot;0&quot; width=&quot;0&quot; style=&quot;display:none;&quot; src=&quot;https://insight.adsrvr.org/track/up?adv=xs4l9lp&amp;amp;ref=https%3A%2F%2Fwww.creditrepair.com%2F&amp;amp;upid=tb8onrz&amp;amp;upv=1.1.0&quot; title=&quot;TTD Universal Pixel&quot;&gt;&lt;/iframe&gt;&lt;script&gt;_satellite[&quot;__runScript9&quot;](function(event, target) {&#10;ADRUM.markVirtualPageBegin(&quot;sign-up-start&quot;,!1);&#10;});&lt;/script&gt;&lt;/body&gt;&lt;/html&gt;] but found [bs]"/>
    <system-err><![CDATA[Starting ChromeDriver 85.0.4183.87 (cd6713ebf92fa1cacc0f1a598df280093af0c5d7-refs/branch-heads/4183@{#1689}) [o1n6 0p2o5r4t8 626099.7781
2O]n[WlAyRNING ]l:o cFarlo mcSooncnkeAcdtdiro nfsa ialered  aolnl onweetdm.a
sPkl
ease see https://chromedriver.chromium.org/security-considerations for suggestions on keeping ChromeDriver safe.
ChromeDriver was started successfully.
[1602548670.165][WARNING]: This version of ChromeDriver has not been tested with Chrome version 86.
Oct 12, 2020 6:24:30 PM org.openqa.selenium.remote.ProtocolHandshake createSession
INFO: Detected dialect: W3C
]]></system-err>
  </testcase>
  <testcase name="canSubmitForm" classname="lex.tests.homepage.CRHomepageTests" time="0">
    <skipped message="expected [&lt;html style=&quot;&quot; class=&quot;js backgroundsize cssgradients csstransforms csstransforms3d csstransitions cssremunit wf-sourcesanspro-n4-active wf-sourcesanspro-n7-active wf-sourcesanspro-i7-active wf-sourcesanspro-i4-active wf-sourcesanspro-n3-active wf-worksans-n3-active wf-worksans-n4-active wf-worksans-n7-active wf-active&quot;&gt;&lt;head class=&quot;at-element-marker&quot;&gt;&#10;&#10;&#10;&lt;meta http-equiv=&quot;content-type&quot; content=&quot;text/html; charset=UTF-8&quot;&gt;&#10;&lt;meta http-equiv=&quot;X-UA-Compatible&quot; content=&quot;IE=edge,chrome=1&quot;&gt;&#10;&#10;&#10;&#10;&#10;  &lt;meta name=&quot;description&quot; content=&quot;Our credit repair services help to fix your credit report. We have helped people take control of their financial lives from across the country. Our track record speaks for itself. Call CreditRepair.com for a free consultation today.&quot;&gt;&#10;&#10;&#10;&lt;meta name=&quot;viewport&quot; content=&quot;width=device-width,initial-scale=1,maximum-scale=1&quot;&gt;&#10;&#10;&#10;  &lt;meta name=&quot;google-site-verification&quot; content=&quot;-heGoALby8LFUkNJ1ONh5MqtujnysbIjlxkRwjlsFcE&quot;&gt;&#10;&#10;&#10;&#10;  &lt;meta name=&quot;robots&quot; content=&quot;index,follow&quot;&gt;&#10;&#10;&#10;&#10;  &lt;meta name=&quot;theme-color&quot; content=&quot;#007CB9&quot;&gt;&#10;&#10;&#10;&#10;&lt;script src=&quot;https://www.redditstatic.com/ads/pixel.js&quot; async=&quot;&quot;&gt;&lt;/script&gt;&lt;script async=&quot;&quot; src=&quot;https://a.quora.com/qevents.js&quot;&gt;&lt;/script&gt;&lt;script async=&quot;&quot; src=&quot;//cdn.powerinboxedge.com/framework/pi-notify.js&quot;&gt;&lt;/script&gt;&lt;script async=&quot;&quot; src=&quot;https://connect.facebook.net/en_US/fbevents.js&quot;&gt;&lt;/script&gt;&lt;script type=&quot;text/javascript&quot; src=&quot;https://solutions.invocacdn.com/js/pnapi_integration-latest.min.js&quot;&gt;&lt;/script&gt;&lt;script src=&quot;//bat.bing.com/bat.js&quot; async=&quot;&quot;&gt;&lt;/script&gt;&lt;script async=&quot;true&quot; type=&quot;text/javascript&quot; src=&quot;https://sslwidget.criteo.com/event?a=35738&amp;amp;v=5.6.2&amp;amp;p0=e%3Dexd%26site_type%3Dd&amp;amp;p1=e%3Dvh&amp;amp;p2=e%3Ddis&amp;amp;adce=1&amp;amp;tld=creditrepair.com&amp;amp;dtycbr=45078&quot; data-owner=&quot;criteo-tag&quot;&gt;&lt;/script&gt;&lt;script type=&quot;text/javascript&quot; async=&quot;&quot; src=&quot;https://www.google-analytics.com/analytics.js&quot;&gt;&lt;/script&gt;&lt;script type=&quot;text/javascript&quot; async=&quot;&quot; src=&quot;https://www.googleadservices.com/pagead/conversion_async.js&quot;&gt;&lt;/script&gt;&lt;script type=&quot;text/javascript&quot; async=&quot;&quot; src=&quot;https://www.googleadservices.com/pagead/conversion_async.js&quot;&gt;&lt;/script&gt;&lt;script type=&quot;text/javascript&quot; async=&quot;&quot; src=&quot;https://www.googleadservices.com/pagead/conversion_async.js&quot;&gt;&lt;/script&gt;&lt;script type=&quot;text/javascript&quot; async=&quot;&quot; src=&quot;https://www.googleadservices.com/pagead/conversion_async.js&quot;&gt;&lt;/script&gt;&lt;script type=&quot;text/javascript&quot; async=&quot;&quot; src=&quot;https://www.googletagmanager.com/gtag/js?id=UA-30748937-1&amp;amp;l=dataLayer&amp;amp;cx=c&quot;&gt;&lt;/script&gt;&lt;script type=&quot;text/javascript&quot; async=&quot;&quot; src=&quot;https://www.googletagmanager.com/gtag/js?id=DC-8836660&amp;amp;l=dataLayer&amp;amp;cx=c&quot;&gt;&lt;/script&gt;&lt;script type=&quot;text/javascript&quot; async=&quot;&quot; src=&quot;https://www.googletagmanager.com/gtag/js?id=AW-989023685&amp;amp;l=dataLayer&amp;amp;cx=c&quot;&gt;&lt;/script&gt;&lt;script type=&quot;text/javascript&quot; async=&quot;&quot; src=&quot;https://www.googletagmanager.com/gtag/js?id=AW-1070835421&amp;amp;l=dataLayer&amp;amp;cx=c&quot;&gt;&lt;/script&gt;&lt;script type=&quot;text/javascript&quot; async=&quot;&quot; src=&quot;https://www.googletagmanager.com/gtag/js?id=AW-939232542&amp;amp;l=dataLayer&amp;amp;cx=c&quot;&gt;&lt;/script&gt;&lt;script type=&quot;text/javascript&quot; async=&quot;&quot; src=&quot;https://www.googletagmanager.com/gtag/js?id=AW-1053751751&amp;amp;l=dataLayer&amp;amp;cx=c&quot;&gt;&lt;/script&gt;&lt;script type=&quot;text/javascript&quot; async=&quot;&quot; src=&quot;https://www.googleadservices.com/pagead/conversion_async.js&quot;&gt;&lt;/script&gt;&lt;script&gt;&#10;  !function(a,b){&quot;object&quot;==typeof module&amp;&amp;&quot;object&quot;==typeof module.exports?module.exports=a.document?b(a,!0):function(a){if(!a.document)throw new Error(&quot;jQuery requires a window with a document&quot;);return b(a)}:b(a)}(&quot;undefined&quot;!=typeof window?window:this,function(a,b){var c=[],d=a.document,e=c.slice,f=c.concat,g=c.push,h=c.indexOf,i={},j=i.toString,k=i.hasOwnProperty,l={},m=&quot;2.2.0&quot;,n=function(a,b){return new n.fn.init(a,b)},o=/^[\s\uFEFF\xA0]+|[\s\uFEFF\xA0]+$/g,p=/^-ms-/,q=/-([\da-z])/gi,r=function(a,b){return b.toUpperCase()};n.fn=n.prototype={jquery:m,constructor:n,selector:&quot;&quot;,length:0,toArray:function(){return e.call(this)},get:function(a){return null!=a?0&gt;a?this[a+this.length]:this[a]:e.call(this)},pushStack:function(a){var b=n.merge(this.constructor(),a);return b.prevObject=this,b.context=this.context,b},each:function(a){return n.each(this,a)},map:function(a){return this.pushStack(n.map(this,function(b,c){return a.call(b,c,b)}))},slice:function(){return this.pushStack(e.apply(this,arguments))},first:function(){return this.eq(0)},last:function(){return this.eq(-1)},eq:function(a){var b=this.length,c=+a+(0&gt;a?b:0);return this.pushStack(c&gt;=0&amp;&amp;b&gt;c?[this[c]]:[])},end:function(){return this.prevObject||this.constructor()},push:g,sort:c.sort,splice:c.splice},n.extend=n.fn.extend=function(){var a,b,c,d,e,f,g=arguments[0]||{},h=1,i=arguments.length,j=!1;for(&quot;boolean&quot;==typeof g&amp;&amp;(j=g,g=arguments[h]||{},h++),&quot;object&quot;==typeof g||n.isFunction(g)||(g={}),h===i&amp;&amp;(g=this,h--);i&gt;h;h++)if(null!=(a=arguments[h]))for(b in a)c=g[b],d=a[b],g!==d&amp;&amp;(j&amp;&amp;d&amp;&amp;(n.isPlainObject(d)||(e=n.isArray(d)))?(e?(e=!1,f=c&amp;&amp;n.isArray(c)?c:[]):f=c&amp;&amp;n.isPlainObject(c)?c:{},g[b]=n.extend(j,f,d)):void 0!==d&amp;&amp;(g[b]=d));return g},n.extend({expando:&quot;jQuery&quot;+(m+Math.random()).replace(/\D/g,&quot;&quot;),isReady:!0,error:function(a){throw new Error(a)},noop:function(){},isFunction:function(a){return&quot;function&quot;===n.type(a)},isArray:Array.isArray,isWindow:function(a){return null!=a&amp;&amp;a===a.window},isNumeric:function(a){var b=a&amp;&amp;a.toString();return!n.isArray(a)&amp;&amp;b-parseFloat(b)+1&gt;=0},isPlainObject:function(a){return&quot;object&quot;!==n.type(a)||a.nodeType||n.isWindow(a)?!1:a.constructor&amp;&amp;!k.call(a.constructor.prototype,&quot;isPrototypeOf&quot;)?!1:!0},isEmptyObject:function(a){var b;for(b in a)return!1;return!0},type:function(a){return null==a?a+&quot;&quot;:&quot;object&quot;==typeof a||&quot;function&quot;==typeof a?i[j.call(a)]||&quot;object&quot;:typeof a},globalEval:function(a){var b,c=eval;a=n.trim(a),a&amp;&amp;(1===a.indexOf(&quot;use strict&quot;)?(b=d.createElement(&quot;script&quot;),b.text=a,d.head.appendChild(b).parentNode.removeChild(b)):c(a))},camelCase:function(a){return a.replace(p,&quot;ms-&quot;).replace(q,r)},nodeName:function(a,b){return a.nodeName&amp;&amp;a.nodeName.toLowerCase()===b.toLowerCase()},each:function(a,b){var c,d=0;if(s(a)){for(c=a.length;c&gt;d;d++)if(b.call(a[d],d,a[d])===!1)break}else for(d in a)if(b.call(a[d],d,a[d])===!1)break;return a},trim:function(a){return null==a?&quot;&quot;:(a+&quot;&quot;).replace(o,&quot;&quot;)},makeArray:function(a,b){var c=b||[];return null!=a&amp;&amp;(s(Object(a))?n.merge(c,&quot;string&quot;==typeof a?[a]:a):g.call(c,a)),c},inArray:function(a,b,c){return null==b?-1:h.call(b,a,c)},merge:function(a,b){for(var c=+b.length,d=0,e=a.length;c&gt;d;d++)a[e++]=b[d];return a.length=e,a},grep:function(a,b,c){for(var d,e=[],f=0,g=a.length,h=!c;g&gt;f;f++)d=!b(a[f],f),d!==h&amp;&amp;e.push(a[f]);return e},map:function(a,b,c){var d,e,g=0,h=[];if(s(a))for(d=a.length;d&gt;g;g++)e=b(a[g],g,c),null!=e&amp;&amp;h.push(e);else for(g in a)e=b(a[g],g,c),null!=e&amp;&amp;h.push(e);return f.apply([],h)},guid:1,proxy:function(a,b){var c,d,f;return&quot;string&quot;==typeof b&amp;&amp;(c=a[b],b=a,a=c),n.isFunction(a)?(d=e.call(arguments,2),f=function(){return a.apply(b||this,d.concat(e.call(arguments)))},f.guid=a.guid=a.guid||n.guid++,f):void 0},now:Date.now,support:l}),&quot;function&quot;==typeof Symbol&amp;&amp;(n.fn[Symbol.iterator]=c[Symbol.iterator]),n.each(&quot;Boolean Number String Function Array Date RegExp Object Error Symbol&quot;.split(&quot; &quot;),function(a,b){i[&quot;[object &quot;+b+&quot;]&quot;]=b.toLowerCase()});function s(a){var b=!!a&amp;&amp;&quot;length&quot;in a&amp;&amp;a.length,c=n.type(a);return&quot;function&quot;===c||n.isWindow(a)?!1:&quot;array&quot;===c||0===b||&quot;number&quot;==typeof b&amp;&amp;b&gt;0&amp;&amp;b-1 in a}var t=function(a){var b,c,d,e,f,g,h,i,j,k,l,m,n,o,p,q,r,s,t,u=&quot;sizzle&quot;+1*new Date,v=a.document,w=0,x=0,y=ga(),z=ga(),A=ga(),B=function(a,b){return a===b&amp;&amp;(l=!0),0},C=1&lt;&lt;31,D={}.hasOwnProperty,E=[],F=E.pop,G=E.push,H=E.push,I=E.slice,J=function(a,b){for(var c=0,d=a.length;d&gt;c;c++)if(a[c]===b)return c;return-1},K=&quot;checked|selected|async|autofocus|autoplay|controls|defer|disabled|hidden|ismap|loop|multiple|open|readonly|required|scoped&quot;,L=&quot;[\\x20\\t\\r\\n\\f]&quot;,M=&quot;(?:\\\\.|[\\w-]|[^\\x00-\\xa0])+&quot;,N=&quot;\\[&quot;+L+&quot;*(&quot;+M+&quot;)(?:&quot;+L+&quot;*([*^$|!~]?=)&quot;+L+&quot;*(?:&apos;((?:\\\\.|[^\\\\&apos;])*)&apos;|\&quot;((?:\\\\.|[^\\\\\&quot;])*)\&quot;|(&quot;+M+&quot;))|)&quot;+L+&quot;*\\]&quot;,O=&quot;:(&quot;+M+&quot;)(?:\\(((&apos;((?:\\\\.|[^\\\\&apos;])*)&apos;|\&quot;((?:\\\\.|[^\\\\\&quot;])*)\&quot;)|((?:\\\\.|[^\\\\()[\\]]|&quot;+N+&quot;)*)|.*)\\)|)&quot;,P=new RegExp(L+&quot;+&quot;,&quot;g&quot;),Q=new RegExp(&quot;^&quot;+L+&quot;+|((?:^|[^\\\\])(?:\\\\.)*)&quot;+L+&quot;+$&quot;,&quot;g&quot;),R=new RegExp(&quot;^&quot;+L+&quot;*,&quot;+L+&quot;*&quot;),S=new RegExp(&quot;^&quot;+L+&quot;*([&gt;+~]|&quot;+L+&quot;)&quot;+L+&quot;*&quot;),T=new RegExp(&quot;=&quot;+L+&quot;*([^\\]&apos;\&quot;]*?)&quot;+L+&quot;*\\]&quot;,&quot;g&quot;),U=new RegExp(O),V=new RegExp(&quot;^&quot;+M+&quot;$&quot;),W={ID:new RegExp(&quot;^#(&quot;+M+&quot;)&quot;),CLASS:new RegExp(&quot;^\\.(&quot;+M+&quot;)&quot;),TAG:new RegExp(&quot;^(&quot;+M+&quot;|[*])&quot;),ATTR:new RegExp(&quot;^&quot;+N),PSEUDO:new RegExp(&quot;^&quot;+O),CHILD:new RegExp(&quot;^:(only|first|last|nth|nth-last)-(child|of-type)(?:\\(&quot;+L+&quot;*(even|odd|(([+-]|)(\\d*)n|)&quot;+L+&quot;*(?:([+-]|)&quot;+L+&quot;*(\\d+)|))&quot;+L+&quot;*\\)|)&quot;,&quot;i&quot;),bool:new RegExp(&quot;^(?:&quot;+K+&quot;)$&quot;,&quot;i&quot;),needsContext:new RegExp(&quot;^&quot;+L+&quot;*[&gt;+~]|:(even|odd|eq|gt|lt|nth|first|last)(?:\\(&quot;+L+&quot;*((?:-\\d)?\\d*)&quot;+L+&quot;*\\)|)(?=[^-]|$)&quot;,&quot;i&quot;)},X=/^(?:input|select|textarea|button)$/i,Y=/^h\d$/i,Z=/^[^{]+\{\s*\[native \w/,$=/^(?:#([\w-]+)|(\w+)|\.([\w-]+))$/,_=/[+~]/,aa=/&apos;|\\/g,ba=new RegExp(&quot;\\\\([\\da-f]{1,6}&quot;+L+&quot;?|(&quot;+L+&quot;)|.)&quot;,&quot;ig&quot;),ca=function(a,b,c){var d=&quot;0x&quot;+b-65536;return d!==d||c?b:0&gt;d?String.fromCharCode(d+65536):String.fromCharCode(d&gt;&gt;10|55296,1023&amp;d|56320)},da=function(){m()};try{H.apply(E=I.call(v.childNodes),v.childNodes),E[v.childNodes.length].nodeType}catch(ea){H={apply:E.length?function(a,b){G.apply(a,I.call(b))}:function(a,b){var c=a.length,d=0;while(a[c++]=b[d++]);a.length=c-1}}}function fa(a,b,d,e){var f,h,j,k,l,o,r,s,w=b&amp;&amp;b.ownerDocument,x=b?b.nodeType:9;if(d=d||[],&quot;string&quot;!=typeof a||!a||1!==x&amp;&amp;9!==x&amp;&amp;11!==x)return d;if(!e&amp;&amp;((b?b.ownerDocument||b:v)!==n&amp;&amp;m(b),b=b||n,p)){if(11!==x&amp;&amp;(o=$.exec(a)))if(f=o[1]){if(9===x){if(!(j=b.getElementById(f)))return d;if(j.id===f)return d.push(j),d}else if(w&amp;&amp;(j=w.getElementById(f))&amp;&amp;t(b,j)&amp;&amp;j.id===f)return d.push(j),d}else{if(o[2])return H.apply(d,b.getElementsByTagName(a)),d;if((f=o[3])&amp;&amp;c.getElementsByClassName&amp;&amp;b.getElementsByClassName)return H.apply(d,b.getElementsByClassName(f)),d}if(c.qsa&amp;&amp;!A[a+&quot; &quot;]&amp;&amp;(!q||!q.test(a))){if(1!==x)w=b,s=a;else if(&quot;object&quot;!==b.nodeName.toLowerCase()){(k=b.getAttribute(&quot;id&quot;))?k=k.replace(aa,&quot;\\$&amp;&quot;):b.setAttribute(&quot;id&quot;,k=u),r=g(a),h=r.length,l=V.test(k)?&quot;#&quot;+k:&quot;[id=&apos;&quot;+k+&quot;&apos;]&quot;;while(h--)r[h]=l+&quot; &quot;+qa(r[h]);s=r.join(&quot;,&quot;),w=_.test(a)&amp;&amp;oa(b.parentNode)||b}if(s)try{return H.apply(d,w.querySelectorAll(s)),d}catch(y){}finally{k===u&amp;&amp;b.removeAttribute(&quot;id&quot;)}}}return i(a.replace(Q,&quot;$1&quot;),b,d,e)}function ga(){var a=[];function b(c,e){return a.push(c+&quot; &quot;)&gt;d.cacheLength&amp;&amp;delete b[a.shift()],b[c+&quot; &quot;]=e}return b}function ha(a){return a[u]=!0,a}function ia(a){var b=n.createElement(&quot;div&quot;);try{return!!a(b)}catch(c){return!1}finally{b.parentNode&amp;&amp;b.parentNode.removeChild(b),b=null}}function ja(a,b){var c=a.split(&quot;|&quot;),e=c.length;while(e--)d.attrHandle[c[e]]=b}function ka(a,b){var c=b&amp;&amp;a,d=c&amp;&amp;1===a.nodeType&amp;&amp;1===b.nodeType&amp;&amp;(~b.sourceIndex||C)-(~a.sourceIndex||C);if(d)return d;if(c)while(c=c.nextSibling)if(c===b)return-1;return a?1:-1}function la(a){return function(b){var c=b.nodeName.toLowerCase();return&quot;input&quot;===c&amp;&amp;b.type===a}}function ma(a){return function(b){var c=b.nodeName.toLowerCase();return(&quot;input&quot;===c||&quot;button&quot;===c)&amp;&amp;b.type===a}}function na(a){return ha(function(b){return b=+b,ha(function(c,d){var e,f=a([],c.length,b),g=f.length;while(g--)c[e=f[g]]&amp;&amp;(c[e]=!(d[e]=c[e]))})})}function oa(a){return a&amp;&amp;&quot;undefined&quot;!=typeof a.getElementsByTagName&amp;&amp;a}c=fa.support={},f=fa.isXML=function(a){var b=a&amp;&amp;(a.ownerDocument||a).documentElement;return b?&quot;HTML&quot;!==b.nodeName:!1},m=fa.setDocument=function(a){var b,e,g=a?a.ownerDocument||a:v;return g!==n&amp;&amp;9===g.nodeType&amp;&amp;g.documentElement?(n=g,o=n.documentElement,p=!f(n),(e=n.defaultView)&amp;&amp;e.top!==e&amp;&amp;(e.addEventListener?e.addEventListener(&quot;unload&quot;,da,!1):e.attachEvent&amp;&amp;e.attachEvent(&quot;onunload&quot;,da)),c.attributes=ia(function(a){return a.className=&quot;i&quot;,!a.getAttribute(&quot;className&quot;)}),c.getElementsByTagName=ia(function(a){return a.appendChild(n.createComment(&quot;&quot;)),!a.getElementsByTagName(&quot;*&quot;).length}),c.getElementsByClassName=Z.test(n.getElementsByClassName),c.getById=ia(function(a){return o.appendChild(a).id=u,!n.getElementsByName||!n.getElementsByName(u).length}),c.getById?(d.find.ID=function(a,b){if(&quot;undefined&quot;!=typeof b.getElementById&amp;&amp;p){var c=b.getElementById(a);return c?[c]:[]}},d.filter.ID=function(a){var b=a.replace(ba,ca);return function(a){return a.getAttribute(&quot;id&quot;)===b}}):(delete d.find.ID,d.filter.ID=function(a){var b=a.replace(ba,ca);return function(a){var c=&quot;undefined&quot;!=typeof a.getAttributeNode&amp;&amp;a.getAttributeNode(&quot;id&quot;);return c&amp;&amp;c.value===b}}),d.find.TAG=c.getElementsByTagName?function(a,b){return&quot;undefined&quot;!=typeof b.getElementsByTagName?b.getElementsByTagName(a):c.qsa?b.querySelectorAll(a):void 0}:function(a,b){var c,d=[],e=0,f=b.getElementsByTagName(a);if(&quot;*&quot;===a){while(c=f[e++])1===c.nodeType&amp;&amp;d.push(c);return d}return f},d.find.CLASS=c.getElementsByClassName&amp;&amp;function(a,b){return&quot;undefined&quot;!=typeof b.getElementsByClassName&amp;&amp;p?b.getElementsByClassName(a):void 0},r=[],q=[],(c.qsa=Z.test(n.querySelectorAll))&amp;&amp;(ia(function(a){o.appendChild(a).innerHTML=&quot;&lt;a id=&apos;&quot;+u+&quot;&apos;&gt;&lt;/a&gt;&lt;select id=&apos;&quot;+u+&quot;-\r\\&apos; msallowcapture=&apos;&apos;&gt;&lt;option selected=&apos;&apos;&gt;&lt;/option&gt;&lt;/select&gt;&quot;,a.querySelectorAll(&quot;[msallowcapture^=&apos;&apos;]&quot;).length&amp;&amp;q.push(&quot;[*^$]=&quot;+L+&quot;*(?:&apos;&apos;|\&quot;\&quot;)&quot;),a.querySelectorAll(&quot;[selected]&quot;).length||q.push(&quot;\\[&quot;+L+&quot;*(?:value|&quot;+K+&quot;)&quot;),a.querySelectorAll(&quot;[id~=&quot;+u+&quot;-]&quot;).length||q.push(&quot;~=&quot;),a.querySelectorAll(&quot;:checked&quot;).length||q.push(&quot;:checked&quot;),a.querySelectorAll(&quot;a#&quot;+u+&quot;+*&quot;).length||q.push(&quot;.#.+[+~]&quot;)}),ia(function(a){var b=n.createElement(&quot;input&quot;);b.setAttribute(&quot;type&quot;,&quot;hidden&quot;),a.appendChild(b).setAttribute(&quot;name&quot;,&quot;D&quot;),a.querySelectorAll(&quot;[name=d]&quot;).length&amp;&amp;q.push(&quot;name&quot;+L+&quot;*[*^$|!~]?=&quot;),a.querySelectorAll(&quot;:enabled&quot;).length||q.push(&quot;:enabled&quot;,&quot;:disabled&quot;),a.querySelectorAll(&quot;*,:x&quot;),q.push(&quot;,.*:&quot;)})),(c.matchesSelector=Z.test(s=o.matches||o.webkitMatchesSelector||o.mozMatchesSelector||o.oMatchesSelector||o.msMatchesSelector))&amp;&amp;ia(function(a){c.disconnectedMatch=s.call(a,&quot;div&quot;),s.call(a,&quot;[s!=&apos;&apos;]:x&quot;),r.push(&quot;!=&quot;,O)}),q=q.length&amp;&amp;new RegExp(q.join(&quot;|&quot;)),r=r.length&amp;&amp;new RegExp(r.join(&quot;|&quot;)),b=Z.test(o.compareDocumentPosition),t=b||Z.test(o.contains)?function(a,b){var c=9===a.nodeType?a.documentElement:a,d=b&amp;&amp;b.parentNode;return a===d||!(!d||1!==d.nodeType||!(c.contains?c.contains(d):a.compareDocumentPosition&amp;&amp;16&amp;a.compareDocumentPosition(d)))}:function(a,b){if(b)while(b=b.parentNode)if(b===a)return!0;return!1},B=b?function(a,b){if(a===b)return l=!0,0;var d=!a.compareDocumentPosition-!b.compareDocumentPosition;return d?d:(d=(a.ownerDocument||a)===(b.ownerDocument||b)?a.compareDocumentPosition(b):1,1&amp;d||!c.sortDetached&amp;&amp;b.compareDocumentPosition(a)===d?a===n||a.ownerDocument===v&amp;&amp;t(v,a)?-1:b===n||b.ownerDocument===v&amp;&amp;t(v,b)?1:k?J(k,a)-J(k,b):0:4&amp;d?-1:1)}:function(a,b){if(a===b)return l=!0,0;var c,d=0,e=a.parentNode,f=b.parentNode,g=[a],h=[b];if(!e||!f)return a===n?-1:b===n?1:e?-1:f?1:k?J(k,a)-J(k,b):0;if(e===f)return ka(a,b);c=a;while(c=c.parentNode)g.unshift(c);c=b;while(c=c.parentNode)h.unshift(c);while(g[d]===h[d])d++;return d?ka(g[d],h[d]):g[d]===v?-1:h[d]===v?1:0},n):n},fa.matches=function(a,b){return fa(a,null,null,b)},fa.matchesSelector=function(a,b){if((a.ownerDocument||a)!==n&amp;&amp;m(a),b=b.replace(T,&quot;=&apos;$1&apos;]&quot;),c.matchesSelector&amp;&amp;p&amp;&amp;!A[b+&quot; &quot;]&amp;&amp;(!r||!r.test(b))&amp;&amp;(!q||!q.test(b)))try{var d=s.call(a,b);if(d||c.disconnectedMatch||a.document&amp;&amp;11!==a.document.nodeType)return d}catch(e){}return fa(b,n,null,[a]).length&gt;0},fa.contains=function(a,b){return(a.ownerDocument||a)!==n&amp;&amp;m(a),t(a,b)},fa.attr=function(a,b){(a.ownerDocument||a)!==n&amp;&amp;m(a);var e=d.attrHandle[b.toLowerCase()],f=e&amp;&amp;D.call(d.attrHandle,b.toLowerCase())?e(a,b,!p):void 0;return void 0!==f?f:c.attributes||!p?a.getAttribute(b):(f=a.getAttributeNode(b))&amp;&amp;f.specified?f.value:null},fa.error=function(a){throw new Error(&quot;Syntax error, unrecognized expression: &quot;+a)},fa.uniqueSort=function(a){var b,d=[],e=0,f=0;if(l=!c.detectDuplicates,k=!c.sortStable&amp;&amp;a.slice(0),a.sort(B),l){while(b=a[f++])b===a[f]&amp;&amp;(e=d.push(f));while(e--)a.splice(d[e],1)}return k=null,a},e=fa.getText=function(a){var b,c=&quot;&quot;,d=0,f=a.nodeType;if(f){if(1===f||9===f||11===f){if(&quot;string&quot;==typeof a.textContent)return a.textContent;for(a=a.firstChild;a;a=a.nextSibling)c+=e(a)}else if(3===f||4===f)return a.nodeValue}else while(b=a[d++])c+=e(b);return c},d=fa.selectors={cacheLength:50,createPseudo:ha,match:W,attrHandle:{},find:{},relative:{&quot;&gt;&quot;:{dir:&quot;parentNode&quot;,first:!0},&quot; &quot;:{dir:&quot;parentNode&quot;},&quot;+&quot;:{dir:&quot;previousSibling&quot;,first:!0},&quot;~&quot;:{dir:&quot;previousSibling&quot;}},preFilter:{ATTR:function(a){return a[1]=a[1].replace(ba,ca),a[3]=(a[3]||a[4]||a[5]||&quot;&quot;).replace(ba,ca),&quot;~=&quot;===a[2]&amp;&amp;(a[3]=&quot; &quot;+a[3]+&quot; &quot;),a.slice(0,4)},CHILD:function(a){return a[1]=a[1].toLowerCase(),&quot;nth&quot;===a[1].slice(0,3)?(a[3]||fa.error(a[0]),a[4]=+(a[4]?a[5]+(a[6]||1):2*(&quot;even&quot;===a[3]||&quot;odd&quot;===a[3])),a[5]=+(a[7]+a[8]||&quot;odd&quot;===a[3])):a[3]&amp;&amp;fa.error(a[0]),a},PSEUDO:function(a){var b,c=!a[6]&amp;&amp;a[2];return W.CHILD.test(a[0])?null:(a[3]?a[2]=a[4]||a[5]||&quot;&quot;:c&amp;&amp;U.test(c)&amp;&amp;(b=g(c,!0))&amp;&amp;(b=c.indexOf(&quot;)&quot;,c.length-b)-c.length)&amp;&amp;(a[0]=a[0].slice(0,b),a[2]=c.slice(0,b)),a.slice(0,3))}},filter:{TAG:function(a){var b=a.replace(ba,ca).toLowerCase();return&quot;*&quot;===a?function(){return!0}:function(a){return a.nodeName&amp;&amp;a.nodeName.toLowerCase()===b}},CLASS:function(a){var b=y[a+&quot; &quot;];return b||(b=new RegExp(&quot;(^|&quot;+L+&quot;)&quot;+a+&quot;(&quot;+L+&quot;|$)&quot;))&amp;&amp;y(a,function(a){return b.test(&quot;string&quot;==typeof a.className&amp;&amp;a.className||&quot;undefined&quot;!=typeof a.getAttribute&amp;&amp;a.getAttribute(&quot;class&quot;)||&quot;&quot;)})},ATTR:function(a,b,c){return function(d){var e=fa.attr(d,a);return null==e?&quot;!=&quot;===b:b?(e+=&quot;&quot;,&quot;=&quot;===b?e===c:&quot;!=&quot;===b?e!==c:&quot;^=&quot;===b?c&amp;&amp;0===e.indexOf(c):&quot;*=&quot;===b?c&amp;&amp;e.indexOf(c)&gt;-1:&quot;$=&quot;===b?c&amp;&amp;e.slice(-c.length)===c:&quot;~=&quot;===b?(&quot; &quot;+e.replace(P,&quot; &quot;)+&quot; &quot;).indexOf(c)&gt;-1:&quot;|=&quot;===b?e===c||e.slice(0,c.length+1)===c+&quot;-&quot;:!1):!0}},CHILD:function(a,b,c,d,e){var f=&quot;nth&quot;!==a.slice(0,3),g=&quot;last&quot;!==a.slice(-4),h=&quot;of-type&quot;===b;return 1===d&amp;&amp;0===e?function(a){return!!a.parentNode}:function(b,c,i){var j,k,l,m,n,o,p=f!==g?&quot;nextSibling&quot;:&quot;previousSibling&quot;,q=b.parentNode,r=h&amp;&amp;b.nodeName.toLowerCase(),s=!i&amp;&amp;!h,t=!1;if(q){if(f){while(p){m=b;while(m=m[p])if(h?m.nodeName.toLowerCase()===r:1===m.nodeType)return!1;o=p=&quot;only&quot;===a&amp;&amp;!o&amp;&amp;&quot;nextSibling&quot;}return!0}if(o=[g?q.firstChild:q.lastChild],g&amp;&amp;s){m=q,l=m[u]||(m[u]={}),k=l[m.uniqueID]||(l[m.uniqueID]={}),j=k[a]||[],n=j[0]===w&amp;&amp;j[1],t=n&amp;&amp;j[2],m=n&amp;&amp;q.childNodes[n];while(m=++n&amp;&amp;m&amp;&amp;m[p]||(t=n=0)||o.pop())if(1===m.nodeType&amp;&amp;++t&amp;&amp;m===b){k[a]=[w,n,t];break}}else if(s&amp;&amp;(m=b,l=m[u]||(m[u]={}),k=l[m.uniqueID]||(l[m.uniqueID]={}),j=k[a]||[],n=j[0]===w&amp;&amp;j[1],t=n),t===!1)while(m=++n&amp;&amp;m&amp;&amp;m[p]||(t=n=0)||o.pop())if((h?m.nodeName.toLowerCase()===r:1===m.nodeType)&amp;&amp;++t&amp;&amp;(s&amp;&amp;(l=m[u]||(m[u]={}),k=l[m.uniqueID]||(l[m.uniqueID]={}),k[a]=[w,t]),m===b))break;return t-=e,t===d||t%d===0&amp;&amp;t/d&gt;=0}}},PSEUDO:function(a,b){var c,e=d.pseudos[a]||d.setFilters[a.toLowerCase()]||fa.error(&quot;unsupported pseudo: &quot;+a);return e[u]?e(b):e.length&gt;1?(c=[a,a,&quot;&quot;,b],d.setFilters.hasOwnProperty(a.toLowerCase())?ha(function(a,c){var d,f=e(a,b),g=f.length;while(g--)d=J(a,f[g]),a[d]=!(c[d]=f[g])}):function(a){return e(a,0,c)}):e}},pseudos:{not:ha(function(a){var b=[],c=[],d=h(a.replace(Q,&quot;$1&quot;));return d[u]?ha(function(a,b,c,e){var f,g=d(a,null,e,[]),h=a.length;while(h--)(f=g[h])&amp;&amp;(a[h]=!(b[h]=f))}):function(a,e,f){return b[0]=a,d(b,null,f,c),b[0]=null,!c.pop()}}),has:ha(function(a){return function(b){return fa(a,b).length&gt;0}}),contains:ha(function(a){return a=a.replace(ba,ca),function(b){return(b.textContent||b.innerText||e(b)).indexOf(a)&gt;-1}}),lang:ha(function(a){return V.test(a||&quot;&quot;)||fa.error(&quot;unsupported lang: &quot;+a),a=a.replace(ba,ca).toLowerCase(),function(b){var c;do if(c=p?b.lang:b.getAttribute(&quot;xml:lang&quot;)||b.getAttribute(&quot;lang&quot;))return c=c.toLowerCase(),c===a||0===c.indexOf(a+&quot;-&quot;);while((b=b.parentNode)&amp;&amp;1===b.nodeType);return!1}}),target:function(b){var c=a.location&amp;&amp;a.location.hash;return c&amp;&amp;c.slice(1)===b.id},root:function(a){return a===o},focus:function(a){return a===n.activeElement&amp;&amp;(!n.hasFocus||n.hasFocus())&amp;&amp;!!(a.type||a.href||~a.tabIndex)},enabled:function(a){return a.disabled===!1},disabled:function(a){return a.disabled===!0},checked:function(a){var b=a.nodeName.toLowerCase();return&quot;input&quot;===b&amp;&amp;!!a.checked||&quot;option&quot;===b&amp;&amp;!!a.selected},selected:function(a){return a.parentNode&amp;&amp;a.parentNode.selectedIndex,a.selected===!0},empty:function(a){for(a=a.firstChild;a;a=a.nextSibling)if(a.nodeType&lt;6)return!1;return!0},parent:function(a){return!d.pseudos.empty(a)},header:function(a){return Y.test(a.nodeName)},input:function(a){return X.test(a.nodeName)},button:function(a){var b=a.nodeName.toLowerCase();return&quot;input&quot;===b&amp;&amp;&quot;button&quot;===a.type||&quot;button&quot;===b},text:function(a){var b;return&quot;input&quot;===a.nodeName.toLowerCase()&amp;&amp;&quot;text&quot;===a.type&amp;&amp;(null==(b=a.getAttribute(&quot;type&quot;))||&quot;text&quot;===b.toLowerCase())},first:na(function(){return[0]}),last:na(function(a,b){return[b-1]}),eq:na(function(a,b,c){return[0&gt;c?c+b:c]}),even:na(function(a,b){for(var c=0;b&gt;c;c+=2)a.push(c);return a}),odd:na(function(a,b){for(var c=1;b&gt;c;c+=2)a.push(c);return a}),lt:na(function(a,b,c){for(var d=0&gt;c?c+b:c;--d&gt;=0;)a.push(d);return a}),gt:na(function(a,b,c){for(var d=0&gt;c?c+b:c;++d&lt;b;)a.push(d);return a})}},d.pseudos.nth=d.pseudos.eq;for(b in{radio:!0,checkbox:!0,file:!0,password:!0,image:!0})d.pseudos[b]=la(b);for(b in{submit:!0,reset:!0})d.pseudos[b]=ma(b);function pa(){}pa.prototype=d.filters=d.pseudos,d.setFilters=new pa,g=fa.tokenize=function(a,b){var c,e,f,g,h,i,j,k=z[a+&quot; &quot;];if(k)return b?0:k.slice(0);h=a,i=[],j=d.preFilter;while(h){(!c||(e=R.exec(h)))&amp;&amp;(e&amp;&amp;(h=h.slice(e[0].length)||h),i.push(f=[])),c=!1,(e=S.exec(h))&amp;&amp;(c=e.shift(),f.push({value:c,type:e[0].replace(Q,&quot; &quot;)}),h=h.slice(c.length));for(g in d.filter)!(e=W[g].exec(h))||j[g]&amp;&amp;!(e=j[g](e))||(c=e.shift(),f.push({value:c,type:g,matches:e}),h=h.slice(c.length));if(!c)break}return b?h.length:h?fa.error(a):z(a,i).slice(0)};function qa(a){for(var b=0,c=a.length,d=&quot;&quot;;c&gt;b;b++)d+=a[b].value;return d}function ra(a,b,c){var d=b.dir,e=c&amp;&amp;&quot;parentNode&quot;===d,f=x++;return b.first?function(b,c,f){while(b=b[d])if(1===b.nodeType||e)return a(b,c,f)}:function(b,c,g){var h,i,j,k=[w,f];if(g){while(b=b[d])if((1===b.nodeType||e)&amp;&amp;a(b,c,g))return!0}else while(b=b[d])if(1===b.nodeType||e){if(j=b[u]||(b[u]={}),i=j[b.uniqueID]||(j[b.uniqueID]={}),(h=i[d])&amp;&amp;h[0]===w&amp;&amp;h[1]===f)return k[2]=h[2];if(i[d]=k,k[2]=a(b,c,g))return!0}}}function sa(a){return a.length&gt;1?function(b,c,d){var e=a.length;while(e--)if(!a[e](b,c,d))return!1;return!0}:a[0]}function ta(a,b,c){for(var d=0,e=b.length;e&gt;d;d++)fa(a,b[d],c);return c}function ua(a,b,c,d,e){for(var f,g=[],h=0,i=a.length,j=null!=b;i&gt;h;h++)(f=a[h])&amp;&amp;(!c||c(f,d,e))&amp;&amp;(g.push(f),j&amp;&amp;b.push(h));return g}function va(a,b,c,d,e,f){return d&amp;&amp;!d[u]&amp;&amp;(d=va(d)),e&amp;&amp;!e[u]&amp;&amp;(e=va(e,f)),ha(function(f,g,h,i){var j,k,l,m=[],n=[],o=g.length,p=f||ta(b||&quot;*&quot;,h.nodeType?[h]:h,[]),q=!a||!f&amp;&amp;b?p:ua(p,m,a,h,i),r=c?e||(f?a:o||d)?[]:g:q;if(c&amp;&amp;c(q,r,h,i),d){j=ua(r,n),d(j,[],h,i),k=j.length;while(k--)(l=j[k])&amp;&amp;(r[n[k]]=!(q[n[k]]=l))}if(f){if(e||a){if(e){j=[],k=r.length;while(k--)(l=r[k])&amp;&amp;j.push(q[k]=l);e(null,r=[],j,i)}k=r.length;while(k--)(l=r[k])&amp;&amp;(j=e?J(f,l):m[k])&gt;-1&amp;&amp;(f[j]=!(g[j]=l))}}else r=ua(r===g?r.splice(o,r.length):r),e?e(null,g,r,i):H.apply(g,r)})}function wa(a){for(var b,c,e,f=a.length,g=d.relative[a[0].type],h=g||d.relative[&quot; &quot;],i=g?1:0,k=ra(function(a){return a===b},h,!0),l=ra(function(a){return J(b,a)&gt;-1},h,!0),m=[function(a,c,d){var e=!g&amp;&amp;(d||c!==j)||((b=c).nodeType?k(a,c,d):l(a,c,d));return b=null,e}];f&gt;i;i++)if(c=d.relative[a[i].type])m=[ra(sa(m),c)];else{if(c=d.filter[a[i].type].apply(null,a[i].matches),c[u]){for(e=++i;f&gt;e;e++)if(d.relative[a[e].type])break;return va(i&gt;1&amp;&amp;sa(m),i&gt;1&amp;&amp;qa(a.slice(0,i-1).concat({value:&quot; &quot;===a[i-2].type?&quot;*&quot;:&quot;&quot;})).replace(Q,&quot;$1&quot;),c,e&gt;i&amp;&amp;wa(a.slice(i,e)),f&gt;e&amp;&amp;wa(a=a.slice(e)),f&gt;e&amp;&amp;qa(a))}m.push(c)}return sa(m)}function xa(a,b){var c=b.length&gt;0,e=a.length&gt;0,f=function(f,g,h,i,k){var l,o,q,r=0,s=&quot;0&quot;,t=f&amp;&amp;[],u=[],v=j,x=f||e&amp;&amp;d.find.TAG(&quot;*&quot;,k),y=w+=null==v?1:Math.random()||.1,z=x.length;for(k&amp;&amp;(j=g===n||g||k);s!==z&amp;&amp;null!=(l=x[s]);s++){if(e&amp;&amp;l){o=0,g||l.ownerDocument===n||(m(l),h=!p);while(q=a[o++])if(q(l,g||n,h)){i.push(l);break}k&amp;&amp;(w=y)}c&amp;&amp;((l=!q&amp;&amp;l)&amp;&amp;r--,f&amp;&amp;t.push(l))}if(r+=s,c&amp;&amp;s!==r){o=0;while(q=b[o++])q(t,u,g,h);if(f){if(r&gt;0)while(s--)t[s]||u[s]||(u[s]=F.call(i));u=ua(u)}H.apply(i,u),k&amp;&amp;!f&amp;&amp;u.length&gt;0&amp;&amp;r+b.length&gt;1&amp;&amp;fa.uniqueSort(i)}return k&amp;&amp;(w=y,j=v),t};return c?ha(f):f}return h=fa.compile=function(a,b){var c,d=[],e=[],f=A[a+&quot; &quot;];if(!f){b||(b=g(a)),c=b.length;while(c--)f=wa(b[c]),f[u]?d.push(f):e.push(f);f=A(a,xa(e,d)),f.selector=a}return f},i=fa.select=function(a,b,e,f){var i,j,k,l,m,n=&quot;function&quot;==typeof a&amp;&amp;a,o=!f&amp;&amp;g(a=n.selector||a);if(e=e||[],1===o.length){if(j=o[0]=o[0].slice(0),j.length&gt;2&amp;&amp;&quot;ID&quot;===(k=j[0]).type&amp;&amp;c.getById&amp;&amp;9===b.nodeType&amp;&amp;p&amp;&amp;d.relative[j[1].type]){if(b=(d.find.ID(k.matches[0].replace(ba,ca),b)||[])[0],!b)return e;n&amp;&amp;(b=b.parentNode),a=a.slice(j.shift().value.length)}i=W.needsContext.test(a)?0:j.length;while(i--){if(k=j[i],d.relative[l=k.type])break;if((m=d.find[l])&amp;&amp;(f=m(k.matches[0].replace(ba,ca),_.test(j[0].type)&amp;&amp;oa(b.parentNode)||b))){if(j.splice(i,1),a=f.length&amp;&amp;qa(j),!a)return H.apply(e,f),e;break}}}return(n||h(a,o))(f,b,!p,e,!b||_.test(a)&amp;&amp;oa(b.parentNode)||b),e},c.sortStable=u.split(&quot;&quot;).sort(B).join(&quot;&quot;)===u,c.detectDuplicates=!!l,m(),c.sortDetached=ia(function(a){return 1&amp;a.compareDocumentPosition(n.createElement(&quot;div&quot;))}),ia(function(a){return a.innerHTML=&quot;&lt;a href=&apos;#&apos;&gt;&lt;/a&gt;&quot;,&quot;#&quot;===a.firstChild.getAttribute(&quot;href&quot;)})||ja(&quot;type|href|height|width&quot;,function(a,b,c){return c?void 0:a.getAttribute(b,&quot;type&quot;===b.toLowerCase()?1:2)}),c.attributes&amp;&amp;ia(function(a){return a.innerHTML=&quot;&lt;input/&gt;&quot;,a.firstChild.setAttribute(&quot;value&quot;,&quot;&quot;),&quot;&quot;===a.firstChild.getAttribute(&quot;value&quot;)})||ja(&quot;value&quot;,function(a,b,c){return c||&quot;input&quot;!==a.nodeName.toLowerCase()?void 0:a.defaultValue}),ia(function(a){return null==a.getAttribute(&quot;disabled&quot;)})||ja(K,function(a,b,c){var d;return c?void 0:a[b]===!0?b.toLowerCase():(d=a.getAttributeNode(b))&amp;&amp;d.specified?d.value:null}),fa}(a);n.find=t,n.expr=t.selectors,n.expr[&quot;:&quot;]=n.expr.pseudos,n.uniqueSort=n.unique=t.uniqueSort,n.text=t.getText,n.isXMLDoc=t.isXML,n.contains=t.contains;var u=function(a,b,c){var d=[],e=void 0!==c;while((a=a[b])&amp;&amp;9!==a.nodeType)if(1===a.nodeType){if(e&amp;&amp;n(a).is(c))break;d.push(a)}return d},v=function(a,b){for(var c=[];a;a=a.nextSibling)1===a.nodeType&amp;&amp;a!==b&amp;&amp;c.push(a);return c},w=n.expr.match.needsContext,x=/^&lt;([\w-]+)\s*\/?&gt;(?:&lt;\/\1&gt;|)$/,y=/^.[^:#\[\.,]*$/;function z(a,b,c){if(n.isFunction(b))return n.grep(a,function(a,d){return!!b.call(a,d,a)!==c});if(b.nodeType)return n.grep(a,function(a){return a===b!==c});if(&quot;string&quot;==typeof b){if(y.test(b))return n.filter(b,a,c);b=n.filter(b,a)}return n.grep(a,function(a){return h.call(b,a)&gt;-1!==c})}n.filter=function(a,b,c){var d=b[0];return c&amp;&amp;(a=&quot;:not(&quot;+a+&quot;)&quot;),1===b.length&amp;&amp;1===d.nodeType?n.find.matchesSelector(d,a)?[d]:[]:n.find.matches(a,n.grep(b,function(a){return 1===a.nodeType}))},n.fn.extend({find:function(a){var b,c=this.length,d=[],e=this;if(&quot;string&quot;!=typeof a)return this.pushStack(n(a).filter(function(){for(b=0;c&gt;b;b++)if(n.contains(e[b],this))return!0}));for(b=0;c&gt;b;b++)n.find(a,e[b],d);return d=this.pushStack(c&gt;1?n.unique(d):d),d.selector=this.selector?this.selector+&quot; &quot;+a:a,d},filter:function(a){return this.pushStack(z(this,a||[],!1))},not:function(a){return this.pushStack(z(this,a||[],!0))},is:function(a){return!!z(this,&quot;string&quot;==typeof a&amp;&amp;w.test(a)?n(a):a||[],!1).length}});var A,B=/^(?:\s*(&lt;[\w\W]+&gt;)[^&gt;]*|#([\w-]*))$/,C=n.fn.init=function(a,b,c){var e,f;if(!a)return this;if(c=c||A,&quot;string&quot;==typeof a){if(e=&quot;&lt;&quot;===a[0]&amp;&amp;&quot;&gt;&quot;===a[a.length-1]&amp;&amp;a.length&gt;=3?[null,a,null]:B.exec(a),!e||!e[1]&amp;&amp;b)return!b||b.jquery?(b||c).find(a):this.constructor(b).find(a);if(e[1]){if(b=b instanceof n?b[0]:b,n.merge(this,n.parseHTML(e[1],b&amp;&amp;b.nodeType?b.ownerDocument||b:d,!0)),x.test(e[1])&amp;&amp;n.isPlainObject(b))for(e in b)n.isFunction(this[e])?this[e](b[e]):this.attr(e,b[e]);return this}return f=d.getElementById(e[2]),f&amp;&amp;f.parentNode&amp;&amp;(this.length=1,this[0]=f),this.context=d,this.selector=a,this}return a.nodeType?(this.context=this[0]=a,this.length=1,this):n.isFunction(a)?void 0!==c.ready?c.ready(a):a(n):(void 0!==a.selector&amp;&amp;(this.selector=a.selector,this.context=a.context),n.makeArray(a,this))};C.prototype=n.fn,A=n(d);var D=/^(?:parents|prev(?:Until|All))/,E={children:!0,contents:!0,next:!0,prev:!0};n.fn.extend({has:function(a){var b=n(a,this),c=b.length;return this.filter(function(){for(var a=0;c&gt;a;a++)if(n.contains(this,b[a]))return!0})},closest:function(a,b){for(var c,d=0,e=this.length,f=[],g=w.test(a)||&quot;string&quot;!=typeof a?n(a,b||this.context):0;e&gt;d;d++)for(c=this[d];c&amp;&amp;c!==b;c=c.parentNode)if(c.nodeType&lt;11&amp;&amp;(g?g.index(c)&gt;-1:1===c.nodeType&amp;&amp;n.find.matchesSelector(c,a))){f.push(c);break}return this.pushStack(f.length&gt;1?n.uniqueSort(f):f)},index:function(a){return a?&quot;string&quot;==typeof a?h.call(n(a),this[0]):h.call(this,a.jquery?a[0]:a):this[0]&amp;&amp;this[0].parentNode?this.first().prevAll().length:-1},add:function(a,b){return this.pushStack(n.uniqueSort(n.merge(this.get(),n(a,b))))},addBack:function(a){return this.add(null==a?this.prevObject:this.prevObject.filter(a))}});function F(a,b){while((a=a[b])&amp;&amp;1!==a.nodeType);return a}n.each({parent:function(a){var b=a.parentNode;return b&amp;&amp;11!==b.nodeType?b:null},parents:function(a){return u(a,&quot;parentNode&quot;)},parentsUntil:function(a,b,c){return u(a,&quot;parentNode&quot;,c)},next:function(a){return F(a,&quot;nextSibling&quot;)},prev:function(a){return F(a,&quot;previousSibling&quot;)},nextAll:function(a){return u(a,&quot;nextSibling&quot;)},prevAll:function(a){return u(a,&quot;previousSibling&quot;)},nextUntil:function(a,b,c){return u(a,&quot;nextSibling&quot;,c)},prevUntil:function(a,b,c){return u(a,&quot;previousSibling&quot;,c)},siblings:function(a){return v((a.parentNode||{}).firstChild,a)},children:function(a){return v(a.firstChild)},contents:function(a){return a.contentDocument||n.merge([],a.childNodes)}},function(a,b){n.fn[a]=function(c,d){var e=n.map(this,b,c);return&quot;Until&quot;!==a.slice(-5)&amp;&amp;(d=c),d&amp;&amp;&quot;string&quot;==typeof d&amp;&amp;(e=n.filter(d,e)),this.length&gt;1&amp;&amp;(E[a]||n.uniqueSort(e),D.test(a)&amp;&amp;e.reverse()),this.pushStack(e)}});var G=/\S+/g;function H(a){var b={};return n.each(a.match(G)||[],function(a,c){b[c]=!0}),b}n.Callbacks=function(a){a=&quot;string&quot;==typeof a?H(a):n.extend({},a);var b,c,d,e,f=[],g=[],h=-1,i=function(){for(e=a.once,d=b=!0;g.length;h=-1){c=g.shift();while(++h&lt;f.length)f[h].apply(c[0],c[1])===!1&amp;&amp;a.stopOnFalse&amp;&amp;(h=f.length,c=!1)}a.memory||(c=!1),b=!1,e&amp;&amp;(f=c?[]:&quot;&quot;)},j={add:function(){return f&amp;&amp;(c&amp;&amp;!b&amp;&amp;(h=f.length-1,g.push(c)),function d(b){n.each(b,function(b,c){n.isFunction(c)?a.unique&amp;&amp;j.has(c)||f.push(c):c&amp;&amp;c.length&amp;&amp;&quot;string&quot;!==n.type(c)&amp;&amp;d(c)})}(arguments),c&amp;&amp;!b&amp;&amp;i()),this},remove:function(){return n.each(arguments,function(a,b){var c;while((c=n.inArray(b,f,c))&gt;-1)f.splice(c,1),h&gt;=c&amp;&amp;h--}),this},has:function(a){return a?n.inArray(a,f)&gt;-1:f.length&gt;0},empty:function(){return f&amp;&amp;(f=[]),this},disable:function(){return e=g=[],f=c=&quot;&quot;,this},disabled:function(){return!f},lock:function(){return e=g=[],c||(f=c=&quot;&quot;),this},locked:function(){return!!e},fireWith:function(a,c){return e||(c=c||[],c=[a,c.slice?c.slice():c],g.push(c),b||i()),this},fire:function(){return j.fireWith(this,arguments),this},fired:function(){return!!d}};return j},n.extend({Deferred:function(a){var b=[[&quot;resolve&quot;,&quot;done&quot;,n.Callbacks(&quot;once memory&quot;),&quot;resolved&quot;],[&quot;reject&quot;,&quot;fail&quot;,n.Callbacks(&quot;once memory&quot;),&quot;rejected&quot;],[&quot;notify&quot;,&quot;progress&quot;,n.Callbacks(&quot;memory&quot;)]],c=&quot;pending&quot;,d={state:function(){return c},always:function(){return e.done(arguments).fail(arguments),this},then:function(){var a=arguments;return n.Deferred(function(c){n.each(b,function(b,f){var g=n.isFunction(a[b])&amp;&amp;a[b];e[f[1]](function(){var a=g&amp;&amp;g.apply(this,arguments);a&amp;&amp;n.isFunction(a.promise)?a.promise().progress(c.notify).done(c.resolve).fail(c.reject):c[f[0]+&quot;With&quot;](this===d?c.promise():this,g?[a]:arguments)})}),a=null}).promise()},promise:function(a){return null!=a?n.extend(a,d):d}},e={};return d.pipe=d.then,n.each(b,function(a,f){var g=f[2],h=f[3];d[f[1]]=g.add,h&amp;&amp;g.add(function(){c=h},b[1^a][2].disable,b[2][2].lock),e[f[0]]=function(){return e[f[0]+&quot;With&quot;](this===e?d:this,arguments),this},e[f[0]+&quot;With&quot;]=g.fireWith}),d.promise(e),a&amp;&amp;a.call(e,e),e},when:function(a){var b=0,c=e.call(arguments),d=c.length,f=1!==d||a&amp;&amp;n.isFunction(a.promise)?d:0,g=1===f?a:n.Deferred(),h=function(a,b,c){return function(d){b[a]=this,c[a]=arguments.length&gt;1?e.call(arguments):d,c===i?g.notifyWith(b,c):--f||g.resolveWith(b,c)}},i,j,k;if(d&gt;1)for(i=new Array(d),j=new Array(d),k=new Array(d);d&gt;b;b++)c[b]&amp;&amp;n.isFunction(c[b].promise)?c[b].promise().progress(h(b,j,i)).done(h(b,k,c)).fail(g.reject):--f;return f||g.resolveWith(k,c),g.promise()}});var I;n.fn.ready=function(a){return n.ready.promise().done(a),this},n.extend({isReady:!1,readyWait:1,holdReady:function(a){a?n.readyWait++:n.ready(!0)},ready:function(a){(a===!0?--n.readyWait:n.isReady)||(n.isReady=!0,a!==!0&amp;&amp;--n.readyWait&gt;0||(I.resolveWith(d,[n]),n.fn.triggerHandler&amp;&amp;(n(d).triggerHandler(&quot;ready&quot;),n(d).off(&quot;ready&quot;))))}});function J(){d.removeEventListener(&quot;DOMContentLoaded&quot;,J),a.removeEventListener(&quot;load&quot;,J),n.ready()}n.ready.promise=function(b){return I||(I=n.Deferred(),&quot;complete&quot;===d.readyState||&quot;loading&quot;!==d.readyState&amp;&amp;!d.documentElement.doScroll?a.setTimeout(n.ready):(d.addEventListener(&quot;DOMContentLoaded&quot;,J),a.addEventListener(&quot;load&quot;,J))),I.promise(b)},n.ready.promise();var K=function(a,b,c,d,e,f,g){var h=0,i=a.length,j=null==c;if(&quot;object&quot;===n.type(c)){e=!0;for(h in c)K(a,b,h,c[h],!0,f,g)}else if(void 0!==d&amp;&amp;(e=!0,n.isFunction(d)||(g=!0),j&amp;&amp;(g?(b.call(a,d),b=null):(j=b,b=function(a,b,c){return j.call(n(a),c)})),b))for(;i&gt;h;h++)b(a[h],c,g?d:d.call(a[h],h,b(a[h],c)));return e?a:j?b.call(a):i?b(a[0],c):f},L=function(a){return 1===a.nodeType||9===a.nodeType||!+a.nodeType};function M(){this.expando=n.expando+M.uid++}M.uid=1,M.prototype={register:function(a,b){var c=b||{};return a.nodeType?a[this.expando]=c:Object.defineProperty(a,this.expando,{value:c,writable:!0,configurable:!0}),a[this.expando]},cache:function(a){if(!L(a))return{};var b=a[this.expando];return b||(b={},L(a)&amp;&amp;(a.nodeType?a[this.expando]=b:Object.defineProperty(a,this.expando,{value:b,configurable:!0}))),b},set:function(a,b,c){var d,e=this.cache(a);if(&quot;string&quot;==typeof b)e[b]=c;else for(d in b)e[d]=b[d];return e},get:function(a,b){return void 0===b?this.cache(a):a[this.expando]&amp;&amp;a[this.expando][b]},access:function(a,b,c){var d;return void 0===b||b&amp;&amp;&quot;string&quot;==typeof b&amp;&amp;void 0===c?(d=this.get(a,b),void 0!==d?d:this.get(a,n.camelCase(b))):(this.set(a,b,c),void 0!==c?c:b)},remove:function(a,b){var c,d,e,f=a[this.expando];if(void 0!==f){if(void 0===b)this.register(a);else{n.isArray(b)?d=b.concat(b.map(n.camelCase)):(e=n.camelCase(b),b in f?d=[b,e]:(d=e,d=d in f?[d]:d.match(G)||[])),c=d.length;while(c--)delete f[d[c]]}(void 0===b||n.isEmptyObject(f))&amp;&amp;(a.nodeType?a[this.expando]=void 0:delete a[this.expando])}},hasData:function(a){var b=a[this.expando];return void 0!==b&amp;&amp;!n.isEmptyObject(b)}};var N=new M,O=new M,P=/^(?:\{[\w\W]*\}|\[[\w\W]*\])$/,Q=/[A-Z]/g;function R(a,b,c){var d;if(void 0===c&amp;&amp;1===a.nodeType)if(d=&quot;data-&quot;+b.replace(Q,&quot;-$&amp;&quot;).toLowerCase(),c=a.getAttribute(d),&quot;string&quot;==typeof c){try{c=&quot;true&quot;===c?!0:&quot;false&quot;===c?!1:&quot;null&quot;===c?null:+c+&quot;&quot;===c?+c:P.test(c)?n.parseJSON(c):c}catch(e){}O.set(a,b,c);&#10;  }else c=void 0;return c}n.extend({hasData:function(a){return O.hasData(a)||N.hasData(a)},data:function(a,b,c){return O.access(a,b,c)},removeData:function(a,b){O.remove(a,b)},_data:function(a,b,c){return N.access(a,b,c)},_removeData:function(a,b){N.remove(a,b)}}),n.fn.extend({data:function(a,b){var c,d,e,f=this[0],g=f&amp;&amp;f.attributes;if(void 0===a){if(this.length&amp;&amp;(e=O.get(f),1===f.nodeType&amp;&amp;!N.get(f,&quot;hasDataAttrs&quot;))){c=g.length;while(c--)g[c]&amp;&amp;(d=g[c].name,0===d.indexOf(&quot;data-&quot;)&amp;&amp;(d=n.camelCase(d.slice(5)),R(f,d,e[d])));N.set(f,&quot;hasDataAttrs&quot;,!0)}return e}return&quot;object&quot;==typeof a?this.each(function(){O.set(this,a)}):K(this,function(b){var c,d;if(f&amp;&amp;void 0===b){if(c=O.get(f,a)||O.get(f,a.replace(Q,&quot;-$&amp;&quot;).toLowerCase()),void 0!==c)return c;if(d=n.camelCase(a),c=O.get(f,d),void 0!==c)return c;if(c=R(f,d,void 0),void 0!==c)return c}else d=n.camelCase(a),this.each(function(){var c=O.get(this,d);O.set(this,d,b),a.indexOf(&quot;-&quot;)&gt;-1&amp;&amp;void 0!==c&amp;&amp;O.set(this,a,b)})},null,b,arguments.length&gt;1,null,!0)},removeData:function(a){return this.each(function(){O.remove(this,a)})}}),n.extend({queue:function(a,b,c){var d;return a?(b=(b||&quot;fx&quot;)+&quot;queue&quot;,d=N.get(a,b),c&amp;&amp;(!d||n.isArray(c)?d=N.access(a,b,n.makeArray(c)):d.push(c)),d||[]):void 0},dequeue:function(a,b){b=b||&quot;fx&quot;;var c=n.queue(a,b),d=c.length,e=c.shift(),f=n._queueHooks(a,b),g=function(){n.dequeue(a,b)};&quot;inprogress&quot;===e&amp;&amp;(e=c.shift(),d--),e&amp;&amp;(&quot;fx&quot;===b&amp;&amp;c.unshift(&quot;inprogress&quot;),delete f.stop,e.call(a,g,f)),!d&amp;&amp;f&amp;&amp;f.empty.fire()},_queueHooks:function(a,b){var c=b+&quot;queueHooks&quot;;return N.get(a,c)||N.access(a,c,{empty:n.Callbacks(&quot;once memory&quot;).add(function(){N.remove(a,[b+&quot;queue&quot;,c])})})}}),n.fn.extend({queue:function(a,b){var c=2;return&quot;string&quot;!=typeof a&amp;&amp;(b=a,a=&quot;fx&quot;,c--),arguments.length&lt;c?n.queue(this[0],a):void 0===b?this:this.each(function(){var c=n.queue(this,a,b);n._queueHooks(this,a),&quot;fx&quot;===a&amp;&amp;&quot;inprogress&quot;!==c[0]&amp;&amp;n.dequeue(this,a)})},dequeue:function(a){return this.each(function(){n.dequeue(this,a)})},clearQueue:function(a){return this.queue(a||&quot;fx&quot;,[])},promise:function(a,b){var c,d=1,e=n.Deferred(),f=this,g=this.length,h=function(){--d||e.resolveWith(f,[f])};&quot;string&quot;!=typeof a&amp;&amp;(b=a,a=void 0),a=a||&quot;fx&quot;;while(g--)c=N.get(f[g],a+&quot;queueHooks&quot;),c&amp;&amp;c.empty&amp;&amp;(d++,c.empty.add(h));return h(),e.promise(b)}});var S=/[+-]?(?:\d*\.|)\d+(?:[eE][+-]?\d+|)/.source,T=new RegExp(&quot;^(?:([+-])=|)(&quot;+S+&quot;)([a-z%]*)$&quot;,&quot;i&quot;),U=[&quot;Top&quot;,&quot;Right&quot;,&quot;Bottom&quot;,&quot;Left&quot;],V=function(a,b){return a=b||a,&quot;none&quot;===n.css(a,&quot;display&quot;)||!n.contains(a.ownerDocument,a)};function W(a,b,c,d){var e,f=1,g=20,h=d?function(){return d.cur()}:function(){return n.css(a,b,&quot;&quot;)},i=h(),j=c&amp;&amp;c[3]||(n.cssNumber[b]?&quot;&quot;:&quot;px&quot;),k=(n.cssNumber[b]||&quot;px&quot;!==j&amp;&amp;+i)&amp;&amp;T.exec(n.css(a,b));if(k&amp;&amp;k[3]!==j){j=j||k[3],c=c||[],k=+i||1;do f=f||&quot;.5&quot;,k/=f,n.style(a,b,k+j);while(f!==(f=h()/i)&amp;&amp;1!==f&amp;&amp;--g)}return c&amp;&amp;(k=+k||+i||0,e=c[1]?k+(c[1]+1)*c[2]:+c[2],d&amp;&amp;(d.unit=j,d.start=k,d.end=e)),e}var X=/^(?:checkbox|radio)$/i,Y=/&lt;([\w:-]+)/,Z=/^$|\/(?:java|ecma)script/i,$={option:[1,&quot;&lt;select multiple=&apos;multiple&apos;&gt;&quot;,&quot;&lt;/select&gt;&quot;],thead:[1,&quot;&lt;table&gt;&quot;,&quot;&lt;/table&gt;&quot;],col:[2,&quot;&lt;table&gt;&lt;colgroup&gt;&quot;,&quot;&lt;/colgroup&gt;&lt;/table&gt;&quot;],tr:[2,&quot;&lt;table&gt;&lt;tbody&gt;&quot;,&quot;&lt;/tbody&gt;&lt;/table&gt;&quot;],td:[3,&quot;&lt;table&gt;&lt;tbody&gt;&lt;tr&gt;&quot;,&quot;&lt;/tr&gt;&lt;/tbody&gt;&lt;/table&gt;&quot;],_default:[0,&quot;&quot;,&quot;&quot;]};$.optgroup=$.option,$.tbody=$.tfoot=$.colgroup=$.caption=$.thead,$.th=$.td;function _(a,b){var c=&quot;undefined&quot;!=typeof a.getElementsByTagName?a.getElementsByTagName(b||&quot;*&quot;):&quot;undefined&quot;!=typeof a.querySelectorAll?a.querySelectorAll(b||&quot;*&quot;):[];return void 0===b||b&amp;&amp;n.nodeName(a,b)?n.merge([a],c):c}function aa(a,b){for(var c=0,d=a.length;d&gt;c;c++)N.set(a[c],&quot;globalEval&quot;,!b||N.get(b[c],&quot;globalEval&quot;))}var ba=/&lt;|&amp;#?\w+;/;function ca(a,b,c,d,e){for(var f,g,h,i,j,k,l=b.createDocumentFragment(),m=[],o=0,p=a.length;p&gt;o;o++)if(f=a[o],f||0===f)if(&quot;object&quot;===n.type(f))n.merge(m,f.nodeType?[f]:f);else if(ba.test(f)){g=g||l.appendChild(b.createElement(&quot;div&quot;)),h=(Y.exec(f)||[&quot;&quot;,&quot;&quot;])[1].toLowerCase(),i=$[h]||$._default,g.innerHTML=i[1]+n.htmlPrefilter(f)+i[2],k=i[0];while(k--)g=g.lastChild;n.merge(m,g.childNodes),g=l.firstChild,g.textContent=&quot;&quot;}else m.push(b.createTextNode(f));l.textContent=&quot;&quot;,o=0;while(f=m[o++])if(d&amp;&amp;n.inArray(f,d)&gt;-1)e&amp;&amp;e.push(f);else if(j=n.contains(f.ownerDocument,f),g=_(l.appendChild(f),&quot;script&quot;),j&amp;&amp;aa(g),c){k=0;while(f=g[k++])Z.test(f.type||&quot;&quot;)&amp;&amp;c.push(f)}return l}!function(){var a=d.createDocumentFragment(),b=a.appendChild(d.createElement(&quot;div&quot;)),c=d.createElement(&quot;input&quot;);c.setAttribute(&quot;type&quot;,&quot;radio&quot;),c.setAttribute(&quot;checked&quot;,&quot;checked&quot;),c.setAttribute(&quot;name&quot;,&quot;t&quot;),b.appendChild(c),l.checkClone=b.cloneNode(!0).cloneNode(!0).lastChild.checked,b.innerHTML=&quot;&lt;textarea&gt;x&lt;/textarea&gt;&quot;,l.noCloneChecked=!!b.cloneNode(!0).lastChild.defaultValue}();var da=/^key/,ea=/^(?:mouse|pointer|contextmenu|drag|drop)|click/,fa=/^([^.]*)(?:\.(.+)|)/;function ga(){return!0}function ha(){return!1}function ia(){try{return d.activeElement}catch(a){}}function ja(a,b,c,d,e,f){var g,h;if(&quot;object&quot;==typeof b){&quot;string&quot;!=typeof c&amp;&amp;(d=d||c,c=void 0);for(h in b)ja(a,h,c,d,b[h],f);return a}if(null==d&amp;&amp;null==e?(e=c,d=c=void 0):null==e&amp;&amp;(&quot;string&quot;==typeof c?(e=d,d=void 0):(e=d,d=c,c=void 0)),e===!1)e=ha;else if(!e)return this;return 1===f&amp;&amp;(g=e,e=function(a){return n().off(a),g.apply(this,arguments)},e.guid=g.guid||(g.guid=n.guid++)),a.each(function(){n.event.add(this,b,e,d,c)})}n.event={global:{},add:function(a,b,c,d,e){var f,g,h,i,j,k,l,m,o,p,q,r=N.get(a);if(r){c.handler&amp;&amp;(f=c,c=f.handler,e=f.selector),c.guid||(c.guid=n.guid++),(i=r.events)||(i=r.events={}),(g=r.handle)||(g=r.handle=function(b){return&quot;undefined&quot;!=typeof n&amp;&amp;n.event.triggered!==b.type?n.event.dispatch.apply(a,arguments):void 0}),b=(b||&quot;&quot;).match(G)||[&quot;&quot;],j=b.length;while(j--)h=fa.exec(b[j])||[],o=q=h[1],p=(h[2]||&quot;&quot;).split(&quot;.&quot;).sort(),o&amp;&amp;(l=n.event.special[o]||{},o=(e?l.delegateType:l.bindType)||o,l=n.event.special[o]||{},k=n.extend({type:o,origType:q,data:d,handler:c,guid:c.guid,selector:e,needsContext:e&amp;&amp;n.expr.match.needsContext.test(e),namespace:p.join(&quot;.&quot;)},f),(m=i[o])||(m=i[o]=[],m.delegateCount=0,l.setup&amp;&amp;l.setup.call(a,d,p,g)!==!1||a.addEventListener&amp;&amp;a.addEventListener(o,g)),l.add&amp;&amp;(l.add.call(a,k),k.handler.guid||(k.handler.guid=c.guid)),e?m.splice(m.delegateCount++,0,k):m.push(k),n.event.global[o]=!0)}},remove:function(a,b,c,d,e){var f,g,h,i,j,k,l,m,o,p,q,r=N.hasData(a)&amp;&amp;N.get(a);if(r&amp;&amp;(i=r.events)){b=(b||&quot;&quot;).match(G)||[&quot;&quot;],j=b.length;while(j--)if(h=fa.exec(b[j])||[],o=q=h[1],p=(h[2]||&quot;&quot;).split(&quot;.&quot;).sort(),o){l=n.event.special[o]||{},o=(d?l.delegateType:l.bindType)||o,m=i[o]||[],h=h[2]&amp;&amp;new RegExp(&quot;(^|\\.)&quot;+p.join(&quot;\\.(?:.*\\.|)&quot;)+&quot;(\\.|$)&quot;),g=f=m.length;while(f--)k=m[f],!e&amp;&amp;q!==k.origType||c&amp;&amp;c.guid!==k.guid||h&amp;&amp;!h.test(k.namespace)||d&amp;&amp;d!==k.selector&amp;&amp;(&quot;**&quot;!==d||!k.selector)||(m.splice(f,1),k.selector&amp;&amp;m.delegateCount--,l.remove&amp;&amp;l.remove.call(a,k));g&amp;&amp;!m.length&amp;&amp;(l.teardown&amp;&amp;l.teardown.call(a,p,r.handle)!==!1||n.removeEvent(a,o,r.handle),delete i[o])}else for(o in i)n.event.remove(a,o+b[j],c,d,!0);n.isEmptyObject(i)&amp;&amp;N.remove(a,&quot;handle events&quot;)}},dispatch:function(a){a=n.event.fix(a);var b,c,d,f,g,h=[],i=e.call(arguments),j=(N.get(this,&quot;events&quot;)||{})[a.type]||[],k=n.event.special[a.type]||{};if(i[0]=a,a.delegateTarget=this,!k.preDispatch||k.preDispatch.call(this,a)!==!1){h=n.event.handlers.call(this,a,j),b=0;while((f=h[b++])&amp;&amp;!a.isPropagationStopped()){a.currentTarget=f.elem,c=0;while((g=f.handlers[c++])&amp;&amp;!a.isImmediatePropagationStopped())(!a.rnamespace||a.rnamespace.test(g.namespace))&amp;&amp;(a.handleObj=g,a.data=g.data,d=((n.event.special[g.origType]||{}).handle||g.handler).apply(f.elem,i),void 0!==d&amp;&amp;(a.result=d)===!1&amp;&amp;(a.preventDefault(),a.stopPropagation()))}return k.postDispatch&amp;&amp;k.postDispatch.call(this,a),a.result}},handlers:function(a,b){var c,d,e,f,g=[],h=b.delegateCount,i=a.target;if(h&amp;&amp;i.nodeType&amp;&amp;(&quot;click&quot;!==a.type||isNaN(a.button)||a.button&lt;1))for(;i!==this;i=i.parentNode||this)if(1===i.nodeType&amp;&amp;(i.disabled!==!0||&quot;click&quot;!==a.type)){for(d=[],c=0;h&gt;c;c++)f=b[c],e=f.selector+&quot; &quot;,void 0===d[e]&amp;&amp;(d[e]=f.needsContext?n(e,this).index(i)&gt;-1:n.find(e,this,null,[i]).length),d[e]&amp;&amp;d.push(f);d.length&amp;&amp;g.push({elem:i,handlers:d})}return h&lt;b.length&amp;&amp;g.push({elem:this,handlers:b.slice(h)}),g},props:&quot;altKey bubbles cancelable ctrlKey currentTarget detail eventPhase metaKey relatedTarget shiftKey target timeStamp view which&quot;.split(&quot; &quot;),fixHooks:{},keyHooks:{props:&quot;char charCode key keyCode&quot;.split(&quot; &quot;),filter:function(a,b){return null==a.which&amp;&amp;(a.which=null!=b.charCode?b.charCode:b.keyCode),a}},mouseHooks:{props:&quot;button buttons clientX clientY offsetX offsetY pageX pageY screenX screenY toElement&quot;.split(&quot; &quot;),filter:function(a,b){var c,e,f,g=b.button;return null==a.pageX&amp;&amp;null!=b.clientX&amp;&amp;(c=a.target.ownerDocument||d,e=c.documentElement,f=c.body,a.pageX=b.clientX+(e&amp;&amp;e.scrollLeft||f&amp;&amp;f.scrollLeft||0)-(e&amp;&amp;e.clientLeft||f&amp;&amp;f.clientLeft||0),a.pageY=b.clientY+(e&amp;&amp;e.scrollTop||f&amp;&amp;f.scrollTop||0)-(e&amp;&amp;e.clientTop||f&amp;&amp;f.clientTop||0)),a.which||void 0===g||(a.which=1&amp;g?1:2&amp;g?3:4&amp;g?2:0),a}},fix:function(a){if(a[n.expando])return a;var b,c,e,f=a.type,g=a,h=this.fixHooks[f];h||(this.fixHooks[f]=h=ea.test(f)?this.mouseHooks:da.test(f)?this.keyHooks:{}),e=h.props?this.props.concat(h.props):this.props,a=new n.Event(g),b=e.length;while(b--)c=e[b],a[c]=g[c];return a.target||(a.target=d),3===a.target.nodeType&amp;&amp;(a.target=a.target.parentNode),h.filter?h.filter(a,g):a},special:{load:{noBubble:!0},focus:{trigger:function(){return this!==ia()&amp;&amp;this.focus?(this.focus(),!1):void 0},delegateType:&quot;focusin&quot;},blur:{trigger:function(){return this===ia()&amp;&amp;this.blur?(this.blur(),!1):void 0},delegateType:&quot;focusout&quot;},click:{trigger:function(){return&quot;checkbox&quot;===this.type&amp;&amp;this.click&amp;&amp;n.nodeName(this,&quot;input&quot;)?(this.click(),!1):void 0},_default:function(a){return n.nodeName(a.target,&quot;a&quot;)}},beforeunload:{postDispatch:function(a){void 0!==a.result&amp;&amp;a.originalEvent&amp;&amp;(a.originalEvent.returnValue=a.result)}}}},n.removeEvent=function(a,b,c){a.removeEventListener&amp;&amp;a.removeEventListener(b,c)},n.Event=function(a,b){return this instanceof n.Event?(a&amp;&amp;a.type?(this.originalEvent=a,this.type=a.type,this.isDefaultPrevented=a.defaultPrevented||void 0===a.defaultPrevented&amp;&amp;a.returnValue===!1?ga:ha):this.type=a,b&amp;&amp;n.extend(this,b),this.timeStamp=a&amp;&amp;a.timeStamp||n.now(),void(this[n.expando]=!0)):new n.Event(a,b)},n.Event.prototype={constructor:n.Event,isDefaultPrevented:ha,isPropagationStopped:ha,isImmediatePropagationStopped:ha,preventDefault:function(){var a=this.originalEvent;this.isDefaultPrevented=ga,a&amp;&amp;a.preventDefault()},stopPropagation:function(){var a=this.originalEvent;this.isPropagationStopped=ga,a&amp;&amp;a.stopPropagation()},stopImmediatePropagation:function(){var a=this.originalEvent;this.isImmediatePropagationStopped=ga,a&amp;&amp;a.stopImmediatePropagation(),this.stopPropagation()}},n.each({mouseenter:&quot;mouseover&quot;,mouseleave:&quot;mouseout&quot;,pointerenter:&quot;pointerover&quot;,pointerleave:&quot;pointerout&quot;},function(a,b){n.event.special[a]={delegateType:b,bindType:b,handle:function(a){var c,d=this,e=a.relatedTarget,f=a.handleObj;return(!e||e!==d&amp;&amp;!n.contains(d,e))&amp;&amp;(a.type=f.origType,c=f.handler.apply(this,arguments),a.type=b),c}}}),n.fn.extend({on:function(a,b,c,d){return ja(this,a,b,c,d)},one:function(a,b,c,d){return ja(this,a,b,c,d,1)},off:function(a,b,c){var d,e;if(a&amp;&amp;a.preventDefault&amp;&amp;a.handleObj)return d=a.handleObj,n(a.delegateTarget).off(d.namespace?d.origType+&quot;.&quot;+d.namespace:d.origType,d.selector,d.handler),this;if(&quot;object&quot;==typeof a){for(e in a)this.off(e,b,a[e]);return this}return(b===!1||&quot;function&quot;==typeof b)&amp;&amp;(c=b,b=void 0),c===!1&amp;&amp;(c=ha),this.each(function(){n.event.remove(this,a,c,b)})}});var ka=/&lt;(?!area|br|col|embed|hr|img|input|link|meta|param)(([\w:-]+)[^&gt;]*)\/&gt;/gi,la=/&lt;script|&lt;style|&lt;link/i,ma=/checked\s*(?:[^=]|=\s*.checked.)/i,na=/^true\/(.*)/,oa=/^\s*&lt;!(?:\[CDATA\[|--)|(?:\]\]|--)&gt;\s*$/g;function pa(a,b){return n.nodeName(a,&quot;table&quot;)&amp;&amp;n.nodeName(11!==b.nodeType?b:b.firstChild,&quot;tr&quot;)?a.getElementsByTagName(&quot;tbody&quot;)[0]||a:a}function qa(a){return a.type=(null!==a.getAttribute(&quot;type&quot;))+&quot;/&quot;+a.type,a}function ra(a){var b=na.exec(a.type);return b?a.type=b[1]:a.removeAttribute(&quot;type&quot;),a}function sa(a,b){var c,d,e,f,g,h,i,j;if(1===b.nodeType){if(N.hasData(a)&amp;&amp;(f=N.access(a),g=N.set(b,f),j=f.events)){delete g.handle,g.events={};for(e in j)for(c=0,d=j[e].length;d&gt;c;c++)n.event.add(b,e,j[e][c])}O.hasData(a)&amp;&amp;(h=O.access(a),i=n.extend({},h),O.set(b,i))}}function ta(a,b){var c=b.nodeName.toLowerCase();&quot;input&quot;===c&amp;&amp;X.test(a.type)?b.checked=a.checked:(&quot;input&quot;===c||&quot;textarea&quot;===c)&amp;&amp;(b.defaultValue=a.defaultValue)}function ua(a,b,c,d){b=f.apply([],b);var e,g,h,i,j,k,m=0,o=a.length,p=o-1,q=b[0],r=n.isFunction(q);if(r||o&gt;1&amp;&amp;&quot;string&quot;==typeof q&amp;&amp;!l.checkClone&amp;&amp;ma.test(q))return a.each(function(e){var f=a.eq(e);r&amp;&amp;(b[0]=q.call(this,e,f.html())),ua(f,b,c,d)});if(o&amp;&amp;(e=ca(b,a[0].ownerDocument,!1,a,d),g=e.firstChild,1===e.childNodes.length&amp;&amp;(e=g),g||d)){for(h=n.map(_(e,&quot;script&quot;),qa),i=h.length;o&gt;m;m++)j=e,m!==p&amp;&amp;(j=n.clone(j,!0,!0),i&amp;&amp;n.merge(h,_(j,&quot;script&quot;))),c.call(a[m],j,m);if(i)for(k=h[h.length-1].ownerDocument,n.map(h,ra),m=0;i&gt;m;m++)j=h[m],Z.test(j.type||&quot;&quot;)&amp;&amp;!N.access(j,&quot;globalEval&quot;)&amp;&amp;n.contains(k,j)&amp;&amp;(j.src?n._evalUrl&amp;&amp;n._evalUrl(j.src):n.globalEval(j.textContent.replace(oa,&quot;&quot;)))}return a}function va(a,b,c){for(var d,e=b?n.filter(b,a):a,f=0;null!=(d=e[f]);f++)c||1!==d.nodeType||n.cleanData(_(d)),d.parentNode&amp;&amp;(c&amp;&amp;n.contains(d.ownerDocument,d)&amp;&amp;aa(_(d,&quot;script&quot;)),d.parentNode.removeChild(d));return a}n.extend({htmlPrefilter:function(a){return a.replace(ka,&quot;&lt;$1&gt;&lt;/$2&gt;&quot;)},clone:function(a,b,c){var d,e,f,g,h=a.cloneNode(!0),i=n.contains(a.ownerDocument,a);if(!(l.noCloneChecked||1!==a.nodeType&amp;&amp;11!==a.nodeType||n.isXMLDoc(a)))for(g=_(h),f=_(a),d=0,e=f.length;e&gt;d;d++)ta(f[d],g[d]);if(b)if(c)for(f=f||_(a),g=g||_(h),d=0,e=f.length;e&gt;d;d++)sa(f[d],g[d]);else sa(a,h);return g=_(h,&quot;script&quot;),g.length&gt;0&amp;&amp;aa(g,!i&amp;&amp;_(a,&quot;script&quot;)),h},cleanData:function(a){for(var b,c,d,e=n.event.special,f=0;void 0!==(c=a[f]);f++)if(L(c)){if(b=c[N.expando]){if(b.events)for(d in b.events)e[d]?n.event.remove(c,d):n.removeEvent(c,d,b.handle);c[N.expando]=void 0}c[O.expando]&amp;&amp;(c[O.expando]=void 0)}}}),n.fn.extend({domManip:ua,detach:function(a){return va(this,a,!0)},remove:function(a){return va(this,a)},text:function(a){return K(this,function(a){return void 0===a?n.text(this):this.empty().each(function(){(1===this.nodeType||11===this.nodeType||9===this.nodeType)&amp;&amp;(this.textContent=a)})},null,a,arguments.length)},append:function(){return ua(this,arguments,function(a){if(1===this.nodeType||11===this.nodeType||9===this.nodeType){var b=pa(this,a);b.appendChild(a)}})},prepend:function(){return ua(this,arguments,function(a){if(1===this.nodeType||11===this.nodeType||9===this.nodeType){var b=pa(this,a);b.insertBefore(a,b.firstChild)}})},before:function(){return ua(this,arguments,function(a){this.parentNode&amp;&amp;this.parentNode.insertBefore(a,this)})},after:function(){return ua(this,arguments,function(a){this.parentNode&amp;&amp;this.parentNode.insertBefore(a,this.nextSibling)})},empty:function(){for(var a,b=0;null!=(a=this[b]);b++)1===a.nodeType&amp;&amp;(n.cleanData(_(a,!1)),a.textContent=&quot;&quot;);return this},clone:function(a,b){return a=null==a?!1:a,b=null==b?a:b,this.map(function(){return n.clone(this,a,b)})},html:function(a){return K(this,function(a){var b=this[0]||{},c=0,d=this.length;if(void 0===a&amp;&amp;1===b.nodeType)return b.innerHTML;if(&quot;string&quot;==typeof a&amp;&amp;!la.test(a)&amp;&amp;!$[(Y.exec(a)||[&quot;&quot;,&quot;&quot;])[1].toLowerCase()]){a=n.htmlPrefilter(a);try{for(;d&gt;c;c++)b=this[c]||{},1===b.nodeType&amp;&amp;(n.cleanData(_(b,!1)),b.innerHTML=a);b=0}catch(e){}}b&amp;&amp;this.empty().append(a)},null,a,arguments.length)},replaceWith:function(){var a=[];return ua(this,arguments,function(b){var c=this.parentNode;n.inArray(this,a)&lt;0&amp;&amp;(n.cleanData(_(this)),c&amp;&amp;c.replaceChild(b,this))},a)}}),n.each({appendTo:&quot;append&quot;,prependTo:&quot;prepend&quot;,insertBefore:&quot;before&quot;,insertAfter:&quot;after&quot;,replaceAll:&quot;replaceWith&quot;},function(a,b){n.fn[a]=function(a){for(var c,d=[],e=n(a),f=e.length-1,h=0;f&gt;=h;h++)c=h===f?this:this.clone(!0),n(e[h])[b](c),g.apply(d,c.get());return this.pushStack(d)}});var wa,xa={HTML:&quot;block&quot;,BODY:&quot;block&quot;};function ya(a,b){var c=n(b.createElement(a)).appendTo(b.body),d=n.css(c[0],&quot;display&quot;);return c.detach(),d}function za(a){var b=d,c=xa[a];return c||(c=ya(a,b),&quot;none&quot;!==c&amp;&amp;c||(wa=(wa||n(&quot;&lt;iframe frameborder=&apos;0&apos; width=&apos;0&apos; height=&apos;0&apos;/&gt;&quot;)).appendTo(b.documentElement),b=wa[0].contentDocument,b.write(),b.close(),c=ya(a,b),wa.detach()),xa[a]=c),c}var Aa=/^margin/,Ba=new RegExp(&quot;^(&quot;+S+&quot;)(?!px)[a-z%]+$&quot;,&quot;i&quot;),Ca=function(b){var c=b.ownerDocument.defaultView;return c.opener||(c=a),c.getComputedStyle(b)},Da=function(a,b,c,d){var e,f,g={};for(f in b)g[f]=a.style[f],a.style[f]=b[f];e=c.apply(a,d||[]);for(f in b)a.style[f]=g[f];return e},Ea=d.documentElement;!function(){var b,c,e,f,g=d.createElement(&quot;div&quot;),h=d.createElement(&quot;div&quot;);if(h.style){h.style.backgroundClip=&quot;content-box&quot;,h.cloneNode(!0).style.backgroundClip=&quot;&quot;,l.clearCloneStyle=&quot;content-box&quot;===h.style.backgroundClip,g.style.cssText=&quot;border:0;width:8px;height:0;top:0;left:-9999px;padding:0;margin-top:1px;position:absolute&quot;,g.appendChild(h);function i(){h.style.cssText=&quot;-webkit-box-sizing:border-box;-moz-box-sizing:border-box;box-sizing:border-box;position:relative;display:block;margin:auto;border:1px;padding:1px;top:1%;width:50%&quot;,h.innerHTML=&quot;&quot;,Ea.appendChild(g);var d=a.getComputedStyle(h);b=&quot;1%&quot;!==d.top,f=&quot;2px&quot;===d.marginLeft,c=&quot;4px&quot;===d.width,h.style.marginRight=&quot;50%&quot;,e=&quot;4px&quot;===d.marginRight,Ea.removeChild(g)}n.extend(l,{pixelPosition:function(){return i(),b},boxSizingReliable:function(){return null==c&amp;&amp;i(),c},pixelMarginRight:function(){return null==c&amp;&amp;i(),e},reliableMarginLeft:function(){return null==c&amp;&amp;i(),f},reliableMarginRight:function(){var b,c=h.appendChild(d.createElement(&quot;div&quot;));return c.style.cssText=h.style.cssText=&quot;-webkit-box-sizing:content-box;box-sizing:content-box;display:block;margin:0;border:0;padding:0&quot;,c.style.marginRight=c.style.width=&quot;0&quot;,h.style.width=&quot;1px&quot;,Ea.appendChild(g),b=!parseFloat(a.getComputedStyle(c).marginRight),Ea.removeChild(g),h.removeChild(c),b}})}}();function Fa(a,b,c){var d,e,f,g,h=a.style;return c=c||Ca(a),c&amp;&amp;(g=c.getPropertyValue(b)||c[b],&quot;&quot;!==g||n.contains(a.ownerDocument,a)||(g=n.style(a,b)),!l.pixelMarginRight()&amp;&amp;Ba.test(g)&amp;&amp;Aa.test(b)&amp;&amp;(d=h.width,e=h.minWidth,f=h.maxWidth,h.minWidth=h.maxWidth=h.width=g,g=c.width,h.width=d,h.minWidth=e,h.maxWidth=f)),void 0!==g?g+&quot;&quot;:g}function Ga(a,b){return{get:function(){return a()?void delete this.get:(this.get=b).apply(this,arguments)}}}var Ha=/^(none|table(?!-c[ea]).+)/,Ia={position:&quot;absolute&quot;,visibility:&quot;hidden&quot;,display:&quot;block&quot;},Ja={letterSpacing:&quot;0&quot;,fontWeight:&quot;400&quot;},Ka=[&quot;Webkit&quot;,&quot;O&quot;,&quot;Moz&quot;,&quot;ms&quot;],La=d.createElement(&quot;div&quot;).style;function Ma(a){if(a in La)return a;var b=a[0].toUpperCase()+a.slice(1),c=Ka.length;while(c--)if(a=Ka[c]+b,a in La)return a}function Na(a,b,c){var d=T.exec(b);return d?Math.max(0,d[2]-(c||0))+(d[3]||&quot;px&quot;):b}function Oa(a,b,c,d,e){for(var f=c===(d?&quot;border&quot;:&quot;content&quot;)?4:&quot;width&quot;===b?1:0,g=0;4&gt;f;f+=2)&quot;margin&quot;===c&amp;&amp;(g+=n.css(a,c+U[f],!0,e)),d?(&quot;content&quot;===c&amp;&amp;(g-=n.css(a,&quot;padding&quot;+U[f],!0,e)),&quot;margin&quot;!==c&amp;&amp;(g-=n.css(a,&quot;border&quot;+U[f]+&quot;Width&quot;,!0,e))):(g+=n.css(a,&quot;padding&quot;+U[f],!0,e),&quot;padding&quot;!==c&amp;&amp;(g+=n.css(a,&quot;border&quot;+U[f]+&quot;Width&quot;,!0,e)));return g}function Pa(b,c,e){var f=!0,g=&quot;width&quot;===c?b.offsetWidth:b.offsetHeight,h=Ca(b),i=&quot;border-box&quot;===n.css(b,&quot;boxSizing&quot;,!1,h);if(d.msFullscreenElement&amp;&amp;a.top!==a&amp;&amp;b.getClientRects().length&amp;&amp;(g=Math.round(100*b.getBoundingClientRect()[c])),0&gt;=g||null==g){if(g=Fa(b,c,h),(0&gt;g||null==g)&amp;&amp;(g=b.style[c]),Ba.test(g))return g;f=i&amp;&amp;(l.boxSizingReliable()||g===b.style[c]),g=parseFloat(g)||0}return g+Oa(b,c,e||(i?&quot;border&quot;:&quot;content&quot;),f,h)+&quot;px&quot;}function Qa(a,b){for(var c,d,e,f=[],g=0,h=a.length;h&gt;g;g++)d=a[g],d.style&amp;&amp;(f[g]=N.get(d,&quot;olddisplay&quot;),c=d.style.display,b?(f[g]||&quot;none&quot;!==c||(d.style.display=&quot;&quot;),&quot;&quot;===d.style.display&amp;&amp;V(d)&amp;&amp;(f[g]=N.access(d,&quot;olddisplay&quot;,za(d.nodeName)))):(e=V(d),&quot;none&quot;===c&amp;&amp;e||N.set(d,&quot;olddisplay&quot;,e?c:n.css(d,&quot;display&quot;))));for(g=0;h&gt;g;g++)d=a[g],d.style&amp;&amp;(b&amp;&amp;&quot;none&quot;!==d.style.display&amp;&amp;&quot;&quot;!==d.style.display||(d.style.display=b?f[g]||&quot;&quot;:&quot;none&quot;));return a}n.extend({cssHooks:{opacity:{get:function(a,b){if(b){var c=Fa(a,&quot;opacity&quot;);return&quot;&quot;===c?&quot;1&quot;:c}}}},cssNumber:{animationIterationCount:!0,columnCount:!0,fillOpacity:!0,flexGrow:!0,flexShrink:!0,fontWeight:!0,lineHeight:!0,opacity:!0,order:!0,orphans:!0,widows:!0,zIndex:!0,zoom:!0},cssProps:{&quot;float&quot;:&quot;cssFloat&quot;},style:function(a,b,c,d){if(a&amp;&amp;3!==a.nodeType&amp;&amp;8!==a.nodeType&amp;&amp;a.style){var e,f,g,h=n.camelCase(b),i=a.style;return b=n.cssProps[h]||(n.cssProps[h]=Ma(h)||h),g=n.cssHooks[b]||n.cssHooks[h],void 0===c?g&amp;&amp;&quot;get&quot;in g&amp;&amp;void 0!==(e=g.get(a,!1,d))?e:i[b]:(f=typeof c,&quot;string&quot;===f&amp;&amp;(e=T.exec(c))&amp;&amp;e[1]&amp;&amp;(c=W(a,b,e),f=&quot;number&quot;),null!=c&amp;&amp;c===c&amp;&amp;(&quot;number&quot;===f&amp;&amp;(c+=e&amp;&amp;e[3]||(n.cssNumber[h]?&quot;&quot;:&quot;px&quot;)),l.clearCloneStyle||&quot;&quot;!==c||0!==b.indexOf(&quot;background&quot;)||(i[b]=&quot;inherit&quot;),g&amp;&amp;&quot;set&quot;in g&amp;&amp;void 0===(c=g.set(a,c,d))||(i[b]=c)),void 0)}},css:function(a,b,c,d){var e,f,g,h=n.camelCase(b);return b=n.cssProps[h]||(n.cssProps[h]=Ma(h)||h),g=n.cssHooks[b]||n.cssHooks[h],g&amp;&amp;&quot;get&quot;in g&amp;&amp;(e=g.get(a,!0,c)),void 0===e&amp;&amp;(e=Fa(a,b,d)),&quot;normal&quot;===e&amp;&amp;b in Ja&amp;&amp;(e=Ja[b]),&quot;&quot;===c||c?(f=parseFloat(e),c===!0||isFinite(f)?f||0:e):e}}),n.each([&quot;height&quot;,&quot;width&quot;],function(a,b){n.cssHooks[b]={get:function(a,c,d){return c?Ha.test(n.css(a,&quot;display&quot;))&amp;&amp;0===a.offsetWidth?Da(a,Ia,function(){return Pa(a,b,d)}):Pa(a,b,d):void 0},set:function(a,c,d){var e,f=d&amp;&amp;Ca(a),g=d&amp;&amp;Oa(a,b,d,&quot;border-box&quot;===n.css(a,&quot;boxSizing&quot;,!1,f),f);return g&amp;&amp;(e=T.exec(c))&amp;&amp;&quot;px&quot;!==(e[3]||&quot;px&quot;)&amp;&amp;(a.style[b]=c,c=n.css(a,b)),Na(a,c,g)}}}),n.cssHooks.marginLeft=Ga(l.reliableMarginLeft,function(a,b){return b?(parseFloat(Fa(a,&quot;marginLeft&quot;))||a.getBoundingClientRect().left-Da(a,{marginLeft:0},function(){return a.getBoundingClientRect().left}))+&quot;px&quot;:void 0}),n.cssHooks.marginRight=Ga(l.reliableMarginRight,function(a,b){return b?Da(a,{display:&quot;inline-block&quot;},Fa,[a,&quot;marginRight&quot;]):void 0}),n.each({margin:&quot;&quot;,padding:&quot;&quot;,border:&quot;Width&quot;},function(a,b){n.cssHooks[a+b]={expand:function(c){for(var d=0,e={},f=&quot;string&quot;==typeof c?c.split(&quot; &quot;):[c];4&gt;d;d++)e[a+U[d]+b]=f[d]||f[d-2]||f[0];return e}},Aa.test(a)||(n.cssHooks[a+b].set=Na)}),n.fn.extend({css:function(a,b){return K(this,function(a,b,c){var d,e,f={},g=0;if(n.isArray(b)){for(d=Ca(a),e=b.length;e&gt;g;g++)f[b[g]]=n.css(a,b[g],!1,d);return f}return void 0!==c?n.style(a,b,c):n.css(a,b)},a,b,arguments.length&gt;1)},show:function(){return Qa(this,!0)},hide:function(){return Qa(this)},toggle:function(a){return&quot;boolean&quot;==typeof a?a?this.show():this.hide():this.each(function(){V(this)?n(this).show():n(this).hide()})}});function Ra(a,b,c,d,e){return new Ra.prototype.init(a,b,c,d,e)}n.Tween=Ra,Ra.prototype={constructor:Ra,init:function(a,b,c,d,e,f){this.elem=a,this.prop=c,this.easing=e||n.easing._default,this.options=b,this.start=this.now=this.cur(),this.end=d,this.unit=f||(n.cssNumber[c]?&quot;&quot;:&quot;px&quot;)},cur:function(){var a=Ra.propHooks[this.prop];return a&amp;&amp;a.get?a.get(this):Ra.propHooks._default.get(this)},run:function(a){var b,c=Ra.propHooks[this.prop];return this.options.duration?this.pos=b=n.easing[this.easing](a,this.options.duration*a,0,1,this.options.duration):this.pos=b=a,this.now=(this.end-this.start)*b+this.start,this.options.step&amp;&amp;this.options.step.call(this.elem,this.now,this),c&amp;&amp;c.set?c.set(this):Ra.propHooks._default.set(this),this}},Ra.prototype.init.prototype=Ra.prototype,Ra.propHooks={_default:{get:function(a){var b;return 1!==a.elem.nodeType||null!=a.elem[a.prop]&amp;&amp;null==a.elem.style[a.prop]?a.elem[a.prop]:(b=n.css(a.elem,a.prop,&quot;&quot;),b&amp;&amp;&quot;auto&quot;!==b?b:0)},set:function(a){n.fx.step[a.prop]?n.fx.step[a.prop](a):1!==a.elem.nodeType||null==a.elem.style[n.cssProps[a.prop]]&amp;&amp;!n.cssHooks[a.prop]?a.elem[a.prop]=a.now:n.style(a.elem,a.prop,a.now+a.unit)}}},Ra.propHooks.scrollTop=Ra.propHooks.scrollLeft={set:function(a){a.elem.nodeType&amp;&amp;a.elem.parentNode&amp;&amp;(a.elem[a.prop]=a.now)}},n.easing={linear:function(a){return a},swing:function(a){return.5-Math.cos(a*Math.PI)/2},_default:&quot;swing&quot;},n.fx=Ra.prototype.init,n.fx.step={};var Sa,Ta,Ua=/^(?:toggle|show|hide)$/,Va=/queueHooks$/;function Wa(){return a.setTimeout(function(){Sa=void 0}),Sa=n.now()}function Xa(a,b){var c,d=0,e={height:a};for(b=b?1:0;4&gt;d;d+=2-b)c=U[d],e[&quot;margin&quot;+c]=e[&quot;padding&quot;+c]=a;return b&amp;&amp;(e.opacity=e.width=a),e}function Ya(a,b,c){for(var d,e=(_a.tweeners[b]||[]).concat(_a.tweeners[&quot;*&quot;]),f=0,g=e.length;g&gt;f;f++)if(d=e[f].call(c,b,a))return d}function Za(a,b,c){var d,e,f,g,h,i,j,k,l=this,m={},o=a.style,p=a.nodeType&amp;&amp;V(a),q=N.get(a,&quot;fxshow&quot;);c.queue||(h=n._queueHooks(a,&quot;fx&quot;),null==h.unqueued&amp;&amp;(h.unqueued=0,i=h.empty.fire,h.empty.fire=function(){h.unqueued||i()}),h.unqueued++,l.always(function(){l.always(function(){h.unqueued--,n.queue(a,&quot;fx&quot;).length||h.empty.fire()})})),1===a.nodeType&amp;&amp;(&quot;height&quot;in b||&quot;width&quot;in b)&amp;&amp;(c.overflow=[o.overflow,o.overflowX,o.overflowY],j=n.css(a,&quot;display&quot;),k=&quot;none&quot;===j?N.get(a,&quot;olddisplay&quot;)||za(a.nodeName):j,&quot;inline&quot;===k&amp;&amp;&quot;none&quot;===n.css(a,&quot;float&quot;)&amp;&amp;(o.display=&quot;inline-block&quot;)),c.overflow&amp;&amp;(o.overflow=&quot;hidden&quot;,l.always(function(){o.overflow=c.overflow[0],o.overflowX=c.overflow[1],o.overflowY=c.overflow[2]}));for(d in b)if(e=b[d],Ua.exec(e)){if(delete b[d],f=f||&quot;toggle&quot;===e,e===(p?&quot;hide&quot;:&quot;show&quot;)){if(&quot;show&quot;!==e||!q||void 0===q[d])continue;p=!0}m[d]=q&amp;&amp;q[d]||n.style(a,d)}else j=void 0;if(n.isEmptyObject(m))&quot;inline&quot;===(&quot;none&quot;===j?za(a.nodeName):j)&amp;&amp;(o.display=j);else{q?&quot;hidden&quot;in q&amp;&amp;(p=q.hidden):q=N.access(a,&quot;fxshow&quot;,{}),f&amp;&amp;(q.hidden=!p),p?n(a).show():l.done(function(){n(a).hide()}),l.done(function(){var b;N.remove(a,&quot;fxshow&quot;);for(b in m)n.style(a,b,m[b])});for(d in m)g=Ya(p?q[d]:0,d,l),d in q||(q[d]=g.start,p&amp;&amp;(g.end=g.start,g.start=&quot;width&quot;===d||&quot;height&quot;===d?1:0))}}function $a(a,b){var c,d,e,f,g;for(c in a)if(d=n.camelCase(c),e=b[d],f=a[c],n.isArray(f)&amp;&amp;(e=f[1],f=a[c]=f[0]),c!==d&amp;&amp;(a[d]=f,delete a[c]),g=n.cssHooks[d],g&amp;&amp;&quot;expand&quot;in g){f=g.expand(f),delete a[d];for(c in f)c in a||(a[c]=f[c],b[c]=e)}else b[d]=e}function _a(a,b,c){var d,e,f=0,g=_a.prefilters.length,h=n.Deferred().always(function(){delete i.elem}),i=function(){if(e)return!1;for(var b=Sa||Wa(),c=Math.max(0,j.startTime+j.duration-b),d=c/j.duration||0,f=1-d,g=0,i=j.tweens.length;i&gt;g;g++)j.tweens[g].run(f);return h.notifyWith(a,[j,f,c]),1&gt;f&amp;&amp;i?c:(h.resolveWith(a,[j]),!1)},j=h.promise({elem:a,props:n.extend({},b),opts:n.extend(!0,{specialEasing:{},easing:n.easing._default},c),originalProperties:b,originalOptions:c,startTime:Sa||Wa(),duration:c.duration,tweens:[],createTween:function(b,c){var d=n.Tween(a,j.opts,b,c,j.opts.specialEasing[b]||j.opts.easing);return j.tweens.push(d),d},stop:function(b){var c=0,d=b?j.tweens.length:0;if(e)return this;for(e=!0;d&gt;c;c++)j.tweens[c].run(1);return b?(h.notifyWith(a,[j,1,0]),h.resolveWith(a,[j,b])):h.rejectWith(a,[j,b]),this}}),k=j.props;for($a(k,j.opts.specialEasing);g&gt;f;f++)if(d=_a.prefilters[f].call(j,a,k,j.opts))return n.isFunction(d.stop)&amp;&amp;(n._queueHooks(j.elem,j.opts.queue).stop=n.proxy(d.stop,d)),d;return n.map(k,Ya,j),n.isFunction(j.opts.start)&amp;&amp;j.opts.start.call(a,j),n.fx.timer(n.extend(i,{elem:a,anim:j,queue:j.opts.queue})),j.progress(j.opts.progress).done(j.opts.done,j.opts.complete).fail(j.opts.fail).always(j.opts.always)}n.Animation=n.extend(_a,{tweeners:{&quot;*&quot;:[function(a,b){var c=this.createTween(a,b);return W(c.elem,a,T.exec(b),c),c}]},tweener:function(a,b){n.isFunction(a)?(b=a,a=[&quot;*&quot;]):a=a.match(G);for(var c,d=0,e=a.length;e&gt;d;d++)c=a[d],_a.tweeners[c]=_a.tweeners[c]||[],_a.tweeners[c].unshift(b)},prefilters:[Za],prefilter:function(a,b){b?_a.prefilters.unshift(a):_a.prefilters.push(a)}}),n.speed=function(a,b,c){var d=a&amp;&amp;&quot;object&quot;==typeof a?n.extend({},a):{complete:c||!c&amp;&amp;b||n.isFunction(a)&amp;&amp;a,duration:a,easing:c&amp;&amp;b||b&amp;&amp;!n.isFunction(b)&amp;&amp;b};return d.duration=n.fx.off?0:&quot;number&quot;==typeof d.duration?d.duration:d.duration in n.fx.speeds?n.fx.speeds[d.duration]:n.fx.speeds._default,(null==d.queue||d.queue===!0)&amp;&amp;(d.queue=&quot;fx&quot;),d.old=d.complete,d.complete=function(){n.isFunction(d.old)&amp;&amp;d.old.call(this),d.queue&amp;&amp;n.dequeue(this,d.queue)},d},n.fn.extend({fadeTo:function(a,b,c,d){return this.filter(V).css(&quot;opacity&quot;,0).show().end().animate({opacity:b},a,c,d)},animate:function(a,b,c,d){var e=n.isEmptyObject(a),f=n.speed(b,c,d),g=function(){var b=_a(this,n.extend({},a),f);(e||N.get(this,&quot;finish&quot;))&amp;&amp;b.stop(!0)};return g.finish=g,e||f.queue===!1?this.each(g):this.queue(f.queue,g)},stop:function(a,b,c){var d=function(a){var b=a.stop;delete a.stop,b(c)};return&quot;string&quot;!=typeof a&amp;&amp;(c=b,b=a,a=void 0),b&amp;&amp;a!==!1&amp;&amp;this.queue(a||&quot;fx&quot;,[]),this.each(function(){var b=!0,e=null!=a&amp;&amp;a+&quot;queueHooks&quot;,f=n.timers,g=N.get(this);if(e)g[e]&amp;&amp;g[e].stop&amp;&amp;d(g[e]);else for(e in g)g[e]&amp;&amp;g[e].stop&amp;&amp;Va.test(e)&amp;&amp;d(g[e]);for(e=f.length;e--;)f[e].elem!==this||null!=a&amp;&amp;f[e].queue!==a||(f[e].anim.stop(c),b=!1,f.splice(e,1));(b||!c)&amp;&amp;n.dequeue(this,a)})},finish:function(a){return a!==!1&amp;&amp;(a=a||&quot;fx&quot;),this.each(function(){var b,c=N.get(this),d=c[a+&quot;queue&quot;],e=c[a+&quot;queueHooks&quot;],f=n.timers,g=d?d.length:0;for(c.finish=!0,n.queue(this,a,[]),e&amp;&amp;e.stop&amp;&amp;e.stop.call(this,!0),b=f.length;b--;)f[b].elem===this&amp;&amp;f[b].queue===a&amp;&amp;(f[b].anim.stop(!0),f.splice(b,1));for(b=0;g&gt;b;b++)d[b]&amp;&amp;d[b].finish&amp;&amp;d[b].finish.call(this);delete c.finish})}}),n.each([&quot;toggle&quot;,&quot;show&quot;,&quot;hide&quot;],function(a,b){var c=n.fn[b];n.fn[b]=function(a,d,e){return null==a||&quot;boolean&quot;==typeof a?c.apply(this,arguments):this.animate(Xa(b,!0),a,d,e)}}),n.each({slideDown:Xa(&quot;show&quot;),slideUp:Xa(&quot;hide&quot;),slideToggle:Xa(&quot;toggle&quot;),fadeIn:{opacity:&quot;show&quot;},fadeOut:{opacity:&quot;hide&quot;},fadeToggle:{opacity:&quot;toggle&quot;}},function(a,b){n.fn[a]=function(a,c,d){return this.animate(b,a,c,d)}}),n.timers=[],n.fx.tick=function(){var a,b=0,c=n.timers;for(Sa=n.now();b&lt;c.length;b++)a=c[b],a()||c[b]!==a||c.splice(b--,1);c.length||n.fx.stop(),Sa=void 0},n.fx.timer=function(a){n.timers.push(a),a()?n.fx.start():n.timers.pop()},n.fx.interval=13,n.fx.start=function(){Ta||(Ta=a.setInterval(n.fx.tick,n.fx.interval))},n.fx.stop=function(){a.clearInterval(Ta),Ta=null},n.fx.speeds={slow:600,fast:200,_default:400},n.fn.delay=function(b,c){return b=n.fx?n.fx.speeds[b]||b:b,c=c||&quot;fx&quot;,this.queue(c,function(c,d){var e=a.setTimeout(c,b);d.stop=function(){a.clearTimeout(e)}})},function(){var a=d.createElement(&quot;input&quot;),b=d.createElement(&quot;select&quot;),c=b.appendChild(d.createElement(&quot;option&quot;));a.type=&quot;checkbox&quot;,l.checkOn=&quot;&quot;!==a.value,l.optSelected=c.selected,b.disabled=!0,l.optDisabled=!c.disabled,a=d.createElement(&quot;input&quot;),a.value=&quot;t&quot;,a.type=&quot;radio&quot;,l.radioValue=&quot;t&quot;===a.value}();var ab,bb=n.expr.attrHandle;n.fn.extend({attr:function(a,b){return K(this,n.attr,a,b,arguments.length&gt;1)},removeAttr:function(a){return this.each(function(){n.removeAttr(this,a)})}}),n.extend({attr:function(a,b,c){var d,e,f=a.nodeType;if(3!==f&amp;&amp;8!==f&amp;&amp;2!==f)return&quot;undefined&quot;==typeof a.getAttribute?n.prop(a,b,c):(1===f&amp;&amp;n.isXMLDoc(a)||(b=b.toLowerCase(),e=n.attrHooks[b]||(n.expr.match.bool.test(b)?ab:void 0)),void 0!==c?null===c?void n.removeAttr(a,b):e&amp;&amp;&quot;set&quot;in e&amp;&amp;void 0!==(d=e.set(a,c,b))?d:(a.setAttribute(b,c+&quot;&quot;),c):e&amp;&amp;&quot;get&quot;in e&amp;&amp;null!==(d=e.get(a,b))?d:(d=n.find.attr(a,b),null==d?void 0:d))},attrHooks:{type:{set:function(a,b){if(!l.radioValue&amp;&amp;&quot;radio&quot;===b&amp;&amp;n.nodeName(a,&quot;input&quot;)){var c=a.value;return a.setAttribute(&quot;type&quot;,b),c&amp;&amp;(a.value=c),b}}}},removeAttr:function(a,b){var c,d,e=0,f=b&amp;&amp;b.match(G);if(f&amp;&amp;1===a.nodeType)while(c=f[e++])d=n.propFix[c]||c,n.expr.match.bool.test(c)&amp;&amp;(a[d]=!1),a.removeAttribute(c)}}),ab={set:function(a,b,c){return b===!1?n.removeAttr(a,c):a.setAttribute(c,c),c}},n.each(n.expr.match.bool.source.match(/\w+/g),function(a,b){var c=bb[b]||n.find.attr;bb[b]=function(a,b,d){var e,f;return d||(f=bb[b],bb[b]=e,e=null!=c(a,b,d)?b.toLowerCase():null,bb[b]=f),e}});var cb=/^(?:input|select|textarea|button)$/i,db=/^(?:a|area)$/i;n.fn.extend({prop:function(a,b){return K(this,n.prop,a,b,arguments.length&gt;1)},removeProp:function(a){return this.each(function(){delete this[n.propFix[a]||a]})}}),n.extend({prop:function(a,b,c){var d,e,f=a.nodeType;if(3!==f&amp;&amp;8!==f&amp;&amp;2!==f)return 1===f&amp;&amp;n.isXMLDoc(a)||(b=n.propFix[b]||b,e=n.propHooks[b]),void 0!==c?e&amp;&amp;&quot;set&quot;in e&amp;&amp;void 0!==(d=e.set(a,c,b))?d:a[b]=c:e&amp;&amp;&quot;get&quot;in e&amp;&amp;null!==(d=e.get(a,b))?d:a[b];&#10;  },propHooks:{tabIndex:{get:function(a){var b=n.find.attr(a,&quot;tabindex&quot;);return b?parseInt(b,10):cb.test(a.nodeName)||db.test(a.nodeName)&amp;&amp;a.href?0:-1}}},propFix:{&quot;for&quot;:&quot;htmlFor&quot;,&quot;class&quot;:&quot;className&quot;}}),l.optSelected||(n.propHooks.selected={get:function(a){var b=a.parentNode;return b&amp;&amp;b.parentNode&amp;&amp;b.parentNode.selectedIndex,null}}),n.each([&quot;tabIndex&quot;,&quot;readOnly&quot;,&quot;maxLength&quot;,&quot;cellSpacing&quot;,&quot;cellPadding&quot;,&quot;rowSpan&quot;,&quot;colSpan&quot;,&quot;useMap&quot;,&quot;frameBorder&quot;,&quot;contentEditable&quot;],function(){n.propFix[this.toLowerCase()]=this});var eb=/[\t\r\n\f]/g;function fb(a){return a.getAttribute&amp;&amp;a.getAttribute(&quot;class&quot;)||&quot;&quot;}n.fn.extend({addClass:function(a){var b,c,d,e,f,g,h,i=0;if(n.isFunction(a))return this.each(function(b){n(this).addClass(a.call(this,b,fb(this)))});if(&quot;string&quot;==typeof a&amp;&amp;a){b=a.match(G)||[];while(c=this[i++])if(e=fb(c),d=1===c.nodeType&amp;&amp;(&quot; &quot;+e+&quot; &quot;).replace(eb,&quot; &quot;)){g=0;while(f=b[g++])d.indexOf(&quot; &quot;+f+&quot; &quot;)&lt;0&amp;&amp;(d+=f+&quot; &quot;);h=n.trim(d),e!==h&amp;&amp;c.setAttribute(&quot;class&quot;,h)}}return this},removeClass:function(a){var b,c,d,e,f,g,h,i=0;if(n.isFunction(a))return this.each(function(b){n(this).removeClass(a.call(this,b,fb(this)))});if(!arguments.length)return this.attr(&quot;class&quot;,&quot;&quot;);if(&quot;string&quot;==typeof a&amp;&amp;a){b=a.match(G)||[];while(c=this[i++])if(e=fb(c),d=1===c.nodeType&amp;&amp;(&quot; &quot;+e+&quot; &quot;).replace(eb,&quot; &quot;)){g=0;while(f=b[g++])while(d.indexOf(&quot; &quot;+f+&quot; &quot;)&gt;-1)d=d.replace(&quot; &quot;+f+&quot; &quot;,&quot; &quot;);h=n.trim(d),e!==h&amp;&amp;c.setAttribute(&quot;class&quot;,h)}}return this},toggleClass:function(a,b){var c=typeof a;return&quot;boolean&quot;==typeof b&amp;&amp;&quot;string&quot;===c?b?this.addClass(a):this.removeClass(a):n.isFunction(a)?this.each(function(c){n(this).toggleClass(a.call(this,c,fb(this),b),b)}):this.each(function(){var b,d,e,f;if(&quot;string&quot;===c){d=0,e=n(this),f=a.match(G)||[];while(b=f[d++])e.hasClass(b)?e.removeClass(b):e.addClass(b)}else(void 0===a||&quot;boolean&quot;===c)&amp;&amp;(b=fb(this),b&amp;&amp;N.set(this,&quot;__className__&quot;,b),this.setAttribute&amp;&amp;this.setAttribute(&quot;class&quot;,b||a===!1?&quot;&quot;:N.get(this,&quot;__className__&quot;)||&quot;&quot;))})},hasClass:function(a){var b,c,d=0;b=&quot; &quot;+a+&quot; &quot;;while(c=this[d++])if(1===c.nodeType&amp;&amp;(&quot; &quot;+fb(c)+&quot; &quot;).replace(eb,&quot; &quot;).indexOf(b)&gt;-1)return!0;return!1}});var gb=/\r/g;n.fn.extend({val:function(a){var b,c,d,e=this[0];{if(arguments.length)return d=n.isFunction(a),this.each(function(c){var e;1===this.nodeType&amp;&amp;(e=d?a.call(this,c,n(this).val()):a,null==e?e=&quot;&quot;:&quot;number&quot;==typeof e?e+=&quot;&quot;:n.isArray(e)&amp;&amp;(e=n.map(e,function(a){return null==a?&quot;&quot;:a+&quot;&quot;})),b=n.valHooks[this.type]||n.valHooks[this.nodeName.toLowerCase()],b&amp;&amp;&quot;set&quot;in b&amp;&amp;void 0!==b.set(this,e,&quot;value&quot;)||(this.value=e))});if(e)return b=n.valHooks[e.type]||n.valHooks[e.nodeName.toLowerCase()],b&amp;&amp;&quot;get&quot;in b&amp;&amp;void 0!==(c=b.get(e,&quot;value&quot;))?c:(c=e.value,&quot;string&quot;==typeof c?c.replace(gb,&quot;&quot;):null==c?&quot;&quot;:c)}}}),n.extend({valHooks:{option:{get:function(a){return n.trim(a.value)}},select:{get:function(a){for(var b,c,d=a.options,e=a.selectedIndex,f=&quot;select-one&quot;===a.type||0&gt;e,g=f?null:[],h=f?e+1:d.length,i=0&gt;e?h:f?e:0;h&gt;i;i++)if(c=d[i],(c.selected||i===e)&amp;&amp;(l.optDisabled?!c.disabled:null===c.getAttribute(&quot;disabled&quot;))&amp;&amp;(!c.parentNode.disabled||!n.nodeName(c.parentNode,&quot;optgroup&quot;))){if(b=n(c).val(),f)return b;g.push(b)}return g},set:function(a,b){var c,d,e=a.options,f=n.makeArray(b),g=e.length;while(g--)d=e[g],(d.selected=n.inArray(n.valHooks.option.get(d),f)&gt;-1)&amp;&amp;(c=!0);return c||(a.selectedIndex=-1),f}}}}),n.each([&quot;radio&quot;,&quot;checkbox&quot;],function(){n.valHooks[this]={set:function(a,b){return n.isArray(b)?a.checked=n.inArray(n(a).val(),b)&gt;-1:void 0}},l.checkOn||(n.valHooks[this].get=function(a){return null===a.getAttribute(&quot;value&quot;)?&quot;on&quot;:a.value})});var hb=/^(?:focusinfocus|focusoutblur)$/;n.extend(n.event,{trigger:function(b,c,e,f){var g,h,i,j,l,m,o,p=[e||d],q=k.call(b,&quot;type&quot;)?b.type:b,r=k.call(b,&quot;namespace&quot;)?b.namespace.split(&quot;.&quot;):[];if(h=i=e=e||d,3!==e.nodeType&amp;&amp;8!==e.nodeType&amp;&amp;!hb.test(q+n.event.triggered)&amp;&amp;(q.indexOf(&quot;.&quot;)&gt;-1&amp;&amp;(r=q.split(&quot;.&quot;),q=r.shift(),r.sort()),l=q.indexOf(&quot;:&quot;)&lt;0&amp;&amp;&quot;on&quot;+q,b=b[n.expando]?b:new n.Event(q,&quot;object&quot;==typeof b&amp;&amp;b),b.isTrigger=f?2:3,b.namespace=r.join(&quot;.&quot;),b.rnamespace=b.namespace?new RegExp(&quot;(^|\\.)&quot;+r.join(&quot;\\.(?:.*\\.|)&quot;)+&quot;(\\.|$)&quot;):null,b.result=void 0,b.target||(b.target=e),c=null==c?[b]:n.makeArray(c,[b]),o=n.event.special[q]||{},f||!o.trigger||o.trigger.apply(e,c)!==!1)){if(!f&amp;&amp;!o.noBubble&amp;&amp;!n.isWindow(e)){for(j=o.delegateType||q,hb.test(j+q)||(h=h.parentNode);h;h=h.parentNode)p.push(h),i=h;i===(e.ownerDocument||d)&amp;&amp;p.push(i.defaultView||i.parentWindow||a)}g=0;while((h=p[g++])&amp;&amp;!b.isPropagationStopped())b.type=g&gt;1?j:o.bindType||q,m=(N.get(h,&quot;events&quot;)||{})[b.type]&amp;&amp;N.get(h,&quot;handle&quot;),m&amp;&amp;m.apply(h,c),m=l&amp;&amp;h[l],m&amp;&amp;m.apply&amp;&amp;L(h)&amp;&amp;(b.result=m.apply(h,c),b.result===!1&amp;&amp;b.preventDefault());return b.type=q,f||b.isDefaultPrevented()||o._default&amp;&amp;o._default.apply(p.pop(),c)!==!1||!L(e)||l&amp;&amp;n.isFunction(e[q])&amp;&amp;!n.isWindow(e)&amp;&amp;(i=e[l],i&amp;&amp;(e[l]=null),n.event.triggered=q,e[q](),n.event.triggered=void 0,i&amp;&amp;(e[l]=i)),b.result}},simulate:function(a,b,c){var d=n.extend(new n.Event,c,{type:a,isSimulated:!0});n.event.trigger(d,null,b),d.isDefaultPrevented()&amp;&amp;c.preventDefault()}}),n.fn.extend({trigger:function(a,b){return this.each(function(){n.event.trigger(a,b,this)})},triggerHandler:function(a,b){var c=this[0];return c?n.event.trigger(a,b,c,!0):void 0}}),n.each(&quot;blur focus focusin focusout load resize scroll unload click dblclick mousedown mouseup mousemove mouseover mouseout mouseenter mouseleave change select submit keydown keypress keyup error contextmenu&quot;.split(&quot; &quot;),function(a,b){n.fn[b]=function(a,c){return arguments.length&gt;0?this.on(b,null,a,c):this.trigger(b)}}),n.fn.extend({hover:function(a,b){return this.mouseenter(a).mouseleave(b||a)}}),l.focusin=&quot;onfocusin&quot;in a,l.focusin||n.each({focus:&quot;focusin&quot;,blur:&quot;focusout&quot;},function(a,b){var c=function(a){n.event.simulate(b,a.target,n.event.fix(a))};n.event.special[b]={setup:function(){var d=this.ownerDocument||this,e=N.access(d,b);e||d.addEventListener(a,c,!0),N.access(d,b,(e||0)+1)},teardown:function(){var d=this.ownerDocument||this,e=N.access(d,b)-1;e?N.access(d,b,e):(d.removeEventListener(a,c,!0),N.remove(d,b))}}});var ib=a.location,jb=n.now(),kb=/\?/;n.parseJSON=function(a){return JSON.parse(a+&quot;&quot;)},n.parseXML=function(b){var c;if(!b||&quot;string&quot;!=typeof b)return null;try{c=(new a.DOMParser).parseFromString(b,&quot;text/xml&quot;)}catch(d){c=void 0}return(!c||c.getElementsByTagName(&quot;parsererror&quot;).length)&amp;&amp;n.error(&quot;Invalid XML: &quot;+b),c};var lb=/#.*$/,mb=/([?&amp;])_=[^&amp;]*/,nb=/^(.*?):[ \t]*([^\r\n]*)$/gm,ob=/^(?:about|app|app-storage|.+-extension|file|res|widget):$/,pb=/^(?:GET|HEAD)$/,qb=/^\/\//,rb={},sb={},tb=&quot;*/&quot;.concat(&quot;*&quot;),ub=d.createElement(&quot;a&quot;);ub.href=ib.href;function vb(a){return function(b,c){&quot;string&quot;!=typeof b&amp;&amp;(c=b,b=&quot;*&quot;);var d,e=0,f=b.toLowerCase().match(G)||[];if(n.isFunction(c))while(d=f[e++])&quot;+&quot;===d[0]?(d=d.slice(1)||&quot;*&quot;,(a[d]=a[d]||[]).unshift(c)):(a[d]=a[d]||[]).push(c)}}function wb(a,b,c,d){var e={},f=a===sb;function g(h){var i;return e[h]=!0,n.each(a[h]||[],function(a,h){var j=h(b,c,d);return&quot;string&quot;!=typeof j||f||e[j]?f?!(i=j):void 0:(b.dataTypes.unshift(j),g(j),!1)}),i}return g(b.dataTypes[0])||!e[&quot;*&quot;]&amp;&amp;g(&quot;*&quot;)}function xb(a,b){var c,d,e=n.ajaxSettings.flatOptions||{};for(c in b)void 0!==b[c]&amp;&amp;((e[c]?a:d||(d={}))[c]=b[c]);return d&amp;&amp;n.extend(!0,a,d),a}function yb(a,b,c){var d,e,f,g,h=a.contents,i=a.dataTypes;while(&quot;*&quot;===i[0])i.shift(),void 0===d&amp;&amp;(d=a.mimeType||b.getResponseHeader(&quot;Content-Type&quot;));if(d)for(e in h)if(h[e]&amp;&amp;h[e].test(d)){i.unshift(e);break}if(i[0]in c)f=i[0];else{for(e in c){if(!i[0]||a.converters[e+&quot; &quot;+i[0]]){f=e;break}g||(g=e)}f=f||g}return f?(f!==i[0]&amp;&amp;i.unshift(f),c[f]):void 0}function zb(a,b,c,d){var e,f,g,h,i,j={},k=a.dataTypes.slice();if(k[1])for(g in a.converters)j[g.toLowerCase()]=a.converters[g];f=k.shift();while(f)if(a.responseFields[f]&amp;&amp;(c[a.responseFields[f]]=b),!i&amp;&amp;d&amp;&amp;a.dataFilter&amp;&amp;(b=a.dataFilter(b,a.dataType)),i=f,f=k.shift())if(&quot;*&quot;===f)f=i;else if(&quot;*&quot;!==i&amp;&amp;i!==f){if(g=j[i+&quot; &quot;+f]||j[&quot;* &quot;+f],!g)for(e in j)if(h=e.split(&quot; &quot;),h[1]===f&amp;&amp;(g=j[i+&quot; &quot;+h[0]]||j[&quot;* &quot;+h[0]])){g===!0?g=j[e]:j[e]!==!0&amp;&amp;(f=h[0],k.unshift(h[1]));break}if(g!==!0)if(g&amp;&amp;a[&quot;throws&quot;])b=g(b);else try{b=g(b)}catch(l){return{state:&quot;parsererror&quot;,error:g?l:&quot;No conversion from &quot;+i+&quot; to &quot;+f}}}return{state:&quot;success&quot;,data:b}}n.extend({active:0,lastModified:{},etag:{},ajaxSettings:{url:ib.href,type:&quot;GET&quot;,isLocal:ob.test(ib.protocol),global:!0,processData:!0,async:!0,contentType:&quot;application/x-www-form-urlencoded; charset=UTF-8&quot;,accepts:{&quot;*&quot;:tb,text:&quot;text/plain&quot;,html:&quot;text/html&quot;,xml:&quot;application/xml, text/xml&quot;,json:&quot;application/json, text/javascript&quot;},contents:{xml:/\bxml\b/,html:/\bhtml/,json:/\bjson\b/},responseFields:{xml:&quot;responseXML&quot;,text:&quot;responseText&quot;,json:&quot;responseJSON&quot;},converters:{&quot;* text&quot;:String,&quot;text html&quot;:!0,&quot;text json&quot;:n.parseJSON,&quot;text xml&quot;:n.parseXML},flatOptions:{url:!0,context:!0}},ajaxSetup:function(a,b){return b?xb(xb(a,n.ajaxSettings),b):xb(n.ajaxSettings,a)},ajaxPrefilter:vb(rb),ajaxTransport:vb(sb),ajax:function(b,c){&quot;object&quot;==typeof b&amp;&amp;(c=b,b=void 0),c=c||{};var e,f,g,h,i,j,k,l,m=n.ajaxSetup({},c),o=m.context||m,p=m.context&amp;&amp;(o.nodeType||o.jquery)?n(o):n.event,q=n.Deferred(),r=n.Callbacks(&quot;once memory&quot;),s=m.statusCode||{},t={},u={},v=0,w=&quot;canceled&quot;,x={readyState:0,getResponseHeader:function(a){var b;if(2===v){if(!h){h={};while(b=nb.exec(g))h[b[1].toLowerCase()]=b[2]}b=h[a.toLowerCase()]}return null==b?null:b},getAllResponseHeaders:function(){return 2===v?g:null},setRequestHeader:function(a,b){var c=a.toLowerCase();return v||(a=u[c]=u[c]||a,t[a]=b),this},overrideMimeType:function(a){return v||(m.mimeType=a),this},statusCode:function(a){var b;if(a)if(2&gt;v)for(b in a)s[b]=[s[b],a[b]];else x.always(a[x.status]);return this},abort:function(a){var b=a||w;return e&amp;&amp;e.abort(b),z(0,b),this}};if(q.promise(x).complete=r.add,x.success=x.done,x.error=x.fail,m.url=((b||m.url||ib.href)+&quot;&quot;).replace(lb,&quot;&quot;).replace(qb,ib.protocol+&quot;//&quot;),m.type=c.method||c.type||m.method||m.type,m.dataTypes=n.trim(m.dataType||&quot;*&quot;).toLowerCase().match(G)||[&quot;&quot;],null==m.crossDomain){j=d.createElement(&quot;a&quot;);try{j.href=m.url,j.href=j.href,m.crossDomain=ub.protocol+&quot;//&quot;+ub.host!=j.protocol+&quot;//&quot;+j.host}catch(y){m.crossDomain=!0}}if(m.data&amp;&amp;m.processData&amp;&amp;&quot;string&quot;!=typeof m.data&amp;&amp;(m.data=n.param(m.data,m.traditional)),wb(rb,m,c,x),2===v)return x;k=n.event&amp;&amp;m.global,k&amp;&amp;0===n.active++&amp;&amp;n.event.trigger(&quot;ajaxStart&quot;),m.type=m.type.toUpperCase(),m.hasContent=!pb.test(m.type),f=m.url,m.hasContent||(m.data&amp;&amp;(f=m.url+=(kb.test(f)?&quot;&amp;&quot;:&quot;?&quot;)+m.data,delete m.data),m.cache===!1&amp;&amp;(m.url=mb.test(f)?f.replace(mb,&quot;$1_=&quot;+jb++):f+(kb.test(f)?&quot;&amp;&quot;:&quot;?&quot;)+&quot;_=&quot;+jb++)),m.ifModified&amp;&amp;(n.lastModified[f]&amp;&amp;x.setRequestHeader(&quot;If-Modified-Since&quot;,n.lastModified[f]),n.etag[f]&amp;&amp;x.setRequestHeader(&quot;If-None-Match&quot;,n.etag[f])),(m.data&amp;&amp;m.hasContent&amp;&amp;m.contentType!==!1||c.contentType)&amp;&amp;x.setRequestHeader(&quot;Content-Type&quot;,m.contentType),x.setRequestHeader(&quot;Accept&quot;,m.dataTypes[0]&amp;&amp;m.accepts[m.dataTypes[0]]?m.accepts[m.dataTypes[0]]+(&quot;*&quot;!==m.dataTypes[0]?&quot;, &quot;+tb+&quot;; q=0.01&quot;:&quot;&quot;):m.accepts[&quot;*&quot;]);for(l in m.headers)x.setRequestHeader(l,m.headers[l]);if(m.beforeSend&amp;&amp;(m.beforeSend.call(o,x,m)===!1||2===v))return x.abort();w=&quot;abort&quot;;for(l in{success:1,error:1,complete:1})x[l](m[l]);if(e=wb(sb,m,c,x)){if(x.readyState=1,k&amp;&amp;p.trigger(&quot;ajaxSend&quot;,[x,m]),2===v)return x;m.async&amp;&amp;m.timeout&gt;0&amp;&amp;(i=a.setTimeout(function(){x.abort(&quot;timeout&quot;)},m.timeout));try{v=1,e.send(t,z)}catch(y){if(!(2&gt;v))throw y;z(-1,y)}}else z(-1,&quot;No Transport&quot;);function z(b,c,d,h){var j,l,t,u,w,y=c;2!==v&amp;&amp;(v=2,i&amp;&amp;a.clearTimeout(i),e=void 0,g=h||&quot;&quot;,x.readyState=b&gt;0?4:0,j=b&gt;=200&amp;&amp;300&gt;b||304===b,d&amp;&amp;(u=yb(m,x,d)),u=zb(m,u,x,j),j?(m.ifModified&amp;&amp;(w=x.getResponseHeader(&quot;Last-Modified&quot;),w&amp;&amp;(n.lastModified[f]=w),w=x.getResponseHeader(&quot;etag&quot;),w&amp;&amp;(n.etag[f]=w)),204===b||&quot;HEAD&quot;===m.type?y=&quot;nocontent&quot;:304===b?y=&quot;notmodified&quot;:(y=u.state,l=u.data,t=u.error,j=!t)):(t=y,(b||!y)&amp;&amp;(y=&quot;error&quot;,0&gt;b&amp;&amp;(b=0))),x.status=b,x.statusText=(c||y)+&quot;&quot;,j?q.resolveWith(o,[l,y,x]):q.rejectWith(o,[x,y,t]),x.statusCode(s),s=void 0,k&amp;&amp;p.trigger(j?&quot;ajaxSuccess&quot;:&quot;ajaxError&quot;,[x,m,j?l:t]),r.fireWith(o,[x,y]),k&amp;&amp;(p.trigger(&quot;ajaxComplete&quot;,[x,m]),--n.active||n.event.trigger(&quot;ajaxStop&quot;)))}return x},getJSON:function(a,b,c){return n.get(a,b,c,&quot;json&quot;)},getScript:function(a,b){return n.get(a,void 0,b,&quot;script&quot;)}}),n.each([&quot;get&quot;,&quot;post&quot;],function(a,b){n[b]=function(a,c,d,e){return n.isFunction(c)&amp;&amp;(e=e||d,d=c,c=void 0),n.ajax(n.extend({url:a,type:b,dataType:e,data:c,success:d},n.isPlainObject(a)&amp;&amp;a))}}),n._evalUrl=function(a){return n.ajax({url:a,type:&quot;GET&quot;,dataType:&quot;script&quot;,async:!1,global:!1,&quot;throws&quot;:!0})},n.fn.extend({wrapAll:function(a){var b;return n.isFunction(a)?this.each(function(b){n(this).wrapAll(a.call(this,b))}):(this[0]&amp;&amp;(b=n(a,this[0].ownerDocument).eq(0).clone(!0),this[0].parentNode&amp;&amp;b.insertBefore(this[0]),b.map(function(){var a=this;while(a.firstElementChild)a=a.firstElementChild;return a}).append(this)),this)},wrapInner:function(a){return n.isFunction(a)?this.each(function(b){n(this).wrapInner(a.call(this,b))}):this.each(function(){var b=n(this),c=b.contents();c.length?c.wrapAll(a):b.append(a)})},wrap:function(a){var b=n.isFunction(a);return this.each(function(c){n(this).wrapAll(b?a.call(this,c):a)})},unwrap:function(){return this.parent().each(function(){n.nodeName(this,&quot;body&quot;)||n(this).replaceWith(this.childNodes)}).end()}}),n.expr.filters.hidden=function(a){return!n.expr.filters.visible(a)},n.expr.filters.visible=function(a){return a.offsetWidth&gt;0||a.offsetHeight&gt;0||a.getClientRects().length&gt;0};var Ab=/%20/g,Bb=/\[\]$/,Cb=/\r?\n/g,Db=/^(?:submit|button|image|reset|file)$/i,Eb=/^(?:input|select|textarea|keygen)/i;function Fb(a,b,c,d){var e;if(n.isArray(b))n.each(b,function(b,e){c||Bb.test(a)?d(a,e):Fb(a+&quot;[&quot;+(&quot;object&quot;==typeof e&amp;&amp;null!=e?b:&quot;&quot;)+&quot;]&quot;,e,c,d)});else if(c||&quot;object&quot;!==n.type(b))d(a,b);else for(e in b)Fb(a+&quot;[&quot;+e+&quot;]&quot;,b[e],c,d)}n.param=function(a,b){var c,d=[],e=function(a,b){b=n.isFunction(b)?b():null==b?&quot;&quot;:b,d[d.length]=encodeURIComponent(a)+&quot;=&quot;+encodeURIComponent(b)};if(void 0===b&amp;&amp;(b=n.ajaxSettings&amp;&amp;n.ajaxSettings.traditional),n.isArray(a)||a.jquery&amp;&amp;!n.isPlainObject(a))n.each(a,function(){e(this.name,this.value)});else for(c in a)Fb(c,a[c],b,e);return d.join(&quot;&amp;&quot;).replace(Ab,&quot;+&quot;)},n.fn.extend({serialize:function(){return n.param(this.serializeArray())},serializeArray:function(){return this.map(function(){var a=n.prop(this,&quot;elements&quot;);return a?n.makeArray(a):this}).filter(function(){var a=this.type;return this.name&amp;&amp;!n(this).is(&quot;:disabled&quot;)&amp;&amp;Eb.test(this.nodeName)&amp;&amp;!Db.test(a)&amp;&amp;(this.checked||!X.test(a))}).map(function(a,b){var c=n(this).val();return null==c?null:n.isArray(c)?n.map(c,function(a){return{name:b.name,value:a.replace(Cb,&quot;\r\n&quot;)}}):{name:b.name,value:c.replace(Cb,&quot;\r\n&quot;)}}).get()}}),n.ajaxSettings.xhr=function(){try{return new a.XMLHttpRequest}catch(b){}};var Gb={0:200,1223:204},Hb=n.ajaxSettings.xhr();l.cors=!!Hb&amp;&amp;&quot;withCredentials&quot;in Hb,l.ajax=Hb=!!Hb,n.ajaxTransport(function(b){var c,d;return l.cors||Hb&amp;&amp;!b.crossDomain?{send:function(e,f){var g,h=b.xhr();if(h.open(b.type,b.url,b.async,b.username,b.password),b.xhrFields)for(g in b.xhrFields)h[g]=b.xhrFields[g];b.mimeType&amp;&amp;h.overrideMimeType&amp;&amp;h.overrideMimeType(b.mimeType),b.crossDomain||e[&quot;X-Requested-With&quot;]||(e[&quot;X-Requested-With&quot;]=&quot;XMLHttpRequest&quot;);for(g in e)h.setRequestHeader(g,e[g]);c=function(a){return function(){c&amp;&amp;(c=d=h.onload=h.onerror=h.onabort=h.onreadystatechange=null,&quot;abort&quot;===a?h.abort():&quot;error&quot;===a?&quot;number&quot;!=typeof h.status?f(0,&quot;error&quot;):f(h.status,h.statusText):f(Gb[h.status]||h.status,h.statusText,&quot;text&quot;!==(h.responseType||&quot;text&quot;)||&quot;string&quot;!=typeof h.responseText?{binary:h.response}:{text:h.responseText},h.getAllResponseHeaders()))}},h.onload=c(),d=h.onerror=c(&quot;error&quot;),void 0!==h.onabort?h.onabort=d:h.onreadystatechange=function(){4===h.readyState&amp;&amp;a.setTimeout(function(){c&amp;&amp;d()})},c=c(&quot;abort&quot;);try{h.send(b.hasContent&amp;&amp;b.data||null)}catch(i){if(c)throw i}},abort:function(){c&amp;&amp;c()}}:void 0}),n.ajaxSetup({accepts:{script:&quot;text/javascript, application/javascript, application/ecmascript, application/x-ecmascript&quot;},contents:{script:/\b(?:java|ecma)script\b/},converters:{&quot;text script&quot;:function(a){return n.globalEval(a),a}}}),n.ajaxPrefilter(&quot;script&quot;,function(a){void 0===a.cache&amp;&amp;(a.cache=!1),a.crossDomain&amp;&amp;(a.type=&quot;GET&quot;)}),n.ajaxTransport(&quot;script&quot;,function(a){if(a.crossDomain){var b,c;return{send:function(e,f){b=n(&quot;&lt;script&gt;&quot;).prop({charset:a.scriptCharset,src:a.url}).on(&quot;load error&quot;,c=function(a){b.remove(),c=null,a&amp;&amp;f(&quot;error&quot;===a.type?404:200,a.type)}),d.head.appendChild(b[0])},abort:function(){c&amp;&amp;c()}}}});var Ib=[],Jb=/(=)\?(?=&amp;|$)|\?\?/;n.ajaxSetup({jsonp:&quot;callback&quot;,jsonpCallback:function(){var a=Ib.pop()||n.expando+&quot;_&quot;+jb++;return this[a]=!0,a}}),n.ajaxPrefilter(&quot;json jsonp&quot;,function(b,c,d){var e,f,g,h=b.jsonp!==!1&amp;&amp;(Jb.test(b.url)?&quot;url&quot;:&quot;string&quot;==typeof b.data&amp;&amp;0===(b.contentType||&quot;&quot;).indexOf(&quot;application/x-www-form-urlencoded&quot;)&amp;&amp;Jb.test(b.data)&amp;&amp;&quot;data&quot;);return h||&quot;jsonp&quot;===b.dataTypes[0]?(e=b.jsonpCallback=n.isFunction(b.jsonpCallback)?b.jsonpCallback():b.jsonpCallback,h?b[h]=b[h].replace(Jb,&quot;$1&quot;+e):b.jsonp!==!1&amp;&amp;(b.url+=(kb.test(b.url)?&quot;&amp;&quot;:&quot;?&quot;)+b.jsonp+&quot;=&quot;+e),b.converters[&quot;script json&quot;]=function(){return g||n.error(e+&quot; was not called&quot;),g[0]},b.dataTypes[0]=&quot;json&quot;,f=a[e],a[e]=function(){g=arguments},d.always(function(){void 0===f?n(a).removeProp(e):a[e]=f,b[e]&amp;&amp;(b.jsonpCallback=c.jsonpCallback,Ib.push(e)),g&amp;&amp;n.isFunction(f)&amp;&amp;f(g[0]),g=f=void 0}),&quot;script&quot;):void 0}),l.createHTMLDocument=function(){var a=d.implementation.createHTMLDocument(&quot;&quot;).body;return a.innerHTML=&quot;&lt;form&gt;&lt;/form&gt;&lt;form&gt;&lt;/form&gt;&quot;,2===a.childNodes.length}(),n.parseHTML=function(a,b,c){if(!a||&quot;string&quot;!=typeof a)return null;&quot;boolean&quot;==typeof b&amp;&amp;(c=b,b=!1),b=b||(l.createHTMLDocument?d.implementation.createHTMLDocument(&quot;&quot;):d);var e=x.exec(a),f=!c&amp;&amp;[];return e?[b.createElement(e[1])]:(e=ca([a],b,f),f&amp;&amp;f.length&amp;&amp;n(f).remove(),n.merge([],e.childNodes))};var Kb=n.fn.load;n.fn.load=function(a,b,c){if(&quot;string&quot;!=typeof a&amp;&amp;Kb)return Kb.apply(this,arguments);var d,e,f,g=this,h=a.indexOf(&quot; &quot;);return h&gt;-1&amp;&amp;(d=n.trim(a.slice(h)),a=a.slice(0,h)),n.isFunction(b)?(c=b,b=void 0):b&amp;&amp;&quot;object&quot;==typeof b&amp;&amp;(e=&quot;POST&quot;),g.length&gt;0&amp;&amp;n.ajax({url:a,type:e||&quot;GET&quot;,dataType:&quot;html&quot;,data:b}).done(function(a){f=arguments,g.html(d?n(&quot;&lt;div&gt;&quot;).append(n.parseHTML(a)).find(d):a)}).always(c&amp;&amp;function(a,b){g.each(function(){c.apply(g,f||[a.responseText,b,a])})}),this},n.each([&quot;ajaxStart&quot;,&quot;ajaxStop&quot;,&quot;ajaxComplete&quot;,&quot;ajaxError&quot;,&quot;ajaxSuccess&quot;,&quot;ajaxSend&quot;],function(a,b){n.fn[b]=function(a){return this.on(b,a)}}),n.expr.filters.animated=function(a){return n.grep(n.timers,function(b){return a===b.elem}).length};function Lb(a){return n.isWindow(a)?a:9===a.nodeType&amp;&amp;a.defaultView}n.offset={setOffset:function(a,b,c){var d,e,f,g,h,i,j,k=n.css(a,&quot;position&quot;),l=n(a),m={};&quot;static&quot;===k&amp;&amp;(a.style.position=&quot;relative&quot;),h=l.offset(),f=n.css(a,&quot;top&quot;),i=n.css(a,&quot;left&quot;),j=(&quot;absolute&quot;===k||&quot;fixed&quot;===k)&amp;&amp;(f+i).indexOf(&quot;auto&quot;)&gt;-1,j?(d=l.position(),g=d.top,e=d.left):(g=parseFloat(f)||0,e=parseFloat(i)||0),n.isFunction(b)&amp;&amp;(b=b.call(a,c,n.extend({},h))),null!=b.top&amp;&amp;(m.top=b.top-h.top+g),null!=b.left&amp;&amp;(m.left=b.left-h.left+e),&quot;using&quot;in b?b.using.call(a,m):l.css(m)}},n.fn.extend({offset:function(a){if(arguments.length)return void 0===a?this:this.each(function(b){n.offset.setOffset(this,a,b)});var b,c,d=this[0],e={top:0,left:0},f=d&amp;&amp;d.ownerDocument;if(f)return b=f.documentElement,n.contains(b,d)?(e=d.getBoundingClientRect(),c=Lb(f),{top:e.top+c.pageYOffset-b.clientTop,left:e.left+c.pageXOffset-b.clientLeft}):e},position:function(){if(this[0]){var a,b,c=this[0],d={top:0,left:0};return&quot;fixed&quot;===n.css(c,&quot;position&quot;)?b=c.getBoundingClientRect():(a=this.offsetParent(),b=this.offset(),n.nodeName(a[0],&quot;html&quot;)||(d=a.offset()),d.top+=n.css(a[0],&quot;borderTopWidth&quot;,!0)-a.scrollTop(),d.left+=n.css(a[0],&quot;borderLeftWidth&quot;,!0)-a.scrollLeft()),{top:b.top-d.top-n.css(c,&quot;marginTop&quot;,!0),left:b.left-d.left-n.css(c,&quot;marginLeft&quot;,!0)}}},offsetParent:function(){return this.map(function(){var a=this.offsetParent;while(a&amp;&amp;&quot;static&quot;===n.css(a,&quot;position&quot;))a=a.offsetParent;return a||Ea})}}),n.each({scrollLeft:&quot;pageXOffset&quot;,scrollTop:&quot;pageYOffset&quot;},function(a,b){var c=&quot;pageYOffset&quot;===b;n.fn[a]=function(d){return K(this,function(a,d,e){var f=Lb(a);return void 0===e?f?f[b]:a[d]:void(f?f.scrollTo(c?f.pageXOffset:e,c?e:f.pageYOffset):a[d]=e)},a,d,arguments.length)}}),n.each([&quot;top&quot;,&quot;left&quot;],function(a,b){n.cssHooks[b]=Ga(l.pixelPosition,function(a,c){return c?(c=Fa(a,b),Ba.test(c)?n(a).position()[b]+&quot;px&quot;:c):void 0})}),n.each({Height:&quot;height&quot;,Width:&quot;width&quot;},function(a,b){n.each({padding:&quot;inner&quot;+a,content:b,&quot;&quot;:&quot;outer&quot;+a},function(c,d){n.fn[d]=function(d,e){var f=arguments.length&amp;&amp;(c||&quot;boolean&quot;!=typeof d),g=c||(d===!0||e===!0?&quot;margin&quot;:&quot;border&quot;);return K(this,function(b,c,d){var e;return n.isWindow(b)?b.document.documentElement[&quot;client&quot;+a]:9===b.nodeType?(e=b.documentElement,Math.max(b.body[&quot;scroll&quot;+a],e[&quot;scroll&quot;+a],b.body[&quot;offset&quot;+a],e[&quot;offset&quot;+a],e[&quot;client&quot;+a])):void 0===d?n.css(b,c,g):n.style(b,c,d,g)},b,f?d:void 0,f,null)}})}),n.fn.extend({bind:function(a,b,c){return this.on(a,null,b,c)},unbind:function(a,b){return this.off(a,null,b)},delegate:function(a,b,c,d){return this.on(b,a,c,d)},undelegate:function(a,b,c){return 1===arguments.length?this.off(a,&quot;**&quot;):this.off(b,a||&quot;**&quot;,c)},size:function(){return this.length}}),n.fn.andSelf=n.fn.addBack,&quot;function&quot;==typeof define&amp;&amp;define.amd&amp;&amp;define(&quot;jquery&quot;,[],function(){return n});var Mb=a.jQuery,Nb=a.$;return n.noConflict=function(b){return a.$===n&amp;&amp;(a.$=Nb),b&amp;&amp;a.jQuery===n&amp;&amp;(a.jQuery=Mb),n},b||(a.jQuery=a.$=n),n});&#10;&lt;/script&gt;&#10;&#10;&#10;&#10;&#10;&#10;&#10;&#10;&#10;&#10;&#10;&#10;&lt;script src=&quot;//assets.adobedtm.com/86ff4ffaf311/91fa59baa986/launch-b1204783dac1.min.js&quot; async=&quot;&quot;&gt;&lt;/script&gt;&#10;&#10;&#10;&#10;&#10;&#10;	&#10;		&lt;script type=&quot;text/javascript&quot; src=&quot;/content/dam/credit-repair/common/js/site-v2.js&quot;&gt;&lt;/script&gt;&#10;	&#10;&#10;	&#10;		&lt;script type=&quot;text/javascript&quot; src=&quot;/content/dam/credit-repair/common/js/fatal-error.js&quot;&gt;&lt;/script&gt;&#10;	&#10;&#10;	&#10;		&lt;script type=&quot;text/javascript&quot; src=&quot;/content/dam/credit-repair/common/js/jquery.easing-1.3.js&quot;&gt;&lt;/script&gt;&#10;	&#10;&#10;&#10;&lt;script&gt;&#10;	/* Modernizr 2.8.2 (Custom Build) | MIT &amp; BSD&#10;	 * Build: http://modernizr.com/download/#-backgroundsize-cssgradients-csstransforms-csstransforms3d-csstransitions-shiv-mq-cssclasses-teststyles-testprop-testallprops-prefixes-domprefixes-css_remunit-load&#10;	 */&#10;	;window.Modernizr=function(a,b,c){function A(a){j.cssText=a}function B(a,b){return A(m.join(a+&quot;;&quot;)+(b||&quot;&quot;))}function C(a,b){return typeof a===b}function D(a,b){return!!~(&quot;&quot;+a).indexOf(b)}function E(a,b){for(var d in a){var e=a[d];if(!D(e,&quot;-&quot;)&amp;&amp;j[e]!==c)return b==&quot;pfx&quot;?e:!0}return!1}function F(a,b,d){for(var e in a){var f=b[a[e]];if(f!==c)return d===!1?a[e]:C(f,&quot;function&quot;)?f.bind(d||b):f}return!1}function G(a,b,c){var d=a.charAt(0).toUpperCase()+a.slice(1),e=(a+&quot; &quot;+o.join(d+&quot; &quot;)+d).split(&quot; &quot;);return C(b,&quot;string&quot;)||C(b,&quot;undefined&quot;)?E(e,b):(e=(a+&quot; &quot;+p.join(d+&quot; &quot;)+d).split(&quot; &quot;),F(e,b,c))}var d=&quot;2.8.2&quot;,e={},f=!0,g=b.documentElement,h=&quot;modernizr&quot;,i=b.createElement(h),j=i.style,k,l={}.toString,m=&quot; -webkit- -moz- -o- -ms- &quot;.split(&quot; &quot;),n=&quot;Webkit Moz O ms&quot;,o=n.split(&quot; &quot;),p=n.toLowerCase().split(&quot; &quot;),q={},r={},s={},t=[],u=t.slice,v,w=function(a,c,d,e){var f,i,j,k,l=b.createElement(&quot;div&quot;),m=b.body,n=m||b.createElement(&quot;body&quot;);if(parseInt(d,10))while(d--)j=b.createElement(&quot;div&quot;),j.id=e?e[d]:h+(d+1),l.appendChild(j);return f=[&quot;&amp;#173;&quot;,&apos;&lt;style id=&quot;s&apos;,h,&apos;&quot;&gt;&apos;,a,&quot;&lt;/style&gt;&quot;].join(&quot;&quot;),l.id=h,(m?l:n).innerHTML+=f,n.appendChild(l),m||(n.style.background=&quot;&quot;,n.style.overflow=&quot;hidden&quot;,k=g.style.overflow,g.style.overflow=&quot;hidden&quot;,g.appendChild(n)),i=c(l,a),m?l.parentNode.removeChild(l):(n.parentNode.removeChild(n),g.style.overflow=k),!!i},x=function(b){var c=a.matchMedia||a.msMatchMedia;if(c)return c(b)&amp;&amp;c(b).matches||!1;var d;return w(&quot;@media &quot;+b+&quot; { #&quot;+h+&quot; { position: absolute; } }&quot;,function(b){d=(a.getComputedStyle?getComputedStyle(b,null):b.currentStyle)[&quot;position&quot;]==&quot;absolute&quot;}),d},y={}.hasOwnProperty,z;!C(y,&quot;undefined&quot;)&amp;&amp;!C(y.call,&quot;undefined&quot;)?z=function(a,b){return y.call(a,b)}:z=function(a,b){return b in a&amp;&amp;C(a.constructor.prototype[b],&quot;undefined&quot;)},Function.prototype.bind||(Function.prototype.bind=function(b){var c=this;if(typeof c!=&quot;function&quot;)throw new TypeError;var d=u.call(arguments,1),e=function(){if(this instanceof e){var a=function(){};a.prototype=c.prototype;var f=new a,g=c.apply(f,d.concat(u.call(arguments)));return Object(g)===g?g:f}return c.apply(b,d.concat(u.call(arguments)))};return e}),q.backgroundsize=function(){return G(&quot;backgroundSize&quot;)},q.cssgradients=function(){var a=&quot;background-image:&quot;,b=&quot;gradient(linear,left top,right bottom,from(#9f9),to(white));&quot;,c=&quot;linear-gradient(left top,#9f9, white);&quot;;return A((a+&quot;-webkit- &quot;.split(&quot; &quot;).join(b+a)+m.join(c+a)).slice(0,-a.length)),D(j.backgroundImage,&quot;gradient&quot;)},q.csstransforms=function(){return!!G(&quot;transform&quot;)},q.csstransforms3d=function(){var a=!!G(&quot;perspective&quot;);return a&amp;&amp;&quot;webkitPerspective&quot;in g.style&amp;&amp;w(&quot;@media (transform-3d),(-webkit-transform-3d){#modernizr{left:9px;position:absolute;height:3px;}}&quot;,function(b,c){a=b.offsetLeft===9&amp;&amp;b.offsetHeight===3}),a},q.csstransitions=function(){return G(&quot;transition&quot;)};for(var H in q)z(q,H)&amp;&amp;(v=H.toLowerCase(),e[v]=q[H](),t.push((e[v]?&quot;&quot;:&quot;no-&quot;)+v));return e.addTest=function(a,b){if(typeof a==&quot;object&quot;)for(var d in a)z(a,d)&amp;&amp;e.addTest(d,a[d]);else{a=a.toLowerCase();if(e[a]!==c)return e;b=typeof b==&quot;function&quot;?b():b,typeof f!=&quot;undefined&quot;&amp;&amp;f&amp;&amp;(g.className+=&quot; &quot;+(b?&quot;&quot;:&quot;no-&quot;)+a),e[a]=b}return e},A(&quot;&quot;),i=k=null,function(a,b){function l(a,b){var c=a.createElement(&quot;p&quot;),d=a.getElementsByTagName(&quot;head&quot;)[0]||a.documentElement;return c.innerHTML=&quot;x&lt;style&gt;&quot;+b+&quot;&lt;/style&gt;&quot;,d.insertBefore(c.lastChild,d.firstChild)}function m(){var a=s.elements;return typeof a==&quot;string&quot;?a.split(&quot; &quot;):a}function n(a){var b=j[a[h]];return b||(b={},i++,a[h]=i,j[i]=b),b}function o(a,c,d){c||(c=b);if(k)return c.createElement(a);d||(d=n(c));var g;return d.cache[a]?g=d.cache[a].cloneNode():f.test(a)?g=(d.cache[a]=d.createElem(a)).cloneNode():g=d.createElem(a),g.canHaveChildren&amp;&amp;!e.test(a)&amp;&amp;!g.tagUrn?d.frag.appendChild(g):g}function p(a,c){a||(a=b);if(k)return a.createDocumentFragment();c=c||n(a);var d=c.frag.cloneNode(),e=0,f=m(),g=f.length;for(;e&lt;g;e++)d.createElement(f[e]);return d}function q(a,b){b.cache||(b.cache={},b.createElem=a.createElement,b.createFrag=a.createDocumentFragment,b.frag=b.createFrag()),a.createElement=function(c){return s.shivMethods?o(c,a,b):b.createElem(c)},a.createDocumentFragment=Function(&quot;h,f&quot;,&quot;return function(){var n=f.cloneNode(),c=n.createElement;h.shivMethods&amp;&amp;(&quot;+m().join().replace(/[\w\-]+/g,function(a){return b.createElem(a),b.frag.createElement(a),&apos;c(&quot;&apos;+a+&apos;&quot;)&apos;})+&quot;);return n}&quot;)(s,b.frag)}function r(a){a||(a=b);var c=n(a);return s.shivCSS&amp;&amp;!g&amp;&amp;!c.hasCSS&amp;&amp;(c.hasCSS=!!l(a,&quot;article,aside,dialog,figcaption,figure,footer,header,hgroup,main,nav,section{display:block}mark{background:#FF0;color:#000}template{display:none}&quot;)),k||q(a,c),a}var c=&quot;3.7.0&quot;,d=a.html5||{},e=/^&lt;|^(?:button|map|select|textarea|object|iframe|option|optgroup)$/i,f=/^(?:a|b|code|div|fieldset|h1|h2|h3|h4|h5|h6|i|label|li|ol|p|q|span|strong|style|table|tbody|td|th|tr|ul)$/i,g,h=&quot;_html5shiv&quot;,i=0,j={},k;(function(){try{var a=b.createElement(&quot;a&quot;);a.innerHTML=&quot;&lt;xyz&gt;&lt;/xyz&gt;&quot;,g=&quot;hidden&quot;in a,k=a.childNodes.length==1||function(){b.createElement(&quot;a&quot;);var a=b.createDocumentFragment();return typeof a.cloneNode==&quot;undefined&quot;||typeof a.createDocumentFragment==&quot;undefined&quot;||typeof a.createElement==&quot;undefined&quot;}()}catch(c){g=!0,k=!0}})();var s={elements:d.elements||&quot;abbr article aside audio bdi canvas data datalist details dialog figcaption figure footer header hgroup main mark meter nav output progress section summary template time video&quot;,version:c,shivCSS:d.shivCSS!==!1,supportsUnknownElements:k,shivMethods:d.shivMethods!==!1,type:&quot;default&quot;,shivDocument:r,createElement:o,createDocumentFragment:p};a.html5=s,r(b)}(this,b),e._version=d,e._prefixes=m,e._domPrefixes=p,e._cssomPrefixes=o,e.mq=x,e.testProp=function(a){return E([a])},e.testAllProps=G,e.testStyles=w,g.className=g.className.replace(/(^|\s)no-js(\s|$)/,&quot;$1$2&quot;)+(f?&quot; js &quot;+t.join(&quot; &quot;):&quot;&quot;),e}(this,this.document),function(a,b,c){function d(a){return&quot;[object Function]&quot;==o.call(a)}function e(a){return&quot;string&quot;==typeof a}function f(){}function g(a){return!a||&quot;loaded&quot;==a||&quot;complete&quot;==a||&quot;uninitialized&quot;==a}function h(){var a=p.shift();q=1,a?a.t?m(function(){(&quot;c&quot;==a.t?B.injectCss:B.injectJs)(a.s,0,a.a,a.x,a.e,1)},0):(a(),h()):q=0}function i(a,c,d,e,f,i,j){function k(b){if(!o&amp;&amp;g(l.readyState)&amp;&amp;(u.r=o=1,!q&amp;&amp;h(),l.onload=l.onreadystatechange=null,b)){&quot;img&quot;!=a&amp;&amp;m(function(){t.removeChild(l)},50);for(var d in y[c])y[c].hasOwnProperty(d)&amp;&amp;y[c][d].onload()}}var j=j||B.errorTimeout,l=b.createElement(a),o=0,r=0,u={t:d,s:c,e:f,a:i,x:j};1===y[c]&amp;&amp;(r=1,y[c]=[]),&quot;object&quot;==a?l.data=c:(l.src=c,l.type=a),l.width=l.height=&quot;0&quot;,l.onerror=l.onload=l.onreadystatechange=function(){k.call(this,r)},p.splice(e,0,u),&quot;img&quot;!=a&amp;&amp;(r||2===y[c]?(t.insertBefore(l,s?null:n),m(k,j)):y[c].push(l))}function j(a,b,c,d,f){return q=0,b=b||&quot;j&quot;,e(a)?i(&quot;c&quot;==b?v:u,a,b,this.i++,c,d,f):(p.splice(this.i++,0,a),1==p.length&amp;&amp;h()),this}function k(){var a=B;return a.loader={load:j,i:0},a}var l=b.documentElement,m=a.setTimeout,n=b.getElementsByTagName(&quot;script&quot;)[0],o={}.toString,p=[],q=0,r=&quot;MozAppearance&quot;in l.style,s=r&amp;&amp;!!b.createRange().compareNode,t=s?l:n.parentNode,l=a.opera&amp;&amp;&quot;[object Opera]&quot;==o.call(a.opera),l=!!b.attachEvent&amp;&amp;!l,u=r?&quot;object&quot;:l?&quot;script&quot;:&quot;img&quot;,v=l?&quot;script&quot;:u,w=Array.isArray||function(a){return&quot;[object Array]&quot;==o.call(a)},x=[],y={},z={timeout:function(a,b){return b.length&amp;&amp;(a.timeout=b[0]),a}},A,B;B=function(a){function b(a){var a=a.split(&quot;!&quot;),b=x.length,c=a.pop(),d=a.length,c={url:c,origUrl:c,prefixes:a},e,f,g;for(f=0;f&lt;d;f++)g=a[f].split(&quot;=&quot;),(e=z[g.shift()])&amp;&amp;(c=e(c,g));for(f=0;f&lt;b;f++)c=x[f](c);return c}function g(a,e,f,g,h){var i=b(a),j=i.autoCallback;i.url.split(&quot;.&quot;).pop().split(&quot;?&quot;).shift(),i.bypass||(e&amp;&amp;(e=d(e)?e:e[a]||e[g]||e[a.split(&quot;/&quot;).pop().split(&quot;?&quot;)[0]]),i.instead?i.instead(a,e,f,g,h):(y[i.url]?i.noexec=!0:y[i.url]=1,f.load(i.url,i.forceCSS||!i.forceJS&amp;&amp;&quot;css&quot;==i.url.split(&quot;.&quot;).pop().split(&quot;?&quot;).shift()?&quot;c&quot;:c,i.noexec,i.attrs,i.timeout),(d(e)||d(j))&amp;&amp;f.load(function(){k(),e&amp;&amp;e(i.origUrl,h,g),j&amp;&amp;j(i.origUrl,h,g),y[i.url]=2})))}function h(a,b){function c(a,c){if(a){if(e(a))c||(j=function(){var a=[].slice.call(arguments);k.apply(this,a),l()}),g(a,j,b,0,h);else if(Object(a)===a)for(n in m=function(){var b=0,c;for(c in a)a.hasOwnProperty(c)&amp;&amp;b++;return b}(),a)a.hasOwnProperty(n)&amp;&amp;(!c&amp;&amp;!--m&amp;&amp;(d(j)?j=function(){var a=[].slice.call(arguments);k.apply(this,a),l()}:j[n]=function(a){return function(){var b=[].slice.call(arguments);a&amp;&amp;a.apply(this,b),l()}}(k[n])),g(a[n],j,b,n,h))}else!c&amp;&amp;l()}var h=!!a.test,i=a.load||a.both,j=a.callback||f,k=j,l=a.complete||f,m,n;c(h?a.yep:a.nope,!!i),i&amp;&amp;c(i)}var i,j,l=this.yepnope.loader;if(e(a))g(a,0,l,0);else if(w(a))for(i=0;i&lt;a.length;i++)j=a[i],e(j)?g(j,0,l,0):w(j)?B(j):Object(j)===j&amp;&amp;h(j,l);else Object(a)===a&amp;&amp;h(a,l)},B.addPrefix=function(a,b){z[a]=b},B.addFilter=function(a){x.push(a)},B.errorTimeout=1e4,null==b.readyState&amp;&amp;b.addEventListener&amp;&amp;(b.readyState=&quot;loading&quot;,b.addEventListener(&quot;DOMContentLoaded&quot;,A=function(){b.removeEventListener(&quot;DOMContentLoaded&quot;,A,0),b.readyState=&quot;complete&quot;},0)),a.yepnope=k(),a.yepnope.executeStack=h,a.yepnope.injectJs=function(a,c,d,e,i,j){var k=b.createElement(&quot;script&quot;),l,o,e=e||B.errorTimeout;k.src=a;for(o in d)k.setAttribute(o,d[o]);c=j?h:c||f,k.onreadystatechange=k.onload=function(){!l&amp;&amp;g(k.readyState)&amp;&amp;(l=1,c(),k.onload=k.onreadystatechange=null)},m(function(){l||(l=1,c(1))},e),i?k.onload():n.parentNode.insertBefore(k,n)},a.yepnope.injectCss=function(a,c,d,e,g,i){var e=b.createElement(&quot;link&quot;),j,c=i?h:c||f;e.href=a,e.rel=&quot;stylesheet&quot;,e.type=&quot;text/css&quot;;for(j in d)e.setAttribute(j,d[j]);g||(n.parentNode.insertBefore(e,n),m(c,0))}}(this,document),Modernizr.load=function(){yepnope.apply(window,[].slice.call(arguments,0))},Modernizr.addTest(&quot;cssremunit&quot;,function(){var a=document.createElement(&quot;div&quot;);try{a.style.fontSize=&quot;3rem&quot;}catch(b){}return/rem/.test(a.style.fontSize)});&#10;&lt;/script&gt;&#10;&#10;&#10;&#10;&#10;&#10;&#10;&#10;	&lt;script type=&quot;text/javascript&quot; src=&quot;//use.typekit.net/dsb2ydi.js&quot;&gt;&lt;/script&gt;&#10;	&lt;style type=&quot;text/css&quot;&gt;.tk-museo-sans{font-family:&quot;museo-sans&quot;,sans-serif;}.tk-source-sans-pro{font-family:&quot;source-sans-pro&quot;,sans-serif;}.tk-work-sans{font-family:&quot;work-sans&quot;,sans-serif;}&lt;/style&gt;&lt;style type=&quot;text/css&quot;&gt;@font-face{font-family:source-sans-pro;src:url(https://use.typekit.net/af/61f808/00000000000000003b9b3d63/27/l?primer=7cdcb44be4a7db8877ffa5c0007b8dd865b3bbc383831fe2ea177f62257a9191&amp;fvd=n4&amp;v=3) format(&quot;woff2&quot;),url(https://use.typekit.net/af/61f808/00000000000000003b9b3d63/27/d?primer=7cdcb44be4a7db8877ffa5c0007b8dd865b3bbc383831fe2ea177f62257a9191&amp;fvd=n4&amp;v=3) format(&quot;woff&quot;),url(https://use.typekit.net/af/61f808/00000000000000003b9b3d63/27/a?primer=7cdcb44be4a7db8877ffa5c0007b8dd865b3bbc383831fe2ea177f62257a9191&amp;fvd=n4&amp;v=3) format(&quot;opentype&quot;);font-weight:400;font-style:normal;font-display:auto;}@font-face{font-family:source-sans-pro;src:url(https://use.typekit.net/af/422d60/00000000000000003b9b3d67/27/l?primer=7cdcb44be4a7db8877ffa5c0007b8dd865b3bbc383831fe2ea177f62257a9191&amp;fvd=n7&amp;v=3) format(&quot;woff2&quot;),url(https://use.typekit.net/af/422d60/00000000000000003b9b3d67/27/d?primer=7cdcb44be4a7db8877ffa5c0007b8dd865b3bbc383831fe2ea177f62257a9191&amp;fvd=n7&amp;v=3) format(&quot;woff&quot;),url(https://use.typekit.net/af/422d60/00000000000000003b9b3d67/27/a?primer=7cdcb44be4a7db8877ffa5c0007b8dd865b3bbc383831fe2ea177f62257a9191&amp;fvd=n7&amp;v=3) format(&quot;opentype&quot;);font-weight:700;font-style:normal;font-display:auto;}@font-face{font-family:source-sans-pro;src:url(https://use.typekit.net/af/9373a0/00000000000000003b9b3d68/27/l?primer=7cdcb44be4a7db8877ffa5c0007b8dd865b3bbc383831fe2ea177f62257a9191&amp;fvd=i7&amp;v=3) format(&quot;woff2&quot;),url(https://use.typekit.net/af/9373a0/00000000000000003b9b3d68/27/d?primer=7cdcb44be4a7db8877ffa5c0007b8dd865b3bbc383831fe2ea177f62257a9191&amp;fvd=i7&amp;v=3) format(&quot;woff&quot;),url(https://use.typekit.net/af/9373a0/00000000000000003b9b3d68/27/a?primer=7cdcb44be4a7db8877ffa5c0007b8dd865b3bbc383831fe2ea177f62257a9191&amp;fvd=i7&amp;v=3) format(&quot;opentype&quot;);font-weight:700;font-style:italic;font-display:auto;}@font-face{font-family:source-sans-pro;src:url(https://use.typekit.net/af/ffb1e2/00000000000000003b9b3d64/27/l?primer=7cdcb44be4a7db8877ffa5c0007b8dd865b3bbc383831fe2ea177f62257a9191&amp;fvd=i4&amp;v=3) format(&quot;woff2&quot;),url(https://use.typekit.net/af/ffb1e2/00000000000000003b9b3d64/27/d?primer=7cdcb44be4a7db8877ffa5c0007b8dd865b3bbc383831fe2ea177f62257a9191&amp;fvd=i4&amp;v=3) format(&quot;woff&quot;),url(https://use.typekit.net/af/ffb1e2/00000000000000003b9b3d64/27/a?primer=7cdcb44be4a7db8877ffa5c0007b8dd865b3bbc383831fe2ea177f62257a9191&amp;fvd=i4&amp;v=3) format(&quot;opentype&quot;);font-weight:400;font-style:italic;font-display:auto;}@font-face{font-family:source-sans-pro;src:url(https://use.typekit.net/af/b6c887/00000000000000003b9b3d61/27/l?primer=7cdcb44be4a7db8877ffa5c0007b8dd865b3bbc383831fe2ea177f62257a9191&amp;fvd=n3&amp;v=3) format(&quot;woff2&quot;),url(https://use.typekit.net/af/b6c887/00000000000000003b9b3d61/27/d?primer=7cdcb44be4a7db8877ffa5c0007b8dd865b3bbc383831fe2ea177f62257a9191&amp;fvd=n3&amp;v=3) format(&quot;woff&quot;),url(https://use.typekit.net/af/b6c887/00000000000000003b9b3d61/27/a?primer=7cdcb44be4a7db8877ffa5c0007b8dd865b3bbc383831fe2ea177f62257a9191&amp;fvd=n3&amp;v=3) format(&quot;opentype&quot;);font-weight:300;font-style:normal;font-display:auto;}@font-face{font-family:work-sans;src:url(https://use.typekit.net/af/d53556/00000000000000003b9b139f/27/l?primer=7cdcb44be4a7db8877ffa5c0007b8dd865b3bbc383831fe2ea177f62257a9191&amp;fvd=n3&amp;v=3) format(&quot;woff2&quot;),url(https://use.typekit.net/af/d53556/00000000000000003b9b139f/27/d?primer=7cdcb44be4a7db8877ffa5c0007b8dd865b3bbc383831fe2ea177f62257a9191&amp;fvd=n3&amp;v=3) format(&quot;woff&quot;),url(https://use.typekit.net/af/d53556/00000000000000003b9b139f/27/a?primer=7cdcb44be4a7db8877ffa5c0007b8dd865b3bbc383831fe2ea177f62257a9191&amp;fvd=n3&amp;v=3) format(&quot;opentype&quot;);font-weight:300;font-style:normal;font-display:auto;}@font-face{font-family:work-sans;src:url(https://use.typekit.net/af/0f7d9c/00000000000000003b9b13a0/27/l?primer=7cdcb44be4a7db8877ffa5c0007b8dd865b3bbc383831fe2ea177f62257a9191&amp;fvd=n4&amp;v=3) format(&quot;woff2&quot;),url(https://use.typekit.net/af/0f7d9c/00000000000000003b9b13a0/27/d?primer=7cdcb44be4a7db8877ffa5c0007b8dd865b3bbc383831fe2ea177f62257a9191&amp;fvd=n4&amp;v=3) format(&quot;woff&quot;),url(https://use.typekit.net/af/0f7d9c/00000000000000003b9b13a0/27/a?primer=7cdcb44be4a7db8877ffa5c0007b8dd865b3bbc383831fe2ea177f62257a9191&amp;fvd=n4&amp;v=3) format(&quot;opentype&quot;);font-weight:400;font-style:normal;font-display:auto;}@font-face{font-family:work-sans;src:url(https://use.typekit.net/af/b13a2b/00000000000000003b9b13a3/27/l?primer=7cdcb44be4a7db8877ffa5c0007b8dd865b3bbc383831fe2ea177f62257a9191&amp;fvd=n7&amp;v=3) format(&quot;woff2&quot;),url(https://use.typekit.net/af/b13a2b/00000000000000003b9b13a3/27/d?primer=7cdcb44be4a7db8877ffa5c0007b8dd865b3bbc383831fe2ea177f62257a9191&amp;fvd=n7&amp;v=3) format(&quot;woff&quot;),url(https://use.typekit.net/af/b13a2b/00000000000000003b9b13a3/27/a?primer=7cdcb44be4a7db8877ffa5c0007b8dd865b3bbc383831fe2ea177f62257a9191&amp;fvd=n7&amp;v=3) format(&quot;opentype&quot;);font-weight:700;font-style:normal;font-display:auto;}&lt;/style&gt;&lt;script type=&quot;text/javascript&quot;&gt;&#10;		try {&#10;			Typekit.load();&#10;		} catch (e) {}&#10;	&lt;/script&gt;&#10;&#10;&#10;&lt;link rel=&quot;icon&quot; type=&quot;image/x-icon&quot; href=&quot;https://www.creditrepair.com/images/favicon.ico&quot;&gt;&#10;&#10;&#10;	&lt;link rel=&quot;canonical&quot; href=&quot;https://www.creditrepair.com/&quot;&gt;&#10;&#10;&#10;&#10;	&#10;		&lt;link rel=&quot;stylesheet&quot; href=&quot;/content/dam/credit-repair/common/css/normalize.css&quot; type=&quot;text/css&quot;&gt;&#10;	&#10;&#10;	&#10;		&lt;link rel=&quot;stylesheet&quot; href=&quot;/content/dam/credit-repair/common/css/site.css&quot; type=&quot;text/css&quot;&gt;&#10;	&#10;&#10;	&#10;		&lt;link rel=&quot;stylesheet&quot; href=&quot;/content/dam/credit-repair/common/css/index.css&quot; type=&quot;text/css&quot;&gt;&#10;	&#10;&#10;	&#10;		&lt;link rel=&quot;stylesheet&quot; href=&quot;/content/dam/credit-repair/common/css/nouislider.min.css&quot; type=&quot;text/css&quot;&gt;&#10;	&#10;&#10;	&#10;		&lt;link rel=&quot;stylesheet&quot; href=&quot;/content/dam/credit-repair/home/css/how-it-works.css&quot; type=&quot;text/css&quot;&gt;&#10;	&#10;&#10;	&#10;		&lt;link rel=&quot;stylesheet&quot; href=&quot;/content/dam/credit-repair/home/css/new-hero.css&quot; type=&quot;text/css&quot;&gt;&#10;	&#10;&#10;	&#10;		&lt;link rel=&quot;stylesheet&quot; href=&quot;/content/dam/credit-repair/home/css/hard-work.css&quot; type=&quot;text/css&quot;&gt;&#10;	&#10;&#10;&#10;&#10;&#10;&#10;&#10;&#10;&#10;&#10;&#10;&#10;&#10;&lt;title&gt;Credit Repair Services - CreditRepair.com&lt;/title&gt;&#10;&#10;  &lt;!--Lazy Load Images--&gt;&#10;&#10;  &lt;!-- Checks if foreach function exists --&gt;&#10;  &lt;script&gt;&#10;    if (typeof Array.prototype.forEach != &apos;function&apos;) {&#10;      Array.prototype.forEach = function (callback) {&#10;          for (var i = 0; i &lt; this.length; i++) {&#10;              callback.apply(this, [this[i], i, this]);&#10;          }&#10;      };&#10;    }&#10;&#10;    if (window.NodeList &amp;&amp; !NodeList.prototype.forEach) {&#10;        NodeList.prototype.forEach = Array.prototype.forEach;&#10;    }&#10;  &lt;/script&gt;&lt;script src=&quot;https://assets.adobedtm.com/extensions/EP5e9ec493dfa0465eaa797b523b09d3f7/AppMeasurement.min.js&quot; async=&quot;&quot;&gt;&lt;/script&gt;&lt;style id=&quot;at-makers-style&quot; class=&quot;at-flicker-control&quot;&gt;&#10;.mboxDefault {visibility: hidden;}&#10;&lt;/style&gt;&#10;&#10;  &lt;!-- LazyLoad Script --&gt;&#10;  &lt;script&gt;&#10;  document.addEventListener(&quot;DOMContentLoaded&quot;,function(){var lazyloadImages;if(&quot;IntersectionObserver&quot; in window){lazyloadImages=document.querySelectorAll(&quot;.lazy-loader&quot;);var imageObserver=new IntersectionObserver(function(entries,observer){entries.forEach(function(entry){if(entry.isIntersecting){var image=entry.target;image.src=image.dataset.src;image.classList.remove(&quot;lazy-loader&quot;);imageObserver.unobserve(image)}})});lazyloadImages.forEach(function(image){imageObserver.observe(image)})}else{var lazyloadThrottleTimeout;lazyloadImages=document.querySelectorAll(&quot;.lazy-loader&quot;);function lazyload(){if(lazyloadThrottleTimeout){clearTimeout(lazyloadThrottleTimeout)}&#10;  lazyloadThrottleTimeout=setTimeout(function(){var scrollTop=window.pageYOffset;lazyloadImages.forEach(function(img){if(img.offsetTop&lt;(window.innerHeight+scrollTop)){img.src=img.dataset.src;img.classList.remove(&apos;lazy-loader&apos;)}});if(lazyloadImages.length==0){document.removeEventListener(&quot;scroll&quot;,lazyload);window.removeEventListener(&quot;resize&quot;,lazyload);window.removeEventListener(&quot;orientationChange&quot;,lazyload)}},20)}&#10;  document.addEventListener(&quot;scroll&quot;,lazyload);window.addEventListener(&quot;resize&quot;,lazyload);window.addEventListener(&quot;orientationChange&quot;,lazyload)}})&#10;  &lt;/script&gt;&#10;&lt;script src=&quot;https://googleads.g.doubleclick.net/pagead/viewthroughconversion/995332405/?random=1602548680850&amp;amp;cv=9&amp;amp;fst=1602548680850&amp;amp;num=1&amp;amp;bg=ffffff&amp;amp;guid=ON&amp;amp;resp=GooglemKTybQhCsO&amp;amp;eid=376635470&amp;amp;u_h=1050&amp;amp;u_w=1680&amp;amp;u_ah=1027&amp;amp;u_aw=1680&amp;amp;u_cd=30&amp;amp;u_his=2&amp;amp;u_tz=-360&amp;amp;u_java=false&amp;amp;u_nplug=0&amp;amp;u_nmime=0&amp;amp;gtm=2oa9u1&amp;amp;sendb=1&amp;amp;ig=1&amp;amp;data=event%3Dgtag.config&amp;amp;frm=0&amp;amp;url=https%3A%2F%2Fwww.creditrepair.com%2F&amp;amp;tiba=Credit%20Repair%20Services%20-%20CreditRepair.com&amp;amp;hn=www.googleadservices.com&amp;amp;async=1&amp;amp;rfmt=3&amp;amp;fmt=4&quot;&gt;&lt;/script&gt;&lt;script src=&quot;https://googleads.g.doubleclick.net/pagead/viewthroughconversion/1053751751/?random=1602548680862&amp;amp;cv=9&amp;amp;fst=1602548680862&amp;amp;num=1&amp;amp;bg=ffffff&amp;amp;guid=ON&amp;amp;resp=GooglemKTybQhCsO&amp;amp;u_h=1050&amp;amp;u_w=1680&amp;amp;u_ah=1027&amp;amp;u_aw=1680&amp;amp;u_cd=30&amp;amp;u_his=2&amp;amp;u_tz=-360&amp;amp;u_java=false&amp;amp;u_nplug=0&amp;amp;u_nmime=0&amp;amp;gtm=2oa9u1&amp;amp;sendb=1&amp;amp;ig=1&amp;amp;data=event%3Dgtag.config&amp;amp;frm=0&amp;amp;url=https%3A%2F%2Fwww.creditrepair.com%2F&amp;amp;tiba=Credit%20Repair%20Services%20-%20CreditRepair.com&amp;amp;hn=www.googleadservices.com&amp;amp;async=1&amp;amp;rfmt=3&amp;amp;fmt=4&quot;&gt;&lt;/script&gt;&lt;script src=&quot;https://googleads.g.doubleclick.net/pagead/viewthroughconversion/939232542/?random=1602548680876&amp;amp;cv=9&amp;amp;fst=1602548680876&amp;amp;num=1&amp;amp;bg=ffffff&amp;amp;guid=ON&amp;amp;resp=GooglemKTybQhCsO&amp;amp;eid=376635471&amp;amp;u_h=1050&amp;amp;u_w=1680&amp;amp;u_ah=1027&amp;amp;u_aw=1680&amp;amp;u_cd=30&amp;amp;u_his=2&amp;amp;u_tz=-360&amp;amp;u_java=false&amp;amp;u_nplug=0&amp;amp;u_nmime=0&amp;amp;gtm=2oa9u1&amp;amp;sendb=1&amp;amp;ig=1&amp;amp;data=event%3Dgtag.config&amp;amp;frm=0&amp;amp;url=https%3A%2F%2Fwww.creditrepair.com%2F&amp;amp;tiba=Credit%20Repair%20Services%20-%20CreditRepair.com&amp;amp;hn=www.googleadservices.com&amp;amp;async=1&amp;amp;rfmt=3&amp;amp;fmt=4&quot;&gt;&lt;/script&gt;&lt;script src=&quot;https://googleads.g.doubleclick.net/pagead/viewthroughconversion/1070835421/?random=1602548680878&amp;amp;cv=9&amp;amp;fst=1602548680878&amp;amp;num=1&amp;amp;bg=ffffff&amp;amp;guid=ON&amp;amp;resp=GooglemKTybQhCsO&amp;amp;eid=376635471&amp;amp;u_h=1050&amp;amp;u_w=1680&amp;amp;u_ah=1027&amp;amp;u_aw=1680&amp;amp;u_cd=30&amp;amp;u_his=2&amp;amp;u_tz=-360&amp;amp;u_java=false&amp;amp;u_nplug=0&amp;amp;u_nmime=0&amp;amp;gtm=2oa9u1&amp;amp;sendb=1&amp;amp;ig=1&amp;amp;data=event%3Dgtag.config&amp;amp;frm=0&amp;amp;url=https%3A%2F%2Fwww.creditrepair.com%2F&amp;amp;tiba=Credit%20Repair%20Services%20-%20CreditRepair.com&amp;amp;hn=www.googleadservices.com&amp;amp;async=1&amp;amp;rfmt=3&amp;amp;fmt=4&quot;&gt;&lt;/script&gt;&lt;script src=&quot;https://googleads.g.doubleclick.net/pagead/viewthroughconversion/989023685/?random=1602548680879&amp;amp;cv=9&amp;amp;fst=1602548680879&amp;amp;num=1&amp;amp;bg=ffffff&amp;amp;guid=ON&amp;amp;resp=GooglemKTybQhCsO&amp;amp;u_h=1050&amp;amp;u_w=1680&amp;amp;u_ah=1027&amp;amp;u_aw=1680&amp;amp;u_cd=30&amp;amp;u_his=2&amp;amp;u_tz=-360&amp;amp;u_java=false&amp;amp;u_nplug=0&amp;amp;u_nmime=0&amp;amp;gtm=2oa9u1&amp;amp;sendb=1&amp;amp;ig=1&amp;amp;data=event%3Dgtag.config&amp;amp;frm=0&amp;amp;url=https%3A%2F%2Fwww.creditrepair.com%2F&amp;amp;tiba=Credit%20Repair%20Services%20-%20CreditRepair.com&amp;amp;hn=www.googleadservices.com&amp;amp;async=1&amp;amp;rfmt=3&amp;amp;fmt=4&quot;&gt;&lt;/script&gt;&lt;script&gt;&#10;if(window.navigator.userAgent.indexOf(&quot;Firefox/54&quot;) !== -1){&#10;    window.location.replace(&quot;https://www.creditrepair.com/signup/errors&quot;);&#10;}&#10;&lt;/script&gt;&lt;script type=&quot;text/javascript&quot;&gt;window.ttMETA=(typeof(window.ttMETA)!=&apos;undefined&apos;)?window.ttMETA:[];window.ttMETA.push({&apos;mbox&apos;:&apos;target-global-mbox&apos;,&apos;campaign&apos;:&apos;CR - Firefox Mozilla 54&apos;,&apos;experience&apos;:&apos;Experience A&apos;,&apos;offer&apos;:&apos;\/cr_-_firefox_mozilla54\/experiences\/0\/pages\/0\/zones\/0\/1579814183319&apos;});window.ttMBX=function(x){var mbxList=[];for(i=0;i&lt;ttMETA.length;i++){if(ttMETA[i].mbox==x.getName()){mbxList.push(ttMETA[i])}}return mbxList[x.getId()]};&lt;/script&gt;&lt;script src=&quot;https://assets.adobedtm.com/86ff4ffaf311/91fa59baa986/df5783653241/RCb3df349f9f3848c69ba96abca2e5c384-source.min.js&quot; async=&quot;&quot;&gt;&lt;/script&gt;&lt;script async=&quot;&quot; src=&quot;https://static.hotjar.com/c/hotjar-1051427.js?sv=6&quot;&gt;&lt;/script&gt;&lt;script type=&quot;text/javascript&quot; src=&quot;//solutions.invocacdn.com/js/networks/929/2814517279/tag-live.js&quot;&gt;&lt;/script&gt;&lt;script src=&quot;https://assets.adobedtm.com/86ff4ffaf311/91fa59baa986/df5783653241/RC8611781eab49420db98eb4c02654e909-source.min.js&quot; async=&quot;&quot;&gt;&lt;/script&gt;&lt;script src=&quot;https://assets.adobedtm.com/86ff4ffaf311/91fa59baa986/df5783653241/RCcbdb608547f1477c866627c211240a6b-source.min.js&quot; async=&quot;&quot;&gt;&lt;/script&gt;&lt;script src=&quot;https://assets.adobedtm.com/86ff4ffaf311/91fa59baa986/df5783653241/RC4578e06347cb42b3909d0ee0992a78fa-source.min.js&quot; async=&quot;&quot;&gt;&lt;/script&gt;&lt;script src=&quot;https://assets.adobedtm.com/86ff4ffaf311/91fa59baa986/df5783653241/RC79b3ddbf0bb74289be07911486c9739c-source.min.js&quot; async=&quot;&quot;&gt;&lt;/script&gt;&lt;script src=&quot;https://assets.adobedtm.com/86ff4ffaf311/91fa59baa986/df5783653241/RCbacdaf62e88c492c9a39d0fc6e3c395a-source.min.js&quot; async=&quot;&quot;&gt;&lt;/script&gt;&lt;script src=&quot;https://assets.adobedtm.com/86ff4ffaf311/91fa59baa986/df5783653241/RCda9a817cddaa47f0b3dc9e845842e592-source.min.js&quot; async=&quot;&quot;&gt;&lt;/script&gt;&lt;script src=&quot;https://assets.adobedtm.com/86ff4ffaf311/91fa59baa986/df5783653241/RC92e7ee8604c84cb09f8c77f2e6eddd31-source.min.js&quot; async=&quot;&quot;&gt;&lt;/script&gt;&lt;script src=&quot;https://assets.adobedtm.com/86ff4ffaf311/91fa59baa986/df5783653241/RCf8ab8bb090e84638bc13ea956ae6a58a-source.min.js&quot; async=&quot;&quot;&gt;&lt;/script&gt;&lt;script src=&quot;https://assets.adobedtm.com/86ff4ffaf311/91fa59baa986/df5783653241/RC38216e65adbc4cbcbff6b23709853742-source.min.js&quot; async=&quot;&quot;&gt;&lt;/script&gt;&lt;script src=&quot;https://assets.adobedtm.com/86ff4ffaf311/91fa59baa986/df5783653241/RCb7eb3dc342c8479ea72c299f49900c48-source.min.js&quot; async=&quot;&quot;&gt;&lt;/script&gt;&lt;/head&gt;&#10;    &lt;body&gt;&#10;&#10;    &lt;script type=&quot;application/ld+json&quot;&gt;&#10;{&#10;  &quot;@context&quot;: &quot;https://schema.org&quot;,&#10;  &quot;@type&quot;: &quot;corporation&quot;,&#10;  &quot;name&quot;: &quot;CreditRepair.com&quot;,&#10;  &quot;legalName&quot;: &quot;CreditRepair.com&quot;,&#10;  &quot;url&quot;: &quot;https://www.creditrepair.com/&quot;,&#10;  &quot;description&quot;: &quot;CreditRepair.com empowers every individual to achieve the credit scores they deserve and enjoy a lifestyle of greater opportunity. We are beyond one-time credit repair; we are dedicated to helping you develop a healthier relationship with your credit.&quot;,&#10;  &quot;logo&quot;: &quot;https://www.creditrepair.com/images/credit-repair-logo.png&quot;,&#10;  &quot;sameAs&quot;: [&#10;    &quot;https://www.facebook.com/creditrepaircom&quot;,&#10;    &quot;https://twitter.com/creditrepair&quot;,&#10;    &quot;https://instagram.com/creditrepair.com&quot;,&#10;    &quot;http://www.youtube.com/CreditRepair&quot;,&#10;    &quot;https://www.linkedin.com/company/creditrepair-com&quot;,&#10;    &quot;https://www.youtube.com/channel/UC310gltUBa0VTGzZ-HdPyDw&quot;,&#10;    &quot;https://www.consumeraffairs.com/finance/creditrepaircom.html&quot;,&#10;    &quot;https://bestcompany.com/credit-repair/company/credit-repair-com&quot;],&#10;  &quot;foundingDate&quot;: &quot;1997&quot;,&#10;  &quot;contactPoint&quot; :  [{ &quot;@type&quot;: &quot;ContactPoint&quot;,&#10;    &quot;telephone&quot;: &quot;+1-833-813-1000&quot;,&#10;    &quot;contactType&quot;: &quot;customer service&quot;,&#10;    &quot;contactOption&quot;: &quot;TollFree&quot;,&#10;    &quot;areaServed&quot;: &quot;US&quot;&#10;  }&#10;  ],&#10;  &quot;location&quot;: {&#10;  &quot;@type&quot;: &quot;Place&quot;,&#10;    &quot;address&quot;: {&#10;      &quot;@type&quot;: &quot;PostalAddress&quot;,&#10;      &quot;addressLocality&quot;: &quot;West Valley City&quot;,&#10;      &quot;addressRegion&quot;: &quot;UT&quot;,&#10;      &quot;postalCode&quot;: &quot;84119&quot;,&#10;      &quot;streetAddress&quot;: &quot;2875 S Decker Lake Dr&quot;,&#10;      &quot;addressCountry&quot;:&quot;USA&quot;},&#10;  &quot;hasMap&quot;: &quot;https://maps.google.com/maps?cid=3673121874415033650&quot;&#10;}}  &#10;&lt;/script&gt;&#10;&#10;&lt;div class=&quot;content&quot;&gt;&#10;    &lt;div class=&quot;main&quot;&gt;&#10;        &#10;&#10;&#10;&lt;div class=&quot;aem-Grid aem-Grid--12 aem-Grid--default--12 &quot;&gt;&#10;    &#10;    &#10;    &#10;&lt;/div&gt;&#10;&#10;        &#10;&#10;&#10;&lt;div class=&quot;aem-Grid aem-Grid--12 aem-Grid--default--12 &quot;&gt;&#10;    &#10;    &lt;div class=&quot;htmlreference parbase aem-GridColumn aem-GridColumn--default--12&quot;&gt;&#10;    &lt;div id=&quot;header_wrapper&quot;&gt;&#10;	&lt;div class=&quot;container&quot;&gt;&#10;		&lt;a href=&quot;https://www.creditrepair.com&quot;&gt;&lt;img id=&quot;credit_repair_logo&quot; src=&quot;https://www.creditrepair.com/images/credit-repair-logo-416x66.png&quot; alt=&quot;CreditRepair.com&quot;&gt;&lt;/a&gt;&#10;		&lt;ul id=&quot;top_nav&quot;&gt;&#10;			&lt;li class=&quot;top_nav_member_login_wrapper&quot;&gt;&lt;a class=&quot;top_nav_member_login&quot; href=&quot;http://members.creditrepair.com&quot;&gt;Log In&lt;span class=&quot;top_nav_login_icon&quot;&gt;&lt;/span&gt;&lt;/a&gt;&lt;/li&gt;&#10;			&lt;li class=&quot;top_nav_sign_up_wrapper&quot;&gt;&lt;a class=&quot;top_nav_sign_up&quot; href=&quot;https://www.creditrepair.com/signup&quot;&gt;Sign Up Now&lt;/a&gt;&lt;/li&gt;&#10;		&lt;/ul&gt;&#10;		&lt;div id=&quot;mobile_nav_toggle&quot; class=&quot;&quot;&gt;Menu&lt;/div&gt;&#10;		&lt;ul id=&quot;navigation&quot; class=&quot;&quot;&gt;&#10;			&lt;li&gt;&lt;a href=&quot;https://www.creditrepair.com/fix-my-credit&quot;&gt;Fix My Credit&lt;/a&gt;&lt;/li&gt;&#10;			&lt;li&gt;&lt;a href=&quot;https://www.creditrepair.com/credit-education&quot;&gt;Credit Education&lt;/a&gt;&lt;/li&gt;&#10;			&lt;li&gt;&lt;a href=&quot;https://www.creditrepair.com/about-us&quot;&gt;About Us&lt;/a&gt;&lt;/li&gt;&#10;			&lt;li class=&quot;navigation_login_wrap&quot;&gt;&lt;a class=&quot;navigation_login_btn&quot; href=&quot;http://members.creditrepair.com&quot;&gt;Log&#10;					In&lt;span class=&quot;navigation_login_icon&quot;&gt;&lt;/span&gt;&lt;/a&gt;&lt;/li&gt;&#10;			&lt;li class=&quot;navigation_signup_wrap&quot;&gt;&lt;a class=&quot;navigation_signup_btn&quot; href=&quot;https://www.creditrepair.com/credit-snapshot/pi&quot;&gt;Sign Up Now&lt;/a&gt;&lt;/li&gt;&#10;		&lt;/ul&gt;&#10;	&lt;/div&gt;&#10;	&lt;section class=&quot;mobile_login_bar active&quot;&gt;&#10;		&lt;div class=&quot;hub-link&quot;&gt;&lt;a href=&quot;https://www.creditrepair.com/fix-my-credit&quot;&gt;Fix My Credit&lt;/a&gt;&lt;/div&gt;&#10;		&lt;div class=&quot;hub-link&quot;&gt;&lt;a href=&quot;https://www.creditrepair.com/credit-education&quot;&gt;Credit Education&lt;/a&gt;&lt;/div&gt;&#10;		&lt;div class=&quot;hub-link&quot;&gt;&lt;a href=&quot;https://www.creditrepair.com/about-us&quot;&gt;About Us&lt;/a&gt;&lt;/div&gt;&#10;&#10;		&lt;div class=&quot;bar-login&quot;&gt;&lt;a href=&quot;http://members.creditrepair.com&quot;&gt;Login&lt;/a&gt;&lt;/div&gt;&#10;	&lt;/section&gt;&#10;&lt;/div&gt;&#10;&#10;&lt;script&gt;&#10;	// CR Mobile Bar Functionality&#10;	$(window).scroll(function () {&#10;		100 &lt; $(window).scrollTop() ? $(&#10;			&quot;.mobile_login_bar&quot;&#10;		).addClass(&quot;active&quot;) : $(&#10;			&quot;.mobile_login_bar&quot;&#10;		).removeClass(&quot;active&quot;)&#10;	});&#10;&lt;/script&gt;&#10;&#10;&lt;/div&gt;&#10;&lt;div class=&quot;htmlreference parbase aem-GridColumn aem-GridColumn--default--12&quot;&gt;&#10;    &lt;div id=&quot;page_pop_background&quot;&gt;&lt;/div&gt;&#10;&lt;!-------------------------- CR Home Hero ----------------------------&gt;&#10;&lt;div class=&quot;cr-hero-main&quot;&gt;&#10;    &lt;div class=&quot;hero-boundaries&quot;&gt;&#10;        &lt;div class=&quot;hero-container&quot;&gt;&#10;&#10;            &lt;p class=&quot;heading&quot;&gt;&lt;span class=&quot;heading-bold&quot;&gt;They say&lt;/span&gt;bad credit is forever &lt;span class=&quot;heading-bold&quot;&gt;We say&lt;/span&gt;You can fix it&lt;/p&gt;&#10;&#10;            &lt;div class=&quot;hero-btn-container&quot;&gt;&#10;                &lt;div class=&quot;button-wrapper&quot;&gt;&#10;                    &lt;p class=&quot;sub-header&quot;&gt;Check your credit for FREE&lt;/p&gt;&#10;                    &lt;a class=&quot;call_btn&quot; href=&quot;/credit-snapshot/pi&quot; data-unique=&quot;phone-hero&quot;&gt;Get Started&lt;/a&gt;&#10;                    &lt;a class=&quot;signup-online&quot; data-unique=&quot;signup-hero&quot; href=&quot;/signup&quot;&gt;or sign up online »&lt;/a&gt;&#10;                &lt;/div&gt;&#10;            &lt;/div&gt;&#10;        &lt;/div&gt;&#10;&#10;        &lt;div class=&quot;hero-img&quot;&gt;&lt;/div&gt;&#10;&#10;        &lt;div class=&quot;button-wrapper-mobile&quot;&gt;&#10;            &lt;div class=&quot;button-wrapper&quot;&gt;&#10;                &lt;p class=&quot;sub-header&quot;&gt;It’s time you tried credit repair.&lt;/p&gt;&#10;                &lt;a class=&quot;call_btn&quot; href=&quot;/credit-snapshot/pi&quot; data-unique=&quot;phone-hero&quot;&gt;Get Started&lt;/a&gt;&#10;                &lt;a class=&quot;signup-online&quot; data-unique=&quot;signup-hero&quot; href=&quot;/signup&quot;&gt;or sign up online »&lt;/a&gt;&#10;            &lt;/div&gt;&#10;        &lt;/div&gt;&#10;    &lt;/div&gt;&#10;&lt;/div&gt;&#10;&#10;&lt;div class=&quot;modal&quot; style=&quot;display: none;&quot;&gt;&lt;/div&gt;&#10;&lt;div id=&quot;cr-modal&quot; style=&quot;display: none;&quot;&gt;&#10;    &lt;div class=&quot;modal-container&quot;&gt;&#10;        &lt;div class=&quot;modal-heading&quot;&gt;&#10;            &lt;span class=&quot;closeBtn&quot;&gt;✕&lt;/span&gt;&#10;            &lt;h1 class=&quot;modal-image&quot;&gt;&lt;/h1&gt;&#10;            &lt;h2&gt;You can improve your credit score.&lt;/h2&gt;&#10;        &lt;/div&gt;&#10;        &lt;div class=&quot;modal-content&quot;&gt;&#10;            &lt;p class=&quot;call-now-heading&quot;&gt;&lt;span&gt;－－－&lt;/span&gt; Get your FREE&#10;                &lt;span&gt;－－－&lt;/span&gt;&#10;            &lt;/p&gt;&#10;            &lt;ul class=&quot;credit-list&quot;&gt;&#10;                &lt;li&gt;Personalized credit consultation&lt;/li&gt;&#10;                &lt;li class=&quot;credit-rep&quot;&gt;Credit report summary&lt;/li&gt;&#10;                &lt;li&gt;Score evaluation &amp;amp; game plan&lt;/li&gt;&#10;            &lt;/ul&gt;&#10;            &lt;div class=&quot;modal-buttons&quot;&gt;&#10;                &lt;a class=&quot;call-now-btn&quot; href=&quot;/credit-snapshot/pi&quot; data-unique=&quot;phone-modal&quot;&gt;Get Started&lt;/a&gt;&#10;                &lt;a class=&quot;sign-up&quot; href=&quot;/signup&quot; data-unique=&quot;signup-modal&quot;&gt;or sign up online »&lt;/a&gt;&#10;            &lt;/div&gt;&#10;        &lt;/div&gt;&#10;    &lt;/div&gt;&#10;&lt;/div&gt;&#10;&lt;!-------------------------- End CR Home Hero ----------------------------&gt;&#10;&#10;&lt;/div&gt;&#10;&lt;div class=&quot;htmlreference parbase aem-GridColumn aem-GridColumn--default--12&quot;&gt;&#10;    &lt;style&gt;&#10;&#10;signup-v2 a{text-decoration:none;color:#007cba}&#10;button.submit-info,a.sign-up-button,a.modal-button{margin:0 auto;font-size:16px;color:#fff;background-color:#ff9807;border-width:0;border-radius:5px;cursor:pointer;position:relative;font-family:source-sans-pro,sans-serif;font-weight:400;text-decoration:none;text-transform:uppercase;letter-spacing:1px;padding:15px 25px;display:inline-block;text-align:center;line-height:normal;max-width:275px;min-width:60px}&#10;button.submit-info:before,a.sign-up-button:before,a.modal-button:before{content:&quot;&quot;;position:absolute;width:calc(100% - 45px);height:2px;bottom:10px;left:21px;background-color:#fff;visibility:hidden;-webkit-transform:scaleX(0);transform:scaleX(0);-webkit-transition:all .3s ease-in-out;transition:all .3s ease-in-out}&#10;button.submit-info:hover,a.sign-up-button:hover,a.modal-button:hover{background-color:#e78107}&#10;button.submit-info:hover:before,a.sign-up-button:hover:before,a.modal-button:hover:before{visibility:visible;-webkit-transform:scaleX(1);transform:scaleX(1)}&#10;button.submit-info:disabled,a.sign-up-button:disabled,a.modal-button:disabled{background:grey}&#10;section#signup-v2{padding:60px 10px 40px;color:#444;opacity:0;transition:opacity .3s ease-in-out;height:0;overflow:hidden; background: #fff;font-family:work-sans,sans-serif;font-weight:300}&#10;section#signup-v2.technical-error{opacity:1;height:auto}&#10;&#10;&#10;fieldset{border-width:0;padding:0;margin:0}&#10;div.block{display:inline-block;width:45%;margin:0 10px 20px;vertical-align:top}&#10;div.block input{width:100%;border:1px solid #a1a1a1;border-radius:3px;color:#a1a1a1;font-size:14px;padding:18px 10px 10px;box-sizing:border-box}&#10;div.block input::placeholder{font-size:14px;color:#bcbcbc;opacity:0}&#10;div.floating_label{position:relative}&#10;div.floating_label label{font-size:14px;opacity:.5;color:#444;position:absolute;top:15px;right:auto;left:11px;transition:all ease-in .2s;cursor:text}&#10;div.floating_label label.extra-label{top:8px;right:8px;left:auto;opacity:1}&#10;div.floating_label input:focus+label,div.floating_label input:valid+label,div.floating_label input:disabled+label{font-size:10px;top:6px;opacity:1}&#10;div.floating_label.field_error label{color:#de6f57}&#10;div.floating_label.field_error .emailError+label{font-size:10px;top:6px}&#10;.errors{background-color:#de6f57;width:100%;text-align:center;color:#fff;padding:10px 0;font-size:14px;line-height:16px;display:none}&#10;.errors .errors-icon{font-size:10px;font-weight:700;width:15px;height:15px;color:#de6f57;background-color:#fff;border-radius:50%;line-height:15px;display:inline-block;vertical-align:top;margin:0 5px}&#10;div.field_error input{border:1px solid #de6f57}&#10;div.field_error em.field-text{position:relative;display:block;background-color:transparent;color:#de6f57;font-size:12px;font-style:normal;top:auto;padding:5px 0 0 5px;transition:all .1s ease-in-out}&#10;div.field_error .field-icon{font-size:12px;font-weight:700;width:18px;height:18px;color:#fff;background-color:#de6f57;border-radius:50%;line-height:18px;display:block;position:absolute;text-align:center;top:13px;right:7px;transition:all .1s ease-in-out}&#10;div.field_error .field-icon:before{content:&apos;\0021&apos;}&#10;em.field-text,span.field-icon{display:none}&#10;.signature em.field-text{display:block;margin:10px 0 0}&#10;div.floating_label.field_pass label{color:#62ba96}&#10;div.field_pass input{border:1px solid #62ba96}&#10;div.field_pass em.field-text{position:relative;display:block;background-color:transparent;color:#62ba96;font-style:normal;font-size:12px;top:auto;padding:5px 0 0 0;transition:all .1s ease-in-out}&#10;div.field_pass .field-icon:before{content:&apos;\2713&apos;}&#10;div.field_pass .field-icon{font-size:18px;font-weight:700;color:#62ba96;border-radius:50%;line-height:18px;display:block;position:absolute;text-align:center;top:14px;right:10px;transition:all .1s ease-in-out}&#10;div.submit_button_wrap{width:100%;text-align:center;margin:20px auto 30px}&#10;div.loading-box{text-align:center;position:relative;padding-right:50px}&#10;div.loading-box.full-sized{padding:0;margin:0}&#10;.loading{opacity:0;border:6px solid rgba(255,152,7,0.7);border-top-color:rgba(255,152,7,0.9);border-radius:100%;height:40px;width:40px;display:none}&#10;.loading.start{opacity:1;display:inline-block;position:absolute;animation:rotate .8s infinite linear;transition:all .5s ease-in-out}&#10;div.loading-box.full-sized .loading{width:60px;height:60px;border:6px solid rgba(255,152,7,0.7);border-top-color:rgba(255,152,7,0.9)}&#10;div.loading-box.full-sized .loading.start{position:relative;margin:250px auto}&#10;@keyframes rotate{from{transform:rotate(0)}&#10;to{transform:rotate(359deg)}&#10;}&#10;@keyframes loading-text{0{opacity:0}&#10;100%{opacity:1}&#10;}&#10;.loading-text-1,.loading-text-2,.loading-text-3,.loading-text-4,.loading-text-5,.loading-text-6,.loading-text-7,.loading-text-8,.loading-text-9,.loading-text-10{opacity:0;display:inline-block}&#10;.loading-text-1.activate{animation:loading-text .3s .1s 1 normal forwards;animation-timing-function:ease-in}&#10;.loading-text-2.activate{animation:loading-text .3s .2s 1 normal forwards;animation-timing-function:ease-in}&#10;.loading-text-3.activate{animation:loading-text .3s .3s 1 normal forwards;animation-timing-function:ease-in}&#10;.loading-text-4.activate{animation:loading-text .3s .4s 1 normal forwards;animation-timing-function:ease-in}&#10;.loading-text-5.activate{animation:loading-text .3s .5s 1 normal forwards;animation-timing-function:ease-in}&#10;.loading-text-6.activate{animation:loading-text .3s .6s 1 normal forwards;animation-timing-function:ease-in}&#10;.loading-text-7.activate{animation:loading-text .3s .7s 1 normal forwards;animation-timing-function:ease-in}&#10;.loading-text-8.activate{animation:loading-text .3s .8s 1 normal forwards;animation-timing-function:ease-in}&#10;.loading-text-9.activate{animation:loading-text .3s .9s 1 normal forwards;animation-timing-function:ease-in}&#10;.loading-text-10.activate{animation:loading-text .3s 1s 1 normal forwards;animation-timing-function:ease-in}&#10;p.loading-text-box{display:none;margin-right:15px}&#10;p.loading-text-box span{text-align:center;font-size:20px;margin:0 3px;padding:10px 0;color:rgba(255,152,7,0.8);font-family:&apos;ProximaNova-Regular&apos;}&#10;.check-boundaries{opacity:0;display:none;justify-content:center;height:100%;position:relative;margin:0 auto;text-align:center;transition:opacity .3s ease-in-out}&#10;.check-boundaries.appear{display:block;opacity:1}&#10;.check-boundaries .box{margin:0 auto;width:50px;height:50px;background-color:rgba(98,186,150,0.048);border:1px solid #62ba96;border-radius:100%}&#10;.check-boundaries .box.appear{animation:check-boundaries-grow 1s forwards}&#10;.check-boundaries .check{width:10px;height:22px;transform:rotate(44deg);position:absolute;top:0;left:50%;margin-left:-7px;margin-top:8px}&#10;.check-boundaries .check:after{content:&quot;&quot;;width:100%;height:100%;border:3px solid #237e64;border-left-width:0;border-top-width:0;position:absolute;bottom:-2px;right:-6px}&#10;.check-boundaries .check.appear{animation:check-boundaries-cha 1.2s ease-in-out forwards}&#10;@keyframes check-boundaries-grow{0{transform:scale(0)}&#10;100%{transform:scale(1)}&#10;}&#10;@keyframes check-boundaries-cha{0{width:0;height:0}&#10;50%{width:0;height:11px}&#10;100%{width:10px;height:22px}&#10;}&#10;.error-boundaries{opacity:0;display:none;justify-content:center;height:100%;position:relative;margin:0 auto;text-align:center;transition:opacity .3s ease-in-out}&#10;.error-boundaries.appear{display:block;opacity:1}&#10;.error-boundaries .error-box{margin:0 auto;width:50px;height:50px;background-color:#cc5e4228;border:1px solid #cc5e42;border-radius:100%}&#10;.error-boundaries .error-box.appear{animation:error-boundaries-grow 1s forwards}&#10;.error-boundaries .error{width:30px;height:30px;transform:rotate(44deg);position:absolute;top:0;left:50%;margin-left:-11px;margin-top:-15px}&#10;.error-boundaries .error.appear{animation:error-boundaries-cha 1.2s ease-in-out forwards}&#10;.error-boundaries .error:after{content:&quot;\002B&quot;;width:100%;height:100%;color:#cc5e42;position:absolute;left:14px;bottom:-16px}&#10;@keyframes error-boundaries-grow{0{transform:scale(0)}&#10;100%{transform:scale(1)}&#10;}&#10;@keyframes error-boundaries-cha{0{font-size:0;width:0;height:0}&#10;50%{font-size:25px;width:0;height:15px}&#10;100%{font-size:50px;width:30px;height:30px}&#10;}&#10;.credit-consultations h2{font-weight:400;font-size:24px;color:#fff;margin:15px auto;display:none}&#10;.credit-consultations h2.disclaimer-pi{display:block;text-align:left;line-height:initial;max-width:600px;margin:0;}&#10;.credit-consultations h2.disclaimer-pi span{display:block;color:#fff;margin:5px auto; font-size: 28px;}&#10;.credit-consultations .subheader{font-weight: 400; font-size: 24px; color: #007cba;margin:15px auto;text-align:center}&#10;    @media screen and (max-width: 680px) {&#10;        .credit-consultations h2 { font-size: 16px;}&#10;        .credit-consultations h2.disclaimer-pi span { font-size: 22px;}&#10;        .credit-consultations h2.disclaimer-pi { border: none; padding: 0;}&#10;    }&#10;    &#10;.credit-perks{width:300px;margin:0 auto;padding:0;}&#10;.credit-perks .free-perks{width:100%;margin:0 auto;text-align:start;padding-bottom:10px}&#10;.credit-perks .checkbox-green{position:relative;display:inline-block;vertical-align:top}&#10;.credit-perks .checkbox-green .box{margin:0 auto;width:20px;height:20px;border:1px solid #afd852;border-radius:100%}&#10;.credit-perks .checkbox-green .check{width:4px;height:9px;transform:rotate(44deg);position:absolute;top:0;left:50%;margin-left:-5px;margin-top:3px}&#10;.credit-perks .checkbox-green .check:after{content:&quot;&quot;;width:100%;height:100%;border:3px solid #afd852;border-left-width:0;border-top-width:0;position:absolute;bottom:-2px;right:-6px}&#10;.credit-perks .checkbox-text{position:relative;display:inline-block;padding-left:5px;vertical-align:sub}&#10;.step1-wrapper{max-width:600px;margin:0 auto}&#10;.step1-wrapper h2{font-weight:400;font-size:24px;color:#007cba;margin:15px auto;display:none}&#10;.step1-wrapper h2.disclaimer-pi{display:block;text-align:center;line-height:initial}&#10;.step1-wrapper .subheader{ font-size:18px;margin:15px auto;text-align:center;line-height:initial}&#10;&#10;form#Signup-Form,form#Signup-Form-ffhd{margin:0 auto;padding:15px 0}&#10;form#Signup-Form-ffhd{display:none}&#10;div.ffhd-box .styled_checkbox{display:inline-block;margin:10px 0 0 20px;vertical-align:top}&#10;div.ffhd-box label{display:inline-block;width:75%;margin:0 auto;line-height:1.3;font-weight:500;cursor:pointer}&#10;div.ffhd-box label.ffhd-check-text{width:initial;display:inline-block;vertical-align:top;margin:10px 0 0 0;font-weight:500;cursor:pointer}&#10;.styled_checkbox label{position:absolute;top:0;left:0;width:19px;height:19px;cursor:pointer}&#10;div.disclaimer_wrap{font-size:12px;color:#444;line-height:16px}&#10;&#10;.styled_checkbox{border-radius:0;background-color:#fff;border:2px solid #444;display:inline-block;width:12px;height:12px;cursor:pointer;vertical-align:middle;position:relative}&#10;.styled_checkbox input[type=&quot;checkbox&quot;]{visibility:hidden}&#10;.styled_checkbox label:after{content:&apos;&apos;;background:transparent;top:1px;left:1px;width:8px;height:4px;border:2px solid #444;border-top:0;border-right:0;position:absolute;opacity:0;transform:rotate(-45deg)}&#10;.styled_checkbox input[type=checkbox]:checked+label:after{opacity:1;-ms-filter:&quot;alpha(opacity=100)&quot;}&#10;.cert_wrapper{text-align:center;margin:30px auto}&#10;#friend-family-sign-up{max-width:615px;padding:0 5px;margin:40px auto 0}&#10;div.friend-family-referal-box{border:1px solid #63a70a;color:#444;background-color:#f5f5f5;max-width:450px;font-weight:500;margin:0 auto;padding:15px 0;text-align:center}&#10;div.friend-family-referal-box hr{border-top:1px solid silver;border-bottom-width:0;margin:15px auto;width:85%}&#10;div.friend-family-referal-box p{font-size:16px;max-width:300px;margin:25px auto;font-weight:300;line-height:20px}&#10;div.friend-family-referal-box strong{font-weight:700}&#10;button.sign-up-referral:before{width:96px}&#10;div.friend-family-referal-box p.sign-up-disclaimer{font-size:14px;color:#444}&#10;&#10;@media only screen and (max-width:768px){&#10;section#signup-v2{padding:40px 10px}&#10;}&#10;&#10;@media only screen and (max-width:500px){&#10;form#Signup-Form,form#Signup-Form-ffhd{padding:0}&#10;div.block{display:block;width:100%;margin:15px auto}&#10;div.ffhd-box .styled_checkbox{margin:20px 0 0 5px}&#10;div.ffhd-box label.ffhd-check-text{margin:20px 0 0}&#10;}&#10;&#10;&lt;/style&gt;&#10;&#10;&#10;&lt;section id=&quot;signup-v2&quot; style=&quot;opacity: 1; height: auto;&quot;&gt;&#10;    &lt;div class=&quot;credit-consultations&quot;&gt;&lt;p class=&quot;subheader&quot;&gt;Get your FREE online credit evaluation now&lt;/p&gt;&lt;/div&gt;&#10;    &lt;div class=&quot;credit-perks&quot;&gt;&#10;        &lt;div class=&quot;free-perks&quot;&gt;&#10;            &lt;div class=&quot;checkbox-green&quot;&gt;&#10;                &lt;div class=&quot;box&quot;&gt;&lt;/div&gt;&#10;                &lt;div class=&quot;check&quot;&gt;&lt;/div&gt;&#10;            &lt;/div&gt;&#10;            &lt;div class=&quot;checkbox-text&quot;&gt;FREE credit score&lt;/div&gt;&#10;        &lt;/div&gt;&#10;        &lt;div class=&quot;free-perks&quot;&gt;&#10;            &lt;div class=&quot;checkbox-green&quot;&gt;&#10;                &lt;div class=&quot;box&quot;&gt;&lt;/div&gt;&#10;                &lt;div class=&quot;check&quot;&gt;&lt;/div&gt;&#10;            &lt;/div&gt;&#10;            &lt;div class=&quot;checkbox-text&quot;&gt;FREE negative item summary&lt;/div&gt;&#10;        &lt;/div&gt;&#10;        &lt;div class=&quot;free-perks&quot;&gt;&#10;            &lt;div class=&quot;checkbox-green&quot;&gt;&#10;                &lt;div class=&quot;box&quot;&gt;&lt;/div&gt;&#10;                &lt;div class=&quot;check&quot;&gt;&lt;/div&gt;&#10;            &lt;/div&gt;&#10;            &lt;div class=&quot;checkbox-text&quot;&gt;FREE recommended credit solution&lt;/div&gt;&#10;        &lt;/div&gt;&#10;    &lt;/div&gt;&#10;    &lt;div class=&quot;step1-wrapper&quot;&gt;&#10;        &lt;h2 class=&quot;disclaimer-pi&quot;&gt;First, we need some info to pull your credit.&lt;/h2&gt;&#10;        &lt;p class=&quot;subheader&quot;&gt;Don’t worry—this is completely secure and won’t hurt your score. And did we mention it’s FREE?&lt;/p&gt;&#10;        &lt;form name=&quot;Signup-Form&quot; id=&quot;Signup-Form&quot; method=&quot;POST&quot; action=&quot;&quot; onsubmit=&quot;&quot; novalidate=&quot;novalidate&quot;&gt;&#10;            &lt;fieldset class=&quot;contact_info&quot;&gt;&#10;                &lt;div class=&quot;block floating_label first_name field_pass&quot;&gt;&#10;                    &lt;input type=&quot;text&quot; required=&quot;&quot; id=&quot;FirstName&quot; class=&quot;input_first_name is-valid&quot; name=&quot;firstName&quot; maxlength=&quot;25&quot; value=&quot;&quot; data-rule-validchar=&quot;true&quot; aria-required=&quot;true&quot; aria-invalid=&quot;false&quot;&gt; &lt;label for=&quot;FirstName&quot;&gt;First Name&lt;/label&gt;&#10;                    &lt;em class=&quot;field-text&quot;&gt;&lt;/em&gt; &lt;span class=&quot;field-icon&quot;&gt;&lt;/span&gt;&#10;                &lt;/div&gt;&#10;                &lt;div class=&quot;block floating_label last_name field_pass&quot;&gt;&#10;                    &lt;input type=&quot;text&quot; required=&quot;&quot; id=&quot;LastName&quot; class=&quot;input_last_name is-valid&quot; name=&quot;lastName&quot; maxlength=&quot;25&quot; value=&quot;&quot; data-rule-validchar=&quot;true&quot; aria-required=&quot;true&quot; aria-invalid=&quot;false&quot;&gt; &lt;label for=&quot;LastName&quot;&gt;Last Name&lt;/label&gt;&#10;                    &lt;em class=&quot;field-text&quot;&gt;&lt;/em&gt; &lt;span class=&quot;field-icon&quot;&gt;&lt;/span&gt;&#10;                &lt;/div&gt;&#10;                &lt;div class=&quot;block floating_label email field_pass&quot;&gt;&#10;                    &lt;input type=&quot;email&quot; required=&quot;&quot; id=&quot;Email&quot; class=&quot;input_email is-valid&quot; name=&quot;address&quot; maxlength=&quot;50&quot; value=&quot;&quot; data-rule-email=&quot;true&quot; aria-required=&quot;true&quot; aria-invalid=&quot;false&quot;&gt; &lt;label for=&quot;Email&quot;&gt;Email&lt;/label&gt; &lt;em class=&quot;field-text&quot;&gt;&lt;/em&gt;&#10;                    &lt;span class=&quot;field-icon&quot;&gt;&lt;/span&gt;&#10;                &lt;/div&gt;&#10;                &lt;div class=&quot;block floating_label phone1 field_pass&quot;&gt;&#10;                    &lt;input type=&quot;tel&quot; required=&quot;&quot; id=&quot;Phone&quot; class=&quot;input_phone1 is-valid&quot; name=&quot;number&quot; value=&quot;&quot; data-rule-phoneus=&quot;true&quot; data-form-format-helper=&quot;formatPhoneNumber&quot; aria-required=&quot;true&quot; maxlength=&quot;14&quot; inputmode=&quot;text&quot; aria-invalid=&quot;false&quot;&gt;&#10;                    &lt;label for=&quot;Phone&quot;&gt;Phone&lt;/label&gt; &lt;em class=&quot;field-text&quot;&gt;&lt;/em&gt; &lt;span class=&quot;field-icon&quot;&gt;&lt;/span&gt;&#10;                &lt;/div&gt;&#10;                &lt;div class=&quot;block floating_label street field_pass&quot;&gt;&#10;                    &lt;input type=&quot;text&quot; required=&quot;&quot; id=&quot;Address&quot; class=&quot;input_street is-valid&quot; name=&quot;line1&quot; maxlength=&quot;60&quot; value=&quot;&quot; data-rule-validchar=&quot;true&quot; aria-required=&quot;true&quot; aria-invalid=&quot;false&quot;&gt; &lt;label for=&quot;Address&quot;&gt;Street Address&lt;/label&gt;&#10;                    &lt;em class=&quot;field-text&quot;&gt;&lt;/em&gt; &lt;span class=&quot;field-icon&quot;&gt;&lt;/span&gt;&#10;                &lt;/div&gt;&#10;                &lt;div class=&quot;block floating_label zip field_pass&quot;&gt;&#10;                    &lt;input type=&quot;tel&quot; required=&quot;&quot; id=&quot;Zip&quot; class=&quot;input_zip is-valid&quot; name=&quot;zipCode&quot; data-form-format-helper=&quot;forceNumeric&quot; data-rule-zipcodeus=&quot;true&quot; maxlength=&quot;5&quot; value=&quot;&quot; aria-required=&quot;true&quot; aria-invalid=&quot;false&quot;&gt; &lt;label for=&quot;Zip&quot;&gt;Zip Code&lt;/label&gt;&#10;                    &lt;em class=&quot;field-text&quot;&gt;&lt;/em&gt; &lt;span class=&quot;field-icon&quot;&gt;&lt;/span&gt;&#10;                    &lt;a style=&quot;display: none; color: rgb(45, 158, 215); text-decoration: underline;&quot; class=&quot;california-policy-btn&quot; href=&quot;/privacy-policy#california-policy&quot; target=&quot;_blank&quot;&gt;California Privacy Rights&lt;/a&gt;&#10;                &lt;/div&gt;&#10;            &lt;/fieldset&gt;&#10;            &lt;div class=&quot;ffhd-box&quot; style=&quot;display: none;&quot;&gt;&#10;                &lt;label for=&quot;yes-ffd&quot;&gt;Would you like to sign up with a friend or family member today and each receive 50% off your first work fee?&lt;/label&gt;&#10;                &lt;div class=&quot;styled_checkbox&quot; style=&quot;margin-bottom: 5px;&quot;&gt;&lt;input type=&quot;checkbox&quot; value=&quot;yes&quot; class=&quot;signup-checkbox&quot; id=&quot;yes-ffd&quot; name=&quot;ffhd-check&quot;&gt; &lt;label for=&quot;yes-ffd&quot;&gt;&lt;/label&gt;&lt;/div&gt;&#10;                &lt;label for=&quot;yes-ffd&quot; class=&quot;ffhd-check-text&quot;&gt;Yes&lt;/label&gt;&#10;            &lt;/div&gt;&#10;        &lt;/form&gt;&#10;        &lt;h2 class=&quot;family-sign-up-wording&quot;&gt;Friend or Family Member&apos;s Contact Information&lt;/h2&gt;&#10;        &lt;form name=&quot;Signup-Form-ffhd&quot; id=&quot;Signup-Form-ffhd&quot; method=&quot;POST&quot; action=&quot;&quot; onsubmit=&quot;&quot; novalidate=&quot;novalidate&quot;&gt;&#10;            &lt;input type=&quot;hidden&quot; name=&quot;last_step&quot; value=&quot;step1&quot;&gt;&#10;            &lt;fieldset class=&quot;contact_info&quot;&gt;&#10;                &lt;div class=&quot;block floating_label first_name&quot;&gt;&#10;                    &lt;input type=&quot;text&quot; required=&quot;&quot; id=&quot;FirstName-ffhd&quot; class=&quot;input_first_name&quot; name=&quot;firstName&quot; maxlength=&quot;25&quot; value=&quot;&quot; data-rule-validchar=&quot;true&quot; aria-required=&quot;true&quot;&gt; &lt;label for=&quot;FirstName&quot;&gt;First Name&lt;/label&gt;&#10;                    &lt;em class=&quot;field-text&quot;&gt;&lt;/em&gt; &lt;span class=&quot;field-icon&quot;&gt;&lt;/span&gt;&#10;                &lt;/div&gt;&#10;                &lt;div class=&quot;block floating_label last_name&quot;&gt;&#10;                    &lt;input type=&quot;text&quot; required=&quot;&quot; id=&quot;LastName-ffhd&quot; class=&quot;input_last_name&quot; name=&quot;lastName&quot; maxlength=&quot;25&quot; value=&quot;&quot; data-rule-validchar=&quot;true&quot; aria-required=&quot;true&quot;&gt; &lt;label for=&quot;LastName&quot;&gt;Last Name&lt;/label&gt;&#10;                    &lt;em class=&quot;field-text&quot;&gt;&lt;/em&gt; &lt;span class=&quot;field-icon&quot;&gt;&lt;/span&gt;&#10;                &lt;/div&gt;&#10;                &lt;div class=&quot;block floating_label email&quot;&gt;&#10;                    &lt;input type=&quot;email&quot; required=&quot;&quot; id=&quot;Email-ffhd&quot; class=&quot;input_email&quot; name=&quot;address&quot; maxlength=&quot;50&quot; value=&quot;&quot; data-rule-email=&quot;true&quot; aria-required=&quot;true&quot;&gt; &lt;label for=&quot;Email&quot;&gt;Email&lt;/label&gt; &lt;em class=&quot;field-text&quot;&gt;&lt;/em&gt;&#10;                    &lt;span class=&quot;field-icon&quot;&gt;&lt;/span&gt;&#10;                &lt;/div&gt;&#10;                &lt;div class=&quot;block floating_label phone1&quot;&gt;&#10;                    &lt;input type=&quot;tel&quot; required=&quot;&quot; id=&quot;Phone-ffhd&quot; class=&quot;input_phone1&quot; name=&quot;number&quot; value=&quot;&quot; data-rule-phoneus=&quot;true&quot; data-form-format-helper=&quot;formatPhoneNumber&quot; aria-required=&quot;true&quot; maxlength=&quot;14&quot; inputmode=&quot;text&quot;&gt;&#10;                    &lt;label for=&quot;Phone&quot;&gt;Phone&lt;/label&gt; &lt;em class=&quot;field-text&quot;&gt;&lt;/em&gt; &lt;span class=&quot;field-icon&quot;&gt;&lt;/span&gt;&#10;                &lt;/div&gt;&#10;                &lt;div class=&quot;block floating_label street&quot;&gt;&#10;                    &lt;input type=&quot;text&quot; required=&quot;&quot; id=&quot;Address-ffhd&quot; class=&quot;input_street&quot; name=&quot;line1&quot; maxlength=&quot;60&quot; value=&quot;&quot; data-rule-validchar=&quot;true&quot; aria-required=&quot;true&quot;&gt; &lt;label for=&quot;Address&quot;&gt;Street Address&lt;/label&gt;&#10;                    &lt;em class=&quot;field-text&quot;&gt;&lt;/em&gt; &lt;span class=&quot;field-icon&quot;&gt;&lt;/span&gt;&#10;                &lt;/div&gt;&#10;                &lt;div class=&quot;block floating_label zip&quot;&gt;&#10;                    &lt;input type=&quot;tel&quot; required=&quot;&quot; id=&quot;Zip-ffhd&quot; class=&quot;input_zip&quot; name=&quot;zipCode&quot; data-form-format-helper=&quot;forceNumeric&quot; data-rule-zipcodeus=&quot;true&quot; maxlength=&quot;5&quot; value=&quot;&quot; aria-required=&quot;true&quot;&gt;&#10;                    &lt;label for=&quot;Zip&quot;&gt;Zip Code&lt;/label&gt; &lt;em class=&quot;field-text&quot;&gt;&lt;/em&gt; &lt;span class=&quot;field-icon&quot;&gt;&lt;/span&gt;&#10;                    &lt;a style=&quot;display: none; color: #2d9ed7; text-decoration: underline;&quot; class=&quot;california-policy-btn&quot; href=&quot;/privacy-policy#california-policy&quot; target=&quot;_blank&quot;&gt;California Privacy Rights&lt;/a&gt;&#10;                &lt;/div&gt;&#10;            &lt;/fieldset&gt;&#10;        &lt;/form&gt;&#10;        &lt;div class=&quot;submit_button_wrap&quot;&gt;&#10;            &lt;button type=&quot;submit&quot; name=&quot;contact-info-submit&quot; class=&quot;submit-info submit-button&quot; autocomplete=&quot;off&quot; disabled=&quot;disabled&quot; style=&quot;pointer-events: none;&quot;&gt;NEXT&lt;/button&gt;&#10;            &lt;div class=&quot;loading-box&quot;&gt;&#10;                &lt;p class=&quot;loading-text-box loading-text-anim&quot;&gt;&#10;                    &lt;span class=&quot;loading-text-1&quot;&gt;l&lt;/span&gt; &lt;span class=&quot;loading-text-2&quot;&gt;o&lt;/span&gt; &lt;span class=&quot;loading-text-3&quot;&gt;a&lt;/span&gt; &lt;span class=&quot;loading-text-4&quot;&gt;d&lt;/span&gt; &lt;span class=&quot;loading-text-5&quot;&gt;i&lt;/span&gt;&#10;                    &lt;span class=&quot;loading-text-6&quot;&gt;n&lt;/span&gt; &lt;span class=&quot;loading-text-7&quot;&gt;g&lt;/span&gt; &lt;span class=&quot;loading-text-8&quot;&gt;.&lt;/span&gt; &lt;span class=&quot;loading-text-9&quot;&gt;.&lt;/span&gt; &lt;span class=&quot;loading-text-10&quot;&gt;.&lt;/span&gt;&#10;                &lt;/p&gt;&#10;                &lt;div class=&quot;loading&quot;&gt;&lt;/div&gt;&#10;            &lt;/div&gt;&#10;            &lt;div class=&quot;check-boundaries createUser&quot;&gt;&#10;                &lt;div class=&quot;box createUser&quot;&gt;&lt;/div&gt;&#10;                &lt;div class=&quot;check createUser&quot;&gt;&lt;/div&gt;&#10;            &lt;/div&gt;&#10;            &lt;div class=&quot;error-boundaries createUser&quot;&gt;&#10;                &lt;div class=&quot;error-box createUser&quot;&gt;&lt;/div&gt;&#10;                &lt;div class=&quot;error createUser&quot;&gt;&lt;/div&gt;&#10;            &lt;/div&gt;&#10;        &lt;/div&gt;&#10;        &lt;div class=&quot;disclaimer_wrap&quot;&gt;&#10;            &lt;p&gt;&#10;                By clicking &apos;NEXT&apos; I agree by electronic signature to: (1) be contacted by credit repair or credit repair marketing by a live agent, artificial or prerecorded voice,and SMS text at my residential or cellular number, dialed&#10;                manually or by autodialer, and by email (consent to be contacted is not a condition to purchase services); and (2) the &lt;a href=&quot;https://www.creditrepair.com/privacy-policy&quot; target=&quot;_blank&quot;&gt;Privacy Policy&lt;/a&gt; and&#10;                &lt;a href=&quot;https://www.creditrepair.com/terms-of-use&quot; target=&quot;_blank&quot;&gt;Terms of Use&lt;/a&gt; (including this &lt;a href=&quot;https://www.creditrepair.com/terms-of-use#arbitration-provision&quot; target=&quot;_blank&quot;&gt;arbitration Provision&lt;/a&gt;).&#10;            &lt;/p&gt;&#10;        &lt;/div&gt;&#10;        &lt;div class=&quot;cert_wrapper&quot;&gt;&#10;            &lt;span id=&quot;siteseal&quot;&gt;&lt;img style=&quot;cursor:pointer;cursor:hand&quot; src=&quot;https://seal.godaddy.com/images/3/en/siteseal_gd_3_h_l_m.gif&quot; onclick=&quot;verifySeal();&quot; alt=&quot;SSL site seal - click to verify&quot;&gt;&lt;/span&gt;&#10;        &lt;/div&gt;&#10;    &lt;/div&gt;&#10;&lt;/section&gt;&#10;&#10;&#10;&lt;/div&gt;&#10;&lt;div class=&quot;htmlreference parbase aem-GridColumn aem-GridColumn--default--12&quot;&gt;&#10;    &lt;!-------------------------- Hard at Work ----------------------------&gt;&#10;&lt;div class=&quot;hard-work-wrapper&quot;&gt;&#10;    &lt;div class=&quot;hard-work&quot;&gt;&#10;&#10;        &lt;h2&gt;We&apos;ve been hard at work for our members&lt;/h2&gt;&#10;&#10;        &lt;div class=&quot;chart-wrapper&quot;&gt;&#10;            &lt;div class=&quot;circle1-wrapper&quot;&gt;&#10;                &lt;div class=&quot;circle-padding&quot;&gt;&#10;                    &lt;div class=&quot;circle-icon&quot;&gt;&lt;/div&gt;&#10;                    &lt;div class=&quot;number&quot;&gt;1.8+ million&lt;/div&gt;&#10;                    &lt;div class=&quot;big-content&quot;&gt;removals&lt;/div&gt;&#10;                    &lt;div class=&quot;small-content&quot;&gt;since 2012&lt;/div&gt;&#10;                &lt;/div&gt;&#10;            &lt;/div&gt;&#10;&#10;            &lt;div class=&quot;circle2-wrapper&quot;&gt;&#10;                &lt;div class=&quot;circle-padding&quot;&gt;&#10;                    &lt;div class=&quot;circle-icon&quot;&gt;&lt;/div&gt;&#10;                    &lt;div class=&quot;number&quot;&gt;19+ million&lt;/div&gt;&#10;                    &lt;div class=&quot;big-content&quot;&gt;challenges &lt;span&gt;&amp;amp;&lt;/span&gt; disputes&lt;/div&gt;&#10;                    &lt;div class=&quot;small-content&quot;&gt;sent since we started business&lt;/div&gt;&#10;                &lt;/div&gt;&#10;            &lt;/div&gt;&#10;&#10;            &lt;div class=&quot;circle3-wrapper&quot;&gt;&#10;                &lt;div class=&quot;circle-padding&quot;&gt;&#10;                    &lt;div class=&quot;circle-icon&quot;&gt;&lt;/div&gt;&#10;                    &lt;div class=&quot;number&quot;&gt;1+ million&lt;/div&gt;&#10;                    &lt;div class=&quot;big-content&quot;&gt;interventions&lt;/div&gt;&#10;                    &lt;div class=&quot;small-content&quot;&gt;sent in 2019&lt;/div&gt;&#10;                &lt;/div&gt;&#10;            &lt;/div&gt;&#10;        &lt;/div&gt;&#10;&#10;        &lt;div class=&quot;btn-wrapper&quot;&gt;&#10;            &lt;a class=&quot;btn-new&quot; href=&quot;/credit-snapshot/pi&quot;&gt;Get Started&lt;/a&gt;&#10;            &lt;div&gt;&lt;a class=&quot;text-link&quot; href=&quot;/signup&quot;&gt;or sign up online »&lt;/a&gt;&lt;/div&gt;&#10;        &lt;/div&gt;&#10;    &lt;/div&gt;&#10;&lt;/div&gt;&#10;&lt;!-------------------------- End Hard at Work ----------------------------&gt;&#10;&#10;&lt;/div&gt;&#10;&lt;div class=&quot;htmlreference parbase aem-GridColumn aem-GridColumn--default--12&quot;&gt;&#10;    &lt;!-------------------------- How Credit Works ----------------------------&gt;&#10;&lt;div id=&quot;how-works-new-wrapper&quot;&gt;&#10;    &lt;div class=&quot;how-works-new-container&quot;&gt;&#10;        &lt;h2&gt;How credit repair works&lt;/h2&gt;&#10;&#10;        &lt;div class=&quot;how-works-col-wrapper&quot;&gt;&#10;            &lt;div class=&quot;how-works-icon challenge&quot;&gt;&lt;/div&gt;&#10;            &lt;div&gt;&#10;                &lt;div class=&quot;how-works-title&quot;&gt;Challenge&lt;/div&gt;&#10;                &lt;div class=&quot;how-works-content&quot;&gt;We challenge your questionable negative items with all three bureaus,&#10;                    ensuring your credit reports are accurate and fair.&lt;/div&gt;&#10;            &lt;/div&gt;&#10;        &lt;/div&gt;&#10;&#10;        &lt;div class=&quot;how-works-col-wrapper&quot;&gt;&#10;            &lt;div class=&quot;how-works-icon dispute&quot;&gt;&lt;/div&gt;&#10;            &lt;div&gt;&#10;                &lt;div class=&quot;how-works-title&quot;&gt;Dispute&lt;/div&gt;&#10;                &lt;div class=&quot;how-works-content&quot;&gt;We ask your creditors to verify the negative items they’re reporting. If&#10;                    they can’t, they are required by law to stop reporting them.&lt;/div&gt;&#10;            &lt;/div&gt;&#10;        &lt;/div&gt;&#10;&#10;        &lt;div class=&quot;how-works-col-wrapper&quot;&gt;&#10;            &lt;div class=&quot;how-works-icon monitor&quot;&gt;&lt;/div&gt;&#10;            &lt;div&gt;&#10;                &lt;div class=&quot;how-works-title&quot;&gt;Monitor&lt;/div&gt;&#10;                &lt;div class=&quot;how-works-content&quot;&gt;We continue to watch your credit, addressing additional issues as they&#10;                    arise so that you can stay on track and reach your goals.&lt;/div&gt;&#10;            &lt;/div&gt;&#10;        &lt;/div&gt;&#10;&#10;        &lt;div class=&quot;mobile-carousels&quot; id=&quot;how-works-mobile&quot;&gt;&#10;            &lt;ul class=&quot;carousel&quot;&gt;&#10;                &lt;li&gt;&#10;                    &lt;a id=&quot;carousel-ext&quot; href=&quot;#&quot; data-unique=&quot;carousel-items&quot;&gt;&#10;                        &lt;ul class=&quot;carousel-boundaries&quot;&gt;&#10;                            &lt;li class=&quot;selected&quot;&gt;&#10;                                &lt;div class=&quot;carousel-item&quot;&gt;&#10;                                    &lt;div class=&quot;how-works-col-wrapper-mobile&quot;&gt;&#10;                                        &lt;div class=&quot;how-works-icon challenge&quot;&gt;&lt;/div&gt;&#10;                                        &lt;div&gt;&#10;                                            &lt;div class=&quot;how-works-title&quot;&gt;Challenge&lt;/div&gt;&#10;                                            &lt;div class=&quot;how-works-content&quot;&gt;We challenge your questionable negative items&#10;                                                with all three bureaus,&#10;                                                ensuring your credit reports are accurate and fair.&lt;/div&gt;&#10;                                        &lt;/div&gt;&#10;                                    &lt;/div&gt;&#10;                                &lt;/div&gt;&#10;                            &lt;/li&gt;&#10;                            &lt;li class=&quot;move-right&quot;&gt;&#10;                                &lt;div class=&quot;carousel-item&quot;&gt;&#10;                                    &lt;div class=&quot;how-works-col-wrapper-mobile&quot;&gt;&#10;                                        &lt;div class=&quot;how-works-icon dispute&quot;&gt;&lt;/div&gt;&#10;                                        &lt;div&gt;&#10;                                            &lt;div class=&quot;how-works-title&quot;&gt;Dispute&lt;/div&gt;&#10;                                            &lt;div class=&quot;how-works-content&quot;&gt;We ask your creditors to verify the negative&#10;                                                items they’re reporting. If&#10;                                                they can’t, they are required by law to stop reporting them.&lt;/div&gt;&#10;                                        &lt;/div&gt;&#10;                                    &lt;/div&gt;&#10;                                &lt;/div&gt;&#10;                            &lt;/li&gt;&#10;                            &lt;li&gt;&#10;                                &lt;div class=&quot;carousel-item&quot;&gt;&#10;                                    &lt;div class=&quot;how-works-col-wrapper-mobile&quot;&gt;&#10;                                        &lt;div class=&quot;how-works-icon monitor&quot;&gt;&lt;/div&gt;&#10;                                        &lt;div&gt;&#10;                                            &lt;div class=&quot;how-works-title&quot;&gt;Monitor&lt;/div&gt;&#10;                                            &lt;div class=&quot;how-works-content&quot;&gt;We continue to watch your credit, addressing&#10;                                                additional issues as they&#10;                                                arise so that you can stay on track and reach your goals.&lt;/div&gt;&#10;                                        &lt;/div&gt;&#10;                                    &lt;/div&gt;&#10;                                &lt;/div&gt;&#10;                            &lt;/li&gt;&#10;                        &lt;/ul&gt;&#10;                    &lt;/a&gt;&#10;                &lt;/li&gt;&#10;            &lt;/ul&gt;&#10;            &lt;div class=&quot;prev&quot; id=&quot;prev&quot;&gt;❮&lt;/div&gt;&#10;            &lt;div class=&quot;next&quot; id=&quot;next&quot;&gt;❯&lt;/div&gt;&#10;        &lt;/div&gt;&#10;&#10;        &lt;div class=&quot;btn-wrapper&quot;&gt;&#10;            &lt;p&gt;See your credit score now&lt;/p&gt;&#10;            &lt;a class=&quot;btn-new&quot; href=&quot;/credit-snapshot/pi&quot;&gt;Get Started&lt;/a&gt;&#10;            &lt;div&gt;&lt;a class=&quot;text-link&quot; href=&quot;/signup/index&quot;&gt;or sign up online »&lt;/a&gt;&lt;/div&gt;&#10;        &lt;/div&gt;&#10;&#10;    &lt;/div&gt;&#10;&lt;/div&gt;&#10;&lt;!-------------------------- End How Credit Works----------------------------&gt;&#10;&#10;&lt;/div&gt;&#10;&lt;div class=&quot;htmlreference parbase aem-GridColumn aem-GridColumn--default--12&quot;&gt;&#10;    &lt;section class=&quot;client-reviews&quot;&gt;&#10;    &lt;div class=&quot;boundaries&quot;&gt;&#10;        &lt;h2&gt;What our members are saying&lt;/h2&gt;&#10;        &#10;        &lt;div class=&quot;review-wrapper&quot;&gt;&#10;            &lt;div class=&quot;review&quot;&gt;&#10;                &lt;div class=&quot;review-box-boundaries&quot;&gt;&#10;                    &#10;                    &lt;p class=&quot;blurb&quot;&gt;I like that CreditRepair.com takes their time to explain your credit status to you. They make you feel  really important, and they never treat you like a number. They make you feel like a true person.&lt;/p&gt;&#10;                    &#10;                    &lt;div class=&quot;reviewer&quot;&gt; &#10;                        &lt;div class=&quot;name&quot;&gt;Yvette B | &lt;span class=&quot;star&quot;&gt;&lt;/span&gt; &lt;span class=&quot;star&quot;&gt;&lt;/span&gt; &lt;span class=&quot;star&quot;&gt;&lt;/span&gt; &lt;span class=&quot;star&quot;&gt;&lt;/span&gt; &lt;span class=&quot;star&quot;&gt;&lt;/span&gt;&lt;/div&gt;&#10;                        &lt;p class=&quot;date&quot;&gt;New York - February 20, 2019&lt;/p&gt;&#10;                    &lt;/div&gt;&#10;&#10;                &lt;/div&gt;&#10;            &lt;/div&gt;&#10;            &lt;div class=&quot;review&quot;&gt;&#10;                &lt;div class=&quot;review-box-boundaries&quot;&gt;&#10;                    &#10;                    &lt;p class=&quot;blurb&quot;&gt;CreditRepair.com is the only answer! Credit repair has helped me begin to restore my credit! Credit is very important especially when you have children that need to go to college. Good credit is like having money in the bank!&lt;/p&gt;&#10;                    &#10;                    &lt;div class=&quot;reviewer&quot;&gt; &#10;                        &lt;div class=&quot;name&quot;&gt;Sharon R | &lt;span class=&quot;star&quot;&gt;&lt;/span&gt; &lt;span class=&quot;star&quot;&gt;&lt;/span&gt; &lt;span class=&quot;star&quot;&gt;&lt;/span&gt; &lt;span class=&quot;star&quot;&gt;&lt;/span&gt; &lt;span class=&quot;star grey&quot;&gt;&lt;/span&gt;&lt;/div&gt;&#10;                         &lt;p class=&quot;date&quot;&gt;New Jersey - March 22, 2019&lt;/p&gt;&#10;                    &lt;/div&gt;&#10;&#10;                &lt;/div&gt;&#10;            &lt;/div&gt;&#10;            &lt;div class=&quot;review&quot;&gt;&#10;                &lt;div class=&quot;review-box-boundaries&quot;&gt;&#10;                    &#10;                    &lt;p class=&quot;blurb&quot;&gt;They tell you how it is. No lying, they always take your call, and they always want to help you and keep you informed. They got all negatives off my credit report except two that remain, now it’s my wife’s turn! Thanks for all your help. &lt;/p&gt;&#10;                    &#10;                    &lt;div class=&quot;reviewer&quot;&gt; &#10;                        &lt;div class=&quot;name&quot;&gt;James P | &lt;span class=&quot;star&quot;&gt;&lt;/span&gt; &lt;span class=&quot;star&quot;&gt;&lt;/span&gt; &lt;span class=&quot;star&quot;&gt;&lt;/span&gt; &lt;span class=&quot;star&quot;&gt;&lt;/span&gt; &lt;span class=&quot;star grey&quot;&gt;&lt;/span&gt;&lt;/div&gt;&#10;                         &lt;p class=&quot;date&quot;&gt;Washington - April 16,  2019&lt;/p&gt;&#10;                    &lt;/div&gt;&#10;                &lt;/div&gt;&#10;            &lt;/div&gt;&#10;        &lt;/div&gt;&#10;        &#10;        &#10;        &lt;div class=&quot;mobile-carousels&quot; id=&quot;reviews-mobile&quot;&gt;&#10;            &lt;ul class=&quot;carousel&quot;&gt;&#10;                &lt;li&gt;&#10;                    &lt;a id=&quot;carousel-ext&quot; href=&quot;#&quot; data-unique=&quot;carousel-items&quot;&gt;&#10;                        &lt;ul class=&quot;carousel-boundaries&quot;&gt;&#10;                            &lt;li class=&quot;selected&quot;&gt;&#10;                                &lt;div class=&quot;carousel-item&quot;&gt; &#10;                                    &lt;div class=&quot;review&quot;&gt;&#10;                                        &lt;div class=&quot;review-box-boundaries&quot;&gt;&#10;                                            &#10;                                           &lt;p class=&quot;blurb&quot;&gt;I like that CreditRepair.com takes their time to explain your credit status to you. They make you feel  really important, and they never treat you like a number. They make you feel like a true person.&lt;/p&gt;&#10;                    &#10;                                            &lt;div class=&quot;reviewer&quot;&gt; &#10;                                                &lt;div class=&quot;name&quot;&gt;Yvette B | &lt;span class=&quot;star&quot;&gt;&lt;/span&gt; &lt;span class=&quot;star&quot;&gt;&lt;/span&gt; &lt;span class=&quot;star&quot;&gt;&lt;/span&gt; &lt;span class=&quot;star&quot;&gt;&lt;/span&gt; &lt;span class=&quot;star&quot;&gt;&lt;/span&gt;&lt;/div&gt;&#10;                                                &lt;p class=&quot;date&quot;&gt;New York - February 20, 2019&lt;/p&gt;&#10;                                            &lt;/div&gt;&#10;&#10;                                        &lt;/div&gt;&#10;                                    &lt;/div&gt;&#10;                                &lt;/div&gt;&#10;                            &lt;/li&gt;&#10;                            &lt;li class=&quot;move-right&quot;&gt;&#10;                                &lt;div class=&quot;carousel-item&quot;&gt; &#10;                                    &lt;div class=&quot;review&quot;&gt;&#10;                                        &lt;div class=&quot;review-box-boundaries&quot;&gt;&#10;                                            &#10;                                            &lt;p class=&quot;blurb&quot;&gt;CreditRepair.com is the only answer! Credit repair has helped me begin to restore my credit! Credit is very important especially when you have children that need to go to college. Good credit is like having money in the bank!&lt;/p&gt;&#10;                    &#10;                                            &lt;div class=&quot;reviewer&quot;&gt; &#10;                                                &lt;div class=&quot;name&quot;&gt;Sharon R | &lt;span class=&quot;star&quot;&gt;&lt;/span&gt; &lt;span class=&quot;star&quot;&gt;&lt;/span&gt; &lt;span class=&quot;star&quot;&gt;&lt;/span&gt; &lt;span class=&quot;star&quot;&gt;&lt;/span&gt; &lt;span class=&quot;star grey&quot;&gt;&lt;/span&gt;&lt;/div&gt;&#10;                                                 &lt;p class=&quot;date&quot;&gt;New Jersey - March 22, 2019&lt;/p&gt;&#10;                                            &lt;/div&gt;&#10;&#10;                                        &lt;/div&gt;&#10;                                    &lt;/div&gt;&#10;                                &lt;/div&gt;&#10;                            &lt;/li&gt;&#10;                            &lt;li&gt;&#10;                                &lt;div class=&quot;carousel-item&quot;&gt; &#10;                                    &lt;div class=&quot;review&quot;&gt;&#10;                                        &lt;div class=&quot;review-box-boundaries&quot;&gt;&#10;                                            &#10;                                            &lt;p class=&quot;blurb&quot;&gt;They tell you how it is. No lying, they always take your call, and they always want to help you and keep you informed. They got all negatives off my credit report except two that remain, now it’s my wife’s turn! Thanks for all your help. &lt;/p&gt;&#10;                    &#10;                                            &lt;div class=&quot;reviewer&quot;&gt; &#10;                                                &lt;div class=&quot;name&quot;&gt;James P | &lt;span class=&quot;star&quot;&gt;&lt;/span&gt; &lt;span class=&quot;star&quot;&gt;&lt;/span&gt; &lt;span class=&quot;star&quot;&gt;&lt;/span&gt; &lt;span class=&quot;star&quot;&gt;&lt;/span&gt; &lt;span class=&quot;star grey&quot;&gt;&lt;/span&gt;&lt;/div&gt;&#10;                                                 &lt;p class=&quot;date&quot;&gt;Washington - April 16,  2019&lt;/p&gt;&#10;                                            &lt;/div&gt;&#10;                                            &#10;                                        &lt;/div&gt;&#10;                                    &lt;/div&gt;&#10;                                &lt;/div&gt;&#10;                            &lt;/li&gt;&#10;                        &lt;/ul&gt;&#10;                    &lt;/a&gt;&#10;                &lt;/li&gt;&#10;            &lt;/ul&gt;&#10;            &lt;div class=&quot;prev&quot; id=&quot;prev&quot;&gt;❮&lt;/div&gt;&#10;            &lt;div class=&quot;next&quot; id=&quot;next&quot;&gt;❯&lt;/div&gt;&#10;        &lt;/div&gt;&#10;        &#10;        &lt;div class=&quot;review-disclaimer&quot;&gt;&#10;            &lt;a href=&quot;#&quot; class=&quot;info-modal&quot;&gt;Info About Our Testimonials&lt;/a&gt;&#10;        &lt;/div&gt;&#10;    &lt;/div&gt;&#10;&lt;/section&gt;&#10;&#10;&lt;div id=&quot;disclaimer-modal&quot; style=&quot;display: none;&quot;&gt;&#10;    &lt;div class=&quot;modal-container&quot;&gt;&#10;        &lt;div class=&quot;modal-heading&quot;&gt;&#10;            &lt;span class=&quot;closeBtn&quot;&gt;✕&lt;/span&gt;&#10;        &lt;/div&gt;&#10;        &lt;div class=&quot;modal-content&quot;&gt;&#10;            &lt;h5&gt;What you need to know about our testimonials&lt;/h5&gt;&#10;            &lt;p&gt;Testimonials represent the results of the particular individual and you should not expect the same result because your case is different than everyone else&apos;s. CreditRepair.com promises only to communicate with creditors on your behalf and in your name, verify report changes with bureaus, and provide you timely information about changes in your reports. Any credit score improvement seen after using our services is the result of many other additional factors, including: keeping credit balances low, paying bills on time, reducing or eliminating unnecessary inquiries, and developing appropriate types of credit, and sound financial planning.&lt;/p&gt;&#10;        &lt;/div&gt;&#10;    &lt;/div&gt;&#10;&lt;/div&gt;&#10;&#10;&lt;script&gt;&#10;$(document).ready(function () {&#10;    $(&quot;.info-modal&quot;).on(&quot;click touchstart touchend&quot;, function () {&#10;        event.preventDefault();&#10;        $(&quot;.modal&quot;).show();&#10;        $(&quot;#disclaimer-modal&quot;).show();&#10;     });&#10;    &#10;    $(&quot;.modal, .closeBtn&quot;).on(&quot;click touchstart touchend&quot;, function () {&#10;        $(&quot;.modal&quot;).hide();&#10;        $(&quot;#disclaimer-modal&quot;).hide();&#10;    });&#10;});&#10;&#10;&lt;/script&gt;&#10;&#10;&#10;&lt;/div&gt;&#10;&lt;div class=&quot;htmlreference parbase aem-GridColumn aem-GridColumn--default--12&quot;&gt;&#10;    &lt;div class=&quot;container&quot; id=&quot;get-started-cr&quot;&gt;&#10;    &lt;div class=&quot;row get_started_banner&quot;&gt;&#10;        &lt;p class=&quot;text&quot;&gt;Start with our Proven Online System &lt;span&gt;$99.95/month&lt;/span&gt;&lt;/p&gt;&#10;        &lt;a href=&quot;https://www.creditrepair.com/signup&quot; class=&quot;btn btn-orange&quot; data-unique=&quot;get-started-section-signup&quot; id=&quot;get-started-section-signup&quot;&gt;Get Started&lt;/a&gt;&#10;    &lt;/div&gt;&#10;&lt;/div&gt;&#10;&#10;&lt;/div&gt;&#10;&lt;div class=&quot;htmlreference parbase aem-GridColumn aem-GridColumn--default--12&quot;&gt;&#10;    &lt;!-------------------------- Cost ----------------------------&gt;&#10;&lt;div id=&quot;cost-new-wrapper&quot;&gt;&#10;    &lt;div class=&quot;cost-new-container&quot;&gt;&#10;&#10;        &lt;h2&gt;How much does it cost?&lt;/h2&gt;&#10;        &lt;div class=&quot;cost-new-leader&quot;&gt;A service for all budgets&lt;/div&gt;&#10;        &lt;div class=&quot;cost-panel-container&quot;&gt;&#10;            &lt;div class=&quot;cost-panel-wrapper&quot;&gt;&#10;                &lt;div class=&quot;cost-panel&quot;&gt;&#10;                    &lt;div class=&quot;cost-panel-icon cost-icon-1&quot;&gt;&lt;/div&gt;&#10;                    &lt;div class=&quot;cost-panel-title&quot;&gt;Aggressive&lt;/div&gt;&#10;                    &lt;div class=&quot;cost-panel-desc&quot;&gt;Recommended for those who have a lot of negative items on their credit&#10;                        report&lt;/div&gt;&#10;                    &lt;div class=&quot;cost-panel-price&quot;&gt;$$$&lt;/div&gt;&#10;                &lt;/div&gt;&#10;            &lt;/div&gt;&#10;            &lt;div class=&quot;cost-panel-wrapper&quot;&gt;&#10;                &lt;div class=&quot;cost-panel&quot;&gt;&#10;                    &lt;div class=&quot;cost-panel-icon cost-icon-2&quot;&gt;&lt;/div&gt;&#10;                    &lt;div class=&quot;cost-panel-title&quot;&gt;Moderate&lt;/div&gt;&#10;                    &lt;div class=&quot;cost-panel-desc&quot;&gt;Recommended for those who have a moderate amount of negative items&#10;                    &lt;/div&gt;&#10;                    &lt;div class=&quot;cost-panel-price&quot;&gt;$$&lt;/div&gt;&#10;                &lt;/div&gt;&#10;            &lt;/div&gt;&#10;            &lt;div class=&quot;cost-panel-wrapper&quot;&gt;&#10;                &lt;div class=&quot;cost-panel&quot;&gt;&#10;                    &lt;div class=&quot;cost-panel-icon cost-icon-3&quot;&gt;&lt;/div&gt;&#10;                    &lt;div class=&quot;cost-panel-title&quot;&gt;Basic&lt;/div&gt;&#10;                    &lt;div class=&quot;cost-panel-desc&quot;&gt;Recommended for those who have a handful of negative items&lt;/div&gt;&#10;                    &lt;div class=&quot;cost-panel-price&quot;&gt;$&lt;/div&gt;&#10;                &lt;/div&gt;&#10;            &lt;/div&gt;&#10;        &lt;/div&gt;&#10;&#10;        &lt;div class=&quot;mobile-carousels&quot; id=&quot;cost-carousel-mobile&quot;&gt;&#10;            &lt;ul class=&quot;carousel&quot;&gt;&#10;                &lt;li&gt;&#10;                    &lt;a id=&quot;carousel-ext&quot; href=&quot;#&quot; data-unique=&quot;carousel-items&quot;&gt;&#10;                        &lt;ul class=&quot;carousel-boundaries&quot;&gt;&#10;                            &lt;li class=&quot;selected&quot;&gt;&#10;                                &lt;div class=&quot;carousel-item&quot;&gt;&#10;                                    &lt;div class=&quot;cost-panel-wrapper&quot;&gt;&#10;                                        &lt;div class=&quot;cost-panel&quot;&gt;&#10;                                            &lt;div class=&quot;cost-panel-icon cost-icon-1&quot;&gt;&lt;/div&gt;&#10;                                            &lt;div class=&quot;cost-panel-title&quot;&gt;Aggressive&lt;/div&gt;&#10;                                            &lt;div class=&quot;cost-panel-desc&quot;&gt;Recommended for those who have a lot of&#10;                                                negative items on their credit report&lt;/div&gt;&#10;                                            &lt;div class=&quot;cost-panel-price&quot;&gt;$$$&lt;/div&gt;&#10;                                        &lt;/div&gt;&#10;                                    &lt;/div&gt;&#10;                                &lt;/div&gt;&#10;                            &lt;/li&gt;&#10;                            &lt;li class=&quot;move-right&quot;&gt;&#10;                                &lt;div class=&quot;carousel-item&quot;&gt;&#10;                                    &lt;div class=&quot;cost-panel-wrapper&quot;&gt;&#10;                                        &lt;div class=&quot;cost-panel&quot;&gt;&#10;                                            &lt;div class=&quot;cost-panel-icon cost-icon-2&quot;&gt;&lt;/div&gt;&#10;                                            &lt;div class=&quot;cost-panel-title&quot;&gt;Moderate&lt;/div&gt;&#10;                                            &lt;div class=&quot;cost-panel-desc&quot;&gt;Recommended for those who have a moderate&#10;                                                amount of negative items&#10;                                            &lt;/div&gt;&#10;                                            &lt;div class=&quot;cost-panel-price&quot;&gt;$$&lt;/div&gt;&#10;                                        &lt;/div&gt;&#10;                                    &lt;/div&gt;&#10;                                &lt;/div&gt;&#10;                            &lt;/li&gt;&#10;                            &lt;li&gt;&#10;                                &lt;div class=&quot;carousel-item&quot;&gt;&#10;                                    &lt;div class=&quot;cost-panel-wrapper&quot;&gt;&#10;                                        &lt;div class=&quot;cost-panel&quot;&gt;&#10;                                            &lt;div class=&quot;cost-panel-icon cost-icon-3&quot;&gt;&lt;/div&gt;&#10;                                            &lt;div class=&quot;cost-panel-title&quot;&gt;Basic&lt;/div&gt;&#10;                                            &lt;div class=&quot;cost-panel-desc&quot;&gt;Recommended for those who have a handful of&#10;                                                negative items&lt;/div&gt;&#10;                                            &lt;div class=&quot;cost-panel-price&quot;&gt;$&lt;/div&gt;&#10;                                        &lt;/div&gt;&#10;                                    &lt;/div&gt;&#10;                                &lt;/div&gt;&#10;                            &lt;/li&gt;&#10;                        &lt;/ul&gt;&#10;                    &lt;/a&gt;&#10;                &lt;/li&gt;&#10;            &lt;/ul&gt;&#10;            &lt;div class=&quot;prev&quot; id=&quot;prev&quot;&gt;❮&lt;/div&gt;&#10;            &lt;div class=&quot;next&quot; id=&quot;next&quot;&gt;❯&lt;/div&gt;&#10;        &lt;/div&gt;&#10;&#10;        &lt;div class=&quot;cost-new-cta&quot;&gt;&#10;            &lt;div class=&quot;cost-new-cta-content&quot;&gt;See your negative items for free&lt;/div&gt;&#10;            &lt;div class=&quot;btn-wrapper&quot;&gt;&#10;                &lt;a class=&quot;btn-new&quot; href=&quot;/credit-snapshot/pi&quot;&gt;Get Started&lt;/a&gt;&#10;                &lt;div&gt;&lt;a class=&quot;text-link&quot; href=&quot;/signup&quot;&gt;or sign up online »&lt;/a&gt;&lt;/div&gt;&#10;            &lt;/div&gt;&#10;        &lt;/div&gt;&#10;    &lt;/div&gt;&#10;&lt;/div&gt;&#10;&lt;!-------------------------- End Cost ----------------------------&gt;&#10;&#10;&lt;/div&gt;&#10;&lt;div class=&quot;htmlreference parbase aem-GridColumn aem-GridColumn--default--12&quot;&gt;&#10;    &#10;&lt;nav class=&quot;bottom_nav_wrapper&quot;&gt;&#10;	&lt;div class=&quot;container row&quot;&gt;&#10;		&lt;div class=&quot;bottom_nav_section bottom_nav_section_who-we-are expanded three columns first&quot;&gt;&#10;			&lt;a href=&quot;https://www.creditrepair.com/who-we-are&quot; class=&quot;bottom_nav_section_title&quot;&gt;Who We Are&lt;span class=&quot;expand_contract&quot;&gt;&lt;/span&gt;&lt;/a&gt;&#10;			&lt;ul&gt;&#10;				&lt;li class=&quot;redundant&quot;&gt;Who We Are&lt;/li&gt;&#10;				&lt;li&gt;&lt;a href=&quot;https://www.creditrepair.com/who-we-are&quot;&gt;About Us&lt;/a&gt;&lt;/li&gt;&#10;				&lt;li&gt;&lt;a href=&quot;http://www.progrexion.com/affiliates&quot; target=&quot;_blank&quot;&gt;Affiliates&lt;/a&gt;&lt;/li&gt;&#10;				&lt;li&gt;&lt;a href=&quot;https://www.creditrepair.com/careers&quot; target=&quot;_blank&quot;&gt;Careers&lt;/a&gt;&lt;/li&gt;&#10;				&lt;li&gt;&lt;a href=&quot;https://www.creditrepair.com/newsroom&quot;&gt;Newsroom&lt;/a&gt;&lt;/li&gt;&#10;				&lt;li&gt;&lt;a href=&quot;https://www.creditrepair.com/contact-us&quot;&gt;Contact Us&lt;/a&gt;&lt;/li&gt;&#10;			&lt;/ul&gt;&#10;		&lt;/div&gt;&#10;		&lt;div class=&quot;bottom_nav_section bottom_nav_section_how-it-works three columns&quot;&gt;&#10;			&lt;a href=&quot;https://www.creditrepair.com/how-credit-repair-works&quot; class=&quot;bottom_nav_section_title&quot;&gt;How it Works&lt;span class=&quot;expand_contract&quot;&gt;&lt;/span&gt;&lt;/a&gt;&#10;			&lt;ul&gt;&#10;				&lt;li class=&quot;redundant&quot;&gt;How It Works&lt;/li&gt;&#10;				&lt;li&gt;&lt;a href=&quot;https://www.creditrepair.com/how-credit-repair-works&quot;&gt;Credit Repair Process&lt;/a&gt;&lt;/li&gt;&#10;				&lt;li&gt;&lt;a href=&quot;https://www.creditrepair.com/how-credit-repair-works#what-you-get&quot;&gt;What You Get&lt;/a&gt;&lt;/li&gt;&#10;				&lt;li&gt;&lt;a href=&quot;https://www.creditrepair.com/faq&quot;&gt;Frequently Asked Questions&lt;/a&gt;&lt;/li&gt;&#10;				&lt;li&gt;&lt;a href=&quot;https://www.creditrepair.com/privacy-policy&quot;&gt;Privacy Policy&lt;/a&gt;&lt;/li&gt;&#10;				&lt;li&gt;&lt;a href=&quot;https://www.creditrepair.com/privacy-notice&quot;&gt;Privacy Notice&lt;/a&gt;&lt;/li&gt;&#10;				&lt;li&gt;&lt;a href=&quot;https://www.creditrepair.com/privacy-policy#california-policy&quot;&gt;California Residents&lt;/a&gt;&lt;/li&gt;&#10;				&lt;li&gt;&lt;a href=&quot;https://www.creditrepair.com/sms-terms&quot;&gt;Text Message Terms&lt;/a&gt;&lt;/li&gt;&#10;				&lt;li&gt;&lt;a href=&quot;https://www.creditrepair.com/terms-of-use&quot;&gt;Terms Of Use&lt;/a&gt;&lt;/li&gt;&#10;			&lt;/ul&gt;&#10;		&lt;/div&gt;&#10;		&lt;div class=&quot;bottom_nav_section bottom_nav_section_reviews three columns&quot;&gt;&#10;			&lt;a href=&quot;https://www.creditrepair.com/reviews&quot; class=&quot;bottom_nav_section_title&quot;&gt;Reviews&lt;span class=&quot;expand_contract&quot;&gt;&lt;/span&gt;&lt;/a&gt;&#10;			&lt;ul&gt;&#10;				&lt;li class=&quot;redundant&quot;&gt;Reviews&lt;/li&gt;&#10;				&lt;li&gt;&lt;a href=&quot;https://www.creditrepair.com/reviews&quot;&gt;Customer Reviews&lt;/a&gt;&lt;/li&gt;&#10;				&lt;li&gt;&lt;a href=&quot;https://www.creditrepair.com/videos&quot;&gt;Videos&lt;/a&gt;&lt;/li&gt;&#10;				&lt;li&gt;&lt;a href=&quot;http://www.youtube.com/user/creditrepair/videos&quot; target=&quot;_blank&quot;&gt;YouTube&lt;/a&gt;&lt;/li&gt;&#10;				&lt;li&gt;&lt;a href=&quot;https://www.creditrepair.com/review&quot;&gt;Create a Review&lt;/a&gt;&lt;/li&gt;&#10;			&lt;/ul&gt;&#10;		&lt;/div&gt;&#10;		&lt;div class=&quot;bottom_nav_section bottom_nav_section_education three columns&quot;&gt;&#10;			&lt;a href=&quot;https://www.creditrepair.com/articles&quot; class=&quot;bottom_nav_section_title&quot;&gt;Education&lt;span class=&quot;expand_contract&quot;&gt;&lt;/span&gt;&lt;/a&gt;&#10;			&lt;ul&gt;&#10;				&lt;li class=&quot;redundant&quot;&gt;Education&lt;/li&gt;&#10;				&lt;li&gt;&lt;a href=&quot;https://www.creditrepair.com/blog&quot;&gt;CreditRepair.com Blog&lt;/a&gt;&lt;/li&gt;&#10;				&lt;li&gt;&lt;a href=&quot;https://www.creditrepair.com/articles/credit-improvement&quot;&gt;Credit Improvement&lt;/a&gt;&lt;/li&gt;&#10;				&lt;li&gt;&lt;a href=&quot;https://www.creditrepair.com/articles/debt-solutions&quot;&gt;Debt Solutions&lt;/a&gt;&lt;/li&gt;&#10;				&lt;li&gt;&lt;a href=&quot;https://www.creditrepair.com/articles/identity-theft&quot;&gt;Identity Theft&lt;/a&gt;&lt;/li&gt;&#10;				&lt;li&gt;&lt;a href=&quot;https://www.creditrepair.com/articles/loan-center&quot;&gt;Loan Center&lt;/a&gt;&lt;/li&gt;&#10;				&lt;li&gt;&lt;a href=&quot;https://www.creditrepair.com/articles/savings-center&quot;&gt;Savings Center&lt;/a&gt;&lt;/li&gt;&#10;				&lt;li&gt;&lt;a href=&quot;https://www.creditrepair.com/score-estimator/&quot;&gt;Score Estimator&lt;/a&gt;&lt;/li&gt;&#10;				&lt;li&gt;&lt;a href=&quot;https://www.creditrepair.com/disputes-and-bureaus/&quot;&gt;Disputes and Bureaus&lt;/a&gt;&lt;/li&gt;&#10;			&lt;/ul&gt;&#10;		&lt;/div&gt;&#10;		&lt;div class=&quot;bottom_nav_section bottom_nav_section_sign_up_today three columns&quot;&gt;&#10;			&lt;a href=&quot;https://www.creditrepair.com/signup&quot; class=&quot;bottom_nav_section_title&quot;&gt;Sign Up Today&lt;span class=&quot;expand_contract&quot;&gt;&lt;/span&gt;&lt;/a&gt;&#10;			&lt;ul&gt;&#10;				&lt;li class=&quot;redundant&quot;&gt;Sign-Up Today&lt;/li&gt;&#10;				&lt;li&gt;&lt;a href=&quot;https://www.creditrepair.com/signup&quot;&gt;Get Started&lt;/a&gt;&lt;/li&gt;&#10;				&lt;li&gt;&lt;a href=&quot;https://www.creditrepair.com/mobile-app&quot;&gt;iPhone / iPad App&lt;/a&gt;&lt;/li&gt;&#10;				&lt;li&gt;&lt;a href=&quot;https://www.creditrepair.com/mobile-app&quot;&gt;Android App&lt;/a&gt;&lt;/li&gt;&#10;				&lt;li&gt;&lt;a href=&quot;http://members.creditrepair.com&quot;&gt;Member Log-In&lt;/a&gt;&lt;/li&gt;&#10;				&lt;li&gt;&lt;a href=&quot;https://www.creditrepair.com/unsubscribe&quot;&gt;Unsubscribe&lt;/a&gt;&lt;/li&gt;&#10;			&lt;/ul&gt;&#10;		&lt;/div&gt;&#10;		&lt;div class=&quot;bottom_nav_section bottom_nav_section_follow three columns&quot;&gt;&#10;			&lt;div class=&quot;bottom_nav_section_title follow&quot;&gt;Follow&lt;span class=&quot;expand_contract&quot;&gt;&lt;/span&gt;&lt;/div&gt;&#10;			&lt;ul&gt;&#10;				&lt;li class=&quot;redundant&quot;&gt;Follow&lt;/li&gt;&#10;				&lt;div class=&quot;social_icons&quot;&gt;&lt;a href=&quot;https://www.facebook.com/creditrepaircom&quot;&gt;&lt;img class=&quot;social_icons_img facebook&quot; src=&quot;https://www.creditrepair.com/content/dam/credit-repair/common/assets/imgs/Lex_SocialIcons_Facebook.png&quot;&gt;&lt;/a&gt;&lt;a href=&quot;https://twitter.com/creditrepair&quot;&gt;&lt;img class=&quot;social_icons_img twitter&quot; src=&quot;https://www.creditrepair.com/content/dam/credit-repair/common/assets/imgs/Lex_SocialIcons_Twitter.png&quot;&gt;&lt;/a&gt;&lt;a href=&quot;https://www.instagram.com/creditrepair.com/&quot;&gt;&lt;img class=&quot;social_icons_img instagram&quot; src=&quot;https://www.creditrepair.com/content/dam/credit-repair/common/assets/imgs/instagram.png&quot;&gt;&lt;/a&gt;&lt;/div&gt;&#10;			&lt;/ul&gt;&#10;		&lt;/div&gt;&#10;	&lt;/div&gt;&#10;	&lt;br class=&quot;clear&quot;&gt;&#10;&lt;/nav&gt;&#10;&#10;&lt;div id=&quot;copyright_wrapper&quot;&gt;&#10;	&lt;div class=&quot;container forced_bottom_margin&quot;&gt;&#10;		&lt;div id=&quot;copyright&quot; class=&quot;row&quot;&gt;&#10;			&lt;p class=&quot;fico-acknowledgment&quot;&gt;FICO and “The score lenders use” are trademarks or registered trademarks of Fair Isaac Corporation in the United States and other countries.&lt;/p&gt;&#10;			&lt;div id=&quot;copyright_text&quot;&gt;&#10;				©2020 CreditRepair.com, Inc.&amp;nbsp; All rights reserved.&lt;br&gt;&#10;				&lt;span style=&quot;font-style:italic&quot;&gt;** Your results will vary&lt;/span&gt;&lt;br&gt;&#10;				&lt;div class=&quot;badges&quot;&gt;&#10;            &lt;div class=&quot;cert_wrapper&quot;&gt;&#10;                &lt;span id=&quot;siteseal&quot;&gt;&#10;                    &lt;script async=&quot;&quot; type=&quot;text/javascript&quot; src=&quot;https://seal.godaddy.com/getSeal?sealID=dn0Hwvn3db1McpLGYLu6XHC20lORlGgebIAgbi3ZFOAuLvNaSehKIdCZq6rP&quot;&gt;&lt;/script&gt;&#10;            &lt;/span&gt;&lt;/div&gt;&#10;        &lt;/div&gt;&#10;				&lt;a href=&quot;https://www.creditrepair.com/confirm&quot; class=&quot;btn btn-small btn-green confirm_link&quot;&gt;Confirm&lt;/a&gt;&#10;				&lt;a href=&quot;https://www.creditrepair.com/credit-view/phone-confirmation.html&quot; class=&quot;btn btn-small btn-gray credit_view_link&quot;&gt;Credit View&lt;/a&gt;&#10;			&lt;/div&gt;&#10;			&lt;div id=&quot;digicert&quot;&gt;&#10;				&lt;!-- Begin VeriSign seal HTML and JavaScript --&gt;&#10;&#10;				&lt;table width=&quot;135&quot; border=&quot;0&quot; cellpadding=&quot;2&quot; cellspacing=&quot;0&quot; title=&quot;Click to Verify - This site chose Symantec SSL for secure e-commerce and confidential communications.&quot;&gt;&#10;					&lt;tbody&gt;&lt;tr&gt;&#10;						&lt;td width=&quot;135&quot; align=&quot;center&quot; valign=&quot;top&quot;&gt;&#10;							&lt;script type=&quot;text/javascript&quot; src=&quot;https://seal.verisign.com/getseal?host_name=www.creditrepair.com&amp;amp;size=M&amp;amp;use_flash=NO&amp;amp;use_transparent=NO&amp;amp;lang=en&quot;&gt;&lt;/script&gt;&#10;						&lt;/td&gt;&#10;					&lt;/tr&gt;&#10;				&lt;/tbody&gt;&lt;/table&gt;&#10;&#10;				&lt;!-- End VeriSign seal HTML and JavaScript --&gt;&#10;			&lt;/div&gt;&#10;			&lt;div id=&quot;bbb&quot;&gt;&#10;			&lt;/div&gt;&#10;			&lt;!-- &lt;div id=&quot;footer_tid&quot; style=&quot;float: right;&quot;&gt;10004&lt;/div&gt; --&gt;&#10;		&lt;/div&gt;&#10;	&lt;/div&gt;&#10;&lt;/div&gt;&#10;&lt;script type=&quot;text/javascript&quot;&gt;&#10;	$(function() {&#10;		PopPageDefault.initialize();&#10;	});&#10;&lt;/script&gt;&#10;&#10;&lt;div class=&quot;pop_page_default&quot; id=&quot;page_pop&quot;&gt;&#10;	&lt;div class=&quot;close_button&quot;&gt;&lt;/div&gt;&#10;	&lt;div class=&quot;logo&quot;&gt;CreditRepair.com&lt;/div&gt;&#10;	&lt;div class=&quot;heading&quot;&gt;Have a question?&lt;/div&gt;&#10;	&lt;div class=&quot;sub_heading&quot;&gt;Call us for a Free Credit Check&lt;br&gt;from a Credit Expert&lt;/div&gt;&#10;	&lt;div&gt;&lt;span&gt;1-&lt;span class=&quot;creditRepairPhoneNumber phoneNumber&quot;&gt;855-255-0263&lt;/span&gt;&lt;/span&gt;&lt;/div&gt;&#10;&lt;/div&gt;&#10;&#10;&#10;&lt;div id=&quot;back_to_top_button&quot; style=&quot;display: block;&quot;&gt;Top&lt;/div&gt;&#10;&#10;&#10;&lt;/div&gt;&#10;&#10;    &#10;&lt;/div&gt;&#10;&#10;    &lt;/div&gt;&#10;&lt;/div&gt;&lt;script src=&quot;https://www.googletagmanager.com/gtag/js?id=AW-995332405&quot;&gt;&lt;/script&gt;&#10;&lt;script&gt;&#10;    window.dataLayer = window.dataLayer || [];&#10;    function gtag(){dataLayer.push(arguments);}&#10;    gtag(&apos;js&apos;, new Date());&#10;    gtag(&apos;config&apos;, &apos;AW-995332405&apos;);&#10;    gtag(&apos;config&apos;, &apos;AW-1053751751&apos;);&#10;    gtag(&apos;config&apos;, &apos;AW-939232542&apos;);&#10;    gtag(&apos;config&apos;, &apos;AW-1070835421&apos;);&#10;    gtag(&apos;config&apos;, &apos;AW-989023685&apos;);&#10;    gtag(&apos;config&apos;, &apos;DC-8836660&apos;);&#10;    gtag(&apos;config&apos;, &apos;UA-30748937-1&apos;);&#10;&lt;/script&gt;&lt;script&gt;_satellite[&quot;__runScript1&quot;](function(event, target) {&#10;if(typeof jQuery==&apos;undefined&apos;) {&#10;    var headTag = document.getElementsByTagName(&quot;head&quot;)[0];&#10;    var jqTag = document.createElement(&apos;script&apos;);&#10;    jqTag.type = &apos;text/javascript&apos;;&#10;    jqTag.src = &apos;//code.jquery.com/jquery-1.12.4.min.js&apos;;&#10;    headTag.appendChild(jqTag);&#10;} &#10;});&lt;/script&gt;&#10;&#10;&#10;    &#10;&#10;&#10;&#10;&#10;    &#10;        &lt;link rel=&quot;stylesheet&quot; href=&quot;/content/dam/credit-repair/common/css/page-pop.css&quot; type=&quot;text/css&quot;&gt;&#10;    &#10;&#10;&#10;&#10;    &#10;&#10;&#10;&#10;&#10;&lt;script src=&quot;/content/dam/credit-repair/common/js/jquery-validate-v1.13.1.min.js&quot;&gt;&lt;/script&gt;&#10;&lt;script type=&quot;text/javascript&quot; src=&quot;/content/dam/credit-repair/common/js/marketing-tracking-LOT.js&quot;&gt;&lt;/script&gt;&#10;&lt;script src=&quot;/content/dam/credit-repair/common/js/vendor/js.cookie.js&quot;&gt;&lt;/script&gt;&#10;&#10;&#10;    &#10;        &lt;script type=&quot;text/javascript&quot; src=&quot;/content/dam/credit-repair/common/js/jquery-validate-v1.13.1.min.js&quot;&gt;&lt;/script&gt;&#10;    &#10;&#10;    &#10;        &lt;script type=&quot;text/javascript&quot; src=&quot;/content/dam/credit-repair/common/js/forms.js&quot;&gt;&lt;/script&gt;&#10;    &#10;&#10;    &#10;        &lt;script type=&quot;text/javascript&quot; src=&quot;/etc.clientlibs/cr/credit-snapshot/components/pages/credit-snapshot/libs/new-flow/prod.min.js&quot;&gt;&lt;/script&gt;&#10;    &#10;&#10;    &#10;        &lt;script type=&quot;text/javascript&quot; src=&quot;/etc.clientlibs/cr/credit-snapshot/components/content/personal-information/new-flow/prod.min.js&quot;&gt;&lt;/script&gt;&#10;    &#10;&#10;    &#10;        &lt;script type=&quot;text/javascript&quot; src=&quot;/content/dam/credit-repair/common/js/pop-page.js&quot;&gt;&lt;/script&gt;&#10;    &#10;&#10;    &#10;        &lt;script type=&quot;text/javascript&quot; src=&quot;/content/dam/credit-repair/common/js/persistent-footer-pop.js&quot;&gt;&lt;/script&gt;&#10;    &#10;&#10;    &#10;        &lt;script type=&quot;text/javascript&quot; src=&quot;/content/dam/credit-repair/home/js/cr-carousels.js&quot;&gt;&lt;/script&gt;&#10;    &#10;&#10;    &#10;        &lt;script type=&quot;text/javascript&quot; src=&quot;/content/dam/credit-repair/home/js/snapshot.js&quot;&gt;&lt;/script&gt;&#10;    &#10;&#10;    &#10;        &lt;script type=&quot;text/javascript&quot; src=&quot;/content/dam/credit-repair/home/js/modal-form.js&quot;&gt;&lt;/script&gt;&#10;    &#10;&#10;&#10;&#10;&#10;&#10;&lt;!--&lt;script type=&quot;text/javascript&quot;&gt;_satellite.pageBottom();&lt;/script&gt;--&gt;&#10;&#10;&lt;p class=&quot;site_bottom_copyright_ref_and_tid&quot; style=&quot;display:none;&quot; id=&quot;footer_tid&quot;&gt;(10004.0.1)&lt;/p&gt;&#10;&#10;&lt;script&gt;_satellite[&quot;__runScript2&quot;](function(event, target) {&#10;var gclidcookie = _satellite.cookie.get(&apos;gclid&apos;)&#10;&#10;if (window.location.search.indexOf(&apos;gclid=&apos;) &gt; -1) {&#10;    function getParameterByName(name, url) {&#10;        if (!url) url = decodeURIComponent(window.location.href);&#10;        name = name.replace(/[\[\]]/g, &apos;\\$&amp;&apos;);&#10;        var regex = new RegExp(&apos;[?&amp;]&apos; + name + &apos;(=([^&amp;#]*)|&amp;|#|$)&apos;),&#10;            results = regex.exec(url);&#10;        if (!results) return null;&#10;        if (!results[2]) return &apos;&apos;;&#10;        return decodeURIComponent(results[2].replace(/\+/g, &apos; &apos;));&#10;    }&#10;    var gclidcookie = getParameterByName(&apos;gclid&apos;);&#10;    document.cookie = &quot;gclid=&quot; + gclidcookie + &quot;;path=/; domain=.creditrepair.com;&quot;;&#10;}&#10;});&lt;/script&gt;&lt;!--&#10;Event snippet for CR Universal RTG Tag on https://www.creditrepair.com/: Please do not remove.&#10;Place this snippet on pages with events you&apos;re tracking. &#10;Creation date: 08/31/2018&#10;--&gt;&#10;&lt;iframe height=&quot;0&quot; width=&quot;0&quot; style=&quot;display: none; visibility: hidden;&quot; src=&quot;https://8836660.fls.doubleclick.net/activityi;src=8836660;type=brows0;cat=cruni0;ord=1;num=7505310809320;gtm=2od9u1;auiddc=887487244.1602548672;u1=%5BLogged%20In%20User%20(Y%2FN)%5D;u2=https%3A%2F%2Fwww.creditrepair.com%2F;~oref=https%3A%2F%2Fwww.creditrepair.com%2F?&quot;&gt;&lt;/iframe&gt;&lt;script&gt;&#10;  gtag(&apos;event&apos;, &apos;conversion&apos;, {&#10;    &apos;allow_custom_scripts&apos;: true,&#10;    &apos;u1&apos;: &apos;[Logged In User (Y\/N)]&apos;,&#10;    &apos;u2&apos;: &apos;https://www.creditrepair.com/&apos;,&#10;    &apos;send_to&apos;: &apos;DC-8836660/brows0/cruni0+unique&apos;&#10;  });&#10;&lt;/script&gt;&#10;&lt;noscript&gt;&lt;/noscript&gt;&#10;&lt;!-- End of event snippet: Please do not remove --&gt;&lt;!--&#10;Event snippet for CR Homepage on https://www.creditrepair.com/: Please do not remove.&#10;Place this snippet on pages with events you&apos;re tracking. &#10;Creation date: 08/31/2018&#10;--&gt;&#10;&lt;iframe height=&quot;0&quot; width=&quot;0&quot; style=&quot;display: none; visibility: hidden;&quot; src=&quot;https://8836660.fls.doubleclick.net/activityi;src=8836660;type=brows0;cat=crhom0;ord=8933882219910;gtm=2od9u1;auiddc=887487244.1602548672;u1=%5BLogged%20In%20User%20(Y%2FN)%5D;~oref=https%3A%2F%2Fwww.creditrepair.com%2F?&quot;&gt;&lt;/iframe&gt;&lt;script&gt;&#10;  gtag(&apos;event&apos;, &apos;conversion&apos;, {&#10;    &apos;allow_custom_scripts&apos;: true,&#10;    &apos;u1&apos;: &apos;[Logged In User (Y\/N)]&apos;,&#10;    &apos;send_to&apos;: &apos;DC-8836660/brows0/crhom0+standard&apos;&#10;  });&#10;&lt;/script&gt;&#10;&lt;noscript&gt;&lt;/noscript&gt;&#10;&lt;!-- End of event snippet: Please do not remove --&gt;&lt;script type=&quot;text/javascript&quot; src=&quot;//static.criteo.net/js/ld/ld.js&quot; async=&quot;true&quot;&gt;&lt;/script&gt;&#10;&lt;script type=&quot;text/javascript&quot;&gt;&#10;window.criteo_q = window.criteo_q || [];&#10;var deviceType= /iPad/.test(navigator.userAgent)?&quot;t&quot;:/Mobile|iP(hone|od)|Android|BlackBerry|IEMobile|Silk/.test(navigator.userAgent)?&quot;m&quot;:&quot;d&quot;;&#10;window.criteo_q.push(&#10;{ event: &quot;setAccount&quot;, account: 35738},&#10;{ event: &quot;setSiteType&quot;, type: deviceType},&#10;{ event: &quot;viewHome&quot;});&#10;&lt;/script&gt;&lt;script&gt;_satellite[&quot;__runScript3&quot;](function(event, target) {&#10;(function(h,o,t,j,a,r){&#10;    h.hj=h.hj||function(){(h.hj.q=h.hj.q||[]).push(arguments)};&#10;    h._hjSettings={hjid:1051427,hjsv:6};&#10;    a=o.getElementsByTagName(&apos;head&apos;)[0];&#10;    r=o.createElement(&apos;script&apos;);r.async=1;&#10;    r.src=t+h._hjSettings.hjid+j+h._hjSettings.hjsv;&#10;    a.appendChild(r);&#10;})(window,document,&apos;https://static.hotjar.com/c/hotjar-&apos;,&apos;.js?sv=&apos;);&#10;});&lt;/script&gt;&lt;script&gt;_satellite[&quot;__runScript4&quot;](function(event, target) {&#10;function whenAvailableInvoca(n){null===TrackingService.number?setTimeout(function(){whenAvailableInvoca(n)},500):n()}function invocaCall(){!function(n,t,a,e){n.InvocaTagId=e;var o=t.createElement(&quot;script&quot;);o.type=&quot;text/javascript&quot;,o.async=!1,o.src=(&quot;https:&quot;===t.location.protocol?&quot;https://&quot;:&quot;http://&quot;)+a;var c=t.getElementsByTagName(&quot;script&quot;)[0];c.parentNode.insertBefore(o,c)}(window,document,&quot;solutions.invocacdn.com/js/pnapi_integration-latest.min.js&quot;,&quot;929/2814517279&quot;)}whenAvailableInvoca(invocaCall);&#10;});&lt;/script&gt;&lt;div id=&quot;criteo-tags-div&quot; style=&quot;display: none;&quot;&gt;&lt;iframe src=&quot;https://gum.criteo.com/syncframe?topUrl=www.creditrepair.com#{&amp;quot;bundle&amp;quot;:{&amp;quot;origin&amp;quot;:0,&amp;quot;value&amp;quot;:null},&amp;quot;cw&amp;quot;:true,&amp;quot;lwid&amp;quot;:{&amp;quot;origin&amp;quot;:0,&amp;quot;value&amp;quot;:null},&amp;quot;optout&amp;quot;:{&amp;quot;origin&amp;quot;:0,&amp;quot;value&amp;quot;:null},&amp;quot;origin&amp;quot;:&amp;quot;onetag&amp;quot;,&amp;quot;pm&amp;quot;:0,&amp;quot;sid&amp;quot;:{&amp;quot;origin&amp;quot;:0,&amp;quot;value&amp;quot;:null},&amp;quot;tld&amp;quot;:&amp;quot;creditrepair.com&amp;quot;,&amp;quot;topUrl&amp;quot;:&amp;quot;www.creditrepair.com&amp;quot;,&amp;quot;uid&amp;quot;:null,&amp;quot;version&amp;quot;:&amp;quot;5_6_2&amp;quot;}&quot; id=&quot;criteo-syncframe&quot; width=&quot;0&quot; height=&quot;0&quot; frameborder=&quot;0&quot; style=&quot;border-width:0px; margin:0px; display:none&quot; title=&quot;Criteo GUM iframe&quot;&gt;&lt;/iframe&gt;&lt;/div&gt;&lt;div style=&quot;position:absolute; height:0; text-indent:100%; white-space:nowrap; overflow:hidden;&quot;&gt;&lt;script&gt;(function(w,d,t,r,u){var f,n,i;w[u]=w[u]||[],f=function(){var o={ti:&quot;4049571&quot;};o.q=w[u],w[u]=new UET(o),w[u].push(&quot;pageLoad&quot;)},n=d.createElement(t),n.src=r,n.async=1,n.onload=n.onreadystatechange=function(){var s=this.readyState;s&amp;&amp;s!==&quot;loaded&quot;&amp;&amp;s!==&quot;complete&quot;||(f(),n.onload=n.onreadystatechange=null)},i=d.getElementsByTagName(t)[0],i.parentNode.insertBefore(n,i)})(window,document,&quot;script&quot;,&quot;//bat.bing.com/bat.js&quot;,&quot;uetq&quot;);&lt;/script&gt;&lt;noscript&gt;&lt;img src=&quot;//bat.bing.com/action/0?ti=4049571&amp;Ver=2&quot; height=&quot;0&quot; width=&quot;0&quot; style=&quot;display:none; visibility: hidden;&quot; /&gt;&lt;/noscript&gt;&lt;script type=&quot;text/javascript&quot; src=&quot;//tags.mediaforge.com/js/2041&quot;&gt;&lt;/script&gt;&lt;/div&gt;&lt;div style=&quot;width:0px; height:0px; display:none; visibility:hidden;&quot; id=&quot;batBeacon159713060253&quot;&gt;&lt;img style=&quot;width:0px; height:0px; display:none; visibility:hidden;&quot; id=&quot;batBeacon22631511988&quot; width=&quot;0&quot; height=&quot;0&quot; alt=&quot;&quot; src=&quot;https://bat.bing.com/action/0?ti=4049571&amp;amp;Ver=2&amp;amp;mid=17d4da38-4c96-47f9-b482-9e3bf7cd911e&amp;amp;sid=7728bdb00cea11ebbc8bd346a84cb2a2&amp;amp;vid=772a3fe00cea11eb9b6d0f9a4b087c1c&amp;amp;vids=0&amp;amp;pi=0&amp;amp;lg=en-US&amp;amp;sw=1680&amp;amp;sh=1050&amp;amp;sc=30&amp;amp;tl=Credit%20Repair%20Services%20-%20CreditRepair.com&amp;amp;p=https%3A%2F%2Fwww.creditrepair.com%2F&amp;amp;r=&amp;amp;lt=246&amp;amp;evt=pageLoad&amp;amp;msclkid=N&amp;amp;sv=1&amp;amp;rn=872259&quot;&gt;&lt;/div&gt;&lt;iframe src=&quot;https://bid.g.doubleclick.net/xbbe/pixel?d=KAE&quot; style=&quot;display: none;&quot;&gt;&lt;/iframe&gt;&lt;iframe src=&quot;https://bid.g.doubleclick.net/xbbe/pixel?d=KAE&quot; style=&quot;display: none;&quot;&gt;&lt;/iframe&gt;&lt;iframe height=&quot;0&quot; width=&quot;0&quot; title=&quot;Criteo DIS iframe&quot; style=&quot;display: none;&quot;&gt;&lt;/iframe&gt;&lt;script&gt;_satellite[&quot;__runScript5&quot;](function(event, target) {&#10;ADRUM.markVirtualPageBegin(&quot;sign-up-start&quot;,!1);&#10;});&lt;/script&gt;&lt;!-- Rev content --&gt;&#10;&lt;img src=&quot;//trends.revcontent.com/conv.php?t=IAmXscT3w1CsQyPu1DVGXQySjKpatQ9T30LRyzTxXHfPAhkpewhesFhEJPoBcKWJ&quot; style=&quot;display:none;&quot;&gt;&lt;!-- Dianomi --&gt;&#10;&lt;img src=&quot;https://www.dianomi.com/pixeltrack.pl?t=lexington.law&quot; width=&quot;1&quot; height=&quot;1&quot; style=&quot;display:none;&quot;&gt;&lt;!-- Outbrain --&gt;&#10;&lt;!--&#10;&lt;script data-obct type=&quot;text/javascript&quot;&gt;&#10;    /** DO NOT MODIFY THIS CODE**/&#10;    !function (_window, _document) {&#10;        var OB_ADV_ID = &apos;00e38c17d352f5c974955f8fa3d217cb47&apos;;&#10;        if (_window.obApi) { var toArray = function (object) { return Object.prototype.toString.call(object) === &apos;[object Array]&apos; ? object : [object]; }; _window.obApi.marketerId = toArray(_window.obApi.marketerId).concat(toArray(OB_ADV_ID)); return; }&#10;        var api = _window.obApi = function () { api.dispatch ? api.dispatch.apply(api, arguments) : api.queue.push(arguments); }; api.version = &apos;1.1&apos;; api.loaded = true; api.marketerId = OB_ADV_ID; api.queue = []; var tag = _document.createElement(&apos;script&apos;); tag.async = true; tag.src = &apos;//amplify.outbrain.com/cp/obtp.js&apos;; tag.type = &apos;text/javascript&apos;; var script = _document.getElementsByTagName(&apos;script&apos;)[0]; script.parentNode.insertBefore(tag, script);&#10;    }(window, document);&#10;    obApi(&apos;track&apos;, &apos;PAGE_VIEW&apos;);&#10;    obApi(&apos;track&apos;, &apos;Initiate Call&apos;);&#10;&lt;/script&gt;--&gt;&lt;!-- Yahoo CR --&gt;&#10;&lt;!--&#10;&lt;script type=&quot;application/javascript&quot;&gt;(function (w, d, t, r, u) { w[u] = w[u] || []; w[u].push({ &apos;projectId&apos;: &apos;10000&apos;, &apos;properties&apos;: { &apos;pixelId&apos;: &apos;10000585&apos; } }); var s = d.createElement(t); s.src = r; s.async = true; s.onload = s.onreadystatechange = function () { var y, rs = this.readyState, c = w[u]; if (rs &amp;&amp; rs != &quot;complete&quot; &amp;&amp; rs != &quot;loaded&quot;) { return } try { y = YAHOO.ywa.I13N.fireBeacon; w[u] = []; w[u].push = function (p) { y([p]) }; y(c) } catch (e) { } }; var scr = d.getElementsByTagName(t)[0], par = scr.parentNode; par.insertBefore(s, scr) })(window, document, &quot;script&quot;, &quot;https://s.yimg.com/wi/ytc.js&quot;, &quot;dotq&quot;);&lt;/script&gt;&#10;&lt;script type=&quot;application/javascript&quot;&gt;&#10;    window.dotq = window.dotq || [];&#10;    window.dotq.push(&#10;        {&#10;            &apos;projectId&apos;: &apos;10000&apos;,&#10;            &apos;properties&apos;: {&#10;                &apos;pixelId&apos;: &apos;10000585&apos;,&#10;                &apos;qstrings&apos;: {&#10;                    &apos;ec&apos;: &apos;clickout&apos;,&#10;                }&#10;            }&#10;        }); &#10;&lt;/script&gt;--&gt;&lt;!-- Facebook Pixel Code --&gt;&#10;&lt;script&gt;&#10;    !function (f, b, e, v, n, t, s) {&#10;        if (f.fbq) return; n = f.fbq = function () {&#10;            n.callMethod ?&#10;            n.callMethod.apply(n, arguments) : n.queue.push(arguments)&#10;        };&#10;        if (!f._fbq) f._fbq = n; n.push = n; n.loaded = !0; n.version = &apos;2.0&apos;;&#10;        n.queue = []; t = b.createElement(e); t.async = !0;&#10;        t.src = v; s = b.getElementsByTagName(e)[0];&#10;        s.parentNode.insertBefore(t, s)&#10;    }(window, document, &apos;script&apos;,&#10;        &apos;https://connect.facebook.net/en_US/fbevents.js&apos;);&#10;    fbq(&apos;init&apos;, &apos;1817185775266351&apos;);&#10;    fbq(&apos;track&apos;, &apos;Lead&apos;);&#10;&lt;/script&gt;&#10;&lt;noscript&gt;&lt;/noscript&gt;&lt;!-- Conversion pixel - PowerInbox --&gt;&#10;&lt;script type=&quot;text/javascript&quot;&gt;&#10;    window.pi_params = {};&#10;    pi_params.company_id = &apos;2730&apos;;&#10;   &#10;    (function() {&#10;        var pin = document.createElement(&apos;script&apos;);&#10;        pin.async = true;&#10;        pin.src = &apos;//cdn.powerinboxedge.com/framework/pi-notify.js&apos;;&#10;        var ref = document.getElementsByTagName(&apos;script&apos;)[0];&#10;        ref.parentNode.insertBefore(pin, ref);&#10;    })();&#10;&lt;/script&gt;&lt;!-- Quora Both Brands Clickout --&gt;&#10;&lt;script&gt;&#10;    !function (q, e, v, n, t, s) { if (q.qp) return; n = q.qp = function () { n.qp ? n.qp.apply(n, arguments) : n.queue.push(arguments); }; n.queue = []; t = document.createElement(e); t.async = !0; t.src = v; s = document.getElementsByTagName(e)[0]; s.parentNode.insertBefore(t, s); }(window, &apos;script&apos;, &apos;https://a.quora.com/qevents.js&apos;);&#10;    qp(&apos;init&apos;, &apos;b1dd746139444f4783f4ac3e7264cb31&apos;);&#10;    qp(&apos;track&apos;, &apos;ViewContent&apos;);&#10;    qp(&apos;track&apos;, &apos;GenerateLead&apos;);&#10;&lt;/script&gt;&#10;&lt;noscript&gt;&lt;/noscript&gt;&lt;!-- Reddit Clickout CR --&gt;&#10;&lt;script&gt;&#10;    !function (w, d) { if (!w.rdt) { var p = w.rdt = function () { p.sendEvent ? p.sendEvent.apply(p, arguments) : p.callQueue.push(arguments) }; p.callQueue = []; var t = d.createElement(&quot;script&quot;); t.src = &quot;https://www.redditstatic.com/ads/pixel.js&quot;, t.async = !0; var s = d.getElementsByTagName(&quot;script&quot;)[0]; s.parentNode.insertBefore(t, s) } }(window, document); rdt(&apos;init&apos;, &apos;t2_565yc9q8&apos;); rdt(&apos;track&apos;, &apos;PageVisit&apos;);&#10;&lt;/script&gt;&#10;&lt;script&gt;&#10;    rdt(&apos;track&apos;, &apos;Lead&apos;);&#10;&lt;/script&gt;&lt;img src=&quot;https://pt.ispot.tv/v2/TC-3528-1.gif?app=web&amp;amp;type=submit_info&quot; style=&quot;border:0&quot; alt=&quot;&quot;&gt;&lt;/body&gt;&lt;/html&gt;] but found [bs]"/>
  </testcase>
  <testcase name="canSubmitForm" classname="lex.tests.homepage.CRHomepageTests" time="0">
    <skipped message="expected [&lt;html style=&quot;&quot; class=&quot;js backgroundsize cssgradients csstransforms csstransforms3d csstransitions cssremunit wf-sourcesanspro-n4-active wf-sourcesanspro-n7-active wf-sourcesanspro-i7-active wf-sourcesanspro-i4-active wf-sourcesanspro-n3-active wf-worksans-n3-active wf-worksans-n4-active wf-worksans-n7-active wf-active&quot;&gt;&lt;head class=&quot;at-element-marker&quot;&gt;&#10;&#10;&#10;&lt;meta http-equiv=&quot;content-type&quot; content=&quot;text/html; charset=UTF-8&quot;&gt;&#10;&lt;meta http-equiv=&quot;X-UA-Compatible&quot; content=&quot;IE=edge,chrome=1&quot;&gt;&#10;&#10;&#10;&#10;&#10;  &lt;meta name=&quot;description&quot; content=&quot;Our credit repair services help to fix your credit report. We have helped people take control of their financial lives from across the country. Our track record speaks for itself. Call CreditRepair.com for a free consultation today.&quot;&gt;&#10;&#10;&#10;&lt;meta name=&quot;viewport&quot; content=&quot;width=device-width,initial-scale=1,maximum-scale=1&quot;&gt;&#10;&#10;&#10;  &lt;meta name=&quot;google-site-verification&quot; content=&quot;-heGoALby8LFUkNJ1ONh5MqtujnysbIjlxkRwjlsFcE&quot;&gt;&#10;&#10;&#10;&#10;  &lt;meta name=&quot;robots&quot; content=&quot;index,follow&quot;&gt;&#10;&#10;&#10;&#10;  &lt;meta name=&quot;theme-color&quot; content=&quot;#007CB9&quot;&gt;&#10;&#10;&#10;&#10;&lt;script src=&quot;https://www.redditstatic.com/ads/pixel.js&quot; async=&quot;&quot;&gt;&lt;/script&gt;&lt;script async=&quot;&quot; src=&quot;https://a.quora.com/qevents.js&quot;&gt;&lt;/script&gt;&lt;script async=&quot;&quot; src=&quot;//cdn.powerinboxedge.com/framework/pi-notify.js&quot;&gt;&lt;/script&gt;&lt;script async=&quot;&quot; src=&quot;https://connect.facebook.net/en_US/fbevents.js&quot;&gt;&lt;/script&gt;&lt;script type=&quot;text/javascript&quot; src=&quot;https://solutions.invocacdn.com/js/pnapi_integration-latest.min.js&quot;&gt;&lt;/script&gt;&lt;script src=&quot;//bat.bing.com/bat.js&quot; async=&quot;&quot;&gt;&lt;/script&gt;&lt;script async=&quot;true&quot; type=&quot;text/javascript&quot; src=&quot;https://sslwidget.criteo.com/event?a=35738&amp;amp;v=5.6.2&amp;amp;p0=e%3Dexd%26site_type%3Dd&amp;amp;p1=e%3Dvh&amp;amp;p2=e%3Ddis&amp;amp;adce=1&amp;amp;tld=creditrepair.com&amp;amp;dtycbr=32972&quot; data-owner=&quot;criteo-tag&quot;&gt;&lt;/script&gt;&lt;script type=&quot;text/javascript&quot; async=&quot;&quot; src=&quot;https://www.google-analytics.com/analytics.js&quot;&gt;&lt;/script&gt;&lt;script type=&quot;text/javascript&quot; async=&quot;&quot; src=&quot;https://www.googleadservices.com/pagead/conversion_async.js&quot;&gt;&lt;/script&gt;&lt;script type=&quot;text/javascript&quot; async=&quot;&quot; src=&quot;https://www.googleadservices.com/pagead/conversion_async.js&quot;&gt;&lt;/script&gt;&lt;script type=&quot;text/javascript&quot; async=&quot;&quot; src=&quot;https://www.googleadservices.com/pagead/conversion_async.js&quot;&gt;&lt;/script&gt;&lt;script type=&quot;text/javascript&quot; async=&quot;&quot; src=&quot;https://www.googleadservices.com/pagead/conversion_async.js&quot;&gt;&lt;/script&gt;&lt;script type=&quot;text/javascript&quot; async=&quot;&quot; src=&quot;https://www.googletagmanager.com/gtag/js?id=UA-30748937-1&amp;amp;l=dataLayer&amp;amp;cx=c&quot;&gt;&lt;/script&gt;&lt;script type=&quot;text/javascript&quot; async=&quot;&quot; src=&quot;https://www.googletagmanager.com/gtag/js?id=DC-8836660&amp;amp;l=dataLayer&amp;amp;cx=c&quot;&gt;&lt;/script&gt;&lt;script type=&quot;text/javascript&quot; async=&quot;&quot; src=&quot;https://www.googletagmanager.com/gtag/js?id=AW-989023685&amp;amp;l=dataLayer&amp;amp;cx=c&quot;&gt;&lt;/script&gt;&lt;script type=&quot;text/javascript&quot; async=&quot;&quot; src=&quot;https://www.googletagmanager.com/gtag/js?id=AW-1070835421&amp;amp;l=dataLayer&amp;amp;cx=c&quot;&gt;&lt;/script&gt;&lt;script type=&quot;text/javascript&quot; async=&quot;&quot; src=&quot;https://www.googletagmanager.com/gtag/js?id=AW-939232542&amp;amp;l=dataLayer&amp;amp;cx=c&quot;&gt;&lt;/script&gt;&lt;script type=&quot;text/javascript&quot; async=&quot;&quot; src=&quot;https://www.googletagmanager.com/gtag/js?id=AW-1053751751&amp;amp;l=dataLayer&amp;amp;cx=c&quot;&gt;&lt;/script&gt;&lt;script type=&quot;text/javascript&quot; async=&quot;&quot; src=&quot;https://www.googleadservices.com/pagead/conversion_async.js&quot;&gt;&lt;/script&gt;&lt;script&gt;&#10;  !function(a,b){&quot;object&quot;==typeof module&amp;&amp;&quot;object&quot;==typeof module.exports?module.exports=a.document?b(a,!0):function(a){if(!a.document)throw new Error(&quot;jQuery requires a window with a document&quot;);return b(a)}:b(a)}(&quot;undefined&quot;!=typeof window?window:this,function(a,b){var c=[],d=a.document,e=c.slice,f=c.concat,g=c.push,h=c.indexOf,i={},j=i.toString,k=i.hasOwnProperty,l={},m=&quot;2.2.0&quot;,n=function(a,b){return new n.fn.init(a,b)},o=/^[\s\uFEFF\xA0]+|[\s\uFEFF\xA0]+$/g,p=/^-ms-/,q=/-([\da-z])/gi,r=function(a,b){return b.toUpperCase()};n.fn=n.prototype={jquery:m,constructor:n,selector:&quot;&quot;,length:0,toArray:function(){return e.call(this)},get:function(a){return null!=a?0&gt;a?this[a+this.length]:this[a]:e.call(this)},pushStack:function(a){var b=n.merge(this.constructor(),a);return b.prevObject=this,b.context=this.context,b},each:function(a){return n.each(this,a)},map:function(a){return this.pushStack(n.map(this,function(b,c){return a.call(b,c,b)}))},slice:function(){return this.pushStack(e.apply(this,arguments))},first:function(){return this.eq(0)},last:function(){return this.eq(-1)},eq:function(a){var b=this.length,c=+a+(0&gt;a?b:0);return this.pushStack(c&gt;=0&amp;&amp;b&gt;c?[this[c]]:[])},end:function(){return this.prevObject||this.constructor()},push:g,sort:c.sort,splice:c.splice},n.extend=n.fn.extend=function(){var a,b,c,d,e,f,g=arguments[0]||{},h=1,i=arguments.length,j=!1;for(&quot;boolean&quot;==typeof g&amp;&amp;(j=g,g=arguments[h]||{},h++),&quot;object&quot;==typeof g||n.isFunction(g)||(g={}),h===i&amp;&amp;(g=this,h--);i&gt;h;h++)if(null!=(a=arguments[h]))for(b in a)c=g[b],d=a[b],g!==d&amp;&amp;(j&amp;&amp;d&amp;&amp;(n.isPlainObject(d)||(e=n.isArray(d)))?(e?(e=!1,f=c&amp;&amp;n.isArray(c)?c:[]):f=c&amp;&amp;n.isPlainObject(c)?c:{},g[b]=n.extend(j,f,d)):void 0!==d&amp;&amp;(g[b]=d));return g},n.extend({expando:&quot;jQuery&quot;+(m+Math.random()).replace(/\D/g,&quot;&quot;),isReady:!0,error:function(a){throw new Error(a)},noop:function(){},isFunction:function(a){return&quot;function&quot;===n.type(a)},isArray:Array.isArray,isWindow:function(a){return null!=a&amp;&amp;a===a.window},isNumeric:function(a){var b=a&amp;&amp;a.toString();return!n.isArray(a)&amp;&amp;b-parseFloat(b)+1&gt;=0},isPlainObject:function(a){return&quot;object&quot;!==n.type(a)||a.nodeType||n.isWindow(a)?!1:a.constructor&amp;&amp;!k.call(a.constructor.prototype,&quot;isPrototypeOf&quot;)?!1:!0},isEmptyObject:function(a){var b;for(b in a)return!1;return!0},type:function(a){return null==a?a+&quot;&quot;:&quot;object&quot;==typeof a||&quot;function&quot;==typeof a?i[j.call(a)]||&quot;object&quot;:typeof a},globalEval:function(a){var b,c=eval;a=n.trim(a),a&amp;&amp;(1===a.indexOf(&quot;use strict&quot;)?(b=d.createElement(&quot;script&quot;),b.text=a,d.head.appendChild(b).parentNode.removeChild(b)):c(a))},camelCase:function(a){return a.replace(p,&quot;ms-&quot;).replace(q,r)},nodeName:function(a,b){return a.nodeName&amp;&amp;a.nodeName.toLowerCase()===b.toLowerCase()},each:function(a,b){var c,d=0;if(s(a)){for(c=a.length;c&gt;d;d++)if(b.call(a[d],d,a[d])===!1)break}else for(d in a)if(b.call(a[d],d,a[d])===!1)break;return a},trim:function(a){return null==a?&quot;&quot;:(a+&quot;&quot;).replace(o,&quot;&quot;)},makeArray:function(a,b){var c=b||[];return null!=a&amp;&amp;(s(Object(a))?n.merge(c,&quot;string&quot;==typeof a?[a]:a):g.call(c,a)),c},inArray:function(a,b,c){return null==b?-1:h.call(b,a,c)},merge:function(a,b){for(var c=+b.length,d=0,e=a.length;c&gt;d;d++)a[e++]=b[d];return a.length=e,a},grep:function(a,b,c){for(var d,e=[],f=0,g=a.length,h=!c;g&gt;f;f++)d=!b(a[f],f),d!==h&amp;&amp;e.push(a[f]);return e},map:function(a,b,c){var d,e,g=0,h=[];if(s(a))for(d=a.length;d&gt;g;g++)e=b(a[g],g,c),null!=e&amp;&amp;h.push(e);else for(g in a)e=b(a[g],g,c),null!=e&amp;&amp;h.push(e);return f.apply([],h)},guid:1,proxy:function(a,b){var c,d,f;return&quot;string&quot;==typeof b&amp;&amp;(c=a[b],b=a,a=c),n.isFunction(a)?(d=e.call(arguments,2),f=function(){return a.apply(b||this,d.concat(e.call(arguments)))},f.guid=a.guid=a.guid||n.guid++,f):void 0},now:Date.now,support:l}),&quot;function&quot;==typeof Symbol&amp;&amp;(n.fn[Symbol.iterator]=c[Symbol.iterator]),n.each(&quot;Boolean Number String Function Array Date RegExp Object Error Symbol&quot;.split(&quot; &quot;),function(a,b){i[&quot;[object &quot;+b+&quot;]&quot;]=b.toLowerCase()});function s(a){var b=!!a&amp;&amp;&quot;length&quot;in a&amp;&amp;a.length,c=n.type(a);return&quot;function&quot;===c||n.isWindow(a)?!1:&quot;array&quot;===c||0===b||&quot;number&quot;==typeof b&amp;&amp;b&gt;0&amp;&amp;b-1 in a}var t=function(a){var b,c,d,e,f,g,h,i,j,k,l,m,n,o,p,q,r,s,t,u=&quot;sizzle&quot;+1*new Date,v=a.document,w=0,x=0,y=ga(),z=ga(),A=ga(),B=function(a,b){return a===b&amp;&amp;(l=!0),0},C=1&lt;&lt;31,D={}.hasOwnProperty,E=[],F=E.pop,G=E.push,H=E.push,I=E.slice,J=function(a,b){for(var c=0,d=a.length;d&gt;c;c++)if(a[c]===b)return c;return-1},K=&quot;checked|selected|async|autofocus|autoplay|controls|defer|disabled|hidden|ismap|loop|multiple|open|readonly|required|scoped&quot;,L=&quot;[\\x20\\t\\r\\n\\f]&quot;,M=&quot;(?:\\\\.|[\\w-]|[^\\x00-\\xa0])+&quot;,N=&quot;\\[&quot;+L+&quot;*(&quot;+M+&quot;)(?:&quot;+L+&quot;*([*^$|!~]?=)&quot;+L+&quot;*(?:&apos;((?:\\\\.|[^\\\\&apos;])*)&apos;|\&quot;((?:\\\\.|[^\\\\\&quot;])*)\&quot;|(&quot;+M+&quot;))|)&quot;+L+&quot;*\\]&quot;,O=&quot;:(&quot;+M+&quot;)(?:\\(((&apos;((?:\\\\.|[^\\\\&apos;])*)&apos;|\&quot;((?:\\\\.|[^\\\\\&quot;])*)\&quot;)|((?:\\\\.|[^\\\\()[\\]]|&quot;+N+&quot;)*)|.*)\\)|)&quot;,P=new RegExp(L+&quot;+&quot;,&quot;g&quot;),Q=new RegExp(&quot;^&quot;+L+&quot;+|((?:^|[^\\\\])(?:\\\\.)*)&quot;+L+&quot;+$&quot;,&quot;g&quot;),R=new RegExp(&quot;^&quot;+L+&quot;*,&quot;+L+&quot;*&quot;),S=new RegExp(&quot;^&quot;+L+&quot;*([&gt;+~]|&quot;+L+&quot;)&quot;+L+&quot;*&quot;),T=new RegExp(&quot;=&quot;+L+&quot;*([^\\]&apos;\&quot;]*?)&quot;+L+&quot;*\\]&quot;,&quot;g&quot;),U=new RegExp(O),V=new RegExp(&quot;^&quot;+M+&quot;$&quot;),W={ID:new RegExp(&quot;^#(&quot;+M+&quot;)&quot;),CLASS:new RegExp(&quot;^\\.(&quot;+M+&quot;)&quot;),TAG:new RegExp(&quot;^(&quot;+M+&quot;|[*])&quot;),ATTR:new RegExp(&quot;^&quot;+N),PSEUDO:new RegExp(&quot;^&quot;+O),CHILD:new RegExp(&quot;^:(only|first|last|nth|nth-last)-(child|of-type)(?:\\(&quot;+L+&quot;*(even|odd|(([+-]|)(\\d*)n|)&quot;+L+&quot;*(?:([+-]|)&quot;+L+&quot;*(\\d+)|))&quot;+L+&quot;*\\)|)&quot;,&quot;i&quot;),bool:new RegExp(&quot;^(?:&quot;+K+&quot;)$&quot;,&quot;i&quot;),needsContext:new RegExp(&quot;^&quot;+L+&quot;*[&gt;+~]|:(even|odd|eq|gt|lt|nth|first|last)(?:\\(&quot;+L+&quot;*((?:-\\d)?\\d*)&quot;+L+&quot;*\\)|)(?=[^-]|$)&quot;,&quot;i&quot;)},X=/^(?:input|select|textarea|button)$/i,Y=/^h\d$/i,Z=/^[^{]+\{\s*\[native \w/,$=/^(?:#([\w-]+)|(\w+)|\.([\w-]+))$/,_=/[+~]/,aa=/&apos;|\\/g,ba=new RegExp(&quot;\\\\([\\da-f]{1,6}&quot;+L+&quot;?|(&quot;+L+&quot;)|.)&quot;,&quot;ig&quot;),ca=function(a,b,c){var d=&quot;0x&quot;+b-65536;return d!==d||c?b:0&gt;d?String.fromCharCode(d+65536):String.fromCharCode(d&gt;&gt;10|55296,1023&amp;d|56320)},da=function(){m()};try{H.apply(E=I.call(v.childNodes),v.childNodes),E[v.childNodes.length].nodeType}catch(ea){H={apply:E.length?function(a,b){G.apply(a,I.call(b))}:function(a,b){var c=a.length,d=0;while(a[c++]=b[d++]);a.length=c-1}}}function fa(a,b,d,e){var f,h,j,k,l,o,r,s,w=b&amp;&amp;b.ownerDocument,x=b?b.nodeType:9;if(d=d||[],&quot;string&quot;!=typeof a||!a||1!==x&amp;&amp;9!==x&amp;&amp;11!==x)return d;if(!e&amp;&amp;((b?b.ownerDocument||b:v)!==n&amp;&amp;m(b),b=b||n,p)){if(11!==x&amp;&amp;(o=$.exec(a)))if(f=o[1]){if(9===x){if(!(j=b.getElementById(f)))return d;if(j.id===f)return d.push(j),d}else if(w&amp;&amp;(j=w.getElementById(f))&amp;&amp;t(b,j)&amp;&amp;j.id===f)return d.push(j),d}else{if(o[2])return H.apply(d,b.getElementsByTagName(a)),d;if((f=o[3])&amp;&amp;c.getElementsByClassName&amp;&amp;b.getElementsByClassName)return H.apply(d,b.getElementsByClassName(f)),d}if(c.qsa&amp;&amp;!A[a+&quot; &quot;]&amp;&amp;(!q||!q.test(a))){if(1!==x)w=b,s=a;else if(&quot;object&quot;!==b.nodeName.toLowerCase()){(k=b.getAttribute(&quot;id&quot;))?k=k.replace(aa,&quot;\\$&amp;&quot;):b.setAttribute(&quot;id&quot;,k=u),r=g(a),h=r.length,l=V.test(k)?&quot;#&quot;+k:&quot;[id=&apos;&quot;+k+&quot;&apos;]&quot;;while(h--)r[h]=l+&quot; &quot;+qa(r[h]);s=r.join(&quot;,&quot;),w=_.test(a)&amp;&amp;oa(b.parentNode)||b}if(s)try{return H.apply(d,w.querySelectorAll(s)),d}catch(y){}finally{k===u&amp;&amp;b.removeAttribute(&quot;id&quot;)}}}return i(a.replace(Q,&quot;$1&quot;),b,d,e)}function ga(){var a=[];function b(c,e){return a.push(c+&quot; &quot;)&gt;d.cacheLength&amp;&amp;delete b[a.shift()],b[c+&quot; &quot;]=e}return b}function ha(a){return a[u]=!0,a}function ia(a){var b=n.createElement(&quot;div&quot;);try{return!!a(b)}catch(c){return!1}finally{b.parentNode&amp;&amp;b.parentNode.removeChild(b),b=null}}function ja(a,b){var c=a.split(&quot;|&quot;),e=c.length;while(e--)d.attrHandle[c[e]]=b}function ka(a,b){var c=b&amp;&amp;a,d=c&amp;&amp;1===a.nodeType&amp;&amp;1===b.nodeType&amp;&amp;(~b.sourceIndex||C)-(~a.sourceIndex||C);if(d)return d;if(c)while(c=c.nextSibling)if(c===b)return-1;return a?1:-1}function la(a){return function(b){var c=b.nodeName.toLowerCase();return&quot;input&quot;===c&amp;&amp;b.type===a}}function ma(a){return function(b){var c=b.nodeName.toLowerCase();return(&quot;input&quot;===c||&quot;button&quot;===c)&amp;&amp;b.type===a}}function na(a){return ha(function(b){return b=+b,ha(function(c,d){var e,f=a([],c.length,b),g=f.length;while(g--)c[e=f[g]]&amp;&amp;(c[e]=!(d[e]=c[e]))})})}function oa(a){return a&amp;&amp;&quot;undefined&quot;!=typeof a.getElementsByTagName&amp;&amp;a}c=fa.support={},f=fa.isXML=function(a){var b=a&amp;&amp;(a.ownerDocument||a).documentElement;return b?&quot;HTML&quot;!==b.nodeName:!1},m=fa.setDocument=function(a){var b,e,g=a?a.ownerDocument||a:v;return g!==n&amp;&amp;9===g.nodeType&amp;&amp;g.documentElement?(n=g,o=n.documentElement,p=!f(n),(e=n.defaultView)&amp;&amp;e.top!==e&amp;&amp;(e.addEventListener?e.addEventListener(&quot;unload&quot;,da,!1):e.attachEvent&amp;&amp;e.attachEvent(&quot;onunload&quot;,da)),c.attributes=ia(function(a){return a.className=&quot;i&quot;,!a.getAttribute(&quot;className&quot;)}),c.getElementsByTagName=ia(function(a){return a.appendChild(n.createComment(&quot;&quot;)),!a.getElementsByTagName(&quot;*&quot;).length}),c.getElementsByClassName=Z.test(n.getElementsByClassName),c.getById=ia(function(a){return o.appendChild(a).id=u,!n.getElementsByName||!n.getElementsByName(u).length}),c.getById?(d.find.ID=function(a,b){if(&quot;undefined&quot;!=typeof b.getElementById&amp;&amp;p){var c=b.getElementById(a);return c?[c]:[]}},d.filter.ID=function(a){var b=a.replace(ba,ca);return function(a){return a.getAttribute(&quot;id&quot;)===b}}):(delete d.find.ID,d.filter.ID=function(a){var b=a.replace(ba,ca);return function(a){var c=&quot;undefined&quot;!=typeof a.getAttributeNode&amp;&amp;a.getAttributeNode(&quot;id&quot;);return c&amp;&amp;c.value===b}}),d.find.TAG=c.getElementsByTagName?function(a,b){return&quot;undefined&quot;!=typeof b.getElementsByTagName?b.getElementsByTagName(a):c.qsa?b.querySelectorAll(a):void 0}:function(a,b){var c,d=[],e=0,f=b.getElementsByTagName(a);if(&quot;*&quot;===a){while(c=f[e++])1===c.nodeType&amp;&amp;d.push(c);return d}return f},d.find.CLASS=c.getElementsByClassName&amp;&amp;function(a,b){return&quot;undefined&quot;!=typeof b.getElementsByClassName&amp;&amp;p?b.getElementsByClassName(a):void 0},r=[],q=[],(c.qsa=Z.test(n.querySelectorAll))&amp;&amp;(ia(function(a){o.appendChild(a).innerHTML=&quot;&lt;a id=&apos;&quot;+u+&quot;&apos;&gt;&lt;/a&gt;&lt;select id=&apos;&quot;+u+&quot;-\r\\&apos; msallowcapture=&apos;&apos;&gt;&lt;option selected=&apos;&apos;&gt;&lt;/option&gt;&lt;/select&gt;&quot;,a.querySelectorAll(&quot;[msallowcapture^=&apos;&apos;]&quot;).length&amp;&amp;q.push(&quot;[*^$]=&quot;+L+&quot;*(?:&apos;&apos;|\&quot;\&quot;)&quot;),a.querySelectorAll(&quot;[selected]&quot;).length||q.push(&quot;\\[&quot;+L+&quot;*(?:value|&quot;+K+&quot;)&quot;),a.querySelectorAll(&quot;[id~=&quot;+u+&quot;-]&quot;).length||q.push(&quot;~=&quot;),a.querySelectorAll(&quot;:checked&quot;).length||q.push(&quot;:checked&quot;),a.querySelectorAll(&quot;a#&quot;+u+&quot;+*&quot;).length||q.push(&quot;.#.+[+~]&quot;)}),ia(function(a){var b=n.createElement(&quot;input&quot;);b.setAttribute(&quot;type&quot;,&quot;hidden&quot;),a.appendChild(b).setAttribute(&quot;name&quot;,&quot;D&quot;),a.querySelectorAll(&quot;[name=d]&quot;).length&amp;&amp;q.push(&quot;name&quot;+L+&quot;*[*^$|!~]?=&quot;),a.querySelectorAll(&quot;:enabled&quot;).length||q.push(&quot;:enabled&quot;,&quot;:disabled&quot;),a.querySelectorAll(&quot;*,:x&quot;),q.push(&quot;,.*:&quot;)})),(c.matchesSelector=Z.test(s=o.matches||o.webkitMatchesSelector||o.mozMatchesSelector||o.oMatchesSelector||o.msMatchesSelector))&amp;&amp;ia(function(a){c.disconnectedMatch=s.call(a,&quot;div&quot;),s.call(a,&quot;[s!=&apos;&apos;]:x&quot;),r.push(&quot;!=&quot;,O)}),q=q.length&amp;&amp;new RegExp(q.join(&quot;|&quot;)),r=r.length&amp;&amp;new RegExp(r.join(&quot;|&quot;)),b=Z.test(o.compareDocumentPosition),t=b||Z.test(o.contains)?function(a,b){var c=9===a.nodeType?a.documentElement:a,d=b&amp;&amp;b.parentNode;return a===d||!(!d||1!==d.nodeType||!(c.contains?c.contains(d):a.compareDocumentPosition&amp;&amp;16&amp;a.compareDocumentPosition(d)))}:function(a,b){if(b)while(b=b.parentNode)if(b===a)return!0;return!1},B=b?function(a,b){if(a===b)return l=!0,0;var d=!a.compareDocumentPosition-!b.compareDocumentPosition;return d?d:(d=(a.ownerDocument||a)===(b.ownerDocument||b)?a.compareDocumentPosition(b):1,1&amp;d||!c.sortDetached&amp;&amp;b.compareDocumentPosition(a)===d?a===n||a.ownerDocument===v&amp;&amp;t(v,a)?-1:b===n||b.ownerDocument===v&amp;&amp;t(v,b)?1:k?J(k,a)-J(k,b):0:4&amp;d?-1:1)}:function(a,b){if(a===b)return l=!0,0;var c,d=0,e=a.parentNode,f=b.parentNode,g=[a],h=[b];if(!e||!f)return a===n?-1:b===n?1:e?-1:f?1:k?J(k,a)-J(k,b):0;if(e===f)return ka(a,b);c=a;while(c=c.parentNode)g.unshift(c);c=b;while(c=c.parentNode)h.unshift(c);while(g[d]===h[d])d++;return d?ka(g[d],h[d]):g[d]===v?-1:h[d]===v?1:0},n):n},fa.matches=function(a,b){return fa(a,null,null,b)},fa.matchesSelector=function(a,b){if((a.ownerDocument||a)!==n&amp;&amp;m(a),b=b.replace(T,&quot;=&apos;$1&apos;]&quot;),c.matchesSelector&amp;&amp;p&amp;&amp;!A[b+&quot; &quot;]&amp;&amp;(!r||!r.test(b))&amp;&amp;(!q||!q.test(b)))try{var d=s.call(a,b);if(d||c.disconnectedMatch||a.document&amp;&amp;11!==a.document.nodeType)return d}catch(e){}return fa(b,n,null,[a]).length&gt;0},fa.contains=function(a,b){return(a.ownerDocument||a)!==n&amp;&amp;m(a),t(a,b)},fa.attr=function(a,b){(a.ownerDocument||a)!==n&amp;&amp;m(a);var e=d.attrHandle[b.toLowerCase()],f=e&amp;&amp;D.call(d.attrHandle,b.toLowerCase())?e(a,b,!p):void 0;return void 0!==f?f:c.attributes||!p?a.getAttribute(b):(f=a.getAttributeNode(b))&amp;&amp;f.specified?f.value:null},fa.error=function(a){throw new Error(&quot;Syntax error, unrecognized expression: &quot;+a)},fa.uniqueSort=function(a){var b,d=[],e=0,f=0;if(l=!c.detectDuplicates,k=!c.sortStable&amp;&amp;a.slice(0),a.sort(B),l){while(b=a[f++])b===a[f]&amp;&amp;(e=d.push(f));while(e--)a.splice(d[e],1)}return k=null,a},e=fa.getText=function(a){var b,c=&quot;&quot;,d=0,f=a.nodeType;if(f){if(1===f||9===f||11===f){if(&quot;string&quot;==typeof a.textContent)return a.textContent;for(a=a.firstChild;a;a=a.nextSibling)c+=e(a)}else if(3===f||4===f)return a.nodeValue}else while(b=a[d++])c+=e(b);return c},d=fa.selectors={cacheLength:50,createPseudo:ha,match:W,attrHandle:{},find:{},relative:{&quot;&gt;&quot;:{dir:&quot;parentNode&quot;,first:!0},&quot; &quot;:{dir:&quot;parentNode&quot;},&quot;+&quot;:{dir:&quot;previousSibling&quot;,first:!0},&quot;~&quot;:{dir:&quot;previousSibling&quot;}},preFilter:{ATTR:function(a){return a[1]=a[1].replace(ba,ca),a[3]=(a[3]||a[4]||a[5]||&quot;&quot;).replace(ba,ca),&quot;~=&quot;===a[2]&amp;&amp;(a[3]=&quot; &quot;+a[3]+&quot; &quot;),a.slice(0,4)},CHILD:function(a){return a[1]=a[1].toLowerCase(),&quot;nth&quot;===a[1].slice(0,3)?(a[3]||fa.error(a[0]),a[4]=+(a[4]?a[5]+(a[6]||1):2*(&quot;even&quot;===a[3]||&quot;odd&quot;===a[3])),a[5]=+(a[7]+a[8]||&quot;odd&quot;===a[3])):a[3]&amp;&amp;fa.error(a[0]),a},PSEUDO:function(a){var b,c=!a[6]&amp;&amp;a[2];return W.CHILD.test(a[0])?null:(a[3]?a[2]=a[4]||a[5]||&quot;&quot;:c&amp;&amp;U.test(c)&amp;&amp;(b=g(c,!0))&amp;&amp;(b=c.indexOf(&quot;)&quot;,c.length-b)-c.length)&amp;&amp;(a[0]=a[0].slice(0,b),a[2]=c.slice(0,b)),a.slice(0,3))}},filter:{TAG:function(a){var b=a.replace(ba,ca).toLowerCase();return&quot;*&quot;===a?function(){return!0}:function(a){return a.nodeName&amp;&amp;a.nodeName.toLowerCase()===b}},CLASS:function(a){var b=y[a+&quot; &quot;];return b||(b=new RegExp(&quot;(^|&quot;+L+&quot;)&quot;+a+&quot;(&quot;+L+&quot;|$)&quot;))&amp;&amp;y(a,function(a){return b.test(&quot;string&quot;==typeof a.className&amp;&amp;a.className||&quot;undefined&quot;!=typeof a.getAttribute&amp;&amp;a.getAttribute(&quot;class&quot;)||&quot;&quot;)})},ATTR:function(a,b,c){return function(d){var e=fa.attr(d,a);return null==e?&quot;!=&quot;===b:b?(e+=&quot;&quot;,&quot;=&quot;===b?e===c:&quot;!=&quot;===b?e!==c:&quot;^=&quot;===b?c&amp;&amp;0===e.indexOf(c):&quot;*=&quot;===b?c&amp;&amp;e.indexOf(c)&gt;-1:&quot;$=&quot;===b?c&amp;&amp;e.slice(-c.length)===c:&quot;~=&quot;===b?(&quot; &quot;+e.replace(P,&quot; &quot;)+&quot; &quot;).indexOf(c)&gt;-1:&quot;|=&quot;===b?e===c||e.slice(0,c.length+1)===c+&quot;-&quot;:!1):!0}},CHILD:function(a,b,c,d,e){var f=&quot;nth&quot;!==a.slice(0,3),g=&quot;last&quot;!==a.slice(-4),h=&quot;of-type&quot;===b;return 1===d&amp;&amp;0===e?function(a){return!!a.parentNode}:function(b,c,i){var j,k,l,m,n,o,p=f!==g?&quot;nextSibling&quot;:&quot;previousSibling&quot;,q=b.parentNode,r=h&amp;&amp;b.nodeName.toLowerCase(),s=!i&amp;&amp;!h,t=!1;if(q){if(f){while(p){m=b;while(m=m[p])if(h?m.nodeName.toLowerCase()===r:1===m.nodeType)return!1;o=p=&quot;only&quot;===a&amp;&amp;!o&amp;&amp;&quot;nextSibling&quot;}return!0}if(o=[g?q.firstChild:q.lastChild],g&amp;&amp;s){m=q,l=m[u]||(m[u]={}),k=l[m.uniqueID]||(l[m.uniqueID]={}),j=k[a]||[],n=j[0]===w&amp;&amp;j[1],t=n&amp;&amp;j[2],m=n&amp;&amp;q.childNodes[n];while(m=++n&amp;&amp;m&amp;&amp;m[p]||(t=n=0)||o.pop())if(1===m.nodeType&amp;&amp;++t&amp;&amp;m===b){k[a]=[w,n,t];break}}else if(s&amp;&amp;(m=b,l=m[u]||(m[u]={}),k=l[m.uniqueID]||(l[m.uniqueID]={}),j=k[a]||[],n=j[0]===w&amp;&amp;j[1],t=n),t===!1)while(m=++n&amp;&amp;m&amp;&amp;m[p]||(t=n=0)||o.pop())if((h?m.nodeName.toLowerCase()===r:1===m.nodeType)&amp;&amp;++t&amp;&amp;(s&amp;&amp;(l=m[u]||(m[u]={}),k=l[m.uniqueID]||(l[m.uniqueID]={}),k[a]=[w,t]),m===b))break;return t-=e,t===d||t%d===0&amp;&amp;t/d&gt;=0}}},PSEUDO:function(a,b){var c,e=d.pseudos[a]||d.setFilters[a.toLowerCase()]||fa.error(&quot;unsupported pseudo: &quot;+a);return e[u]?e(b):e.length&gt;1?(c=[a,a,&quot;&quot;,b],d.setFilters.hasOwnProperty(a.toLowerCase())?ha(function(a,c){var d,f=e(a,b),g=f.length;while(g--)d=J(a,f[g]),a[d]=!(c[d]=f[g])}):function(a){return e(a,0,c)}):e}},pseudos:{not:ha(function(a){var b=[],c=[],d=h(a.replace(Q,&quot;$1&quot;));return d[u]?ha(function(a,b,c,e){var f,g=d(a,null,e,[]),h=a.length;while(h--)(f=g[h])&amp;&amp;(a[h]=!(b[h]=f))}):function(a,e,f){return b[0]=a,d(b,null,f,c),b[0]=null,!c.pop()}}),has:ha(function(a){return function(b){return fa(a,b).length&gt;0}}),contains:ha(function(a){return a=a.replace(ba,ca),function(b){return(b.textContent||b.innerText||e(b)).indexOf(a)&gt;-1}}),lang:ha(function(a){return V.test(a||&quot;&quot;)||fa.error(&quot;unsupported lang: &quot;+a),a=a.replace(ba,ca).toLowerCase(),function(b){var c;do if(c=p?b.lang:b.getAttribute(&quot;xml:lang&quot;)||b.getAttribute(&quot;lang&quot;))return c=c.toLowerCase(),c===a||0===c.indexOf(a+&quot;-&quot;);while((b=b.parentNode)&amp;&amp;1===b.nodeType);return!1}}),target:function(b){var c=a.location&amp;&amp;a.location.hash;return c&amp;&amp;c.slice(1)===b.id},root:function(a){return a===o},focus:function(a){return a===n.activeElement&amp;&amp;(!n.hasFocus||n.hasFocus())&amp;&amp;!!(a.type||a.href||~a.tabIndex)},enabled:function(a){return a.disabled===!1},disabled:function(a){return a.disabled===!0},checked:function(a){var b=a.nodeName.toLowerCase();return&quot;input&quot;===b&amp;&amp;!!a.checked||&quot;option&quot;===b&amp;&amp;!!a.selected},selected:function(a){return a.parentNode&amp;&amp;a.parentNode.selectedIndex,a.selected===!0},empty:function(a){for(a=a.firstChild;a;a=a.nextSibling)if(a.nodeType&lt;6)return!1;return!0},parent:function(a){return!d.pseudos.empty(a)},header:function(a){return Y.test(a.nodeName)},input:function(a){return X.test(a.nodeName)},button:function(a){var b=a.nodeName.toLowerCase();return&quot;input&quot;===b&amp;&amp;&quot;button&quot;===a.type||&quot;button&quot;===b},text:function(a){var b;return&quot;input&quot;===a.nodeName.toLowerCase()&amp;&amp;&quot;text&quot;===a.type&amp;&amp;(null==(b=a.getAttribute(&quot;type&quot;))||&quot;text&quot;===b.toLowerCase())},first:na(function(){return[0]}),last:na(function(a,b){return[b-1]}),eq:na(function(a,b,c){return[0&gt;c?c+b:c]}),even:na(function(a,b){for(var c=0;b&gt;c;c+=2)a.push(c);return a}),odd:na(function(a,b){for(var c=1;b&gt;c;c+=2)a.push(c);return a}),lt:na(function(a,b,c){for(var d=0&gt;c?c+b:c;--d&gt;=0;)a.push(d);return a}),gt:na(function(a,b,c){for(var d=0&gt;c?c+b:c;++d&lt;b;)a.push(d);return a})}},d.pseudos.nth=d.pseudos.eq;for(b in{radio:!0,checkbox:!0,file:!0,password:!0,image:!0})d.pseudos[b]=la(b);for(b in{submit:!0,reset:!0})d.pseudos[b]=ma(b);function pa(){}pa.prototype=d.filters=d.pseudos,d.setFilters=new pa,g=fa.tokenize=function(a,b){var c,e,f,g,h,i,j,k=z[a+&quot; &quot;];if(k)return b?0:k.slice(0);h=a,i=[],j=d.preFilter;while(h){(!c||(e=R.exec(h)))&amp;&amp;(e&amp;&amp;(h=h.slice(e[0].length)||h),i.push(f=[])),c=!1,(e=S.exec(h))&amp;&amp;(c=e.shift(),f.push({value:c,type:e[0].replace(Q,&quot; &quot;)}),h=h.slice(c.length));for(g in d.filter)!(e=W[g].exec(h))||j[g]&amp;&amp;!(e=j[g](e))||(c=e.shift(),f.push({value:c,type:g,matches:e}),h=h.slice(c.length));if(!c)break}return b?h.length:h?fa.error(a):z(a,i).slice(0)};function qa(a){for(var b=0,c=a.length,d=&quot;&quot;;c&gt;b;b++)d+=a[b].value;return d}function ra(a,b,c){var d=b.dir,e=c&amp;&amp;&quot;parentNode&quot;===d,f=x++;return b.first?function(b,c,f){while(b=b[d])if(1===b.nodeType||e)return a(b,c,f)}:function(b,c,g){var h,i,j,k=[w,f];if(g){while(b=b[d])if((1===b.nodeType||e)&amp;&amp;a(b,c,g))return!0}else while(b=b[d])if(1===b.nodeType||e){if(j=b[u]||(b[u]={}),i=j[b.uniqueID]||(j[b.uniqueID]={}),(h=i[d])&amp;&amp;h[0]===w&amp;&amp;h[1]===f)return k[2]=h[2];if(i[d]=k,k[2]=a(b,c,g))return!0}}}function sa(a){return a.length&gt;1?function(b,c,d){var e=a.length;while(e--)if(!a[e](b,c,d))return!1;return!0}:a[0]}function ta(a,b,c){for(var d=0,e=b.length;e&gt;d;d++)fa(a,b[d],c);return c}function ua(a,b,c,d,e){for(var f,g=[],h=0,i=a.length,j=null!=b;i&gt;h;h++)(f=a[h])&amp;&amp;(!c||c(f,d,e))&amp;&amp;(g.push(f),j&amp;&amp;b.push(h));return g}function va(a,b,c,d,e,f){return d&amp;&amp;!d[u]&amp;&amp;(d=va(d)),e&amp;&amp;!e[u]&amp;&amp;(e=va(e,f)),ha(function(f,g,h,i){var j,k,l,m=[],n=[],o=g.length,p=f||ta(b||&quot;*&quot;,h.nodeType?[h]:h,[]),q=!a||!f&amp;&amp;b?p:ua(p,m,a,h,i),r=c?e||(f?a:o||d)?[]:g:q;if(c&amp;&amp;c(q,r,h,i),d){j=ua(r,n),d(j,[],h,i),k=j.length;while(k--)(l=j[k])&amp;&amp;(r[n[k]]=!(q[n[k]]=l))}if(f){if(e||a){if(e){j=[],k=r.length;while(k--)(l=r[k])&amp;&amp;j.push(q[k]=l);e(null,r=[],j,i)}k=r.length;while(k--)(l=r[k])&amp;&amp;(j=e?J(f,l):m[k])&gt;-1&amp;&amp;(f[j]=!(g[j]=l))}}else r=ua(r===g?r.splice(o,r.length):r),e?e(null,g,r,i):H.apply(g,r)})}function wa(a){for(var b,c,e,f=a.length,g=d.relative[a[0].type],h=g||d.relative[&quot; &quot;],i=g?1:0,k=ra(function(a){return a===b},h,!0),l=ra(function(a){return J(b,a)&gt;-1},h,!0),m=[function(a,c,d){var e=!g&amp;&amp;(d||c!==j)||((b=c).nodeType?k(a,c,d):l(a,c,d));return b=null,e}];f&gt;i;i++)if(c=d.relative[a[i].type])m=[ra(sa(m),c)];else{if(c=d.filter[a[i].type].apply(null,a[i].matches),c[u]){for(e=++i;f&gt;e;e++)if(d.relative[a[e].type])break;return va(i&gt;1&amp;&amp;sa(m),i&gt;1&amp;&amp;qa(a.slice(0,i-1).concat({value:&quot; &quot;===a[i-2].type?&quot;*&quot;:&quot;&quot;})).replace(Q,&quot;$1&quot;),c,e&gt;i&amp;&amp;wa(a.slice(i,e)),f&gt;e&amp;&amp;wa(a=a.slice(e)),f&gt;e&amp;&amp;qa(a))}m.push(c)}return sa(m)}function xa(a,b){var c=b.length&gt;0,e=a.length&gt;0,f=function(f,g,h,i,k){var l,o,q,r=0,s=&quot;0&quot;,t=f&amp;&amp;[],u=[],v=j,x=f||e&amp;&amp;d.find.TAG(&quot;*&quot;,k),y=w+=null==v?1:Math.random()||.1,z=x.length;for(k&amp;&amp;(j=g===n||g||k);s!==z&amp;&amp;null!=(l=x[s]);s++){if(e&amp;&amp;l){o=0,g||l.ownerDocument===n||(m(l),h=!p);while(q=a[o++])if(q(l,g||n,h)){i.push(l);break}k&amp;&amp;(w=y)}c&amp;&amp;((l=!q&amp;&amp;l)&amp;&amp;r--,f&amp;&amp;t.push(l))}if(r+=s,c&amp;&amp;s!==r){o=0;while(q=b[o++])q(t,u,g,h);if(f){if(r&gt;0)while(s--)t[s]||u[s]||(u[s]=F.call(i));u=ua(u)}H.apply(i,u),k&amp;&amp;!f&amp;&amp;u.length&gt;0&amp;&amp;r+b.length&gt;1&amp;&amp;fa.uniqueSort(i)}return k&amp;&amp;(w=y,j=v),t};return c?ha(f):f}return h=fa.compile=function(a,b){var c,d=[],e=[],f=A[a+&quot; &quot;];if(!f){b||(b=g(a)),c=b.length;while(c--)f=wa(b[c]),f[u]?d.push(f):e.push(f);f=A(a,xa(e,d)),f.selector=a}return f},i=fa.select=function(a,b,e,f){var i,j,k,l,m,n=&quot;function&quot;==typeof a&amp;&amp;a,o=!f&amp;&amp;g(a=n.selector||a);if(e=e||[],1===o.length){if(j=o[0]=o[0].slice(0),j.length&gt;2&amp;&amp;&quot;ID&quot;===(k=j[0]).type&amp;&amp;c.getById&amp;&amp;9===b.nodeType&amp;&amp;p&amp;&amp;d.relative[j[1].type]){if(b=(d.find.ID(k.matches[0].replace(ba,ca),b)||[])[0],!b)return e;n&amp;&amp;(b=b.parentNode),a=a.slice(j.shift().value.length)}i=W.needsContext.test(a)?0:j.length;while(i--){if(k=j[i],d.relative[l=k.type])break;if((m=d.find[l])&amp;&amp;(f=m(k.matches[0].replace(ba,ca),_.test(j[0].type)&amp;&amp;oa(b.parentNode)||b))){if(j.splice(i,1),a=f.length&amp;&amp;qa(j),!a)return H.apply(e,f),e;break}}}return(n||h(a,o))(f,b,!p,e,!b||_.test(a)&amp;&amp;oa(b.parentNode)||b),e},c.sortStable=u.split(&quot;&quot;).sort(B).join(&quot;&quot;)===u,c.detectDuplicates=!!l,m(),c.sortDetached=ia(function(a){return 1&amp;a.compareDocumentPosition(n.createElement(&quot;div&quot;))}),ia(function(a){return a.innerHTML=&quot;&lt;a href=&apos;#&apos;&gt;&lt;/a&gt;&quot;,&quot;#&quot;===a.firstChild.getAttribute(&quot;href&quot;)})||ja(&quot;type|href|height|width&quot;,function(a,b,c){return c?void 0:a.getAttribute(b,&quot;type&quot;===b.toLowerCase()?1:2)}),c.attributes&amp;&amp;ia(function(a){return a.innerHTML=&quot;&lt;input/&gt;&quot;,a.firstChild.setAttribute(&quot;value&quot;,&quot;&quot;),&quot;&quot;===a.firstChild.getAttribute(&quot;value&quot;)})||ja(&quot;value&quot;,function(a,b,c){return c||&quot;input&quot;!==a.nodeName.toLowerCase()?void 0:a.defaultValue}),ia(function(a){return null==a.getAttribute(&quot;disabled&quot;)})||ja(K,function(a,b,c){var d;return c?void 0:a[b]===!0?b.toLowerCase():(d=a.getAttributeNode(b))&amp;&amp;d.specified?d.value:null}),fa}(a);n.find=t,n.expr=t.selectors,n.expr[&quot;:&quot;]=n.expr.pseudos,n.uniqueSort=n.unique=t.uniqueSort,n.text=t.getText,n.isXMLDoc=t.isXML,n.contains=t.contains;var u=function(a,b,c){var d=[],e=void 0!==c;while((a=a[b])&amp;&amp;9!==a.nodeType)if(1===a.nodeType){if(e&amp;&amp;n(a).is(c))break;d.push(a)}return d},v=function(a,b){for(var c=[];a;a=a.nextSibling)1===a.nodeType&amp;&amp;a!==b&amp;&amp;c.push(a);return c},w=n.expr.match.needsContext,x=/^&lt;([\w-]+)\s*\/?&gt;(?:&lt;\/\1&gt;|)$/,y=/^.[^:#\[\.,]*$/;function z(a,b,c){if(n.isFunction(b))return n.grep(a,function(a,d){return!!b.call(a,d,a)!==c});if(b.nodeType)return n.grep(a,function(a){return a===b!==c});if(&quot;string&quot;==typeof b){if(y.test(b))return n.filter(b,a,c);b=n.filter(b,a)}return n.grep(a,function(a){return h.call(b,a)&gt;-1!==c})}n.filter=function(a,b,c){var d=b[0];return c&amp;&amp;(a=&quot;:not(&quot;+a+&quot;)&quot;),1===b.length&amp;&amp;1===d.nodeType?n.find.matchesSelector(d,a)?[d]:[]:n.find.matches(a,n.grep(b,function(a){return 1===a.nodeType}))},n.fn.extend({find:function(a){var b,c=this.length,d=[],e=this;if(&quot;string&quot;!=typeof a)return this.pushStack(n(a).filter(function(){for(b=0;c&gt;b;b++)if(n.contains(e[b],this))return!0}));for(b=0;c&gt;b;b++)n.find(a,e[b],d);return d=this.pushStack(c&gt;1?n.unique(d):d),d.selector=this.selector?this.selector+&quot; &quot;+a:a,d},filter:function(a){return this.pushStack(z(this,a||[],!1))},not:function(a){return this.pushStack(z(this,a||[],!0))},is:function(a){return!!z(this,&quot;string&quot;==typeof a&amp;&amp;w.test(a)?n(a):a||[],!1).length}});var A,B=/^(?:\s*(&lt;[\w\W]+&gt;)[^&gt;]*|#([\w-]*))$/,C=n.fn.init=function(a,b,c){var e,f;if(!a)return this;if(c=c||A,&quot;string&quot;==typeof a){if(e=&quot;&lt;&quot;===a[0]&amp;&amp;&quot;&gt;&quot;===a[a.length-1]&amp;&amp;a.length&gt;=3?[null,a,null]:B.exec(a),!e||!e[1]&amp;&amp;b)return!b||b.jquery?(b||c).find(a):this.constructor(b).find(a);if(e[1]){if(b=b instanceof n?b[0]:b,n.merge(this,n.parseHTML(e[1],b&amp;&amp;b.nodeType?b.ownerDocument||b:d,!0)),x.test(e[1])&amp;&amp;n.isPlainObject(b))for(e in b)n.isFunction(this[e])?this[e](b[e]):this.attr(e,b[e]);return this}return f=d.getElementById(e[2]),f&amp;&amp;f.parentNode&amp;&amp;(this.length=1,this[0]=f),this.context=d,this.selector=a,this}return a.nodeType?(this.context=this[0]=a,this.length=1,this):n.isFunction(a)?void 0!==c.ready?c.ready(a):a(n):(void 0!==a.selector&amp;&amp;(this.selector=a.selector,this.context=a.context),n.makeArray(a,this))};C.prototype=n.fn,A=n(d);var D=/^(?:parents|prev(?:Until|All))/,E={children:!0,contents:!0,next:!0,prev:!0};n.fn.extend({has:function(a){var b=n(a,this),c=b.length;return this.filter(function(){for(var a=0;c&gt;a;a++)if(n.contains(this,b[a]))return!0})},closest:function(a,b){for(var c,d=0,e=this.length,f=[],g=w.test(a)||&quot;string&quot;!=typeof a?n(a,b||this.context):0;e&gt;d;d++)for(c=this[d];c&amp;&amp;c!==b;c=c.parentNode)if(c.nodeType&lt;11&amp;&amp;(g?g.index(c)&gt;-1:1===c.nodeType&amp;&amp;n.find.matchesSelector(c,a))){f.push(c);break}return this.pushStack(f.length&gt;1?n.uniqueSort(f):f)},index:function(a){return a?&quot;string&quot;==typeof a?h.call(n(a),this[0]):h.call(this,a.jquery?a[0]:a):this[0]&amp;&amp;this[0].parentNode?this.first().prevAll().length:-1},add:function(a,b){return this.pushStack(n.uniqueSort(n.merge(this.get(),n(a,b))))},addBack:function(a){return this.add(null==a?this.prevObject:this.prevObject.filter(a))}});function F(a,b){while((a=a[b])&amp;&amp;1!==a.nodeType);return a}n.each({parent:function(a){var b=a.parentNode;return b&amp;&amp;11!==b.nodeType?b:null},parents:function(a){return u(a,&quot;parentNode&quot;)},parentsUntil:function(a,b,c){return u(a,&quot;parentNode&quot;,c)},next:function(a){return F(a,&quot;nextSibling&quot;)},prev:function(a){return F(a,&quot;previousSibling&quot;)},nextAll:function(a){return u(a,&quot;nextSibling&quot;)},prevAll:function(a){return u(a,&quot;previousSibling&quot;)},nextUntil:function(a,b,c){return u(a,&quot;nextSibling&quot;,c)},prevUntil:function(a,b,c){return u(a,&quot;previousSibling&quot;,c)},siblings:function(a){return v((a.parentNode||{}).firstChild,a)},children:function(a){return v(a.firstChild)},contents:function(a){return a.contentDocument||n.merge([],a.childNodes)}},function(a,b){n.fn[a]=function(c,d){var e=n.map(this,b,c);return&quot;Until&quot;!==a.slice(-5)&amp;&amp;(d=c),d&amp;&amp;&quot;string&quot;==typeof d&amp;&amp;(e=n.filter(d,e)),this.length&gt;1&amp;&amp;(E[a]||n.uniqueSort(e),D.test(a)&amp;&amp;e.reverse()),this.pushStack(e)}});var G=/\S+/g;function H(a){var b={};return n.each(a.match(G)||[],function(a,c){b[c]=!0}),b}n.Callbacks=function(a){a=&quot;string&quot;==typeof a?H(a):n.extend({},a);var b,c,d,e,f=[],g=[],h=-1,i=function(){for(e=a.once,d=b=!0;g.length;h=-1){c=g.shift();while(++h&lt;f.length)f[h].apply(c[0],c[1])===!1&amp;&amp;a.stopOnFalse&amp;&amp;(h=f.length,c=!1)}a.memory||(c=!1),b=!1,e&amp;&amp;(f=c?[]:&quot;&quot;)},j={add:function(){return f&amp;&amp;(c&amp;&amp;!b&amp;&amp;(h=f.length-1,g.push(c)),function d(b){n.each(b,function(b,c){n.isFunction(c)?a.unique&amp;&amp;j.has(c)||f.push(c):c&amp;&amp;c.length&amp;&amp;&quot;string&quot;!==n.type(c)&amp;&amp;d(c)})}(arguments),c&amp;&amp;!b&amp;&amp;i()),this},remove:function(){return n.each(arguments,function(a,b){var c;while((c=n.inArray(b,f,c))&gt;-1)f.splice(c,1),h&gt;=c&amp;&amp;h--}),this},has:function(a){return a?n.inArray(a,f)&gt;-1:f.length&gt;0},empty:function(){return f&amp;&amp;(f=[]),this},disable:function(){return e=g=[],f=c=&quot;&quot;,this},disabled:function(){return!f},lock:function(){return e=g=[],c||(f=c=&quot;&quot;),this},locked:function(){return!!e},fireWith:function(a,c){return e||(c=c||[],c=[a,c.slice?c.slice():c],g.push(c),b||i()),this},fire:function(){return j.fireWith(this,arguments),this},fired:function(){return!!d}};return j},n.extend({Deferred:function(a){var b=[[&quot;resolve&quot;,&quot;done&quot;,n.Callbacks(&quot;once memory&quot;),&quot;resolved&quot;],[&quot;reject&quot;,&quot;fail&quot;,n.Callbacks(&quot;once memory&quot;),&quot;rejected&quot;],[&quot;notify&quot;,&quot;progress&quot;,n.Callbacks(&quot;memory&quot;)]],c=&quot;pending&quot;,d={state:function(){return c},always:function(){return e.done(arguments).fail(arguments),this},then:function(){var a=arguments;return n.Deferred(function(c){n.each(b,function(b,f){var g=n.isFunction(a[b])&amp;&amp;a[b];e[f[1]](function(){var a=g&amp;&amp;g.apply(this,arguments);a&amp;&amp;n.isFunction(a.promise)?a.promise().progress(c.notify).done(c.resolve).fail(c.reject):c[f[0]+&quot;With&quot;](this===d?c.promise():this,g?[a]:arguments)})}),a=null}).promise()},promise:function(a){return null!=a?n.extend(a,d):d}},e={};return d.pipe=d.then,n.each(b,function(a,f){var g=f[2],h=f[3];d[f[1]]=g.add,h&amp;&amp;g.add(function(){c=h},b[1^a][2].disable,b[2][2].lock),e[f[0]]=function(){return e[f[0]+&quot;With&quot;](this===e?d:this,arguments),this},e[f[0]+&quot;With&quot;]=g.fireWith}),d.promise(e),a&amp;&amp;a.call(e,e),e},when:function(a){var b=0,c=e.call(arguments),d=c.length,f=1!==d||a&amp;&amp;n.isFunction(a.promise)?d:0,g=1===f?a:n.Deferred(),h=function(a,b,c){return function(d){b[a]=this,c[a]=arguments.length&gt;1?e.call(arguments):d,c===i?g.notifyWith(b,c):--f||g.resolveWith(b,c)}},i,j,k;if(d&gt;1)for(i=new Array(d),j=new Array(d),k=new Array(d);d&gt;b;b++)c[b]&amp;&amp;n.isFunction(c[b].promise)?c[b].promise().progress(h(b,j,i)).done(h(b,k,c)).fail(g.reject):--f;return f||g.resolveWith(k,c),g.promise()}});var I;n.fn.ready=function(a){return n.ready.promise().done(a),this},n.extend({isReady:!1,readyWait:1,holdReady:function(a){a?n.readyWait++:n.ready(!0)},ready:function(a){(a===!0?--n.readyWait:n.isReady)||(n.isReady=!0,a!==!0&amp;&amp;--n.readyWait&gt;0||(I.resolveWith(d,[n]),n.fn.triggerHandler&amp;&amp;(n(d).triggerHandler(&quot;ready&quot;),n(d).off(&quot;ready&quot;))))}});function J(){d.removeEventListener(&quot;DOMContentLoaded&quot;,J),a.removeEventListener(&quot;load&quot;,J),n.ready()}n.ready.promise=function(b){return I||(I=n.Deferred(),&quot;complete&quot;===d.readyState||&quot;loading&quot;!==d.readyState&amp;&amp;!d.documentElement.doScroll?a.setTimeout(n.ready):(d.addEventListener(&quot;DOMContentLoaded&quot;,J),a.addEventListener(&quot;load&quot;,J))),I.promise(b)},n.ready.promise();var K=function(a,b,c,d,e,f,g){var h=0,i=a.length,j=null==c;if(&quot;object&quot;===n.type(c)){e=!0;for(h in c)K(a,b,h,c[h],!0,f,g)}else if(void 0!==d&amp;&amp;(e=!0,n.isFunction(d)||(g=!0),j&amp;&amp;(g?(b.call(a,d),b=null):(j=b,b=function(a,b,c){return j.call(n(a),c)})),b))for(;i&gt;h;h++)b(a[h],c,g?d:d.call(a[h],h,b(a[h],c)));return e?a:j?b.call(a):i?b(a[0],c):f},L=function(a){return 1===a.nodeType||9===a.nodeType||!+a.nodeType};function M(){this.expando=n.expando+M.uid++}M.uid=1,M.prototype={register:function(a,b){var c=b||{};return a.nodeType?a[this.expando]=c:Object.defineProperty(a,this.expando,{value:c,writable:!0,configurable:!0}),a[this.expando]},cache:function(a){if(!L(a))return{};var b=a[this.expando];return b||(b={},L(a)&amp;&amp;(a.nodeType?a[this.expando]=b:Object.defineProperty(a,this.expando,{value:b,configurable:!0}))),b},set:function(a,b,c){var d,e=this.cache(a);if(&quot;string&quot;==typeof b)e[b]=c;else for(d in b)e[d]=b[d];return e},get:function(a,b){return void 0===b?this.cache(a):a[this.expando]&amp;&amp;a[this.expando][b]},access:function(a,b,c){var d;return void 0===b||b&amp;&amp;&quot;string&quot;==typeof b&amp;&amp;void 0===c?(d=this.get(a,b),void 0!==d?d:this.get(a,n.camelCase(b))):(this.set(a,b,c),void 0!==c?c:b)},remove:function(a,b){var c,d,e,f=a[this.expando];if(void 0!==f){if(void 0===b)this.register(a);else{n.isArray(b)?d=b.concat(b.map(n.camelCase)):(e=n.camelCase(b),b in f?d=[b,e]:(d=e,d=d in f?[d]:d.match(G)||[])),c=d.length;while(c--)delete f[d[c]]}(void 0===b||n.isEmptyObject(f))&amp;&amp;(a.nodeType?a[this.expando]=void 0:delete a[this.expando])}},hasData:function(a){var b=a[this.expando];return void 0!==b&amp;&amp;!n.isEmptyObject(b)}};var N=new M,O=new M,P=/^(?:\{[\w\W]*\}|\[[\w\W]*\])$/,Q=/[A-Z]/g;function R(a,b,c){var d;if(void 0===c&amp;&amp;1===a.nodeType)if(d=&quot;data-&quot;+b.replace(Q,&quot;-$&amp;&quot;).toLowerCase(),c=a.getAttribute(d),&quot;string&quot;==typeof c){try{c=&quot;true&quot;===c?!0:&quot;false&quot;===c?!1:&quot;null&quot;===c?null:+c+&quot;&quot;===c?+c:P.test(c)?n.parseJSON(c):c}catch(e){}O.set(a,b,c);&#10;  }else c=void 0;return c}n.extend({hasData:function(a){return O.hasData(a)||N.hasData(a)},data:function(a,b,c){return O.access(a,b,c)},removeData:function(a,b){O.remove(a,b)},_data:function(a,b,c){return N.access(a,b,c)},_removeData:function(a,b){N.remove(a,b)}}),n.fn.extend({data:function(a,b){var c,d,e,f=this[0],g=f&amp;&amp;f.attributes;if(void 0===a){if(this.length&amp;&amp;(e=O.get(f),1===f.nodeType&amp;&amp;!N.get(f,&quot;hasDataAttrs&quot;))){c=g.length;while(c--)g[c]&amp;&amp;(d=g[c].name,0===d.indexOf(&quot;data-&quot;)&amp;&amp;(d=n.camelCase(d.slice(5)),R(f,d,e[d])));N.set(f,&quot;hasDataAttrs&quot;,!0)}return e}return&quot;object&quot;==typeof a?this.each(function(){O.set(this,a)}):K(this,function(b){var c,d;if(f&amp;&amp;void 0===b){if(c=O.get(f,a)||O.get(f,a.replace(Q,&quot;-$&amp;&quot;).toLowerCase()),void 0!==c)return c;if(d=n.camelCase(a),c=O.get(f,d),void 0!==c)return c;if(c=R(f,d,void 0),void 0!==c)return c}else d=n.camelCase(a),this.each(function(){var c=O.get(this,d);O.set(this,d,b),a.indexOf(&quot;-&quot;)&gt;-1&amp;&amp;void 0!==c&amp;&amp;O.set(this,a,b)})},null,b,arguments.length&gt;1,null,!0)},removeData:function(a){return this.each(function(){O.remove(this,a)})}}),n.extend({queue:function(a,b,c){var d;return a?(b=(b||&quot;fx&quot;)+&quot;queue&quot;,d=N.get(a,b),c&amp;&amp;(!d||n.isArray(c)?d=N.access(a,b,n.makeArray(c)):d.push(c)),d||[]):void 0},dequeue:function(a,b){b=b||&quot;fx&quot;;var c=n.queue(a,b),d=c.length,e=c.shift(),f=n._queueHooks(a,b),g=function(){n.dequeue(a,b)};&quot;inprogress&quot;===e&amp;&amp;(e=c.shift(),d--),e&amp;&amp;(&quot;fx&quot;===b&amp;&amp;c.unshift(&quot;inprogress&quot;),delete f.stop,e.call(a,g,f)),!d&amp;&amp;f&amp;&amp;f.empty.fire()},_queueHooks:function(a,b){var c=b+&quot;queueHooks&quot;;return N.get(a,c)||N.access(a,c,{empty:n.Callbacks(&quot;once memory&quot;).add(function(){N.remove(a,[b+&quot;queue&quot;,c])})})}}),n.fn.extend({queue:function(a,b){var c=2;return&quot;string&quot;!=typeof a&amp;&amp;(b=a,a=&quot;fx&quot;,c--),arguments.length&lt;c?n.queue(this[0],a):void 0===b?this:this.each(function(){var c=n.queue(this,a,b);n._queueHooks(this,a),&quot;fx&quot;===a&amp;&amp;&quot;inprogress&quot;!==c[0]&amp;&amp;n.dequeue(this,a)})},dequeue:function(a){return this.each(function(){n.dequeue(this,a)})},clearQueue:function(a){return this.queue(a||&quot;fx&quot;,[])},promise:function(a,b){var c,d=1,e=n.Deferred(),f=this,g=this.length,h=function(){--d||e.resolveWith(f,[f])};&quot;string&quot;!=typeof a&amp;&amp;(b=a,a=void 0),a=a||&quot;fx&quot;;while(g--)c=N.get(f[g],a+&quot;queueHooks&quot;),c&amp;&amp;c.empty&amp;&amp;(d++,c.empty.add(h));return h(),e.promise(b)}});var S=/[+-]?(?:\d*\.|)\d+(?:[eE][+-]?\d+|)/.source,T=new RegExp(&quot;^(?:([+-])=|)(&quot;+S+&quot;)([a-z%]*)$&quot;,&quot;i&quot;),U=[&quot;Top&quot;,&quot;Right&quot;,&quot;Bottom&quot;,&quot;Left&quot;],V=function(a,b){return a=b||a,&quot;none&quot;===n.css(a,&quot;display&quot;)||!n.contains(a.ownerDocument,a)};function W(a,b,c,d){var e,f=1,g=20,h=d?function(){return d.cur()}:function(){return n.css(a,b,&quot;&quot;)},i=h(),j=c&amp;&amp;c[3]||(n.cssNumber[b]?&quot;&quot;:&quot;px&quot;),k=(n.cssNumber[b]||&quot;px&quot;!==j&amp;&amp;+i)&amp;&amp;T.exec(n.css(a,b));if(k&amp;&amp;k[3]!==j){j=j||k[3],c=c||[],k=+i||1;do f=f||&quot;.5&quot;,k/=f,n.style(a,b,k+j);while(f!==(f=h()/i)&amp;&amp;1!==f&amp;&amp;--g)}return c&amp;&amp;(k=+k||+i||0,e=c[1]?k+(c[1]+1)*c[2]:+c[2],d&amp;&amp;(d.unit=j,d.start=k,d.end=e)),e}var X=/^(?:checkbox|radio)$/i,Y=/&lt;([\w:-]+)/,Z=/^$|\/(?:java|ecma)script/i,$={option:[1,&quot;&lt;select multiple=&apos;multiple&apos;&gt;&quot;,&quot;&lt;/select&gt;&quot;],thead:[1,&quot;&lt;table&gt;&quot;,&quot;&lt;/table&gt;&quot;],col:[2,&quot;&lt;table&gt;&lt;colgroup&gt;&quot;,&quot;&lt;/colgroup&gt;&lt;/table&gt;&quot;],tr:[2,&quot;&lt;table&gt;&lt;tbody&gt;&quot;,&quot;&lt;/tbody&gt;&lt;/table&gt;&quot;],td:[3,&quot;&lt;table&gt;&lt;tbody&gt;&lt;tr&gt;&quot;,&quot;&lt;/tr&gt;&lt;/tbody&gt;&lt;/table&gt;&quot;],_default:[0,&quot;&quot;,&quot;&quot;]};$.optgroup=$.option,$.tbody=$.tfoot=$.colgroup=$.caption=$.thead,$.th=$.td;function _(a,b){var c=&quot;undefined&quot;!=typeof a.getElementsByTagName?a.getElementsByTagName(b||&quot;*&quot;):&quot;undefined&quot;!=typeof a.querySelectorAll?a.querySelectorAll(b||&quot;*&quot;):[];return void 0===b||b&amp;&amp;n.nodeName(a,b)?n.merge([a],c):c}function aa(a,b){for(var c=0,d=a.length;d&gt;c;c++)N.set(a[c],&quot;globalEval&quot;,!b||N.get(b[c],&quot;globalEval&quot;))}var ba=/&lt;|&amp;#?\w+;/;function ca(a,b,c,d,e){for(var f,g,h,i,j,k,l=b.createDocumentFragment(),m=[],o=0,p=a.length;p&gt;o;o++)if(f=a[o],f||0===f)if(&quot;object&quot;===n.type(f))n.merge(m,f.nodeType?[f]:f);else if(ba.test(f)){g=g||l.appendChild(b.createElement(&quot;div&quot;)),h=(Y.exec(f)||[&quot;&quot;,&quot;&quot;])[1].toLowerCase(),i=$[h]||$._default,g.innerHTML=i[1]+n.htmlPrefilter(f)+i[2],k=i[0];while(k--)g=g.lastChild;n.merge(m,g.childNodes),g=l.firstChild,g.textContent=&quot;&quot;}else m.push(b.createTextNode(f));l.textContent=&quot;&quot;,o=0;while(f=m[o++])if(d&amp;&amp;n.inArray(f,d)&gt;-1)e&amp;&amp;e.push(f);else if(j=n.contains(f.ownerDocument,f),g=_(l.appendChild(f),&quot;script&quot;),j&amp;&amp;aa(g),c){k=0;while(f=g[k++])Z.test(f.type||&quot;&quot;)&amp;&amp;c.push(f)}return l}!function(){var a=d.createDocumentFragment(),b=a.appendChild(d.createElement(&quot;div&quot;)),c=d.createElement(&quot;input&quot;);c.setAttribute(&quot;type&quot;,&quot;radio&quot;),c.setAttribute(&quot;checked&quot;,&quot;checked&quot;),c.setAttribute(&quot;name&quot;,&quot;t&quot;),b.appendChild(c),l.checkClone=b.cloneNode(!0).cloneNode(!0).lastChild.checked,b.innerHTML=&quot;&lt;textarea&gt;x&lt;/textarea&gt;&quot;,l.noCloneChecked=!!b.cloneNode(!0).lastChild.defaultValue}();var da=/^key/,ea=/^(?:mouse|pointer|contextmenu|drag|drop)|click/,fa=/^([^.]*)(?:\.(.+)|)/;function ga(){return!0}function ha(){return!1}function ia(){try{return d.activeElement}catch(a){}}function ja(a,b,c,d,e,f){var g,h;if(&quot;object&quot;==typeof b){&quot;string&quot;!=typeof c&amp;&amp;(d=d||c,c=void 0);for(h in b)ja(a,h,c,d,b[h],f);return a}if(null==d&amp;&amp;null==e?(e=c,d=c=void 0):null==e&amp;&amp;(&quot;string&quot;==typeof c?(e=d,d=void 0):(e=d,d=c,c=void 0)),e===!1)e=ha;else if(!e)return this;return 1===f&amp;&amp;(g=e,e=function(a){return n().off(a),g.apply(this,arguments)},e.guid=g.guid||(g.guid=n.guid++)),a.each(function(){n.event.add(this,b,e,d,c)})}n.event={global:{},add:function(a,b,c,d,e){var f,g,h,i,j,k,l,m,o,p,q,r=N.get(a);if(r){c.handler&amp;&amp;(f=c,c=f.handler,e=f.selector),c.guid||(c.guid=n.guid++),(i=r.events)||(i=r.events={}),(g=r.handle)||(g=r.handle=function(b){return&quot;undefined&quot;!=typeof n&amp;&amp;n.event.triggered!==b.type?n.event.dispatch.apply(a,arguments):void 0}),b=(b||&quot;&quot;).match(G)||[&quot;&quot;],j=b.length;while(j--)h=fa.exec(b[j])||[],o=q=h[1],p=(h[2]||&quot;&quot;).split(&quot;.&quot;).sort(),o&amp;&amp;(l=n.event.special[o]||{},o=(e?l.delegateType:l.bindType)||o,l=n.event.special[o]||{},k=n.extend({type:o,origType:q,data:d,handler:c,guid:c.guid,selector:e,needsContext:e&amp;&amp;n.expr.match.needsContext.test(e),namespace:p.join(&quot;.&quot;)},f),(m=i[o])||(m=i[o]=[],m.delegateCount=0,l.setup&amp;&amp;l.setup.call(a,d,p,g)!==!1||a.addEventListener&amp;&amp;a.addEventListener(o,g)),l.add&amp;&amp;(l.add.call(a,k),k.handler.guid||(k.handler.guid=c.guid)),e?m.splice(m.delegateCount++,0,k):m.push(k),n.event.global[o]=!0)}},remove:function(a,b,c,d,e){var f,g,h,i,j,k,l,m,o,p,q,r=N.hasData(a)&amp;&amp;N.get(a);if(r&amp;&amp;(i=r.events)){b=(b||&quot;&quot;).match(G)||[&quot;&quot;],j=b.length;while(j--)if(h=fa.exec(b[j])||[],o=q=h[1],p=(h[2]||&quot;&quot;).split(&quot;.&quot;).sort(),o){l=n.event.special[o]||{},o=(d?l.delegateType:l.bindType)||o,m=i[o]||[],h=h[2]&amp;&amp;new RegExp(&quot;(^|\\.)&quot;+p.join(&quot;\\.(?:.*\\.|)&quot;)+&quot;(\\.|$)&quot;),g=f=m.length;while(f--)k=m[f],!e&amp;&amp;q!==k.origType||c&amp;&amp;c.guid!==k.guid||h&amp;&amp;!h.test(k.namespace)||d&amp;&amp;d!==k.selector&amp;&amp;(&quot;**&quot;!==d||!k.selector)||(m.splice(f,1),k.selector&amp;&amp;m.delegateCount--,l.remove&amp;&amp;l.remove.call(a,k));g&amp;&amp;!m.length&amp;&amp;(l.teardown&amp;&amp;l.teardown.call(a,p,r.handle)!==!1||n.removeEvent(a,o,r.handle),delete i[o])}else for(o in i)n.event.remove(a,o+b[j],c,d,!0);n.isEmptyObject(i)&amp;&amp;N.remove(a,&quot;handle events&quot;)}},dispatch:function(a){a=n.event.fix(a);var b,c,d,f,g,h=[],i=e.call(arguments),j=(N.get(this,&quot;events&quot;)||{})[a.type]||[],k=n.event.special[a.type]||{};if(i[0]=a,a.delegateTarget=this,!k.preDispatch||k.preDispatch.call(this,a)!==!1){h=n.event.handlers.call(this,a,j),b=0;while((f=h[b++])&amp;&amp;!a.isPropagationStopped()){a.currentTarget=f.elem,c=0;while((g=f.handlers[c++])&amp;&amp;!a.isImmediatePropagationStopped())(!a.rnamespace||a.rnamespace.test(g.namespace))&amp;&amp;(a.handleObj=g,a.data=g.data,d=((n.event.special[g.origType]||{}).handle||g.handler).apply(f.elem,i),void 0!==d&amp;&amp;(a.result=d)===!1&amp;&amp;(a.preventDefault(),a.stopPropagation()))}return k.postDispatch&amp;&amp;k.postDispatch.call(this,a),a.result}},handlers:function(a,b){var c,d,e,f,g=[],h=b.delegateCount,i=a.target;if(h&amp;&amp;i.nodeType&amp;&amp;(&quot;click&quot;!==a.type||isNaN(a.button)||a.button&lt;1))for(;i!==this;i=i.parentNode||this)if(1===i.nodeType&amp;&amp;(i.disabled!==!0||&quot;click&quot;!==a.type)){for(d=[],c=0;h&gt;c;c++)f=b[c],e=f.selector+&quot; &quot;,void 0===d[e]&amp;&amp;(d[e]=f.needsContext?n(e,this).index(i)&gt;-1:n.find(e,this,null,[i]).length),d[e]&amp;&amp;d.push(f);d.length&amp;&amp;g.push({elem:i,handlers:d})}return h&lt;b.length&amp;&amp;g.push({elem:this,handlers:b.slice(h)}),g},props:&quot;altKey bubbles cancelable ctrlKey currentTarget detail eventPhase metaKey relatedTarget shiftKey target timeStamp view which&quot;.split(&quot; &quot;),fixHooks:{},keyHooks:{props:&quot;char charCode key keyCode&quot;.split(&quot; &quot;),filter:function(a,b){return null==a.which&amp;&amp;(a.which=null!=b.charCode?b.charCode:b.keyCode),a}},mouseHooks:{props:&quot;button buttons clientX clientY offsetX offsetY pageX pageY screenX screenY toElement&quot;.split(&quot; &quot;),filter:function(a,b){var c,e,f,g=b.button;return null==a.pageX&amp;&amp;null!=b.clientX&amp;&amp;(c=a.target.ownerDocument||d,e=c.documentElement,f=c.body,a.pageX=b.clientX+(e&amp;&amp;e.scrollLeft||f&amp;&amp;f.scrollLeft||0)-(e&amp;&amp;e.clientLeft||f&amp;&amp;f.clientLeft||0),a.pageY=b.clientY+(e&amp;&amp;e.scrollTop||f&amp;&amp;f.scrollTop||0)-(e&amp;&amp;e.clientTop||f&amp;&amp;f.clientTop||0)),a.which||void 0===g||(a.which=1&amp;g?1:2&amp;g?3:4&amp;g?2:0),a}},fix:function(a){if(a[n.expando])return a;var b,c,e,f=a.type,g=a,h=this.fixHooks[f];h||(this.fixHooks[f]=h=ea.test(f)?this.mouseHooks:da.test(f)?this.keyHooks:{}),e=h.props?this.props.concat(h.props):this.props,a=new n.Event(g),b=e.length;while(b--)c=e[b],a[c]=g[c];return a.target||(a.target=d),3===a.target.nodeType&amp;&amp;(a.target=a.target.parentNode),h.filter?h.filter(a,g):a},special:{load:{noBubble:!0},focus:{trigger:function(){return this!==ia()&amp;&amp;this.focus?(this.focus(),!1):void 0},delegateType:&quot;focusin&quot;},blur:{trigger:function(){return this===ia()&amp;&amp;this.blur?(this.blur(),!1):void 0},delegateType:&quot;focusout&quot;},click:{trigger:function(){return&quot;checkbox&quot;===this.type&amp;&amp;this.click&amp;&amp;n.nodeName(this,&quot;input&quot;)?(this.click(),!1):void 0},_default:function(a){return n.nodeName(a.target,&quot;a&quot;)}},beforeunload:{postDispatch:function(a){void 0!==a.result&amp;&amp;a.originalEvent&amp;&amp;(a.originalEvent.returnValue=a.result)}}}},n.removeEvent=function(a,b,c){a.removeEventListener&amp;&amp;a.removeEventListener(b,c)},n.Event=function(a,b){return this instanceof n.Event?(a&amp;&amp;a.type?(this.originalEvent=a,this.type=a.type,this.isDefaultPrevented=a.defaultPrevented||void 0===a.defaultPrevented&amp;&amp;a.returnValue===!1?ga:ha):this.type=a,b&amp;&amp;n.extend(this,b),this.timeStamp=a&amp;&amp;a.timeStamp||n.now(),void(this[n.expando]=!0)):new n.Event(a,b)},n.Event.prototype={constructor:n.Event,isDefaultPrevented:ha,isPropagationStopped:ha,isImmediatePropagationStopped:ha,preventDefault:function(){var a=this.originalEvent;this.isDefaultPrevented=ga,a&amp;&amp;a.preventDefault()},stopPropagation:function(){var a=this.originalEvent;this.isPropagationStopped=ga,a&amp;&amp;a.stopPropagation()},stopImmediatePropagation:function(){var a=this.originalEvent;this.isImmediatePropagationStopped=ga,a&amp;&amp;a.stopImmediatePropagation(),this.stopPropagation()}},n.each({mouseenter:&quot;mouseover&quot;,mouseleave:&quot;mouseout&quot;,pointerenter:&quot;pointerover&quot;,pointerleave:&quot;pointerout&quot;},function(a,b){n.event.special[a]={delegateType:b,bindType:b,handle:function(a){var c,d=this,e=a.relatedTarget,f=a.handleObj;return(!e||e!==d&amp;&amp;!n.contains(d,e))&amp;&amp;(a.type=f.origType,c=f.handler.apply(this,arguments),a.type=b),c}}}),n.fn.extend({on:function(a,b,c,d){return ja(this,a,b,c,d)},one:function(a,b,c,d){return ja(this,a,b,c,d,1)},off:function(a,b,c){var d,e;if(a&amp;&amp;a.preventDefault&amp;&amp;a.handleObj)return d=a.handleObj,n(a.delegateTarget).off(d.namespace?d.origType+&quot;.&quot;+d.namespace:d.origType,d.selector,d.handler),this;if(&quot;object&quot;==typeof a){for(e in a)this.off(e,b,a[e]);return this}return(b===!1||&quot;function&quot;==typeof b)&amp;&amp;(c=b,b=void 0),c===!1&amp;&amp;(c=ha),this.each(function(){n.event.remove(this,a,c,b)})}});var ka=/&lt;(?!area|br|col|embed|hr|img|input|link|meta|param)(([\w:-]+)[^&gt;]*)\/&gt;/gi,la=/&lt;script|&lt;style|&lt;link/i,ma=/checked\s*(?:[^=]|=\s*.checked.)/i,na=/^true\/(.*)/,oa=/^\s*&lt;!(?:\[CDATA\[|--)|(?:\]\]|--)&gt;\s*$/g;function pa(a,b){return n.nodeName(a,&quot;table&quot;)&amp;&amp;n.nodeName(11!==b.nodeType?b:b.firstChild,&quot;tr&quot;)?a.getElementsByTagName(&quot;tbody&quot;)[0]||a:a}function qa(a){return a.type=(null!==a.getAttribute(&quot;type&quot;))+&quot;/&quot;+a.type,a}function ra(a){var b=na.exec(a.type);return b?a.type=b[1]:a.removeAttribute(&quot;type&quot;),a}function sa(a,b){var c,d,e,f,g,h,i,j;if(1===b.nodeType){if(N.hasData(a)&amp;&amp;(f=N.access(a),g=N.set(b,f),j=f.events)){delete g.handle,g.events={};for(e in j)for(c=0,d=j[e].length;d&gt;c;c++)n.event.add(b,e,j[e][c])}O.hasData(a)&amp;&amp;(h=O.access(a),i=n.extend({},h),O.set(b,i))}}function ta(a,b){var c=b.nodeName.toLowerCase();&quot;input&quot;===c&amp;&amp;X.test(a.type)?b.checked=a.checked:(&quot;input&quot;===c||&quot;textarea&quot;===c)&amp;&amp;(b.defaultValue=a.defaultValue)}function ua(a,b,c,d){b=f.apply([],b);var e,g,h,i,j,k,m=0,o=a.length,p=o-1,q=b[0],r=n.isFunction(q);if(r||o&gt;1&amp;&amp;&quot;string&quot;==typeof q&amp;&amp;!l.checkClone&amp;&amp;ma.test(q))return a.each(function(e){var f=a.eq(e);r&amp;&amp;(b[0]=q.call(this,e,f.html())),ua(f,b,c,d)});if(o&amp;&amp;(e=ca(b,a[0].ownerDocument,!1,a,d),g=e.firstChild,1===e.childNodes.length&amp;&amp;(e=g),g||d)){for(h=n.map(_(e,&quot;script&quot;),qa),i=h.length;o&gt;m;m++)j=e,m!==p&amp;&amp;(j=n.clone(j,!0,!0),i&amp;&amp;n.merge(h,_(j,&quot;script&quot;))),c.call(a[m],j,m);if(i)for(k=h[h.length-1].ownerDocument,n.map(h,ra),m=0;i&gt;m;m++)j=h[m],Z.test(j.type||&quot;&quot;)&amp;&amp;!N.access(j,&quot;globalEval&quot;)&amp;&amp;n.contains(k,j)&amp;&amp;(j.src?n._evalUrl&amp;&amp;n._evalUrl(j.src):n.globalEval(j.textContent.replace(oa,&quot;&quot;)))}return a}function va(a,b,c){for(var d,e=b?n.filter(b,a):a,f=0;null!=(d=e[f]);f++)c||1!==d.nodeType||n.cleanData(_(d)),d.parentNode&amp;&amp;(c&amp;&amp;n.contains(d.ownerDocument,d)&amp;&amp;aa(_(d,&quot;script&quot;)),d.parentNode.removeChild(d));return a}n.extend({htmlPrefilter:function(a){return a.replace(ka,&quot;&lt;$1&gt;&lt;/$2&gt;&quot;)},clone:function(a,b,c){var d,e,f,g,h=a.cloneNode(!0),i=n.contains(a.ownerDocument,a);if(!(l.noCloneChecked||1!==a.nodeType&amp;&amp;11!==a.nodeType||n.isXMLDoc(a)))for(g=_(h),f=_(a),d=0,e=f.length;e&gt;d;d++)ta(f[d],g[d]);if(b)if(c)for(f=f||_(a),g=g||_(h),d=0,e=f.length;e&gt;d;d++)sa(f[d],g[d]);else sa(a,h);return g=_(h,&quot;script&quot;),g.length&gt;0&amp;&amp;aa(g,!i&amp;&amp;_(a,&quot;script&quot;)),h},cleanData:function(a){for(var b,c,d,e=n.event.special,f=0;void 0!==(c=a[f]);f++)if(L(c)){if(b=c[N.expando]){if(b.events)for(d in b.events)e[d]?n.event.remove(c,d):n.removeEvent(c,d,b.handle);c[N.expando]=void 0}c[O.expando]&amp;&amp;(c[O.expando]=void 0)}}}),n.fn.extend({domManip:ua,detach:function(a){return va(this,a,!0)},remove:function(a){return va(this,a)},text:function(a){return K(this,function(a){return void 0===a?n.text(this):this.empty().each(function(){(1===this.nodeType||11===this.nodeType||9===this.nodeType)&amp;&amp;(this.textContent=a)})},null,a,arguments.length)},append:function(){return ua(this,arguments,function(a){if(1===this.nodeType||11===this.nodeType||9===this.nodeType){var b=pa(this,a);b.appendChild(a)}})},prepend:function(){return ua(this,arguments,function(a){if(1===this.nodeType||11===this.nodeType||9===this.nodeType){var b=pa(this,a);b.insertBefore(a,b.firstChild)}})},before:function(){return ua(this,arguments,function(a){this.parentNode&amp;&amp;this.parentNode.insertBefore(a,this)})},after:function(){return ua(this,arguments,function(a){this.parentNode&amp;&amp;this.parentNode.insertBefore(a,this.nextSibling)})},empty:function(){for(var a,b=0;null!=(a=this[b]);b++)1===a.nodeType&amp;&amp;(n.cleanData(_(a,!1)),a.textContent=&quot;&quot;);return this},clone:function(a,b){return a=null==a?!1:a,b=null==b?a:b,this.map(function(){return n.clone(this,a,b)})},html:function(a){return K(this,function(a){var b=this[0]||{},c=0,d=this.length;if(void 0===a&amp;&amp;1===b.nodeType)return b.innerHTML;if(&quot;string&quot;==typeof a&amp;&amp;!la.test(a)&amp;&amp;!$[(Y.exec(a)||[&quot;&quot;,&quot;&quot;])[1].toLowerCase()]){a=n.htmlPrefilter(a);try{for(;d&gt;c;c++)b=this[c]||{},1===b.nodeType&amp;&amp;(n.cleanData(_(b,!1)),b.innerHTML=a);b=0}catch(e){}}b&amp;&amp;this.empty().append(a)},null,a,arguments.length)},replaceWith:function(){var a=[];return ua(this,arguments,function(b){var c=this.parentNode;n.inArray(this,a)&lt;0&amp;&amp;(n.cleanData(_(this)),c&amp;&amp;c.replaceChild(b,this))},a)}}),n.each({appendTo:&quot;append&quot;,prependTo:&quot;prepend&quot;,insertBefore:&quot;before&quot;,insertAfter:&quot;after&quot;,replaceAll:&quot;replaceWith&quot;},function(a,b){n.fn[a]=function(a){for(var c,d=[],e=n(a),f=e.length-1,h=0;f&gt;=h;h++)c=h===f?this:this.clone(!0),n(e[h])[b](c),g.apply(d,c.get());return this.pushStack(d)}});var wa,xa={HTML:&quot;block&quot;,BODY:&quot;block&quot;};function ya(a,b){var c=n(b.createElement(a)).appendTo(b.body),d=n.css(c[0],&quot;display&quot;);return c.detach(),d}function za(a){var b=d,c=xa[a];return c||(c=ya(a,b),&quot;none&quot;!==c&amp;&amp;c||(wa=(wa||n(&quot;&lt;iframe frameborder=&apos;0&apos; width=&apos;0&apos; height=&apos;0&apos;/&gt;&quot;)).appendTo(b.documentElement),b=wa[0].contentDocument,b.write(),b.close(),c=ya(a,b),wa.detach()),xa[a]=c),c}var Aa=/^margin/,Ba=new RegExp(&quot;^(&quot;+S+&quot;)(?!px)[a-z%]+$&quot;,&quot;i&quot;),Ca=function(b){var c=b.ownerDocument.defaultView;return c.opener||(c=a),c.getComputedStyle(b)},Da=function(a,b,c,d){var e,f,g={};for(f in b)g[f]=a.style[f],a.style[f]=b[f];e=c.apply(a,d||[]);for(f in b)a.style[f]=g[f];return e},Ea=d.documentElement;!function(){var b,c,e,f,g=d.createElement(&quot;div&quot;),h=d.createElement(&quot;div&quot;);if(h.style){h.style.backgroundClip=&quot;content-box&quot;,h.cloneNode(!0).style.backgroundClip=&quot;&quot;,l.clearCloneStyle=&quot;content-box&quot;===h.style.backgroundClip,g.style.cssText=&quot;border:0;width:8px;height:0;top:0;left:-9999px;padding:0;margin-top:1px;position:absolute&quot;,g.appendChild(h);function i(){h.style.cssText=&quot;-webkit-box-sizing:border-box;-moz-box-sizing:border-box;box-sizing:border-box;position:relative;display:block;margin:auto;border:1px;padding:1px;top:1%;width:50%&quot;,h.innerHTML=&quot;&quot;,Ea.appendChild(g);var d=a.getComputedStyle(h);b=&quot;1%&quot;!==d.top,f=&quot;2px&quot;===d.marginLeft,c=&quot;4px&quot;===d.width,h.style.marginRight=&quot;50%&quot;,e=&quot;4px&quot;===d.marginRight,Ea.removeChild(g)}n.extend(l,{pixelPosition:function(){return i(),b},boxSizingReliable:function(){return null==c&amp;&amp;i(),c},pixelMarginRight:function(){return null==c&amp;&amp;i(),e},reliableMarginLeft:function(){return null==c&amp;&amp;i(),f},reliableMarginRight:function(){var b,c=h.appendChild(d.createElement(&quot;div&quot;));return c.style.cssText=h.style.cssText=&quot;-webkit-box-sizing:content-box;box-sizing:content-box;display:block;margin:0;border:0;padding:0&quot;,c.style.marginRight=c.style.width=&quot;0&quot;,h.style.width=&quot;1px&quot;,Ea.appendChild(g),b=!parseFloat(a.getComputedStyle(c).marginRight),Ea.removeChild(g),h.removeChild(c),b}})}}();function Fa(a,b,c){var d,e,f,g,h=a.style;return c=c||Ca(a),c&amp;&amp;(g=c.getPropertyValue(b)||c[b],&quot;&quot;!==g||n.contains(a.ownerDocument,a)||(g=n.style(a,b)),!l.pixelMarginRight()&amp;&amp;Ba.test(g)&amp;&amp;Aa.test(b)&amp;&amp;(d=h.width,e=h.minWidth,f=h.maxWidth,h.minWidth=h.maxWidth=h.width=g,g=c.width,h.width=d,h.minWidth=e,h.maxWidth=f)),void 0!==g?g+&quot;&quot;:g}function Ga(a,b){return{get:function(){return a()?void delete this.get:(this.get=b).apply(this,arguments)}}}var Ha=/^(none|table(?!-c[ea]).+)/,Ia={position:&quot;absolute&quot;,visibility:&quot;hidden&quot;,display:&quot;block&quot;},Ja={letterSpacing:&quot;0&quot;,fontWeight:&quot;400&quot;},Ka=[&quot;Webkit&quot;,&quot;O&quot;,&quot;Moz&quot;,&quot;ms&quot;],La=d.createElement(&quot;div&quot;).style;function Ma(a){if(a in La)return a;var b=a[0].toUpperCase()+a.slice(1),c=Ka.length;while(c--)if(a=Ka[c]+b,a in La)return a}function Na(a,b,c){var d=T.exec(b);return d?Math.max(0,d[2]-(c||0))+(d[3]||&quot;px&quot;):b}function Oa(a,b,c,d,e){for(var f=c===(d?&quot;border&quot;:&quot;content&quot;)?4:&quot;width&quot;===b?1:0,g=0;4&gt;f;f+=2)&quot;margin&quot;===c&amp;&amp;(g+=n.css(a,c+U[f],!0,e)),d?(&quot;content&quot;===c&amp;&amp;(g-=n.css(a,&quot;padding&quot;+U[f],!0,e)),&quot;margin&quot;!==c&amp;&amp;(g-=n.css(a,&quot;border&quot;+U[f]+&quot;Width&quot;,!0,e))):(g+=n.css(a,&quot;padding&quot;+U[f],!0,e),&quot;padding&quot;!==c&amp;&amp;(g+=n.css(a,&quot;border&quot;+U[f]+&quot;Width&quot;,!0,e)));return g}function Pa(b,c,e){var f=!0,g=&quot;width&quot;===c?b.offsetWidth:b.offsetHeight,h=Ca(b),i=&quot;border-box&quot;===n.css(b,&quot;boxSizing&quot;,!1,h);if(d.msFullscreenElement&amp;&amp;a.top!==a&amp;&amp;b.getClientRects().length&amp;&amp;(g=Math.round(100*b.getBoundingClientRect()[c])),0&gt;=g||null==g){if(g=Fa(b,c,h),(0&gt;g||null==g)&amp;&amp;(g=b.style[c]),Ba.test(g))return g;f=i&amp;&amp;(l.boxSizingReliable()||g===b.style[c]),g=parseFloat(g)||0}return g+Oa(b,c,e||(i?&quot;border&quot;:&quot;content&quot;),f,h)+&quot;px&quot;}function Qa(a,b){for(var c,d,e,f=[],g=0,h=a.length;h&gt;g;g++)d=a[g],d.style&amp;&amp;(f[g]=N.get(d,&quot;olddisplay&quot;),c=d.style.display,b?(f[g]||&quot;none&quot;!==c||(d.style.display=&quot;&quot;),&quot;&quot;===d.style.display&amp;&amp;V(d)&amp;&amp;(f[g]=N.access(d,&quot;olddisplay&quot;,za(d.nodeName)))):(e=V(d),&quot;none&quot;===c&amp;&amp;e||N.set(d,&quot;olddisplay&quot;,e?c:n.css(d,&quot;display&quot;))));for(g=0;h&gt;g;g++)d=a[g],d.style&amp;&amp;(b&amp;&amp;&quot;none&quot;!==d.style.display&amp;&amp;&quot;&quot;!==d.style.display||(d.style.display=b?f[g]||&quot;&quot;:&quot;none&quot;));return a}n.extend({cssHooks:{opacity:{get:function(a,b){if(b){var c=Fa(a,&quot;opacity&quot;);return&quot;&quot;===c?&quot;1&quot;:c}}}},cssNumber:{animationIterationCount:!0,columnCount:!0,fillOpacity:!0,flexGrow:!0,flexShrink:!0,fontWeight:!0,lineHeight:!0,opacity:!0,order:!0,orphans:!0,widows:!0,zIndex:!0,zoom:!0},cssProps:{&quot;float&quot;:&quot;cssFloat&quot;},style:function(a,b,c,d){if(a&amp;&amp;3!==a.nodeType&amp;&amp;8!==a.nodeType&amp;&amp;a.style){var e,f,g,h=n.camelCase(b),i=a.style;return b=n.cssProps[h]||(n.cssProps[h]=Ma(h)||h),g=n.cssHooks[b]||n.cssHooks[h],void 0===c?g&amp;&amp;&quot;get&quot;in g&amp;&amp;void 0!==(e=g.get(a,!1,d))?e:i[b]:(f=typeof c,&quot;string&quot;===f&amp;&amp;(e=T.exec(c))&amp;&amp;e[1]&amp;&amp;(c=W(a,b,e),f=&quot;number&quot;),null!=c&amp;&amp;c===c&amp;&amp;(&quot;number&quot;===f&amp;&amp;(c+=e&amp;&amp;e[3]||(n.cssNumber[h]?&quot;&quot;:&quot;px&quot;)),l.clearCloneStyle||&quot;&quot;!==c||0!==b.indexOf(&quot;background&quot;)||(i[b]=&quot;inherit&quot;),g&amp;&amp;&quot;set&quot;in g&amp;&amp;void 0===(c=g.set(a,c,d))||(i[b]=c)),void 0)}},css:function(a,b,c,d){var e,f,g,h=n.camelCase(b);return b=n.cssProps[h]||(n.cssProps[h]=Ma(h)||h),g=n.cssHooks[b]||n.cssHooks[h],g&amp;&amp;&quot;get&quot;in g&amp;&amp;(e=g.get(a,!0,c)),void 0===e&amp;&amp;(e=Fa(a,b,d)),&quot;normal&quot;===e&amp;&amp;b in Ja&amp;&amp;(e=Ja[b]),&quot;&quot;===c||c?(f=parseFloat(e),c===!0||isFinite(f)?f||0:e):e}}),n.each([&quot;height&quot;,&quot;width&quot;],function(a,b){n.cssHooks[b]={get:function(a,c,d){return c?Ha.test(n.css(a,&quot;display&quot;))&amp;&amp;0===a.offsetWidth?Da(a,Ia,function(){return Pa(a,b,d)}):Pa(a,b,d):void 0},set:function(a,c,d){var e,f=d&amp;&amp;Ca(a),g=d&amp;&amp;Oa(a,b,d,&quot;border-box&quot;===n.css(a,&quot;boxSizing&quot;,!1,f),f);return g&amp;&amp;(e=T.exec(c))&amp;&amp;&quot;px&quot;!==(e[3]||&quot;px&quot;)&amp;&amp;(a.style[b]=c,c=n.css(a,b)),Na(a,c,g)}}}),n.cssHooks.marginLeft=Ga(l.reliableMarginLeft,function(a,b){return b?(parseFloat(Fa(a,&quot;marginLeft&quot;))||a.getBoundingClientRect().left-Da(a,{marginLeft:0},function(){return a.getBoundingClientRect().left}))+&quot;px&quot;:void 0}),n.cssHooks.marginRight=Ga(l.reliableMarginRight,function(a,b){return b?Da(a,{display:&quot;inline-block&quot;},Fa,[a,&quot;marginRight&quot;]):void 0}),n.each({margin:&quot;&quot;,padding:&quot;&quot;,border:&quot;Width&quot;},function(a,b){n.cssHooks[a+b]={expand:function(c){for(var d=0,e={},f=&quot;string&quot;==typeof c?c.split(&quot; &quot;):[c];4&gt;d;d++)e[a+U[d]+b]=f[d]||f[d-2]||f[0];return e}},Aa.test(a)||(n.cssHooks[a+b].set=Na)}),n.fn.extend({css:function(a,b){return K(this,function(a,b,c){var d,e,f={},g=0;if(n.isArray(b)){for(d=Ca(a),e=b.length;e&gt;g;g++)f[b[g]]=n.css(a,b[g],!1,d);return f}return void 0!==c?n.style(a,b,c):n.css(a,b)},a,b,arguments.length&gt;1)},show:function(){return Qa(this,!0)},hide:function(){return Qa(this)},toggle:function(a){return&quot;boolean&quot;==typeof a?a?this.show():this.hide():this.each(function(){V(this)?n(this).show():n(this).hide()})}});function Ra(a,b,c,d,e){return new Ra.prototype.init(a,b,c,d,e)}n.Tween=Ra,Ra.prototype={constructor:Ra,init:function(a,b,c,d,e,f){this.elem=a,this.prop=c,this.easing=e||n.easing._default,this.options=b,this.start=this.now=this.cur(),this.end=d,this.unit=f||(n.cssNumber[c]?&quot;&quot;:&quot;px&quot;)},cur:function(){var a=Ra.propHooks[this.prop];return a&amp;&amp;a.get?a.get(this):Ra.propHooks._default.get(this)},run:function(a){var b,c=Ra.propHooks[this.prop];return this.options.duration?this.pos=b=n.easing[this.easing](a,this.options.duration*a,0,1,this.options.duration):this.pos=b=a,this.now=(this.end-this.start)*b+this.start,this.options.step&amp;&amp;this.options.step.call(this.elem,this.now,this),c&amp;&amp;c.set?c.set(this):Ra.propHooks._default.set(this),this}},Ra.prototype.init.prototype=Ra.prototype,Ra.propHooks={_default:{get:function(a){var b;return 1!==a.elem.nodeType||null!=a.elem[a.prop]&amp;&amp;null==a.elem.style[a.prop]?a.elem[a.prop]:(b=n.css(a.elem,a.prop,&quot;&quot;),b&amp;&amp;&quot;auto&quot;!==b?b:0)},set:function(a){n.fx.step[a.prop]?n.fx.step[a.prop](a):1!==a.elem.nodeType||null==a.elem.style[n.cssProps[a.prop]]&amp;&amp;!n.cssHooks[a.prop]?a.elem[a.prop]=a.now:n.style(a.elem,a.prop,a.now+a.unit)}}},Ra.propHooks.scrollTop=Ra.propHooks.scrollLeft={set:function(a){a.elem.nodeType&amp;&amp;a.elem.parentNode&amp;&amp;(a.elem[a.prop]=a.now)}},n.easing={linear:function(a){return a},swing:function(a){return.5-Math.cos(a*Math.PI)/2},_default:&quot;swing&quot;},n.fx=Ra.prototype.init,n.fx.step={};var Sa,Ta,Ua=/^(?:toggle|show|hide)$/,Va=/queueHooks$/;function Wa(){return a.setTimeout(function(){Sa=void 0}),Sa=n.now()}function Xa(a,b){var c,d=0,e={height:a};for(b=b?1:0;4&gt;d;d+=2-b)c=U[d],e[&quot;margin&quot;+c]=e[&quot;padding&quot;+c]=a;return b&amp;&amp;(e.opacity=e.width=a),e}function Ya(a,b,c){for(var d,e=(_a.tweeners[b]||[]).concat(_a.tweeners[&quot;*&quot;]),f=0,g=e.length;g&gt;f;f++)if(d=e[f].call(c,b,a))return d}function Za(a,b,c){var d,e,f,g,h,i,j,k,l=this,m={},o=a.style,p=a.nodeType&amp;&amp;V(a),q=N.get(a,&quot;fxshow&quot;);c.queue||(h=n._queueHooks(a,&quot;fx&quot;),null==h.unqueued&amp;&amp;(h.unqueued=0,i=h.empty.fire,h.empty.fire=function(){h.unqueued||i()}),h.unqueued++,l.always(function(){l.always(function(){h.unqueued--,n.queue(a,&quot;fx&quot;).length||h.empty.fire()})})),1===a.nodeType&amp;&amp;(&quot;height&quot;in b||&quot;width&quot;in b)&amp;&amp;(c.overflow=[o.overflow,o.overflowX,o.overflowY],j=n.css(a,&quot;display&quot;),k=&quot;none&quot;===j?N.get(a,&quot;olddisplay&quot;)||za(a.nodeName):j,&quot;inline&quot;===k&amp;&amp;&quot;none&quot;===n.css(a,&quot;float&quot;)&amp;&amp;(o.display=&quot;inline-block&quot;)),c.overflow&amp;&amp;(o.overflow=&quot;hidden&quot;,l.always(function(){o.overflow=c.overflow[0],o.overflowX=c.overflow[1],o.overflowY=c.overflow[2]}));for(d in b)if(e=b[d],Ua.exec(e)){if(delete b[d],f=f||&quot;toggle&quot;===e,e===(p?&quot;hide&quot;:&quot;show&quot;)){if(&quot;show&quot;!==e||!q||void 0===q[d])continue;p=!0}m[d]=q&amp;&amp;q[d]||n.style(a,d)}else j=void 0;if(n.isEmptyObject(m))&quot;inline&quot;===(&quot;none&quot;===j?za(a.nodeName):j)&amp;&amp;(o.display=j);else{q?&quot;hidden&quot;in q&amp;&amp;(p=q.hidden):q=N.access(a,&quot;fxshow&quot;,{}),f&amp;&amp;(q.hidden=!p),p?n(a).show():l.done(function(){n(a).hide()}),l.done(function(){var b;N.remove(a,&quot;fxshow&quot;);for(b in m)n.style(a,b,m[b])});for(d in m)g=Ya(p?q[d]:0,d,l),d in q||(q[d]=g.start,p&amp;&amp;(g.end=g.start,g.start=&quot;width&quot;===d||&quot;height&quot;===d?1:0))}}function $a(a,b){var c,d,e,f,g;for(c in a)if(d=n.camelCase(c),e=b[d],f=a[c],n.isArray(f)&amp;&amp;(e=f[1],f=a[c]=f[0]),c!==d&amp;&amp;(a[d]=f,delete a[c]),g=n.cssHooks[d],g&amp;&amp;&quot;expand&quot;in g){f=g.expand(f),delete a[d];for(c in f)c in a||(a[c]=f[c],b[c]=e)}else b[d]=e}function _a(a,b,c){var d,e,f=0,g=_a.prefilters.length,h=n.Deferred().always(function(){delete i.elem}),i=function(){if(e)return!1;for(var b=Sa||Wa(),c=Math.max(0,j.startTime+j.duration-b),d=c/j.duration||0,f=1-d,g=0,i=j.tweens.length;i&gt;g;g++)j.tweens[g].run(f);return h.notifyWith(a,[j,f,c]),1&gt;f&amp;&amp;i?c:(h.resolveWith(a,[j]),!1)},j=h.promise({elem:a,props:n.extend({},b),opts:n.extend(!0,{specialEasing:{},easing:n.easing._default},c),originalProperties:b,originalOptions:c,startTime:Sa||Wa(),duration:c.duration,tweens:[],createTween:function(b,c){var d=n.Tween(a,j.opts,b,c,j.opts.specialEasing[b]||j.opts.easing);return j.tweens.push(d),d},stop:function(b){var c=0,d=b?j.tweens.length:0;if(e)return this;for(e=!0;d&gt;c;c++)j.tweens[c].run(1);return b?(h.notifyWith(a,[j,1,0]),h.resolveWith(a,[j,b])):h.rejectWith(a,[j,b]),this}}),k=j.props;for($a(k,j.opts.specialEasing);g&gt;f;f++)if(d=_a.prefilters[f].call(j,a,k,j.opts))return n.isFunction(d.stop)&amp;&amp;(n._queueHooks(j.elem,j.opts.queue).stop=n.proxy(d.stop,d)),d;return n.map(k,Ya,j),n.isFunction(j.opts.start)&amp;&amp;j.opts.start.call(a,j),n.fx.timer(n.extend(i,{elem:a,anim:j,queue:j.opts.queue})),j.progress(j.opts.progress).done(j.opts.done,j.opts.complete).fail(j.opts.fail).always(j.opts.always)}n.Animation=n.extend(_a,{tweeners:{&quot;*&quot;:[function(a,b){var c=this.createTween(a,b);return W(c.elem,a,T.exec(b),c),c}]},tweener:function(a,b){n.isFunction(a)?(b=a,a=[&quot;*&quot;]):a=a.match(G);for(var c,d=0,e=a.length;e&gt;d;d++)c=a[d],_a.tweeners[c]=_a.tweeners[c]||[],_a.tweeners[c].unshift(b)},prefilters:[Za],prefilter:function(a,b){b?_a.prefilters.unshift(a):_a.prefilters.push(a)}}),n.speed=function(a,b,c){var d=a&amp;&amp;&quot;object&quot;==typeof a?n.extend({},a):{complete:c||!c&amp;&amp;b||n.isFunction(a)&amp;&amp;a,duration:a,easing:c&amp;&amp;b||b&amp;&amp;!n.isFunction(b)&amp;&amp;b};return d.duration=n.fx.off?0:&quot;number&quot;==typeof d.duration?d.duration:d.duration in n.fx.speeds?n.fx.speeds[d.duration]:n.fx.speeds._default,(null==d.queue||d.queue===!0)&amp;&amp;(d.queue=&quot;fx&quot;),d.old=d.complete,d.complete=function(){n.isFunction(d.old)&amp;&amp;d.old.call(this),d.queue&amp;&amp;n.dequeue(this,d.queue)},d},n.fn.extend({fadeTo:function(a,b,c,d){return this.filter(V).css(&quot;opacity&quot;,0).show().end().animate({opacity:b},a,c,d)},animate:function(a,b,c,d){var e=n.isEmptyObject(a),f=n.speed(b,c,d),g=function(){var b=_a(this,n.extend({},a),f);(e||N.get(this,&quot;finish&quot;))&amp;&amp;b.stop(!0)};return g.finish=g,e||f.queue===!1?this.each(g):this.queue(f.queue,g)},stop:function(a,b,c){var d=function(a){var b=a.stop;delete a.stop,b(c)};return&quot;string&quot;!=typeof a&amp;&amp;(c=b,b=a,a=void 0),b&amp;&amp;a!==!1&amp;&amp;this.queue(a||&quot;fx&quot;,[]),this.each(function(){var b=!0,e=null!=a&amp;&amp;a+&quot;queueHooks&quot;,f=n.timers,g=N.get(this);if(e)g[e]&amp;&amp;g[e].stop&amp;&amp;d(g[e]);else for(e in g)g[e]&amp;&amp;g[e].stop&amp;&amp;Va.test(e)&amp;&amp;d(g[e]);for(e=f.length;e--;)f[e].elem!==this||null!=a&amp;&amp;f[e].queue!==a||(f[e].anim.stop(c),b=!1,f.splice(e,1));(b||!c)&amp;&amp;n.dequeue(this,a)})},finish:function(a){return a!==!1&amp;&amp;(a=a||&quot;fx&quot;),this.each(function(){var b,c=N.get(this),d=c[a+&quot;queue&quot;],e=c[a+&quot;queueHooks&quot;],f=n.timers,g=d?d.length:0;for(c.finish=!0,n.queue(this,a,[]),e&amp;&amp;e.stop&amp;&amp;e.stop.call(this,!0),b=f.length;b--;)f[b].elem===this&amp;&amp;f[b].queue===a&amp;&amp;(f[b].anim.stop(!0),f.splice(b,1));for(b=0;g&gt;b;b++)d[b]&amp;&amp;d[b].finish&amp;&amp;d[b].finish.call(this);delete c.finish})}}),n.each([&quot;toggle&quot;,&quot;show&quot;,&quot;hide&quot;],function(a,b){var c=n.fn[b];n.fn[b]=function(a,d,e){return null==a||&quot;boolean&quot;==typeof a?c.apply(this,arguments):this.animate(Xa(b,!0),a,d,e)}}),n.each({slideDown:Xa(&quot;show&quot;),slideUp:Xa(&quot;hide&quot;),slideToggle:Xa(&quot;toggle&quot;),fadeIn:{opacity:&quot;show&quot;},fadeOut:{opacity:&quot;hide&quot;},fadeToggle:{opacity:&quot;toggle&quot;}},function(a,b){n.fn[a]=function(a,c,d){return this.animate(b,a,c,d)}}),n.timers=[],n.fx.tick=function(){var a,b=0,c=n.timers;for(Sa=n.now();b&lt;c.length;b++)a=c[b],a()||c[b]!==a||c.splice(b--,1);c.length||n.fx.stop(),Sa=void 0},n.fx.timer=function(a){n.timers.push(a),a()?n.fx.start():n.timers.pop()},n.fx.interval=13,n.fx.start=function(){Ta||(Ta=a.setInterval(n.fx.tick,n.fx.interval))},n.fx.stop=function(){a.clearInterval(Ta),Ta=null},n.fx.speeds={slow:600,fast:200,_default:400},n.fn.delay=function(b,c){return b=n.fx?n.fx.speeds[b]||b:b,c=c||&quot;fx&quot;,this.queue(c,function(c,d){var e=a.setTimeout(c,b);d.stop=function(){a.clearTimeout(e)}})},function(){var a=d.createElement(&quot;input&quot;),b=d.createElement(&quot;select&quot;),c=b.appendChild(d.createElement(&quot;option&quot;));a.type=&quot;checkbox&quot;,l.checkOn=&quot;&quot;!==a.value,l.optSelected=c.selected,b.disabled=!0,l.optDisabled=!c.disabled,a=d.createElement(&quot;input&quot;),a.value=&quot;t&quot;,a.type=&quot;radio&quot;,l.radioValue=&quot;t&quot;===a.value}();var ab,bb=n.expr.attrHandle;n.fn.extend({attr:function(a,b){return K(this,n.attr,a,b,arguments.length&gt;1)},removeAttr:function(a){return this.each(function(){n.removeAttr(this,a)})}}),n.extend({attr:function(a,b,c){var d,e,f=a.nodeType;if(3!==f&amp;&amp;8!==f&amp;&amp;2!==f)return&quot;undefined&quot;==typeof a.getAttribute?n.prop(a,b,c):(1===f&amp;&amp;n.isXMLDoc(a)||(b=b.toLowerCase(),e=n.attrHooks[b]||(n.expr.match.bool.test(b)?ab:void 0)),void 0!==c?null===c?void n.removeAttr(a,b):e&amp;&amp;&quot;set&quot;in e&amp;&amp;void 0!==(d=e.set(a,c,b))?d:(a.setAttribute(b,c+&quot;&quot;),c):e&amp;&amp;&quot;get&quot;in e&amp;&amp;null!==(d=e.get(a,b))?d:(d=n.find.attr(a,b),null==d?void 0:d))},attrHooks:{type:{set:function(a,b){if(!l.radioValue&amp;&amp;&quot;radio&quot;===b&amp;&amp;n.nodeName(a,&quot;input&quot;)){var c=a.value;return a.setAttribute(&quot;type&quot;,b),c&amp;&amp;(a.value=c),b}}}},removeAttr:function(a,b){var c,d,e=0,f=b&amp;&amp;b.match(G);if(f&amp;&amp;1===a.nodeType)while(c=f[e++])d=n.propFix[c]||c,n.expr.match.bool.test(c)&amp;&amp;(a[d]=!1),a.removeAttribute(c)}}),ab={set:function(a,b,c){return b===!1?n.removeAttr(a,c):a.setAttribute(c,c),c}},n.each(n.expr.match.bool.source.match(/\w+/g),function(a,b){var c=bb[b]||n.find.attr;bb[b]=function(a,b,d){var e,f;return d||(f=bb[b],bb[b]=e,e=null!=c(a,b,d)?b.toLowerCase():null,bb[b]=f),e}});var cb=/^(?:input|select|textarea|button)$/i,db=/^(?:a|area)$/i;n.fn.extend({prop:function(a,b){return K(this,n.prop,a,b,arguments.length&gt;1)},removeProp:function(a){return this.each(function(){delete this[n.propFix[a]||a]})}}),n.extend({prop:function(a,b,c){var d,e,f=a.nodeType;if(3!==f&amp;&amp;8!==f&amp;&amp;2!==f)return 1===f&amp;&amp;n.isXMLDoc(a)||(b=n.propFix[b]||b,e=n.propHooks[b]),void 0!==c?e&amp;&amp;&quot;set&quot;in e&amp;&amp;void 0!==(d=e.set(a,c,b))?d:a[b]=c:e&amp;&amp;&quot;get&quot;in e&amp;&amp;null!==(d=e.get(a,b))?d:a[b];&#10;  },propHooks:{tabIndex:{get:function(a){var b=n.find.attr(a,&quot;tabindex&quot;);return b?parseInt(b,10):cb.test(a.nodeName)||db.test(a.nodeName)&amp;&amp;a.href?0:-1}}},propFix:{&quot;for&quot;:&quot;htmlFor&quot;,&quot;class&quot;:&quot;className&quot;}}),l.optSelected||(n.propHooks.selected={get:function(a){var b=a.parentNode;return b&amp;&amp;b.parentNode&amp;&amp;b.parentNode.selectedIndex,null}}),n.each([&quot;tabIndex&quot;,&quot;readOnly&quot;,&quot;maxLength&quot;,&quot;cellSpacing&quot;,&quot;cellPadding&quot;,&quot;rowSpan&quot;,&quot;colSpan&quot;,&quot;useMap&quot;,&quot;frameBorder&quot;,&quot;contentEditable&quot;],function(){n.propFix[this.toLowerCase()]=this});var eb=/[\t\r\n\f]/g;function fb(a){return a.getAttribute&amp;&amp;a.getAttribute(&quot;class&quot;)||&quot;&quot;}n.fn.extend({addClass:function(a){var b,c,d,e,f,g,h,i=0;if(n.isFunction(a))return this.each(function(b){n(this).addClass(a.call(this,b,fb(this)))});if(&quot;string&quot;==typeof a&amp;&amp;a){b=a.match(G)||[];while(c=this[i++])if(e=fb(c),d=1===c.nodeType&amp;&amp;(&quot; &quot;+e+&quot; &quot;).replace(eb,&quot; &quot;)){g=0;while(f=b[g++])d.indexOf(&quot; &quot;+f+&quot; &quot;)&lt;0&amp;&amp;(d+=f+&quot; &quot;);h=n.trim(d),e!==h&amp;&amp;c.setAttribute(&quot;class&quot;,h)}}return this},removeClass:function(a){var b,c,d,e,f,g,h,i=0;if(n.isFunction(a))return this.each(function(b){n(this).removeClass(a.call(this,b,fb(this)))});if(!arguments.length)return this.attr(&quot;class&quot;,&quot;&quot;);if(&quot;string&quot;==typeof a&amp;&amp;a){b=a.match(G)||[];while(c=this[i++])if(e=fb(c),d=1===c.nodeType&amp;&amp;(&quot; &quot;+e+&quot; &quot;).replace(eb,&quot; &quot;)){g=0;while(f=b[g++])while(d.indexOf(&quot; &quot;+f+&quot; &quot;)&gt;-1)d=d.replace(&quot; &quot;+f+&quot; &quot;,&quot; &quot;);h=n.trim(d),e!==h&amp;&amp;c.setAttribute(&quot;class&quot;,h)}}return this},toggleClass:function(a,b){var c=typeof a;return&quot;boolean&quot;==typeof b&amp;&amp;&quot;string&quot;===c?b?this.addClass(a):this.removeClass(a):n.isFunction(a)?this.each(function(c){n(this).toggleClass(a.call(this,c,fb(this),b),b)}):this.each(function(){var b,d,e,f;if(&quot;string&quot;===c){d=0,e=n(this),f=a.match(G)||[];while(b=f[d++])e.hasClass(b)?e.removeClass(b):e.addClass(b)}else(void 0===a||&quot;boolean&quot;===c)&amp;&amp;(b=fb(this),b&amp;&amp;N.set(this,&quot;__className__&quot;,b),this.setAttribute&amp;&amp;this.setAttribute(&quot;class&quot;,b||a===!1?&quot;&quot;:N.get(this,&quot;__className__&quot;)||&quot;&quot;))})},hasClass:function(a){var b,c,d=0;b=&quot; &quot;+a+&quot; &quot;;while(c=this[d++])if(1===c.nodeType&amp;&amp;(&quot; &quot;+fb(c)+&quot; &quot;).replace(eb,&quot; &quot;).indexOf(b)&gt;-1)return!0;return!1}});var gb=/\r/g;n.fn.extend({val:function(a){var b,c,d,e=this[0];{if(arguments.length)return d=n.isFunction(a),this.each(function(c){var e;1===this.nodeType&amp;&amp;(e=d?a.call(this,c,n(this).val()):a,null==e?e=&quot;&quot;:&quot;number&quot;==typeof e?e+=&quot;&quot;:n.isArray(e)&amp;&amp;(e=n.map(e,function(a){return null==a?&quot;&quot;:a+&quot;&quot;})),b=n.valHooks[this.type]||n.valHooks[this.nodeName.toLowerCase()],b&amp;&amp;&quot;set&quot;in b&amp;&amp;void 0!==b.set(this,e,&quot;value&quot;)||(this.value=e))});if(e)return b=n.valHooks[e.type]||n.valHooks[e.nodeName.toLowerCase()],b&amp;&amp;&quot;get&quot;in b&amp;&amp;void 0!==(c=b.get(e,&quot;value&quot;))?c:(c=e.value,&quot;string&quot;==typeof c?c.replace(gb,&quot;&quot;):null==c?&quot;&quot;:c)}}}),n.extend({valHooks:{option:{get:function(a){return n.trim(a.value)}},select:{get:function(a){for(var b,c,d=a.options,e=a.selectedIndex,f=&quot;select-one&quot;===a.type||0&gt;e,g=f?null:[],h=f?e+1:d.length,i=0&gt;e?h:f?e:0;h&gt;i;i++)if(c=d[i],(c.selected||i===e)&amp;&amp;(l.optDisabled?!c.disabled:null===c.getAttribute(&quot;disabled&quot;))&amp;&amp;(!c.parentNode.disabled||!n.nodeName(c.parentNode,&quot;optgroup&quot;))){if(b=n(c).val(),f)return b;g.push(b)}return g},set:function(a,b){var c,d,e=a.options,f=n.makeArray(b),g=e.length;while(g--)d=e[g],(d.selected=n.inArray(n.valHooks.option.get(d),f)&gt;-1)&amp;&amp;(c=!0);return c||(a.selectedIndex=-1),f}}}}),n.each([&quot;radio&quot;,&quot;checkbox&quot;],function(){n.valHooks[this]={set:function(a,b){return n.isArray(b)?a.checked=n.inArray(n(a).val(),b)&gt;-1:void 0}},l.checkOn||(n.valHooks[this].get=function(a){return null===a.getAttribute(&quot;value&quot;)?&quot;on&quot;:a.value})});var hb=/^(?:focusinfocus|focusoutblur)$/;n.extend(n.event,{trigger:function(b,c,e,f){var g,h,i,j,l,m,o,p=[e||d],q=k.call(b,&quot;type&quot;)?b.type:b,r=k.call(b,&quot;namespace&quot;)?b.namespace.split(&quot;.&quot;):[];if(h=i=e=e||d,3!==e.nodeType&amp;&amp;8!==e.nodeType&amp;&amp;!hb.test(q+n.event.triggered)&amp;&amp;(q.indexOf(&quot;.&quot;)&gt;-1&amp;&amp;(r=q.split(&quot;.&quot;),q=r.shift(),r.sort()),l=q.indexOf(&quot;:&quot;)&lt;0&amp;&amp;&quot;on&quot;+q,b=b[n.expando]?b:new n.Event(q,&quot;object&quot;==typeof b&amp;&amp;b),b.isTrigger=f?2:3,b.namespace=r.join(&quot;.&quot;),b.rnamespace=b.namespace?new RegExp(&quot;(^|\\.)&quot;+r.join(&quot;\\.(?:.*\\.|)&quot;)+&quot;(\\.|$)&quot;):null,b.result=void 0,b.target||(b.target=e),c=null==c?[b]:n.makeArray(c,[b]),o=n.event.special[q]||{},f||!o.trigger||o.trigger.apply(e,c)!==!1)){if(!f&amp;&amp;!o.noBubble&amp;&amp;!n.isWindow(e)){for(j=o.delegateType||q,hb.test(j+q)||(h=h.parentNode);h;h=h.parentNode)p.push(h),i=h;i===(e.ownerDocument||d)&amp;&amp;p.push(i.defaultView||i.parentWindow||a)}g=0;while((h=p[g++])&amp;&amp;!b.isPropagationStopped())b.type=g&gt;1?j:o.bindType||q,m=(N.get(h,&quot;events&quot;)||{})[b.type]&amp;&amp;N.get(h,&quot;handle&quot;),m&amp;&amp;m.apply(h,c),m=l&amp;&amp;h[l],m&amp;&amp;m.apply&amp;&amp;L(h)&amp;&amp;(b.result=m.apply(h,c),b.result===!1&amp;&amp;b.preventDefault());return b.type=q,f||b.isDefaultPrevented()||o._default&amp;&amp;o._default.apply(p.pop(),c)!==!1||!L(e)||l&amp;&amp;n.isFunction(e[q])&amp;&amp;!n.isWindow(e)&amp;&amp;(i=e[l],i&amp;&amp;(e[l]=null),n.event.triggered=q,e[q](),n.event.triggered=void 0,i&amp;&amp;(e[l]=i)),b.result}},simulate:function(a,b,c){var d=n.extend(new n.Event,c,{type:a,isSimulated:!0});n.event.trigger(d,null,b),d.isDefaultPrevented()&amp;&amp;c.preventDefault()}}),n.fn.extend({trigger:function(a,b){return this.each(function(){n.event.trigger(a,b,this)})},triggerHandler:function(a,b){var c=this[0];return c?n.event.trigger(a,b,c,!0):void 0}}),n.each(&quot;blur focus focusin focusout load resize scroll unload click dblclick mousedown mouseup mousemove mouseover mouseout mouseenter mouseleave change select submit keydown keypress keyup error contextmenu&quot;.split(&quot; &quot;),function(a,b){n.fn[b]=function(a,c){return arguments.length&gt;0?this.on(b,null,a,c):this.trigger(b)}}),n.fn.extend({hover:function(a,b){return this.mouseenter(a).mouseleave(b||a)}}),l.focusin=&quot;onfocusin&quot;in a,l.focusin||n.each({focus:&quot;focusin&quot;,blur:&quot;focusout&quot;},function(a,b){var c=function(a){n.event.simulate(b,a.target,n.event.fix(a))};n.event.special[b]={setup:function(){var d=this.ownerDocument||this,e=N.access(d,b);e||d.addEventListener(a,c,!0),N.access(d,b,(e||0)+1)},teardown:function(){var d=this.ownerDocument||this,e=N.access(d,b)-1;e?N.access(d,b,e):(d.removeEventListener(a,c,!0),N.remove(d,b))}}});var ib=a.location,jb=n.now(),kb=/\?/;n.parseJSON=function(a){return JSON.parse(a+&quot;&quot;)},n.parseXML=function(b){var c;if(!b||&quot;string&quot;!=typeof b)return null;try{c=(new a.DOMParser).parseFromString(b,&quot;text/xml&quot;)}catch(d){c=void 0}return(!c||c.getElementsByTagName(&quot;parsererror&quot;).length)&amp;&amp;n.error(&quot;Invalid XML: &quot;+b),c};var lb=/#.*$/,mb=/([?&amp;])_=[^&amp;]*/,nb=/^(.*?):[ \t]*([^\r\n]*)$/gm,ob=/^(?:about|app|app-storage|.+-extension|file|res|widget):$/,pb=/^(?:GET|HEAD)$/,qb=/^\/\//,rb={},sb={},tb=&quot;*/&quot;.concat(&quot;*&quot;),ub=d.createElement(&quot;a&quot;);ub.href=ib.href;function vb(a){return function(b,c){&quot;string&quot;!=typeof b&amp;&amp;(c=b,b=&quot;*&quot;);var d,e=0,f=b.toLowerCase().match(G)||[];if(n.isFunction(c))while(d=f[e++])&quot;+&quot;===d[0]?(d=d.slice(1)||&quot;*&quot;,(a[d]=a[d]||[]).unshift(c)):(a[d]=a[d]||[]).push(c)}}function wb(a,b,c,d){var e={},f=a===sb;function g(h){var i;return e[h]=!0,n.each(a[h]||[],function(a,h){var j=h(b,c,d);return&quot;string&quot;!=typeof j||f||e[j]?f?!(i=j):void 0:(b.dataTypes.unshift(j),g(j),!1)}),i}return g(b.dataTypes[0])||!e[&quot;*&quot;]&amp;&amp;g(&quot;*&quot;)}function xb(a,b){var c,d,e=n.ajaxSettings.flatOptions||{};for(c in b)void 0!==b[c]&amp;&amp;((e[c]?a:d||(d={}))[c]=b[c]);return d&amp;&amp;n.extend(!0,a,d),a}function yb(a,b,c){var d,e,f,g,h=a.contents,i=a.dataTypes;while(&quot;*&quot;===i[0])i.shift(),void 0===d&amp;&amp;(d=a.mimeType||b.getResponseHeader(&quot;Content-Type&quot;));if(d)for(e in h)if(h[e]&amp;&amp;h[e].test(d)){i.unshift(e);break}if(i[0]in c)f=i[0];else{for(e in c){if(!i[0]||a.converters[e+&quot; &quot;+i[0]]){f=e;break}g||(g=e)}f=f||g}return f?(f!==i[0]&amp;&amp;i.unshift(f),c[f]):void 0}function zb(a,b,c,d){var e,f,g,h,i,j={},k=a.dataTypes.slice();if(k[1])for(g in a.converters)j[g.toLowerCase()]=a.converters[g];f=k.shift();while(f)if(a.responseFields[f]&amp;&amp;(c[a.responseFields[f]]=b),!i&amp;&amp;d&amp;&amp;a.dataFilter&amp;&amp;(b=a.dataFilter(b,a.dataType)),i=f,f=k.shift())if(&quot;*&quot;===f)f=i;else if(&quot;*&quot;!==i&amp;&amp;i!==f){if(g=j[i+&quot; &quot;+f]||j[&quot;* &quot;+f],!g)for(e in j)if(h=e.split(&quot; &quot;),h[1]===f&amp;&amp;(g=j[i+&quot; &quot;+h[0]]||j[&quot;* &quot;+h[0]])){g===!0?g=j[e]:j[e]!==!0&amp;&amp;(f=h[0],k.unshift(h[1]));break}if(g!==!0)if(g&amp;&amp;a[&quot;throws&quot;])b=g(b);else try{b=g(b)}catch(l){return{state:&quot;parsererror&quot;,error:g?l:&quot;No conversion from &quot;+i+&quot; to &quot;+f}}}return{state:&quot;success&quot;,data:b}}n.extend({active:0,lastModified:{},etag:{},ajaxSettings:{url:ib.href,type:&quot;GET&quot;,isLocal:ob.test(ib.protocol),global:!0,processData:!0,async:!0,contentType:&quot;application/x-www-form-urlencoded; charset=UTF-8&quot;,accepts:{&quot;*&quot;:tb,text:&quot;text/plain&quot;,html:&quot;text/html&quot;,xml:&quot;application/xml, text/xml&quot;,json:&quot;application/json, text/javascript&quot;},contents:{xml:/\bxml\b/,html:/\bhtml/,json:/\bjson\b/},responseFields:{xml:&quot;responseXML&quot;,text:&quot;responseText&quot;,json:&quot;responseJSON&quot;},converters:{&quot;* text&quot;:String,&quot;text html&quot;:!0,&quot;text json&quot;:n.parseJSON,&quot;text xml&quot;:n.parseXML},flatOptions:{url:!0,context:!0}},ajaxSetup:function(a,b){return b?xb(xb(a,n.ajaxSettings),b):xb(n.ajaxSettings,a)},ajaxPrefilter:vb(rb),ajaxTransport:vb(sb),ajax:function(b,c){&quot;object&quot;==typeof b&amp;&amp;(c=b,b=void 0),c=c||{};var e,f,g,h,i,j,k,l,m=n.ajaxSetup({},c),o=m.context||m,p=m.context&amp;&amp;(o.nodeType||o.jquery)?n(o):n.event,q=n.Deferred(),r=n.Callbacks(&quot;once memory&quot;),s=m.statusCode||{},t={},u={},v=0,w=&quot;canceled&quot;,x={readyState:0,getResponseHeader:function(a){var b;if(2===v){if(!h){h={};while(b=nb.exec(g))h[b[1].toLowerCase()]=b[2]}b=h[a.toLowerCase()]}return null==b?null:b},getAllResponseHeaders:function(){return 2===v?g:null},setRequestHeader:function(a,b){var c=a.toLowerCase();return v||(a=u[c]=u[c]||a,t[a]=b),this},overrideMimeType:function(a){return v||(m.mimeType=a),this},statusCode:function(a){var b;if(a)if(2&gt;v)for(b in a)s[b]=[s[b],a[b]];else x.always(a[x.status]);return this},abort:function(a){var b=a||w;return e&amp;&amp;e.abort(b),z(0,b),this}};if(q.promise(x).complete=r.add,x.success=x.done,x.error=x.fail,m.url=((b||m.url||ib.href)+&quot;&quot;).replace(lb,&quot;&quot;).replace(qb,ib.protocol+&quot;//&quot;),m.type=c.method||c.type||m.method||m.type,m.dataTypes=n.trim(m.dataType||&quot;*&quot;).toLowerCase().match(G)||[&quot;&quot;],null==m.crossDomain){j=d.createElement(&quot;a&quot;);try{j.href=m.url,j.href=j.href,m.crossDomain=ub.protocol+&quot;//&quot;+ub.host!=j.protocol+&quot;//&quot;+j.host}catch(y){m.crossDomain=!0}}if(m.data&amp;&amp;m.processData&amp;&amp;&quot;string&quot;!=typeof m.data&amp;&amp;(m.data=n.param(m.data,m.traditional)),wb(rb,m,c,x),2===v)return x;k=n.event&amp;&amp;m.global,k&amp;&amp;0===n.active++&amp;&amp;n.event.trigger(&quot;ajaxStart&quot;),m.type=m.type.toUpperCase(),m.hasContent=!pb.test(m.type),f=m.url,m.hasContent||(m.data&amp;&amp;(f=m.url+=(kb.test(f)?&quot;&amp;&quot;:&quot;?&quot;)+m.data,delete m.data),m.cache===!1&amp;&amp;(m.url=mb.test(f)?f.replace(mb,&quot;$1_=&quot;+jb++):f+(kb.test(f)?&quot;&amp;&quot;:&quot;?&quot;)+&quot;_=&quot;+jb++)),m.ifModified&amp;&amp;(n.lastModified[f]&amp;&amp;x.setRequestHeader(&quot;If-Modified-Since&quot;,n.lastModified[f]),n.etag[f]&amp;&amp;x.setRequestHeader(&quot;If-None-Match&quot;,n.etag[f])),(m.data&amp;&amp;m.hasContent&amp;&amp;m.contentType!==!1||c.contentType)&amp;&amp;x.setRequestHeader(&quot;Content-Type&quot;,m.contentType),x.setRequestHeader(&quot;Accept&quot;,m.dataTypes[0]&amp;&amp;m.accepts[m.dataTypes[0]]?m.accepts[m.dataTypes[0]]+(&quot;*&quot;!==m.dataTypes[0]?&quot;, &quot;+tb+&quot;; q=0.01&quot;:&quot;&quot;):m.accepts[&quot;*&quot;]);for(l in m.headers)x.setRequestHeader(l,m.headers[l]);if(m.beforeSend&amp;&amp;(m.beforeSend.call(o,x,m)===!1||2===v))return x.abort();w=&quot;abort&quot;;for(l in{success:1,error:1,complete:1})x[l](m[l]);if(e=wb(sb,m,c,x)){if(x.readyState=1,k&amp;&amp;p.trigger(&quot;ajaxSend&quot;,[x,m]),2===v)return x;m.async&amp;&amp;m.timeout&gt;0&amp;&amp;(i=a.setTimeout(function(){x.abort(&quot;timeout&quot;)},m.timeout));try{v=1,e.send(t,z)}catch(y){if(!(2&gt;v))throw y;z(-1,y)}}else z(-1,&quot;No Transport&quot;);function z(b,c,d,h){var j,l,t,u,w,y=c;2!==v&amp;&amp;(v=2,i&amp;&amp;a.clearTimeout(i),e=void 0,g=h||&quot;&quot;,x.readyState=b&gt;0?4:0,j=b&gt;=200&amp;&amp;300&gt;b||304===b,d&amp;&amp;(u=yb(m,x,d)),u=zb(m,u,x,j),j?(m.ifModified&amp;&amp;(w=x.getResponseHeader(&quot;Last-Modified&quot;),w&amp;&amp;(n.lastModified[f]=w),w=x.getResponseHeader(&quot;etag&quot;),w&amp;&amp;(n.etag[f]=w)),204===b||&quot;HEAD&quot;===m.type?y=&quot;nocontent&quot;:304===b?y=&quot;notmodified&quot;:(y=u.state,l=u.data,t=u.error,j=!t)):(t=y,(b||!y)&amp;&amp;(y=&quot;error&quot;,0&gt;b&amp;&amp;(b=0))),x.status=b,x.statusText=(c||y)+&quot;&quot;,j?q.resolveWith(o,[l,y,x]):q.rejectWith(o,[x,y,t]),x.statusCode(s),s=void 0,k&amp;&amp;p.trigger(j?&quot;ajaxSuccess&quot;:&quot;ajaxError&quot;,[x,m,j?l:t]),r.fireWith(o,[x,y]),k&amp;&amp;(p.trigger(&quot;ajaxComplete&quot;,[x,m]),--n.active||n.event.trigger(&quot;ajaxStop&quot;)))}return x},getJSON:function(a,b,c){return n.get(a,b,c,&quot;json&quot;)},getScript:function(a,b){return n.get(a,void 0,b,&quot;script&quot;)}}),n.each([&quot;get&quot;,&quot;post&quot;],function(a,b){n[b]=function(a,c,d,e){return n.isFunction(c)&amp;&amp;(e=e||d,d=c,c=void 0),n.ajax(n.extend({url:a,type:b,dataType:e,data:c,success:d},n.isPlainObject(a)&amp;&amp;a))}}),n._evalUrl=function(a){return n.ajax({url:a,type:&quot;GET&quot;,dataType:&quot;script&quot;,async:!1,global:!1,&quot;throws&quot;:!0})},n.fn.extend({wrapAll:function(a){var b;return n.isFunction(a)?this.each(function(b){n(this).wrapAll(a.call(this,b))}):(this[0]&amp;&amp;(b=n(a,this[0].ownerDocument).eq(0).clone(!0),this[0].parentNode&amp;&amp;b.insertBefore(this[0]),b.map(function(){var a=this;while(a.firstElementChild)a=a.firstElementChild;return a}).append(this)),this)},wrapInner:function(a){return n.isFunction(a)?this.each(function(b){n(this).wrapInner(a.call(this,b))}):this.each(function(){var b=n(this),c=b.contents();c.length?c.wrapAll(a):b.append(a)})},wrap:function(a){var b=n.isFunction(a);return this.each(function(c){n(this).wrapAll(b?a.call(this,c):a)})},unwrap:function(){return this.parent().each(function(){n.nodeName(this,&quot;body&quot;)||n(this).replaceWith(this.childNodes)}).end()}}),n.expr.filters.hidden=function(a){return!n.expr.filters.visible(a)},n.expr.filters.visible=function(a){return a.offsetWidth&gt;0||a.offsetHeight&gt;0||a.getClientRects().length&gt;0};var Ab=/%20/g,Bb=/\[\]$/,Cb=/\r?\n/g,Db=/^(?:submit|button|image|reset|file)$/i,Eb=/^(?:input|select|textarea|keygen)/i;function Fb(a,b,c,d){var e;if(n.isArray(b))n.each(b,function(b,e){c||Bb.test(a)?d(a,e):Fb(a+&quot;[&quot;+(&quot;object&quot;==typeof e&amp;&amp;null!=e?b:&quot;&quot;)+&quot;]&quot;,e,c,d)});else if(c||&quot;object&quot;!==n.type(b))d(a,b);else for(e in b)Fb(a+&quot;[&quot;+e+&quot;]&quot;,b[e],c,d)}n.param=function(a,b){var c,d=[],e=function(a,b){b=n.isFunction(b)?b():null==b?&quot;&quot;:b,d[d.length]=encodeURIComponent(a)+&quot;=&quot;+encodeURIComponent(b)};if(void 0===b&amp;&amp;(b=n.ajaxSettings&amp;&amp;n.ajaxSettings.traditional),n.isArray(a)||a.jquery&amp;&amp;!n.isPlainObject(a))n.each(a,function(){e(this.name,this.value)});else for(c in a)Fb(c,a[c],b,e);return d.join(&quot;&amp;&quot;).replace(Ab,&quot;+&quot;)},n.fn.extend({serialize:function(){return n.param(this.serializeArray())},serializeArray:function(){return this.map(function(){var a=n.prop(this,&quot;elements&quot;);return a?n.makeArray(a):this}).filter(function(){var a=this.type;return this.name&amp;&amp;!n(this).is(&quot;:disabled&quot;)&amp;&amp;Eb.test(this.nodeName)&amp;&amp;!Db.test(a)&amp;&amp;(this.checked||!X.test(a))}).map(function(a,b){var c=n(this).val();return null==c?null:n.isArray(c)?n.map(c,function(a){return{name:b.name,value:a.replace(Cb,&quot;\r\n&quot;)}}):{name:b.name,value:c.replace(Cb,&quot;\r\n&quot;)}}).get()}}),n.ajaxSettings.xhr=function(){try{return new a.XMLHttpRequest}catch(b){}};var Gb={0:200,1223:204},Hb=n.ajaxSettings.xhr();l.cors=!!Hb&amp;&amp;&quot;withCredentials&quot;in Hb,l.ajax=Hb=!!Hb,n.ajaxTransport(function(b){var c,d;return l.cors||Hb&amp;&amp;!b.crossDomain?{send:function(e,f){var g,h=b.xhr();if(h.open(b.type,b.url,b.async,b.username,b.password),b.xhrFields)for(g in b.xhrFields)h[g]=b.xhrFields[g];b.mimeType&amp;&amp;h.overrideMimeType&amp;&amp;h.overrideMimeType(b.mimeType),b.crossDomain||e[&quot;X-Requested-With&quot;]||(e[&quot;X-Requested-With&quot;]=&quot;XMLHttpRequest&quot;);for(g in e)h.setRequestHeader(g,e[g]);c=function(a){return function(){c&amp;&amp;(c=d=h.onload=h.onerror=h.onabort=h.onreadystatechange=null,&quot;abort&quot;===a?h.abort():&quot;error&quot;===a?&quot;number&quot;!=typeof h.status?f(0,&quot;error&quot;):f(h.status,h.statusText):f(Gb[h.status]||h.status,h.statusText,&quot;text&quot;!==(h.responseType||&quot;text&quot;)||&quot;string&quot;!=typeof h.responseText?{binary:h.response}:{text:h.responseText},h.getAllResponseHeaders()))}},h.onload=c(),d=h.onerror=c(&quot;error&quot;),void 0!==h.onabort?h.onabort=d:h.onreadystatechange=function(){4===h.readyState&amp;&amp;a.setTimeout(function(){c&amp;&amp;d()})},c=c(&quot;abort&quot;);try{h.send(b.hasContent&amp;&amp;b.data||null)}catch(i){if(c)throw i}},abort:function(){c&amp;&amp;c()}}:void 0}),n.ajaxSetup({accepts:{script:&quot;text/javascript, application/javascript, application/ecmascript, application/x-ecmascript&quot;},contents:{script:/\b(?:java|ecma)script\b/},converters:{&quot;text script&quot;:function(a){return n.globalEval(a),a}}}),n.ajaxPrefilter(&quot;script&quot;,function(a){void 0===a.cache&amp;&amp;(a.cache=!1),a.crossDomain&amp;&amp;(a.type=&quot;GET&quot;)}),n.ajaxTransport(&quot;script&quot;,function(a){if(a.crossDomain){var b,c;return{send:function(e,f){b=n(&quot;&lt;script&gt;&quot;).prop({charset:a.scriptCharset,src:a.url}).on(&quot;load error&quot;,c=function(a){b.remove(),c=null,a&amp;&amp;f(&quot;error&quot;===a.type?404:200,a.type)}),d.head.appendChild(b[0])},abort:function(){c&amp;&amp;c()}}}});var Ib=[],Jb=/(=)\?(?=&amp;|$)|\?\?/;n.ajaxSetup({jsonp:&quot;callback&quot;,jsonpCallback:function(){var a=Ib.pop()||n.expando+&quot;_&quot;+jb++;return this[a]=!0,a}}),n.ajaxPrefilter(&quot;json jsonp&quot;,function(b,c,d){var e,f,g,h=b.jsonp!==!1&amp;&amp;(Jb.test(b.url)?&quot;url&quot;:&quot;string&quot;==typeof b.data&amp;&amp;0===(b.contentType||&quot;&quot;).indexOf(&quot;application/x-www-form-urlencoded&quot;)&amp;&amp;Jb.test(b.data)&amp;&amp;&quot;data&quot;);return h||&quot;jsonp&quot;===b.dataTypes[0]?(e=b.jsonpCallback=n.isFunction(b.jsonpCallback)?b.jsonpCallback():b.jsonpCallback,h?b[h]=b[h].replace(Jb,&quot;$1&quot;+e):b.jsonp!==!1&amp;&amp;(b.url+=(kb.test(b.url)?&quot;&amp;&quot;:&quot;?&quot;)+b.jsonp+&quot;=&quot;+e),b.converters[&quot;script json&quot;]=function(){return g||n.error(e+&quot; was not called&quot;),g[0]},b.dataTypes[0]=&quot;json&quot;,f=a[e],a[e]=function(){g=arguments},d.always(function(){void 0===f?n(a).removeProp(e):a[e]=f,b[e]&amp;&amp;(b.jsonpCallback=c.jsonpCallback,Ib.push(e)),g&amp;&amp;n.isFunction(f)&amp;&amp;f(g[0]),g=f=void 0}),&quot;script&quot;):void 0}),l.createHTMLDocument=function(){var a=d.implementation.createHTMLDocument(&quot;&quot;).body;return a.innerHTML=&quot;&lt;form&gt;&lt;/form&gt;&lt;form&gt;&lt;/form&gt;&quot;,2===a.childNodes.length}(),n.parseHTML=function(a,b,c){if(!a||&quot;string&quot;!=typeof a)return null;&quot;boolean&quot;==typeof b&amp;&amp;(c=b,b=!1),b=b||(l.createHTMLDocument?d.implementation.createHTMLDocument(&quot;&quot;):d);var e=x.exec(a),f=!c&amp;&amp;[];return e?[b.createElement(e[1])]:(e=ca([a],b,f),f&amp;&amp;f.length&amp;&amp;n(f).remove(),n.merge([],e.childNodes))};var Kb=n.fn.load;n.fn.load=function(a,b,c){if(&quot;string&quot;!=typeof a&amp;&amp;Kb)return Kb.apply(this,arguments);var d,e,f,g=this,h=a.indexOf(&quot; &quot;);return h&gt;-1&amp;&amp;(d=n.trim(a.slice(h)),a=a.slice(0,h)),n.isFunction(b)?(c=b,b=void 0):b&amp;&amp;&quot;object&quot;==typeof b&amp;&amp;(e=&quot;POST&quot;),g.length&gt;0&amp;&amp;n.ajax({url:a,type:e||&quot;GET&quot;,dataType:&quot;html&quot;,data:b}).done(function(a){f=arguments,g.html(d?n(&quot;&lt;div&gt;&quot;).append(n.parseHTML(a)).find(d):a)}).always(c&amp;&amp;function(a,b){g.each(function(){c.apply(g,f||[a.responseText,b,a])})}),this},n.each([&quot;ajaxStart&quot;,&quot;ajaxStop&quot;,&quot;ajaxComplete&quot;,&quot;ajaxError&quot;,&quot;ajaxSuccess&quot;,&quot;ajaxSend&quot;],function(a,b){n.fn[b]=function(a){return this.on(b,a)}}),n.expr.filters.animated=function(a){return n.grep(n.timers,function(b){return a===b.elem}).length};function Lb(a){return n.isWindow(a)?a:9===a.nodeType&amp;&amp;a.defaultView}n.offset={setOffset:function(a,b,c){var d,e,f,g,h,i,j,k=n.css(a,&quot;position&quot;),l=n(a),m={};&quot;static&quot;===k&amp;&amp;(a.style.position=&quot;relative&quot;),h=l.offset(),f=n.css(a,&quot;top&quot;),i=n.css(a,&quot;left&quot;),j=(&quot;absolute&quot;===k||&quot;fixed&quot;===k)&amp;&amp;(f+i).indexOf(&quot;auto&quot;)&gt;-1,j?(d=l.position(),g=d.top,e=d.left):(g=parseFloat(f)||0,e=parseFloat(i)||0),n.isFunction(b)&amp;&amp;(b=b.call(a,c,n.extend({},h))),null!=b.top&amp;&amp;(m.top=b.top-h.top+g),null!=b.left&amp;&amp;(m.left=b.left-h.left+e),&quot;using&quot;in b?b.using.call(a,m):l.css(m)}},n.fn.extend({offset:function(a){if(arguments.length)return void 0===a?this:this.each(function(b){n.offset.setOffset(this,a,b)});var b,c,d=this[0],e={top:0,left:0},f=d&amp;&amp;d.ownerDocument;if(f)return b=f.documentElement,n.contains(b,d)?(e=d.getBoundingClientRect(),c=Lb(f),{top:e.top+c.pageYOffset-b.clientTop,left:e.left+c.pageXOffset-b.clientLeft}):e},position:function(){if(this[0]){var a,b,c=this[0],d={top:0,left:0};return&quot;fixed&quot;===n.css(c,&quot;position&quot;)?b=c.getBoundingClientRect():(a=this.offsetParent(),b=this.offset(),n.nodeName(a[0],&quot;html&quot;)||(d=a.offset()),d.top+=n.css(a[0],&quot;borderTopWidth&quot;,!0)-a.scrollTop(),d.left+=n.css(a[0],&quot;borderLeftWidth&quot;,!0)-a.scrollLeft()),{top:b.top-d.top-n.css(c,&quot;marginTop&quot;,!0),left:b.left-d.left-n.css(c,&quot;marginLeft&quot;,!0)}}},offsetParent:function(){return this.map(function(){var a=this.offsetParent;while(a&amp;&amp;&quot;static&quot;===n.css(a,&quot;position&quot;))a=a.offsetParent;return a||Ea})}}),n.each({scrollLeft:&quot;pageXOffset&quot;,scrollTop:&quot;pageYOffset&quot;},function(a,b){var c=&quot;pageYOffset&quot;===b;n.fn[a]=function(d){return K(this,function(a,d,e){var f=Lb(a);return void 0===e?f?f[b]:a[d]:void(f?f.scrollTo(c?f.pageXOffset:e,c?e:f.pageYOffset):a[d]=e)},a,d,arguments.length)}}),n.each([&quot;top&quot;,&quot;left&quot;],function(a,b){n.cssHooks[b]=Ga(l.pixelPosition,function(a,c){return c?(c=Fa(a,b),Ba.test(c)?n(a).position()[b]+&quot;px&quot;:c):void 0})}),n.each({Height:&quot;height&quot;,Width:&quot;width&quot;},function(a,b){n.each({padding:&quot;inner&quot;+a,content:b,&quot;&quot;:&quot;outer&quot;+a},function(c,d){n.fn[d]=function(d,e){var f=arguments.length&amp;&amp;(c||&quot;boolean&quot;!=typeof d),g=c||(d===!0||e===!0?&quot;margin&quot;:&quot;border&quot;);return K(this,function(b,c,d){var e;return n.isWindow(b)?b.document.documentElement[&quot;client&quot;+a]:9===b.nodeType?(e=b.documentElement,Math.max(b.body[&quot;scroll&quot;+a],e[&quot;scroll&quot;+a],b.body[&quot;offset&quot;+a],e[&quot;offset&quot;+a],e[&quot;client&quot;+a])):void 0===d?n.css(b,c,g):n.style(b,c,d,g)},b,f?d:void 0,f,null)}})}),n.fn.extend({bind:function(a,b,c){return this.on(a,null,b,c)},unbind:function(a,b){return this.off(a,null,b)},delegate:function(a,b,c,d){return this.on(b,a,c,d)},undelegate:function(a,b,c){return 1===arguments.length?this.off(a,&quot;**&quot;):this.off(b,a||&quot;**&quot;,c)},size:function(){return this.length}}),n.fn.andSelf=n.fn.addBack,&quot;function&quot;==typeof define&amp;&amp;define.amd&amp;&amp;define(&quot;jquery&quot;,[],function(){return n});var Mb=a.jQuery,Nb=a.$;return n.noConflict=function(b){return a.$===n&amp;&amp;(a.$=Nb),b&amp;&amp;a.jQuery===n&amp;&amp;(a.jQuery=Mb),n},b||(a.jQuery=a.$=n),n});&#10;&lt;/script&gt;&#10;&#10;&#10;&#10;&#10;&#10;&#10;&#10;&#10;&#10;&#10;&#10;&lt;script src=&quot;//assets.adobedtm.com/86ff4ffaf311/91fa59baa986/launch-b1204783dac1.min.js&quot; async=&quot;&quot;&gt;&lt;/script&gt;&#10;&#10;&#10;&#10;&#10;&#10;	&#10;		&lt;script type=&quot;text/javascript&quot; src=&quot;/content/dam/credit-repair/common/js/site-v2.js&quot;&gt;&lt;/script&gt;&#10;	&#10;&#10;	&#10;		&lt;script type=&quot;text/javascript&quot; src=&quot;/content/dam/credit-repair/common/js/fatal-error.js&quot;&gt;&lt;/script&gt;&#10;	&#10;&#10;	&#10;		&lt;script type=&quot;text/javascript&quot; src=&quot;/content/dam/credit-repair/common/js/jquery.easing-1.3.js&quot;&gt;&lt;/script&gt;&#10;	&#10;&#10;&#10;&lt;script&gt;&#10;	/* Modernizr 2.8.2 (Custom Build) | MIT &amp; BSD&#10;	 * Build: http://modernizr.com/download/#-backgroundsize-cssgradients-csstransforms-csstransforms3d-csstransitions-shiv-mq-cssclasses-teststyles-testprop-testallprops-prefixes-domprefixes-css_remunit-load&#10;	 */&#10;	;window.Modernizr=function(a,b,c){function A(a){j.cssText=a}function B(a,b){return A(m.join(a+&quot;;&quot;)+(b||&quot;&quot;))}function C(a,b){return typeof a===b}function D(a,b){return!!~(&quot;&quot;+a).indexOf(b)}function E(a,b){for(var d in a){var e=a[d];if(!D(e,&quot;-&quot;)&amp;&amp;j[e]!==c)return b==&quot;pfx&quot;?e:!0}return!1}function F(a,b,d){for(var e in a){var f=b[a[e]];if(f!==c)return d===!1?a[e]:C(f,&quot;function&quot;)?f.bind(d||b):f}return!1}function G(a,b,c){var d=a.charAt(0).toUpperCase()+a.slice(1),e=(a+&quot; &quot;+o.join(d+&quot; &quot;)+d).split(&quot; &quot;);return C(b,&quot;string&quot;)||C(b,&quot;undefined&quot;)?E(e,b):(e=(a+&quot; &quot;+p.join(d+&quot; &quot;)+d).split(&quot; &quot;),F(e,b,c))}var d=&quot;2.8.2&quot;,e={},f=!0,g=b.documentElement,h=&quot;modernizr&quot;,i=b.createElement(h),j=i.style,k,l={}.toString,m=&quot; -webkit- -moz- -o- -ms- &quot;.split(&quot; &quot;),n=&quot;Webkit Moz O ms&quot;,o=n.split(&quot; &quot;),p=n.toLowerCase().split(&quot; &quot;),q={},r={},s={},t=[],u=t.slice,v,w=function(a,c,d,e){var f,i,j,k,l=b.createElement(&quot;div&quot;),m=b.body,n=m||b.createElement(&quot;body&quot;);if(parseInt(d,10))while(d--)j=b.createElement(&quot;div&quot;),j.id=e?e[d]:h+(d+1),l.appendChild(j);return f=[&quot;&amp;#173;&quot;,&apos;&lt;style id=&quot;s&apos;,h,&apos;&quot;&gt;&apos;,a,&quot;&lt;/style&gt;&quot;].join(&quot;&quot;),l.id=h,(m?l:n).innerHTML+=f,n.appendChild(l),m||(n.style.background=&quot;&quot;,n.style.overflow=&quot;hidden&quot;,k=g.style.overflow,g.style.overflow=&quot;hidden&quot;,g.appendChild(n)),i=c(l,a),m?l.parentNode.removeChild(l):(n.parentNode.removeChild(n),g.style.overflow=k),!!i},x=function(b){var c=a.matchMedia||a.msMatchMedia;if(c)return c(b)&amp;&amp;c(b).matches||!1;var d;return w(&quot;@media &quot;+b+&quot; { #&quot;+h+&quot; { position: absolute; } }&quot;,function(b){d=(a.getComputedStyle?getComputedStyle(b,null):b.currentStyle)[&quot;position&quot;]==&quot;absolute&quot;}),d},y={}.hasOwnProperty,z;!C(y,&quot;undefined&quot;)&amp;&amp;!C(y.call,&quot;undefined&quot;)?z=function(a,b){return y.call(a,b)}:z=function(a,b){return b in a&amp;&amp;C(a.constructor.prototype[b],&quot;undefined&quot;)},Function.prototype.bind||(Function.prototype.bind=function(b){var c=this;if(typeof c!=&quot;function&quot;)throw new TypeError;var d=u.call(arguments,1),e=function(){if(this instanceof e){var a=function(){};a.prototype=c.prototype;var f=new a,g=c.apply(f,d.concat(u.call(arguments)));return Object(g)===g?g:f}return c.apply(b,d.concat(u.call(arguments)))};return e}),q.backgroundsize=function(){return G(&quot;backgroundSize&quot;)},q.cssgradients=function(){var a=&quot;background-image:&quot;,b=&quot;gradient(linear,left top,right bottom,from(#9f9),to(white));&quot;,c=&quot;linear-gradient(left top,#9f9, white);&quot;;return A((a+&quot;-webkit- &quot;.split(&quot; &quot;).join(b+a)+m.join(c+a)).slice(0,-a.length)),D(j.backgroundImage,&quot;gradient&quot;)},q.csstransforms=function(){return!!G(&quot;transform&quot;)},q.csstransforms3d=function(){var a=!!G(&quot;perspective&quot;);return a&amp;&amp;&quot;webkitPerspective&quot;in g.style&amp;&amp;w(&quot;@media (transform-3d),(-webkit-transform-3d){#modernizr{left:9px;position:absolute;height:3px;}}&quot;,function(b,c){a=b.offsetLeft===9&amp;&amp;b.offsetHeight===3}),a},q.csstransitions=function(){return G(&quot;transition&quot;)};for(var H in q)z(q,H)&amp;&amp;(v=H.toLowerCase(),e[v]=q[H](),t.push((e[v]?&quot;&quot;:&quot;no-&quot;)+v));return e.addTest=function(a,b){if(typeof a==&quot;object&quot;)for(var d in a)z(a,d)&amp;&amp;e.addTest(d,a[d]);else{a=a.toLowerCase();if(e[a]!==c)return e;b=typeof b==&quot;function&quot;?b():b,typeof f!=&quot;undefined&quot;&amp;&amp;f&amp;&amp;(g.className+=&quot; &quot;+(b?&quot;&quot;:&quot;no-&quot;)+a),e[a]=b}return e},A(&quot;&quot;),i=k=null,function(a,b){function l(a,b){var c=a.createElement(&quot;p&quot;),d=a.getElementsByTagName(&quot;head&quot;)[0]||a.documentElement;return c.innerHTML=&quot;x&lt;style&gt;&quot;+b+&quot;&lt;/style&gt;&quot;,d.insertBefore(c.lastChild,d.firstChild)}function m(){var a=s.elements;return typeof a==&quot;string&quot;?a.split(&quot; &quot;):a}function n(a){var b=j[a[h]];return b||(b={},i++,a[h]=i,j[i]=b),b}function o(a,c,d){c||(c=b);if(k)return c.createElement(a);d||(d=n(c));var g;return d.cache[a]?g=d.cache[a].cloneNode():f.test(a)?g=(d.cache[a]=d.createElem(a)).cloneNode():g=d.createElem(a),g.canHaveChildren&amp;&amp;!e.test(a)&amp;&amp;!g.tagUrn?d.frag.appendChild(g):g}function p(a,c){a||(a=b);if(k)return a.createDocumentFragment();c=c||n(a);var d=c.frag.cloneNode(),e=0,f=m(),g=f.length;for(;e&lt;g;e++)d.createElement(f[e]);return d}function q(a,b){b.cache||(b.cache={},b.createElem=a.createElement,b.createFrag=a.createDocumentFragment,b.frag=b.createFrag()),a.createElement=function(c){return s.shivMethods?o(c,a,b):b.createElem(c)},a.createDocumentFragment=Function(&quot;h,f&quot;,&quot;return function(){var n=f.cloneNode(),c=n.createElement;h.shivMethods&amp;&amp;(&quot;+m().join().replace(/[\w\-]+/g,function(a){return b.createElem(a),b.frag.createElement(a),&apos;c(&quot;&apos;+a+&apos;&quot;)&apos;})+&quot;);return n}&quot;)(s,b.frag)}function r(a){a||(a=b);var c=n(a);return s.shivCSS&amp;&amp;!g&amp;&amp;!c.hasCSS&amp;&amp;(c.hasCSS=!!l(a,&quot;article,aside,dialog,figcaption,figure,footer,header,hgroup,main,nav,section{display:block}mark{background:#FF0;color:#000}template{display:none}&quot;)),k||q(a,c),a}var c=&quot;3.7.0&quot;,d=a.html5||{},e=/^&lt;|^(?:button|map|select|textarea|object|iframe|option|optgroup)$/i,f=/^(?:a|b|code|div|fieldset|h1|h2|h3|h4|h5|h6|i|label|li|ol|p|q|span|strong|style|table|tbody|td|th|tr|ul)$/i,g,h=&quot;_html5shiv&quot;,i=0,j={},k;(function(){try{var a=b.createElement(&quot;a&quot;);a.innerHTML=&quot;&lt;xyz&gt;&lt;/xyz&gt;&quot;,g=&quot;hidden&quot;in a,k=a.childNodes.length==1||function(){b.createElement(&quot;a&quot;);var a=b.createDocumentFragment();return typeof a.cloneNode==&quot;undefined&quot;||typeof a.createDocumentFragment==&quot;undefined&quot;||typeof a.createElement==&quot;undefined&quot;}()}catch(c){g=!0,k=!0}})();var s={elements:d.elements||&quot;abbr article aside audio bdi canvas data datalist details dialog figcaption figure footer header hgroup main mark meter nav output progress section summary template time video&quot;,version:c,shivCSS:d.shivCSS!==!1,supportsUnknownElements:k,shivMethods:d.shivMethods!==!1,type:&quot;default&quot;,shivDocument:r,createElement:o,createDocumentFragment:p};a.html5=s,r(b)}(this,b),e._version=d,e._prefixes=m,e._domPrefixes=p,e._cssomPrefixes=o,e.mq=x,e.testProp=function(a){return E([a])},e.testAllProps=G,e.testStyles=w,g.className=g.className.replace(/(^|\s)no-js(\s|$)/,&quot;$1$2&quot;)+(f?&quot; js &quot;+t.join(&quot; &quot;):&quot;&quot;),e}(this,this.document),function(a,b,c){function d(a){return&quot;[object Function]&quot;==o.call(a)}function e(a){return&quot;string&quot;==typeof a}function f(){}function g(a){return!a||&quot;loaded&quot;==a||&quot;complete&quot;==a||&quot;uninitialized&quot;==a}function h(){var a=p.shift();q=1,a?a.t?m(function(){(&quot;c&quot;==a.t?B.injectCss:B.injectJs)(a.s,0,a.a,a.x,a.e,1)},0):(a(),h()):q=0}function i(a,c,d,e,f,i,j){function k(b){if(!o&amp;&amp;g(l.readyState)&amp;&amp;(u.r=o=1,!q&amp;&amp;h(),l.onload=l.onreadystatechange=null,b)){&quot;img&quot;!=a&amp;&amp;m(function(){t.removeChild(l)},50);for(var d in y[c])y[c].hasOwnProperty(d)&amp;&amp;y[c][d].onload()}}var j=j||B.errorTimeout,l=b.createElement(a),o=0,r=0,u={t:d,s:c,e:f,a:i,x:j};1===y[c]&amp;&amp;(r=1,y[c]=[]),&quot;object&quot;==a?l.data=c:(l.src=c,l.type=a),l.width=l.height=&quot;0&quot;,l.onerror=l.onload=l.onreadystatechange=function(){k.call(this,r)},p.splice(e,0,u),&quot;img&quot;!=a&amp;&amp;(r||2===y[c]?(t.insertBefore(l,s?null:n),m(k,j)):y[c].push(l))}function j(a,b,c,d,f){return q=0,b=b||&quot;j&quot;,e(a)?i(&quot;c&quot;==b?v:u,a,b,this.i++,c,d,f):(p.splice(this.i++,0,a),1==p.length&amp;&amp;h()),this}function k(){var a=B;return a.loader={load:j,i:0},a}var l=b.documentElement,m=a.setTimeout,n=b.getElementsByTagName(&quot;script&quot;)[0],o={}.toString,p=[],q=0,r=&quot;MozAppearance&quot;in l.style,s=r&amp;&amp;!!b.createRange().compareNode,t=s?l:n.parentNode,l=a.opera&amp;&amp;&quot;[object Opera]&quot;==o.call(a.opera),l=!!b.attachEvent&amp;&amp;!l,u=r?&quot;object&quot;:l?&quot;script&quot;:&quot;img&quot;,v=l?&quot;script&quot;:u,w=Array.isArray||function(a){return&quot;[object Array]&quot;==o.call(a)},x=[],y={},z={timeout:function(a,b){return b.length&amp;&amp;(a.timeout=b[0]),a}},A,B;B=function(a){function b(a){var a=a.split(&quot;!&quot;),b=x.length,c=a.pop(),d=a.length,c={url:c,origUrl:c,prefixes:a},e,f,g;for(f=0;f&lt;d;f++)g=a[f].split(&quot;=&quot;),(e=z[g.shift()])&amp;&amp;(c=e(c,g));for(f=0;f&lt;b;f++)c=x[f](c);return c}function g(a,e,f,g,h){var i=b(a),j=i.autoCallback;i.url.split(&quot;.&quot;).pop().split(&quot;?&quot;).shift(),i.bypass||(e&amp;&amp;(e=d(e)?e:e[a]||e[g]||e[a.split(&quot;/&quot;).pop().split(&quot;?&quot;)[0]]),i.instead?i.instead(a,e,f,g,h):(y[i.url]?i.noexec=!0:y[i.url]=1,f.load(i.url,i.forceCSS||!i.forceJS&amp;&amp;&quot;css&quot;==i.url.split(&quot;.&quot;).pop().split(&quot;?&quot;).shift()?&quot;c&quot;:c,i.noexec,i.attrs,i.timeout),(d(e)||d(j))&amp;&amp;f.load(function(){k(),e&amp;&amp;e(i.origUrl,h,g),j&amp;&amp;j(i.origUrl,h,g),y[i.url]=2})))}function h(a,b){function c(a,c){if(a){if(e(a))c||(j=function(){var a=[].slice.call(arguments);k.apply(this,a),l()}),g(a,j,b,0,h);else if(Object(a)===a)for(n in m=function(){var b=0,c;for(c in a)a.hasOwnProperty(c)&amp;&amp;b++;return b}(),a)a.hasOwnProperty(n)&amp;&amp;(!c&amp;&amp;!--m&amp;&amp;(d(j)?j=function(){var a=[].slice.call(arguments);k.apply(this,a),l()}:j[n]=function(a){return function(){var b=[].slice.call(arguments);a&amp;&amp;a.apply(this,b),l()}}(k[n])),g(a[n],j,b,n,h))}else!c&amp;&amp;l()}var h=!!a.test,i=a.load||a.both,j=a.callback||f,k=j,l=a.complete||f,m,n;c(h?a.yep:a.nope,!!i),i&amp;&amp;c(i)}var i,j,l=this.yepnope.loader;if(e(a))g(a,0,l,0);else if(w(a))for(i=0;i&lt;a.length;i++)j=a[i],e(j)?g(j,0,l,0):w(j)?B(j):Object(j)===j&amp;&amp;h(j,l);else Object(a)===a&amp;&amp;h(a,l)},B.addPrefix=function(a,b){z[a]=b},B.addFilter=function(a){x.push(a)},B.errorTimeout=1e4,null==b.readyState&amp;&amp;b.addEventListener&amp;&amp;(b.readyState=&quot;loading&quot;,b.addEventListener(&quot;DOMContentLoaded&quot;,A=function(){b.removeEventListener(&quot;DOMContentLoaded&quot;,A,0),b.readyState=&quot;complete&quot;},0)),a.yepnope=k(),a.yepnope.executeStack=h,a.yepnope.injectJs=function(a,c,d,e,i,j){var k=b.createElement(&quot;script&quot;),l,o,e=e||B.errorTimeout;k.src=a;for(o in d)k.setAttribute(o,d[o]);c=j?h:c||f,k.onreadystatechange=k.onload=function(){!l&amp;&amp;g(k.readyState)&amp;&amp;(l=1,c(),k.onload=k.onreadystatechange=null)},m(function(){l||(l=1,c(1))},e),i?k.onload():n.parentNode.insertBefore(k,n)},a.yepnope.injectCss=function(a,c,d,e,g,i){var e=b.createElement(&quot;link&quot;),j,c=i?h:c||f;e.href=a,e.rel=&quot;stylesheet&quot;,e.type=&quot;text/css&quot;;for(j in d)e.setAttribute(j,d[j]);g||(n.parentNode.insertBefore(e,n),m(c,0))}}(this,document),Modernizr.load=function(){yepnope.apply(window,[].slice.call(arguments,0))},Modernizr.addTest(&quot;cssremunit&quot;,function(){var a=document.createElement(&quot;div&quot;);try{a.style.fontSize=&quot;3rem&quot;}catch(b){}return/rem/.test(a.style.fontSize)});&#10;&lt;/script&gt;&#10;&#10;&#10;&#10;&#10;&#10;&#10;&#10;	&lt;script type=&quot;text/javascript&quot; src=&quot;//use.typekit.net/dsb2ydi.js&quot;&gt;&lt;/script&gt;&#10;	&lt;style type=&quot;text/css&quot;&gt;.tk-museo-sans{font-family:&quot;museo-sans&quot;,sans-serif;}.tk-source-sans-pro{font-family:&quot;source-sans-pro&quot;,sans-serif;}.tk-work-sans{font-family:&quot;work-sans&quot;,sans-serif;}&lt;/style&gt;&lt;style type=&quot;text/css&quot;&gt;@font-face{font-family:source-sans-pro;src:url(https://use.typekit.net/af/61f808/00000000000000003b9b3d63/27/l?primer=7cdcb44be4a7db8877ffa5c0007b8dd865b3bbc383831fe2ea177f62257a9191&amp;fvd=n4&amp;v=3) format(&quot;woff2&quot;),url(https://use.typekit.net/af/61f808/00000000000000003b9b3d63/27/d?primer=7cdcb44be4a7db8877ffa5c0007b8dd865b3bbc383831fe2ea177f62257a9191&amp;fvd=n4&amp;v=3) format(&quot;woff&quot;),url(https://use.typekit.net/af/61f808/00000000000000003b9b3d63/27/a?primer=7cdcb44be4a7db8877ffa5c0007b8dd865b3bbc383831fe2ea177f62257a9191&amp;fvd=n4&amp;v=3) format(&quot;opentype&quot;);font-weight:400;font-style:normal;font-display:auto;}@font-face{font-family:source-sans-pro;src:url(https://use.typekit.net/af/422d60/00000000000000003b9b3d67/27/l?primer=7cdcb44be4a7db8877ffa5c0007b8dd865b3bbc383831fe2ea177f62257a9191&amp;fvd=n7&amp;v=3) format(&quot;woff2&quot;),url(https://use.typekit.net/af/422d60/00000000000000003b9b3d67/27/d?primer=7cdcb44be4a7db8877ffa5c0007b8dd865b3bbc383831fe2ea177f62257a9191&amp;fvd=n7&amp;v=3) format(&quot;woff&quot;),url(https://use.typekit.net/af/422d60/00000000000000003b9b3d67/27/a?primer=7cdcb44be4a7db8877ffa5c0007b8dd865b3bbc383831fe2ea177f62257a9191&amp;fvd=n7&amp;v=3) format(&quot;opentype&quot;);font-weight:700;font-style:normal;font-display:auto;}@font-face{font-family:source-sans-pro;src:url(https://use.typekit.net/af/9373a0/00000000000000003b9b3d68/27/l?primer=7cdcb44be4a7db8877ffa5c0007b8dd865b3bbc383831fe2ea177f62257a9191&amp;fvd=i7&amp;v=3) format(&quot;woff2&quot;),url(https://use.typekit.net/af/9373a0/00000000000000003b9b3d68/27/d?primer=7cdcb44be4a7db8877ffa5c0007b8dd865b3bbc383831fe2ea177f62257a9191&amp;fvd=i7&amp;v=3) format(&quot;woff&quot;),url(https://use.typekit.net/af/9373a0/00000000000000003b9b3d68/27/a?primer=7cdcb44be4a7db8877ffa5c0007b8dd865b3bbc383831fe2ea177f62257a9191&amp;fvd=i7&amp;v=3) format(&quot;opentype&quot;);font-weight:700;font-style:italic;font-display:auto;}@font-face{font-family:source-sans-pro;src:url(https://use.typekit.net/af/ffb1e2/00000000000000003b9b3d64/27/l?primer=7cdcb44be4a7db8877ffa5c0007b8dd865b3bbc383831fe2ea177f62257a9191&amp;fvd=i4&amp;v=3) format(&quot;woff2&quot;),url(https://use.typekit.net/af/ffb1e2/00000000000000003b9b3d64/27/d?primer=7cdcb44be4a7db8877ffa5c0007b8dd865b3bbc383831fe2ea177f62257a9191&amp;fvd=i4&amp;v=3) format(&quot;woff&quot;),url(https://use.typekit.net/af/ffb1e2/00000000000000003b9b3d64/27/a?primer=7cdcb44be4a7db8877ffa5c0007b8dd865b3bbc383831fe2ea177f62257a9191&amp;fvd=i4&amp;v=3) format(&quot;opentype&quot;);font-weight:400;font-style:italic;font-display:auto;}@font-face{font-family:source-sans-pro;src:url(https://use.typekit.net/af/b6c887/00000000000000003b9b3d61/27/l?primer=7cdcb44be4a7db8877ffa5c0007b8dd865b3bbc383831fe2ea177f62257a9191&amp;fvd=n3&amp;v=3) format(&quot;woff2&quot;),url(https://use.typekit.net/af/b6c887/00000000000000003b9b3d61/27/d?primer=7cdcb44be4a7db8877ffa5c0007b8dd865b3bbc383831fe2ea177f62257a9191&amp;fvd=n3&amp;v=3) format(&quot;woff&quot;),url(https://use.typekit.net/af/b6c887/00000000000000003b9b3d61/27/a?primer=7cdcb44be4a7db8877ffa5c0007b8dd865b3bbc383831fe2ea177f62257a9191&amp;fvd=n3&amp;v=3) format(&quot;opentype&quot;);font-weight:300;font-style:normal;font-display:auto;}@font-face{font-family:work-sans;src:url(https://use.typekit.net/af/d53556/00000000000000003b9b139f/27/l?primer=7cdcb44be4a7db8877ffa5c0007b8dd865b3bbc383831fe2ea177f62257a9191&amp;fvd=n3&amp;v=3) format(&quot;woff2&quot;),url(https://use.typekit.net/af/d53556/00000000000000003b9b139f/27/d?primer=7cdcb44be4a7db8877ffa5c0007b8dd865b3bbc383831fe2ea177f62257a9191&amp;fvd=n3&amp;v=3) format(&quot;woff&quot;),url(https://use.typekit.net/af/d53556/00000000000000003b9b139f/27/a?primer=7cdcb44be4a7db8877ffa5c0007b8dd865b3bbc383831fe2ea177f62257a9191&amp;fvd=n3&amp;v=3) format(&quot;opentype&quot;);font-weight:300;font-style:normal;font-display:auto;}@font-face{font-family:work-sans;src:url(https://use.typekit.net/af/0f7d9c/00000000000000003b9b13a0/27/l?primer=7cdcb44be4a7db8877ffa5c0007b8dd865b3bbc383831fe2ea177f62257a9191&amp;fvd=n4&amp;v=3) format(&quot;woff2&quot;),url(https://use.typekit.net/af/0f7d9c/00000000000000003b9b13a0/27/d?primer=7cdcb44be4a7db8877ffa5c0007b8dd865b3bbc383831fe2ea177f62257a9191&amp;fvd=n4&amp;v=3) format(&quot;woff&quot;),url(https://use.typekit.net/af/0f7d9c/00000000000000003b9b13a0/27/a?primer=7cdcb44be4a7db8877ffa5c0007b8dd865b3bbc383831fe2ea177f62257a9191&amp;fvd=n4&amp;v=3) format(&quot;opentype&quot;);font-weight:400;font-style:normal;font-display:auto;}@font-face{font-family:work-sans;src:url(https://use.typekit.net/af/b13a2b/00000000000000003b9b13a3/27/l?primer=7cdcb44be4a7db8877ffa5c0007b8dd865b3bbc383831fe2ea177f62257a9191&amp;fvd=n7&amp;v=3) format(&quot;woff2&quot;),url(https://use.typekit.net/af/b13a2b/00000000000000003b9b13a3/27/d?primer=7cdcb44be4a7db8877ffa5c0007b8dd865b3bbc383831fe2ea177f62257a9191&amp;fvd=n7&amp;v=3) format(&quot;woff&quot;),url(https://use.typekit.net/af/b13a2b/00000000000000003b9b13a3/27/a?primer=7cdcb44be4a7db8877ffa5c0007b8dd865b3bbc383831fe2ea177f62257a9191&amp;fvd=n7&amp;v=3) format(&quot;opentype&quot;);font-weight:700;font-style:normal;font-display:auto;}&lt;/style&gt;&lt;script type=&quot;text/javascript&quot;&gt;&#10;		try {&#10;			Typekit.load();&#10;		} catch (e) {}&#10;	&lt;/script&gt;&#10;&#10;&#10;&lt;link rel=&quot;icon&quot; type=&quot;image/x-icon&quot; href=&quot;https://www.creditrepair.com/images/favicon.ico&quot;&gt;&#10;&#10;&#10;	&lt;link rel=&quot;canonical&quot; href=&quot;https://www.creditrepair.com/&quot;&gt;&#10;&#10;&#10;&#10;	&#10;		&lt;link rel=&quot;stylesheet&quot; href=&quot;/content/dam/credit-repair/common/css/normalize.css&quot; type=&quot;text/css&quot;&gt;&#10;	&#10;&#10;	&#10;		&lt;link rel=&quot;stylesheet&quot; href=&quot;/content/dam/credit-repair/common/css/site.css&quot; type=&quot;text/css&quot;&gt;&#10;	&#10;&#10;	&#10;		&lt;link rel=&quot;stylesheet&quot; href=&quot;/content/dam/credit-repair/common/css/index.css&quot; type=&quot;text/css&quot;&gt;&#10;	&#10;&#10;	&#10;		&lt;link rel=&quot;stylesheet&quot; href=&quot;/content/dam/credit-repair/common/css/nouislider.min.css&quot; type=&quot;text/css&quot;&gt;&#10;	&#10;&#10;	&#10;		&lt;link rel=&quot;stylesheet&quot; href=&quot;/content/dam/credit-repair/home/css/how-it-works.css&quot; type=&quot;text/css&quot;&gt;&#10;	&#10;&#10;	&#10;		&lt;link rel=&quot;stylesheet&quot; href=&quot;/content/dam/credit-repair/home/css/new-hero.css&quot; type=&quot;text/css&quot;&gt;&#10;	&#10;&#10;	&#10;		&lt;link rel=&quot;stylesheet&quot; href=&quot;/content/dam/credit-repair/home/css/hard-work.css&quot; type=&quot;text/css&quot;&gt;&#10;	&#10;&#10;&#10;&#10;&#10;&#10;&#10;&#10;&#10;&#10;&#10;&#10;&#10;&lt;title&gt;Credit Repair Services - CreditRepair.com&lt;/title&gt;&#10;&#10;  &lt;!--Lazy Load Images--&gt;&#10;&#10;  &lt;!-- Checks if foreach function exists --&gt;&#10;  &lt;script&gt;&#10;    if (typeof Array.prototype.forEach != &apos;function&apos;) {&#10;      Array.prototype.forEach = function (callback) {&#10;          for (var i = 0; i &lt; this.length; i++) {&#10;              callback.apply(this, [this[i], i, this]);&#10;          }&#10;      };&#10;    }&#10;&#10;    if (window.NodeList &amp;&amp; !NodeList.prototype.forEach) {&#10;        NodeList.prototype.forEach = Array.prototype.forEach;&#10;    }&#10;  &lt;/script&gt;&lt;script src=&quot;https://assets.adobedtm.com/extensions/EP5e9ec493dfa0465eaa797b523b09d3f7/AppMeasurement.min.js&quot; async=&quot;&quot;&gt;&lt;/script&gt;&lt;style id=&quot;at-makers-style&quot; class=&quot;at-flicker-control&quot;&gt;&#10;.mboxDefault {visibility: hidden;}&#10;&lt;/style&gt;&#10;&#10;  &lt;!-- LazyLoad Script --&gt;&#10;  &lt;script&gt;&#10;  document.addEventListener(&quot;DOMContentLoaded&quot;,function(){var lazyloadImages;if(&quot;IntersectionObserver&quot; in window){lazyloadImages=document.querySelectorAll(&quot;.lazy-loader&quot;);var imageObserver=new IntersectionObserver(function(entries,observer){entries.forEach(function(entry){if(entry.isIntersecting){var image=entry.target;image.src=image.dataset.src;image.classList.remove(&quot;lazy-loader&quot;);imageObserver.unobserve(image)}})});lazyloadImages.forEach(function(image){imageObserver.observe(image)})}else{var lazyloadThrottleTimeout;lazyloadImages=document.querySelectorAll(&quot;.lazy-loader&quot;);function lazyload(){if(lazyloadThrottleTimeout){clearTimeout(lazyloadThrottleTimeout)}&#10;  lazyloadThrottleTimeout=setTimeout(function(){var scrollTop=window.pageYOffset;lazyloadImages.forEach(function(img){if(img.offsetTop&lt;(window.innerHeight+scrollTop)){img.src=img.dataset.src;img.classList.remove(&apos;lazy-loader&apos;)}});if(lazyloadImages.length==0){document.removeEventListener(&quot;scroll&quot;,lazyload);window.removeEventListener(&quot;resize&quot;,lazyload);window.removeEventListener(&quot;orientationChange&quot;,lazyload)}},20)}&#10;  document.addEventListener(&quot;scroll&quot;,lazyload);window.addEventListener(&quot;resize&quot;,lazyload);window.addEventListener(&quot;orientationChange&quot;,lazyload)}})&#10;  &lt;/script&gt;&#10;&lt;script src=&quot;https://googleads.g.doubleclick.net/pagead/viewthroughconversion/995332405/?random=1602548683481&amp;amp;cv=9&amp;amp;fst=1602548683481&amp;amp;num=1&amp;amp;bg=ffffff&amp;amp;guid=ON&amp;amp;resp=GooglemKTybQhCsO&amp;amp;u_h=1050&amp;amp;u_w=1680&amp;amp;u_ah=1027&amp;amp;u_aw=1680&amp;amp;u_cd=30&amp;amp;u_his=2&amp;amp;u_tz=-360&amp;amp;u_java=false&amp;amp;u_nplug=0&amp;amp;u_nmime=0&amp;amp;gtm=2oa9u1&amp;amp;sendb=1&amp;amp;ig=1&amp;amp;data=event%3Dgtag.config&amp;amp;frm=0&amp;amp;url=https%3A%2F%2Fwww.creditrepair.com%2F&amp;amp;tiba=Credit%20Repair%20Services%20-%20CreditRepair.com&amp;amp;hn=www.googleadservices.com&amp;amp;async=1&amp;amp;rfmt=3&amp;amp;fmt=4&quot;&gt;&lt;/script&gt;&lt;script src=&quot;https://googleads.g.doubleclick.net/pagead/viewthroughconversion/1053751751/?random=1602548683489&amp;amp;cv=9&amp;amp;fst=1602548683489&amp;amp;num=1&amp;amp;bg=ffffff&amp;amp;guid=ON&amp;amp;resp=GooglemKTybQhCsO&amp;amp;u_h=1050&amp;amp;u_w=1680&amp;amp;u_ah=1027&amp;amp;u_aw=1680&amp;amp;u_cd=30&amp;amp;u_his=2&amp;amp;u_tz=-360&amp;amp;u_java=false&amp;amp;u_nplug=0&amp;amp;u_nmime=0&amp;amp;gtm=2oa9u1&amp;amp;sendb=1&amp;amp;ig=1&amp;amp;data=event%3Dgtag.config&amp;amp;frm=0&amp;amp;url=https%3A%2F%2Fwww.creditrepair.com%2F&amp;amp;tiba=Credit%20Repair%20Services%20-%20CreditRepair.com&amp;amp;hn=www.googleadservices.com&amp;amp;async=1&amp;amp;rfmt=3&amp;amp;fmt=4&quot;&gt;&lt;/script&gt;&lt;script&gt;&#10;if(window.navigator.userAgent.indexOf(&quot;Firefox/54&quot;) !== -1){&#10;    window.location.replace(&quot;https://www.creditrepair.com/signup/errors&quot;);&#10;}&#10;&lt;/script&gt;&lt;script type=&quot;text/javascript&quot;&gt;window.ttMETA=(typeof(window.ttMETA)!=&apos;undefined&apos;)?window.ttMETA:[];window.ttMETA.push({&apos;mbox&apos;:&apos;target-global-mbox&apos;,&apos;campaign&apos;:&apos;CR - Firefox Mozilla 54&apos;,&apos;experience&apos;:&apos;Experience A&apos;,&apos;offer&apos;:&apos;\/cr_-_firefox_mozilla54\/experiences\/0\/pages\/0\/zones\/0\/1579814183319&apos;});window.ttMBX=function(x){var mbxList=[];for(i=0;i&lt;ttMETA.length;i++){if(ttMETA[i].mbox==x.getName()){mbxList.push(ttMETA[i])}}return mbxList[x.getId()]};&lt;/script&gt;&lt;script src=&quot;https://googleads.g.doubleclick.net/pagead/viewthroughconversion/939232542/?random=1602548683520&amp;amp;cv=9&amp;amp;fst=1602548683520&amp;amp;num=1&amp;amp;bg=ffffff&amp;amp;guid=ON&amp;amp;resp=GooglemKTybQhCsO&amp;amp;u_h=1050&amp;amp;u_w=1680&amp;amp;u_ah=1027&amp;amp;u_aw=1680&amp;amp;u_cd=30&amp;amp;u_his=2&amp;amp;u_tz=-360&amp;amp;u_java=false&amp;amp;u_nplug=0&amp;amp;u_nmime=0&amp;amp;gtm=2oa9u1&amp;amp;sendb=1&amp;amp;ig=1&amp;amp;data=event%3Dgtag.config&amp;amp;frm=0&amp;amp;url=https%3A%2F%2Fwww.creditrepair.com%2F&amp;amp;tiba=Credit%20Repair%20Services%20-%20CreditRepair.com&amp;amp;hn=www.googleadservices.com&amp;amp;async=1&amp;amp;rfmt=3&amp;amp;fmt=4&quot;&gt;&lt;/script&gt;&lt;script src=&quot;https://googleads.g.doubleclick.net/pagead/viewthroughconversion/1070835421/?random=1602548683521&amp;amp;cv=9&amp;amp;fst=1602548683521&amp;amp;num=1&amp;amp;bg=ffffff&amp;amp;guid=ON&amp;amp;resp=GooglemKTybQhCsO&amp;amp;u_h=1050&amp;amp;u_w=1680&amp;amp;u_ah=1027&amp;amp;u_aw=1680&amp;amp;u_cd=30&amp;amp;u_his=2&amp;amp;u_tz=-360&amp;amp;u_java=false&amp;amp;u_nplug=0&amp;amp;u_nmime=0&amp;amp;gtm=2oa9u1&amp;amp;sendb=1&amp;amp;ig=1&amp;amp;data=event%3Dgtag.config&amp;amp;frm=0&amp;amp;url=https%3A%2F%2Fwww.creditrepair.com%2F&amp;amp;tiba=Credit%20Repair%20Services%20-%20CreditRepair.com&amp;amp;hn=www.googleadservices.com&amp;amp;async=1&amp;amp;rfmt=3&amp;amp;fmt=4&quot;&gt;&lt;/script&gt;&lt;script src=&quot;https://googleads.g.doubleclick.net/pagead/viewthroughconversion/989023685/?random=1602548683522&amp;amp;cv=9&amp;amp;fst=1602548683522&amp;amp;num=1&amp;amp;bg=ffffff&amp;amp;guid=ON&amp;amp;resp=GooglemKTybQhCsO&amp;amp;u_h=1050&amp;amp;u_w=1680&amp;amp;u_ah=1027&amp;amp;u_aw=1680&amp;amp;u_cd=30&amp;amp;u_his=2&amp;amp;u_tz=-360&amp;amp;u_java=false&amp;amp;u_nplug=0&amp;amp;u_nmime=0&amp;amp;gtm=2oa9u1&amp;amp;sendb=1&amp;amp;ig=1&amp;amp;data=event%3Dgtag.config&amp;amp;frm=0&amp;amp;url=https%3A%2F%2Fwww.creditrepair.com%2F&amp;amp;tiba=Credit%20Repair%20Services%20-%20CreditRepair.com&amp;amp;hn=www.googleadservices.com&amp;amp;async=1&amp;amp;rfmt=3&amp;amp;fmt=4&quot;&gt;&lt;/script&gt;&lt;script src=&quot;https://assets.adobedtm.com/86ff4ffaf311/91fa59baa986/df5783653241/RCb3df349f9f3848c69ba96abca2e5c384-source.min.js&quot; async=&quot;&quot;&gt;&lt;/script&gt;&lt;script async=&quot;&quot; src=&quot;https://static.hotjar.com/c/hotjar-1051427.js?sv=6&quot;&gt;&lt;/script&gt;&lt;script src=&quot;https://assets.adobedtm.com/86ff4ffaf311/91fa59baa986/df5783653241/RC8611781eab49420db98eb4c02654e909-source.min.js&quot; async=&quot;&quot;&gt;&lt;/script&gt;&lt;script type=&quot;text/javascript&quot; src=&quot;//solutions.invocacdn.com/js/networks/929/2814517279/tag-live.js&quot;&gt;&lt;/script&gt;&lt;script src=&quot;https://assets.adobedtm.com/86ff4ffaf311/91fa59baa986/df5783653241/RCcbdb608547f1477c866627c211240a6b-source.min.js&quot; async=&quot;&quot;&gt;&lt;/script&gt;&lt;script src=&quot;https://assets.adobedtm.com/86ff4ffaf311/91fa59baa986/df5783653241/RC4578e06347cb42b3909d0ee0992a78fa-source.min.js&quot; async=&quot;&quot;&gt;&lt;/script&gt;&lt;script src=&quot;https://assets.adobedtm.com/86ff4ffaf311/91fa59baa986/df5783653241/RC79b3ddbf0bb74289be07911486c9739c-source.min.js&quot; async=&quot;&quot;&gt;&lt;/script&gt;&lt;script src=&quot;https://assets.adobedtm.com/86ff4ffaf311/91fa59baa986/df5783653241/RCbacdaf62e88c492c9a39d0fc6e3c395a-source.min.js&quot; async=&quot;&quot;&gt;&lt;/script&gt;&lt;script src=&quot;https://assets.adobedtm.com/86ff4ffaf311/91fa59baa986/df5783653241/RCda9a817cddaa47f0b3dc9e845842e592-source.min.js&quot; async=&quot;&quot;&gt;&lt;/script&gt;&lt;script src=&quot;https://assets.adobedtm.com/86ff4ffaf311/91fa59baa986/df5783653241/RC92e7ee8604c84cb09f8c77f2e6eddd31-source.min.js&quot; async=&quot;&quot;&gt;&lt;/script&gt;&lt;script src=&quot;https://assets.adobedtm.com/86ff4ffaf311/91fa59baa986/df5783653241/RCf8ab8bb090e84638bc13ea956ae6a58a-source.min.js&quot; async=&quot;&quot;&gt;&lt;/script&gt;&lt;script src=&quot;https://assets.adobedtm.com/86ff4ffaf311/91fa59baa986/df5783653241/RC38216e65adbc4cbcbff6b23709853742-source.min.js&quot; async=&quot;&quot;&gt;&lt;/script&gt;&lt;script src=&quot;https://assets.adobedtm.com/86ff4ffaf311/91fa59baa986/df5783653241/RCb7eb3dc342c8479ea72c299f49900c48-source.min.js&quot; async=&quot;&quot;&gt;&lt;/script&gt;&lt;/head&gt;&#10;    &lt;body&gt;&#10;&#10;    &lt;script type=&quot;application/ld+json&quot;&gt;&#10;{&#10;  &quot;@context&quot;: &quot;https://schema.org&quot;,&#10;  &quot;@type&quot;: &quot;corporation&quot;,&#10;  &quot;name&quot;: &quot;CreditRepair.com&quot;,&#10;  &quot;legalName&quot;: &quot;CreditRepair.com&quot;,&#10;  &quot;url&quot;: &quot;https://www.creditrepair.com/&quot;,&#10;  &quot;description&quot;: &quot;CreditRepair.com empowers every individual to achieve the credit scores they deserve and enjoy a lifestyle of greater opportunity. We are beyond one-time credit repair; we are dedicated to helping you develop a healthier relationship with your credit.&quot;,&#10;  &quot;logo&quot;: &quot;https://www.creditrepair.com/images/credit-repair-logo.png&quot;,&#10;  &quot;sameAs&quot;: [&#10;    &quot;https://www.facebook.com/creditrepaircom&quot;,&#10;    &quot;https://twitter.com/creditrepair&quot;,&#10;    &quot;https://instagram.com/creditrepair.com&quot;,&#10;    &quot;http://www.youtube.com/CreditRepair&quot;,&#10;    &quot;https://www.linkedin.com/company/creditrepair-com&quot;,&#10;    &quot;https://www.youtube.com/channel/UC310gltUBa0VTGzZ-HdPyDw&quot;,&#10;    &quot;https://www.consumeraffairs.com/finance/creditrepaircom.html&quot;,&#10;    &quot;https://bestcompany.com/credit-repair/company/credit-repair-com&quot;],&#10;  &quot;foundingDate&quot;: &quot;1997&quot;,&#10;  &quot;contactPoint&quot; :  [{ &quot;@type&quot;: &quot;ContactPoint&quot;,&#10;    &quot;telephone&quot;: &quot;+1-833-813-1000&quot;,&#10;    &quot;contactType&quot;: &quot;customer service&quot;,&#10;    &quot;contactOption&quot;: &quot;TollFree&quot;,&#10;    &quot;areaServed&quot;: &quot;US&quot;&#10;  }&#10;  ],&#10;  &quot;location&quot;: {&#10;  &quot;@type&quot;: &quot;Place&quot;,&#10;    &quot;address&quot;: {&#10;      &quot;@type&quot;: &quot;PostalAddress&quot;,&#10;      &quot;addressLocality&quot;: &quot;West Valley City&quot;,&#10;      &quot;addressRegion&quot;: &quot;UT&quot;,&#10;      &quot;postalCode&quot;: &quot;84119&quot;,&#10;      &quot;streetAddress&quot;: &quot;2875 S Decker Lake Dr&quot;,&#10;      &quot;addressCountry&quot;:&quot;USA&quot;},&#10;  &quot;hasMap&quot;: &quot;https://maps.google.com/maps?cid=3673121874415033650&quot;&#10;}}  &#10;&lt;/script&gt;&#10;&#10;&lt;div class=&quot;content&quot;&gt;&#10;    &lt;div class=&quot;main&quot;&gt;&#10;        &#10;&#10;&#10;&lt;div class=&quot;aem-Grid aem-Grid--12 aem-Grid--default--12 &quot;&gt;&#10;    &#10;    &#10;    &#10;&lt;/div&gt;&#10;&#10;        &#10;&#10;&#10;&lt;div class=&quot;aem-Grid aem-Grid--12 aem-Grid--default--12 &quot;&gt;&#10;    &#10;    &lt;div class=&quot;htmlreference parbase aem-GridColumn aem-GridColumn--default--12&quot;&gt;&#10;    &lt;div id=&quot;header_wrapper&quot;&gt;&#10;	&lt;div class=&quot;container&quot;&gt;&#10;		&lt;a href=&quot;https://www.creditrepair.com&quot;&gt;&lt;img id=&quot;credit_repair_logo&quot; src=&quot;https://www.creditrepair.com/images/credit-repair-logo-416x66.png&quot; alt=&quot;CreditRepair.com&quot;&gt;&lt;/a&gt;&#10;		&lt;ul id=&quot;top_nav&quot;&gt;&#10;			&lt;li class=&quot;top_nav_member_login_wrapper&quot;&gt;&lt;a class=&quot;top_nav_member_login&quot; href=&quot;http://members.creditrepair.com&quot;&gt;Log In&lt;span class=&quot;top_nav_login_icon&quot;&gt;&lt;/span&gt;&lt;/a&gt;&lt;/li&gt;&#10;			&lt;li class=&quot;top_nav_sign_up_wrapper&quot;&gt;&lt;a class=&quot;top_nav_sign_up&quot; href=&quot;https://www.creditrepair.com/signup&quot;&gt;Sign Up Now&lt;/a&gt;&lt;/li&gt;&#10;		&lt;/ul&gt;&#10;		&lt;div id=&quot;mobile_nav_toggle&quot; class=&quot;&quot;&gt;Menu&lt;/div&gt;&#10;		&lt;ul id=&quot;navigation&quot; class=&quot;&quot;&gt;&#10;			&lt;li&gt;&lt;a href=&quot;https://www.creditrepair.com/fix-my-credit&quot;&gt;Fix My Credit&lt;/a&gt;&lt;/li&gt;&#10;			&lt;li&gt;&lt;a href=&quot;https://www.creditrepair.com/credit-education&quot;&gt;Credit Education&lt;/a&gt;&lt;/li&gt;&#10;			&lt;li&gt;&lt;a href=&quot;https://www.creditrepair.com/about-us&quot;&gt;About Us&lt;/a&gt;&lt;/li&gt;&#10;			&lt;li class=&quot;navigation_login_wrap&quot;&gt;&lt;a class=&quot;navigation_login_btn&quot; href=&quot;http://members.creditrepair.com&quot;&gt;Log&#10;					In&lt;span class=&quot;navigation_login_icon&quot;&gt;&lt;/span&gt;&lt;/a&gt;&lt;/li&gt;&#10;			&lt;li class=&quot;navigation_signup_wrap&quot;&gt;&lt;a class=&quot;navigation_signup_btn&quot; href=&quot;https://www.creditrepair.com/credit-snapshot/pi&quot;&gt;Sign Up Now&lt;/a&gt;&lt;/li&gt;&#10;		&lt;/ul&gt;&#10;	&lt;/div&gt;&#10;	&lt;section class=&quot;mobile_login_bar active&quot;&gt;&#10;		&lt;div class=&quot;hub-link&quot;&gt;&lt;a href=&quot;https://www.creditrepair.com/fix-my-credit&quot;&gt;Fix My Credit&lt;/a&gt;&lt;/div&gt;&#10;		&lt;div class=&quot;hub-link&quot;&gt;&lt;a href=&quot;https://www.creditrepair.com/credit-education&quot;&gt;Credit Education&lt;/a&gt;&lt;/div&gt;&#10;		&lt;div class=&quot;hub-link&quot;&gt;&lt;a href=&quot;https://www.creditrepair.com/about-us&quot;&gt;About Us&lt;/a&gt;&lt;/div&gt;&#10;&#10;		&lt;div class=&quot;bar-login&quot;&gt;&lt;a href=&quot;http://members.creditrepair.com&quot;&gt;Login&lt;/a&gt;&lt;/div&gt;&#10;	&lt;/section&gt;&#10;&lt;/div&gt;&#10;&#10;&lt;script&gt;&#10;	// CR Mobile Bar Functionality&#10;	$(window).scroll(function () {&#10;		100 &lt; $(window).scrollTop() ? $(&#10;			&quot;.mobile_login_bar&quot;&#10;		).addClass(&quot;active&quot;) : $(&#10;			&quot;.mobile_login_bar&quot;&#10;		).removeClass(&quot;active&quot;)&#10;	});&#10;&lt;/script&gt;&#10;&#10;&lt;/div&gt;&#10;&lt;div class=&quot;htmlreference parbase aem-GridColumn aem-GridColumn--default--12&quot;&gt;&#10;    &lt;div id=&quot;page_pop_background&quot;&gt;&lt;/div&gt;&#10;&lt;!-------------------------- CR Home Hero ----------------------------&gt;&#10;&lt;div class=&quot;cr-hero-main&quot;&gt;&#10;    &lt;div class=&quot;hero-boundaries&quot;&gt;&#10;        &lt;div class=&quot;hero-container&quot;&gt;&#10;&#10;            &lt;p class=&quot;heading&quot;&gt;&lt;span class=&quot;heading-bold&quot;&gt;They say&lt;/span&gt;bad credit is forever &lt;span class=&quot;heading-bold&quot;&gt;We say&lt;/span&gt;You can fix it&lt;/p&gt;&#10;&#10;            &lt;div class=&quot;hero-btn-container&quot;&gt;&#10;                &lt;div class=&quot;button-wrapper&quot;&gt;&#10;                    &lt;p class=&quot;sub-header&quot;&gt;Check your credit for FREE&lt;/p&gt;&#10;                    &lt;a class=&quot;call_btn&quot; href=&quot;/credit-snapshot/pi&quot; data-unique=&quot;phone-hero&quot;&gt;Get Started&lt;/a&gt;&#10;                    &lt;a class=&quot;signup-online&quot; data-unique=&quot;signup-hero&quot; href=&quot;/signup&quot;&gt;or sign up online »&lt;/a&gt;&#10;                &lt;/div&gt;&#10;            &lt;/div&gt;&#10;        &lt;/div&gt;&#10;&#10;        &lt;div class=&quot;hero-img&quot;&gt;&lt;/div&gt;&#10;&#10;        &lt;div class=&quot;button-wrapper-mobile&quot;&gt;&#10;            &lt;div class=&quot;button-wrapper&quot;&gt;&#10;                &lt;p class=&quot;sub-header&quot;&gt;It’s time you tried credit repair.&lt;/p&gt;&#10;                &lt;a class=&quot;call_btn&quot; href=&quot;/credit-snapshot/pi&quot; data-unique=&quot;phone-hero&quot;&gt;Get Started&lt;/a&gt;&#10;                &lt;a class=&quot;signup-online&quot; data-unique=&quot;signup-hero&quot; href=&quot;/signup&quot;&gt;or sign up online »&lt;/a&gt;&#10;            &lt;/div&gt;&#10;        &lt;/div&gt;&#10;    &lt;/div&gt;&#10;&lt;/div&gt;&#10;&#10;&lt;div class=&quot;modal&quot; style=&quot;display: none;&quot;&gt;&lt;/div&gt;&#10;&lt;div id=&quot;cr-modal&quot; style=&quot;display: none;&quot;&gt;&#10;    &lt;div class=&quot;modal-container&quot;&gt;&#10;        &lt;div class=&quot;modal-heading&quot;&gt;&#10;            &lt;span class=&quot;closeBtn&quot;&gt;✕&lt;/span&gt;&#10;            &lt;h1 class=&quot;modal-image&quot;&gt;&lt;/h1&gt;&#10;            &lt;h2&gt;You can improve your credit score.&lt;/h2&gt;&#10;        &lt;/div&gt;&#10;        &lt;div class=&quot;modal-content&quot;&gt;&#10;            &lt;p class=&quot;call-now-heading&quot;&gt;&lt;span&gt;－－－&lt;/span&gt; Get your FREE&#10;                &lt;span&gt;－－－&lt;/span&gt;&#10;            &lt;/p&gt;&#10;            &lt;ul class=&quot;credit-list&quot;&gt;&#10;                &lt;li&gt;Personalized credit consultation&lt;/li&gt;&#10;                &lt;li class=&quot;credit-rep&quot;&gt;Credit report summary&lt;/li&gt;&#10;                &lt;li&gt;Score evaluation &amp;amp; game plan&lt;/li&gt;&#10;            &lt;/ul&gt;&#10;            &lt;div class=&quot;modal-buttons&quot;&gt;&#10;                &lt;a class=&quot;call-now-btn&quot; href=&quot;/credit-snapshot/pi&quot; data-unique=&quot;phone-modal&quot;&gt;Get Started&lt;/a&gt;&#10;                &lt;a class=&quot;sign-up&quot; href=&quot;/signup&quot; data-unique=&quot;signup-modal&quot;&gt;or sign up online »&lt;/a&gt;&#10;            &lt;/div&gt;&#10;        &lt;/div&gt;&#10;    &lt;/div&gt;&#10;&lt;/div&gt;&#10;&lt;!-------------------------- End CR Home Hero ----------------------------&gt;&#10;&#10;&lt;/div&gt;&#10;&lt;div class=&quot;htmlreference parbase aem-GridColumn aem-GridColumn--default--12&quot;&gt;&#10;    &lt;style&gt;&#10;&#10;signup-v2 a{text-decoration:none;color:#007cba}&#10;button.submit-info,a.sign-up-button,a.modal-button{margin:0 auto;font-size:16px;color:#fff;background-color:#ff9807;border-width:0;border-radius:5px;cursor:pointer;position:relative;font-family:source-sans-pro,sans-serif;font-weight:400;text-decoration:none;text-transform:uppercase;letter-spacing:1px;padding:15px 25px;display:inline-block;text-align:center;line-height:normal;max-width:275px;min-width:60px}&#10;button.submit-info:before,a.sign-up-button:before,a.modal-button:before{content:&quot;&quot;;position:absolute;width:calc(100% - 45px);height:2px;bottom:10px;left:21px;background-color:#fff;visibility:hidden;-webkit-transform:scaleX(0);transform:scaleX(0);-webkit-transition:all .3s ease-in-out;transition:all .3s ease-in-out}&#10;button.submit-info:hover,a.sign-up-button:hover,a.modal-button:hover{background-color:#e78107}&#10;button.submit-info:hover:before,a.sign-up-button:hover:before,a.modal-button:hover:before{visibility:visible;-webkit-transform:scaleX(1);transform:scaleX(1)}&#10;button.submit-info:disabled,a.sign-up-button:disabled,a.modal-button:disabled{background:grey}&#10;section#signup-v2{padding:60px 10px 40px;color:#444;opacity:0;transition:opacity .3s ease-in-out;height:0;overflow:hidden; background: #fff;font-family:work-sans,sans-serif;font-weight:300}&#10;section#signup-v2.technical-error{opacity:1;height:auto}&#10;&#10;&#10;fieldset{border-width:0;padding:0;margin:0}&#10;div.block{display:inline-block;width:45%;margin:0 10px 20px;vertical-align:top}&#10;div.block input{width:100%;border:1px solid #a1a1a1;border-radius:3px;color:#a1a1a1;font-size:14px;padding:18px 10px 10px;box-sizing:border-box}&#10;div.block input::placeholder{font-size:14px;color:#bcbcbc;opacity:0}&#10;div.floating_label{position:relative}&#10;div.floating_label label{font-size:14px;opacity:.5;color:#444;position:absolute;top:15px;right:auto;left:11px;transition:all ease-in .2s;cursor:text}&#10;div.floating_label label.extra-label{top:8px;right:8px;left:auto;opacity:1}&#10;div.floating_label input:focus+label,div.floating_label input:valid+label,div.floating_label input:disabled+label{font-size:10px;top:6px;opacity:1}&#10;div.floating_label.field_error label{color:#de6f57}&#10;div.floating_label.field_error .emailError+label{font-size:10px;top:6px}&#10;.errors{background-color:#de6f57;width:100%;text-align:center;color:#fff;padding:10px 0;font-size:14px;line-height:16px;display:none}&#10;.errors .errors-icon{font-size:10px;font-weight:700;width:15px;height:15px;color:#de6f57;background-color:#fff;border-radius:50%;line-height:15px;display:inline-block;vertical-align:top;margin:0 5px}&#10;div.field_error input{border:1px solid #de6f57}&#10;div.field_error em.field-text{position:relative;display:block;background-color:transparent;color:#de6f57;font-size:12px;font-style:normal;top:auto;padding:5px 0 0 5px;transition:all .1s ease-in-out}&#10;div.field_error .field-icon{font-size:12px;font-weight:700;width:18px;height:18px;color:#fff;background-color:#de6f57;border-radius:50%;line-height:18px;display:block;position:absolute;text-align:center;top:13px;right:7px;transition:all .1s ease-in-out}&#10;div.field_error .field-icon:before{content:&apos;\0021&apos;}&#10;em.field-text,span.field-icon{display:none}&#10;.signature em.field-text{display:block;margin:10px 0 0}&#10;div.floating_label.field_pass label{color:#62ba96}&#10;div.field_pass input{border:1px solid #62ba96}&#10;div.field_pass em.field-text{position:relative;display:block;background-color:transparent;color:#62ba96;font-style:normal;font-size:12px;top:auto;padding:5px 0 0 0;transition:all .1s ease-in-out}&#10;div.field_pass .field-icon:before{content:&apos;\2713&apos;}&#10;div.field_pass .field-icon{font-size:18px;font-weight:700;color:#62ba96;border-radius:50%;line-height:18px;display:block;position:absolute;text-align:center;top:14px;right:10px;transition:all .1s ease-in-out}&#10;div.submit_button_wrap{width:100%;text-align:center;margin:20px auto 30px}&#10;div.loading-box{text-align:center;position:relative;padding-right:50px}&#10;div.loading-box.full-sized{padding:0;margin:0}&#10;.loading{opacity:0;border:6px solid rgba(255,152,7,0.7);border-top-color:rgba(255,152,7,0.9);border-radius:100%;height:40px;width:40px;display:none}&#10;.loading.start{opacity:1;display:inline-block;position:absolute;animation:rotate .8s infinite linear;transition:all .5s ease-in-out}&#10;div.loading-box.full-sized .loading{width:60px;height:60px;border:6px solid rgba(255,152,7,0.7);border-top-color:rgba(255,152,7,0.9)}&#10;div.loading-box.full-sized .loading.start{position:relative;margin:250px auto}&#10;@keyframes rotate{from{transform:rotate(0)}&#10;to{transform:rotate(359deg)}&#10;}&#10;@keyframes loading-text{0{opacity:0}&#10;100%{opacity:1}&#10;}&#10;.loading-text-1,.loading-text-2,.loading-text-3,.loading-text-4,.loading-text-5,.loading-text-6,.loading-text-7,.loading-text-8,.loading-text-9,.loading-text-10{opacity:0;display:inline-block}&#10;.loading-text-1.activate{animation:loading-text .3s .1s 1 normal forwards;animation-timing-function:ease-in}&#10;.loading-text-2.activate{animation:loading-text .3s .2s 1 normal forwards;animation-timing-function:ease-in}&#10;.loading-text-3.activate{animation:loading-text .3s .3s 1 normal forwards;animation-timing-function:ease-in}&#10;.loading-text-4.activate{animation:loading-text .3s .4s 1 normal forwards;animation-timing-function:ease-in}&#10;.loading-text-5.activate{animation:loading-text .3s .5s 1 normal forwards;animation-timing-function:ease-in}&#10;.loading-text-6.activate{animation:loading-text .3s .6s 1 normal forwards;animation-timing-function:ease-in}&#10;.loading-text-7.activate{animation:loading-text .3s .7s 1 normal forwards;animation-timing-function:ease-in}&#10;.loading-text-8.activate{animation:loading-text .3s .8s 1 normal forwards;animation-timing-function:ease-in}&#10;.loading-text-9.activate{animation:loading-text .3s .9s 1 normal forwards;animation-timing-function:ease-in}&#10;.loading-text-10.activate{animation:loading-text .3s 1s 1 normal forwards;animation-timing-function:ease-in}&#10;p.loading-text-box{display:none;margin-right:15px}&#10;p.loading-text-box span{text-align:center;font-size:20px;margin:0 3px;padding:10px 0;color:rgba(255,152,7,0.8);font-family:&apos;ProximaNova-Regular&apos;}&#10;.check-boundaries{opacity:0;display:none;justify-content:center;height:100%;position:relative;margin:0 auto;text-align:center;transition:opacity .3s ease-in-out}&#10;.check-boundaries.appear{display:block;opacity:1}&#10;.check-boundaries .box{margin:0 auto;width:50px;height:50px;background-color:rgba(98,186,150,0.048);border:1px solid #62ba96;border-radius:100%}&#10;.check-boundaries .box.appear{animation:check-boundaries-grow 1s forwards}&#10;.check-boundaries .check{width:10px;height:22px;transform:rotate(44deg);position:absolute;top:0;left:50%;margin-left:-7px;margin-top:8px}&#10;.check-boundaries .check:after{content:&quot;&quot;;width:100%;height:100%;border:3px solid #237e64;border-left-width:0;border-top-width:0;position:absolute;bottom:-2px;right:-6px}&#10;.check-boundaries .check.appear{animation:check-boundaries-cha 1.2s ease-in-out forwards}&#10;@keyframes check-boundaries-grow{0{transform:scale(0)}&#10;100%{transform:scale(1)}&#10;}&#10;@keyframes check-boundaries-cha{0{width:0;height:0}&#10;50%{width:0;height:11px}&#10;100%{width:10px;height:22px}&#10;}&#10;.error-boundaries{opacity:0;display:none;justify-content:center;height:100%;position:relative;margin:0 auto;text-align:center;transition:opacity .3s ease-in-out}&#10;.error-boundaries.appear{display:block;opacity:1}&#10;.error-boundaries .error-box{margin:0 auto;width:50px;height:50px;background-color:#cc5e4228;border:1px solid #cc5e42;border-radius:100%}&#10;.error-boundaries .error-box.appear{animation:error-boundaries-grow 1s forwards}&#10;.error-boundaries .error{width:30px;height:30px;transform:rotate(44deg);position:absolute;top:0;left:50%;margin-left:-11px;margin-top:-15px}&#10;.error-boundaries .error.appear{animation:error-boundaries-cha 1.2s ease-in-out forwards}&#10;.error-boundaries .error:after{content:&quot;\002B&quot;;width:100%;height:100%;color:#cc5e42;position:absolute;left:14px;bottom:-16px}&#10;@keyframes error-boundaries-grow{0{transform:scale(0)}&#10;100%{transform:scale(1)}&#10;}&#10;@keyframes error-boundaries-cha{0{font-size:0;width:0;height:0}&#10;50%{font-size:25px;width:0;height:15px}&#10;100%{font-size:50px;width:30px;height:30px}&#10;}&#10;.credit-consultations h2{font-weight:400;font-size:24px;color:#fff;margin:15px auto;display:none}&#10;.credit-consultations h2.disclaimer-pi{display:block;text-align:left;line-height:initial;max-width:600px;margin:0;}&#10;.credit-consultations h2.disclaimer-pi span{display:block;color:#fff;margin:5px auto; font-size: 28px;}&#10;.credit-consultations .subheader{font-weight: 400; font-size: 24px; color: #007cba;margin:15px auto;text-align:center}&#10;    @media screen and (max-width: 680px) {&#10;        .credit-consultations h2 { font-size: 16px;}&#10;        .credit-consultations h2.disclaimer-pi span { font-size: 22px;}&#10;        .credit-consultations h2.disclaimer-pi { border: none; padding: 0;}&#10;    }&#10;    &#10;.credit-perks{width:300px;margin:0 auto;padding:0;}&#10;.credit-perks .free-perks{width:100%;margin:0 auto;text-align:start;padding-bottom:10px}&#10;.credit-perks .checkbox-green{position:relative;display:inline-block;vertical-align:top}&#10;.credit-perks .checkbox-green .box{margin:0 auto;width:20px;height:20px;border:1px solid #afd852;border-radius:100%}&#10;.credit-perks .checkbox-green .check{width:4px;height:9px;transform:rotate(44deg);position:absolute;top:0;left:50%;margin-left:-5px;margin-top:3px}&#10;.credit-perks .checkbox-green .check:after{content:&quot;&quot;;width:100%;height:100%;border:3px solid #afd852;border-left-width:0;border-top-width:0;position:absolute;bottom:-2px;right:-6px}&#10;.credit-perks .checkbox-text{position:relative;display:inline-block;padding-left:5px;vertical-align:sub}&#10;.step1-wrapper{max-width:600px;margin:0 auto}&#10;.step1-wrapper h2{font-weight:400;font-size:24px;color:#007cba;margin:15px auto;display:none}&#10;.step1-wrapper h2.disclaimer-pi{display:block;text-align:center;line-height:initial}&#10;.step1-wrapper .subheader{ font-size:18px;margin:15px auto;text-align:center;line-height:initial}&#10;&#10;form#Signup-Form,form#Signup-Form-ffhd{margin:0 auto;padding:15px 0}&#10;form#Signup-Form-ffhd{display:none}&#10;div.ffhd-box .styled_checkbox{display:inline-block;margin:10px 0 0 20px;vertical-align:top}&#10;div.ffhd-box label{display:inline-block;width:75%;margin:0 auto;line-height:1.3;font-weight:500;cursor:pointer}&#10;div.ffhd-box label.ffhd-check-text{width:initial;display:inline-block;vertical-align:top;margin:10px 0 0 0;font-weight:500;cursor:pointer}&#10;.styled_checkbox label{position:absolute;top:0;left:0;width:19px;height:19px;cursor:pointer}&#10;div.disclaimer_wrap{font-size:12px;color:#444;line-height:16px}&#10;&#10;.styled_checkbox{border-radius:0;background-color:#fff;border:2px solid #444;display:inline-block;width:12px;height:12px;cursor:pointer;vertical-align:middle;position:relative}&#10;.styled_checkbox input[type=&quot;checkbox&quot;]{visibility:hidden}&#10;.styled_checkbox label:after{content:&apos;&apos;;background:transparent;top:1px;left:1px;width:8px;height:4px;border:2px solid #444;border-top:0;border-right:0;position:absolute;opacity:0;transform:rotate(-45deg)}&#10;.styled_checkbox input[type=checkbox]:checked+label:after{opacity:1;-ms-filter:&quot;alpha(opacity=100)&quot;}&#10;.cert_wrapper{text-align:center;margin:30px auto}&#10;#friend-family-sign-up{max-width:615px;padding:0 5px;margin:40px auto 0}&#10;div.friend-family-referal-box{border:1px solid #63a70a;color:#444;background-color:#f5f5f5;max-width:450px;font-weight:500;margin:0 auto;padding:15px 0;text-align:center}&#10;div.friend-family-referal-box hr{border-top:1px solid silver;border-bottom-width:0;margin:15px auto;width:85%}&#10;div.friend-family-referal-box p{font-size:16px;max-width:300px;margin:25px auto;font-weight:300;line-height:20px}&#10;div.friend-family-referal-box strong{font-weight:700}&#10;button.sign-up-referral:before{width:96px}&#10;div.friend-family-referal-box p.sign-up-disclaimer{font-size:14px;color:#444}&#10;&#10;@media only screen and (max-width:768px){&#10;section#signup-v2{padding:40px 10px}&#10;}&#10;&#10;@media only screen and (max-width:500px){&#10;form#Signup-Form,form#Signup-Form-ffhd{padding:0}&#10;div.block{display:block;width:100%;margin:15px auto}&#10;div.ffhd-box .styled_checkbox{margin:20px 0 0 5px}&#10;div.ffhd-box label.ffhd-check-text{margin:20px 0 0}&#10;}&#10;&#10;&lt;/style&gt;&#10;&#10;&#10;&lt;section id=&quot;signup-v2&quot; style=&quot;opacity: 1; height: auto;&quot;&gt;&#10;    &lt;div class=&quot;credit-consultations&quot;&gt;&lt;p class=&quot;subheader&quot;&gt;Get your FREE online credit evaluation now&lt;/p&gt;&lt;/div&gt;&#10;    &lt;div class=&quot;credit-perks&quot;&gt;&#10;        &lt;div class=&quot;free-perks&quot;&gt;&#10;            &lt;div class=&quot;checkbox-green&quot;&gt;&#10;                &lt;div class=&quot;box&quot;&gt;&lt;/div&gt;&#10;                &lt;div class=&quot;check&quot;&gt;&lt;/div&gt;&#10;            &lt;/div&gt;&#10;            &lt;div class=&quot;checkbox-text&quot;&gt;FREE credit score&lt;/div&gt;&#10;        &lt;/div&gt;&#10;        &lt;div class=&quot;free-perks&quot;&gt;&#10;            &lt;div class=&quot;checkbox-green&quot;&gt;&#10;                &lt;div class=&quot;box&quot;&gt;&lt;/div&gt;&#10;                &lt;div class=&quot;check&quot;&gt;&lt;/div&gt;&#10;            &lt;/div&gt;&#10;            &lt;div class=&quot;checkbox-text&quot;&gt;FREE negative item summary&lt;/div&gt;&#10;        &lt;/div&gt;&#10;        &lt;div class=&quot;free-perks&quot;&gt;&#10;            &lt;div class=&quot;checkbox-green&quot;&gt;&#10;                &lt;div class=&quot;box&quot;&gt;&lt;/div&gt;&#10;                &lt;div class=&quot;check&quot;&gt;&lt;/div&gt;&#10;            &lt;/div&gt;&#10;            &lt;div class=&quot;checkbox-text&quot;&gt;FREE recommended credit solution&lt;/div&gt;&#10;        &lt;/div&gt;&#10;    &lt;/div&gt;&#10;    &lt;div class=&quot;step1-wrapper&quot;&gt;&#10;        &lt;h2 class=&quot;disclaimer-pi&quot;&gt;First, we need some info to pull your credit.&lt;/h2&gt;&#10;        &lt;p class=&quot;subheader&quot;&gt;Don’t worry—this is completely secure and won’t hurt your score. And did we mention it’s FREE?&lt;/p&gt;&#10;        &lt;form name=&quot;Signup-Form&quot; id=&quot;Signup-Form&quot; method=&quot;POST&quot; action=&quot;&quot; onsubmit=&quot;&quot; novalidate=&quot;novalidate&quot;&gt;&#10;            &lt;fieldset class=&quot;contact_info&quot;&gt;&#10;                &lt;div class=&quot;block floating_label first_name field_pass&quot;&gt;&#10;                    &lt;input type=&quot;text&quot; required=&quot;&quot; id=&quot;FirstName&quot; class=&quot;input_first_name is-valid&quot; name=&quot;firstName&quot; maxlength=&quot;25&quot; value=&quot;&quot; data-rule-validchar=&quot;true&quot; aria-required=&quot;true&quot; aria-invalid=&quot;false&quot;&gt; &lt;label for=&quot;FirstName&quot;&gt;First Name&lt;/label&gt;&#10;                    &lt;em class=&quot;field-text&quot;&gt;&lt;/em&gt; &lt;span class=&quot;field-icon&quot;&gt;&lt;/span&gt;&#10;                &lt;/div&gt;&#10;                &lt;div class=&quot;block floating_label last_name field_pass&quot;&gt;&#10;                    &lt;input type=&quot;text&quot; required=&quot;&quot; id=&quot;LastName&quot; class=&quot;input_last_name is-valid&quot; name=&quot;lastName&quot; maxlength=&quot;25&quot; value=&quot;&quot; data-rule-validchar=&quot;true&quot; aria-required=&quot;true&quot; aria-invalid=&quot;false&quot;&gt; &lt;label for=&quot;LastName&quot;&gt;Last Name&lt;/label&gt;&#10;                    &lt;em class=&quot;field-text&quot;&gt;&lt;/em&gt; &lt;span class=&quot;field-icon&quot;&gt;&lt;/span&gt;&#10;                &lt;/div&gt;&#10;                &lt;div class=&quot;block floating_label email field_pass&quot;&gt;&#10;                    &lt;input type=&quot;email&quot; required=&quot;&quot; id=&quot;Email&quot; class=&quot;input_email is-valid&quot; name=&quot;address&quot; maxlength=&quot;50&quot; value=&quot;&quot; data-rule-email=&quot;true&quot; aria-required=&quot;true&quot; aria-invalid=&quot;false&quot;&gt; &lt;label for=&quot;Email&quot;&gt;Email&lt;/label&gt; &lt;em class=&quot;field-text&quot;&gt;&lt;/em&gt;&#10;                    &lt;span class=&quot;field-icon&quot;&gt;&lt;/span&gt;&#10;                &lt;/div&gt;&#10;                &lt;div class=&quot;block floating_label phone1 field_pass&quot;&gt;&#10;                    &lt;input type=&quot;tel&quot; required=&quot;&quot; id=&quot;Phone&quot; class=&quot;input_phone1 is-valid&quot; name=&quot;number&quot; value=&quot;&quot; data-rule-phoneus=&quot;true&quot; data-form-format-helper=&quot;formatPhoneNumber&quot; aria-required=&quot;true&quot; maxlength=&quot;14&quot; inputmode=&quot;text&quot; aria-invalid=&quot;false&quot;&gt;&#10;                    &lt;label for=&quot;Phone&quot;&gt;Phone&lt;/label&gt; &lt;em class=&quot;field-text&quot;&gt;&lt;/em&gt; &lt;span class=&quot;field-icon&quot;&gt;&lt;/span&gt;&#10;                &lt;/div&gt;&#10;                &lt;div class=&quot;block floating_label street field_pass&quot;&gt;&#10;                    &lt;input type=&quot;text&quot; required=&quot;&quot; id=&quot;Address&quot; class=&quot;input_street is-valid&quot; name=&quot;line1&quot; maxlength=&quot;60&quot; value=&quot;&quot; data-rule-validchar=&quot;true&quot; aria-required=&quot;true&quot; aria-invalid=&quot;false&quot;&gt; &lt;label for=&quot;Address&quot;&gt;Street Address&lt;/label&gt;&#10;                    &lt;em class=&quot;field-text&quot;&gt;&lt;/em&gt; &lt;span class=&quot;field-icon&quot;&gt;&lt;/span&gt;&#10;                &lt;/div&gt;&#10;                &lt;div class=&quot;block floating_label zip field_pass&quot;&gt;&#10;                    &lt;input type=&quot;tel&quot; required=&quot;&quot; id=&quot;Zip&quot; class=&quot;input_zip is-valid&quot; name=&quot;zipCode&quot; data-form-format-helper=&quot;forceNumeric&quot; data-rule-zipcodeus=&quot;true&quot; maxlength=&quot;5&quot; value=&quot;&quot; aria-required=&quot;true&quot; aria-invalid=&quot;false&quot;&gt; &lt;label for=&quot;Zip&quot;&gt;Zip Code&lt;/label&gt;&#10;                    &lt;em class=&quot;field-text&quot;&gt;&lt;/em&gt; &lt;span class=&quot;field-icon&quot;&gt;&lt;/span&gt;&#10;                    &lt;a style=&quot;display: none; color: rgb(45, 158, 215); text-decoration: underline;&quot; class=&quot;california-policy-btn&quot; href=&quot;/privacy-policy#california-policy&quot; target=&quot;_blank&quot;&gt;California Privacy Rights&lt;/a&gt;&#10;                &lt;/div&gt;&#10;            &lt;/fieldset&gt;&#10;            &lt;div class=&quot;ffhd-box&quot; style=&quot;display: none;&quot;&gt;&#10;                &lt;label for=&quot;yes-ffd&quot;&gt;Would you like to sign up with a friend or family member today and each receive 50% off your first work fee?&lt;/label&gt;&#10;                &lt;div class=&quot;styled_checkbox&quot; style=&quot;margin-bottom: 5px;&quot;&gt;&lt;input type=&quot;checkbox&quot; value=&quot;yes&quot; class=&quot;signup-checkbox&quot; id=&quot;yes-ffd&quot; name=&quot;ffhd-check&quot;&gt; &lt;label for=&quot;yes-ffd&quot;&gt;&lt;/label&gt;&lt;/div&gt;&#10;                &lt;label for=&quot;yes-ffd&quot; class=&quot;ffhd-check-text&quot;&gt;Yes&lt;/label&gt;&#10;            &lt;/div&gt;&#10;        &lt;/form&gt;&#10;        &lt;h2 class=&quot;family-sign-up-wording&quot;&gt;Friend or Family Member&apos;s Contact Information&lt;/h2&gt;&#10;        &lt;form name=&quot;Signup-Form-ffhd&quot; id=&quot;Signup-Form-ffhd&quot; method=&quot;POST&quot; action=&quot;&quot; onsubmit=&quot;&quot; novalidate=&quot;novalidate&quot;&gt;&#10;            &lt;input type=&quot;hidden&quot; name=&quot;last_step&quot; value=&quot;step1&quot;&gt;&#10;            &lt;fieldset class=&quot;contact_info&quot;&gt;&#10;                &lt;div class=&quot;block floating_label first_name&quot;&gt;&#10;                    &lt;input type=&quot;text&quot; required=&quot;&quot; id=&quot;FirstName-ffhd&quot; class=&quot;input_first_name&quot; name=&quot;firstName&quot; maxlength=&quot;25&quot; value=&quot;&quot; data-rule-validchar=&quot;true&quot; aria-required=&quot;true&quot;&gt; &lt;label for=&quot;FirstName&quot;&gt;First Name&lt;/label&gt;&#10;                    &lt;em class=&quot;field-text&quot;&gt;&lt;/em&gt; &lt;span class=&quot;field-icon&quot;&gt;&lt;/span&gt;&#10;                &lt;/div&gt;&#10;                &lt;div class=&quot;block floating_label last_name&quot;&gt;&#10;                    &lt;input type=&quot;text&quot; required=&quot;&quot; id=&quot;LastName-ffhd&quot; class=&quot;input_last_name&quot; name=&quot;lastName&quot; maxlength=&quot;25&quot; value=&quot;&quot; data-rule-validchar=&quot;true&quot; aria-required=&quot;true&quot;&gt; &lt;label for=&quot;LastName&quot;&gt;Last Name&lt;/label&gt;&#10;                    &lt;em class=&quot;field-text&quot;&gt;&lt;/em&gt; &lt;span class=&quot;field-icon&quot;&gt;&lt;/span&gt;&#10;                &lt;/div&gt;&#10;                &lt;div class=&quot;block floating_label email&quot;&gt;&#10;                    &lt;input type=&quot;email&quot; required=&quot;&quot; id=&quot;Email-ffhd&quot; class=&quot;input_email&quot; name=&quot;address&quot; maxlength=&quot;50&quot; value=&quot;&quot; data-rule-email=&quot;true&quot; aria-required=&quot;true&quot;&gt; &lt;label for=&quot;Email&quot;&gt;Email&lt;/label&gt; &lt;em class=&quot;field-text&quot;&gt;&lt;/em&gt;&#10;                    &lt;span class=&quot;field-icon&quot;&gt;&lt;/span&gt;&#10;                &lt;/div&gt;&#10;                &lt;div class=&quot;block floating_label phone1&quot;&gt;&#10;                    &lt;input type=&quot;tel&quot; required=&quot;&quot; id=&quot;Phone-ffhd&quot; class=&quot;input_phone1&quot; name=&quot;number&quot; value=&quot;&quot; data-rule-phoneus=&quot;true&quot; data-form-format-helper=&quot;formatPhoneNumber&quot; aria-required=&quot;true&quot; maxlength=&quot;14&quot; inputmode=&quot;text&quot;&gt;&#10;                    &lt;label for=&quot;Phone&quot;&gt;Phone&lt;/label&gt; &lt;em class=&quot;field-text&quot;&gt;&lt;/em&gt; &lt;span class=&quot;field-icon&quot;&gt;&lt;/span&gt;&#10;                &lt;/div&gt;&#10;                &lt;div class=&quot;block floating_label street&quot;&gt;&#10;                    &lt;input type=&quot;text&quot; required=&quot;&quot; id=&quot;Address-ffhd&quot; class=&quot;input_street&quot; name=&quot;line1&quot; maxlength=&quot;60&quot; value=&quot;&quot; data-rule-validchar=&quot;true&quot; aria-required=&quot;true&quot;&gt; &lt;label for=&quot;Address&quot;&gt;Street Address&lt;/label&gt;&#10;                    &lt;em class=&quot;field-text&quot;&gt;&lt;/em&gt; &lt;span class=&quot;field-icon&quot;&gt;&lt;/span&gt;&#10;                &lt;/div&gt;&#10;                &lt;div class=&quot;block floating_label zip&quot;&gt;&#10;                    &lt;input type=&quot;tel&quot; required=&quot;&quot; id=&quot;Zip-ffhd&quot; class=&quot;input_zip&quot; name=&quot;zipCode&quot; data-form-format-helper=&quot;forceNumeric&quot; data-rule-zipcodeus=&quot;true&quot; maxlength=&quot;5&quot; value=&quot;&quot; aria-required=&quot;true&quot;&gt;&#10;                    &lt;label for=&quot;Zip&quot;&gt;Zip Code&lt;/label&gt; &lt;em class=&quot;field-text&quot;&gt;&lt;/em&gt; &lt;span class=&quot;field-icon&quot;&gt;&lt;/span&gt;&#10;                    &lt;a style=&quot;display: none; color: #2d9ed7; text-decoration: underline;&quot; class=&quot;california-policy-btn&quot; href=&quot;/privacy-policy#california-policy&quot; target=&quot;_blank&quot;&gt;California Privacy Rights&lt;/a&gt;&#10;                &lt;/div&gt;&#10;            &lt;/fieldset&gt;&#10;        &lt;/form&gt;&#10;        &lt;div class=&quot;submit_button_wrap&quot;&gt;&#10;            &lt;button type=&quot;submit&quot; name=&quot;contact-info-submit&quot; class=&quot;submit-info submit-button&quot; autocomplete=&quot;off&quot; disabled=&quot;disabled&quot; style=&quot;pointer-events: none;&quot;&gt;NEXT&lt;/button&gt;&#10;            &lt;div class=&quot;loading-box&quot;&gt;&#10;                &lt;p class=&quot;loading-text-box loading-text-anim&quot;&gt;&#10;                    &lt;span class=&quot;loading-text-1&quot;&gt;l&lt;/span&gt; &lt;span class=&quot;loading-text-2&quot;&gt;o&lt;/span&gt; &lt;span class=&quot;loading-text-3&quot;&gt;a&lt;/span&gt; &lt;span class=&quot;loading-text-4&quot;&gt;d&lt;/span&gt; &lt;span class=&quot;loading-text-5&quot;&gt;i&lt;/span&gt;&#10;                    &lt;span class=&quot;loading-text-6&quot;&gt;n&lt;/span&gt; &lt;span class=&quot;loading-text-7&quot;&gt;g&lt;/span&gt; &lt;span class=&quot;loading-text-8&quot;&gt;.&lt;/span&gt; &lt;span class=&quot;loading-text-9&quot;&gt;.&lt;/span&gt; &lt;span class=&quot;loading-text-10&quot;&gt;.&lt;/span&gt;&#10;                &lt;/p&gt;&#10;                &lt;div class=&quot;loading&quot;&gt;&lt;/div&gt;&#10;            &lt;/div&gt;&#10;            &lt;div class=&quot;check-boundaries createUser&quot;&gt;&#10;                &lt;div class=&quot;box createUser&quot;&gt;&lt;/div&gt;&#10;                &lt;div class=&quot;check createUser&quot;&gt;&lt;/div&gt;&#10;            &lt;/div&gt;&#10;            &lt;div class=&quot;error-boundaries createUser&quot;&gt;&#10;                &lt;div class=&quot;error-box createUser&quot;&gt;&lt;/div&gt;&#10;                &lt;div class=&quot;error createUser&quot;&gt;&lt;/div&gt;&#10;            &lt;/div&gt;&#10;        &lt;/div&gt;&#10;        &lt;div class=&quot;disclaimer_wrap&quot;&gt;&#10;            &lt;p&gt;&#10;                By clicking &apos;NEXT&apos; I agree by electronic signature to: (1) be contacted by credit repair or credit repair marketing by a live agent, artificial or prerecorded voice,and SMS text at my residential or cellular number, dialed&#10;                manually or by autodialer, and by email (consent to be contacted is not a condition to purchase services); and (2) the &lt;a href=&quot;https://www.creditrepair.com/privacy-policy&quot; target=&quot;_blank&quot;&gt;Privacy Policy&lt;/a&gt; and&#10;                &lt;a href=&quot;https://www.creditrepair.com/terms-of-use&quot; target=&quot;_blank&quot;&gt;Terms of Use&lt;/a&gt; (including this &lt;a href=&quot;https://www.creditrepair.com/terms-of-use#arbitration-provision&quot; target=&quot;_blank&quot;&gt;arbitration Provision&lt;/a&gt;).&#10;            &lt;/p&gt;&#10;        &lt;/div&gt;&#10;        &lt;div class=&quot;cert_wrapper&quot;&gt;&#10;            &lt;span id=&quot;siteseal&quot;&gt;&lt;img style=&quot;cursor:pointer;cursor:hand&quot; src=&quot;https://seal.godaddy.com/images/3/en/siteseal_gd_3_h_l_m.gif&quot; onclick=&quot;verifySeal();&quot; alt=&quot;SSL site seal - click to verify&quot;&gt;&lt;/span&gt;&#10;        &lt;/div&gt;&#10;    &lt;/div&gt;&#10;&lt;/section&gt;&#10;&#10;&#10;&lt;/div&gt;&#10;&lt;div class=&quot;htmlreference parbase aem-GridColumn aem-GridColumn--default--12&quot;&gt;&#10;    &lt;!-------------------------- Hard at Work ----------------------------&gt;&#10;&lt;div class=&quot;hard-work-wrapper&quot;&gt;&#10;    &lt;div class=&quot;hard-work&quot;&gt;&#10;&#10;        &lt;h2&gt;We&apos;ve been hard at work for our members&lt;/h2&gt;&#10;&#10;        &lt;div class=&quot;chart-wrapper&quot;&gt;&#10;            &lt;div class=&quot;circle1-wrapper&quot;&gt;&#10;                &lt;div class=&quot;circle-padding&quot;&gt;&#10;                    &lt;div class=&quot;circle-icon&quot;&gt;&lt;/div&gt;&#10;                    &lt;div class=&quot;number&quot;&gt;1.8+ million&lt;/div&gt;&#10;                    &lt;div class=&quot;big-content&quot;&gt;removals&lt;/div&gt;&#10;                    &lt;div class=&quot;small-content&quot;&gt;since 2012&lt;/div&gt;&#10;                &lt;/div&gt;&#10;            &lt;/div&gt;&#10;&#10;            &lt;div class=&quot;circle2-wrapper&quot;&gt;&#10;                &lt;div class=&quot;circle-padding&quot;&gt;&#10;                    &lt;div class=&quot;circle-icon&quot;&gt;&lt;/div&gt;&#10;                    &lt;div class=&quot;number&quot;&gt;19+ million&lt;/div&gt;&#10;                    &lt;div class=&quot;big-content&quot;&gt;challenges &lt;span&gt;&amp;amp;&lt;/span&gt; disputes&lt;/div&gt;&#10;                    &lt;div class=&quot;small-content&quot;&gt;sent since we started business&lt;/div&gt;&#10;                &lt;/div&gt;&#10;            &lt;/div&gt;&#10;&#10;            &lt;div class=&quot;circle3-wrapper&quot;&gt;&#10;                &lt;div class=&quot;circle-padding&quot;&gt;&#10;                    &lt;div class=&quot;circle-icon&quot;&gt;&lt;/div&gt;&#10;                    &lt;div class=&quot;number&quot;&gt;1+ million&lt;/div&gt;&#10;                    &lt;div class=&quot;big-content&quot;&gt;interventions&lt;/div&gt;&#10;                    &lt;div class=&quot;small-content&quot;&gt;sent in 2019&lt;/div&gt;&#10;                &lt;/div&gt;&#10;            &lt;/div&gt;&#10;        &lt;/div&gt;&#10;&#10;        &lt;div class=&quot;btn-wrapper&quot;&gt;&#10;            &lt;a class=&quot;btn-new&quot; href=&quot;/credit-snapshot/pi&quot;&gt;Get Started&lt;/a&gt;&#10;            &lt;div&gt;&lt;a class=&quot;text-link&quot; href=&quot;/signup&quot;&gt;or sign up online »&lt;/a&gt;&lt;/div&gt;&#10;        &lt;/div&gt;&#10;    &lt;/div&gt;&#10;&lt;/div&gt;&#10;&lt;!-------------------------- End Hard at Work ----------------------------&gt;&#10;&#10;&lt;/div&gt;&#10;&lt;div class=&quot;htmlreference parbase aem-GridColumn aem-GridColumn--default--12&quot;&gt;&#10;    &lt;!-------------------------- How Credit Works ----------------------------&gt;&#10;&lt;div id=&quot;how-works-new-wrapper&quot;&gt;&#10;    &lt;div class=&quot;how-works-new-container&quot;&gt;&#10;        &lt;h2&gt;How credit repair works&lt;/h2&gt;&#10;&#10;        &lt;div class=&quot;how-works-col-wrapper&quot;&gt;&#10;            &lt;div class=&quot;how-works-icon challenge&quot;&gt;&lt;/div&gt;&#10;            &lt;div&gt;&#10;                &lt;div class=&quot;how-works-title&quot;&gt;Challenge&lt;/div&gt;&#10;                &lt;div class=&quot;how-works-content&quot;&gt;We challenge your questionable negative items with all three bureaus,&#10;                    ensuring your credit reports are accurate and fair.&lt;/div&gt;&#10;            &lt;/div&gt;&#10;        &lt;/div&gt;&#10;&#10;        &lt;div class=&quot;how-works-col-wrapper&quot;&gt;&#10;            &lt;div class=&quot;how-works-icon dispute&quot;&gt;&lt;/div&gt;&#10;            &lt;div&gt;&#10;                &lt;div class=&quot;how-works-title&quot;&gt;Dispute&lt;/div&gt;&#10;                &lt;div class=&quot;how-works-content&quot;&gt;We ask your creditors to verify the negative items they’re reporting. If&#10;                    they can’t, they are required by law to stop reporting them.&lt;/div&gt;&#10;            &lt;/div&gt;&#10;        &lt;/div&gt;&#10;&#10;        &lt;div class=&quot;how-works-col-wrapper&quot;&gt;&#10;            &lt;div class=&quot;how-works-icon monitor&quot;&gt;&lt;/div&gt;&#10;            &lt;div&gt;&#10;                &lt;div class=&quot;how-works-title&quot;&gt;Monitor&lt;/div&gt;&#10;                &lt;div class=&quot;how-works-content&quot;&gt;We continue to watch your credit, addressing additional issues as they&#10;                    arise so that you can stay on track and reach your goals.&lt;/div&gt;&#10;            &lt;/div&gt;&#10;        &lt;/div&gt;&#10;&#10;        &lt;div class=&quot;mobile-carousels&quot; id=&quot;how-works-mobile&quot;&gt;&#10;            &lt;ul class=&quot;carousel&quot;&gt;&#10;                &lt;li&gt;&#10;                    &lt;a id=&quot;carousel-ext&quot; href=&quot;#&quot; data-unique=&quot;carousel-items&quot;&gt;&#10;                        &lt;ul class=&quot;carousel-boundaries&quot;&gt;&#10;                            &lt;li class=&quot;selected&quot;&gt;&#10;                                &lt;div class=&quot;carousel-item&quot;&gt;&#10;                                    &lt;div class=&quot;how-works-col-wrapper-mobile&quot;&gt;&#10;                                        &lt;div class=&quot;how-works-icon challenge&quot;&gt;&lt;/div&gt;&#10;                                        &lt;div&gt;&#10;                                            &lt;div class=&quot;how-works-title&quot;&gt;Challenge&lt;/div&gt;&#10;                                            &lt;div class=&quot;how-works-content&quot;&gt;We challenge your questionable negative items&#10;                                                with all three bureaus,&#10;                                                ensuring your credit reports are accurate and fair.&lt;/div&gt;&#10;                                        &lt;/div&gt;&#10;                                    &lt;/div&gt;&#10;                                &lt;/div&gt;&#10;                            &lt;/li&gt;&#10;                            &lt;li class=&quot;move-right&quot;&gt;&#10;                                &lt;div class=&quot;carousel-item&quot;&gt;&#10;                                    &lt;div class=&quot;how-works-col-wrapper-mobile&quot;&gt;&#10;                                        &lt;div class=&quot;how-works-icon dispute&quot;&gt;&lt;/div&gt;&#10;                                        &lt;div&gt;&#10;                                            &lt;div class=&quot;how-works-title&quot;&gt;Dispute&lt;/div&gt;&#10;                                            &lt;div class=&quot;how-works-content&quot;&gt;We ask your creditors to verify the negative&#10;                                                items they’re reporting. If&#10;                                                they can’t, they are required by law to stop reporting them.&lt;/div&gt;&#10;                                        &lt;/div&gt;&#10;                                    &lt;/div&gt;&#10;                                &lt;/div&gt;&#10;                            &lt;/li&gt;&#10;                            &lt;li&gt;&#10;                                &lt;div class=&quot;carousel-item&quot;&gt;&#10;                                    &lt;div class=&quot;how-works-col-wrapper-mobile&quot;&gt;&#10;                                        &lt;div class=&quot;how-works-icon monitor&quot;&gt;&lt;/div&gt;&#10;                                        &lt;div&gt;&#10;                                            &lt;div class=&quot;how-works-title&quot;&gt;Monitor&lt;/div&gt;&#10;                                            &lt;div class=&quot;how-works-content&quot;&gt;We continue to watch your credit, addressing&#10;                                                additional issues as they&#10;                                                arise so that you can stay on track and reach your goals.&lt;/div&gt;&#10;                                        &lt;/div&gt;&#10;                                    &lt;/div&gt;&#10;                                &lt;/div&gt;&#10;                            &lt;/li&gt;&#10;                        &lt;/ul&gt;&#10;                    &lt;/a&gt;&#10;                &lt;/li&gt;&#10;            &lt;/ul&gt;&#10;            &lt;div class=&quot;prev&quot; id=&quot;prev&quot;&gt;❮&lt;/div&gt;&#10;            &lt;div class=&quot;next&quot; id=&quot;next&quot;&gt;❯&lt;/div&gt;&#10;        &lt;/div&gt;&#10;&#10;        &lt;div class=&quot;btn-wrapper&quot;&gt;&#10;            &lt;p&gt;See your credit score now&lt;/p&gt;&#10;            &lt;a class=&quot;btn-new&quot; href=&quot;/credit-snapshot/pi&quot;&gt;Get Started&lt;/a&gt;&#10;            &lt;div&gt;&lt;a class=&quot;text-link&quot; href=&quot;/signup/index&quot;&gt;or sign up online »&lt;/a&gt;&lt;/div&gt;&#10;        &lt;/div&gt;&#10;&#10;    &lt;/div&gt;&#10;&lt;/div&gt;&#10;&lt;!-------------------------- End How Credit Works----------------------------&gt;&#10;&#10;&lt;/div&gt;&#10;&lt;div class=&quot;htmlreference parbase aem-GridColumn aem-GridColumn--default--12&quot;&gt;&#10;    &lt;section class=&quot;client-reviews&quot;&gt;&#10;    &lt;div class=&quot;boundaries&quot;&gt;&#10;        &lt;h2&gt;What our members are saying&lt;/h2&gt;&#10;        &#10;        &lt;div class=&quot;review-wrapper&quot;&gt;&#10;            &lt;div class=&quot;review&quot;&gt;&#10;                &lt;div class=&quot;review-box-boundaries&quot;&gt;&#10;                    &#10;                    &lt;p class=&quot;blurb&quot;&gt;I like that CreditRepair.com takes their time to explain your credit status to you. They make you feel  really important, and they never treat you like a number. They make you feel like a true person.&lt;/p&gt;&#10;                    &#10;                    &lt;div class=&quot;reviewer&quot;&gt; &#10;                        &lt;div class=&quot;name&quot;&gt;Yvette B | &lt;span class=&quot;star&quot;&gt;&lt;/span&gt; &lt;span class=&quot;star&quot;&gt;&lt;/span&gt; &lt;span class=&quot;star&quot;&gt;&lt;/span&gt; &lt;span class=&quot;star&quot;&gt;&lt;/span&gt; &lt;span class=&quot;star&quot;&gt;&lt;/span&gt;&lt;/div&gt;&#10;                        &lt;p class=&quot;date&quot;&gt;New York - February 20, 2019&lt;/p&gt;&#10;                    &lt;/div&gt;&#10;&#10;                &lt;/div&gt;&#10;            &lt;/div&gt;&#10;            &lt;div class=&quot;review&quot;&gt;&#10;                &lt;div class=&quot;review-box-boundaries&quot;&gt;&#10;                    &#10;                    &lt;p class=&quot;blurb&quot;&gt;CreditRepair.com is the only answer! Credit repair has helped me begin to restore my credit! Credit is very important especially when you have children that need to go to college. Good credit is like having money in the bank!&lt;/p&gt;&#10;                    &#10;                    &lt;div class=&quot;reviewer&quot;&gt; &#10;                        &lt;div class=&quot;name&quot;&gt;Sharon R | &lt;span class=&quot;star&quot;&gt;&lt;/span&gt; &lt;span class=&quot;star&quot;&gt;&lt;/span&gt; &lt;span class=&quot;star&quot;&gt;&lt;/span&gt; &lt;span class=&quot;star&quot;&gt;&lt;/span&gt; &lt;span class=&quot;star grey&quot;&gt;&lt;/span&gt;&lt;/div&gt;&#10;                         &lt;p class=&quot;date&quot;&gt;New Jersey - March 22, 2019&lt;/p&gt;&#10;                    &lt;/div&gt;&#10;&#10;                &lt;/div&gt;&#10;            &lt;/div&gt;&#10;            &lt;div class=&quot;review&quot;&gt;&#10;                &lt;div class=&quot;review-box-boundaries&quot;&gt;&#10;                    &#10;                    &lt;p class=&quot;blurb&quot;&gt;They tell you how it is. No lying, they always take your call, and they always want to help you and keep you informed. They got all negatives off my credit report except two that remain, now it’s my wife’s turn! Thanks for all your help. &lt;/p&gt;&#10;                    &#10;                    &lt;div class=&quot;reviewer&quot;&gt; &#10;                        &lt;div class=&quot;name&quot;&gt;James P | &lt;span class=&quot;star&quot;&gt;&lt;/span&gt; &lt;span class=&quot;star&quot;&gt;&lt;/span&gt; &lt;span class=&quot;star&quot;&gt;&lt;/span&gt; &lt;span class=&quot;star&quot;&gt;&lt;/span&gt; &lt;span class=&quot;star grey&quot;&gt;&lt;/span&gt;&lt;/div&gt;&#10;                         &lt;p class=&quot;date&quot;&gt;Washington - April 16,  2019&lt;/p&gt;&#10;                    &lt;/div&gt;&#10;                &lt;/div&gt;&#10;            &lt;/div&gt;&#10;        &lt;/div&gt;&#10;        &#10;        &#10;        &lt;div class=&quot;mobile-carousels&quot; id=&quot;reviews-mobile&quot;&gt;&#10;            &lt;ul class=&quot;carousel&quot;&gt;&#10;                &lt;li&gt;&#10;                    &lt;a id=&quot;carousel-ext&quot; href=&quot;#&quot; data-unique=&quot;carousel-items&quot;&gt;&#10;                        &lt;ul class=&quot;carousel-boundaries&quot;&gt;&#10;                            &lt;li class=&quot;selected&quot;&gt;&#10;                                &lt;div class=&quot;carousel-item&quot;&gt; &#10;                                    &lt;div class=&quot;review&quot;&gt;&#10;                                        &lt;div class=&quot;review-box-boundaries&quot;&gt;&#10;                                            &#10;                                           &lt;p class=&quot;blurb&quot;&gt;I like that CreditRepair.com takes their time to explain your credit status to you. They make you feel  really important, and they never treat you like a number. They make you feel like a true person.&lt;/p&gt;&#10;                    &#10;                                            &lt;div class=&quot;reviewer&quot;&gt; &#10;                                                &lt;div class=&quot;name&quot;&gt;Yvette B | &lt;span class=&quot;star&quot;&gt;&lt;/span&gt; &lt;span class=&quot;star&quot;&gt;&lt;/span&gt; &lt;span class=&quot;star&quot;&gt;&lt;/span&gt; &lt;span class=&quot;star&quot;&gt;&lt;/span&gt; &lt;span class=&quot;star&quot;&gt;&lt;/span&gt;&lt;/div&gt;&#10;                                                &lt;p class=&quot;date&quot;&gt;New York - February 20, 2019&lt;/p&gt;&#10;                                            &lt;/div&gt;&#10;&#10;                                        &lt;/div&gt;&#10;                                    &lt;/div&gt;&#10;                                &lt;/div&gt;&#10;                            &lt;/li&gt;&#10;                            &lt;li class=&quot;move-right&quot;&gt;&#10;                                &lt;div class=&quot;carousel-item&quot;&gt; &#10;                                    &lt;div class=&quot;review&quot;&gt;&#10;                                        &lt;div class=&quot;review-box-boundaries&quot;&gt;&#10;                                            &#10;                                            &lt;p class=&quot;blurb&quot;&gt;CreditRepair.com is the only answer! Credit repair has helped me begin to restore my credit! Credit is very important especially when you have children that need to go to college. Good credit is like having money in the bank!&lt;/p&gt;&#10;                    &#10;                                            &lt;div class=&quot;reviewer&quot;&gt; &#10;                                                &lt;div class=&quot;name&quot;&gt;Sharon R | &lt;span class=&quot;star&quot;&gt;&lt;/span&gt; &lt;span class=&quot;star&quot;&gt;&lt;/span&gt; &lt;span class=&quot;star&quot;&gt;&lt;/span&gt; &lt;span class=&quot;star&quot;&gt;&lt;/span&gt; &lt;span class=&quot;star grey&quot;&gt;&lt;/span&gt;&lt;/div&gt;&#10;                                                 &lt;p class=&quot;date&quot;&gt;New Jersey - March 22, 2019&lt;/p&gt;&#10;                                            &lt;/div&gt;&#10;&#10;                                        &lt;/div&gt;&#10;                                    &lt;/div&gt;&#10;                                &lt;/div&gt;&#10;                            &lt;/li&gt;&#10;                            &lt;li&gt;&#10;                                &lt;div class=&quot;carousel-item&quot;&gt; &#10;                                    &lt;div class=&quot;review&quot;&gt;&#10;                                        &lt;div class=&quot;review-box-boundaries&quot;&gt;&#10;                                            &#10;                                            &lt;p class=&quot;blurb&quot;&gt;They tell you how it is. No lying, they always take your call, and they always want to help you and keep you informed. They got all negatives off my credit report except two that remain, now it’s my wife’s turn! Thanks for all your help. &lt;/p&gt;&#10;                    &#10;                                            &lt;div class=&quot;reviewer&quot;&gt; &#10;                                                &lt;div class=&quot;name&quot;&gt;James P | &lt;span class=&quot;star&quot;&gt;&lt;/span&gt; &lt;span class=&quot;star&quot;&gt;&lt;/span&gt; &lt;span class=&quot;star&quot;&gt;&lt;/span&gt; &lt;span class=&quot;star&quot;&gt;&lt;/span&gt; &lt;span class=&quot;star grey&quot;&gt;&lt;/span&gt;&lt;/div&gt;&#10;                                                 &lt;p class=&quot;date&quot;&gt;Washington - April 16,  2019&lt;/p&gt;&#10;                                            &lt;/div&gt;&#10;                                            &#10;                                        &lt;/div&gt;&#10;                                    &lt;/div&gt;&#10;                                &lt;/div&gt;&#10;                            &lt;/li&gt;&#10;                        &lt;/ul&gt;&#10;                    &lt;/a&gt;&#10;                &lt;/li&gt;&#10;            &lt;/ul&gt;&#10;            &lt;div class=&quot;prev&quot; id=&quot;prev&quot;&gt;❮&lt;/div&gt;&#10;            &lt;div class=&quot;next&quot; id=&quot;next&quot;&gt;❯&lt;/div&gt;&#10;        &lt;/div&gt;&#10;        &#10;        &lt;div class=&quot;review-disclaimer&quot;&gt;&#10;            &lt;a href=&quot;#&quot; class=&quot;info-modal&quot;&gt;Info About Our Testimonials&lt;/a&gt;&#10;        &lt;/div&gt;&#10;    &lt;/div&gt;&#10;&lt;/section&gt;&#10;&#10;&lt;div id=&quot;disclaimer-modal&quot; style=&quot;display: none;&quot;&gt;&#10;    &lt;div class=&quot;modal-container&quot;&gt;&#10;        &lt;div class=&quot;modal-heading&quot;&gt;&#10;            &lt;span class=&quot;closeBtn&quot;&gt;✕&lt;/span&gt;&#10;        &lt;/div&gt;&#10;        &lt;div class=&quot;modal-content&quot;&gt;&#10;            &lt;h5&gt;What you need to know about our testimonials&lt;/h5&gt;&#10;            &lt;p&gt;Testimonials represent the results of the particular individual and you should not expect the same result because your case is different than everyone else&apos;s. CreditRepair.com promises only to communicate with creditors on your behalf and in your name, verify report changes with bureaus, and provide you timely information about changes in your reports. Any credit score improvement seen after using our services is the result of many other additional factors, including: keeping credit balances low, paying bills on time, reducing or eliminating unnecessary inquiries, and developing appropriate types of credit, and sound financial planning.&lt;/p&gt;&#10;        &lt;/div&gt;&#10;    &lt;/div&gt;&#10;&lt;/div&gt;&#10;&#10;&lt;script&gt;&#10;$(document).ready(function () {&#10;    $(&quot;.info-modal&quot;).on(&quot;click touchstart touchend&quot;, function () {&#10;        event.preventDefault();&#10;        $(&quot;.modal&quot;).show();&#10;        $(&quot;#disclaimer-modal&quot;).show();&#10;     });&#10;    &#10;    $(&quot;.modal, .closeBtn&quot;).on(&quot;click touchstart touchend&quot;, function () {&#10;        $(&quot;.modal&quot;).hide();&#10;        $(&quot;#disclaimer-modal&quot;).hide();&#10;    });&#10;});&#10;&#10;&lt;/script&gt;&#10;&#10;&#10;&lt;/div&gt;&#10;&lt;div class=&quot;htmlreference parbase aem-GridColumn aem-GridColumn--default--12&quot;&gt;&#10;    &lt;div class=&quot;container&quot; id=&quot;get-started-cr&quot;&gt;&#10;    &lt;div class=&quot;row get_started_banner&quot;&gt;&#10;        &lt;p class=&quot;text&quot;&gt;Start with our Proven Online System &lt;span&gt;$99.95/month&lt;/span&gt;&lt;/p&gt;&#10;        &lt;a href=&quot;https://www.creditrepair.com/signup&quot; class=&quot;btn btn-orange&quot; data-unique=&quot;get-started-section-signup&quot; id=&quot;get-started-section-signup&quot;&gt;Get Started&lt;/a&gt;&#10;    &lt;/div&gt;&#10;&lt;/div&gt;&#10;&#10;&lt;/div&gt;&#10;&lt;div class=&quot;htmlreference parbase aem-GridColumn aem-GridColumn--default--12&quot;&gt;&#10;    &lt;!-------------------------- Cost ----------------------------&gt;&#10;&lt;div id=&quot;cost-new-wrapper&quot;&gt;&#10;    &lt;div class=&quot;cost-new-container&quot;&gt;&#10;&#10;        &lt;h2&gt;How much does it cost?&lt;/h2&gt;&#10;        &lt;div class=&quot;cost-new-leader&quot;&gt;A service for all budgets&lt;/div&gt;&#10;        &lt;div class=&quot;cost-panel-container&quot;&gt;&#10;            &lt;div class=&quot;cost-panel-wrapper&quot;&gt;&#10;                &lt;div class=&quot;cost-panel&quot;&gt;&#10;                    &lt;div class=&quot;cost-panel-icon cost-icon-1&quot;&gt;&lt;/div&gt;&#10;                    &lt;div class=&quot;cost-panel-title&quot;&gt;Aggressive&lt;/div&gt;&#10;                    &lt;div class=&quot;cost-panel-desc&quot;&gt;Recommended for those who have a lot of negative items on their credit&#10;                        report&lt;/div&gt;&#10;                    &lt;div class=&quot;cost-panel-price&quot;&gt;$$$&lt;/div&gt;&#10;                &lt;/div&gt;&#10;            &lt;/div&gt;&#10;            &lt;div class=&quot;cost-panel-wrapper&quot;&gt;&#10;                &lt;div class=&quot;cost-panel&quot;&gt;&#10;                    &lt;div class=&quot;cost-panel-icon cost-icon-2&quot;&gt;&lt;/div&gt;&#10;                    &lt;div class=&quot;cost-panel-title&quot;&gt;Moderate&lt;/div&gt;&#10;                    &lt;div class=&quot;cost-panel-desc&quot;&gt;Recommended for those who have a moderate amount of negative items&#10;                    &lt;/div&gt;&#10;                    &lt;div class=&quot;cost-panel-price&quot;&gt;$$&lt;/div&gt;&#10;                &lt;/div&gt;&#10;            &lt;/div&gt;&#10;            &lt;div class=&quot;cost-panel-wrapper&quot;&gt;&#10;                &lt;div class=&quot;cost-panel&quot;&gt;&#10;                    &lt;div class=&quot;cost-panel-icon cost-icon-3&quot;&gt;&lt;/div&gt;&#10;                    &lt;div class=&quot;cost-panel-title&quot;&gt;Basic&lt;/div&gt;&#10;                    &lt;div class=&quot;cost-panel-desc&quot;&gt;Recommended for those who have a handful of negative items&lt;/div&gt;&#10;                    &lt;div class=&quot;cost-panel-price&quot;&gt;$&lt;/div&gt;&#10;                &lt;/div&gt;&#10;            &lt;/div&gt;&#10;        &lt;/div&gt;&#10;&#10;        &lt;div class=&quot;mobile-carousels&quot; id=&quot;cost-carousel-mobile&quot;&gt;&#10;            &lt;ul class=&quot;carousel&quot;&gt;&#10;                &lt;li&gt;&#10;                    &lt;a id=&quot;carousel-ext&quot; href=&quot;#&quot; data-unique=&quot;carousel-items&quot;&gt;&#10;                        &lt;ul class=&quot;carousel-boundaries&quot;&gt;&#10;                            &lt;li class=&quot;selected&quot;&gt;&#10;                                &lt;div class=&quot;carousel-item&quot;&gt;&#10;                                    &lt;div class=&quot;cost-panel-wrapper&quot;&gt;&#10;                                        &lt;div class=&quot;cost-panel&quot;&gt;&#10;                                            &lt;div class=&quot;cost-panel-icon cost-icon-1&quot;&gt;&lt;/div&gt;&#10;                                            &lt;div class=&quot;cost-panel-title&quot;&gt;Aggressive&lt;/div&gt;&#10;                                            &lt;div class=&quot;cost-panel-desc&quot;&gt;Recommended for those who have a lot of&#10;                                                negative items on their credit report&lt;/div&gt;&#10;                                            &lt;div class=&quot;cost-panel-price&quot;&gt;$$$&lt;/div&gt;&#10;                                        &lt;/div&gt;&#10;                                    &lt;/div&gt;&#10;                                &lt;/div&gt;&#10;                            &lt;/li&gt;&#10;                            &lt;li class=&quot;move-right&quot;&gt;&#10;                                &lt;div class=&quot;carousel-item&quot;&gt;&#10;                                    &lt;div class=&quot;cost-panel-wrapper&quot;&gt;&#10;                                        &lt;div class=&quot;cost-panel&quot;&gt;&#10;                                            &lt;div class=&quot;cost-panel-icon cost-icon-2&quot;&gt;&lt;/div&gt;&#10;                                            &lt;div class=&quot;cost-panel-title&quot;&gt;Moderate&lt;/div&gt;&#10;                                            &lt;div class=&quot;cost-panel-desc&quot;&gt;Recommended for those who have a moderate&#10;                                                amount of negative items&#10;                                            &lt;/div&gt;&#10;                                            &lt;div class=&quot;cost-panel-price&quot;&gt;$$&lt;/div&gt;&#10;                                        &lt;/div&gt;&#10;                                    &lt;/div&gt;&#10;                                &lt;/div&gt;&#10;                            &lt;/li&gt;&#10;                            &lt;li&gt;&#10;                                &lt;div class=&quot;carousel-item&quot;&gt;&#10;                                    &lt;div class=&quot;cost-panel-wrapper&quot;&gt;&#10;                                        &lt;div class=&quot;cost-panel&quot;&gt;&#10;                                            &lt;div class=&quot;cost-panel-icon cost-icon-3&quot;&gt;&lt;/div&gt;&#10;                                            &lt;div class=&quot;cost-panel-title&quot;&gt;Basic&lt;/div&gt;&#10;                                            &lt;div class=&quot;cost-panel-desc&quot;&gt;Recommended for those who have a handful of&#10;                                                negative items&lt;/div&gt;&#10;                                            &lt;div class=&quot;cost-panel-price&quot;&gt;$&lt;/div&gt;&#10;                                        &lt;/div&gt;&#10;                                    &lt;/div&gt;&#10;                                &lt;/div&gt;&#10;                            &lt;/li&gt;&#10;                        &lt;/ul&gt;&#10;                    &lt;/a&gt;&#10;                &lt;/li&gt;&#10;            &lt;/ul&gt;&#10;            &lt;div class=&quot;prev&quot; id=&quot;prev&quot;&gt;❮&lt;/div&gt;&#10;            &lt;div class=&quot;next&quot; id=&quot;next&quot;&gt;❯&lt;/div&gt;&#10;        &lt;/div&gt;&#10;&#10;        &lt;div class=&quot;cost-new-cta&quot;&gt;&#10;            &lt;div class=&quot;cost-new-cta-content&quot;&gt;See your negative items for free&lt;/div&gt;&#10;            &lt;div class=&quot;btn-wrapper&quot;&gt;&#10;                &lt;a class=&quot;btn-new&quot; href=&quot;/credit-snapshot/pi&quot;&gt;Get Started&lt;/a&gt;&#10;                &lt;div&gt;&lt;a class=&quot;text-link&quot; href=&quot;/signup&quot;&gt;or sign up online »&lt;/a&gt;&lt;/div&gt;&#10;            &lt;/div&gt;&#10;        &lt;/div&gt;&#10;    &lt;/div&gt;&#10;&lt;/div&gt;&#10;&lt;!-------------------------- End Cost ----------------------------&gt;&#10;&#10;&lt;/div&gt;&#10;&lt;div class=&quot;htmlreference parbase aem-GridColumn aem-GridColumn--default--12&quot;&gt;&#10;    &#10;&lt;nav class=&quot;bottom_nav_wrapper&quot;&gt;&#10;	&lt;div class=&quot;container row&quot;&gt;&#10;		&lt;div class=&quot;bottom_nav_section bottom_nav_section_who-we-are expanded three columns first&quot;&gt;&#10;			&lt;a href=&quot;https://www.creditrepair.com/who-we-are&quot; class=&quot;bottom_nav_section_title&quot;&gt;Who We Are&lt;span class=&quot;expand_contract&quot;&gt;&lt;/span&gt;&lt;/a&gt;&#10;			&lt;ul&gt;&#10;				&lt;li class=&quot;redundant&quot;&gt;Who We Are&lt;/li&gt;&#10;				&lt;li&gt;&lt;a href=&quot;https://www.creditrepair.com/who-we-are&quot;&gt;About Us&lt;/a&gt;&lt;/li&gt;&#10;				&lt;li&gt;&lt;a href=&quot;http://www.progrexion.com/affiliates&quot; target=&quot;_blank&quot;&gt;Affiliates&lt;/a&gt;&lt;/li&gt;&#10;				&lt;li&gt;&lt;a href=&quot;https://www.creditrepair.com/careers&quot; target=&quot;_blank&quot;&gt;Careers&lt;/a&gt;&lt;/li&gt;&#10;				&lt;li&gt;&lt;a href=&quot;https://www.creditrepair.com/newsroom&quot;&gt;Newsroom&lt;/a&gt;&lt;/li&gt;&#10;				&lt;li&gt;&lt;a href=&quot;https://www.creditrepair.com/contact-us&quot;&gt;Contact Us&lt;/a&gt;&lt;/li&gt;&#10;			&lt;/ul&gt;&#10;		&lt;/div&gt;&#10;		&lt;div class=&quot;bottom_nav_section bottom_nav_section_how-it-works three columns&quot;&gt;&#10;			&lt;a href=&quot;https://www.creditrepair.com/how-credit-repair-works&quot; class=&quot;bottom_nav_section_title&quot;&gt;How it Works&lt;span class=&quot;expand_contract&quot;&gt;&lt;/span&gt;&lt;/a&gt;&#10;			&lt;ul&gt;&#10;				&lt;li class=&quot;redundant&quot;&gt;How It Works&lt;/li&gt;&#10;				&lt;li&gt;&lt;a href=&quot;https://www.creditrepair.com/how-credit-repair-works&quot;&gt;Credit Repair Process&lt;/a&gt;&lt;/li&gt;&#10;				&lt;li&gt;&lt;a href=&quot;https://www.creditrepair.com/how-credit-repair-works#what-you-get&quot;&gt;What You Get&lt;/a&gt;&lt;/li&gt;&#10;				&lt;li&gt;&lt;a href=&quot;https://www.creditrepair.com/faq&quot;&gt;Frequently Asked Questions&lt;/a&gt;&lt;/li&gt;&#10;				&lt;li&gt;&lt;a href=&quot;https://www.creditrepair.com/privacy-policy&quot;&gt;Privacy Policy&lt;/a&gt;&lt;/li&gt;&#10;				&lt;li&gt;&lt;a href=&quot;https://www.creditrepair.com/privacy-notice&quot;&gt;Privacy Notice&lt;/a&gt;&lt;/li&gt;&#10;				&lt;li&gt;&lt;a href=&quot;https://www.creditrepair.com/privacy-policy#california-policy&quot;&gt;California Residents&lt;/a&gt;&lt;/li&gt;&#10;				&lt;li&gt;&lt;a href=&quot;https://www.creditrepair.com/sms-terms&quot;&gt;Text Message Terms&lt;/a&gt;&lt;/li&gt;&#10;				&lt;li&gt;&lt;a href=&quot;https://www.creditrepair.com/terms-of-use&quot;&gt;Terms Of Use&lt;/a&gt;&lt;/li&gt;&#10;			&lt;/ul&gt;&#10;		&lt;/div&gt;&#10;		&lt;div class=&quot;bottom_nav_section bottom_nav_section_reviews three columns&quot;&gt;&#10;			&lt;a href=&quot;https://www.creditrepair.com/reviews&quot; class=&quot;bottom_nav_section_title&quot;&gt;Reviews&lt;span class=&quot;expand_contract&quot;&gt;&lt;/span&gt;&lt;/a&gt;&#10;			&lt;ul&gt;&#10;				&lt;li class=&quot;redundant&quot;&gt;Reviews&lt;/li&gt;&#10;				&lt;li&gt;&lt;a href=&quot;https://www.creditrepair.com/reviews&quot;&gt;Customer Reviews&lt;/a&gt;&lt;/li&gt;&#10;				&lt;li&gt;&lt;a href=&quot;https://www.creditrepair.com/videos&quot;&gt;Videos&lt;/a&gt;&lt;/li&gt;&#10;				&lt;li&gt;&lt;a href=&quot;http://www.youtube.com/user/creditrepair/videos&quot; target=&quot;_blank&quot;&gt;YouTube&lt;/a&gt;&lt;/li&gt;&#10;				&lt;li&gt;&lt;a href=&quot;https://www.creditrepair.com/review&quot;&gt;Create a Review&lt;/a&gt;&lt;/li&gt;&#10;			&lt;/ul&gt;&#10;		&lt;/div&gt;&#10;		&lt;div class=&quot;bottom_nav_section bottom_nav_section_education three columns&quot;&gt;&#10;			&lt;a href=&quot;https://www.creditrepair.com/articles&quot; class=&quot;bottom_nav_section_title&quot;&gt;Education&lt;span class=&quot;expand_contract&quot;&gt;&lt;/span&gt;&lt;/a&gt;&#10;			&lt;ul&gt;&#10;				&lt;li class=&quot;redundant&quot;&gt;Education&lt;/li&gt;&#10;				&lt;li&gt;&lt;a href=&quot;https://www.creditrepair.com/blog&quot;&gt;CreditRepair.com Blog&lt;/a&gt;&lt;/li&gt;&#10;				&lt;li&gt;&lt;a href=&quot;https://www.creditrepair.com/articles/credit-improvement&quot;&gt;Credit Improvement&lt;/a&gt;&lt;/li&gt;&#10;				&lt;li&gt;&lt;a href=&quot;https://www.creditrepair.com/articles/debt-solutions&quot;&gt;Debt Solutions&lt;/a&gt;&lt;/li&gt;&#10;				&lt;li&gt;&lt;a href=&quot;https://www.creditrepair.com/articles/identity-theft&quot;&gt;Identity Theft&lt;/a&gt;&lt;/li&gt;&#10;				&lt;li&gt;&lt;a href=&quot;https://www.creditrepair.com/articles/loan-center&quot;&gt;Loan Center&lt;/a&gt;&lt;/li&gt;&#10;				&lt;li&gt;&lt;a href=&quot;https://www.creditrepair.com/articles/savings-center&quot;&gt;Savings Center&lt;/a&gt;&lt;/li&gt;&#10;				&lt;li&gt;&lt;a href=&quot;https://www.creditrepair.com/score-estimator/&quot;&gt;Score Estimator&lt;/a&gt;&lt;/li&gt;&#10;				&lt;li&gt;&lt;a href=&quot;https://www.creditrepair.com/disputes-and-bureaus/&quot;&gt;Disputes and Bureaus&lt;/a&gt;&lt;/li&gt;&#10;			&lt;/ul&gt;&#10;		&lt;/div&gt;&#10;		&lt;div class=&quot;bottom_nav_section bottom_nav_section_sign_up_today three columns&quot;&gt;&#10;			&lt;a href=&quot;https://www.creditrepair.com/signup&quot; class=&quot;bottom_nav_section_title&quot;&gt;Sign Up Today&lt;span class=&quot;expand_contract&quot;&gt;&lt;/span&gt;&lt;/a&gt;&#10;			&lt;ul&gt;&#10;				&lt;li class=&quot;redundant&quot;&gt;Sign-Up Today&lt;/li&gt;&#10;				&lt;li&gt;&lt;a href=&quot;https://www.creditrepair.com/signup&quot;&gt;Get Started&lt;/a&gt;&lt;/li&gt;&#10;				&lt;li&gt;&lt;a href=&quot;https://www.creditrepair.com/mobile-app&quot;&gt;iPhone / iPad App&lt;/a&gt;&lt;/li&gt;&#10;				&lt;li&gt;&lt;a href=&quot;https://www.creditrepair.com/mobile-app&quot;&gt;Android App&lt;/a&gt;&lt;/li&gt;&#10;				&lt;li&gt;&lt;a href=&quot;http://members.creditrepair.com&quot;&gt;Member Log-In&lt;/a&gt;&lt;/li&gt;&#10;				&lt;li&gt;&lt;a href=&quot;https://www.creditrepair.com/unsubscribe&quot;&gt;Unsubscribe&lt;/a&gt;&lt;/li&gt;&#10;			&lt;/ul&gt;&#10;		&lt;/div&gt;&#10;		&lt;div class=&quot;bottom_nav_section bottom_nav_section_follow three columns&quot;&gt;&#10;			&lt;div class=&quot;bottom_nav_section_title follow&quot;&gt;Follow&lt;span class=&quot;expand_contract&quot;&gt;&lt;/span&gt;&lt;/div&gt;&#10;			&lt;ul&gt;&#10;				&lt;li class=&quot;redundant&quot;&gt;Follow&lt;/li&gt;&#10;				&lt;div class=&quot;social_icons&quot;&gt;&lt;a href=&quot;https://www.facebook.com/creditrepaircom&quot;&gt;&lt;img class=&quot;social_icons_img facebook&quot; src=&quot;https://www.creditrepair.com/content/dam/credit-repair/common/assets/imgs/Lex_SocialIcons_Facebook.png&quot;&gt;&lt;/a&gt;&lt;a href=&quot;https://twitter.com/creditrepair&quot;&gt;&lt;img class=&quot;social_icons_img twitter&quot; src=&quot;https://www.creditrepair.com/content/dam/credit-repair/common/assets/imgs/Lex_SocialIcons_Twitter.png&quot;&gt;&lt;/a&gt;&lt;a href=&quot;https://www.instagram.com/creditrepair.com/&quot;&gt;&lt;img class=&quot;social_icons_img instagram&quot; src=&quot;https://www.creditrepair.com/content/dam/credit-repair/common/assets/imgs/instagram.png&quot;&gt;&lt;/a&gt;&lt;/div&gt;&#10;			&lt;/ul&gt;&#10;		&lt;/div&gt;&#10;	&lt;/div&gt;&#10;	&lt;br class=&quot;clear&quot;&gt;&#10;&lt;/nav&gt;&#10;&#10;&lt;div id=&quot;copyright_wrapper&quot;&gt;&#10;	&lt;div class=&quot;container forced_bottom_margin&quot;&gt;&#10;		&lt;div id=&quot;copyright&quot; class=&quot;row&quot;&gt;&#10;			&lt;p class=&quot;fico-acknowledgment&quot;&gt;FICO and “The score lenders use” are trademarks or registered trademarks of Fair Isaac Corporation in the United States and other countries.&lt;/p&gt;&#10;			&lt;div id=&quot;copyright_text&quot;&gt;&#10;				©2020 CreditRepair.com, Inc.&amp;nbsp; All rights reserved.&lt;br&gt;&#10;				&lt;span style=&quot;font-style:italic&quot;&gt;** Your results will vary&lt;/span&gt;&lt;br&gt;&#10;				&lt;div class=&quot;badges&quot;&gt;&#10;            &lt;div class=&quot;cert_wrapper&quot;&gt;&#10;                &lt;span id=&quot;siteseal&quot;&gt;&#10;                    &lt;script async=&quot;&quot; type=&quot;text/javascript&quot; src=&quot;https://seal.godaddy.com/getSeal?sealID=dn0Hwvn3db1McpLGYLu6XHC20lORlGgebIAgbi3ZFOAuLvNaSehKIdCZq6rP&quot;&gt;&lt;/script&gt;&#10;            &lt;/span&gt;&lt;/div&gt;&#10;        &lt;/div&gt;&#10;				&lt;a href=&quot;https://www.creditrepair.com/confirm&quot; class=&quot;btn btn-small btn-green confirm_link&quot;&gt;Confirm&lt;/a&gt;&#10;				&lt;a href=&quot;https://www.creditrepair.com/credit-view/phone-confirmation.html&quot; class=&quot;btn btn-small btn-gray credit_view_link&quot;&gt;Credit View&lt;/a&gt;&#10;			&lt;/div&gt;&#10;			&lt;div id=&quot;digicert&quot;&gt;&#10;				&lt;!-- Begin VeriSign seal HTML and JavaScript --&gt;&#10;&#10;				&lt;table width=&quot;135&quot; border=&quot;0&quot; cellpadding=&quot;2&quot; cellspacing=&quot;0&quot; title=&quot;Click to Verify - This site chose Symantec SSL for secure e-commerce and confidential communications.&quot;&gt;&#10;					&lt;tbody&gt;&lt;tr&gt;&#10;						&lt;td width=&quot;135&quot; align=&quot;center&quot; valign=&quot;top&quot;&gt;&#10;							&lt;script type=&quot;text/javascript&quot; src=&quot;https://seal.verisign.com/getseal?host_name=www.creditrepair.com&amp;amp;size=M&amp;amp;use_flash=NO&amp;amp;use_transparent=NO&amp;amp;lang=en&quot;&gt;&lt;/script&gt;&#10;						&lt;/td&gt;&#10;					&lt;/tr&gt;&#10;				&lt;/tbody&gt;&lt;/table&gt;&#10;&#10;				&lt;!-- End VeriSign seal HTML and JavaScript --&gt;&#10;			&lt;/div&gt;&#10;			&lt;div id=&quot;bbb&quot;&gt;&#10;			&lt;/div&gt;&#10;			&lt;!-- &lt;div id=&quot;footer_tid&quot; style=&quot;float: right;&quot;&gt;10004&lt;/div&gt; --&gt;&#10;		&lt;/div&gt;&#10;	&lt;/div&gt;&#10;&lt;/div&gt;&#10;&lt;script type=&quot;text/javascript&quot;&gt;&#10;	$(function() {&#10;		PopPageDefault.initialize();&#10;	});&#10;&lt;/script&gt;&#10;&#10;&lt;div class=&quot;pop_page_default&quot; id=&quot;page_pop&quot;&gt;&#10;	&lt;div class=&quot;close_button&quot;&gt;&lt;/div&gt;&#10;	&lt;div class=&quot;logo&quot;&gt;CreditRepair.com&lt;/div&gt;&#10;	&lt;div class=&quot;heading&quot;&gt;Have a question?&lt;/div&gt;&#10;	&lt;div class=&quot;sub_heading&quot;&gt;Call us for a Free Credit Check&lt;br&gt;from a Credit Expert&lt;/div&gt;&#10;	&lt;div&gt;&lt;span&gt;1-&lt;span class=&quot;creditRepairPhoneNumber phoneNumber&quot;&gt;855-255-0263&lt;/span&gt;&lt;/span&gt;&lt;/div&gt;&#10;&lt;/div&gt;&#10;&#10;&#10;&lt;div id=&quot;back_to_top_button&quot; style=&quot;display: block;&quot;&gt;Top&lt;/div&gt;&#10;&#10;&#10;&lt;/div&gt;&#10;&#10;    &#10;&lt;/div&gt;&#10;&#10;    &lt;/div&gt;&#10;&lt;/div&gt;&lt;script src=&quot;https://www.googletagmanager.com/gtag/js?id=AW-995332405&quot;&gt;&lt;/script&gt;&#10;&lt;script&gt;&#10;    window.dataLayer = window.dataLayer || [];&#10;    function gtag(){dataLayer.push(arguments);}&#10;    gtag(&apos;js&apos;, new Date());&#10;    gtag(&apos;config&apos;, &apos;AW-995332405&apos;);&#10;    gtag(&apos;config&apos;, &apos;AW-1053751751&apos;);&#10;    gtag(&apos;config&apos;, &apos;AW-939232542&apos;);&#10;    gtag(&apos;config&apos;, &apos;AW-1070835421&apos;);&#10;    gtag(&apos;config&apos;, &apos;AW-989023685&apos;);&#10;    gtag(&apos;config&apos;, &apos;DC-8836660&apos;);&#10;    gtag(&apos;config&apos;, &apos;UA-30748937-1&apos;);&#10;&lt;/script&gt;&lt;script&gt;_satellite[&quot;__runScript1&quot;](function(event, target) {&#10;if(typeof jQuery==&apos;undefined&apos;) {&#10;    var headTag = document.getElementsByTagName(&quot;head&quot;)[0];&#10;    var jqTag = document.createElement(&apos;script&apos;);&#10;    jqTag.type = &apos;text/javascript&apos;;&#10;    jqTag.src = &apos;//code.jquery.com/jquery-1.12.4.min.js&apos;;&#10;    headTag.appendChild(jqTag);&#10;} &#10;});&lt;/script&gt;&#10;&#10;&#10;    &#10;&#10;&#10;&#10;&#10;    &#10;        &lt;link rel=&quot;stylesheet&quot; href=&quot;/content/dam/credit-repair/common/css/page-pop.css&quot; type=&quot;text/css&quot;&gt;&#10;    &#10;&#10;&#10;&#10;    &#10;&#10;&#10;&#10;&#10;&lt;script src=&quot;/content/dam/credit-repair/common/js/jquery-validate-v1.13.1.min.js&quot;&gt;&lt;/script&gt;&#10;&lt;script type=&quot;text/javascript&quot; src=&quot;/content/dam/credit-repair/common/js/marketing-tracking-LOT.js&quot;&gt;&lt;/script&gt;&#10;&lt;script src=&quot;/content/dam/credit-repair/common/js/vendor/js.cookie.js&quot;&gt;&lt;/script&gt;&#10;&#10;&#10;    &#10;        &lt;script type=&quot;text/javascript&quot; src=&quot;/content/dam/credit-repair/common/js/jquery-validate-v1.13.1.min.js&quot;&gt;&lt;/script&gt;&#10;    &#10;&#10;    &#10;        &lt;script type=&quot;text/javascript&quot; src=&quot;/content/dam/credit-repair/common/js/forms.js&quot;&gt;&lt;/script&gt;&#10;    &#10;&#10;    &#10;        &lt;script type=&quot;text/javascript&quot; src=&quot;/etc.clientlibs/cr/credit-snapshot/components/pages/credit-snapshot/libs/new-flow/prod.min.js&quot;&gt;&lt;/script&gt;&#10;    &#10;&#10;    &#10;        &lt;script type=&quot;text/javascript&quot; src=&quot;/etc.clientlibs/cr/credit-snapshot/components/content/personal-information/new-flow/prod.min.js&quot;&gt;&lt;/script&gt;&#10;    &#10;&#10;    &#10;        &lt;script type=&quot;text/javascript&quot; src=&quot;/content/dam/credit-repair/common/js/pop-page.js&quot;&gt;&lt;/script&gt;&#10;    &#10;&#10;    &#10;        &lt;script type=&quot;text/javascript&quot; src=&quot;/content/dam/credit-repair/common/js/persistent-footer-pop.js&quot;&gt;&lt;/script&gt;&#10;    &#10;&#10;    &#10;        &lt;script type=&quot;text/javascript&quot; src=&quot;/content/dam/credit-repair/home/js/cr-carousels.js&quot;&gt;&lt;/script&gt;&#10;    &#10;&#10;    &#10;        &lt;script type=&quot;text/javascript&quot; src=&quot;/content/dam/credit-repair/home/js/snapshot.js&quot;&gt;&lt;/script&gt;&#10;    &#10;&#10;    &#10;        &lt;script type=&quot;text/javascript&quot; src=&quot;/content/dam/credit-repair/home/js/modal-form.js&quot;&gt;&lt;/script&gt;&#10;    &#10;&#10;&#10;&#10;&#10;&#10;&lt;!--&lt;script type=&quot;text/javascript&quot;&gt;_satellite.pageBottom();&lt;/script&gt;--&gt;&#10;&#10;&lt;p class=&quot;site_bottom_copyright_ref_and_tid&quot; style=&quot;display:none;&quot; id=&quot;footer_tid&quot;&gt;(10004.0.1)&lt;/p&gt;&#10;&#10;&lt;script&gt;_satellite[&quot;__runScript2&quot;](function(event, target) {&#10;var gclidcookie = _satellite.cookie.get(&apos;gclid&apos;)&#10;&#10;if (window.location.search.indexOf(&apos;gclid=&apos;) &gt; -1) {&#10;    function getParameterByName(name, url) {&#10;        if (!url) url = decodeURIComponent(window.location.href);&#10;        name = name.replace(/[\[\]]/g, &apos;\\$&amp;&apos;);&#10;        var regex = new RegExp(&apos;[?&amp;]&apos; + name + &apos;(=([^&amp;#]*)|&amp;|#|$)&apos;),&#10;            results = regex.exec(url);&#10;        if (!results) return null;&#10;        if (!results[2]) return &apos;&apos;;&#10;        return decodeURIComponent(results[2].replace(/\+/g, &apos; &apos;));&#10;    }&#10;    var gclidcookie = getParameterByName(&apos;gclid&apos;);&#10;    document.cookie = &quot;gclid=&quot; + gclidcookie + &quot;;path=/; domain=.creditrepair.com;&quot;;&#10;}&#10;});&lt;/script&gt;&lt;!--&#10;Event snippet for CR Universal RTG Tag on https://www.creditrepair.com/: Please do not remove.&#10;Place this snippet on pages with events you&apos;re tracking. &#10;Creation date: 08/31/2018&#10;--&gt;&#10;&lt;iframe height=&quot;0&quot; width=&quot;0&quot; style=&quot;display: none; visibility: hidden;&quot; src=&quot;https://8836660.fls.doubleclick.net/activityi;src=8836660;type=brows0;cat=cruni0;ord=1;num=8352613149063;gtm=2od9u1;auiddc=887487244.1602548672;u1=%5BLogged%20In%20User%20(Y%2FN)%5D;u2=https%3A%2F%2Fwww.creditrepair.com%2F;~oref=https%3A%2F%2Fwww.creditrepair.com%2F?&quot;&gt;&lt;/iframe&gt;&lt;script&gt;&#10;  gtag(&apos;event&apos;, &apos;conversion&apos;, {&#10;    &apos;allow_custom_scripts&apos;: true,&#10;    &apos;u1&apos;: &apos;[Logged In User (Y\/N)]&apos;,&#10;    &apos;u2&apos;: &apos;https://www.creditrepair.com/&apos;,&#10;    &apos;send_to&apos;: &apos;DC-8836660/brows0/cruni0+unique&apos;&#10;  });&#10;&lt;/script&gt;&#10;&lt;noscript&gt;&lt;/noscript&gt;&#10;&lt;!-- End of event snippet: Please do not remove --&gt;&lt;!--&#10;Event snippet for CR Homepage on https://www.creditrepair.com/: Please do not remove.&#10;Place this snippet on pages with events you&apos;re tracking. &#10;Creation date: 08/31/2018&#10;--&gt;&#10;&lt;iframe height=&quot;0&quot; width=&quot;0&quot; style=&quot;display: none; visibility: hidden;&quot; src=&quot;https://8836660.fls.doubleclick.net/activityi;src=8836660;type=brows0;cat=crhom0;ord=1166208172112;gtm=2od9u1;auiddc=887487244.1602548672;u1=%5BLogged%20In%20User%20(Y%2FN)%5D;~oref=https%3A%2F%2Fwww.creditrepair.com%2F?&quot;&gt;&lt;/iframe&gt;&lt;script&gt;&#10;  gtag(&apos;event&apos;, &apos;conversion&apos;, {&#10;    &apos;allow_custom_scripts&apos;: true,&#10;    &apos;u1&apos;: &apos;[Logged In User (Y\/N)]&apos;,&#10;    &apos;send_to&apos;: &apos;DC-8836660/brows0/crhom0+standard&apos;&#10;  });&#10;&lt;/script&gt;&#10;&lt;noscript&gt;&lt;/noscript&gt;&#10;&lt;!-- End of event snippet: Please do not remove --&gt;&lt;script type=&quot;text/javascript&quot; src=&quot;//static.criteo.net/js/ld/ld.js&quot; async=&quot;true&quot;&gt;&lt;/script&gt;&#10;&lt;script type=&quot;text/javascript&quot;&gt;&#10;window.criteo_q = window.criteo_q || [];&#10;var deviceType= /iPad/.test(navigator.userAgent)?&quot;t&quot;:/Mobile|iP(hone|od)|Android|BlackBerry|IEMobile|Silk/.test(navigator.userAgent)?&quot;m&quot;:&quot;d&quot;;&#10;window.criteo_q.push(&#10;{ event: &quot;setAccount&quot;, account: 35738},&#10;{ event: &quot;setSiteType&quot;, type: deviceType},&#10;{ event: &quot;viewHome&quot;});&#10;&lt;/script&gt;&lt;script&gt;_satellite[&quot;__runScript3&quot;](function(event, target) {&#10;(function(h,o,t,j,a,r){&#10;    h.hj=h.hj||function(){(h.hj.q=h.hj.q||[]).push(arguments)};&#10;    h._hjSettings={hjid:1051427,hjsv:6};&#10;    a=o.getElementsByTagName(&apos;head&apos;)[0];&#10;    r=o.createElement(&apos;script&apos;);r.async=1;&#10;    r.src=t+h._hjSettings.hjid+j+h._hjSettings.hjsv;&#10;    a.appendChild(r);&#10;})(window,document,&apos;https://static.hotjar.com/c/hotjar-&apos;,&apos;.js?sv=&apos;);&#10;});&lt;/script&gt;&lt;script&gt;_satellite[&quot;__runScript4&quot;](function(event, target) {&#10;function whenAvailableInvoca(n){null===TrackingService.number?setTimeout(function(){whenAvailableInvoca(n)},500):n()}function invocaCall(){!function(n,t,a,e){n.InvocaTagId=e;var o=t.createElement(&quot;script&quot;);o.type=&quot;text/javascript&quot;,o.async=!1,o.src=(&quot;https:&quot;===t.location.protocol?&quot;https://&quot;:&quot;http://&quot;)+a;var c=t.getElementsByTagName(&quot;script&quot;)[0];c.parentNode.insertBefore(o,c)}(window,document,&quot;solutions.invocacdn.com/js/pnapi_integration-latest.min.js&quot;,&quot;929/2814517279&quot;)}whenAvailableInvoca(invocaCall);&#10;});&lt;/script&gt;&lt;div id=&quot;criteo-tags-div&quot; style=&quot;display: none;&quot;&gt;&lt;iframe src=&quot;https://gum.criteo.com/syncframe?topUrl=www.creditrepair.com#{&amp;quot;bundle&amp;quot;:{&amp;quot;origin&amp;quot;:0,&amp;quot;value&amp;quot;:null},&amp;quot;cw&amp;quot;:true,&amp;quot;lwid&amp;quot;:{&amp;quot;origin&amp;quot;:0,&amp;quot;value&amp;quot;:null},&amp;quot;optout&amp;quot;:{&amp;quot;origin&amp;quot;:0,&amp;quot;value&amp;quot;:null},&amp;quot;origin&amp;quot;:&amp;quot;onetag&amp;quot;,&amp;quot;pm&amp;quot;:0,&amp;quot;sid&amp;quot;:{&amp;quot;origin&amp;quot;:0,&amp;quot;value&amp;quot;:null},&amp;quot;tld&amp;quot;:&amp;quot;creditrepair.com&amp;quot;,&amp;quot;topUrl&amp;quot;:&amp;quot;www.creditrepair.com&amp;quot;,&amp;quot;uid&amp;quot;:null,&amp;quot;version&amp;quot;:&amp;quot;5_6_2&amp;quot;}&quot; id=&quot;criteo-syncframe&quot; width=&quot;0&quot; height=&quot;0&quot; frameborder=&quot;0&quot; style=&quot;border-width:0px; margin:0px; display:none&quot; title=&quot;Criteo GUM iframe&quot;&gt;&lt;/iframe&gt;&lt;/div&gt;&lt;iframe height=&quot;0&quot; width=&quot;0&quot; title=&quot;Criteo DIS iframe&quot; style=&quot;display: none;&quot;&gt;&lt;/iframe&gt;&lt;div style=&quot;position:absolute; height:0; text-indent:100%; white-space:nowrap; overflow:hidden;&quot;&gt;&lt;script&gt;(function(w,d,t,r,u){var f,n,i;w[u]=w[u]||[],f=function(){var o={ti:&quot;4049571&quot;};o.q=w[u],w[u]=new UET(o),w[u].push(&quot;pageLoad&quot;)},n=d.createElement(t),n.src=r,n.async=1,n.onload=n.onreadystatechange=function(){var s=this.readyState;s&amp;&amp;s!==&quot;loaded&quot;&amp;&amp;s!==&quot;complete&quot;||(f(),n.onload=n.onreadystatechange=null)},i=d.getElementsByTagName(t)[0],i.parentNode.insertBefore(n,i)})(window,document,&quot;script&quot;,&quot;//bat.bing.com/bat.js&quot;,&quot;uetq&quot;);&lt;/script&gt;&lt;noscript&gt;&lt;img src=&quot;//bat.bing.com/action/0?ti=4049571&amp;Ver=2&quot; height=&quot;0&quot; width=&quot;0&quot; style=&quot;display:none; visibility: hidden;&quot; /&gt;&lt;/noscript&gt;&lt;script type=&quot;text/javascript&quot; src=&quot;//tags.mediaforge.com/js/2041&quot;&gt;&lt;/script&gt;&lt;/div&gt;&lt;script&gt;_satellite[&quot;__runScript5&quot;](function(event, target) {&#10;ADRUM.markVirtualPageBegin(&quot;sign-up-start&quot;,!1);&#10;});&lt;/script&gt;&lt;div style=&quot;width:0px; height:0px; display:none; visibility:hidden;&quot; id=&quot;batBeacon103431413601&quot;&gt;&lt;img style=&quot;width:0px; height:0px; display:none; visibility:hidden;&quot; id=&quot;batBeacon82597263844&quot; width=&quot;0&quot; height=&quot;0&quot; alt=&quot;&quot; src=&quot;https://bat.bing.com/action/0?ti=4049571&amp;amp;Ver=2&amp;amp;mid=dc7227e8-cb14-4cbd-a8bf-5acc0ceafea0&amp;amp;sid=7728bdb00cea11ebbc8bd346a84cb2a2&amp;amp;vid=772a3fe00cea11eb9b6d0f9a4b087c1c&amp;amp;vids=0&amp;amp;pi=0&amp;amp;lg=en-US&amp;amp;sw=1680&amp;amp;sh=1050&amp;amp;sc=30&amp;amp;tl=Credit%20Repair%20Services%20-%20CreditRepair.com&amp;amp;p=https%3A%2F%2Fwww.creditrepair.com%2F&amp;amp;r=&amp;amp;lt=1230&amp;amp;evt=pageLoad&amp;amp;msclkid=N&amp;amp;sv=1&amp;amp;rn=131614&quot;&gt;&lt;/div&gt;&lt;!-- Rev content --&gt;&#10;&lt;img src=&quot;//trends.revcontent.com/conv.php?t=IAmXscT3w1CsQyPu1DVGXQySjKpatQ9T30LRyzTxXHfPAhkpewhesFhEJPoBcKWJ&quot; style=&quot;display:none;&quot;&gt;&lt;!-- Dianomi --&gt;&#10;&lt;img src=&quot;https://www.dianomi.com/pixeltrack.pl?t=lexington.law&quot; width=&quot;1&quot; height=&quot;1&quot; style=&quot;display:none;&quot;&gt;&lt;!-- Outbrain --&gt;&#10;&lt;!--&#10;&lt;script data-obct type=&quot;text/javascript&quot;&gt;&#10;    /** DO NOT MODIFY THIS CODE**/&#10;    !function (_window, _document) {&#10;        var OB_ADV_ID = &apos;00e38c17d352f5c974955f8fa3d217cb47&apos;;&#10;        if (_window.obApi) { var toArray = function (object) { return Object.prototype.toString.call(object) === &apos;[object Array]&apos; ? object : [object]; }; _window.obApi.marketerId = toArray(_window.obApi.marketerId).concat(toArray(OB_ADV_ID)); return; }&#10;        var api = _window.obApi = function () { api.dispatch ? api.dispatch.apply(api, arguments) : api.queue.push(arguments); }; api.version = &apos;1.1&apos;; api.loaded = true; api.marketerId = OB_ADV_ID; api.queue = []; var tag = _document.createElement(&apos;script&apos;); tag.async = true; tag.src = &apos;//amplify.outbrain.com/cp/obtp.js&apos;; tag.type = &apos;text/javascript&apos;; var script = _document.getElementsByTagName(&apos;script&apos;)[0]; script.parentNode.insertBefore(tag, script);&#10;    }(window, document);&#10;    obApi(&apos;track&apos;, &apos;PAGE_VIEW&apos;);&#10;    obApi(&apos;track&apos;, &apos;Initiate Call&apos;);&#10;&lt;/script&gt;--&gt;&lt;!-- Yahoo CR --&gt;&#10;&lt;!--&#10;&lt;script type=&quot;application/javascript&quot;&gt;(function (w, d, t, r, u) { w[u] = w[u] || []; w[u].push({ &apos;projectId&apos;: &apos;10000&apos;, &apos;properties&apos;: { &apos;pixelId&apos;: &apos;10000585&apos; } }); var s = d.createElement(t); s.src = r; s.async = true; s.onload = s.onreadystatechange = function () { var y, rs = this.readyState, c = w[u]; if (rs &amp;&amp; rs != &quot;complete&quot; &amp;&amp; rs != &quot;loaded&quot;) { return } try { y = YAHOO.ywa.I13N.fireBeacon; w[u] = []; w[u].push = function (p) { y([p]) }; y(c) } catch (e) { } }; var scr = d.getElementsByTagName(t)[0], par = scr.parentNode; par.insertBefore(s, scr) })(window, document, &quot;script&quot;, &quot;https://s.yimg.com/wi/ytc.js&quot;, &quot;dotq&quot;);&lt;/script&gt;&#10;&lt;script type=&quot;application/javascript&quot;&gt;&#10;    window.dotq = window.dotq || [];&#10;    window.dotq.push(&#10;        {&#10;            &apos;projectId&apos;: &apos;10000&apos;,&#10;            &apos;properties&apos;: {&#10;                &apos;pixelId&apos;: &apos;10000585&apos;,&#10;                &apos;qstrings&apos;: {&#10;                    &apos;ec&apos;: &apos;clickout&apos;,&#10;                }&#10;            }&#10;        }); &#10;&lt;/script&gt;--&gt;&lt;!-- Facebook Pixel Code --&gt;&#10;&lt;script&gt;&#10;    !function (f, b, e, v, n, t, s) {&#10;        if (f.fbq) return; n = f.fbq = function () {&#10;            n.callMethod ?&#10;            n.callMethod.apply(n, arguments) : n.queue.push(arguments)&#10;        };&#10;        if (!f._fbq) f._fbq = n; n.push = n; n.loaded = !0; n.version = &apos;2.0&apos;;&#10;        n.queue = []; t = b.createElement(e); t.async = !0;&#10;        t.src = v; s = b.getElementsByTagName(e)[0];&#10;        s.parentNode.insertBefore(t, s)&#10;    }(window, document, &apos;script&apos;,&#10;        &apos;https://connect.facebook.net/en_US/fbevents.js&apos;);&#10;    fbq(&apos;init&apos;, &apos;1817185775266351&apos;);&#10;    fbq(&apos;track&apos;, &apos;Lead&apos;);&#10;&lt;/script&gt;&#10;&lt;noscript&gt;&lt;/noscript&gt;&lt;!-- Conversion pixel - PowerInbox --&gt;&#10;&lt;script type=&quot;text/javascript&quot;&gt;&#10;    window.pi_params = {};&#10;    pi_params.company_id = &apos;2730&apos;;&#10;   &#10;    (function() {&#10;        var pin = document.createElement(&apos;script&apos;);&#10;        pin.async = true;&#10;        pin.src = &apos;//cdn.powerinboxedge.com/framework/pi-notify.js&apos;;&#10;        var ref = document.getElementsByTagName(&apos;script&apos;)[0];&#10;        ref.parentNode.insertBefore(pin, ref);&#10;    })();&#10;&lt;/script&gt;&lt;!-- Quora Both Brands Clickout --&gt;&#10;&lt;script&gt;&#10;    !function (q, e, v, n, t, s) { if (q.qp) return; n = q.qp = function () { n.qp ? n.qp.apply(n, arguments) : n.queue.push(arguments); }; n.queue = []; t = document.createElement(e); t.async = !0; t.src = v; s = document.getElementsByTagName(e)[0]; s.parentNode.insertBefore(t, s); }(window, &apos;script&apos;, &apos;https://a.quora.com/qevents.js&apos;);&#10;    qp(&apos;init&apos;, &apos;b1dd746139444f4783f4ac3e7264cb31&apos;);&#10;    qp(&apos;track&apos;, &apos;ViewContent&apos;);&#10;    qp(&apos;track&apos;, &apos;GenerateLead&apos;);&#10;&lt;/script&gt;&#10;&lt;noscript&gt;&lt;/noscript&gt;&lt;!-- Reddit Clickout CR --&gt;&#10;&lt;script&gt;&#10;    !function (w, d) { if (!w.rdt) { var p = w.rdt = function () { p.sendEvent ? p.sendEvent.apply(p, arguments) : p.callQueue.push(arguments) }; p.callQueue = []; var t = d.createElement(&quot;script&quot;); t.src = &quot;https://www.redditstatic.com/ads/pixel.js&quot;, t.async = !0; var s = d.getElementsByTagName(&quot;script&quot;)[0]; s.parentNode.insertBefore(t, s) } }(window, document); rdt(&apos;init&apos;, &apos;t2_565yc9q8&apos;); rdt(&apos;track&apos;, &apos;PageVisit&apos;);&#10;&lt;/script&gt;&#10;&lt;script&gt;&#10;    rdt(&apos;track&apos;, &apos;Lead&apos;);&#10;&lt;/script&gt;&lt;img src=&quot;https://pt.ispot.tv/v2/TC-3528-1.gif?app=web&amp;amp;type=submit_info&quot; style=&quot;border:0&quot; alt=&quot;&quot;&gt;&lt;/body&gt;&lt;/html&gt;] but found [bs]"/>
  </testcase>
  <testcase name="canSubmitForm" classname="lex.tests.homepage.CRHomepageTests" time="0">
    <skipped message="expected [&lt;html style=&quot;&quot; class=&quot;js backgroundsize cssgradients csstransforms csstransforms3d csstransitions cssremunit wf-sourcesanspro-n4-active wf-sourcesanspro-n7-active wf-sourcesanspro-i7-active wf-sourcesanspro-i4-active wf-sourcesanspro-n3-active wf-worksans-n3-active wf-worksans-n4-active wf-worksans-n7-active wf-active&quot;&gt;&lt;head class=&quot;at-element-marker&quot;&gt;&#10;&#10;&#10;&lt;meta http-equiv=&quot;content-type&quot; content=&quot;text/html; charset=UTF-8&quot;&gt;&#10;&lt;meta http-equiv=&quot;X-UA-Compatible&quot; content=&quot;IE=edge,chrome=1&quot;&gt;&#10;&#10;&#10;&#10;&#10;  &lt;meta name=&quot;description&quot; content=&quot;Our credit repair services help to fix your credit report. We have helped people take control of their financial lives from across the country. Our track record speaks for itself. Call CreditRepair.com for a free consultation today.&quot;&gt;&#10;&#10;&#10;&lt;meta name=&quot;viewport&quot; content=&quot;width=device-width,initial-scale=1,maximum-scale=1&quot;&gt;&#10;&#10;&#10;  &lt;meta name=&quot;google-site-verification&quot; content=&quot;-heGoALby8LFUkNJ1ONh5MqtujnysbIjlxkRwjlsFcE&quot;&gt;&#10;&#10;&#10;&#10;  &lt;meta name=&quot;robots&quot; content=&quot;index,follow&quot;&gt;&#10;&#10;&#10;&#10;  &lt;meta name=&quot;theme-color&quot; content=&quot;#007CB9&quot;&gt;&#10;&#10;&#10;&#10;&lt;script src=&quot;https://www.redditstatic.com/ads/pixel.js&quot; async=&quot;&quot;&gt;&lt;/script&gt;&lt;script async=&quot;&quot; src=&quot;https://a.quora.com/qevents.js&quot;&gt;&lt;/script&gt;&lt;script async=&quot;&quot; src=&quot;//cdn.powerinboxedge.com/framework/pi-notify.js&quot;&gt;&lt;/script&gt;&lt;script async=&quot;&quot; src=&quot;https://connect.facebook.net/en_US/fbevents.js&quot;&gt;&lt;/script&gt;&lt;script type=&quot;text/javascript&quot; src=&quot;https://solutions.invocacdn.com/js/pnapi_integration-latest.min.js&quot;&gt;&lt;/script&gt;&lt;script src=&quot;//bat.bing.com/bat.js&quot; async=&quot;&quot;&gt;&lt;/script&gt;&lt;script async=&quot;true&quot; type=&quot;text/javascript&quot; src=&quot;https://sslwidget.criteo.com/event?a=35738&amp;amp;v=5.6.2&amp;amp;p0=e%3Dexd%26site_type%3Dd&amp;amp;p1=e%3Dvh&amp;amp;p2=e%3Ddis&amp;amp;adce=1&amp;amp;tld=creditrepair.com&amp;amp;dtycbr=3046&quot; data-owner=&quot;criteo-tag&quot;&gt;&lt;/script&gt;&lt;script type=&quot;text/javascript&quot; async=&quot;&quot; src=&quot;https://www.google-analytics.com/analytics.js&quot;&gt;&lt;/script&gt;&lt;script type=&quot;text/javascript&quot; async=&quot;&quot; src=&quot;https://www.googleadservices.com/pagead/conversion_async.js&quot;&gt;&lt;/script&gt;&lt;script type=&quot;text/javascript&quot; async=&quot;&quot; src=&quot;https://www.googleadservices.com/pagead/conversion_async.js&quot;&gt;&lt;/script&gt;&lt;script type=&quot;text/javascript&quot; async=&quot;&quot; src=&quot;https://www.googleadservices.com/pagead/conversion_async.js&quot;&gt;&lt;/script&gt;&lt;script type=&quot;text/javascript&quot; async=&quot;&quot; src=&quot;https://www.googleadservices.com/pagead/conversion_async.js&quot;&gt;&lt;/script&gt;&lt;script type=&quot;text/javascript&quot; async=&quot;&quot; src=&quot;https://www.googletagmanager.com/gtag/js?id=UA-30748937-1&amp;amp;l=dataLayer&amp;amp;cx=c&quot;&gt;&lt;/script&gt;&lt;script type=&quot;text/javascript&quot; async=&quot;&quot; src=&quot;https://www.googletagmanager.com/gtag/js?id=DC-8836660&amp;amp;l=dataLayer&amp;amp;cx=c&quot;&gt;&lt;/script&gt;&lt;script type=&quot;text/javascript&quot; async=&quot;&quot; src=&quot;https://www.googletagmanager.com/gtag/js?id=AW-989023685&amp;amp;l=dataLayer&amp;amp;cx=c&quot;&gt;&lt;/script&gt;&lt;script type=&quot;text/javascript&quot; async=&quot;&quot; src=&quot;https://www.googletagmanager.com/gtag/js?id=AW-1070835421&amp;amp;l=dataLayer&amp;amp;cx=c&quot;&gt;&lt;/script&gt;&lt;script type=&quot;text/javascript&quot; async=&quot;&quot; src=&quot;https://www.googletagmanager.com/gtag/js?id=AW-939232542&amp;amp;l=dataLayer&amp;amp;cx=c&quot;&gt;&lt;/script&gt;&lt;script type=&quot;text/javascript&quot; async=&quot;&quot; src=&quot;https://www.googletagmanager.com/gtag/js?id=AW-1053751751&amp;amp;l=dataLayer&amp;amp;cx=c&quot;&gt;&lt;/script&gt;&lt;script type=&quot;text/javascript&quot; async=&quot;&quot; src=&quot;https://www.googleadservices.com/pagead/conversion_async.js&quot;&gt;&lt;/script&gt;&lt;script&gt;&#10;  !function(a,b){&quot;object&quot;==typeof module&amp;&amp;&quot;object&quot;==typeof module.exports?module.exports=a.document?b(a,!0):function(a){if(!a.document)throw new Error(&quot;jQuery requires a window with a document&quot;);return b(a)}:b(a)}(&quot;undefined&quot;!=typeof window?window:this,function(a,b){var c=[],d=a.document,e=c.slice,f=c.concat,g=c.push,h=c.indexOf,i={},j=i.toString,k=i.hasOwnProperty,l={},m=&quot;2.2.0&quot;,n=function(a,b){return new n.fn.init(a,b)},o=/^[\s\uFEFF\xA0]+|[\s\uFEFF\xA0]+$/g,p=/^-ms-/,q=/-([\da-z])/gi,r=function(a,b){return b.toUpperCase()};n.fn=n.prototype={jquery:m,constructor:n,selector:&quot;&quot;,length:0,toArray:function(){return e.call(this)},get:function(a){return null!=a?0&gt;a?this[a+this.length]:this[a]:e.call(this)},pushStack:function(a){var b=n.merge(this.constructor(),a);return b.prevObject=this,b.context=this.context,b},each:function(a){return n.each(this,a)},map:function(a){return this.pushStack(n.map(this,function(b,c){return a.call(b,c,b)}))},slice:function(){return this.pushStack(e.apply(this,arguments))},first:function(){return this.eq(0)},last:function(){return this.eq(-1)},eq:function(a){var b=this.length,c=+a+(0&gt;a?b:0);return this.pushStack(c&gt;=0&amp;&amp;b&gt;c?[this[c]]:[])},end:function(){return this.prevObject||this.constructor()},push:g,sort:c.sort,splice:c.splice},n.extend=n.fn.extend=function(){var a,b,c,d,e,f,g=arguments[0]||{},h=1,i=arguments.length,j=!1;for(&quot;boolean&quot;==typeof g&amp;&amp;(j=g,g=arguments[h]||{},h++),&quot;object&quot;==typeof g||n.isFunction(g)||(g={}),h===i&amp;&amp;(g=this,h--);i&gt;h;h++)if(null!=(a=arguments[h]))for(b in a)c=g[b],d=a[b],g!==d&amp;&amp;(j&amp;&amp;d&amp;&amp;(n.isPlainObject(d)||(e=n.isArray(d)))?(e?(e=!1,f=c&amp;&amp;n.isArray(c)?c:[]):f=c&amp;&amp;n.isPlainObject(c)?c:{},g[b]=n.extend(j,f,d)):void 0!==d&amp;&amp;(g[b]=d));return g},n.extend({expando:&quot;jQuery&quot;+(m+Math.random()).replace(/\D/g,&quot;&quot;),isReady:!0,error:function(a){throw new Error(a)},noop:function(){},isFunction:function(a){return&quot;function&quot;===n.type(a)},isArray:Array.isArray,isWindow:function(a){return null!=a&amp;&amp;a===a.window},isNumeric:function(a){var b=a&amp;&amp;a.toString();return!n.isArray(a)&amp;&amp;b-parseFloat(b)+1&gt;=0},isPlainObject:function(a){return&quot;object&quot;!==n.type(a)||a.nodeType||n.isWindow(a)?!1:a.constructor&amp;&amp;!k.call(a.constructor.prototype,&quot;isPrototypeOf&quot;)?!1:!0},isEmptyObject:function(a){var b;for(b in a)return!1;return!0},type:function(a){return null==a?a+&quot;&quot;:&quot;object&quot;==typeof a||&quot;function&quot;==typeof a?i[j.call(a)]||&quot;object&quot;:typeof a},globalEval:function(a){var b,c=eval;a=n.trim(a),a&amp;&amp;(1===a.indexOf(&quot;use strict&quot;)?(b=d.createElement(&quot;script&quot;),b.text=a,d.head.appendChild(b).parentNode.removeChild(b)):c(a))},camelCase:function(a){return a.replace(p,&quot;ms-&quot;).replace(q,r)},nodeName:function(a,b){return a.nodeName&amp;&amp;a.nodeName.toLowerCase()===b.toLowerCase()},each:function(a,b){var c,d=0;if(s(a)){for(c=a.length;c&gt;d;d++)if(b.call(a[d],d,a[d])===!1)break}else for(d in a)if(b.call(a[d],d,a[d])===!1)break;return a},trim:function(a){return null==a?&quot;&quot;:(a+&quot;&quot;).replace(o,&quot;&quot;)},makeArray:function(a,b){var c=b||[];return null!=a&amp;&amp;(s(Object(a))?n.merge(c,&quot;string&quot;==typeof a?[a]:a):g.call(c,a)),c},inArray:function(a,b,c){return null==b?-1:h.call(b,a,c)},merge:function(a,b){for(var c=+b.length,d=0,e=a.length;c&gt;d;d++)a[e++]=b[d];return a.length=e,a},grep:function(a,b,c){for(var d,e=[],f=0,g=a.length,h=!c;g&gt;f;f++)d=!b(a[f],f),d!==h&amp;&amp;e.push(a[f]);return e},map:function(a,b,c){var d,e,g=0,h=[];if(s(a))for(d=a.length;d&gt;g;g++)e=b(a[g],g,c),null!=e&amp;&amp;h.push(e);else for(g in a)e=b(a[g],g,c),null!=e&amp;&amp;h.push(e);return f.apply([],h)},guid:1,proxy:function(a,b){var c,d,f;return&quot;string&quot;==typeof b&amp;&amp;(c=a[b],b=a,a=c),n.isFunction(a)?(d=e.call(arguments,2),f=function(){return a.apply(b||this,d.concat(e.call(arguments)))},f.guid=a.guid=a.guid||n.guid++,f):void 0},now:Date.now,support:l}),&quot;function&quot;==typeof Symbol&amp;&amp;(n.fn[Symbol.iterator]=c[Symbol.iterator]),n.each(&quot;Boolean Number String Function Array Date RegExp Object Error Symbol&quot;.split(&quot; &quot;),function(a,b){i[&quot;[object &quot;+b+&quot;]&quot;]=b.toLowerCase()});function s(a){var b=!!a&amp;&amp;&quot;length&quot;in a&amp;&amp;a.length,c=n.type(a);return&quot;function&quot;===c||n.isWindow(a)?!1:&quot;array&quot;===c||0===b||&quot;number&quot;==typeof b&amp;&amp;b&gt;0&amp;&amp;b-1 in a}var t=function(a){var b,c,d,e,f,g,h,i,j,k,l,m,n,o,p,q,r,s,t,u=&quot;sizzle&quot;+1*new Date,v=a.document,w=0,x=0,y=ga(),z=ga(),A=ga(),B=function(a,b){return a===b&amp;&amp;(l=!0),0},C=1&lt;&lt;31,D={}.hasOwnProperty,E=[],F=E.pop,G=E.push,H=E.push,I=E.slice,J=function(a,b){for(var c=0,d=a.length;d&gt;c;c++)if(a[c]===b)return c;return-1},K=&quot;checked|selected|async|autofocus|autoplay|controls|defer|disabled|hidden|ismap|loop|multiple|open|readonly|required|scoped&quot;,L=&quot;[\\x20\\t\\r\\n\\f]&quot;,M=&quot;(?:\\\\.|[\\w-]|[^\\x00-\\xa0])+&quot;,N=&quot;\\[&quot;+L+&quot;*(&quot;+M+&quot;)(?:&quot;+L+&quot;*([*^$|!~]?=)&quot;+L+&quot;*(?:&apos;((?:\\\\.|[^\\\\&apos;])*)&apos;|\&quot;((?:\\\\.|[^\\\\\&quot;])*)\&quot;|(&quot;+M+&quot;))|)&quot;+L+&quot;*\\]&quot;,O=&quot;:(&quot;+M+&quot;)(?:\\(((&apos;((?:\\\\.|[^\\\\&apos;])*)&apos;|\&quot;((?:\\\\.|[^\\\\\&quot;])*)\&quot;)|((?:\\\\.|[^\\\\()[\\]]|&quot;+N+&quot;)*)|.*)\\)|)&quot;,P=new RegExp(L+&quot;+&quot;,&quot;g&quot;),Q=new RegExp(&quot;^&quot;+L+&quot;+|((?:^|[^\\\\])(?:\\\\.)*)&quot;+L+&quot;+$&quot;,&quot;g&quot;),R=new RegExp(&quot;^&quot;+L+&quot;*,&quot;+L+&quot;*&quot;),S=new RegExp(&quot;^&quot;+L+&quot;*([&gt;+~]|&quot;+L+&quot;)&quot;+L+&quot;*&quot;),T=new RegExp(&quot;=&quot;+L+&quot;*([^\\]&apos;\&quot;]*?)&quot;+L+&quot;*\\]&quot;,&quot;g&quot;),U=new RegExp(O),V=new RegExp(&quot;^&quot;+M+&quot;$&quot;),W={ID:new RegExp(&quot;^#(&quot;+M+&quot;)&quot;),CLASS:new RegExp(&quot;^\\.(&quot;+M+&quot;)&quot;),TAG:new RegExp(&quot;^(&quot;+M+&quot;|[*])&quot;),ATTR:new RegExp(&quot;^&quot;+N),PSEUDO:new RegExp(&quot;^&quot;+O),CHILD:new RegExp(&quot;^:(only|first|last|nth|nth-last)-(child|of-type)(?:\\(&quot;+L+&quot;*(even|odd|(([+-]|)(\\d*)n|)&quot;+L+&quot;*(?:([+-]|)&quot;+L+&quot;*(\\d+)|))&quot;+L+&quot;*\\)|)&quot;,&quot;i&quot;),bool:new RegExp(&quot;^(?:&quot;+K+&quot;)$&quot;,&quot;i&quot;),needsContext:new RegExp(&quot;^&quot;+L+&quot;*[&gt;+~]|:(even|odd|eq|gt|lt|nth|first|last)(?:\\(&quot;+L+&quot;*((?:-\\d)?\\d*)&quot;+L+&quot;*\\)|)(?=[^-]|$)&quot;,&quot;i&quot;)},X=/^(?:input|select|textarea|button)$/i,Y=/^h\d$/i,Z=/^[^{]+\{\s*\[native \w/,$=/^(?:#([\w-]+)|(\w+)|\.([\w-]+))$/,_=/[+~]/,aa=/&apos;|\\/g,ba=new RegExp(&quot;\\\\([\\da-f]{1,6}&quot;+L+&quot;?|(&quot;+L+&quot;)|.)&quot;,&quot;ig&quot;),ca=function(a,b,c){var d=&quot;0x&quot;+b-65536;return d!==d||c?b:0&gt;d?String.fromCharCode(d+65536):String.fromCharCode(d&gt;&gt;10|55296,1023&amp;d|56320)},da=function(){m()};try{H.apply(E=I.call(v.childNodes),v.childNodes),E[v.childNodes.length].nodeType}catch(ea){H={apply:E.length?function(a,b){G.apply(a,I.call(b))}:function(a,b){var c=a.length,d=0;while(a[c++]=b[d++]);a.length=c-1}}}function fa(a,b,d,e){var f,h,j,k,l,o,r,s,w=b&amp;&amp;b.ownerDocument,x=b?b.nodeType:9;if(d=d||[],&quot;string&quot;!=typeof a||!a||1!==x&amp;&amp;9!==x&amp;&amp;11!==x)return d;if(!e&amp;&amp;((b?b.ownerDocument||b:v)!==n&amp;&amp;m(b),b=b||n,p)){if(11!==x&amp;&amp;(o=$.exec(a)))if(f=o[1]){if(9===x){if(!(j=b.getElementById(f)))return d;if(j.id===f)return d.push(j),d}else if(w&amp;&amp;(j=w.getElementById(f))&amp;&amp;t(b,j)&amp;&amp;j.id===f)return d.push(j),d}else{if(o[2])return H.apply(d,b.getElementsByTagName(a)),d;if((f=o[3])&amp;&amp;c.getElementsByClassName&amp;&amp;b.getElementsByClassName)return H.apply(d,b.getElementsByClassName(f)),d}if(c.qsa&amp;&amp;!A[a+&quot; &quot;]&amp;&amp;(!q||!q.test(a))){if(1!==x)w=b,s=a;else if(&quot;object&quot;!==b.nodeName.toLowerCase()){(k=b.getAttribute(&quot;id&quot;))?k=k.replace(aa,&quot;\\$&amp;&quot;):b.setAttribute(&quot;id&quot;,k=u),r=g(a),h=r.length,l=V.test(k)?&quot;#&quot;+k:&quot;[id=&apos;&quot;+k+&quot;&apos;]&quot;;while(h--)r[h]=l+&quot; &quot;+qa(r[h]);s=r.join(&quot;,&quot;),w=_.test(a)&amp;&amp;oa(b.parentNode)||b}if(s)try{return H.apply(d,w.querySelectorAll(s)),d}catch(y){}finally{k===u&amp;&amp;b.removeAttribute(&quot;id&quot;)}}}return i(a.replace(Q,&quot;$1&quot;),b,d,e)}function ga(){var a=[];function b(c,e){return a.push(c+&quot; &quot;)&gt;d.cacheLength&amp;&amp;delete b[a.shift()],b[c+&quot; &quot;]=e}return b}function ha(a){return a[u]=!0,a}function ia(a){var b=n.createElement(&quot;div&quot;);try{return!!a(b)}catch(c){return!1}finally{b.parentNode&amp;&amp;b.parentNode.removeChild(b),b=null}}function ja(a,b){var c=a.split(&quot;|&quot;),e=c.length;while(e--)d.attrHandle[c[e]]=b}function ka(a,b){var c=b&amp;&amp;a,d=c&amp;&amp;1===a.nodeType&amp;&amp;1===b.nodeType&amp;&amp;(~b.sourceIndex||C)-(~a.sourceIndex||C);if(d)return d;if(c)while(c=c.nextSibling)if(c===b)return-1;return a?1:-1}function la(a){return function(b){var c=b.nodeName.toLowerCase();return&quot;input&quot;===c&amp;&amp;b.type===a}}function ma(a){return function(b){var c=b.nodeName.toLowerCase();return(&quot;input&quot;===c||&quot;button&quot;===c)&amp;&amp;b.type===a}}function na(a){return ha(function(b){return b=+b,ha(function(c,d){var e,f=a([],c.length,b),g=f.length;while(g--)c[e=f[g]]&amp;&amp;(c[e]=!(d[e]=c[e]))})})}function oa(a){return a&amp;&amp;&quot;undefined&quot;!=typeof a.getElementsByTagName&amp;&amp;a}c=fa.support={},f=fa.isXML=function(a){var b=a&amp;&amp;(a.ownerDocument||a).documentElement;return b?&quot;HTML&quot;!==b.nodeName:!1},m=fa.setDocument=function(a){var b,e,g=a?a.ownerDocument||a:v;return g!==n&amp;&amp;9===g.nodeType&amp;&amp;g.documentElement?(n=g,o=n.documentElement,p=!f(n),(e=n.defaultView)&amp;&amp;e.top!==e&amp;&amp;(e.addEventListener?e.addEventListener(&quot;unload&quot;,da,!1):e.attachEvent&amp;&amp;e.attachEvent(&quot;onunload&quot;,da)),c.attributes=ia(function(a){return a.className=&quot;i&quot;,!a.getAttribute(&quot;className&quot;)}),c.getElementsByTagName=ia(function(a){return a.appendChild(n.createComment(&quot;&quot;)),!a.getElementsByTagName(&quot;*&quot;).length}),c.getElementsByClassName=Z.test(n.getElementsByClassName),c.getById=ia(function(a){return o.appendChild(a).id=u,!n.getElementsByName||!n.getElementsByName(u).length}),c.getById?(d.find.ID=function(a,b){if(&quot;undefined&quot;!=typeof b.getElementById&amp;&amp;p){var c=b.getElementById(a);return c?[c]:[]}},d.filter.ID=function(a){var b=a.replace(ba,ca);return function(a){return a.getAttribute(&quot;id&quot;)===b}}):(delete d.find.ID,d.filter.ID=function(a){var b=a.replace(ba,ca);return function(a){var c=&quot;undefined&quot;!=typeof a.getAttributeNode&amp;&amp;a.getAttributeNode(&quot;id&quot;);return c&amp;&amp;c.value===b}}),d.find.TAG=c.getElementsByTagName?function(a,b){return&quot;undefined&quot;!=typeof b.getElementsByTagName?b.getElementsByTagName(a):c.qsa?b.querySelectorAll(a):void 0}:function(a,b){var c,d=[],e=0,f=b.getElementsByTagName(a);if(&quot;*&quot;===a){while(c=f[e++])1===c.nodeType&amp;&amp;d.push(c);return d}return f},d.find.CLASS=c.getElementsByClassName&amp;&amp;function(a,b){return&quot;undefined&quot;!=typeof b.getElementsByClassName&amp;&amp;p?b.getElementsByClassName(a):void 0},r=[],q=[],(c.qsa=Z.test(n.querySelectorAll))&amp;&amp;(ia(function(a){o.appendChild(a).innerHTML=&quot;&lt;a id=&apos;&quot;+u+&quot;&apos;&gt;&lt;/a&gt;&lt;select id=&apos;&quot;+u+&quot;-\r\\&apos; msallowcapture=&apos;&apos;&gt;&lt;option selected=&apos;&apos;&gt;&lt;/option&gt;&lt;/select&gt;&quot;,a.querySelectorAll(&quot;[msallowcapture^=&apos;&apos;]&quot;).length&amp;&amp;q.push(&quot;[*^$]=&quot;+L+&quot;*(?:&apos;&apos;|\&quot;\&quot;)&quot;),a.querySelectorAll(&quot;[selected]&quot;).length||q.push(&quot;\\[&quot;+L+&quot;*(?:value|&quot;+K+&quot;)&quot;),a.querySelectorAll(&quot;[id~=&quot;+u+&quot;-]&quot;).length||q.push(&quot;~=&quot;),a.querySelectorAll(&quot;:checked&quot;).length||q.push(&quot;:checked&quot;),a.querySelectorAll(&quot;a#&quot;+u+&quot;+*&quot;).length||q.push(&quot;.#.+[+~]&quot;)}),ia(function(a){var b=n.createElement(&quot;input&quot;);b.setAttribute(&quot;type&quot;,&quot;hidden&quot;),a.appendChild(b).setAttribute(&quot;name&quot;,&quot;D&quot;),a.querySelectorAll(&quot;[name=d]&quot;).length&amp;&amp;q.push(&quot;name&quot;+L+&quot;*[*^$|!~]?=&quot;),a.querySelectorAll(&quot;:enabled&quot;).length||q.push(&quot;:enabled&quot;,&quot;:disabled&quot;),a.querySelectorAll(&quot;*,:x&quot;),q.push(&quot;,.*:&quot;)})),(c.matchesSelector=Z.test(s=o.matches||o.webkitMatchesSelector||o.mozMatchesSelector||o.oMatchesSelector||o.msMatchesSelector))&amp;&amp;ia(function(a){c.disconnectedMatch=s.call(a,&quot;div&quot;),s.call(a,&quot;[s!=&apos;&apos;]:x&quot;),r.push(&quot;!=&quot;,O)}),q=q.length&amp;&amp;new RegExp(q.join(&quot;|&quot;)),r=r.length&amp;&amp;new RegExp(r.join(&quot;|&quot;)),b=Z.test(o.compareDocumentPosition),t=b||Z.test(o.contains)?function(a,b){var c=9===a.nodeType?a.documentElement:a,d=b&amp;&amp;b.parentNode;return a===d||!(!d||1!==d.nodeType||!(c.contains?c.contains(d):a.compareDocumentPosition&amp;&amp;16&amp;a.compareDocumentPosition(d)))}:function(a,b){if(b)while(b=b.parentNode)if(b===a)return!0;return!1},B=b?function(a,b){if(a===b)return l=!0,0;var d=!a.compareDocumentPosition-!b.compareDocumentPosition;return d?d:(d=(a.ownerDocument||a)===(b.ownerDocument||b)?a.compareDocumentPosition(b):1,1&amp;d||!c.sortDetached&amp;&amp;b.compareDocumentPosition(a)===d?a===n||a.ownerDocument===v&amp;&amp;t(v,a)?-1:b===n||b.ownerDocument===v&amp;&amp;t(v,b)?1:k?J(k,a)-J(k,b):0:4&amp;d?-1:1)}:function(a,b){if(a===b)return l=!0,0;var c,d=0,e=a.parentNode,f=b.parentNode,g=[a],h=[b];if(!e||!f)return a===n?-1:b===n?1:e?-1:f?1:k?J(k,a)-J(k,b):0;if(e===f)return ka(a,b);c=a;while(c=c.parentNode)g.unshift(c);c=b;while(c=c.parentNode)h.unshift(c);while(g[d]===h[d])d++;return d?ka(g[d],h[d]):g[d]===v?-1:h[d]===v?1:0},n):n},fa.matches=function(a,b){return fa(a,null,null,b)},fa.matchesSelector=function(a,b){if((a.ownerDocument||a)!==n&amp;&amp;m(a),b=b.replace(T,&quot;=&apos;$1&apos;]&quot;),c.matchesSelector&amp;&amp;p&amp;&amp;!A[b+&quot; &quot;]&amp;&amp;(!r||!r.test(b))&amp;&amp;(!q||!q.test(b)))try{var d=s.call(a,b);if(d||c.disconnectedMatch||a.document&amp;&amp;11!==a.document.nodeType)return d}catch(e){}return fa(b,n,null,[a]).length&gt;0},fa.contains=function(a,b){return(a.ownerDocument||a)!==n&amp;&amp;m(a),t(a,b)},fa.attr=function(a,b){(a.ownerDocument||a)!==n&amp;&amp;m(a);var e=d.attrHandle[b.toLowerCase()],f=e&amp;&amp;D.call(d.attrHandle,b.toLowerCase())?e(a,b,!p):void 0;return void 0!==f?f:c.attributes||!p?a.getAttribute(b):(f=a.getAttributeNode(b))&amp;&amp;f.specified?f.value:null},fa.error=function(a){throw new Error(&quot;Syntax error, unrecognized expression: &quot;+a)},fa.uniqueSort=function(a){var b,d=[],e=0,f=0;if(l=!c.detectDuplicates,k=!c.sortStable&amp;&amp;a.slice(0),a.sort(B),l){while(b=a[f++])b===a[f]&amp;&amp;(e=d.push(f));while(e--)a.splice(d[e],1)}return k=null,a},e=fa.getText=function(a){var b,c=&quot;&quot;,d=0,f=a.nodeType;if(f){if(1===f||9===f||11===f){if(&quot;string&quot;==typeof a.textContent)return a.textContent;for(a=a.firstChild;a;a=a.nextSibling)c+=e(a)}else if(3===f||4===f)return a.nodeValue}else while(b=a[d++])c+=e(b);return c},d=fa.selectors={cacheLength:50,createPseudo:ha,match:W,attrHandle:{},find:{},relative:{&quot;&gt;&quot;:{dir:&quot;parentNode&quot;,first:!0},&quot; &quot;:{dir:&quot;parentNode&quot;},&quot;+&quot;:{dir:&quot;previousSibling&quot;,first:!0},&quot;~&quot;:{dir:&quot;previousSibling&quot;}},preFilter:{ATTR:function(a){return a[1]=a[1].replace(ba,ca),a[3]=(a[3]||a[4]||a[5]||&quot;&quot;).replace(ba,ca),&quot;~=&quot;===a[2]&amp;&amp;(a[3]=&quot; &quot;+a[3]+&quot; &quot;),a.slice(0,4)},CHILD:function(a){return a[1]=a[1].toLowerCase(),&quot;nth&quot;===a[1].slice(0,3)?(a[3]||fa.error(a[0]),a[4]=+(a[4]?a[5]+(a[6]||1):2*(&quot;even&quot;===a[3]||&quot;odd&quot;===a[3])),a[5]=+(a[7]+a[8]||&quot;odd&quot;===a[3])):a[3]&amp;&amp;fa.error(a[0]),a},PSEUDO:function(a){var b,c=!a[6]&amp;&amp;a[2];return W.CHILD.test(a[0])?null:(a[3]?a[2]=a[4]||a[5]||&quot;&quot;:c&amp;&amp;U.test(c)&amp;&amp;(b=g(c,!0))&amp;&amp;(b=c.indexOf(&quot;)&quot;,c.length-b)-c.length)&amp;&amp;(a[0]=a[0].slice(0,b),a[2]=c.slice(0,b)),a.slice(0,3))}},filter:{TAG:function(a){var b=a.replace(ba,ca).toLowerCase();return&quot;*&quot;===a?function(){return!0}:function(a){return a.nodeName&amp;&amp;a.nodeName.toLowerCase()===b}},CLASS:function(a){var b=y[a+&quot; &quot;];return b||(b=new RegExp(&quot;(^|&quot;+L+&quot;)&quot;+a+&quot;(&quot;+L+&quot;|$)&quot;))&amp;&amp;y(a,function(a){return b.test(&quot;string&quot;==typeof a.className&amp;&amp;a.className||&quot;undefined&quot;!=typeof a.getAttribute&amp;&amp;a.getAttribute(&quot;class&quot;)||&quot;&quot;)})},ATTR:function(a,b,c){return function(d){var e=fa.attr(d,a);return null==e?&quot;!=&quot;===b:b?(e+=&quot;&quot;,&quot;=&quot;===b?e===c:&quot;!=&quot;===b?e!==c:&quot;^=&quot;===b?c&amp;&amp;0===e.indexOf(c):&quot;*=&quot;===b?c&amp;&amp;e.indexOf(c)&gt;-1:&quot;$=&quot;===b?c&amp;&amp;e.slice(-c.length)===c:&quot;~=&quot;===b?(&quot; &quot;+e.replace(P,&quot; &quot;)+&quot; &quot;).indexOf(c)&gt;-1:&quot;|=&quot;===b?e===c||e.slice(0,c.length+1)===c+&quot;-&quot;:!1):!0}},CHILD:function(a,b,c,d,e){var f=&quot;nth&quot;!==a.slice(0,3),g=&quot;last&quot;!==a.slice(-4),h=&quot;of-type&quot;===b;return 1===d&amp;&amp;0===e?function(a){return!!a.parentNode}:function(b,c,i){var j,k,l,m,n,o,p=f!==g?&quot;nextSibling&quot;:&quot;previousSibling&quot;,q=b.parentNode,r=h&amp;&amp;b.nodeName.toLowerCase(),s=!i&amp;&amp;!h,t=!1;if(q){if(f){while(p){m=b;while(m=m[p])if(h?m.nodeName.toLowerCase()===r:1===m.nodeType)return!1;o=p=&quot;only&quot;===a&amp;&amp;!o&amp;&amp;&quot;nextSibling&quot;}return!0}if(o=[g?q.firstChild:q.lastChild],g&amp;&amp;s){m=q,l=m[u]||(m[u]={}),k=l[m.uniqueID]||(l[m.uniqueID]={}),j=k[a]||[],n=j[0]===w&amp;&amp;j[1],t=n&amp;&amp;j[2],m=n&amp;&amp;q.childNodes[n];while(m=++n&amp;&amp;m&amp;&amp;m[p]||(t=n=0)||o.pop())if(1===m.nodeType&amp;&amp;++t&amp;&amp;m===b){k[a]=[w,n,t];break}}else if(s&amp;&amp;(m=b,l=m[u]||(m[u]={}),k=l[m.uniqueID]||(l[m.uniqueID]={}),j=k[a]||[],n=j[0]===w&amp;&amp;j[1],t=n),t===!1)while(m=++n&amp;&amp;m&amp;&amp;m[p]||(t=n=0)||o.pop())if((h?m.nodeName.toLowerCase()===r:1===m.nodeType)&amp;&amp;++t&amp;&amp;(s&amp;&amp;(l=m[u]||(m[u]={}),k=l[m.uniqueID]||(l[m.uniqueID]={}),k[a]=[w,t]),m===b))break;return t-=e,t===d||t%d===0&amp;&amp;t/d&gt;=0}}},PSEUDO:function(a,b){var c,e=d.pseudos[a]||d.setFilters[a.toLowerCase()]||fa.error(&quot;unsupported pseudo: &quot;+a);return e[u]?e(b):e.length&gt;1?(c=[a,a,&quot;&quot;,b],d.setFilters.hasOwnProperty(a.toLowerCase())?ha(function(a,c){var d,f=e(a,b),g=f.length;while(g--)d=J(a,f[g]),a[d]=!(c[d]=f[g])}):function(a){return e(a,0,c)}):e}},pseudos:{not:ha(function(a){var b=[],c=[],d=h(a.replace(Q,&quot;$1&quot;));return d[u]?ha(function(a,b,c,e){var f,g=d(a,null,e,[]),h=a.length;while(h--)(f=g[h])&amp;&amp;(a[h]=!(b[h]=f))}):function(a,e,f){return b[0]=a,d(b,null,f,c),b[0]=null,!c.pop()}}),has:ha(function(a){return function(b){return fa(a,b).length&gt;0}}),contains:ha(function(a){return a=a.replace(ba,ca),function(b){return(b.textContent||b.innerText||e(b)).indexOf(a)&gt;-1}}),lang:ha(function(a){return V.test(a||&quot;&quot;)||fa.error(&quot;unsupported lang: &quot;+a),a=a.replace(ba,ca).toLowerCase(),function(b){var c;do if(c=p?b.lang:b.getAttribute(&quot;xml:lang&quot;)||b.getAttribute(&quot;lang&quot;))return c=c.toLowerCase(),c===a||0===c.indexOf(a+&quot;-&quot;);while((b=b.parentNode)&amp;&amp;1===b.nodeType);return!1}}),target:function(b){var c=a.location&amp;&amp;a.location.hash;return c&amp;&amp;c.slice(1)===b.id},root:function(a){return a===o},focus:function(a){return a===n.activeElement&amp;&amp;(!n.hasFocus||n.hasFocus())&amp;&amp;!!(a.type||a.href||~a.tabIndex)},enabled:function(a){return a.disabled===!1},disabled:function(a){return a.disabled===!0},checked:function(a){var b=a.nodeName.toLowerCase();return&quot;input&quot;===b&amp;&amp;!!a.checked||&quot;option&quot;===b&amp;&amp;!!a.selected},selected:function(a){return a.parentNode&amp;&amp;a.parentNode.selectedIndex,a.selected===!0},empty:function(a){for(a=a.firstChild;a;a=a.nextSibling)if(a.nodeType&lt;6)return!1;return!0},parent:function(a){return!d.pseudos.empty(a)},header:function(a){return Y.test(a.nodeName)},input:function(a){return X.test(a.nodeName)},button:function(a){var b=a.nodeName.toLowerCase();return&quot;input&quot;===b&amp;&amp;&quot;button&quot;===a.type||&quot;button&quot;===b},text:function(a){var b;return&quot;input&quot;===a.nodeName.toLowerCase()&amp;&amp;&quot;text&quot;===a.type&amp;&amp;(null==(b=a.getAttribute(&quot;type&quot;))||&quot;text&quot;===b.toLowerCase())},first:na(function(){return[0]}),last:na(function(a,b){return[b-1]}),eq:na(function(a,b,c){return[0&gt;c?c+b:c]}),even:na(function(a,b){for(var c=0;b&gt;c;c+=2)a.push(c);return a}),odd:na(function(a,b){for(var c=1;b&gt;c;c+=2)a.push(c);return a}),lt:na(function(a,b,c){for(var d=0&gt;c?c+b:c;--d&gt;=0;)a.push(d);return a}),gt:na(function(a,b,c){for(var d=0&gt;c?c+b:c;++d&lt;b;)a.push(d);return a})}},d.pseudos.nth=d.pseudos.eq;for(b in{radio:!0,checkbox:!0,file:!0,password:!0,image:!0})d.pseudos[b]=la(b);for(b in{submit:!0,reset:!0})d.pseudos[b]=ma(b);function pa(){}pa.prototype=d.filters=d.pseudos,d.setFilters=new pa,g=fa.tokenize=function(a,b){var c,e,f,g,h,i,j,k=z[a+&quot; &quot;];if(k)return b?0:k.slice(0);h=a,i=[],j=d.preFilter;while(h){(!c||(e=R.exec(h)))&amp;&amp;(e&amp;&amp;(h=h.slice(e[0].length)||h),i.push(f=[])),c=!1,(e=S.exec(h))&amp;&amp;(c=e.shift(),f.push({value:c,type:e[0].replace(Q,&quot; &quot;)}),h=h.slice(c.length));for(g in d.filter)!(e=W[g].exec(h))||j[g]&amp;&amp;!(e=j[g](e))||(c=e.shift(),f.push({value:c,type:g,matches:e}),h=h.slice(c.length));if(!c)break}return b?h.length:h?fa.error(a):z(a,i).slice(0)};function qa(a){for(var b=0,c=a.length,d=&quot;&quot;;c&gt;b;b++)d+=a[b].value;return d}function ra(a,b,c){var d=b.dir,e=c&amp;&amp;&quot;parentNode&quot;===d,f=x++;return b.first?function(b,c,f){while(b=b[d])if(1===b.nodeType||e)return a(b,c,f)}:function(b,c,g){var h,i,j,k=[w,f];if(g){while(b=b[d])if((1===b.nodeType||e)&amp;&amp;a(b,c,g))return!0}else while(b=b[d])if(1===b.nodeType||e){if(j=b[u]||(b[u]={}),i=j[b.uniqueID]||(j[b.uniqueID]={}),(h=i[d])&amp;&amp;h[0]===w&amp;&amp;h[1]===f)return k[2]=h[2];if(i[d]=k,k[2]=a(b,c,g))return!0}}}function sa(a){return a.length&gt;1?function(b,c,d){var e=a.length;while(e--)if(!a[e](b,c,d))return!1;return!0}:a[0]}function ta(a,b,c){for(var d=0,e=b.length;e&gt;d;d++)fa(a,b[d],c);return c}function ua(a,b,c,d,e){for(var f,g=[],h=0,i=a.length,j=null!=b;i&gt;h;h++)(f=a[h])&amp;&amp;(!c||c(f,d,e))&amp;&amp;(g.push(f),j&amp;&amp;b.push(h));return g}function va(a,b,c,d,e,f){return d&amp;&amp;!d[u]&amp;&amp;(d=va(d)),e&amp;&amp;!e[u]&amp;&amp;(e=va(e,f)),ha(function(f,g,h,i){var j,k,l,m=[],n=[],o=g.length,p=f||ta(b||&quot;*&quot;,h.nodeType?[h]:h,[]),q=!a||!f&amp;&amp;b?p:ua(p,m,a,h,i),r=c?e||(f?a:o||d)?[]:g:q;if(c&amp;&amp;c(q,r,h,i),d){j=ua(r,n),d(j,[],h,i),k=j.length;while(k--)(l=j[k])&amp;&amp;(r[n[k]]=!(q[n[k]]=l))}if(f){if(e||a){if(e){j=[],k=r.length;while(k--)(l=r[k])&amp;&amp;j.push(q[k]=l);e(null,r=[],j,i)}k=r.length;while(k--)(l=r[k])&amp;&amp;(j=e?J(f,l):m[k])&gt;-1&amp;&amp;(f[j]=!(g[j]=l))}}else r=ua(r===g?r.splice(o,r.length):r),e?e(null,g,r,i):H.apply(g,r)})}function wa(a){for(var b,c,e,f=a.length,g=d.relative[a[0].type],h=g||d.relative[&quot; &quot;],i=g?1:0,k=ra(function(a){return a===b},h,!0),l=ra(function(a){return J(b,a)&gt;-1},h,!0),m=[function(a,c,d){var e=!g&amp;&amp;(d||c!==j)||((b=c).nodeType?k(a,c,d):l(a,c,d));return b=null,e}];f&gt;i;i++)if(c=d.relative[a[i].type])m=[ra(sa(m),c)];else{if(c=d.filter[a[i].type].apply(null,a[i].matches),c[u]){for(e=++i;f&gt;e;e++)if(d.relative[a[e].type])break;return va(i&gt;1&amp;&amp;sa(m),i&gt;1&amp;&amp;qa(a.slice(0,i-1).concat({value:&quot; &quot;===a[i-2].type?&quot;*&quot;:&quot;&quot;})).replace(Q,&quot;$1&quot;),c,e&gt;i&amp;&amp;wa(a.slice(i,e)),f&gt;e&amp;&amp;wa(a=a.slice(e)),f&gt;e&amp;&amp;qa(a))}m.push(c)}return sa(m)}function xa(a,b){var c=b.length&gt;0,e=a.length&gt;0,f=function(f,g,h,i,k){var l,o,q,r=0,s=&quot;0&quot;,t=f&amp;&amp;[],u=[],v=j,x=f||e&amp;&amp;d.find.TAG(&quot;*&quot;,k),y=w+=null==v?1:Math.random()||.1,z=x.length;for(k&amp;&amp;(j=g===n||g||k);s!==z&amp;&amp;null!=(l=x[s]);s++){if(e&amp;&amp;l){o=0,g||l.ownerDocument===n||(m(l),h=!p);while(q=a[o++])if(q(l,g||n,h)){i.push(l);break}k&amp;&amp;(w=y)}c&amp;&amp;((l=!q&amp;&amp;l)&amp;&amp;r--,f&amp;&amp;t.push(l))}if(r+=s,c&amp;&amp;s!==r){o=0;while(q=b[o++])q(t,u,g,h);if(f){if(r&gt;0)while(s--)t[s]||u[s]||(u[s]=F.call(i));u=ua(u)}H.apply(i,u),k&amp;&amp;!f&amp;&amp;u.length&gt;0&amp;&amp;r+b.length&gt;1&amp;&amp;fa.uniqueSort(i)}return k&amp;&amp;(w=y,j=v),t};return c?ha(f):f}return h=fa.compile=function(a,b){var c,d=[],e=[],f=A[a+&quot; &quot;];if(!f){b||(b=g(a)),c=b.length;while(c--)f=wa(b[c]),f[u]?d.push(f):e.push(f);f=A(a,xa(e,d)),f.selector=a}return f},i=fa.select=function(a,b,e,f){var i,j,k,l,m,n=&quot;function&quot;==typeof a&amp;&amp;a,o=!f&amp;&amp;g(a=n.selector||a);if(e=e||[],1===o.length){if(j=o[0]=o[0].slice(0),j.length&gt;2&amp;&amp;&quot;ID&quot;===(k=j[0]).type&amp;&amp;c.getById&amp;&amp;9===b.nodeType&amp;&amp;p&amp;&amp;d.relative[j[1].type]){if(b=(d.find.ID(k.matches[0].replace(ba,ca),b)||[])[0],!b)return e;n&amp;&amp;(b=b.parentNode),a=a.slice(j.shift().value.length)}i=W.needsContext.test(a)?0:j.length;while(i--){if(k=j[i],d.relative[l=k.type])break;if((m=d.find[l])&amp;&amp;(f=m(k.matches[0].replace(ba,ca),_.test(j[0].type)&amp;&amp;oa(b.parentNode)||b))){if(j.splice(i,1),a=f.length&amp;&amp;qa(j),!a)return H.apply(e,f),e;break}}}return(n||h(a,o))(f,b,!p,e,!b||_.test(a)&amp;&amp;oa(b.parentNode)||b),e},c.sortStable=u.split(&quot;&quot;).sort(B).join(&quot;&quot;)===u,c.detectDuplicates=!!l,m(),c.sortDetached=ia(function(a){return 1&amp;a.compareDocumentPosition(n.createElement(&quot;div&quot;))}),ia(function(a){return a.innerHTML=&quot;&lt;a href=&apos;#&apos;&gt;&lt;/a&gt;&quot;,&quot;#&quot;===a.firstChild.getAttribute(&quot;href&quot;)})||ja(&quot;type|href|height|width&quot;,function(a,b,c){return c?void 0:a.getAttribute(b,&quot;type&quot;===b.toLowerCase()?1:2)}),c.attributes&amp;&amp;ia(function(a){return a.innerHTML=&quot;&lt;input/&gt;&quot;,a.firstChild.setAttribute(&quot;value&quot;,&quot;&quot;),&quot;&quot;===a.firstChild.getAttribute(&quot;value&quot;)})||ja(&quot;value&quot;,function(a,b,c){return c||&quot;input&quot;!==a.nodeName.toLowerCase()?void 0:a.defaultValue}),ia(function(a){return null==a.getAttribute(&quot;disabled&quot;)})||ja(K,function(a,b,c){var d;return c?void 0:a[b]===!0?b.toLowerCase():(d=a.getAttributeNode(b))&amp;&amp;d.specified?d.value:null}),fa}(a);n.find=t,n.expr=t.selectors,n.expr[&quot;:&quot;]=n.expr.pseudos,n.uniqueSort=n.unique=t.uniqueSort,n.text=t.getText,n.isXMLDoc=t.isXML,n.contains=t.contains;var u=function(a,b,c){var d=[],e=void 0!==c;while((a=a[b])&amp;&amp;9!==a.nodeType)if(1===a.nodeType){if(e&amp;&amp;n(a).is(c))break;d.push(a)}return d},v=function(a,b){for(var c=[];a;a=a.nextSibling)1===a.nodeType&amp;&amp;a!==b&amp;&amp;c.push(a);return c},w=n.expr.match.needsContext,x=/^&lt;([\w-]+)\s*\/?&gt;(?:&lt;\/\1&gt;|)$/,y=/^.[^:#\[\.,]*$/;function z(a,b,c){if(n.isFunction(b))return n.grep(a,function(a,d){return!!b.call(a,d,a)!==c});if(b.nodeType)return n.grep(a,function(a){return a===b!==c});if(&quot;string&quot;==typeof b){if(y.test(b))return n.filter(b,a,c);b=n.filter(b,a)}return n.grep(a,function(a){return h.call(b,a)&gt;-1!==c})}n.filter=function(a,b,c){var d=b[0];return c&amp;&amp;(a=&quot;:not(&quot;+a+&quot;)&quot;),1===b.length&amp;&amp;1===d.nodeType?n.find.matchesSelector(d,a)?[d]:[]:n.find.matches(a,n.grep(b,function(a){return 1===a.nodeType}))},n.fn.extend({find:function(a){var b,c=this.length,d=[],e=this;if(&quot;string&quot;!=typeof a)return this.pushStack(n(a).filter(function(){for(b=0;c&gt;b;b++)if(n.contains(e[b],this))return!0}));for(b=0;c&gt;b;b++)n.find(a,e[b],d);return d=this.pushStack(c&gt;1?n.unique(d):d),d.selector=this.selector?this.selector+&quot; &quot;+a:a,d},filter:function(a){return this.pushStack(z(this,a||[],!1))},not:function(a){return this.pushStack(z(this,a||[],!0))},is:function(a){return!!z(this,&quot;string&quot;==typeof a&amp;&amp;w.test(a)?n(a):a||[],!1).length}});var A,B=/^(?:\s*(&lt;[\w\W]+&gt;)[^&gt;]*|#([\w-]*))$/,C=n.fn.init=function(a,b,c){var e,f;if(!a)return this;if(c=c||A,&quot;string&quot;==typeof a){if(e=&quot;&lt;&quot;===a[0]&amp;&amp;&quot;&gt;&quot;===a[a.length-1]&amp;&amp;a.length&gt;=3?[null,a,null]:B.exec(a),!e||!e[1]&amp;&amp;b)return!b||b.jquery?(b||c).find(a):this.constructor(b).find(a);if(e[1]){if(b=b instanceof n?b[0]:b,n.merge(this,n.parseHTML(e[1],b&amp;&amp;b.nodeType?b.ownerDocument||b:d,!0)),x.test(e[1])&amp;&amp;n.isPlainObject(b))for(e in b)n.isFunction(this[e])?this[e](b[e]):this.attr(e,b[e]);return this}return f=d.getElementById(e[2]),f&amp;&amp;f.parentNode&amp;&amp;(this.length=1,this[0]=f),this.context=d,this.selector=a,this}return a.nodeType?(this.context=this[0]=a,this.length=1,this):n.isFunction(a)?void 0!==c.ready?c.ready(a):a(n):(void 0!==a.selector&amp;&amp;(this.selector=a.selector,this.context=a.context),n.makeArray(a,this))};C.prototype=n.fn,A=n(d);var D=/^(?:parents|prev(?:Until|All))/,E={children:!0,contents:!0,next:!0,prev:!0};n.fn.extend({has:function(a){var b=n(a,this),c=b.length;return this.filter(function(){for(var a=0;c&gt;a;a++)if(n.contains(this,b[a]))return!0})},closest:function(a,b){for(var c,d=0,e=this.length,f=[],g=w.test(a)||&quot;string&quot;!=typeof a?n(a,b||this.context):0;e&gt;d;d++)for(c=this[d];c&amp;&amp;c!==b;c=c.parentNode)if(c.nodeType&lt;11&amp;&amp;(g?g.index(c)&gt;-1:1===c.nodeType&amp;&amp;n.find.matchesSelector(c,a))){f.push(c);break}return this.pushStack(f.length&gt;1?n.uniqueSort(f):f)},index:function(a){return a?&quot;string&quot;==typeof a?h.call(n(a),this[0]):h.call(this,a.jquery?a[0]:a):this[0]&amp;&amp;this[0].parentNode?this.first().prevAll().length:-1},add:function(a,b){return this.pushStack(n.uniqueSort(n.merge(this.get(),n(a,b))))},addBack:function(a){return this.add(null==a?this.prevObject:this.prevObject.filter(a))}});function F(a,b){while((a=a[b])&amp;&amp;1!==a.nodeType);return a}n.each({parent:function(a){var b=a.parentNode;return b&amp;&amp;11!==b.nodeType?b:null},parents:function(a){return u(a,&quot;parentNode&quot;)},parentsUntil:function(a,b,c){return u(a,&quot;parentNode&quot;,c)},next:function(a){return F(a,&quot;nextSibling&quot;)},prev:function(a){return F(a,&quot;previousSibling&quot;)},nextAll:function(a){return u(a,&quot;nextSibling&quot;)},prevAll:function(a){return u(a,&quot;previousSibling&quot;)},nextUntil:function(a,b,c){return u(a,&quot;nextSibling&quot;,c)},prevUntil:function(a,b,c){return u(a,&quot;previousSibling&quot;,c)},siblings:function(a){return v((a.parentNode||{}).firstChild,a)},children:function(a){return v(a.firstChild)},contents:function(a){return a.contentDocument||n.merge([],a.childNodes)}},function(a,b){n.fn[a]=function(c,d){var e=n.map(this,b,c);return&quot;Until&quot;!==a.slice(-5)&amp;&amp;(d=c),d&amp;&amp;&quot;string&quot;==typeof d&amp;&amp;(e=n.filter(d,e)),this.length&gt;1&amp;&amp;(E[a]||n.uniqueSort(e),D.test(a)&amp;&amp;e.reverse()),this.pushStack(e)}});var G=/\S+/g;function H(a){var b={};return n.each(a.match(G)||[],function(a,c){b[c]=!0}),b}n.Callbacks=function(a){a=&quot;string&quot;==typeof a?H(a):n.extend({},a);var b,c,d,e,f=[],g=[],h=-1,i=function(){for(e=a.once,d=b=!0;g.length;h=-1){c=g.shift();while(++h&lt;f.length)f[h].apply(c[0],c[1])===!1&amp;&amp;a.stopOnFalse&amp;&amp;(h=f.length,c=!1)}a.memory||(c=!1),b=!1,e&amp;&amp;(f=c?[]:&quot;&quot;)},j={add:function(){return f&amp;&amp;(c&amp;&amp;!b&amp;&amp;(h=f.length-1,g.push(c)),function d(b){n.each(b,function(b,c){n.isFunction(c)?a.unique&amp;&amp;j.has(c)||f.push(c):c&amp;&amp;c.length&amp;&amp;&quot;string&quot;!==n.type(c)&amp;&amp;d(c)})}(arguments),c&amp;&amp;!b&amp;&amp;i()),this},remove:function(){return n.each(arguments,function(a,b){var c;while((c=n.inArray(b,f,c))&gt;-1)f.splice(c,1),h&gt;=c&amp;&amp;h--}),this},has:function(a){return a?n.inArray(a,f)&gt;-1:f.length&gt;0},empty:function(){return f&amp;&amp;(f=[]),this},disable:function(){return e=g=[],f=c=&quot;&quot;,this},disabled:function(){return!f},lock:function(){return e=g=[],c||(f=c=&quot;&quot;),this},locked:function(){return!!e},fireWith:function(a,c){return e||(c=c||[],c=[a,c.slice?c.slice():c],g.push(c),b||i()),this},fire:function(){return j.fireWith(this,arguments),this},fired:function(){return!!d}};return j},n.extend({Deferred:function(a){var b=[[&quot;resolve&quot;,&quot;done&quot;,n.Callbacks(&quot;once memory&quot;),&quot;resolved&quot;],[&quot;reject&quot;,&quot;fail&quot;,n.Callbacks(&quot;once memory&quot;),&quot;rejected&quot;],[&quot;notify&quot;,&quot;progress&quot;,n.Callbacks(&quot;memory&quot;)]],c=&quot;pending&quot;,d={state:function(){return c},always:function(){return e.done(arguments).fail(arguments),this},then:function(){var a=arguments;return n.Deferred(function(c){n.each(b,function(b,f){var g=n.isFunction(a[b])&amp;&amp;a[b];e[f[1]](function(){var a=g&amp;&amp;g.apply(this,arguments);a&amp;&amp;n.isFunction(a.promise)?a.promise().progress(c.notify).done(c.resolve).fail(c.reject):c[f[0]+&quot;With&quot;](this===d?c.promise():this,g?[a]:arguments)})}),a=null}).promise()},promise:function(a){return null!=a?n.extend(a,d):d}},e={};return d.pipe=d.then,n.each(b,function(a,f){var g=f[2],h=f[3];d[f[1]]=g.add,h&amp;&amp;g.add(function(){c=h},b[1^a][2].disable,b[2][2].lock),e[f[0]]=function(){return e[f[0]+&quot;With&quot;](this===e?d:this,arguments),this},e[f[0]+&quot;With&quot;]=g.fireWith}),d.promise(e),a&amp;&amp;a.call(e,e),e},when:function(a){var b=0,c=e.call(arguments),d=c.length,f=1!==d||a&amp;&amp;n.isFunction(a.promise)?d:0,g=1===f?a:n.Deferred(),h=function(a,b,c){return function(d){b[a]=this,c[a]=arguments.length&gt;1?e.call(arguments):d,c===i?g.notifyWith(b,c):--f||g.resolveWith(b,c)}},i,j,k;if(d&gt;1)for(i=new Array(d),j=new Array(d),k=new Array(d);d&gt;b;b++)c[b]&amp;&amp;n.isFunction(c[b].promise)?c[b].promise().progress(h(b,j,i)).done(h(b,k,c)).fail(g.reject):--f;return f||g.resolveWith(k,c),g.promise()}});var I;n.fn.ready=function(a){return n.ready.promise().done(a),this},n.extend({isReady:!1,readyWait:1,holdReady:function(a){a?n.readyWait++:n.ready(!0)},ready:function(a){(a===!0?--n.readyWait:n.isReady)||(n.isReady=!0,a!==!0&amp;&amp;--n.readyWait&gt;0||(I.resolveWith(d,[n]),n.fn.triggerHandler&amp;&amp;(n(d).triggerHandler(&quot;ready&quot;),n(d).off(&quot;ready&quot;))))}});function J(){d.removeEventListener(&quot;DOMContentLoaded&quot;,J),a.removeEventListener(&quot;load&quot;,J),n.ready()}n.ready.promise=function(b){return I||(I=n.Deferred(),&quot;complete&quot;===d.readyState||&quot;loading&quot;!==d.readyState&amp;&amp;!d.documentElement.doScroll?a.setTimeout(n.ready):(d.addEventListener(&quot;DOMContentLoaded&quot;,J),a.addEventListener(&quot;load&quot;,J))),I.promise(b)},n.ready.promise();var K=function(a,b,c,d,e,f,g){var h=0,i=a.length,j=null==c;if(&quot;object&quot;===n.type(c)){e=!0;for(h in c)K(a,b,h,c[h],!0,f,g)}else if(void 0!==d&amp;&amp;(e=!0,n.isFunction(d)||(g=!0),j&amp;&amp;(g?(b.call(a,d),b=null):(j=b,b=function(a,b,c){return j.call(n(a),c)})),b))for(;i&gt;h;h++)b(a[h],c,g?d:d.call(a[h],h,b(a[h],c)));return e?a:j?b.call(a):i?b(a[0],c):f},L=function(a){return 1===a.nodeType||9===a.nodeType||!+a.nodeType};function M(){this.expando=n.expando+M.uid++}M.uid=1,M.prototype={register:function(a,b){var c=b||{};return a.nodeType?a[this.expando]=c:Object.defineProperty(a,this.expando,{value:c,writable:!0,configurable:!0}),a[this.expando]},cache:function(a){if(!L(a))return{};var b=a[this.expando];return b||(b={},L(a)&amp;&amp;(a.nodeType?a[this.expando]=b:Object.defineProperty(a,this.expando,{value:b,configurable:!0}))),b},set:function(a,b,c){var d,e=this.cache(a);if(&quot;string&quot;==typeof b)e[b]=c;else for(d in b)e[d]=b[d];return e},get:function(a,b){return void 0===b?this.cache(a):a[this.expando]&amp;&amp;a[this.expando][b]},access:function(a,b,c){var d;return void 0===b||b&amp;&amp;&quot;string&quot;==typeof b&amp;&amp;void 0===c?(d=this.get(a,b),void 0!==d?d:this.get(a,n.camelCase(b))):(this.set(a,b,c),void 0!==c?c:b)},remove:function(a,b){var c,d,e,f=a[this.expando];if(void 0!==f){if(void 0===b)this.register(a);else{n.isArray(b)?d=b.concat(b.map(n.camelCase)):(e=n.camelCase(b),b in f?d=[b,e]:(d=e,d=d in f?[d]:d.match(G)||[])),c=d.length;while(c--)delete f[d[c]]}(void 0===b||n.isEmptyObject(f))&amp;&amp;(a.nodeType?a[this.expando]=void 0:delete a[this.expando])}},hasData:function(a){var b=a[this.expando];return void 0!==b&amp;&amp;!n.isEmptyObject(b)}};var N=new M,O=new M,P=/^(?:\{[\w\W]*\}|\[[\w\W]*\])$/,Q=/[A-Z]/g;function R(a,b,c){var d;if(void 0===c&amp;&amp;1===a.nodeType)if(d=&quot;data-&quot;+b.replace(Q,&quot;-$&amp;&quot;).toLowerCase(),c=a.getAttribute(d),&quot;string&quot;==typeof c){try{c=&quot;true&quot;===c?!0:&quot;false&quot;===c?!1:&quot;null&quot;===c?null:+c+&quot;&quot;===c?+c:P.test(c)?n.parseJSON(c):c}catch(e){}O.set(a,b,c);&#10;  }else c=void 0;return c}n.extend({hasData:function(a){return O.hasData(a)||N.hasData(a)},data:function(a,b,c){return O.access(a,b,c)},removeData:function(a,b){O.remove(a,b)},_data:function(a,b,c){return N.access(a,b,c)},_removeData:function(a,b){N.remove(a,b)}}),n.fn.extend({data:function(a,b){var c,d,e,f=this[0],g=f&amp;&amp;f.attributes;if(void 0===a){if(this.length&amp;&amp;(e=O.get(f),1===f.nodeType&amp;&amp;!N.get(f,&quot;hasDataAttrs&quot;))){c=g.length;while(c--)g[c]&amp;&amp;(d=g[c].name,0===d.indexOf(&quot;data-&quot;)&amp;&amp;(d=n.camelCase(d.slice(5)),R(f,d,e[d])));N.set(f,&quot;hasDataAttrs&quot;,!0)}return e}return&quot;object&quot;==typeof a?this.each(function(){O.set(this,a)}):K(this,function(b){var c,d;if(f&amp;&amp;void 0===b){if(c=O.get(f,a)||O.get(f,a.replace(Q,&quot;-$&amp;&quot;).toLowerCase()),void 0!==c)return c;if(d=n.camelCase(a),c=O.get(f,d),void 0!==c)return c;if(c=R(f,d,void 0),void 0!==c)return c}else d=n.camelCase(a),this.each(function(){var c=O.get(this,d);O.set(this,d,b),a.indexOf(&quot;-&quot;)&gt;-1&amp;&amp;void 0!==c&amp;&amp;O.set(this,a,b)})},null,b,arguments.length&gt;1,null,!0)},removeData:function(a){return this.each(function(){O.remove(this,a)})}}),n.extend({queue:function(a,b,c){var d;return a?(b=(b||&quot;fx&quot;)+&quot;queue&quot;,d=N.get(a,b),c&amp;&amp;(!d||n.isArray(c)?d=N.access(a,b,n.makeArray(c)):d.push(c)),d||[]):void 0},dequeue:function(a,b){b=b||&quot;fx&quot;;var c=n.queue(a,b),d=c.length,e=c.shift(),f=n._queueHooks(a,b),g=function(){n.dequeue(a,b)};&quot;inprogress&quot;===e&amp;&amp;(e=c.shift(),d--),e&amp;&amp;(&quot;fx&quot;===b&amp;&amp;c.unshift(&quot;inprogress&quot;),delete f.stop,e.call(a,g,f)),!d&amp;&amp;f&amp;&amp;f.empty.fire()},_queueHooks:function(a,b){var c=b+&quot;queueHooks&quot;;return N.get(a,c)||N.access(a,c,{empty:n.Callbacks(&quot;once memory&quot;).add(function(){N.remove(a,[b+&quot;queue&quot;,c])})})}}),n.fn.extend({queue:function(a,b){var c=2;return&quot;string&quot;!=typeof a&amp;&amp;(b=a,a=&quot;fx&quot;,c--),arguments.length&lt;c?n.queue(this[0],a):void 0===b?this:this.each(function(){var c=n.queue(this,a,b);n._queueHooks(this,a),&quot;fx&quot;===a&amp;&amp;&quot;inprogress&quot;!==c[0]&amp;&amp;n.dequeue(this,a)})},dequeue:function(a){return this.each(function(){n.dequeue(this,a)})},clearQueue:function(a){return this.queue(a||&quot;fx&quot;,[])},promise:function(a,b){var c,d=1,e=n.Deferred(),f=this,g=this.length,h=function(){--d||e.resolveWith(f,[f])};&quot;string&quot;!=typeof a&amp;&amp;(b=a,a=void 0),a=a||&quot;fx&quot;;while(g--)c=N.get(f[g],a+&quot;queueHooks&quot;),c&amp;&amp;c.empty&amp;&amp;(d++,c.empty.add(h));return h(),e.promise(b)}});var S=/[+-]?(?:\d*\.|)\d+(?:[eE][+-]?\d+|)/.source,T=new RegExp(&quot;^(?:([+-])=|)(&quot;+S+&quot;)([a-z%]*)$&quot;,&quot;i&quot;),U=[&quot;Top&quot;,&quot;Right&quot;,&quot;Bottom&quot;,&quot;Left&quot;],V=function(a,b){return a=b||a,&quot;none&quot;===n.css(a,&quot;display&quot;)||!n.contains(a.ownerDocument,a)};function W(a,b,c,d){var e,f=1,g=20,h=d?function(){return d.cur()}:function(){return n.css(a,b,&quot;&quot;)},i=h(),j=c&amp;&amp;c[3]||(n.cssNumber[b]?&quot;&quot;:&quot;px&quot;),k=(n.cssNumber[b]||&quot;px&quot;!==j&amp;&amp;+i)&amp;&amp;T.exec(n.css(a,b));if(k&amp;&amp;k[3]!==j){j=j||k[3],c=c||[],k=+i||1;do f=f||&quot;.5&quot;,k/=f,n.style(a,b,k+j);while(f!==(f=h()/i)&amp;&amp;1!==f&amp;&amp;--g)}return c&amp;&amp;(k=+k||+i||0,e=c[1]?k+(c[1]+1)*c[2]:+c[2],d&amp;&amp;(d.unit=j,d.start=k,d.end=e)),e}var X=/^(?:checkbox|radio)$/i,Y=/&lt;([\w:-]+)/,Z=/^$|\/(?:java|ecma)script/i,$={option:[1,&quot;&lt;select multiple=&apos;multiple&apos;&gt;&quot;,&quot;&lt;/select&gt;&quot;],thead:[1,&quot;&lt;table&gt;&quot;,&quot;&lt;/table&gt;&quot;],col:[2,&quot;&lt;table&gt;&lt;colgroup&gt;&quot;,&quot;&lt;/colgroup&gt;&lt;/table&gt;&quot;],tr:[2,&quot;&lt;table&gt;&lt;tbody&gt;&quot;,&quot;&lt;/tbody&gt;&lt;/table&gt;&quot;],td:[3,&quot;&lt;table&gt;&lt;tbody&gt;&lt;tr&gt;&quot;,&quot;&lt;/tr&gt;&lt;/tbody&gt;&lt;/table&gt;&quot;],_default:[0,&quot;&quot;,&quot;&quot;]};$.optgroup=$.option,$.tbody=$.tfoot=$.colgroup=$.caption=$.thead,$.th=$.td;function _(a,b){var c=&quot;undefined&quot;!=typeof a.getElementsByTagName?a.getElementsByTagName(b||&quot;*&quot;):&quot;undefined&quot;!=typeof a.querySelectorAll?a.querySelectorAll(b||&quot;*&quot;):[];return void 0===b||b&amp;&amp;n.nodeName(a,b)?n.merge([a],c):c}function aa(a,b){for(var c=0,d=a.length;d&gt;c;c++)N.set(a[c],&quot;globalEval&quot;,!b||N.get(b[c],&quot;globalEval&quot;))}var ba=/&lt;|&amp;#?\w+;/;function ca(a,b,c,d,e){for(var f,g,h,i,j,k,l=b.createDocumentFragment(),m=[],o=0,p=a.length;p&gt;o;o++)if(f=a[o],f||0===f)if(&quot;object&quot;===n.type(f))n.merge(m,f.nodeType?[f]:f);else if(ba.test(f)){g=g||l.appendChild(b.createElement(&quot;div&quot;)),h=(Y.exec(f)||[&quot;&quot;,&quot;&quot;])[1].toLowerCase(),i=$[h]||$._default,g.innerHTML=i[1]+n.htmlPrefilter(f)+i[2],k=i[0];while(k--)g=g.lastChild;n.merge(m,g.childNodes),g=l.firstChild,g.textContent=&quot;&quot;}else m.push(b.createTextNode(f));l.textContent=&quot;&quot;,o=0;while(f=m[o++])if(d&amp;&amp;n.inArray(f,d)&gt;-1)e&amp;&amp;e.push(f);else if(j=n.contains(f.ownerDocument,f),g=_(l.appendChild(f),&quot;script&quot;),j&amp;&amp;aa(g),c){k=0;while(f=g[k++])Z.test(f.type||&quot;&quot;)&amp;&amp;c.push(f)}return l}!function(){var a=d.createDocumentFragment(),b=a.appendChild(d.createElement(&quot;div&quot;)),c=d.createElement(&quot;input&quot;);c.setAttribute(&quot;type&quot;,&quot;radio&quot;),c.setAttribute(&quot;checked&quot;,&quot;checked&quot;),c.setAttribute(&quot;name&quot;,&quot;t&quot;),b.appendChild(c),l.checkClone=b.cloneNode(!0).cloneNode(!0).lastChild.checked,b.innerHTML=&quot;&lt;textarea&gt;x&lt;/textarea&gt;&quot;,l.noCloneChecked=!!b.cloneNode(!0).lastChild.defaultValue}();var da=/^key/,ea=/^(?:mouse|pointer|contextmenu|drag|drop)|click/,fa=/^([^.]*)(?:\.(.+)|)/;function ga(){return!0}function ha(){return!1}function ia(){try{return d.activeElement}catch(a){}}function ja(a,b,c,d,e,f){var g,h;if(&quot;object&quot;==typeof b){&quot;string&quot;!=typeof c&amp;&amp;(d=d||c,c=void 0);for(h in b)ja(a,h,c,d,b[h],f);return a}if(null==d&amp;&amp;null==e?(e=c,d=c=void 0):null==e&amp;&amp;(&quot;string&quot;==typeof c?(e=d,d=void 0):(e=d,d=c,c=void 0)),e===!1)e=ha;else if(!e)return this;return 1===f&amp;&amp;(g=e,e=function(a){return n().off(a),g.apply(this,arguments)},e.guid=g.guid||(g.guid=n.guid++)),a.each(function(){n.event.add(this,b,e,d,c)})}n.event={global:{},add:function(a,b,c,d,e){var f,g,h,i,j,k,l,m,o,p,q,r=N.get(a);if(r){c.handler&amp;&amp;(f=c,c=f.handler,e=f.selector),c.guid||(c.guid=n.guid++),(i=r.events)||(i=r.events={}),(g=r.handle)||(g=r.handle=function(b){return&quot;undefined&quot;!=typeof n&amp;&amp;n.event.triggered!==b.type?n.event.dispatch.apply(a,arguments):void 0}),b=(b||&quot;&quot;).match(G)||[&quot;&quot;],j=b.length;while(j--)h=fa.exec(b[j])||[],o=q=h[1],p=(h[2]||&quot;&quot;).split(&quot;.&quot;).sort(),o&amp;&amp;(l=n.event.special[o]||{},o=(e?l.delegateType:l.bindType)||o,l=n.event.special[o]||{},k=n.extend({type:o,origType:q,data:d,handler:c,guid:c.guid,selector:e,needsContext:e&amp;&amp;n.expr.match.needsContext.test(e),namespace:p.join(&quot;.&quot;)},f),(m=i[o])||(m=i[o]=[],m.delegateCount=0,l.setup&amp;&amp;l.setup.call(a,d,p,g)!==!1||a.addEventListener&amp;&amp;a.addEventListener(o,g)),l.add&amp;&amp;(l.add.call(a,k),k.handler.guid||(k.handler.guid=c.guid)),e?m.splice(m.delegateCount++,0,k):m.push(k),n.event.global[o]=!0)}},remove:function(a,b,c,d,e){var f,g,h,i,j,k,l,m,o,p,q,r=N.hasData(a)&amp;&amp;N.get(a);if(r&amp;&amp;(i=r.events)){b=(b||&quot;&quot;).match(G)||[&quot;&quot;],j=b.length;while(j--)if(h=fa.exec(b[j])||[],o=q=h[1],p=(h[2]||&quot;&quot;).split(&quot;.&quot;).sort(),o){l=n.event.special[o]||{},o=(d?l.delegateType:l.bindType)||o,m=i[o]||[],h=h[2]&amp;&amp;new RegExp(&quot;(^|\\.)&quot;+p.join(&quot;\\.(?:.*\\.|)&quot;)+&quot;(\\.|$)&quot;),g=f=m.length;while(f--)k=m[f],!e&amp;&amp;q!==k.origType||c&amp;&amp;c.guid!==k.guid||h&amp;&amp;!h.test(k.namespace)||d&amp;&amp;d!==k.selector&amp;&amp;(&quot;**&quot;!==d||!k.selector)||(m.splice(f,1),k.selector&amp;&amp;m.delegateCount--,l.remove&amp;&amp;l.remove.call(a,k));g&amp;&amp;!m.length&amp;&amp;(l.teardown&amp;&amp;l.teardown.call(a,p,r.handle)!==!1||n.removeEvent(a,o,r.handle),delete i[o])}else for(o in i)n.event.remove(a,o+b[j],c,d,!0);n.isEmptyObject(i)&amp;&amp;N.remove(a,&quot;handle events&quot;)}},dispatch:function(a){a=n.event.fix(a);var b,c,d,f,g,h=[],i=e.call(arguments),j=(N.get(this,&quot;events&quot;)||{})[a.type]||[],k=n.event.special[a.type]||{};if(i[0]=a,a.delegateTarget=this,!k.preDispatch||k.preDispatch.call(this,a)!==!1){h=n.event.handlers.call(this,a,j),b=0;while((f=h[b++])&amp;&amp;!a.isPropagationStopped()){a.currentTarget=f.elem,c=0;while((g=f.handlers[c++])&amp;&amp;!a.isImmediatePropagationStopped())(!a.rnamespace||a.rnamespace.test(g.namespace))&amp;&amp;(a.handleObj=g,a.data=g.data,d=((n.event.special[g.origType]||{}).handle||g.handler).apply(f.elem,i),void 0!==d&amp;&amp;(a.result=d)===!1&amp;&amp;(a.preventDefault(),a.stopPropagation()))}return k.postDispatch&amp;&amp;k.postDispatch.call(this,a),a.result}},handlers:function(a,b){var c,d,e,f,g=[],h=b.delegateCount,i=a.target;if(h&amp;&amp;i.nodeType&amp;&amp;(&quot;click&quot;!==a.type||isNaN(a.button)||a.button&lt;1))for(;i!==this;i=i.parentNode||this)if(1===i.nodeType&amp;&amp;(i.disabled!==!0||&quot;click&quot;!==a.type)){for(d=[],c=0;h&gt;c;c++)f=b[c],e=f.selector+&quot; &quot;,void 0===d[e]&amp;&amp;(d[e]=f.needsContext?n(e,this).index(i)&gt;-1:n.find(e,this,null,[i]).length),d[e]&amp;&amp;d.push(f);d.length&amp;&amp;g.push({elem:i,handlers:d})}return h&lt;b.length&amp;&amp;g.push({elem:this,handlers:b.slice(h)}),g},props:&quot;altKey bubbles cancelable ctrlKey currentTarget detail eventPhase metaKey relatedTarget shiftKey target timeStamp view which&quot;.split(&quot; &quot;),fixHooks:{},keyHooks:{props:&quot;char charCode key keyCode&quot;.split(&quot; &quot;),filter:function(a,b){return null==a.which&amp;&amp;(a.which=null!=b.charCode?b.charCode:b.keyCode),a}},mouseHooks:{props:&quot;button buttons clientX clientY offsetX offsetY pageX pageY screenX screenY toElement&quot;.split(&quot; &quot;),filter:function(a,b){var c,e,f,g=b.button;return null==a.pageX&amp;&amp;null!=b.clientX&amp;&amp;(c=a.target.ownerDocument||d,e=c.documentElement,f=c.body,a.pageX=b.clientX+(e&amp;&amp;e.scrollLeft||f&amp;&amp;f.scrollLeft||0)-(e&amp;&amp;e.clientLeft||f&amp;&amp;f.clientLeft||0),a.pageY=b.clientY+(e&amp;&amp;e.scrollTop||f&amp;&amp;f.scrollTop||0)-(e&amp;&amp;e.clientTop||f&amp;&amp;f.clientTop||0)),a.which||void 0===g||(a.which=1&amp;g?1:2&amp;g?3:4&amp;g?2:0),a}},fix:function(a){if(a[n.expando])return a;var b,c,e,f=a.type,g=a,h=this.fixHooks[f];h||(this.fixHooks[f]=h=ea.test(f)?this.mouseHooks:da.test(f)?this.keyHooks:{}),e=h.props?this.props.concat(h.props):this.props,a=new n.Event(g),b=e.length;while(b--)c=e[b],a[c]=g[c];return a.target||(a.target=d),3===a.target.nodeType&amp;&amp;(a.target=a.target.parentNode),h.filter?h.filter(a,g):a},special:{load:{noBubble:!0},focus:{trigger:function(){return this!==ia()&amp;&amp;this.focus?(this.focus(),!1):void 0},delegateType:&quot;focusin&quot;},blur:{trigger:function(){return this===ia()&amp;&amp;this.blur?(this.blur(),!1):void 0},delegateType:&quot;focusout&quot;},click:{trigger:function(){return&quot;checkbox&quot;===this.type&amp;&amp;this.click&amp;&amp;n.nodeName(this,&quot;input&quot;)?(this.click(),!1):void 0},_default:function(a){return n.nodeName(a.target,&quot;a&quot;)}},beforeunload:{postDispatch:function(a){void 0!==a.result&amp;&amp;a.originalEvent&amp;&amp;(a.originalEvent.returnValue=a.result)}}}},n.removeEvent=function(a,b,c){a.removeEventListener&amp;&amp;a.removeEventListener(b,c)},n.Event=function(a,b){return this instanceof n.Event?(a&amp;&amp;a.type?(this.originalEvent=a,this.type=a.type,this.isDefaultPrevented=a.defaultPrevented||void 0===a.defaultPrevented&amp;&amp;a.returnValue===!1?ga:ha):this.type=a,b&amp;&amp;n.extend(this,b),this.timeStamp=a&amp;&amp;a.timeStamp||n.now(),void(this[n.expando]=!0)):new n.Event(a,b)},n.Event.prototype={constructor:n.Event,isDefaultPrevented:ha,isPropagationStopped:ha,isImmediatePropagationStopped:ha,preventDefault:function(){var a=this.originalEvent;this.isDefaultPrevented=ga,a&amp;&amp;a.preventDefault()},stopPropagation:function(){var a=this.originalEvent;this.isPropagationStopped=ga,a&amp;&amp;a.stopPropagation()},stopImmediatePropagation:function(){var a=this.originalEvent;this.isImmediatePropagationStopped=ga,a&amp;&amp;a.stopImmediatePropagation(),this.stopPropagation()}},n.each({mouseenter:&quot;mouseover&quot;,mouseleave:&quot;mouseout&quot;,pointerenter:&quot;pointerover&quot;,pointerleave:&quot;pointerout&quot;},function(a,b){n.event.special[a]={delegateType:b,bindType:b,handle:function(a){var c,d=this,e=a.relatedTarget,f=a.handleObj;return(!e||e!==d&amp;&amp;!n.contains(d,e))&amp;&amp;(a.type=f.origType,c=f.handler.apply(this,arguments),a.type=b),c}}}),n.fn.extend({on:function(a,b,c,d){return ja(this,a,b,c,d)},one:function(a,b,c,d){return ja(this,a,b,c,d,1)},off:function(a,b,c){var d,e;if(a&amp;&amp;a.preventDefault&amp;&amp;a.handleObj)return d=a.handleObj,n(a.delegateTarget).off(d.namespace?d.origType+&quot;.&quot;+d.namespace:d.origType,d.selector,d.handler),this;if(&quot;object&quot;==typeof a){for(e in a)this.off(e,b,a[e]);return this}return(b===!1||&quot;function&quot;==typeof b)&amp;&amp;(c=b,b=void 0),c===!1&amp;&amp;(c=ha),this.each(function(){n.event.remove(this,a,c,b)})}});var ka=/&lt;(?!area|br|col|embed|hr|img|input|link|meta|param)(([\w:-]+)[^&gt;]*)\/&gt;/gi,la=/&lt;script|&lt;style|&lt;link/i,ma=/checked\s*(?:[^=]|=\s*.checked.)/i,na=/^true\/(.*)/,oa=/^\s*&lt;!(?:\[CDATA\[|--)|(?:\]\]|--)&gt;\s*$/g;function pa(a,b){return n.nodeName(a,&quot;table&quot;)&amp;&amp;n.nodeName(11!==b.nodeType?b:b.firstChild,&quot;tr&quot;)?a.getElementsByTagName(&quot;tbody&quot;)[0]||a:a}function qa(a){return a.type=(null!==a.getAttribute(&quot;type&quot;))+&quot;/&quot;+a.type,a}function ra(a){var b=na.exec(a.type);return b?a.type=b[1]:a.removeAttribute(&quot;type&quot;),a}function sa(a,b){var c,d,e,f,g,h,i,j;if(1===b.nodeType){if(N.hasData(a)&amp;&amp;(f=N.access(a),g=N.set(b,f),j=f.events)){delete g.handle,g.events={};for(e in j)for(c=0,d=j[e].length;d&gt;c;c++)n.event.add(b,e,j[e][c])}O.hasData(a)&amp;&amp;(h=O.access(a),i=n.extend({},h),O.set(b,i))}}function ta(a,b){var c=b.nodeName.toLowerCase();&quot;input&quot;===c&amp;&amp;X.test(a.type)?b.checked=a.checked:(&quot;input&quot;===c||&quot;textarea&quot;===c)&amp;&amp;(b.defaultValue=a.defaultValue)}function ua(a,b,c,d){b=f.apply([],b);var e,g,h,i,j,k,m=0,o=a.length,p=o-1,q=b[0],r=n.isFunction(q);if(r||o&gt;1&amp;&amp;&quot;string&quot;==typeof q&amp;&amp;!l.checkClone&amp;&amp;ma.test(q))return a.each(function(e){var f=a.eq(e);r&amp;&amp;(b[0]=q.call(this,e,f.html())),ua(f,b,c,d)});if(o&amp;&amp;(e=ca(b,a[0].ownerDocument,!1,a,d),g=e.firstChild,1===e.childNodes.length&amp;&amp;(e=g),g||d)){for(h=n.map(_(e,&quot;script&quot;),qa),i=h.length;o&gt;m;m++)j=e,m!==p&amp;&amp;(j=n.clone(j,!0,!0),i&amp;&amp;n.merge(h,_(j,&quot;script&quot;))),c.call(a[m],j,m);if(i)for(k=h[h.length-1].ownerDocument,n.map(h,ra),m=0;i&gt;m;m++)j=h[m],Z.test(j.type||&quot;&quot;)&amp;&amp;!N.access(j,&quot;globalEval&quot;)&amp;&amp;n.contains(k,j)&amp;&amp;(j.src?n._evalUrl&amp;&amp;n._evalUrl(j.src):n.globalEval(j.textContent.replace(oa,&quot;&quot;)))}return a}function va(a,b,c){for(var d,e=b?n.filter(b,a):a,f=0;null!=(d=e[f]);f++)c||1!==d.nodeType||n.cleanData(_(d)),d.parentNode&amp;&amp;(c&amp;&amp;n.contains(d.ownerDocument,d)&amp;&amp;aa(_(d,&quot;script&quot;)),d.parentNode.removeChild(d));return a}n.extend({htmlPrefilter:function(a){return a.replace(ka,&quot;&lt;$1&gt;&lt;/$2&gt;&quot;)},clone:function(a,b,c){var d,e,f,g,h=a.cloneNode(!0),i=n.contains(a.ownerDocument,a);if(!(l.noCloneChecked||1!==a.nodeType&amp;&amp;11!==a.nodeType||n.isXMLDoc(a)))for(g=_(h),f=_(a),d=0,e=f.length;e&gt;d;d++)ta(f[d],g[d]);if(b)if(c)for(f=f||_(a),g=g||_(h),d=0,e=f.length;e&gt;d;d++)sa(f[d],g[d]);else sa(a,h);return g=_(h,&quot;script&quot;),g.length&gt;0&amp;&amp;aa(g,!i&amp;&amp;_(a,&quot;script&quot;)),h},cleanData:function(a){for(var b,c,d,e=n.event.special,f=0;void 0!==(c=a[f]);f++)if(L(c)){if(b=c[N.expando]){if(b.events)for(d in b.events)e[d]?n.event.remove(c,d):n.removeEvent(c,d,b.handle);c[N.expando]=void 0}c[O.expando]&amp;&amp;(c[O.expando]=void 0)}}}),n.fn.extend({domManip:ua,detach:function(a){return va(this,a,!0)},remove:function(a){return va(this,a)},text:function(a){return K(this,function(a){return void 0===a?n.text(this):this.empty().each(function(){(1===this.nodeType||11===this.nodeType||9===this.nodeType)&amp;&amp;(this.textContent=a)})},null,a,arguments.length)},append:function(){return ua(this,arguments,function(a){if(1===this.nodeType||11===this.nodeType||9===this.nodeType){var b=pa(this,a);b.appendChild(a)}})},prepend:function(){return ua(this,arguments,function(a){if(1===this.nodeType||11===this.nodeType||9===this.nodeType){var b=pa(this,a);b.insertBefore(a,b.firstChild)}})},before:function(){return ua(this,arguments,function(a){this.parentNode&amp;&amp;this.parentNode.insertBefore(a,this)})},after:function(){return ua(this,arguments,function(a){this.parentNode&amp;&amp;this.parentNode.insertBefore(a,this.nextSibling)})},empty:function(){for(var a,b=0;null!=(a=this[b]);b++)1===a.nodeType&amp;&amp;(n.cleanData(_(a,!1)),a.textContent=&quot;&quot;);return this},clone:function(a,b){return a=null==a?!1:a,b=null==b?a:b,this.map(function(){return n.clone(this,a,b)})},html:function(a){return K(this,function(a){var b=this[0]||{},c=0,d=this.length;if(void 0===a&amp;&amp;1===b.nodeType)return b.innerHTML;if(&quot;string&quot;==typeof a&amp;&amp;!la.test(a)&amp;&amp;!$[(Y.exec(a)||[&quot;&quot;,&quot;&quot;])[1].toLowerCase()]){a=n.htmlPrefilter(a);try{for(;d&gt;c;c++)b=this[c]||{},1===b.nodeType&amp;&amp;(n.cleanData(_(b,!1)),b.innerHTML=a);b=0}catch(e){}}b&amp;&amp;this.empty().append(a)},null,a,arguments.length)},replaceWith:function(){var a=[];return ua(this,arguments,function(b){var c=this.parentNode;n.inArray(this,a)&lt;0&amp;&amp;(n.cleanData(_(this)),c&amp;&amp;c.replaceChild(b,this))},a)}}),n.each({appendTo:&quot;append&quot;,prependTo:&quot;prepend&quot;,insertBefore:&quot;before&quot;,insertAfter:&quot;after&quot;,replaceAll:&quot;replaceWith&quot;},function(a,b){n.fn[a]=function(a){for(var c,d=[],e=n(a),f=e.length-1,h=0;f&gt;=h;h++)c=h===f?this:this.clone(!0),n(e[h])[b](c),g.apply(d,c.get());return this.pushStack(d)}});var wa,xa={HTML:&quot;block&quot;,BODY:&quot;block&quot;};function ya(a,b){var c=n(b.createElement(a)).appendTo(b.body),d=n.css(c[0],&quot;display&quot;);return c.detach(),d}function za(a){var b=d,c=xa[a];return c||(c=ya(a,b),&quot;none&quot;!==c&amp;&amp;c||(wa=(wa||n(&quot;&lt;iframe frameborder=&apos;0&apos; width=&apos;0&apos; height=&apos;0&apos;/&gt;&quot;)).appendTo(b.documentElement),b=wa[0].contentDocument,b.write(),b.close(),c=ya(a,b),wa.detach()),xa[a]=c),c}var Aa=/^margin/,Ba=new RegExp(&quot;^(&quot;+S+&quot;)(?!px)[a-z%]+$&quot;,&quot;i&quot;),Ca=function(b){var c=b.ownerDocument.defaultView;return c.opener||(c=a),c.getComputedStyle(b)},Da=function(a,b,c,d){var e,f,g={};for(f in b)g[f]=a.style[f],a.style[f]=b[f];e=c.apply(a,d||[]);for(f in b)a.style[f]=g[f];return e},Ea=d.documentElement;!function(){var b,c,e,f,g=d.createElement(&quot;div&quot;),h=d.createElement(&quot;div&quot;);if(h.style){h.style.backgroundClip=&quot;content-box&quot;,h.cloneNode(!0).style.backgroundClip=&quot;&quot;,l.clearCloneStyle=&quot;content-box&quot;===h.style.backgroundClip,g.style.cssText=&quot;border:0;width:8px;height:0;top:0;left:-9999px;padding:0;margin-top:1px;position:absolute&quot;,g.appendChild(h);function i(){h.style.cssText=&quot;-webkit-box-sizing:border-box;-moz-box-sizing:border-box;box-sizing:border-box;position:relative;display:block;margin:auto;border:1px;padding:1px;top:1%;width:50%&quot;,h.innerHTML=&quot;&quot;,Ea.appendChild(g);var d=a.getComputedStyle(h);b=&quot;1%&quot;!==d.top,f=&quot;2px&quot;===d.marginLeft,c=&quot;4px&quot;===d.width,h.style.marginRight=&quot;50%&quot;,e=&quot;4px&quot;===d.marginRight,Ea.removeChild(g)}n.extend(l,{pixelPosition:function(){return i(),b},boxSizingReliable:function(){return null==c&amp;&amp;i(),c},pixelMarginRight:function(){return null==c&amp;&amp;i(),e},reliableMarginLeft:function(){return null==c&amp;&amp;i(),f},reliableMarginRight:function(){var b,c=h.appendChild(d.createElement(&quot;div&quot;));return c.style.cssText=h.style.cssText=&quot;-webkit-box-sizing:content-box;box-sizing:content-box;display:block;margin:0;border:0;padding:0&quot;,c.style.marginRight=c.style.width=&quot;0&quot;,h.style.width=&quot;1px&quot;,Ea.appendChild(g),b=!parseFloat(a.getComputedStyle(c).marginRight),Ea.removeChild(g),h.removeChild(c),b}})}}();function Fa(a,b,c){var d,e,f,g,h=a.style;return c=c||Ca(a),c&amp;&amp;(g=c.getPropertyValue(b)||c[b],&quot;&quot;!==g||n.contains(a.ownerDocument,a)||(g=n.style(a,b)),!l.pixelMarginRight()&amp;&amp;Ba.test(g)&amp;&amp;Aa.test(b)&amp;&amp;(d=h.width,e=h.minWidth,f=h.maxWidth,h.minWidth=h.maxWidth=h.width=g,g=c.width,h.width=d,h.minWidth=e,h.maxWidth=f)),void 0!==g?g+&quot;&quot;:g}function Ga(a,b){return{get:function(){return a()?void delete this.get:(this.get=b).apply(this,arguments)}}}var Ha=/^(none|table(?!-c[ea]).+)/,Ia={position:&quot;absolute&quot;,visibility:&quot;hidden&quot;,display:&quot;block&quot;},Ja={letterSpacing:&quot;0&quot;,fontWeight:&quot;400&quot;},Ka=[&quot;Webkit&quot;,&quot;O&quot;,&quot;Moz&quot;,&quot;ms&quot;],La=d.createElement(&quot;div&quot;).style;function Ma(a){if(a in La)return a;var b=a[0].toUpperCase()+a.slice(1),c=Ka.length;while(c--)if(a=Ka[c]+b,a in La)return a}function Na(a,b,c){var d=T.exec(b);return d?Math.max(0,d[2]-(c||0))+(d[3]||&quot;px&quot;):b}function Oa(a,b,c,d,e){for(var f=c===(d?&quot;border&quot;:&quot;content&quot;)?4:&quot;width&quot;===b?1:0,g=0;4&gt;f;f+=2)&quot;margin&quot;===c&amp;&amp;(g+=n.css(a,c+U[f],!0,e)),d?(&quot;content&quot;===c&amp;&amp;(g-=n.css(a,&quot;padding&quot;+U[f],!0,e)),&quot;margin&quot;!==c&amp;&amp;(g-=n.css(a,&quot;border&quot;+U[f]+&quot;Width&quot;,!0,e))):(g+=n.css(a,&quot;padding&quot;+U[f],!0,e),&quot;padding&quot;!==c&amp;&amp;(g+=n.css(a,&quot;border&quot;+U[f]+&quot;Width&quot;,!0,e)));return g}function Pa(b,c,e){var f=!0,g=&quot;width&quot;===c?b.offsetWidth:b.offsetHeight,h=Ca(b),i=&quot;border-box&quot;===n.css(b,&quot;boxSizing&quot;,!1,h);if(d.msFullscreenElement&amp;&amp;a.top!==a&amp;&amp;b.getClientRects().length&amp;&amp;(g=Math.round(100*b.getBoundingClientRect()[c])),0&gt;=g||null==g){if(g=Fa(b,c,h),(0&gt;g||null==g)&amp;&amp;(g=b.style[c]),Ba.test(g))return g;f=i&amp;&amp;(l.boxSizingReliable()||g===b.style[c]),g=parseFloat(g)||0}return g+Oa(b,c,e||(i?&quot;border&quot;:&quot;content&quot;),f,h)+&quot;px&quot;}function Qa(a,b){for(var c,d,e,f=[],g=0,h=a.length;h&gt;g;g++)d=a[g],d.style&amp;&amp;(f[g]=N.get(d,&quot;olddisplay&quot;),c=d.style.display,b?(f[g]||&quot;none&quot;!==c||(d.style.display=&quot;&quot;),&quot;&quot;===d.style.display&amp;&amp;V(d)&amp;&amp;(f[g]=N.access(d,&quot;olddisplay&quot;,za(d.nodeName)))):(e=V(d),&quot;none&quot;===c&amp;&amp;e||N.set(d,&quot;olddisplay&quot;,e?c:n.css(d,&quot;display&quot;))));for(g=0;h&gt;g;g++)d=a[g],d.style&amp;&amp;(b&amp;&amp;&quot;none&quot;!==d.style.display&amp;&amp;&quot;&quot;!==d.style.display||(d.style.display=b?f[g]||&quot;&quot;:&quot;none&quot;));return a}n.extend({cssHooks:{opacity:{get:function(a,b){if(b){var c=Fa(a,&quot;opacity&quot;);return&quot;&quot;===c?&quot;1&quot;:c}}}},cssNumber:{animationIterationCount:!0,columnCount:!0,fillOpacity:!0,flexGrow:!0,flexShrink:!0,fontWeight:!0,lineHeight:!0,opacity:!0,order:!0,orphans:!0,widows:!0,zIndex:!0,zoom:!0},cssProps:{&quot;float&quot;:&quot;cssFloat&quot;},style:function(a,b,c,d){if(a&amp;&amp;3!==a.nodeType&amp;&amp;8!==a.nodeType&amp;&amp;a.style){var e,f,g,h=n.camelCase(b),i=a.style;return b=n.cssProps[h]||(n.cssProps[h]=Ma(h)||h),g=n.cssHooks[b]||n.cssHooks[h],void 0===c?g&amp;&amp;&quot;get&quot;in g&amp;&amp;void 0!==(e=g.get(a,!1,d))?e:i[b]:(f=typeof c,&quot;string&quot;===f&amp;&amp;(e=T.exec(c))&amp;&amp;e[1]&amp;&amp;(c=W(a,b,e),f=&quot;number&quot;),null!=c&amp;&amp;c===c&amp;&amp;(&quot;number&quot;===f&amp;&amp;(c+=e&amp;&amp;e[3]||(n.cssNumber[h]?&quot;&quot;:&quot;px&quot;)),l.clearCloneStyle||&quot;&quot;!==c||0!==b.indexOf(&quot;background&quot;)||(i[b]=&quot;inherit&quot;),g&amp;&amp;&quot;set&quot;in g&amp;&amp;void 0===(c=g.set(a,c,d))||(i[b]=c)),void 0)}},css:function(a,b,c,d){var e,f,g,h=n.camelCase(b);return b=n.cssProps[h]||(n.cssProps[h]=Ma(h)||h),g=n.cssHooks[b]||n.cssHooks[h],g&amp;&amp;&quot;get&quot;in g&amp;&amp;(e=g.get(a,!0,c)),void 0===e&amp;&amp;(e=Fa(a,b,d)),&quot;normal&quot;===e&amp;&amp;b in Ja&amp;&amp;(e=Ja[b]),&quot;&quot;===c||c?(f=parseFloat(e),c===!0||isFinite(f)?f||0:e):e}}),n.each([&quot;height&quot;,&quot;width&quot;],function(a,b){n.cssHooks[b]={get:function(a,c,d){return c?Ha.test(n.css(a,&quot;display&quot;))&amp;&amp;0===a.offsetWidth?Da(a,Ia,function(){return Pa(a,b,d)}):Pa(a,b,d):void 0},set:function(a,c,d){var e,f=d&amp;&amp;Ca(a),g=d&amp;&amp;Oa(a,b,d,&quot;border-box&quot;===n.css(a,&quot;boxSizing&quot;,!1,f),f);return g&amp;&amp;(e=T.exec(c))&amp;&amp;&quot;px&quot;!==(e[3]||&quot;px&quot;)&amp;&amp;(a.style[b]=c,c=n.css(a,b)),Na(a,c,g)}}}),n.cssHooks.marginLeft=Ga(l.reliableMarginLeft,function(a,b){return b?(parseFloat(Fa(a,&quot;marginLeft&quot;))||a.getBoundingClientRect().left-Da(a,{marginLeft:0},function(){return a.getBoundingClientRect().left}))+&quot;px&quot;:void 0}),n.cssHooks.marginRight=Ga(l.reliableMarginRight,function(a,b){return b?Da(a,{display:&quot;inline-block&quot;},Fa,[a,&quot;marginRight&quot;]):void 0}),n.each({margin:&quot;&quot;,padding:&quot;&quot;,border:&quot;Width&quot;},function(a,b){n.cssHooks[a+b]={expand:function(c){for(var d=0,e={},f=&quot;string&quot;==typeof c?c.split(&quot; &quot;):[c];4&gt;d;d++)e[a+U[d]+b]=f[d]||f[d-2]||f[0];return e}},Aa.test(a)||(n.cssHooks[a+b].set=Na)}),n.fn.extend({css:function(a,b){return K(this,function(a,b,c){var d,e,f={},g=0;if(n.isArray(b)){for(d=Ca(a),e=b.length;e&gt;g;g++)f[b[g]]=n.css(a,b[g],!1,d);return f}return void 0!==c?n.style(a,b,c):n.css(a,b)},a,b,arguments.length&gt;1)},show:function(){return Qa(this,!0)},hide:function(){return Qa(this)},toggle:function(a){return&quot;boolean&quot;==typeof a?a?this.show():this.hide():this.each(function(){V(this)?n(this).show():n(this).hide()})}});function Ra(a,b,c,d,e){return new Ra.prototype.init(a,b,c,d,e)}n.Tween=Ra,Ra.prototype={constructor:Ra,init:function(a,b,c,d,e,f){this.elem=a,this.prop=c,this.easing=e||n.easing._default,this.options=b,this.start=this.now=this.cur(),this.end=d,this.unit=f||(n.cssNumber[c]?&quot;&quot;:&quot;px&quot;)},cur:function(){var a=Ra.propHooks[this.prop];return a&amp;&amp;a.get?a.get(this):Ra.propHooks._default.get(this)},run:function(a){var b,c=Ra.propHooks[this.prop];return this.options.duration?this.pos=b=n.easing[this.easing](a,this.options.duration*a,0,1,this.options.duration):this.pos=b=a,this.now=(this.end-this.start)*b+this.start,this.options.step&amp;&amp;this.options.step.call(this.elem,this.now,this),c&amp;&amp;c.set?c.set(this):Ra.propHooks._default.set(this),this}},Ra.prototype.init.prototype=Ra.prototype,Ra.propHooks={_default:{get:function(a){var b;return 1!==a.elem.nodeType||null!=a.elem[a.prop]&amp;&amp;null==a.elem.style[a.prop]?a.elem[a.prop]:(b=n.css(a.elem,a.prop,&quot;&quot;),b&amp;&amp;&quot;auto&quot;!==b?b:0)},set:function(a){n.fx.step[a.prop]?n.fx.step[a.prop](a):1!==a.elem.nodeType||null==a.elem.style[n.cssProps[a.prop]]&amp;&amp;!n.cssHooks[a.prop]?a.elem[a.prop]=a.now:n.style(a.elem,a.prop,a.now+a.unit)}}},Ra.propHooks.scrollTop=Ra.propHooks.scrollLeft={set:function(a){a.elem.nodeType&amp;&amp;a.elem.parentNode&amp;&amp;(a.elem[a.prop]=a.now)}},n.easing={linear:function(a){return a},swing:function(a){return.5-Math.cos(a*Math.PI)/2},_default:&quot;swing&quot;},n.fx=Ra.prototype.init,n.fx.step={};var Sa,Ta,Ua=/^(?:toggle|show|hide)$/,Va=/queueHooks$/;function Wa(){return a.setTimeout(function(){Sa=void 0}),Sa=n.now()}function Xa(a,b){var c,d=0,e={height:a};for(b=b?1:0;4&gt;d;d+=2-b)c=U[d],e[&quot;margin&quot;+c]=e[&quot;padding&quot;+c]=a;return b&amp;&amp;(e.opacity=e.width=a),e}function Ya(a,b,c){for(var d,e=(_a.tweeners[b]||[]).concat(_a.tweeners[&quot;*&quot;]),f=0,g=e.length;g&gt;f;f++)if(d=e[f].call(c,b,a))return d}function Za(a,b,c){var d,e,f,g,h,i,j,k,l=this,m={},o=a.style,p=a.nodeType&amp;&amp;V(a),q=N.get(a,&quot;fxshow&quot;);c.queue||(h=n._queueHooks(a,&quot;fx&quot;),null==h.unqueued&amp;&amp;(h.unqueued=0,i=h.empty.fire,h.empty.fire=function(){h.unqueued||i()}),h.unqueued++,l.always(function(){l.always(function(){h.unqueued--,n.queue(a,&quot;fx&quot;).length||h.empty.fire()})})),1===a.nodeType&amp;&amp;(&quot;height&quot;in b||&quot;width&quot;in b)&amp;&amp;(c.overflow=[o.overflow,o.overflowX,o.overflowY],j=n.css(a,&quot;display&quot;),k=&quot;none&quot;===j?N.get(a,&quot;olddisplay&quot;)||za(a.nodeName):j,&quot;inline&quot;===k&amp;&amp;&quot;none&quot;===n.css(a,&quot;float&quot;)&amp;&amp;(o.display=&quot;inline-block&quot;)),c.overflow&amp;&amp;(o.overflow=&quot;hidden&quot;,l.always(function(){o.overflow=c.overflow[0],o.overflowX=c.overflow[1],o.overflowY=c.overflow[2]}));for(d in b)if(e=b[d],Ua.exec(e)){if(delete b[d],f=f||&quot;toggle&quot;===e,e===(p?&quot;hide&quot;:&quot;show&quot;)){if(&quot;show&quot;!==e||!q||void 0===q[d])continue;p=!0}m[d]=q&amp;&amp;q[d]||n.style(a,d)}else j=void 0;if(n.isEmptyObject(m))&quot;inline&quot;===(&quot;none&quot;===j?za(a.nodeName):j)&amp;&amp;(o.display=j);else{q?&quot;hidden&quot;in q&amp;&amp;(p=q.hidden):q=N.access(a,&quot;fxshow&quot;,{}),f&amp;&amp;(q.hidden=!p),p?n(a).show():l.done(function(){n(a).hide()}),l.done(function(){var b;N.remove(a,&quot;fxshow&quot;);for(b in m)n.style(a,b,m[b])});for(d in m)g=Ya(p?q[d]:0,d,l),d in q||(q[d]=g.start,p&amp;&amp;(g.end=g.start,g.start=&quot;width&quot;===d||&quot;height&quot;===d?1:0))}}function $a(a,b){var c,d,e,f,g;for(c in a)if(d=n.camelCase(c),e=b[d],f=a[c],n.isArray(f)&amp;&amp;(e=f[1],f=a[c]=f[0]),c!==d&amp;&amp;(a[d]=f,delete a[c]),g=n.cssHooks[d],g&amp;&amp;&quot;expand&quot;in g){f=g.expand(f),delete a[d];for(c in f)c in a||(a[c]=f[c],b[c]=e)}else b[d]=e}function _a(a,b,c){var d,e,f=0,g=_a.prefilters.length,h=n.Deferred().always(function(){delete i.elem}),i=function(){if(e)return!1;for(var b=Sa||Wa(),c=Math.max(0,j.startTime+j.duration-b),d=c/j.duration||0,f=1-d,g=0,i=j.tweens.length;i&gt;g;g++)j.tweens[g].run(f);return h.notifyWith(a,[j,f,c]),1&gt;f&amp;&amp;i?c:(h.resolveWith(a,[j]),!1)},j=h.promise({elem:a,props:n.extend({},b),opts:n.extend(!0,{specialEasing:{},easing:n.easing._default},c),originalProperties:b,originalOptions:c,startTime:Sa||Wa(),duration:c.duration,tweens:[],createTween:function(b,c){var d=n.Tween(a,j.opts,b,c,j.opts.specialEasing[b]||j.opts.easing);return j.tweens.push(d),d},stop:function(b){var c=0,d=b?j.tweens.length:0;if(e)return this;for(e=!0;d&gt;c;c++)j.tweens[c].run(1);return b?(h.notifyWith(a,[j,1,0]),h.resolveWith(a,[j,b])):h.rejectWith(a,[j,b]),this}}),k=j.props;for($a(k,j.opts.specialEasing);g&gt;f;f++)if(d=_a.prefilters[f].call(j,a,k,j.opts))return n.isFunction(d.stop)&amp;&amp;(n._queueHooks(j.elem,j.opts.queue).stop=n.proxy(d.stop,d)),d;return n.map(k,Ya,j),n.isFunction(j.opts.start)&amp;&amp;j.opts.start.call(a,j),n.fx.timer(n.extend(i,{elem:a,anim:j,queue:j.opts.queue})),j.progress(j.opts.progress).done(j.opts.done,j.opts.complete).fail(j.opts.fail).always(j.opts.always)}n.Animation=n.extend(_a,{tweeners:{&quot;*&quot;:[function(a,b){var c=this.createTween(a,b);return W(c.elem,a,T.exec(b),c),c}]},tweener:function(a,b){n.isFunction(a)?(b=a,a=[&quot;*&quot;]):a=a.match(G);for(var c,d=0,e=a.length;e&gt;d;d++)c=a[d],_a.tweeners[c]=_a.tweeners[c]||[],_a.tweeners[c].unshift(b)},prefilters:[Za],prefilter:function(a,b){b?_a.prefilters.unshift(a):_a.prefilters.push(a)}}),n.speed=function(a,b,c){var d=a&amp;&amp;&quot;object&quot;==typeof a?n.extend({},a):{complete:c||!c&amp;&amp;b||n.isFunction(a)&amp;&amp;a,duration:a,easing:c&amp;&amp;b||b&amp;&amp;!n.isFunction(b)&amp;&amp;b};return d.duration=n.fx.off?0:&quot;number&quot;==typeof d.duration?d.duration:d.duration in n.fx.speeds?n.fx.speeds[d.duration]:n.fx.speeds._default,(null==d.queue||d.queue===!0)&amp;&amp;(d.queue=&quot;fx&quot;),d.old=d.complete,d.complete=function(){n.isFunction(d.old)&amp;&amp;d.old.call(this),d.queue&amp;&amp;n.dequeue(this,d.queue)},d},n.fn.extend({fadeTo:function(a,b,c,d){return this.filter(V).css(&quot;opacity&quot;,0).show().end().animate({opacity:b},a,c,d)},animate:function(a,b,c,d){var e=n.isEmptyObject(a),f=n.speed(b,c,d),g=function(){var b=_a(this,n.extend({},a),f);(e||N.get(this,&quot;finish&quot;))&amp;&amp;b.stop(!0)};return g.finish=g,e||f.queue===!1?this.each(g):this.queue(f.queue,g)},stop:function(a,b,c){var d=function(a){var b=a.stop;delete a.stop,b(c)};return&quot;string&quot;!=typeof a&amp;&amp;(c=b,b=a,a=void 0),b&amp;&amp;a!==!1&amp;&amp;this.queue(a||&quot;fx&quot;,[]),this.each(function(){var b=!0,e=null!=a&amp;&amp;a+&quot;queueHooks&quot;,f=n.timers,g=N.get(this);if(e)g[e]&amp;&amp;g[e].stop&amp;&amp;d(g[e]);else for(e in g)g[e]&amp;&amp;g[e].stop&amp;&amp;Va.test(e)&amp;&amp;d(g[e]);for(e=f.length;e--;)f[e].elem!==this||null!=a&amp;&amp;f[e].queue!==a||(f[e].anim.stop(c),b=!1,f.splice(e,1));(b||!c)&amp;&amp;n.dequeue(this,a)})},finish:function(a){return a!==!1&amp;&amp;(a=a||&quot;fx&quot;),this.each(function(){var b,c=N.get(this),d=c[a+&quot;queue&quot;],e=c[a+&quot;queueHooks&quot;],f=n.timers,g=d?d.length:0;for(c.finish=!0,n.queue(this,a,[]),e&amp;&amp;e.stop&amp;&amp;e.stop.call(this,!0),b=f.length;b--;)f[b].elem===this&amp;&amp;f[b].queue===a&amp;&amp;(f[b].anim.stop(!0),f.splice(b,1));for(b=0;g&gt;b;b++)d[b]&amp;&amp;d[b].finish&amp;&amp;d[b].finish.call(this);delete c.finish})}}),n.each([&quot;toggle&quot;,&quot;show&quot;,&quot;hide&quot;],function(a,b){var c=n.fn[b];n.fn[b]=function(a,d,e){return null==a||&quot;boolean&quot;==typeof a?c.apply(this,arguments):this.animate(Xa(b,!0),a,d,e)}}),n.each({slideDown:Xa(&quot;show&quot;),slideUp:Xa(&quot;hide&quot;),slideToggle:Xa(&quot;toggle&quot;),fadeIn:{opacity:&quot;show&quot;},fadeOut:{opacity:&quot;hide&quot;},fadeToggle:{opacity:&quot;toggle&quot;}},function(a,b){n.fn[a]=function(a,c,d){return this.animate(b,a,c,d)}}),n.timers=[],n.fx.tick=function(){var a,b=0,c=n.timers;for(Sa=n.now();b&lt;c.length;b++)a=c[b],a()||c[b]!==a||c.splice(b--,1);c.length||n.fx.stop(),Sa=void 0},n.fx.timer=function(a){n.timers.push(a),a()?n.fx.start():n.timers.pop()},n.fx.interval=13,n.fx.start=function(){Ta||(Ta=a.setInterval(n.fx.tick,n.fx.interval))},n.fx.stop=function(){a.clearInterval(Ta),Ta=null},n.fx.speeds={slow:600,fast:200,_default:400},n.fn.delay=function(b,c){return b=n.fx?n.fx.speeds[b]||b:b,c=c||&quot;fx&quot;,this.queue(c,function(c,d){var e=a.setTimeout(c,b);d.stop=function(){a.clearTimeout(e)}})},function(){var a=d.createElement(&quot;input&quot;),b=d.createElement(&quot;select&quot;),c=b.appendChild(d.createElement(&quot;option&quot;));a.type=&quot;checkbox&quot;,l.checkOn=&quot;&quot;!==a.value,l.optSelected=c.selected,b.disabled=!0,l.optDisabled=!c.disabled,a=d.createElement(&quot;input&quot;),a.value=&quot;t&quot;,a.type=&quot;radio&quot;,l.radioValue=&quot;t&quot;===a.value}();var ab,bb=n.expr.attrHandle;n.fn.extend({attr:function(a,b){return K(this,n.attr,a,b,arguments.length&gt;1)},removeAttr:function(a){return this.each(function(){n.removeAttr(this,a)})}}),n.extend({attr:function(a,b,c){var d,e,f=a.nodeType;if(3!==f&amp;&amp;8!==f&amp;&amp;2!==f)return&quot;undefined&quot;==typeof a.getAttribute?n.prop(a,b,c):(1===f&amp;&amp;n.isXMLDoc(a)||(b=b.toLowerCase(),e=n.attrHooks[b]||(n.expr.match.bool.test(b)?ab:void 0)),void 0!==c?null===c?void n.removeAttr(a,b):e&amp;&amp;&quot;set&quot;in e&amp;&amp;void 0!==(d=e.set(a,c,b))?d:(a.setAttribute(b,c+&quot;&quot;),c):e&amp;&amp;&quot;get&quot;in e&amp;&amp;null!==(d=e.get(a,b))?d:(d=n.find.attr(a,b),null==d?void 0:d))},attrHooks:{type:{set:function(a,b){if(!l.radioValue&amp;&amp;&quot;radio&quot;===b&amp;&amp;n.nodeName(a,&quot;input&quot;)){var c=a.value;return a.setAttribute(&quot;type&quot;,b),c&amp;&amp;(a.value=c),b}}}},removeAttr:function(a,b){var c,d,e=0,f=b&amp;&amp;b.match(G);if(f&amp;&amp;1===a.nodeType)while(c=f[e++])d=n.propFix[c]||c,n.expr.match.bool.test(c)&amp;&amp;(a[d]=!1),a.removeAttribute(c)}}),ab={set:function(a,b,c){return b===!1?n.removeAttr(a,c):a.setAttribute(c,c),c}},n.each(n.expr.match.bool.source.match(/\w+/g),function(a,b){var c=bb[b]||n.find.attr;bb[b]=function(a,b,d){var e,f;return d||(f=bb[b],bb[b]=e,e=null!=c(a,b,d)?b.toLowerCase():null,bb[b]=f),e}});var cb=/^(?:input|select|textarea|button)$/i,db=/^(?:a|area)$/i;n.fn.extend({prop:function(a,b){return K(this,n.prop,a,b,arguments.length&gt;1)},removeProp:function(a){return this.each(function(){delete this[n.propFix[a]||a]})}}),n.extend({prop:function(a,b,c){var d,e,f=a.nodeType;if(3!==f&amp;&amp;8!==f&amp;&amp;2!==f)return 1===f&amp;&amp;n.isXMLDoc(a)||(b=n.propFix[b]||b,e=n.propHooks[b]),void 0!==c?e&amp;&amp;&quot;set&quot;in e&amp;&amp;void 0!==(d=e.set(a,c,b))?d:a[b]=c:e&amp;&amp;&quot;get&quot;in e&amp;&amp;null!==(d=e.get(a,b))?d:a[b];&#10;  },propHooks:{tabIndex:{get:function(a){var b=n.find.attr(a,&quot;tabindex&quot;);return b?parseInt(b,10):cb.test(a.nodeName)||db.test(a.nodeName)&amp;&amp;a.href?0:-1}}},propFix:{&quot;for&quot;:&quot;htmlFor&quot;,&quot;class&quot;:&quot;className&quot;}}),l.optSelected||(n.propHooks.selected={get:function(a){var b=a.parentNode;return b&amp;&amp;b.parentNode&amp;&amp;b.parentNode.selectedIndex,null}}),n.each([&quot;tabIndex&quot;,&quot;readOnly&quot;,&quot;maxLength&quot;,&quot;cellSpacing&quot;,&quot;cellPadding&quot;,&quot;rowSpan&quot;,&quot;colSpan&quot;,&quot;useMap&quot;,&quot;frameBorder&quot;,&quot;contentEditable&quot;],function(){n.propFix[this.toLowerCase()]=this});var eb=/[\t\r\n\f]/g;function fb(a){return a.getAttribute&amp;&amp;a.getAttribute(&quot;class&quot;)||&quot;&quot;}n.fn.extend({addClass:function(a){var b,c,d,e,f,g,h,i=0;if(n.isFunction(a))return this.each(function(b){n(this).addClass(a.call(this,b,fb(this)))});if(&quot;string&quot;==typeof a&amp;&amp;a){b=a.match(G)||[];while(c=this[i++])if(e=fb(c),d=1===c.nodeType&amp;&amp;(&quot; &quot;+e+&quot; &quot;).replace(eb,&quot; &quot;)){g=0;while(f=b[g++])d.indexOf(&quot; &quot;+f+&quot; &quot;)&lt;0&amp;&amp;(d+=f+&quot; &quot;);h=n.trim(d),e!==h&amp;&amp;c.setAttribute(&quot;class&quot;,h)}}return this},removeClass:function(a){var b,c,d,e,f,g,h,i=0;if(n.isFunction(a))return this.each(function(b){n(this).removeClass(a.call(this,b,fb(this)))});if(!arguments.length)return this.attr(&quot;class&quot;,&quot;&quot;);if(&quot;string&quot;==typeof a&amp;&amp;a){b=a.match(G)||[];while(c=this[i++])if(e=fb(c),d=1===c.nodeType&amp;&amp;(&quot; &quot;+e+&quot; &quot;).replace(eb,&quot; &quot;)){g=0;while(f=b[g++])while(d.indexOf(&quot; &quot;+f+&quot; &quot;)&gt;-1)d=d.replace(&quot; &quot;+f+&quot; &quot;,&quot; &quot;);h=n.trim(d),e!==h&amp;&amp;c.setAttribute(&quot;class&quot;,h)}}return this},toggleClass:function(a,b){var c=typeof a;return&quot;boolean&quot;==typeof b&amp;&amp;&quot;string&quot;===c?b?this.addClass(a):this.removeClass(a):n.isFunction(a)?this.each(function(c){n(this).toggleClass(a.call(this,c,fb(this),b),b)}):this.each(function(){var b,d,e,f;if(&quot;string&quot;===c){d=0,e=n(this),f=a.match(G)||[];while(b=f[d++])e.hasClass(b)?e.removeClass(b):e.addClass(b)}else(void 0===a||&quot;boolean&quot;===c)&amp;&amp;(b=fb(this),b&amp;&amp;N.set(this,&quot;__className__&quot;,b),this.setAttribute&amp;&amp;this.setAttribute(&quot;class&quot;,b||a===!1?&quot;&quot;:N.get(this,&quot;__className__&quot;)||&quot;&quot;))})},hasClass:function(a){var b,c,d=0;b=&quot; &quot;+a+&quot; &quot;;while(c=this[d++])if(1===c.nodeType&amp;&amp;(&quot; &quot;+fb(c)+&quot; &quot;).replace(eb,&quot; &quot;).indexOf(b)&gt;-1)return!0;return!1}});var gb=/\r/g;n.fn.extend({val:function(a){var b,c,d,e=this[0];{if(arguments.length)return d=n.isFunction(a),this.each(function(c){var e;1===this.nodeType&amp;&amp;(e=d?a.call(this,c,n(this).val()):a,null==e?e=&quot;&quot;:&quot;number&quot;==typeof e?e+=&quot;&quot;:n.isArray(e)&amp;&amp;(e=n.map(e,function(a){return null==a?&quot;&quot;:a+&quot;&quot;})),b=n.valHooks[this.type]||n.valHooks[this.nodeName.toLowerCase()],b&amp;&amp;&quot;set&quot;in b&amp;&amp;void 0!==b.set(this,e,&quot;value&quot;)||(this.value=e))});if(e)return b=n.valHooks[e.type]||n.valHooks[e.nodeName.toLowerCase()],b&amp;&amp;&quot;get&quot;in b&amp;&amp;void 0!==(c=b.get(e,&quot;value&quot;))?c:(c=e.value,&quot;string&quot;==typeof c?c.replace(gb,&quot;&quot;):null==c?&quot;&quot;:c)}}}),n.extend({valHooks:{option:{get:function(a){return n.trim(a.value)}},select:{get:function(a){for(var b,c,d=a.options,e=a.selectedIndex,f=&quot;select-one&quot;===a.type||0&gt;e,g=f?null:[],h=f?e+1:d.length,i=0&gt;e?h:f?e:0;h&gt;i;i++)if(c=d[i],(c.selected||i===e)&amp;&amp;(l.optDisabled?!c.disabled:null===c.getAttribute(&quot;disabled&quot;))&amp;&amp;(!c.parentNode.disabled||!n.nodeName(c.parentNode,&quot;optgroup&quot;))){if(b=n(c).val(),f)return b;g.push(b)}return g},set:function(a,b){var c,d,e=a.options,f=n.makeArray(b),g=e.length;while(g--)d=e[g],(d.selected=n.inArray(n.valHooks.option.get(d),f)&gt;-1)&amp;&amp;(c=!0);return c||(a.selectedIndex=-1),f}}}}),n.each([&quot;radio&quot;,&quot;checkbox&quot;],function(){n.valHooks[this]={set:function(a,b){return n.isArray(b)?a.checked=n.inArray(n(a).val(),b)&gt;-1:void 0}},l.checkOn||(n.valHooks[this].get=function(a){return null===a.getAttribute(&quot;value&quot;)?&quot;on&quot;:a.value})});var hb=/^(?:focusinfocus|focusoutblur)$/;n.extend(n.event,{trigger:function(b,c,e,f){var g,h,i,j,l,m,o,p=[e||d],q=k.call(b,&quot;type&quot;)?b.type:b,r=k.call(b,&quot;namespace&quot;)?b.namespace.split(&quot;.&quot;):[];if(h=i=e=e||d,3!==e.nodeType&amp;&amp;8!==e.nodeType&amp;&amp;!hb.test(q+n.event.triggered)&amp;&amp;(q.indexOf(&quot;.&quot;)&gt;-1&amp;&amp;(r=q.split(&quot;.&quot;),q=r.shift(),r.sort()),l=q.indexOf(&quot;:&quot;)&lt;0&amp;&amp;&quot;on&quot;+q,b=b[n.expando]?b:new n.Event(q,&quot;object&quot;==typeof b&amp;&amp;b),b.isTrigger=f?2:3,b.namespace=r.join(&quot;.&quot;),b.rnamespace=b.namespace?new RegExp(&quot;(^|\\.)&quot;+r.join(&quot;\\.(?:.*\\.|)&quot;)+&quot;(\\.|$)&quot;):null,b.result=void 0,b.target||(b.target=e),c=null==c?[b]:n.makeArray(c,[b]),o=n.event.special[q]||{},f||!o.trigger||o.trigger.apply(e,c)!==!1)){if(!f&amp;&amp;!o.noBubble&amp;&amp;!n.isWindow(e)){for(j=o.delegateType||q,hb.test(j+q)||(h=h.parentNode);h;h=h.parentNode)p.push(h),i=h;i===(e.ownerDocument||d)&amp;&amp;p.push(i.defaultView||i.parentWindow||a)}g=0;while((h=p[g++])&amp;&amp;!b.isPropagationStopped())b.type=g&gt;1?j:o.bindType||q,m=(N.get(h,&quot;events&quot;)||{})[b.type]&amp;&amp;N.get(h,&quot;handle&quot;),m&amp;&amp;m.apply(h,c),m=l&amp;&amp;h[l],m&amp;&amp;m.apply&amp;&amp;L(h)&amp;&amp;(b.result=m.apply(h,c),b.result===!1&amp;&amp;b.preventDefault());return b.type=q,f||b.isDefaultPrevented()||o._default&amp;&amp;o._default.apply(p.pop(),c)!==!1||!L(e)||l&amp;&amp;n.isFunction(e[q])&amp;&amp;!n.isWindow(e)&amp;&amp;(i=e[l],i&amp;&amp;(e[l]=null),n.event.triggered=q,e[q](),n.event.triggered=void 0,i&amp;&amp;(e[l]=i)),b.result}},simulate:function(a,b,c){var d=n.extend(new n.Event,c,{type:a,isSimulated:!0});n.event.trigger(d,null,b),d.isDefaultPrevented()&amp;&amp;c.preventDefault()}}),n.fn.extend({trigger:function(a,b){return this.each(function(){n.event.trigger(a,b,this)})},triggerHandler:function(a,b){var c=this[0];return c?n.event.trigger(a,b,c,!0):void 0}}),n.each(&quot;blur focus focusin focusout load resize scroll unload click dblclick mousedown mouseup mousemove mouseover mouseout mouseenter mouseleave change select submit keydown keypress keyup error contextmenu&quot;.split(&quot; &quot;),function(a,b){n.fn[b]=function(a,c){return arguments.length&gt;0?this.on(b,null,a,c):this.trigger(b)}}),n.fn.extend({hover:function(a,b){return this.mouseenter(a).mouseleave(b||a)}}),l.focusin=&quot;onfocusin&quot;in a,l.focusin||n.each({focus:&quot;focusin&quot;,blur:&quot;focusout&quot;},function(a,b){var c=function(a){n.event.simulate(b,a.target,n.event.fix(a))};n.event.special[b]={setup:function(){var d=this.ownerDocument||this,e=N.access(d,b);e||d.addEventListener(a,c,!0),N.access(d,b,(e||0)+1)},teardown:function(){var d=this.ownerDocument||this,e=N.access(d,b)-1;e?N.access(d,b,e):(d.removeEventListener(a,c,!0),N.remove(d,b))}}});var ib=a.location,jb=n.now(),kb=/\?/;n.parseJSON=function(a){return JSON.parse(a+&quot;&quot;)},n.parseXML=function(b){var c;if(!b||&quot;string&quot;!=typeof b)return null;try{c=(new a.DOMParser).parseFromString(b,&quot;text/xml&quot;)}catch(d){c=void 0}return(!c||c.getElementsByTagName(&quot;parsererror&quot;).length)&amp;&amp;n.error(&quot;Invalid XML: &quot;+b),c};var lb=/#.*$/,mb=/([?&amp;])_=[^&amp;]*/,nb=/^(.*?):[ \t]*([^\r\n]*)$/gm,ob=/^(?:about|app|app-storage|.+-extension|file|res|widget):$/,pb=/^(?:GET|HEAD)$/,qb=/^\/\//,rb={},sb={},tb=&quot;*/&quot;.concat(&quot;*&quot;),ub=d.createElement(&quot;a&quot;);ub.href=ib.href;function vb(a){return function(b,c){&quot;string&quot;!=typeof b&amp;&amp;(c=b,b=&quot;*&quot;);var d,e=0,f=b.toLowerCase().match(G)||[];if(n.isFunction(c))while(d=f[e++])&quot;+&quot;===d[0]?(d=d.slice(1)||&quot;*&quot;,(a[d]=a[d]||[]).unshift(c)):(a[d]=a[d]||[]).push(c)}}function wb(a,b,c,d){var e={},f=a===sb;function g(h){var i;return e[h]=!0,n.each(a[h]||[],function(a,h){var j=h(b,c,d);return&quot;string&quot;!=typeof j||f||e[j]?f?!(i=j):void 0:(b.dataTypes.unshift(j),g(j),!1)}),i}return g(b.dataTypes[0])||!e[&quot;*&quot;]&amp;&amp;g(&quot;*&quot;)}function xb(a,b){var c,d,e=n.ajaxSettings.flatOptions||{};for(c in b)void 0!==b[c]&amp;&amp;((e[c]?a:d||(d={}))[c]=b[c]);return d&amp;&amp;n.extend(!0,a,d),a}function yb(a,b,c){var d,e,f,g,h=a.contents,i=a.dataTypes;while(&quot;*&quot;===i[0])i.shift(),void 0===d&amp;&amp;(d=a.mimeType||b.getResponseHeader(&quot;Content-Type&quot;));if(d)for(e in h)if(h[e]&amp;&amp;h[e].test(d)){i.unshift(e);break}if(i[0]in c)f=i[0];else{for(e in c){if(!i[0]||a.converters[e+&quot; &quot;+i[0]]){f=e;break}g||(g=e)}f=f||g}return f?(f!==i[0]&amp;&amp;i.unshift(f),c[f]):void 0}function zb(a,b,c,d){var e,f,g,h,i,j={},k=a.dataTypes.slice();if(k[1])for(g in a.converters)j[g.toLowerCase()]=a.converters[g];f=k.shift();while(f)if(a.responseFields[f]&amp;&amp;(c[a.responseFields[f]]=b),!i&amp;&amp;d&amp;&amp;a.dataFilter&amp;&amp;(b=a.dataFilter(b,a.dataType)),i=f,f=k.shift())if(&quot;*&quot;===f)f=i;else if(&quot;*&quot;!==i&amp;&amp;i!==f){if(g=j[i+&quot; &quot;+f]||j[&quot;* &quot;+f],!g)for(e in j)if(h=e.split(&quot; &quot;),h[1]===f&amp;&amp;(g=j[i+&quot; &quot;+h[0]]||j[&quot;* &quot;+h[0]])){g===!0?g=j[e]:j[e]!==!0&amp;&amp;(f=h[0],k.unshift(h[1]));break}if(g!==!0)if(g&amp;&amp;a[&quot;throws&quot;])b=g(b);else try{b=g(b)}catch(l){return{state:&quot;parsererror&quot;,error:g?l:&quot;No conversion from &quot;+i+&quot; to &quot;+f}}}return{state:&quot;success&quot;,data:b}}n.extend({active:0,lastModified:{},etag:{},ajaxSettings:{url:ib.href,type:&quot;GET&quot;,isLocal:ob.test(ib.protocol),global:!0,processData:!0,async:!0,contentType:&quot;application/x-www-form-urlencoded; charset=UTF-8&quot;,accepts:{&quot;*&quot;:tb,text:&quot;text/plain&quot;,html:&quot;text/html&quot;,xml:&quot;application/xml, text/xml&quot;,json:&quot;application/json, text/javascript&quot;},contents:{xml:/\bxml\b/,html:/\bhtml/,json:/\bjson\b/},responseFields:{xml:&quot;responseXML&quot;,text:&quot;responseText&quot;,json:&quot;responseJSON&quot;},converters:{&quot;* text&quot;:String,&quot;text html&quot;:!0,&quot;text json&quot;:n.parseJSON,&quot;text xml&quot;:n.parseXML},flatOptions:{url:!0,context:!0}},ajaxSetup:function(a,b){return b?xb(xb(a,n.ajaxSettings),b):xb(n.ajaxSettings,a)},ajaxPrefilter:vb(rb),ajaxTransport:vb(sb),ajax:function(b,c){&quot;object&quot;==typeof b&amp;&amp;(c=b,b=void 0),c=c||{};var e,f,g,h,i,j,k,l,m=n.ajaxSetup({},c),o=m.context||m,p=m.context&amp;&amp;(o.nodeType||o.jquery)?n(o):n.event,q=n.Deferred(),r=n.Callbacks(&quot;once memory&quot;),s=m.statusCode||{},t={},u={},v=0,w=&quot;canceled&quot;,x={readyState:0,getResponseHeader:function(a){var b;if(2===v){if(!h){h={};while(b=nb.exec(g))h[b[1].toLowerCase()]=b[2]}b=h[a.toLowerCase()]}return null==b?null:b},getAllResponseHeaders:function(){return 2===v?g:null},setRequestHeader:function(a,b){var c=a.toLowerCase();return v||(a=u[c]=u[c]||a,t[a]=b),this},overrideMimeType:function(a){return v||(m.mimeType=a),this},statusCode:function(a){var b;if(a)if(2&gt;v)for(b in a)s[b]=[s[b],a[b]];else x.always(a[x.status]);return this},abort:function(a){var b=a||w;return e&amp;&amp;e.abort(b),z(0,b),this}};if(q.promise(x).complete=r.add,x.success=x.done,x.error=x.fail,m.url=((b||m.url||ib.href)+&quot;&quot;).replace(lb,&quot;&quot;).replace(qb,ib.protocol+&quot;//&quot;),m.type=c.method||c.type||m.method||m.type,m.dataTypes=n.trim(m.dataType||&quot;*&quot;).toLowerCase().match(G)||[&quot;&quot;],null==m.crossDomain){j=d.createElement(&quot;a&quot;);try{j.href=m.url,j.href=j.href,m.crossDomain=ub.protocol+&quot;//&quot;+ub.host!=j.protocol+&quot;//&quot;+j.host}catch(y){m.crossDomain=!0}}if(m.data&amp;&amp;m.processData&amp;&amp;&quot;string&quot;!=typeof m.data&amp;&amp;(m.data=n.param(m.data,m.traditional)),wb(rb,m,c,x),2===v)return x;k=n.event&amp;&amp;m.global,k&amp;&amp;0===n.active++&amp;&amp;n.event.trigger(&quot;ajaxStart&quot;),m.type=m.type.toUpperCase(),m.hasContent=!pb.test(m.type),f=m.url,m.hasContent||(m.data&amp;&amp;(f=m.url+=(kb.test(f)?&quot;&amp;&quot;:&quot;?&quot;)+m.data,delete m.data),m.cache===!1&amp;&amp;(m.url=mb.test(f)?f.replace(mb,&quot;$1_=&quot;+jb++):f+(kb.test(f)?&quot;&amp;&quot;:&quot;?&quot;)+&quot;_=&quot;+jb++)),m.ifModified&amp;&amp;(n.lastModified[f]&amp;&amp;x.setRequestHeader(&quot;If-Modified-Since&quot;,n.lastModified[f]),n.etag[f]&amp;&amp;x.setRequestHeader(&quot;If-None-Match&quot;,n.etag[f])),(m.data&amp;&amp;m.hasContent&amp;&amp;m.contentType!==!1||c.contentType)&amp;&amp;x.setRequestHeader(&quot;Content-Type&quot;,m.contentType),x.setRequestHeader(&quot;Accept&quot;,m.dataTypes[0]&amp;&amp;m.accepts[m.dataTypes[0]]?m.accepts[m.dataTypes[0]]+(&quot;*&quot;!==m.dataTypes[0]?&quot;, &quot;+tb+&quot;; q=0.01&quot;:&quot;&quot;):m.accepts[&quot;*&quot;]);for(l in m.headers)x.setRequestHeader(l,m.headers[l]);if(m.beforeSend&amp;&amp;(m.beforeSend.call(o,x,m)===!1||2===v))return x.abort();w=&quot;abort&quot;;for(l in{success:1,error:1,complete:1})x[l](m[l]);if(e=wb(sb,m,c,x)){if(x.readyState=1,k&amp;&amp;p.trigger(&quot;ajaxSend&quot;,[x,m]),2===v)return x;m.async&amp;&amp;m.timeout&gt;0&amp;&amp;(i=a.setTimeout(function(){x.abort(&quot;timeout&quot;)},m.timeout));try{v=1,e.send(t,z)}catch(y){if(!(2&gt;v))throw y;z(-1,y)}}else z(-1,&quot;No Transport&quot;);function z(b,c,d,h){var j,l,t,u,w,y=c;2!==v&amp;&amp;(v=2,i&amp;&amp;a.clearTimeout(i),e=void 0,g=h||&quot;&quot;,x.readyState=b&gt;0?4:0,j=b&gt;=200&amp;&amp;300&gt;b||304===b,d&amp;&amp;(u=yb(m,x,d)),u=zb(m,u,x,j),j?(m.ifModified&amp;&amp;(w=x.getResponseHeader(&quot;Last-Modified&quot;),w&amp;&amp;(n.lastModified[f]=w),w=x.getResponseHeader(&quot;etag&quot;),w&amp;&amp;(n.etag[f]=w)),204===b||&quot;HEAD&quot;===m.type?y=&quot;nocontent&quot;:304===b?y=&quot;notmodified&quot;:(y=u.state,l=u.data,t=u.error,j=!t)):(t=y,(b||!y)&amp;&amp;(y=&quot;error&quot;,0&gt;b&amp;&amp;(b=0))),x.status=b,x.statusText=(c||y)+&quot;&quot;,j?q.resolveWith(o,[l,y,x]):q.rejectWith(o,[x,y,t]),x.statusCode(s),s=void 0,k&amp;&amp;p.trigger(j?&quot;ajaxSuccess&quot;:&quot;ajaxError&quot;,[x,m,j?l:t]),r.fireWith(o,[x,y]),k&amp;&amp;(p.trigger(&quot;ajaxComplete&quot;,[x,m]),--n.active||n.event.trigger(&quot;ajaxStop&quot;)))}return x},getJSON:function(a,b,c){return n.get(a,b,c,&quot;json&quot;)},getScript:function(a,b){return n.get(a,void 0,b,&quot;script&quot;)}}),n.each([&quot;get&quot;,&quot;post&quot;],function(a,b){n[b]=function(a,c,d,e){return n.isFunction(c)&amp;&amp;(e=e||d,d=c,c=void 0),n.ajax(n.extend({url:a,type:b,dataType:e,data:c,success:d},n.isPlainObject(a)&amp;&amp;a))}}),n._evalUrl=function(a){return n.ajax({url:a,type:&quot;GET&quot;,dataType:&quot;script&quot;,async:!1,global:!1,&quot;throws&quot;:!0})},n.fn.extend({wrapAll:function(a){var b;return n.isFunction(a)?this.each(function(b){n(this).wrapAll(a.call(this,b))}):(this[0]&amp;&amp;(b=n(a,this[0].ownerDocument).eq(0).clone(!0),this[0].parentNode&amp;&amp;b.insertBefore(this[0]),b.map(function(){var a=this;while(a.firstElementChild)a=a.firstElementChild;return a}).append(this)),this)},wrapInner:function(a){return n.isFunction(a)?this.each(function(b){n(this).wrapInner(a.call(this,b))}):this.each(function(){var b=n(this),c=b.contents();c.length?c.wrapAll(a):b.append(a)})},wrap:function(a){var b=n.isFunction(a);return this.each(function(c){n(this).wrapAll(b?a.call(this,c):a)})},unwrap:function(){return this.parent().each(function(){n.nodeName(this,&quot;body&quot;)||n(this).replaceWith(this.childNodes)}).end()}}),n.expr.filters.hidden=function(a){return!n.expr.filters.visible(a)},n.expr.filters.visible=function(a){return a.offsetWidth&gt;0||a.offsetHeight&gt;0||a.getClientRects().length&gt;0};var Ab=/%20/g,Bb=/\[\]$/,Cb=/\r?\n/g,Db=/^(?:submit|button|image|reset|file)$/i,Eb=/^(?:input|select|textarea|keygen)/i;function Fb(a,b,c,d){var e;if(n.isArray(b))n.each(b,function(b,e){c||Bb.test(a)?d(a,e):Fb(a+&quot;[&quot;+(&quot;object&quot;==typeof e&amp;&amp;null!=e?b:&quot;&quot;)+&quot;]&quot;,e,c,d)});else if(c||&quot;object&quot;!==n.type(b))d(a,b);else for(e in b)Fb(a+&quot;[&quot;+e+&quot;]&quot;,b[e],c,d)}n.param=function(a,b){var c,d=[],e=function(a,b){b=n.isFunction(b)?b():null==b?&quot;&quot;:b,d[d.length]=encodeURIComponent(a)+&quot;=&quot;+encodeURIComponent(b)};if(void 0===b&amp;&amp;(b=n.ajaxSettings&amp;&amp;n.ajaxSettings.traditional),n.isArray(a)||a.jquery&amp;&amp;!n.isPlainObject(a))n.each(a,function(){e(this.name,this.value)});else for(c in a)Fb(c,a[c],b,e);return d.join(&quot;&amp;&quot;).replace(Ab,&quot;+&quot;)},n.fn.extend({serialize:function(){return n.param(this.serializeArray())},serializeArray:function(){return this.map(function(){var a=n.prop(this,&quot;elements&quot;);return a?n.makeArray(a):this}).filter(function(){var a=this.type;return this.name&amp;&amp;!n(this).is(&quot;:disabled&quot;)&amp;&amp;Eb.test(this.nodeName)&amp;&amp;!Db.test(a)&amp;&amp;(this.checked||!X.test(a))}).map(function(a,b){var c=n(this).val();return null==c?null:n.isArray(c)?n.map(c,function(a){return{name:b.name,value:a.replace(Cb,&quot;\r\n&quot;)}}):{name:b.name,value:c.replace(Cb,&quot;\r\n&quot;)}}).get()}}),n.ajaxSettings.xhr=function(){try{return new a.XMLHttpRequest}catch(b){}};var Gb={0:200,1223:204},Hb=n.ajaxSettings.xhr();l.cors=!!Hb&amp;&amp;&quot;withCredentials&quot;in Hb,l.ajax=Hb=!!Hb,n.ajaxTransport(function(b){var c,d;return l.cors||Hb&amp;&amp;!b.crossDomain?{send:function(e,f){var g,h=b.xhr();if(h.open(b.type,b.url,b.async,b.username,b.password),b.xhrFields)for(g in b.xhrFields)h[g]=b.xhrFields[g];b.mimeType&amp;&amp;h.overrideMimeType&amp;&amp;h.overrideMimeType(b.mimeType),b.crossDomain||e[&quot;X-Requested-With&quot;]||(e[&quot;X-Requested-With&quot;]=&quot;XMLHttpRequest&quot;);for(g in e)h.setRequestHeader(g,e[g]);c=function(a){return function(){c&amp;&amp;(c=d=h.onload=h.onerror=h.onabort=h.onreadystatechange=null,&quot;abort&quot;===a?h.abort():&quot;error&quot;===a?&quot;number&quot;!=typeof h.status?f(0,&quot;error&quot;):f(h.status,h.statusText):f(Gb[h.status]||h.status,h.statusText,&quot;text&quot;!==(h.responseType||&quot;text&quot;)||&quot;string&quot;!=typeof h.responseText?{binary:h.response}:{text:h.responseText},h.getAllResponseHeaders()))}},h.onload=c(),d=h.onerror=c(&quot;error&quot;),void 0!==h.onabort?h.onabort=d:h.onreadystatechange=function(){4===h.readyState&amp;&amp;a.setTimeout(function(){c&amp;&amp;d()})},c=c(&quot;abort&quot;);try{h.send(b.hasContent&amp;&amp;b.data||null)}catch(i){if(c)throw i}},abort:function(){c&amp;&amp;c()}}:void 0}),n.ajaxSetup({accepts:{script:&quot;text/javascript, application/javascript, application/ecmascript, application/x-ecmascript&quot;},contents:{script:/\b(?:java|ecma)script\b/},converters:{&quot;text script&quot;:function(a){return n.globalEval(a),a}}}),n.ajaxPrefilter(&quot;script&quot;,function(a){void 0===a.cache&amp;&amp;(a.cache=!1),a.crossDomain&amp;&amp;(a.type=&quot;GET&quot;)}),n.ajaxTransport(&quot;script&quot;,function(a){if(a.crossDomain){var b,c;return{send:function(e,f){b=n(&quot;&lt;script&gt;&quot;).prop({charset:a.scriptCharset,src:a.url}).on(&quot;load error&quot;,c=function(a){b.remove(),c=null,a&amp;&amp;f(&quot;error&quot;===a.type?404:200,a.type)}),d.head.appendChild(b[0])},abort:function(){c&amp;&amp;c()}}}});var Ib=[],Jb=/(=)\?(?=&amp;|$)|\?\?/;n.ajaxSetup({jsonp:&quot;callback&quot;,jsonpCallback:function(){var a=Ib.pop()||n.expando+&quot;_&quot;+jb++;return this[a]=!0,a}}),n.ajaxPrefilter(&quot;json jsonp&quot;,function(b,c,d){var e,f,g,h=b.jsonp!==!1&amp;&amp;(Jb.test(b.url)?&quot;url&quot;:&quot;string&quot;==typeof b.data&amp;&amp;0===(b.contentType||&quot;&quot;).indexOf(&quot;application/x-www-form-urlencoded&quot;)&amp;&amp;Jb.test(b.data)&amp;&amp;&quot;data&quot;);return h||&quot;jsonp&quot;===b.dataTypes[0]?(e=b.jsonpCallback=n.isFunction(b.jsonpCallback)?b.jsonpCallback():b.jsonpCallback,h?b[h]=b[h].replace(Jb,&quot;$1&quot;+e):b.jsonp!==!1&amp;&amp;(b.url+=(kb.test(b.url)?&quot;&amp;&quot;:&quot;?&quot;)+b.jsonp+&quot;=&quot;+e),b.converters[&quot;script json&quot;]=function(){return g||n.error(e+&quot; was not called&quot;),g[0]},b.dataTypes[0]=&quot;json&quot;,f=a[e],a[e]=function(){g=arguments},d.always(function(){void 0===f?n(a).removeProp(e):a[e]=f,b[e]&amp;&amp;(b.jsonpCallback=c.jsonpCallback,Ib.push(e)),g&amp;&amp;n.isFunction(f)&amp;&amp;f(g[0]),g=f=void 0}),&quot;script&quot;):void 0}),l.createHTMLDocument=function(){var a=d.implementation.createHTMLDocument(&quot;&quot;).body;return a.innerHTML=&quot;&lt;form&gt;&lt;/form&gt;&lt;form&gt;&lt;/form&gt;&quot;,2===a.childNodes.length}(),n.parseHTML=function(a,b,c){if(!a||&quot;string&quot;!=typeof a)return null;&quot;boolean&quot;==typeof b&amp;&amp;(c=b,b=!1),b=b||(l.createHTMLDocument?d.implementation.createHTMLDocument(&quot;&quot;):d);var e=x.exec(a),f=!c&amp;&amp;[];return e?[b.createElement(e[1])]:(e=ca([a],b,f),f&amp;&amp;f.length&amp;&amp;n(f).remove(),n.merge([],e.childNodes))};var Kb=n.fn.load;n.fn.load=function(a,b,c){if(&quot;string&quot;!=typeof a&amp;&amp;Kb)return Kb.apply(this,arguments);var d,e,f,g=this,h=a.indexOf(&quot; &quot;);return h&gt;-1&amp;&amp;(d=n.trim(a.slice(h)),a=a.slice(0,h)),n.isFunction(b)?(c=b,b=void 0):b&amp;&amp;&quot;object&quot;==typeof b&amp;&amp;(e=&quot;POST&quot;),g.length&gt;0&amp;&amp;n.ajax({url:a,type:e||&quot;GET&quot;,dataType:&quot;html&quot;,data:b}).done(function(a){f=arguments,g.html(d?n(&quot;&lt;div&gt;&quot;).append(n.parseHTML(a)).find(d):a)}).always(c&amp;&amp;function(a,b){g.each(function(){c.apply(g,f||[a.responseText,b,a])})}),this},n.each([&quot;ajaxStart&quot;,&quot;ajaxStop&quot;,&quot;ajaxComplete&quot;,&quot;ajaxError&quot;,&quot;ajaxSuccess&quot;,&quot;ajaxSend&quot;],function(a,b){n.fn[b]=function(a){return this.on(b,a)}}),n.expr.filters.animated=function(a){return n.grep(n.timers,function(b){return a===b.elem}).length};function Lb(a){return n.isWindow(a)?a:9===a.nodeType&amp;&amp;a.defaultView}n.offset={setOffset:function(a,b,c){var d,e,f,g,h,i,j,k=n.css(a,&quot;position&quot;),l=n(a),m={};&quot;static&quot;===k&amp;&amp;(a.style.position=&quot;relative&quot;),h=l.offset(),f=n.css(a,&quot;top&quot;),i=n.css(a,&quot;left&quot;),j=(&quot;absolute&quot;===k||&quot;fixed&quot;===k)&amp;&amp;(f+i).indexOf(&quot;auto&quot;)&gt;-1,j?(d=l.position(),g=d.top,e=d.left):(g=parseFloat(f)||0,e=parseFloat(i)||0),n.isFunction(b)&amp;&amp;(b=b.call(a,c,n.extend({},h))),null!=b.top&amp;&amp;(m.top=b.top-h.top+g),null!=b.left&amp;&amp;(m.left=b.left-h.left+e),&quot;using&quot;in b?b.using.call(a,m):l.css(m)}},n.fn.extend({offset:function(a){if(arguments.length)return void 0===a?this:this.each(function(b){n.offset.setOffset(this,a,b)});var b,c,d=this[0],e={top:0,left:0},f=d&amp;&amp;d.ownerDocument;if(f)return b=f.documentElement,n.contains(b,d)?(e=d.getBoundingClientRect(),c=Lb(f),{top:e.top+c.pageYOffset-b.clientTop,left:e.left+c.pageXOffset-b.clientLeft}):e},position:function(){if(this[0]){var a,b,c=this[0],d={top:0,left:0};return&quot;fixed&quot;===n.css(c,&quot;position&quot;)?b=c.getBoundingClientRect():(a=this.offsetParent(),b=this.offset(),n.nodeName(a[0],&quot;html&quot;)||(d=a.offset()),d.top+=n.css(a[0],&quot;borderTopWidth&quot;,!0)-a.scrollTop(),d.left+=n.css(a[0],&quot;borderLeftWidth&quot;,!0)-a.scrollLeft()),{top:b.top-d.top-n.css(c,&quot;marginTop&quot;,!0),left:b.left-d.left-n.css(c,&quot;marginLeft&quot;,!0)}}},offsetParent:function(){return this.map(function(){var a=this.offsetParent;while(a&amp;&amp;&quot;static&quot;===n.css(a,&quot;position&quot;))a=a.offsetParent;return a||Ea})}}),n.each({scrollLeft:&quot;pageXOffset&quot;,scrollTop:&quot;pageYOffset&quot;},function(a,b){var c=&quot;pageYOffset&quot;===b;n.fn[a]=function(d){return K(this,function(a,d,e){var f=Lb(a);return void 0===e?f?f[b]:a[d]:void(f?f.scrollTo(c?f.pageXOffset:e,c?e:f.pageYOffset):a[d]=e)},a,d,arguments.length)}}),n.each([&quot;top&quot;,&quot;left&quot;],function(a,b){n.cssHooks[b]=Ga(l.pixelPosition,function(a,c){return c?(c=Fa(a,b),Ba.test(c)?n(a).position()[b]+&quot;px&quot;:c):void 0})}),n.each({Height:&quot;height&quot;,Width:&quot;width&quot;},function(a,b){n.each({padding:&quot;inner&quot;+a,content:b,&quot;&quot;:&quot;outer&quot;+a},function(c,d){n.fn[d]=function(d,e){var f=arguments.length&amp;&amp;(c||&quot;boolean&quot;!=typeof d),g=c||(d===!0||e===!0?&quot;margin&quot;:&quot;border&quot;);return K(this,function(b,c,d){var e;return n.isWindow(b)?b.document.documentElement[&quot;client&quot;+a]:9===b.nodeType?(e=b.documentElement,Math.max(b.body[&quot;scroll&quot;+a],e[&quot;scroll&quot;+a],b.body[&quot;offset&quot;+a],e[&quot;offset&quot;+a],e[&quot;client&quot;+a])):void 0===d?n.css(b,c,g):n.style(b,c,d,g)},b,f?d:void 0,f,null)}})}),n.fn.extend({bind:function(a,b,c){return this.on(a,null,b,c)},unbind:function(a,b){return this.off(a,null,b)},delegate:function(a,b,c,d){return this.on(b,a,c,d)},undelegate:function(a,b,c){return 1===arguments.length?this.off(a,&quot;**&quot;):this.off(b,a||&quot;**&quot;,c)},size:function(){return this.length}}),n.fn.andSelf=n.fn.addBack,&quot;function&quot;==typeof define&amp;&amp;define.amd&amp;&amp;define(&quot;jquery&quot;,[],function(){return n});var Mb=a.jQuery,Nb=a.$;return n.noConflict=function(b){return a.$===n&amp;&amp;(a.$=Nb),b&amp;&amp;a.jQuery===n&amp;&amp;(a.jQuery=Mb),n},b||(a.jQuery=a.$=n),n});&#10;&lt;/script&gt;&#10;&#10;&#10;&#10;&#10;&#10;&#10;&#10;&#10;&#10;&#10;&#10;&lt;script src=&quot;//assets.adobedtm.com/86ff4ffaf311/91fa59baa986/launch-b1204783dac1.min.js&quot; async=&quot;&quot;&gt;&lt;/script&gt;&#10;&#10;&#10;&#10;&#10;&#10;	&#10;		&lt;script type=&quot;text/javascript&quot; src=&quot;/content/dam/credit-repair/common/js/site-v2.js&quot;&gt;&lt;/script&gt;&#10;	&#10;&#10;	&#10;		&lt;script type=&quot;text/javascript&quot; src=&quot;/content/dam/credit-repair/common/js/fatal-error.js&quot;&gt;&lt;/script&gt;&#10;	&#10;&#10;	&#10;		&lt;script type=&quot;text/javascript&quot; src=&quot;/content/dam/credit-repair/common/js/jquery.easing-1.3.js&quot;&gt;&lt;/script&gt;&#10;	&#10;&#10;&#10;&lt;script&gt;&#10;	/* Modernizr 2.8.2 (Custom Build) | MIT &amp; BSD&#10;	 * Build: http://modernizr.com/download/#-backgroundsize-cssgradients-csstransforms-csstransforms3d-csstransitions-shiv-mq-cssclasses-teststyles-testprop-testallprops-prefixes-domprefixes-css_remunit-load&#10;	 */&#10;	;window.Modernizr=function(a,b,c){function A(a){j.cssText=a}function B(a,b){return A(m.join(a+&quot;;&quot;)+(b||&quot;&quot;))}function C(a,b){return typeof a===b}function D(a,b){return!!~(&quot;&quot;+a).indexOf(b)}function E(a,b){for(var d in a){var e=a[d];if(!D(e,&quot;-&quot;)&amp;&amp;j[e]!==c)return b==&quot;pfx&quot;?e:!0}return!1}function F(a,b,d){for(var e in a){var f=b[a[e]];if(f!==c)return d===!1?a[e]:C(f,&quot;function&quot;)?f.bind(d||b):f}return!1}function G(a,b,c){var d=a.charAt(0).toUpperCase()+a.slice(1),e=(a+&quot; &quot;+o.join(d+&quot; &quot;)+d).split(&quot; &quot;);return C(b,&quot;string&quot;)||C(b,&quot;undefined&quot;)?E(e,b):(e=(a+&quot; &quot;+p.join(d+&quot; &quot;)+d).split(&quot; &quot;),F(e,b,c))}var d=&quot;2.8.2&quot;,e={},f=!0,g=b.documentElement,h=&quot;modernizr&quot;,i=b.createElement(h),j=i.style,k,l={}.toString,m=&quot; -webkit- -moz- -o- -ms- &quot;.split(&quot; &quot;),n=&quot;Webkit Moz O ms&quot;,o=n.split(&quot; &quot;),p=n.toLowerCase().split(&quot; &quot;),q={},r={},s={},t=[],u=t.slice,v,w=function(a,c,d,e){var f,i,j,k,l=b.createElement(&quot;div&quot;),m=b.body,n=m||b.createElement(&quot;body&quot;);if(parseInt(d,10))while(d--)j=b.createElement(&quot;div&quot;),j.id=e?e[d]:h+(d+1),l.appendChild(j);return f=[&quot;&amp;#173;&quot;,&apos;&lt;style id=&quot;s&apos;,h,&apos;&quot;&gt;&apos;,a,&quot;&lt;/style&gt;&quot;].join(&quot;&quot;),l.id=h,(m?l:n).innerHTML+=f,n.appendChild(l),m||(n.style.background=&quot;&quot;,n.style.overflow=&quot;hidden&quot;,k=g.style.overflow,g.style.overflow=&quot;hidden&quot;,g.appendChild(n)),i=c(l,a),m?l.parentNode.removeChild(l):(n.parentNode.removeChild(n),g.style.overflow=k),!!i},x=function(b){var c=a.matchMedia||a.msMatchMedia;if(c)return c(b)&amp;&amp;c(b).matches||!1;var d;return w(&quot;@media &quot;+b+&quot; { #&quot;+h+&quot; { position: absolute; } }&quot;,function(b){d=(a.getComputedStyle?getComputedStyle(b,null):b.currentStyle)[&quot;position&quot;]==&quot;absolute&quot;}),d},y={}.hasOwnProperty,z;!C(y,&quot;undefined&quot;)&amp;&amp;!C(y.call,&quot;undefined&quot;)?z=function(a,b){return y.call(a,b)}:z=function(a,b){return b in a&amp;&amp;C(a.constructor.prototype[b],&quot;undefined&quot;)},Function.prototype.bind||(Function.prototype.bind=function(b){var c=this;if(typeof c!=&quot;function&quot;)throw new TypeError;var d=u.call(arguments,1),e=function(){if(this instanceof e){var a=function(){};a.prototype=c.prototype;var f=new a,g=c.apply(f,d.concat(u.call(arguments)));return Object(g)===g?g:f}return c.apply(b,d.concat(u.call(arguments)))};return e}),q.backgroundsize=function(){return G(&quot;backgroundSize&quot;)},q.cssgradients=function(){var a=&quot;background-image:&quot;,b=&quot;gradient(linear,left top,right bottom,from(#9f9),to(white));&quot;,c=&quot;linear-gradient(left top,#9f9, white);&quot;;return A((a+&quot;-webkit- &quot;.split(&quot; &quot;).join(b+a)+m.join(c+a)).slice(0,-a.length)),D(j.backgroundImage,&quot;gradient&quot;)},q.csstransforms=function(){return!!G(&quot;transform&quot;)},q.csstransforms3d=function(){var a=!!G(&quot;perspective&quot;);return a&amp;&amp;&quot;webkitPerspective&quot;in g.style&amp;&amp;w(&quot;@media (transform-3d),(-webkit-transform-3d){#modernizr{left:9px;position:absolute;height:3px;}}&quot;,function(b,c){a=b.offsetLeft===9&amp;&amp;b.offsetHeight===3}),a},q.csstransitions=function(){return G(&quot;transition&quot;)};for(var H in q)z(q,H)&amp;&amp;(v=H.toLowerCase(),e[v]=q[H](),t.push((e[v]?&quot;&quot;:&quot;no-&quot;)+v));return e.addTest=function(a,b){if(typeof a==&quot;object&quot;)for(var d in a)z(a,d)&amp;&amp;e.addTest(d,a[d]);else{a=a.toLowerCase();if(e[a]!==c)return e;b=typeof b==&quot;function&quot;?b():b,typeof f!=&quot;undefined&quot;&amp;&amp;f&amp;&amp;(g.className+=&quot; &quot;+(b?&quot;&quot;:&quot;no-&quot;)+a),e[a]=b}return e},A(&quot;&quot;),i=k=null,function(a,b){function l(a,b){var c=a.createElement(&quot;p&quot;),d=a.getElementsByTagName(&quot;head&quot;)[0]||a.documentElement;return c.innerHTML=&quot;x&lt;style&gt;&quot;+b+&quot;&lt;/style&gt;&quot;,d.insertBefore(c.lastChild,d.firstChild)}function m(){var a=s.elements;return typeof a==&quot;string&quot;?a.split(&quot; &quot;):a}function n(a){var b=j[a[h]];return b||(b={},i++,a[h]=i,j[i]=b),b}function o(a,c,d){c||(c=b);if(k)return c.createElement(a);d||(d=n(c));var g;return d.cache[a]?g=d.cache[a].cloneNode():f.test(a)?g=(d.cache[a]=d.createElem(a)).cloneNode():g=d.createElem(a),g.canHaveChildren&amp;&amp;!e.test(a)&amp;&amp;!g.tagUrn?d.frag.appendChild(g):g}function p(a,c){a||(a=b);if(k)return a.createDocumentFragment();c=c||n(a);var d=c.frag.cloneNode(),e=0,f=m(),g=f.length;for(;e&lt;g;e++)d.createElement(f[e]);return d}function q(a,b){b.cache||(b.cache={},b.createElem=a.createElement,b.createFrag=a.createDocumentFragment,b.frag=b.createFrag()),a.createElement=function(c){return s.shivMethods?o(c,a,b):b.createElem(c)},a.createDocumentFragment=Function(&quot;h,f&quot;,&quot;return function(){var n=f.cloneNode(),c=n.createElement;h.shivMethods&amp;&amp;(&quot;+m().join().replace(/[\w\-]+/g,function(a){return b.createElem(a),b.frag.createElement(a),&apos;c(&quot;&apos;+a+&apos;&quot;)&apos;})+&quot;);return n}&quot;)(s,b.frag)}function r(a){a||(a=b);var c=n(a);return s.shivCSS&amp;&amp;!g&amp;&amp;!c.hasCSS&amp;&amp;(c.hasCSS=!!l(a,&quot;article,aside,dialog,figcaption,figure,footer,header,hgroup,main,nav,section{display:block}mark{background:#FF0;color:#000}template{display:none}&quot;)),k||q(a,c),a}var c=&quot;3.7.0&quot;,d=a.html5||{},e=/^&lt;|^(?:button|map|select|textarea|object|iframe|option|optgroup)$/i,f=/^(?:a|b|code|div|fieldset|h1|h2|h3|h4|h5|h6|i|label|li|ol|p|q|span|strong|style|table|tbody|td|th|tr|ul)$/i,g,h=&quot;_html5shiv&quot;,i=0,j={},k;(function(){try{var a=b.createElement(&quot;a&quot;);a.innerHTML=&quot;&lt;xyz&gt;&lt;/xyz&gt;&quot;,g=&quot;hidden&quot;in a,k=a.childNodes.length==1||function(){b.createElement(&quot;a&quot;);var a=b.createDocumentFragment();return typeof a.cloneNode==&quot;undefined&quot;||typeof a.createDocumentFragment==&quot;undefined&quot;||typeof a.createElement==&quot;undefined&quot;}()}catch(c){g=!0,k=!0}})();var s={elements:d.elements||&quot;abbr article aside audio bdi canvas data datalist details dialog figcaption figure footer header hgroup main mark meter nav output progress section summary template time video&quot;,version:c,shivCSS:d.shivCSS!==!1,supportsUnknownElements:k,shivMethods:d.shivMethods!==!1,type:&quot;default&quot;,shivDocument:r,createElement:o,createDocumentFragment:p};a.html5=s,r(b)}(this,b),e._version=d,e._prefixes=m,e._domPrefixes=p,e._cssomPrefixes=o,e.mq=x,e.testProp=function(a){return E([a])},e.testAllProps=G,e.testStyles=w,g.className=g.className.replace(/(^|\s)no-js(\s|$)/,&quot;$1$2&quot;)+(f?&quot; js &quot;+t.join(&quot; &quot;):&quot;&quot;),e}(this,this.document),function(a,b,c){function d(a){return&quot;[object Function]&quot;==o.call(a)}function e(a){return&quot;string&quot;==typeof a}function f(){}function g(a){return!a||&quot;loaded&quot;==a||&quot;complete&quot;==a||&quot;uninitialized&quot;==a}function h(){var a=p.shift();q=1,a?a.t?m(function(){(&quot;c&quot;==a.t?B.injectCss:B.injectJs)(a.s,0,a.a,a.x,a.e,1)},0):(a(),h()):q=0}function i(a,c,d,e,f,i,j){function k(b){if(!o&amp;&amp;g(l.readyState)&amp;&amp;(u.r=o=1,!q&amp;&amp;h(),l.onload=l.onreadystatechange=null,b)){&quot;img&quot;!=a&amp;&amp;m(function(){t.removeChild(l)},50);for(var d in y[c])y[c].hasOwnProperty(d)&amp;&amp;y[c][d].onload()}}var j=j||B.errorTimeout,l=b.createElement(a),o=0,r=0,u={t:d,s:c,e:f,a:i,x:j};1===y[c]&amp;&amp;(r=1,y[c]=[]),&quot;object&quot;==a?l.data=c:(l.src=c,l.type=a),l.width=l.height=&quot;0&quot;,l.onerror=l.onload=l.onreadystatechange=function(){k.call(this,r)},p.splice(e,0,u),&quot;img&quot;!=a&amp;&amp;(r||2===y[c]?(t.insertBefore(l,s?null:n),m(k,j)):y[c].push(l))}function j(a,b,c,d,f){return q=0,b=b||&quot;j&quot;,e(a)?i(&quot;c&quot;==b?v:u,a,b,this.i++,c,d,f):(p.splice(this.i++,0,a),1==p.length&amp;&amp;h()),this}function k(){var a=B;return a.loader={load:j,i:0},a}var l=b.documentElement,m=a.setTimeout,n=b.getElementsByTagName(&quot;script&quot;)[0],o={}.toString,p=[],q=0,r=&quot;MozAppearance&quot;in l.style,s=r&amp;&amp;!!b.createRange().compareNode,t=s?l:n.parentNode,l=a.opera&amp;&amp;&quot;[object Opera]&quot;==o.call(a.opera),l=!!b.attachEvent&amp;&amp;!l,u=r?&quot;object&quot;:l?&quot;script&quot;:&quot;img&quot;,v=l?&quot;script&quot;:u,w=Array.isArray||function(a){return&quot;[object Array]&quot;==o.call(a)},x=[],y={},z={timeout:function(a,b){return b.length&amp;&amp;(a.timeout=b[0]),a}},A,B;B=function(a){function b(a){var a=a.split(&quot;!&quot;),b=x.length,c=a.pop(),d=a.length,c={url:c,origUrl:c,prefixes:a},e,f,g;for(f=0;f&lt;d;f++)g=a[f].split(&quot;=&quot;),(e=z[g.shift()])&amp;&amp;(c=e(c,g));for(f=0;f&lt;b;f++)c=x[f](c);return c}function g(a,e,f,g,h){var i=b(a),j=i.autoCallback;i.url.split(&quot;.&quot;).pop().split(&quot;?&quot;).shift(),i.bypass||(e&amp;&amp;(e=d(e)?e:e[a]||e[g]||e[a.split(&quot;/&quot;).pop().split(&quot;?&quot;)[0]]),i.instead?i.instead(a,e,f,g,h):(y[i.url]?i.noexec=!0:y[i.url]=1,f.load(i.url,i.forceCSS||!i.forceJS&amp;&amp;&quot;css&quot;==i.url.split(&quot;.&quot;).pop().split(&quot;?&quot;).shift()?&quot;c&quot;:c,i.noexec,i.attrs,i.timeout),(d(e)||d(j))&amp;&amp;f.load(function(){k(),e&amp;&amp;e(i.origUrl,h,g),j&amp;&amp;j(i.origUrl,h,g),y[i.url]=2})))}function h(a,b){function c(a,c){if(a){if(e(a))c||(j=function(){var a=[].slice.call(arguments);k.apply(this,a),l()}),g(a,j,b,0,h);else if(Object(a)===a)for(n in m=function(){var b=0,c;for(c in a)a.hasOwnProperty(c)&amp;&amp;b++;return b}(),a)a.hasOwnProperty(n)&amp;&amp;(!c&amp;&amp;!--m&amp;&amp;(d(j)?j=function(){var a=[].slice.call(arguments);k.apply(this,a),l()}:j[n]=function(a){return function(){var b=[].slice.call(arguments);a&amp;&amp;a.apply(this,b),l()}}(k[n])),g(a[n],j,b,n,h))}else!c&amp;&amp;l()}var h=!!a.test,i=a.load||a.both,j=a.callback||f,k=j,l=a.complete||f,m,n;c(h?a.yep:a.nope,!!i),i&amp;&amp;c(i)}var i,j,l=this.yepnope.loader;if(e(a))g(a,0,l,0);else if(w(a))for(i=0;i&lt;a.length;i++)j=a[i],e(j)?g(j,0,l,0):w(j)?B(j):Object(j)===j&amp;&amp;h(j,l);else Object(a)===a&amp;&amp;h(a,l)},B.addPrefix=function(a,b){z[a]=b},B.addFilter=function(a){x.push(a)},B.errorTimeout=1e4,null==b.readyState&amp;&amp;b.addEventListener&amp;&amp;(b.readyState=&quot;loading&quot;,b.addEventListener(&quot;DOMContentLoaded&quot;,A=function(){b.removeEventListener(&quot;DOMContentLoaded&quot;,A,0),b.readyState=&quot;complete&quot;},0)),a.yepnope=k(),a.yepnope.executeStack=h,a.yepnope.injectJs=function(a,c,d,e,i,j){var k=b.createElement(&quot;script&quot;),l,o,e=e||B.errorTimeout;k.src=a;for(o in d)k.setAttribute(o,d[o]);c=j?h:c||f,k.onreadystatechange=k.onload=function(){!l&amp;&amp;g(k.readyState)&amp;&amp;(l=1,c(),k.onload=k.onreadystatechange=null)},m(function(){l||(l=1,c(1))},e),i?k.onload():n.parentNode.insertBefore(k,n)},a.yepnope.injectCss=function(a,c,d,e,g,i){var e=b.createElement(&quot;link&quot;),j,c=i?h:c||f;e.href=a,e.rel=&quot;stylesheet&quot;,e.type=&quot;text/css&quot;;for(j in d)e.setAttribute(j,d[j]);g||(n.parentNode.insertBefore(e,n),m(c,0))}}(this,document),Modernizr.load=function(){yepnope.apply(window,[].slice.call(arguments,0))},Modernizr.addTest(&quot;cssremunit&quot;,function(){var a=document.createElement(&quot;div&quot;);try{a.style.fontSize=&quot;3rem&quot;}catch(b){}return/rem/.test(a.style.fontSize)});&#10;&lt;/script&gt;&#10;&#10;&#10;&#10;&#10;&#10;&#10;&#10;	&lt;script type=&quot;text/javascript&quot; src=&quot;//use.typekit.net/dsb2ydi.js&quot;&gt;&lt;/script&gt;&#10;	&lt;style type=&quot;text/css&quot;&gt;.tk-museo-sans{font-family:&quot;museo-sans&quot;,sans-serif;}.tk-source-sans-pro{font-family:&quot;source-sans-pro&quot;,sans-serif;}.tk-work-sans{font-family:&quot;work-sans&quot;,sans-serif;}&lt;/style&gt;&lt;style type=&quot;text/css&quot;&gt;@font-face{font-family:source-sans-pro;src:url(https://use.typekit.net/af/61f808/00000000000000003b9b3d63/27/l?primer=7cdcb44be4a7db8877ffa5c0007b8dd865b3bbc383831fe2ea177f62257a9191&amp;fvd=n4&amp;v=3) format(&quot;woff2&quot;),url(https://use.typekit.net/af/61f808/00000000000000003b9b3d63/27/d?primer=7cdcb44be4a7db8877ffa5c0007b8dd865b3bbc383831fe2ea177f62257a9191&amp;fvd=n4&amp;v=3) format(&quot;woff&quot;),url(https://use.typekit.net/af/61f808/00000000000000003b9b3d63/27/a?primer=7cdcb44be4a7db8877ffa5c0007b8dd865b3bbc383831fe2ea177f62257a9191&amp;fvd=n4&amp;v=3) format(&quot;opentype&quot;);font-weight:400;font-style:normal;font-display:auto;}@font-face{font-family:source-sans-pro;src:url(https://use.typekit.net/af/422d60/00000000000000003b9b3d67/27/l?primer=7cdcb44be4a7db8877ffa5c0007b8dd865b3bbc383831fe2ea177f62257a9191&amp;fvd=n7&amp;v=3) format(&quot;woff2&quot;),url(https://use.typekit.net/af/422d60/00000000000000003b9b3d67/27/d?primer=7cdcb44be4a7db8877ffa5c0007b8dd865b3bbc383831fe2ea177f62257a9191&amp;fvd=n7&amp;v=3) format(&quot;woff&quot;),url(https://use.typekit.net/af/422d60/00000000000000003b9b3d67/27/a?primer=7cdcb44be4a7db8877ffa5c0007b8dd865b3bbc383831fe2ea177f62257a9191&amp;fvd=n7&amp;v=3) format(&quot;opentype&quot;);font-weight:700;font-style:normal;font-display:auto;}@font-face{font-family:source-sans-pro;src:url(https://use.typekit.net/af/9373a0/00000000000000003b9b3d68/27/l?primer=7cdcb44be4a7db8877ffa5c0007b8dd865b3bbc383831fe2ea177f62257a9191&amp;fvd=i7&amp;v=3) format(&quot;woff2&quot;),url(https://use.typekit.net/af/9373a0/00000000000000003b9b3d68/27/d?primer=7cdcb44be4a7db8877ffa5c0007b8dd865b3bbc383831fe2ea177f62257a9191&amp;fvd=i7&amp;v=3) format(&quot;woff&quot;),url(https://use.typekit.net/af/9373a0/00000000000000003b9b3d68/27/a?primer=7cdcb44be4a7db8877ffa5c0007b8dd865b3bbc383831fe2ea177f62257a9191&amp;fvd=i7&amp;v=3) format(&quot;opentype&quot;);font-weight:700;font-style:italic;font-display:auto;}@font-face{font-family:source-sans-pro;src:url(https://use.typekit.net/af/ffb1e2/00000000000000003b9b3d64/27/l?primer=7cdcb44be4a7db8877ffa5c0007b8dd865b3bbc383831fe2ea177f62257a9191&amp;fvd=i4&amp;v=3) format(&quot;woff2&quot;),url(https://use.typekit.net/af/ffb1e2/00000000000000003b9b3d64/27/d?primer=7cdcb44be4a7db8877ffa5c0007b8dd865b3bbc383831fe2ea177f62257a9191&amp;fvd=i4&amp;v=3) format(&quot;woff&quot;),url(https://use.typekit.net/af/ffb1e2/00000000000000003b9b3d64/27/a?primer=7cdcb44be4a7db8877ffa5c0007b8dd865b3bbc383831fe2ea177f62257a9191&amp;fvd=i4&amp;v=3) format(&quot;opentype&quot;);font-weight:400;font-style:italic;font-display:auto;}@font-face{font-family:source-sans-pro;src:url(https://use.typekit.net/af/b6c887/00000000000000003b9b3d61/27/l?primer=7cdcb44be4a7db8877ffa5c0007b8dd865b3bbc383831fe2ea177f62257a9191&amp;fvd=n3&amp;v=3) format(&quot;woff2&quot;),url(https://use.typekit.net/af/b6c887/00000000000000003b9b3d61/27/d?primer=7cdcb44be4a7db8877ffa5c0007b8dd865b3bbc383831fe2ea177f62257a9191&amp;fvd=n3&amp;v=3) format(&quot;woff&quot;),url(https://use.typekit.net/af/b6c887/00000000000000003b9b3d61/27/a?primer=7cdcb44be4a7db8877ffa5c0007b8dd865b3bbc383831fe2ea177f62257a9191&amp;fvd=n3&amp;v=3) format(&quot;opentype&quot;);font-weight:300;font-style:normal;font-display:auto;}@font-face{font-family:work-sans;src:url(https://use.typekit.net/af/d53556/00000000000000003b9b139f/27/l?primer=7cdcb44be4a7db8877ffa5c0007b8dd865b3bbc383831fe2ea177f62257a9191&amp;fvd=n3&amp;v=3) format(&quot;woff2&quot;),url(https://use.typekit.net/af/d53556/00000000000000003b9b139f/27/d?primer=7cdcb44be4a7db8877ffa5c0007b8dd865b3bbc383831fe2ea177f62257a9191&amp;fvd=n3&amp;v=3) format(&quot;woff&quot;),url(https://use.typekit.net/af/d53556/00000000000000003b9b139f/27/a?primer=7cdcb44be4a7db8877ffa5c0007b8dd865b3bbc383831fe2ea177f62257a9191&amp;fvd=n3&amp;v=3) format(&quot;opentype&quot;);font-weight:300;font-style:normal;font-display:auto;}@font-face{font-family:work-sans;src:url(https://use.typekit.net/af/0f7d9c/00000000000000003b9b13a0/27/l?primer=7cdcb44be4a7db8877ffa5c0007b8dd865b3bbc383831fe2ea177f62257a9191&amp;fvd=n4&amp;v=3) format(&quot;woff2&quot;),url(https://use.typekit.net/af/0f7d9c/00000000000000003b9b13a0/27/d?primer=7cdcb44be4a7db8877ffa5c0007b8dd865b3bbc383831fe2ea177f62257a9191&amp;fvd=n4&amp;v=3) format(&quot;woff&quot;),url(https://use.typekit.net/af/0f7d9c/00000000000000003b9b13a0/27/a?primer=7cdcb44be4a7db8877ffa5c0007b8dd865b3bbc383831fe2ea177f62257a9191&amp;fvd=n4&amp;v=3) format(&quot;opentype&quot;);font-weight:400;font-style:normal;font-display:auto;}@font-face{font-family:work-sans;src:url(https://use.typekit.net/af/b13a2b/00000000000000003b9b13a3/27/l?primer=7cdcb44be4a7db8877ffa5c0007b8dd865b3bbc383831fe2ea177f62257a9191&amp;fvd=n7&amp;v=3) format(&quot;woff2&quot;),url(https://use.typekit.net/af/b13a2b/00000000000000003b9b13a3/27/d?primer=7cdcb44be4a7db8877ffa5c0007b8dd865b3bbc383831fe2ea177f62257a9191&amp;fvd=n7&amp;v=3) format(&quot;woff&quot;),url(https://use.typekit.net/af/b13a2b/00000000000000003b9b13a3/27/a?primer=7cdcb44be4a7db8877ffa5c0007b8dd865b3bbc383831fe2ea177f62257a9191&amp;fvd=n7&amp;v=3) format(&quot;opentype&quot;);font-weight:700;font-style:normal;font-display:auto;}&lt;/style&gt;&lt;script type=&quot;text/javascript&quot;&gt;&#10;		try {&#10;			Typekit.load();&#10;		} catch (e) {}&#10;	&lt;/script&gt;&#10;&#10;&#10;&lt;link rel=&quot;icon&quot; type=&quot;image/x-icon&quot; href=&quot;https://www.creditrepair.com/images/favicon.ico&quot;&gt;&#10;&#10;&#10;	&lt;link rel=&quot;canonical&quot; href=&quot;https://www.creditrepair.com/&quot;&gt;&#10;&#10;&#10;&#10;	&#10;		&lt;link rel=&quot;stylesheet&quot; href=&quot;/content/dam/credit-repair/common/css/normalize.css&quot; type=&quot;text/css&quot;&gt;&#10;	&#10;&#10;	&#10;		&lt;link rel=&quot;stylesheet&quot; href=&quot;/content/dam/credit-repair/common/css/site.css&quot; type=&quot;text/css&quot;&gt;&#10;	&#10;&#10;	&#10;		&lt;link rel=&quot;stylesheet&quot; href=&quot;/content/dam/credit-repair/common/css/index.css&quot; type=&quot;text/css&quot;&gt;&#10;	&#10;&#10;	&#10;		&lt;link rel=&quot;stylesheet&quot; href=&quot;/content/dam/credit-repair/common/css/nouislider.min.css&quot; type=&quot;text/css&quot;&gt;&#10;	&#10;&#10;	&#10;		&lt;link rel=&quot;stylesheet&quot; href=&quot;/content/dam/credit-repair/home/css/how-it-works.css&quot; type=&quot;text/css&quot;&gt;&#10;	&#10;&#10;	&#10;		&lt;link rel=&quot;stylesheet&quot; href=&quot;/content/dam/credit-repair/home/css/new-hero.css&quot; type=&quot;text/css&quot;&gt;&#10;	&#10;&#10;	&#10;		&lt;link rel=&quot;stylesheet&quot; href=&quot;/content/dam/credit-repair/home/css/hard-work.css&quot; type=&quot;text/css&quot;&gt;&#10;	&#10;&#10;&#10;&#10;&#10;&#10;&#10;&#10;&#10;&#10;&#10;&#10;&#10;&lt;title&gt;Credit Repair Services - CreditRepair.com&lt;/title&gt;&#10;&#10;  &lt;!--Lazy Load Images--&gt;&#10;&#10;  &lt;!-- Checks if foreach function exists --&gt;&#10;  &lt;script&gt;&#10;    if (typeof Array.prototype.forEach != &apos;function&apos;) {&#10;      Array.prototype.forEach = function (callback) {&#10;          for (var i = 0; i &lt; this.length; i++) {&#10;              callback.apply(this, [this[i], i, this]);&#10;          }&#10;      };&#10;    }&#10;&#10;    if (window.NodeList &amp;&amp; !NodeList.prototype.forEach) {&#10;        NodeList.prototype.forEach = Array.prototype.forEach;&#10;    }&#10;  &lt;/script&gt;&lt;script src=&quot;https://assets.adobedtm.com/extensions/EP5e9ec493dfa0465eaa797b523b09d3f7/AppMeasurement.min.js&quot; async=&quot;&quot;&gt;&lt;/script&gt;&lt;style id=&quot;at-makers-style&quot; class=&quot;at-flicker-control&quot;&gt;&#10;.mboxDefault {visibility: hidden;}&#10;&lt;/style&gt;&#10;&#10;  &lt;!-- LazyLoad Script --&gt;&#10;  &lt;script&gt;&#10;  document.addEventListener(&quot;DOMContentLoaded&quot;,function(){var lazyloadImages;if(&quot;IntersectionObserver&quot; in window){lazyloadImages=document.querySelectorAll(&quot;.lazy-loader&quot;);var imageObserver=new IntersectionObserver(function(entries,observer){entries.forEach(function(entry){if(entry.isIntersecting){var image=entry.target;image.src=image.dataset.src;image.classList.remove(&quot;lazy-loader&quot;);imageObserver.unobserve(image)}})});lazyloadImages.forEach(function(image){imageObserver.observe(image)})}else{var lazyloadThrottleTimeout;lazyloadImages=document.querySelectorAll(&quot;.lazy-loader&quot;);function lazyload(){if(lazyloadThrottleTimeout){clearTimeout(lazyloadThrottleTimeout)}&#10;  lazyloadThrottleTimeout=setTimeout(function(){var scrollTop=window.pageYOffset;lazyloadImages.forEach(function(img){if(img.offsetTop&lt;(window.innerHeight+scrollTop)){img.src=img.dataset.src;img.classList.remove(&apos;lazy-loader&apos;)}});if(lazyloadImages.length==0){document.removeEventListener(&quot;scroll&quot;,lazyload);window.removeEventListener(&quot;resize&quot;,lazyload);window.removeEventListener(&quot;orientationChange&quot;,lazyload)}},20)}&#10;  document.addEventListener(&quot;scroll&quot;,lazyload);window.addEventListener(&quot;resize&quot;,lazyload);window.addEventListener(&quot;orientationChange&quot;,lazyload)}})&#10;  &lt;/script&gt;&#10;&lt;script src=&quot;https://googleads.g.doubleclick.net/pagead/viewthroughconversion/995332405/?random=1602548686385&amp;amp;cv=9&amp;amp;fst=1602548686385&amp;amp;num=1&amp;amp;bg=ffffff&amp;amp;guid=ON&amp;amp;resp=GooglemKTybQhCsO&amp;amp;u_h=1050&amp;amp;u_w=1680&amp;amp;u_ah=1027&amp;amp;u_aw=1680&amp;amp;u_cd=30&amp;amp;u_his=2&amp;amp;u_tz=-360&amp;amp;u_java=false&amp;amp;u_nplug=0&amp;amp;u_nmime=0&amp;amp;gtm=2oa9u1&amp;amp;sendb=1&amp;amp;ig=1&amp;amp;data=event%3Dgtag.config&amp;amp;frm=0&amp;amp;url=https%3A%2F%2Fwww.creditrepair.com%2F&amp;amp;tiba=Credit%20Repair%20Services%20-%20CreditRepair.com&amp;amp;hn=www.googleadservices.com&amp;amp;async=1&amp;amp;rfmt=3&amp;amp;fmt=4&quot;&gt;&lt;/script&gt;&lt;script src=&quot;https://googleads.g.doubleclick.net/pagead/viewthroughconversion/1053751751/?random=1602548686397&amp;amp;cv=9&amp;amp;fst=1602548686397&amp;amp;num=1&amp;amp;bg=ffffff&amp;amp;guid=ON&amp;amp;resp=GooglemKTybQhCsO&amp;amp;u_h=1050&amp;amp;u_w=1680&amp;amp;u_ah=1027&amp;amp;u_aw=1680&amp;amp;u_cd=30&amp;amp;u_his=2&amp;amp;u_tz=-360&amp;amp;u_java=false&amp;amp;u_nplug=0&amp;amp;u_nmime=0&amp;amp;gtm=2oa9u1&amp;amp;sendb=1&amp;amp;ig=1&amp;amp;data=event%3Dgtag.config&amp;amp;frm=0&amp;amp;url=https%3A%2F%2Fwww.creditrepair.com%2F&amp;amp;tiba=Credit%20Repair%20Services%20-%20CreditRepair.com&amp;amp;hn=www.googleadservices.com&amp;amp;async=1&amp;amp;rfmt=3&amp;amp;fmt=4&quot;&gt;&lt;/script&gt;&lt;script src=&quot;https://googleads.g.doubleclick.net/pagead/viewthroughconversion/939232542/?random=1602548686398&amp;amp;cv=9&amp;amp;fst=1602548686398&amp;amp;num=1&amp;amp;bg=ffffff&amp;amp;guid=ON&amp;amp;resp=GooglemKTybQhCsO&amp;amp;u_h=1050&amp;amp;u_w=1680&amp;amp;u_ah=1027&amp;amp;u_aw=1680&amp;amp;u_cd=30&amp;amp;u_his=2&amp;amp;u_tz=-360&amp;amp;u_java=false&amp;amp;u_nplug=0&amp;amp;u_nmime=0&amp;amp;gtm=2oa9u1&amp;amp;sendb=1&amp;amp;ig=1&amp;amp;data=event%3Dgtag.config&amp;amp;frm=0&amp;amp;url=https%3A%2F%2Fwww.creditrepair.com%2F&amp;amp;tiba=Credit%20Repair%20Services%20-%20CreditRepair.com&amp;amp;hn=www.googleadservices.com&amp;amp;async=1&amp;amp;rfmt=3&amp;amp;fmt=4&quot;&gt;&lt;/script&gt;&lt;script src=&quot;https://googleads.g.doubleclick.net/pagead/viewthroughconversion/1070835421/?random=1602548686413&amp;amp;cv=9&amp;amp;fst=1602548686413&amp;amp;num=1&amp;amp;bg=ffffff&amp;amp;guid=ON&amp;amp;resp=GooglemKTybQhCsO&amp;amp;eid=376635470&amp;amp;u_h=1050&amp;amp;u_w=1680&amp;amp;u_ah=1027&amp;amp;u_aw=1680&amp;amp;u_cd=30&amp;amp;u_his=2&amp;amp;u_tz=-360&amp;amp;u_java=false&amp;amp;u_nplug=0&amp;amp;u_nmime=0&amp;amp;gtm=2oa9u1&amp;amp;sendb=1&amp;amp;ig=1&amp;amp;data=event%3Dgtag.config&amp;amp;frm=0&amp;amp;url=https%3A%2F%2Fwww.creditrepair.com%2F&amp;amp;tiba=Credit%20Repair%20Services%20-%20CreditRepair.com&amp;amp;hn=www.googleadservices.com&amp;amp;async=1&amp;amp;rfmt=3&amp;amp;fmt=4&quot;&gt;&lt;/script&gt;&lt;script&gt;&#10;if(window.navigator.userAgent.indexOf(&quot;Firefox/54&quot;) !== -1){&#10;    window.location.replace(&quot;https://www.creditrepair.com/signup/errors&quot;);&#10;}&#10;&lt;/script&gt;&lt;script type=&quot;text/javascript&quot;&gt;window.ttMETA=(typeof(window.ttMETA)!=&apos;undefined&apos;)?window.ttMETA:[];window.ttMETA.push({&apos;mbox&apos;:&apos;target-global-mbox&apos;,&apos;campaign&apos;:&apos;CR - Firefox Mozilla 54&apos;,&apos;experience&apos;:&apos;Experience A&apos;,&apos;offer&apos;:&apos;\/cr_-_firefox_mozilla54\/experiences\/0\/pages\/0\/zones\/0\/1579814183319&apos;});window.ttMBX=function(x){var mbxList=[];for(i=0;i&lt;ttMETA.length;i++){if(ttMETA[i].mbox==x.getName()){mbxList.push(ttMETA[i])}}return mbxList[x.getId()]};&lt;/script&gt;&lt;script src=&quot;https://assets.adobedtm.com/86ff4ffaf311/91fa59baa986/df5783653241/RCb3df349f9f3848c69ba96abca2e5c384-source.min.js&quot; async=&quot;&quot;&gt;&lt;/script&gt;&lt;script async=&quot;&quot; src=&quot;https://static.hotjar.com/c/hotjar-1051427.js?sv=6&quot;&gt;&lt;/script&gt;&lt;script type=&quot;text/javascript&quot; src=&quot;//solutions.invocacdn.com/js/networks/929/2814517279/tag-live.js&quot;&gt;&lt;/script&gt;&lt;script src=&quot;https://assets.adobedtm.com/86ff4ffaf311/91fa59baa986/df5783653241/RC8611781eab49420db98eb4c02654e909-source.min.js&quot; async=&quot;&quot;&gt;&lt;/script&gt;&lt;script type=&quot;text/javascript&quot; src=&quot;https://pnapi.invoca.net/1/api/2014-09-01/map_number.jsonp?network_id=929&amp;amp;js_version=4.8.0&amp;amp;tag_id=929%2F2814517279&amp;amp;request_data_shared_params=%7B%22aid%22%3A%2210004%22%2C%22current_page%22%3A%22CR%3Aindex%22%2C%22entry_page%22%3A%22CR%3Aindex%22%2C%22manager%22%3A%22Brand%20-%20Direct%20Entry%22%2C%22page_journey%22%3A%22CR%3Aindex%22%2C%22phone_number%22%3A%22855-255-0263%22%2C%22tid%22%3A%2210004.0.1%22%2C%22user_agent%22%3A%22Mozilla%2F5.0%20(Macintosh%3B%20Intel%20Mac%20OS%20X%2010_15_7)%20AppleWebKit%2F537.36%20(KHTML%2C%20like%20Gecko)%20HeadlessChrome%2F86.0.4240.75%20Safari%2F537.36%22%2C%22uuid%22%3A%22160254867329864%22%2C%22visitor_id%22%3A%2225041542728289709552693128306313818646%22%2C%22mcid%22%3A%2225041542728289709552693128306313818646%22%2C%22utm_medium%22%3A%22direct%22%2C%22utm_source%22%3A%22direct%22%2C%22currentPage%22%3A%22https%3A%2F%2Fwww.creditrepair.com%2F%22%2C%22clickid%22%3Anull%2C%22conaffid%22%3Anull%2C%22criteoId%22%3Anull%2C%22cr_phone_number_aid%22%3Anull%2C%22cr_phone_number_manager%22%3Anull%2C%22cr_phone_number_tid%22%3Anull%2C%22dcmid%22%3Anull%2C%22DC_ID%22%3Anull%2C%22gclid%22%3Anull%2C%22ip_address%22%3Anull%2C%22msclkid%22%3Anull%2C%22phone_number_aid%22%3Anull%2C%22phone_number_manager%22%3Anull%2C%22phone_number_tid%22%3Anull%2C%22referrer%22%3Anull%2C%22utm_campaign%22%3Anull%2C%22utm_term%22%3Anull%2C%22invoca_id%22%3A%22i-5d8172a6-46ed-49a9-9c26-6ad648435fb5%22%7D&amp;amp;client_messages=%7B%7D&amp;amp;client_info=%7B%22url%22%3A%22https%3A%2F%2Fwww.creditrepair.com%2F%22%2C%22referrer%22%3A%22%22%2C%22cores%22%3A12%2C%22platform%22%3A%22MacIntel%22%2C%22screenWidth%22%3A1680%2C%22screenHeight%22%3A1050%2C%22language%22%3A%22en-US%22%7D&amp;amp;request_data=%5B%7B%22request_id%22%3A%22CreditRepair%22%2C%22advertiser_campaign_id_from_network%22%3A%22CreditRepair%22%7D%5D&amp;amp;destination_settings=%7B%22paramName%22%3Anull%7D&amp;amp;jsoncallback=json_rr1&amp;amp;&quot;&gt;&lt;/script&gt;&lt;script src=&quot;https://assets.adobedtm.com/86ff4ffaf311/91fa59baa986/df5783653241/RCcbdb608547f1477c866627c211240a6b-source.min.js&quot; async=&quot;&quot;&gt;&lt;/script&gt;&lt;script src=&quot;https://assets.adobedtm.com/86ff4ffaf311/91fa59baa986/df5783653241/RC4578e06347cb42b3909d0ee0992a78fa-source.min.js&quot; async=&quot;&quot;&gt;&lt;/script&gt;&lt;script src=&quot;https://assets.adobedtm.com/86ff4ffaf311/91fa59baa986/df5783653241/RC79b3ddbf0bb74289be07911486c9739c-source.min.js&quot; async=&quot;&quot;&gt;&lt;/script&gt;&lt;script src=&quot;https://assets.adobedtm.com/86ff4ffaf311/91fa59baa986/df5783653241/RCbacdaf62e88c492c9a39d0fc6e3c395a-source.min.js&quot; async=&quot;&quot;&gt;&lt;/script&gt;&lt;script src=&quot;https://assets.adobedtm.com/86ff4ffaf311/91fa59baa986/df5783653241/RCda9a817cddaa47f0b3dc9e845842e592-source.min.js&quot; async=&quot;&quot;&gt;&lt;/script&gt;&lt;script src=&quot;https://assets.adobedtm.com/86ff4ffaf311/91fa59baa986/df5783653241/RC92e7ee8604c84cb09f8c77f2e6eddd31-source.min.js&quot; async=&quot;&quot;&gt;&lt;/script&gt;&lt;script src=&quot;https://assets.adobedtm.com/86ff4ffaf311/91fa59baa986/df5783653241/RCf8ab8bb090e84638bc13ea956ae6a58a-source.min.js&quot; async=&quot;&quot;&gt;&lt;/script&gt;&lt;script src=&quot;https://assets.adobedtm.com/86ff4ffaf311/91fa59baa986/df5783653241/RC38216e65adbc4cbcbff6b23709853742-source.min.js&quot; async=&quot;&quot;&gt;&lt;/script&gt;&lt;script src=&quot;https://assets.adobedtm.com/86ff4ffaf311/91fa59baa986/df5783653241/RCb7eb3dc342c8479ea72c299f49900c48-source.min.js&quot; async=&quot;&quot;&gt;&lt;/script&gt;&lt;/head&gt;&#10;    &lt;body&gt;&#10;&#10;    &lt;script type=&quot;application/ld+json&quot;&gt;&#10;{&#10;  &quot;@context&quot;: &quot;https://schema.org&quot;,&#10;  &quot;@type&quot;: &quot;corporation&quot;,&#10;  &quot;name&quot;: &quot;CreditRepair.com&quot;,&#10;  &quot;legalName&quot;: &quot;CreditRepair.com&quot;,&#10;  &quot;url&quot;: &quot;https://www.creditrepair.com/&quot;,&#10;  &quot;description&quot;: &quot;CreditRepair.com empowers every individual to achieve the credit scores they deserve and enjoy a lifestyle of greater opportunity. We are beyond one-time credit repair; we are dedicated to helping you develop a healthier relationship with your credit.&quot;,&#10;  &quot;logo&quot;: &quot;https://www.creditrepair.com/images/credit-repair-logo.png&quot;,&#10;  &quot;sameAs&quot;: [&#10;    &quot;https://www.facebook.com/creditrepaircom&quot;,&#10;    &quot;https://twitter.com/creditrepair&quot;,&#10;    &quot;https://instagram.com/creditrepair.com&quot;,&#10;    &quot;http://www.youtube.com/CreditRepair&quot;,&#10;    &quot;https://www.linkedin.com/company/creditrepair-com&quot;,&#10;    &quot;https://www.youtube.com/channel/UC310gltUBa0VTGzZ-HdPyDw&quot;,&#10;    &quot;https://www.consumeraffairs.com/finance/creditrepaircom.html&quot;,&#10;    &quot;https://bestcompany.com/credit-repair/company/credit-repair-com&quot;],&#10;  &quot;foundingDate&quot;: &quot;1997&quot;,&#10;  &quot;contactPoint&quot; :  [{ &quot;@type&quot;: &quot;ContactPoint&quot;,&#10;    &quot;telephone&quot;: &quot;+1-833-813-1000&quot;,&#10;    &quot;contactType&quot;: &quot;customer service&quot;,&#10;    &quot;contactOption&quot;: &quot;TollFree&quot;,&#10;    &quot;areaServed&quot;: &quot;US&quot;&#10;  }&#10;  ],&#10;  &quot;location&quot;: {&#10;  &quot;@type&quot;: &quot;Place&quot;,&#10;    &quot;address&quot;: {&#10;      &quot;@type&quot;: &quot;PostalAddress&quot;,&#10;      &quot;addressLocality&quot;: &quot;West Valley City&quot;,&#10;      &quot;addressRegion&quot;: &quot;UT&quot;,&#10;      &quot;postalCode&quot;: &quot;84119&quot;,&#10;      &quot;streetAddress&quot;: &quot;2875 S Decker Lake Dr&quot;,&#10;      &quot;addressCountry&quot;:&quot;USA&quot;},&#10;  &quot;hasMap&quot;: &quot;https://maps.google.com/maps?cid=3673121874415033650&quot;&#10;}}  &#10;&lt;/script&gt;&#10;&#10;&lt;div class=&quot;content&quot;&gt;&#10;    &lt;div class=&quot;main&quot;&gt;&#10;        &#10;&#10;&#10;&lt;div class=&quot;aem-Grid aem-Grid--12 aem-Grid--default--12 &quot;&gt;&#10;    &#10;    &#10;    &#10;&lt;/div&gt;&#10;&#10;        &#10;&#10;&#10;&lt;div class=&quot;aem-Grid aem-Grid--12 aem-Grid--default--12 &quot;&gt;&#10;    &#10;    &lt;div class=&quot;htmlreference parbase aem-GridColumn aem-GridColumn--default--12&quot;&gt;&#10;    &lt;div id=&quot;header_wrapper&quot;&gt;&#10;	&lt;div class=&quot;container&quot;&gt;&#10;		&lt;a href=&quot;https://www.creditrepair.com&quot;&gt;&lt;img id=&quot;credit_repair_logo&quot; src=&quot;https://www.creditrepair.com/images/credit-repair-logo-416x66.png&quot; alt=&quot;CreditRepair.com&quot;&gt;&lt;/a&gt;&#10;		&lt;ul id=&quot;top_nav&quot;&gt;&#10;			&lt;li class=&quot;top_nav_member_login_wrapper&quot;&gt;&lt;a class=&quot;top_nav_member_login&quot; href=&quot;http://members.creditrepair.com&quot;&gt;Log In&lt;span class=&quot;top_nav_login_icon&quot;&gt;&lt;/span&gt;&lt;/a&gt;&lt;/li&gt;&#10;			&lt;li class=&quot;top_nav_sign_up_wrapper&quot;&gt;&lt;a class=&quot;top_nav_sign_up&quot; href=&quot;https://www.creditrepair.com/signup&quot;&gt;Sign Up Now&lt;/a&gt;&lt;/li&gt;&#10;		&lt;/ul&gt;&#10;		&lt;div id=&quot;mobile_nav_toggle&quot; class=&quot;&quot;&gt;Menu&lt;/div&gt;&#10;		&lt;ul id=&quot;navigation&quot; class=&quot;&quot;&gt;&#10;			&lt;li&gt;&lt;a href=&quot;https://www.creditrepair.com/fix-my-credit&quot;&gt;Fix My Credit&lt;/a&gt;&lt;/li&gt;&#10;			&lt;li&gt;&lt;a href=&quot;https://www.creditrepair.com/credit-education&quot;&gt;Credit Education&lt;/a&gt;&lt;/li&gt;&#10;			&lt;li&gt;&lt;a href=&quot;https://www.creditrepair.com/about-us&quot;&gt;About Us&lt;/a&gt;&lt;/li&gt;&#10;			&lt;li class=&quot;navigation_login_wrap&quot;&gt;&lt;a class=&quot;navigation_login_btn&quot; href=&quot;http://members.creditrepair.com&quot;&gt;Log&#10;					In&lt;span class=&quot;navigation_login_icon&quot;&gt;&lt;/span&gt;&lt;/a&gt;&lt;/li&gt;&#10;			&lt;li class=&quot;navigation_signup_wrap&quot;&gt;&lt;a class=&quot;navigation_signup_btn&quot; href=&quot;https://www.creditrepair.com/credit-snapshot/pi&quot;&gt;Sign Up Now&lt;/a&gt;&lt;/li&gt;&#10;		&lt;/ul&gt;&#10;	&lt;/div&gt;&#10;	&lt;section class=&quot;mobile_login_bar active&quot;&gt;&#10;		&lt;div class=&quot;hub-link&quot;&gt;&lt;a href=&quot;https://www.creditrepair.com/fix-my-credit&quot;&gt;Fix My Credit&lt;/a&gt;&lt;/div&gt;&#10;		&lt;div class=&quot;hub-link&quot;&gt;&lt;a href=&quot;https://www.creditrepair.com/credit-education&quot;&gt;Credit Education&lt;/a&gt;&lt;/div&gt;&#10;		&lt;div class=&quot;hub-link&quot;&gt;&lt;a href=&quot;https://www.creditrepair.com/about-us&quot;&gt;About Us&lt;/a&gt;&lt;/div&gt;&#10;&#10;		&lt;div class=&quot;bar-login&quot;&gt;&lt;a href=&quot;http://members.creditrepair.com&quot;&gt;Login&lt;/a&gt;&lt;/div&gt;&#10;	&lt;/section&gt;&#10;&lt;/div&gt;&#10;&#10;&lt;script&gt;&#10;	// CR Mobile Bar Functionality&#10;	$(window).scroll(function () {&#10;		100 &lt; $(window).scrollTop() ? $(&#10;			&quot;.mobile_login_bar&quot;&#10;		).addClass(&quot;active&quot;) : $(&#10;			&quot;.mobile_login_bar&quot;&#10;		).removeClass(&quot;active&quot;)&#10;	});&#10;&lt;/script&gt;&#10;&#10;&lt;/div&gt;&#10;&lt;div class=&quot;htmlreference parbase aem-GridColumn aem-GridColumn--default--12&quot;&gt;&#10;    &lt;div id=&quot;page_pop_background&quot;&gt;&lt;/div&gt;&#10;&lt;!-------------------------- CR Home Hero ----------------------------&gt;&#10;&lt;div class=&quot;cr-hero-main&quot;&gt;&#10;    &lt;div class=&quot;hero-boundaries&quot;&gt;&#10;        &lt;div class=&quot;hero-container&quot;&gt;&#10;&#10;            &lt;p class=&quot;heading&quot;&gt;&lt;span class=&quot;heading-bold&quot;&gt;They say&lt;/span&gt;bad credit is forever &lt;span class=&quot;heading-bold&quot;&gt;We say&lt;/span&gt;You can fix it&lt;/p&gt;&#10;&#10;            &lt;div class=&quot;hero-btn-container&quot;&gt;&#10;                &lt;div class=&quot;button-wrapper&quot;&gt;&#10;                    &lt;p class=&quot;sub-header&quot;&gt;Check your credit for FREE&lt;/p&gt;&#10;                    &lt;a class=&quot;call_btn&quot; href=&quot;/credit-snapshot/pi&quot; data-unique=&quot;phone-hero&quot;&gt;Get Started&lt;/a&gt;&#10;                    &lt;a class=&quot;signup-online&quot; data-unique=&quot;signup-hero&quot; href=&quot;/signup&quot;&gt;or sign up online »&lt;/a&gt;&#10;                &lt;/div&gt;&#10;            &lt;/div&gt;&#10;        &lt;/div&gt;&#10;&#10;        &lt;div class=&quot;hero-img&quot;&gt;&lt;/div&gt;&#10;&#10;        &lt;div class=&quot;button-wrapper-mobile&quot;&gt;&#10;            &lt;div class=&quot;button-wrapper&quot;&gt;&#10;                &lt;p class=&quot;sub-header&quot;&gt;It’s time you tried credit repair.&lt;/p&gt;&#10;                &lt;a class=&quot;call_btn&quot; href=&quot;/credit-snapshot/pi&quot; data-unique=&quot;phone-hero&quot;&gt;Get Started&lt;/a&gt;&#10;                &lt;a class=&quot;signup-online&quot; data-unique=&quot;signup-hero&quot; href=&quot;/signup&quot;&gt;or sign up online »&lt;/a&gt;&#10;            &lt;/div&gt;&#10;        &lt;/div&gt;&#10;    &lt;/div&gt;&#10;&lt;/div&gt;&#10;&#10;&lt;div class=&quot;modal&quot; style=&quot;display: none;&quot;&gt;&lt;/div&gt;&#10;&lt;div id=&quot;cr-modal&quot; style=&quot;display: none;&quot;&gt;&#10;    &lt;div class=&quot;modal-container&quot;&gt;&#10;        &lt;div class=&quot;modal-heading&quot;&gt;&#10;            &lt;span class=&quot;closeBtn&quot;&gt;✕&lt;/span&gt;&#10;            &lt;h1 class=&quot;modal-image&quot;&gt;&lt;/h1&gt;&#10;            &lt;h2&gt;You can improve your credit score.&lt;/h2&gt;&#10;        &lt;/div&gt;&#10;        &lt;div class=&quot;modal-content&quot;&gt;&#10;            &lt;p class=&quot;call-now-heading&quot;&gt;&lt;span&gt;－－－&lt;/span&gt; Get your FREE&#10;                &lt;span&gt;－－－&lt;/span&gt;&#10;            &lt;/p&gt;&#10;            &lt;ul class=&quot;credit-list&quot;&gt;&#10;                &lt;li&gt;Personalized credit consultation&lt;/li&gt;&#10;                &lt;li class=&quot;credit-rep&quot;&gt;Credit report summary&lt;/li&gt;&#10;                &lt;li&gt;Score evaluation &amp;amp; game plan&lt;/li&gt;&#10;            &lt;/ul&gt;&#10;            &lt;div class=&quot;modal-buttons&quot;&gt;&#10;                &lt;a class=&quot;call-now-btn&quot; href=&quot;/credit-snapshot/pi&quot; data-unique=&quot;phone-modal&quot;&gt;Get Started&lt;/a&gt;&#10;                &lt;a class=&quot;sign-up&quot; href=&quot;/signup&quot; data-unique=&quot;signup-modal&quot;&gt;or sign up online »&lt;/a&gt;&#10;            &lt;/div&gt;&#10;        &lt;/div&gt;&#10;    &lt;/div&gt;&#10;&lt;/div&gt;&#10;&lt;!-------------------------- End CR Home Hero ----------------------------&gt;&#10;&#10;&lt;/div&gt;&#10;&lt;div class=&quot;htmlreference parbase aem-GridColumn aem-GridColumn--default--12&quot;&gt;&#10;    &lt;style&gt;&#10;&#10;signup-v2 a{text-decoration:none;color:#007cba}&#10;button.submit-info,a.sign-up-button,a.modal-button{margin:0 auto;font-size:16px;color:#fff;background-color:#ff9807;border-width:0;border-radius:5px;cursor:pointer;position:relative;font-family:source-sans-pro,sans-serif;font-weight:400;text-decoration:none;text-transform:uppercase;letter-spacing:1px;padding:15px 25px;display:inline-block;text-align:center;line-height:normal;max-width:275px;min-width:60px}&#10;button.submit-info:before,a.sign-up-button:before,a.modal-button:before{content:&quot;&quot;;position:absolute;width:calc(100% - 45px);height:2px;bottom:10px;left:21px;background-color:#fff;visibility:hidden;-webkit-transform:scaleX(0);transform:scaleX(0);-webkit-transition:all .3s ease-in-out;transition:all .3s ease-in-out}&#10;button.submit-info:hover,a.sign-up-button:hover,a.modal-button:hover{background-color:#e78107}&#10;button.submit-info:hover:before,a.sign-up-button:hover:before,a.modal-button:hover:before{visibility:visible;-webkit-transform:scaleX(1);transform:scaleX(1)}&#10;button.submit-info:disabled,a.sign-up-button:disabled,a.modal-button:disabled{background:grey}&#10;section#signup-v2{padding:60px 10px 40px;color:#444;opacity:0;transition:opacity .3s ease-in-out;height:0;overflow:hidden; background: #fff;font-family:work-sans,sans-serif;font-weight:300}&#10;section#signup-v2.technical-error{opacity:1;height:auto}&#10;&#10;&#10;fieldset{border-width:0;padding:0;margin:0}&#10;div.block{display:inline-block;width:45%;margin:0 10px 20px;vertical-align:top}&#10;div.block input{width:100%;border:1px solid #a1a1a1;border-radius:3px;color:#a1a1a1;font-size:14px;padding:18px 10px 10px;box-sizing:border-box}&#10;div.block input::placeholder{font-size:14px;color:#bcbcbc;opacity:0}&#10;div.floating_label{position:relative}&#10;div.floating_label label{font-size:14px;opacity:.5;color:#444;position:absolute;top:15px;right:auto;left:11px;transition:all ease-in .2s;cursor:text}&#10;div.floating_label label.extra-label{top:8px;right:8px;left:auto;opacity:1}&#10;div.floating_label input:focus+label,div.floating_label input:valid+label,div.floating_label input:disabled+label{font-size:10px;top:6px;opacity:1}&#10;div.floating_label.field_error label{color:#de6f57}&#10;div.floating_label.field_error .emailError+label{font-size:10px;top:6px}&#10;.errors{background-color:#de6f57;width:100%;text-align:center;color:#fff;padding:10px 0;font-size:14px;line-height:16px;display:none}&#10;.errors .errors-icon{font-size:10px;font-weight:700;width:15px;height:15px;color:#de6f57;background-color:#fff;border-radius:50%;line-height:15px;display:inline-block;vertical-align:top;margin:0 5px}&#10;div.field_error input{border:1px solid #de6f57}&#10;div.field_error em.field-text{position:relative;display:block;background-color:transparent;color:#de6f57;font-size:12px;font-style:normal;top:auto;padding:5px 0 0 5px;transition:all .1s ease-in-out}&#10;div.field_error .field-icon{font-size:12px;font-weight:700;width:18px;height:18px;color:#fff;background-color:#de6f57;border-radius:50%;line-height:18px;display:block;position:absolute;text-align:center;top:13px;right:7px;transition:all .1s ease-in-out}&#10;div.field_error .field-icon:before{content:&apos;\0021&apos;}&#10;em.field-text,span.field-icon{display:none}&#10;.signature em.field-text{display:block;margin:10px 0 0}&#10;div.floating_label.field_pass label{color:#62ba96}&#10;div.field_pass input{border:1px solid #62ba96}&#10;div.field_pass em.field-text{position:relative;display:block;background-color:transparent;color:#62ba96;font-style:normal;font-size:12px;top:auto;padding:5px 0 0 0;transition:all .1s ease-in-out}&#10;div.field_pass .field-icon:before{content:&apos;\2713&apos;}&#10;div.field_pass .field-icon{font-size:18px;font-weight:700;color:#62ba96;border-radius:50%;line-height:18px;display:block;position:absolute;text-align:center;top:14px;right:10px;transition:all .1s ease-in-out}&#10;div.submit_button_wrap{width:100%;text-align:center;margin:20px auto 30px}&#10;div.loading-box{text-align:center;position:relative;padding-right:50px}&#10;div.loading-box.full-sized{padding:0;margin:0}&#10;.loading{opacity:0;border:6px solid rgba(255,152,7,0.7);border-top-color:rgba(255,152,7,0.9);border-radius:100%;height:40px;width:40px;display:none}&#10;.loading.start{opacity:1;display:inline-block;position:absolute;animation:rotate .8s infinite linear;transition:all .5s ease-in-out}&#10;div.loading-box.full-sized .loading{width:60px;height:60px;border:6px solid rgba(255,152,7,0.7);border-top-color:rgba(255,152,7,0.9)}&#10;div.loading-box.full-sized .loading.start{position:relative;margin:250px auto}&#10;@keyframes rotate{from{transform:rotate(0)}&#10;to{transform:rotate(359deg)}&#10;}&#10;@keyframes loading-text{0{opacity:0}&#10;100%{opacity:1}&#10;}&#10;.loading-text-1,.loading-text-2,.loading-text-3,.loading-text-4,.loading-text-5,.loading-text-6,.loading-text-7,.loading-text-8,.loading-text-9,.loading-text-10{opacity:0;display:inline-block}&#10;.loading-text-1.activate{animation:loading-text .3s .1s 1 normal forwards;animation-timing-function:ease-in}&#10;.loading-text-2.activate{animation:loading-text .3s .2s 1 normal forwards;animation-timing-function:ease-in}&#10;.loading-text-3.activate{animation:loading-text .3s .3s 1 normal forwards;animation-timing-function:ease-in}&#10;.loading-text-4.activate{animation:loading-text .3s .4s 1 normal forwards;animation-timing-function:ease-in}&#10;.loading-text-5.activate{animation:loading-text .3s .5s 1 normal forwards;animation-timing-function:ease-in}&#10;.loading-text-6.activate{animation:loading-text .3s .6s 1 normal forwards;animation-timing-function:ease-in}&#10;.loading-text-7.activate{animation:loading-text .3s .7s 1 normal forwards;animation-timing-function:ease-in}&#10;.loading-text-8.activate{animation:loading-text .3s .8s 1 normal forwards;animation-timing-function:ease-in}&#10;.loading-text-9.activate{animation:loading-text .3s .9s 1 normal forwards;animation-timing-function:ease-in}&#10;.loading-text-10.activate{animation:loading-text .3s 1s 1 normal forwards;animation-timing-function:ease-in}&#10;p.loading-text-box{display:none;margin-right:15px}&#10;p.loading-text-box span{text-align:center;font-size:20px;margin:0 3px;padding:10px 0;color:rgba(255,152,7,0.8);font-family:&apos;ProximaNova-Regular&apos;}&#10;.check-boundaries{opacity:0;display:none;justify-content:center;height:100%;position:relative;margin:0 auto;text-align:center;transition:opacity .3s ease-in-out}&#10;.check-boundaries.appear{display:block;opacity:1}&#10;.check-boundaries .box{margin:0 auto;width:50px;height:50px;background-color:rgba(98,186,150,0.048);border:1px solid #62ba96;border-radius:100%}&#10;.check-boundaries .box.appear{animation:check-boundaries-grow 1s forwards}&#10;.check-boundaries .check{width:10px;height:22px;transform:rotate(44deg);position:absolute;top:0;left:50%;margin-left:-7px;margin-top:8px}&#10;.check-boundaries .check:after{content:&quot;&quot;;width:100%;height:100%;border:3px solid #237e64;border-left-width:0;border-top-width:0;position:absolute;bottom:-2px;right:-6px}&#10;.check-boundaries .check.appear{animation:check-boundaries-cha 1.2s ease-in-out forwards}&#10;@keyframes check-boundaries-grow{0{transform:scale(0)}&#10;100%{transform:scale(1)}&#10;}&#10;@keyframes check-boundaries-cha{0{width:0;height:0}&#10;50%{width:0;height:11px}&#10;100%{width:10px;height:22px}&#10;}&#10;.error-boundaries{opacity:0;display:none;justify-content:center;height:100%;position:relative;margin:0 auto;text-align:center;transition:opacity .3s ease-in-out}&#10;.error-boundaries.appear{display:block;opacity:1}&#10;.error-boundaries .error-box{margin:0 auto;width:50px;height:50px;background-color:#cc5e4228;border:1px solid #cc5e42;border-radius:100%}&#10;.error-boundaries .error-box.appear{animation:error-boundaries-grow 1s forwards}&#10;.error-boundaries .error{width:30px;height:30px;transform:rotate(44deg);position:absolute;top:0;left:50%;margin-left:-11px;margin-top:-15px}&#10;.error-boundaries .error.appear{animation:error-boundaries-cha 1.2s ease-in-out forwards}&#10;.error-boundaries .error:after{content:&quot;\002B&quot;;width:100%;height:100%;color:#cc5e42;position:absolute;left:14px;bottom:-16px}&#10;@keyframes error-boundaries-grow{0{transform:scale(0)}&#10;100%{transform:scale(1)}&#10;}&#10;@keyframes error-boundaries-cha{0{font-size:0;width:0;height:0}&#10;50%{font-size:25px;width:0;height:15px}&#10;100%{font-size:50px;width:30px;height:30px}&#10;}&#10;.credit-consultations h2{font-weight:400;font-size:24px;color:#fff;margin:15px auto;display:none}&#10;.credit-consultations h2.disclaimer-pi{display:block;text-align:left;line-height:initial;max-width:600px;margin:0;}&#10;.credit-consultations h2.disclaimer-pi span{display:block;color:#fff;margin:5px auto; font-size: 28px;}&#10;.credit-consultations .subheader{font-weight: 400; font-size: 24px; color: #007cba;margin:15px auto;text-align:center}&#10;    @media screen and (max-width: 680px) {&#10;        .credit-consultations h2 { font-size: 16px;}&#10;        .credit-consultations h2.disclaimer-pi span { font-size: 22px;}&#10;        .credit-consultations h2.disclaimer-pi { border: none; padding: 0;}&#10;    }&#10;    &#10;.credit-perks{width:300px;margin:0 auto;padding:0;}&#10;.credit-perks .free-perks{width:100%;margin:0 auto;text-align:start;padding-bottom:10px}&#10;.credit-perks .checkbox-green{position:relative;display:inline-block;vertical-align:top}&#10;.credit-perks .checkbox-green .box{margin:0 auto;width:20px;height:20px;border:1px solid #afd852;border-radius:100%}&#10;.credit-perks .checkbox-green .check{width:4px;height:9px;transform:rotate(44deg);position:absolute;top:0;left:50%;margin-left:-5px;margin-top:3px}&#10;.credit-perks .checkbox-green .check:after{content:&quot;&quot;;width:100%;height:100%;border:3px solid #afd852;border-left-width:0;border-top-width:0;position:absolute;bottom:-2px;right:-6px}&#10;.credit-perks .checkbox-text{position:relative;display:inline-block;padding-left:5px;vertical-align:sub}&#10;.step1-wrapper{max-width:600px;margin:0 auto}&#10;.step1-wrapper h2{font-weight:400;font-size:24px;color:#007cba;margin:15px auto;display:none}&#10;.step1-wrapper h2.disclaimer-pi{display:block;text-align:center;line-height:initial}&#10;.step1-wrapper .subheader{ font-size:18px;margin:15px auto;text-align:center;line-height:initial}&#10;&#10;form#Signup-Form,form#Signup-Form-ffhd{margin:0 auto;padding:15px 0}&#10;form#Signup-Form-ffhd{display:none}&#10;div.ffhd-box .styled_checkbox{display:inline-block;margin:10px 0 0 20px;vertical-align:top}&#10;div.ffhd-box label{display:inline-block;width:75%;margin:0 auto;line-height:1.3;font-weight:500;cursor:pointer}&#10;div.ffhd-box label.ffhd-check-text{width:initial;display:inline-block;vertical-align:top;margin:10px 0 0 0;font-weight:500;cursor:pointer}&#10;.styled_checkbox label{position:absolute;top:0;left:0;width:19px;height:19px;cursor:pointer}&#10;div.disclaimer_wrap{font-size:12px;color:#444;line-height:16px}&#10;&#10;.styled_checkbox{border-radius:0;background-color:#fff;border:2px solid #444;display:inline-block;width:12px;height:12px;cursor:pointer;vertical-align:middle;position:relative}&#10;.styled_checkbox input[type=&quot;checkbox&quot;]{visibility:hidden}&#10;.styled_checkbox label:after{content:&apos;&apos;;background:transparent;top:1px;left:1px;width:8px;height:4px;border:2px solid #444;border-top:0;border-right:0;position:absolute;opacity:0;transform:rotate(-45deg)}&#10;.styled_checkbox input[type=checkbox]:checked+label:after{opacity:1;-ms-filter:&quot;alpha(opacity=100)&quot;}&#10;.cert_wrapper{text-align:center;margin:30px auto}&#10;#friend-family-sign-up{max-width:615px;padding:0 5px;margin:40px auto 0}&#10;div.friend-family-referal-box{border:1px solid #63a70a;color:#444;background-color:#f5f5f5;max-width:450px;font-weight:500;margin:0 auto;padding:15px 0;text-align:center}&#10;div.friend-family-referal-box hr{border-top:1px solid silver;border-bottom-width:0;margin:15px auto;width:85%}&#10;div.friend-family-referal-box p{font-size:16px;max-width:300px;margin:25px auto;font-weight:300;line-height:20px}&#10;div.friend-family-referal-box strong{font-weight:700}&#10;button.sign-up-referral:before{width:96px}&#10;div.friend-family-referal-box p.sign-up-disclaimer{font-size:14px;color:#444}&#10;&#10;@media only screen and (max-width:768px){&#10;section#signup-v2{padding:40px 10px}&#10;}&#10;&#10;@media only screen and (max-width:500px){&#10;form#Signup-Form,form#Signup-Form-ffhd{padding:0}&#10;div.block{display:block;width:100%;margin:15px auto}&#10;div.ffhd-box .styled_checkbox{margin:20px 0 0 5px}&#10;div.ffhd-box label.ffhd-check-text{margin:20px 0 0}&#10;}&#10;&#10;&lt;/style&gt;&#10;&#10;&#10;&lt;section id=&quot;signup-v2&quot; style=&quot;opacity: 1; height: auto;&quot;&gt;&#10;    &lt;div class=&quot;credit-consultations&quot;&gt;&lt;p class=&quot;subheader&quot;&gt;Get your FREE online credit evaluation now&lt;/p&gt;&lt;/div&gt;&#10;    &lt;div class=&quot;credit-perks&quot;&gt;&#10;        &lt;div class=&quot;free-perks&quot;&gt;&#10;            &lt;div class=&quot;checkbox-green&quot;&gt;&#10;                &lt;div class=&quot;box&quot;&gt;&lt;/div&gt;&#10;                &lt;div class=&quot;check&quot;&gt;&lt;/div&gt;&#10;            &lt;/div&gt;&#10;            &lt;div class=&quot;checkbox-text&quot;&gt;FREE credit score&lt;/div&gt;&#10;        &lt;/div&gt;&#10;        &lt;div class=&quot;free-perks&quot;&gt;&#10;            &lt;div class=&quot;checkbox-green&quot;&gt;&#10;                &lt;div class=&quot;box&quot;&gt;&lt;/div&gt;&#10;                &lt;div class=&quot;check&quot;&gt;&lt;/div&gt;&#10;            &lt;/div&gt;&#10;            &lt;div class=&quot;checkbox-text&quot;&gt;FREE negative item summary&lt;/div&gt;&#10;        &lt;/div&gt;&#10;        &lt;div class=&quot;free-perks&quot;&gt;&#10;            &lt;div class=&quot;checkbox-green&quot;&gt;&#10;                &lt;div class=&quot;box&quot;&gt;&lt;/div&gt;&#10;                &lt;div class=&quot;check&quot;&gt;&lt;/div&gt;&#10;            &lt;/div&gt;&#10;            &lt;div class=&quot;checkbox-text&quot;&gt;FREE recommended credit solution&lt;/div&gt;&#10;        &lt;/div&gt;&#10;    &lt;/div&gt;&#10;    &lt;div class=&quot;step1-wrapper&quot;&gt;&#10;        &lt;h2 class=&quot;disclaimer-pi&quot;&gt;First, we need some info to pull your credit.&lt;/h2&gt;&#10;        &lt;p class=&quot;subheader&quot;&gt;Don’t worry—this is completely secure and won’t hurt your score. And did we mention it’s FREE?&lt;/p&gt;&#10;        &lt;form name=&quot;Signup-Form&quot; id=&quot;Signup-Form&quot; method=&quot;POST&quot; action=&quot;&quot; onsubmit=&quot;&quot; novalidate=&quot;novalidate&quot;&gt;&#10;            &lt;fieldset class=&quot;contact_info&quot;&gt;&#10;                &lt;div class=&quot;block floating_label first_name field_pass&quot;&gt;&#10;                    &lt;input type=&quot;text&quot; required=&quot;&quot; id=&quot;FirstName&quot; class=&quot;input_first_name is-valid&quot; name=&quot;firstName&quot; maxlength=&quot;25&quot; value=&quot;&quot; data-rule-validchar=&quot;true&quot; aria-required=&quot;true&quot; aria-invalid=&quot;false&quot;&gt; &lt;label for=&quot;FirstName&quot;&gt;First Name&lt;/label&gt;&#10;                    &lt;em class=&quot;field-text&quot;&gt;&lt;/em&gt; &lt;span class=&quot;field-icon&quot;&gt;&lt;/span&gt;&#10;                &lt;/div&gt;&#10;                &lt;div class=&quot;block floating_label last_name field_pass&quot;&gt;&#10;                    &lt;input type=&quot;text&quot; required=&quot;&quot; id=&quot;LastName&quot; class=&quot;input_last_name is-valid&quot; name=&quot;lastName&quot; maxlength=&quot;25&quot; value=&quot;&quot; data-rule-validchar=&quot;true&quot; aria-required=&quot;true&quot; aria-invalid=&quot;false&quot;&gt; &lt;label for=&quot;LastName&quot;&gt;Last Name&lt;/label&gt;&#10;                    &lt;em class=&quot;field-text&quot;&gt;&lt;/em&gt; &lt;span class=&quot;field-icon&quot;&gt;&lt;/span&gt;&#10;                &lt;/div&gt;&#10;                &lt;div class=&quot;block floating_label email field_pass&quot;&gt;&#10;                    &lt;input type=&quot;email&quot; required=&quot;&quot; id=&quot;Email&quot; class=&quot;input_email is-valid&quot; name=&quot;address&quot; maxlength=&quot;50&quot; value=&quot;&quot; data-rule-email=&quot;true&quot; aria-required=&quot;true&quot; aria-invalid=&quot;false&quot;&gt; &lt;label for=&quot;Email&quot;&gt;Email&lt;/label&gt; &lt;em class=&quot;field-text&quot;&gt;&lt;/em&gt;&#10;                    &lt;span class=&quot;field-icon&quot;&gt;&lt;/span&gt;&#10;                &lt;/div&gt;&#10;                &lt;div class=&quot;block floating_label phone1 field_pass&quot;&gt;&#10;                    &lt;input type=&quot;tel&quot; required=&quot;&quot; id=&quot;Phone&quot; class=&quot;input_phone1 is-valid&quot; name=&quot;number&quot; value=&quot;&quot; data-rule-phoneus=&quot;true&quot; data-form-format-helper=&quot;formatPhoneNumber&quot; aria-required=&quot;true&quot; maxlength=&quot;14&quot; inputmode=&quot;text&quot; aria-invalid=&quot;false&quot;&gt;&#10;                    &lt;label for=&quot;Phone&quot;&gt;Phone&lt;/label&gt; &lt;em class=&quot;field-text&quot;&gt;&lt;/em&gt; &lt;span class=&quot;field-icon&quot;&gt;&lt;/span&gt;&#10;                &lt;/div&gt;&#10;                &lt;div class=&quot;block floating_label street field_pass&quot;&gt;&#10;                    &lt;input type=&quot;text&quot; required=&quot;&quot; id=&quot;Address&quot; class=&quot;input_street is-valid&quot; name=&quot;line1&quot; maxlength=&quot;60&quot; value=&quot;&quot; data-rule-validchar=&quot;true&quot; aria-required=&quot;true&quot; aria-invalid=&quot;false&quot;&gt; &lt;label for=&quot;Address&quot;&gt;Street Address&lt;/label&gt;&#10;                    &lt;em class=&quot;field-text&quot;&gt;&lt;/em&gt; &lt;span class=&quot;field-icon&quot;&gt;&lt;/span&gt;&#10;                &lt;/div&gt;&#10;                &lt;div class=&quot;block floating_label zip field_pass&quot;&gt;&#10;                    &lt;input type=&quot;tel&quot; required=&quot;&quot; id=&quot;Zip&quot; class=&quot;input_zip is-valid&quot; name=&quot;zipCode&quot; data-form-format-helper=&quot;forceNumeric&quot; data-rule-zipcodeus=&quot;true&quot; maxlength=&quot;5&quot; value=&quot;&quot; aria-required=&quot;true&quot; aria-invalid=&quot;false&quot;&gt; &lt;label for=&quot;Zip&quot;&gt;Zip Code&lt;/label&gt;&#10;                    &lt;em class=&quot;field-text&quot;&gt;&lt;/em&gt; &lt;span class=&quot;field-icon&quot;&gt;&lt;/span&gt;&#10;                    &lt;a style=&quot;display: none; color: rgb(45, 158, 215); text-decoration: underline;&quot; class=&quot;california-policy-btn&quot; href=&quot;/privacy-policy#california-policy&quot; target=&quot;_blank&quot;&gt;California Privacy Rights&lt;/a&gt;&#10;                &lt;/div&gt;&#10;            &lt;/fieldset&gt;&#10;            &lt;div class=&quot;ffhd-box&quot; style=&quot;display: none;&quot;&gt;&#10;                &lt;label for=&quot;yes-ffd&quot;&gt;Would you like to sign up with a friend or family member today and each receive 50% off your first work fee?&lt;/label&gt;&#10;                &lt;div class=&quot;styled_checkbox&quot; style=&quot;margin-bottom: 5px;&quot;&gt;&lt;input type=&quot;checkbox&quot; value=&quot;yes&quot; class=&quot;signup-checkbox&quot; id=&quot;yes-ffd&quot; name=&quot;ffhd-check&quot;&gt; &lt;label for=&quot;yes-ffd&quot;&gt;&lt;/label&gt;&lt;/div&gt;&#10;                &lt;label for=&quot;yes-ffd&quot; class=&quot;ffhd-check-text&quot;&gt;Yes&lt;/label&gt;&#10;            &lt;/div&gt;&#10;        &lt;/form&gt;&#10;        &lt;h2 class=&quot;family-sign-up-wording&quot;&gt;Friend or Family Member&apos;s Contact Information&lt;/h2&gt;&#10;        &lt;form name=&quot;Signup-Form-ffhd&quot; id=&quot;Signup-Form-ffhd&quot; method=&quot;POST&quot; action=&quot;&quot; onsubmit=&quot;&quot; novalidate=&quot;novalidate&quot;&gt;&#10;            &lt;input type=&quot;hidden&quot; name=&quot;last_step&quot; value=&quot;step1&quot;&gt;&#10;            &lt;fieldset class=&quot;contact_info&quot;&gt;&#10;                &lt;div class=&quot;block floating_label first_name&quot;&gt;&#10;                    &lt;input type=&quot;text&quot; required=&quot;&quot; id=&quot;FirstName-ffhd&quot; class=&quot;input_first_name&quot; name=&quot;firstName&quot; maxlength=&quot;25&quot; value=&quot;&quot; data-rule-validchar=&quot;true&quot; aria-required=&quot;true&quot;&gt; &lt;label for=&quot;FirstName&quot;&gt;First Name&lt;/label&gt;&#10;                    &lt;em class=&quot;field-text&quot;&gt;&lt;/em&gt; &lt;span class=&quot;field-icon&quot;&gt;&lt;/span&gt;&#10;                &lt;/div&gt;&#10;                &lt;div class=&quot;block floating_label last_name&quot;&gt;&#10;                    &lt;input type=&quot;text&quot; required=&quot;&quot; id=&quot;LastName-ffhd&quot; class=&quot;input_last_name&quot; name=&quot;lastName&quot; maxlength=&quot;25&quot; value=&quot;&quot; data-rule-validchar=&quot;true&quot; aria-required=&quot;true&quot;&gt; &lt;label for=&quot;LastName&quot;&gt;Last Name&lt;/label&gt;&#10;                    &lt;em class=&quot;field-text&quot;&gt;&lt;/em&gt; &lt;span class=&quot;field-icon&quot;&gt;&lt;/span&gt;&#10;                &lt;/div&gt;&#10;                &lt;div class=&quot;block floating_label email&quot;&gt;&#10;                    &lt;input type=&quot;email&quot; required=&quot;&quot; id=&quot;Email-ffhd&quot; class=&quot;input_email&quot; name=&quot;address&quot; maxlength=&quot;50&quot; value=&quot;&quot; data-rule-email=&quot;true&quot; aria-required=&quot;true&quot;&gt; &lt;label for=&quot;Email&quot;&gt;Email&lt;/label&gt; &lt;em class=&quot;field-text&quot;&gt;&lt;/em&gt;&#10;                    &lt;span class=&quot;field-icon&quot;&gt;&lt;/span&gt;&#10;                &lt;/div&gt;&#10;                &lt;div class=&quot;block floating_label phone1&quot;&gt;&#10;                    &lt;input type=&quot;tel&quot; required=&quot;&quot; id=&quot;Phone-ffhd&quot; class=&quot;input_phone1&quot; name=&quot;number&quot; value=&quot;&quot; data-rule-phoneus=&quot;true&quot; data-form-format-helper=&quot;formatPhoneNumber&quot; aria-required=&quot;true&quot; maxlength=&quot;14&quot; inputmode=&quot;text&quot;&gt;&#10;                    &lt;label for=&quot;Phone&quot;&gt;Phone&lt;/label&gt; &lt;em class=&quot;field-text&quot;&gt;&lt;/em&gt; &lt;span class=&quot;field-icon&quot;&gt;&lt;/span&gt;&#10;                &lt;/div&gt;&#10;                &lt;div class=&quot;block floating_label street&quot;&gt;&#10;                    &lt;input type=&quot;text&quot; required=&quot;&quot; id=&quot;Address-ffhd&quot; class=&quot;input_street&quot; name=&quot;line1&quot; maxlength=&quot;60&quot; value=&quot;&quot; data-rule-validchar=&quot;true&quot; aria-required=&quot;true&quot;&gt; &lt;label for=&quot;Address&quot;&gt;Street Address&lt;/label&gt;&#10;                    &lt;em class=&quot;field-text&quot;&gt;&lt;/em&gt; &lt;span class=&quot;field-icon&quot;&gt;&lt;/span&gt;&#10;                &lt;/div&gt;&#10;                &lt;div class=&quot;block floating_label zip&quot;&gt;&#10;                    &lt;input type=&quot;tel&quot; required=&quot;&quot; id=&quot;Zip-ffhd&quot; class=&quot;input_zip&quot; name=&quot;zipCode&quot; data-form-format-helper=&quot;forceNumeric&quot; data-rule-zipcodeus=&quot;true&quot; maxlength=&quot;5&quot; value=&quot;&quot; aria-required=&quot;true&quot;&gt;&#10;                    &lt;label for=&quot;Zip&quot;&gt;Zip Code&lt;/label&gt; &lt;em class=&quot;field-text&quot;&gt;&lt;/em&gt; &lt;span class=&quot;field-icon&quot;&gt;&lt;/span&gt;&#10;                    &lt;a style=&quot;display: none; color: #2d9ed7; text-decoration: underline;&quot; class=&quot;california-policy-btn&quot; href=&quot;/privacy-policy#california-policy&quot; target=&quot;_blank&quot;&gt;California Privacy Rights&lt;/a&gt;&#10;                &lt;/div&gt;&#10;            &lt;/fieldset&gt;&#10;        &lt;/form&gt;&#10;        &lt;div class=&quot;submit_button_wrap&quot;&gt;&#10;            &lt;button type=&quot;submit&quot; name=&quot;contact-info-submit&quot; class=&quot;submit-info submit-button&quot; autocomplete=&quot;off&quot; disabled=&quot;disabled&quot; style=&quot;pointer-events: none;&quot;&gt;NEXT&lt;/button&gt;&#10;            &lt;div class=&quot;loading-box&quot;&gt;&#10;                &lt;p class=&quot;loading-text-box loading-text-anim&quot;&gt;&#10;                    &lt;span class=&quot;loading-text-1&quot;&gt;l&lt;/span&gt; &lt;span class=&quot;loading-text-2&quot;&gt;o&lt;/span&gt; &lt;span class=&quot;loading-text-3&quot;&gt;a&lt;/span&gt; &lt;span class=&quot;loading-text-4&quot;&gt;d&lt;/span&gt; &lt;span class=&quot;loading-text-5&quot;&gt;i&lt;/span&gt;&#10;                    &lt;span class=&quot;loading-text-6&quot;&gt;n&lt;/span&gt; &lt;span class=&quot;loading-text-7&quot;&gt;g&lt;/span&gt; &lt;span class=&quot;loading-text-8&quot;&gt;.&lt;/span&gt; &lt;span class=&quot;loading-text-9&quot;&gt;.&lt;/span&gt; &lt;span class=&quot;loading-text-10&quot;&gt;.&lt;/span&gt;&#10;                &lt;/p&gt;&#10;                &lt;div class=&quot;loading&quot;&gt;&lt;/div&gt;&#10;            &lt;/div&gt;&#10;            &lt;div class=&quot;check-boundaries createUser&quot;&gt;&#10;                &lt;div class=&quot;box createUser&quot;&gt;&lt;/div&gt;&#10;                &lt;div class=&quot;check createUser&quot;&gt;&lt;/div&gt;&#10;            &lt;/div&gt;&#10;            &lt;div class=&quot;error-boundaries createUser&quot;&gt;&#10;                &lt;div class=&quot;error-box createUser&quot;&gt;&lt;/div&gt;&#10;                &lt;div class=&quot;error createUser&quot;&gt;&lt;/div&gt;&#10;            &lt;/div&gt;&#10;        &lt;/div&gt;&#10;        &lt;div class=&quot;disclaimer_wrap&quot;&gt;&#10;            &lt;p&gt;&#10;                By clicking &apos;NEXT&apos; I agree by electronic signature to: (1) be contacted by credit repair or credit repair marketing by a live agent, artificial or prerecorded voice,and SMS text at my residential or cellular number, dialed&#10;                manually or by autodialer, and by email (consent to be contacted is not a condition to purchase services); and (2) the &lt;a href=&quot;https://www.creditrepair.com/privacy-policy&quot; target=&quot;_blank&quot;&gt;Privacy Policy&lt;/a&gt; and&#10;                &lt;a href=&quot;https://www.creditrepair.com/terms-of-use&quot; target=&quot;_blank&quot;&gt;Terms of Use&lt;/a&gt; (including this &lt;a href=&quot;https://www.creditrepair.com/terms-of-use#arbitration-provision&quot; target=&quot;_blank&quot;&gt;arbitration Provision&lt;/a&gt;).&#10;            &lt;/p&gt;&#10;        &lt;/div&gt;&#10;        &lt;div class=&quot;cert_wrapper&quot;&gt;&#10;            &lt;span id=&quot;siteseal&quot;&gt;&lt;img style=&quot;cursor:pointer;cursor:hand&quot; src=&quot;https://seal.godaddy.com/images/3/en/siteseal_gd_3_h_l_m.gif&quot; onclick=&quot;verifySeal();&quot; alt=&quot;SSL site seal - click to verify&quot;&gt;&lt;/span&gt;&#10;        &lt;/div&gt;&#10;    &lt;/div&gt;&#10;&lt;/section&gt;&#10;&#10;&#10;&lt;/div&gt;&#10;&lt;div class=&quot;htmlreference parbase aem-GridColumn aem-GridColumn--default--12&quot;&gt;&#10;    &lt;!-------------------------- Hard at Work ----------------------------&gt;&#10;&lt;div class=&quot;hard-work-wrapper&quot;&gt;&#10;    &lt;div class=&quot;hard-work&quot;&gt;&#10;&#10;        &lt;h2&gt;We&apos;ve been hard at work for our members&lt;/h2&gt;&#10;&#10;        &lt;div class=&quot;chart-wrapper&quot;&gt;&#10;            &lt;div class=&quot;circle1-wrapper&quot;&gt;&#10;                &lt;div class=&quot;circle-padding&quot;&gt;&#10;                    &lt;div class=&quot;circle-icon&quot;&gt;&lt;/div&gt;&#10;                    &lt;div class=&quot;number&quot;&gt;1.8+ million&lt;/div&gt;&#10;                    &lt;div class=&quot;big-content&quot;&gt;removals&lt;/div&gt;&#10;                    &lt;div class=&quot;small-content&quot;&gt;since 2012&lt;/div&gt;&#10;                &lt;/div&gt;&#10;            &lt;/div&gt;&#10;&#10;            &lt;div class=&quot;circle2-wrapper&quot;&gt;&#10;                &lt;div class=&quot;circle-padding&quot;&gt;&#10;                    &lt;div class=&quot;circle-icon&quot;&gt;&lt;/div&gt;&#10;                    &lt;div class=&quot;number&quot;&gt;19+ million&lt;/div&gt;&#10;                    &lt;div class=&quot;big-content&quot;&gt;challenges &lt;span&gt;&amp;amp;&lt;/span&gt; disputes&lt;/div&gt;&#10;                    &lt;div class=&quot;small-content&quot;&gt;sent since we started business&lt;/div&gt;&#10;                &lt;/div&gt;&#10;            &lt;/div&gt;&#10;&#10;            &lt;div class=&quot;circle3-wrapper&quot;&gt;&#10;                &lt;div class=&quot;circle-padding&quot;&gt;&#10;                    &lt;div class=&quot;circle-icon&quot;&gt;&lt;/div&gt;&#10;                    &lt;div class=&quot;number&quot;&gt;1+ million&lt;/div&gt;&#10;                    &lt;div class=&quot;big-content&quot;&gt;interventions&lt;/div&gt;&#10;                    &lt;div class=&quot;small-content&quot;&gt;sent in 2019&lt;/div&gt;&#10;                &lt;/div&gt;&#10;            &lt;/div&gt;&#10;        &lt;/div&gt;&#10;&#10;        &lt;div class=&quot;btn-wrapper&quot;&gt;&#10;            &lt;a class=&quot;btn-new&quot; href=&quot;/credit-snapshot/pi&quot;&gt;Get Started&lt;/a&gt;&#10;            &lt;div&gt;&lt;a class=&quot;text-link&quot; href=&quot;/signup&quot;&gt;or sign up online »&lt;/a&gt;&lt;/div&gt;&#10;        &lt;/div&gt;&#10;    &lt;/div&gt;&#10;&lt;/div&gt;&#10;&lt;!-------------------------- End Hard at Work ----------------------------&gt;&#10;&#10;&lt;/div&gt;&#10;&lt;div class=&quot;htmlreference parbase aem-GridColumn aem-GridColumn--default--12&quot;&gt;&#10;    &lt;!-------------------------- How Credit Works ----------------------------&gt;&#10;&lt;div id=&quot;how-works-new-wrapper&quot;&gt;&#10;    &lt;div class=&quot;how-works-new-container&quot;&gt;&#10;        &lt;h2&gt;How credit repair works&lt;/h2&gt;&#10;&#10;        &lt;div class=&quot;how-works-col-wrapper&quot;&gt;&#10;            &lt;div class=&quot;how-works-icon challenge&quot;&gt;&lt;/div&gt;&#10;            &lt;div&gt;&#10;                &lt;div class=&quot;how-works-title&quot;&gt;Challenge&lt;/div&gt;&#10;                &lt;div class=&quot;how-works-content&quot;&gt;We challenge your questionable negative items with all three bureaus,&#10;                    ensuring your credit reports are accurate and fair.&lt;/div&gt;&#10;            &lt;/div&gt;&#10;        &lt;/div&gt;&#10;&#10;        &lt;div class=&quot;how-works-col-wrapper&quot;&gt;&#10;            &lt;div class=&quot;how-works-icon dispute&quot;&gt;&lt;/div&gt;&#10;            &lt;div&gt;&#10;                &lt;div class=&quot;how-works-title&quot;&gt;Dispute&lt;/div&gt;&#10;                &lt;div class=&quot;how-works-content&quot;&gt;We ask your creditors to verify the negative items they’re reporting. If&#10;                    they can’t, they are required by law to stop reporting them.&lt;/div&gt;&#10;            &lt;/div&gt;&#10;        &lt;/div&gt;&#10;&#10;        &lt;div class=&quot;how-works-col-wrapper&quot;&gt;&#10;            &lt;div class=&quot;how-works-icon monitor&quot;&gt;&lt;/div&gt;&#10;            &lt;div&gt;&#10;                &lt;div class=&quot;how-works-title&quot;&gt;Monitor&lt;/div&gt;&#10;                &lt;div class=&quot;how-works-content&quot;&gt;We continue to watch your credit, addressing additional issues as they&#10;                    arise so that you can stay on track and reach your goals.&lt;/div&gt;&#10;            &lt;/div&gt;&#10;        &lt;/div&gt;&#10;&#10;        &lt;div class=&quot;mobile-carousels&quot; id=&quot;how-works-mobile&quot;&gt;&#10;            &lt;ul class=&quot;carousel&quot;&gt;&#10;                &lt;li&gt;&#10;                    &lt;a id=&quot;carousel-ext&quot; href=&quot;#&quot; data-unique=&quot;carousel-items&quot;&gt;&#10;                        &lt;ul class=&quot;carousel-boundaries&quot;&gt;&#10;                            &lt;li class=&quot;selected&quot;&gt;&#10;                                &lt;div class=&quot;carousel-item&quot;&gt;&#10;                                    &lt;div class=&quot;how-works-col-wrapper-mobile&quot;&gt;&#10;                                        &lt;div class=&quot;how-works-icon challenge&quot;&gt;&lt;/div&gt;&#10;                                        &lt;div&gt;&#10;                                            &lt;div class=&quot;how-works-title&quot;&gt;Challenge&lt;/div&gt;&#10;                                            &lt;div class=&quot;how-works-content&quot;&gt;We challenge your questionable negative items&#10;                                                with all three bureaus,&#10;                                                ensuring your credit reports are accurate and fair.&lt;/div&gt;&#10;                                        &lt;/div&gt;&#10;                                    &lt;/div&gt;&#10;                                &lt;/div&gt;&#10;                            &lt;/li&gt;&#10;                            &lt;li class=&quot;move-right&quot;&gt;&#10;                                &lt;div class=&quot;carousel-item&quot;&gt;&#10;                                    &lt;div class=&quot;how-works-col-wrapper-mobile&quot;&gt;&#10;                                        &lt;div class=&quot;how-works-icon dispute&quot;&gt;&lt;/div&gt;&#10;                                        &lt;div&gt;&#10;                                            &lt;div class=&quot;how-works-title&quot;&gt;Dispute&lt;/div&gt;&#10;                                            &lt;div class=&quot;how-works-content&quot;&gt;We ask your creditors to verify the negative&#10;                                                items they’re reporting. If&#10;                                                they can’t, they are required by law to stop reporting them.&lt;/div&gt;&#10;                                        &lt;/div&gt;&#10;                                    &lt;/div&gt;&#10;                                &lt;/div&gt;&#10;                            &lt;/li&gt;&#10;                            &lt;li&gt;&#10;                                &lt;div class=&quot;carousel-item&quot;&gt;&#10;                                    &lt;div class=&quot;how-works-col-wrapper-mobile&quot;&gt;&#10;                                        &lt;div class=&quot;how-works-icon monitor&quot;&gt;&lt;/div&gt;&#10;                                        &lt;div&gt;&#10;                                            &lt;div class=&quot;how-works-title&quot;&gt;Monitor&lt;/div&gt;&#10;                                            &lt;div class=&quot;how-works-content&quot;&gt;We continue to watch your credit, addressing&#10;                                                additional issues as they&#10;                                                arise so that you can stay on track and reach your goals.&lt;/div&gt;&#10;                                        &lt;/div&gt;&#10;                                    &lt;/div&gt;&#10;                                &lt;/div&gt;&#10;                            &lt;/li&gt;&#10;                        &lt;/ul&gt;&#10;                    &lt;/a&gt;&#10;                &lt;/li&gt;&#10;            &lt;/ul&gt;&#10;            &lt;div class=&quot;prev&quot; id=&quot;prev&quot;&gt;❮&lt;/div&gt;&#10;            &lt;div class=&quot;next&quot; id=&quot;next&quot;&gt;❯&lt;/div&gt;&#10;        &lt;/div&gt;&#10;&#10;        &lt;div class=&quot;btn-wrapper&quot;&gt;&#10;            &lt;p&gt;See your credit score now&lt;/p&gt;&#10;            &lt;a class=&quot;btn-new&quot; href=&quot;/credit-snapshot/pi&quot;&gt;Get Started&lt;/a&gt;&#10;            &lt;div&gt;&lt;a class=&quot;text-link&quot; href=&quot;/signup/index&quot;&gt;or sign up online »&lt;/a&gt;&lt;/div&gt;&#10;        &lt;/div&gt;&#10;&#10;    &lt;/div&gt;&#10;&lt;/div&gt;&#10;&lt;!-------------------------- End How Credit Works----------------------------&gt;&#10;&#10;&lt;/div&gt;&#10;&lt;div class=&quot;htmlreference parbase aem-GridColumn aem-GridColumn--default--12&quot;&gt;&#10;    &lt;section class=&quot;client-reviews&quot;&gt;&#10;    &lt;div class=&quot;boundaries&quot;&gt;&#10;        &lt;h2&gt;What our members are saying&lt;/h2&gt;&#10;        &#10;        &lt;div class=&quot;review-wrapper&quot;&gt;&#10;            &lt;div class=&quot;review&quot;&gt;&#10;                &lt;div class=&quot;review-box-boundaries&quot;&gt;&#10;                    &#10;                    &lt;p class=&quot;blurb&quot;&gt;I like that CreditRepair.com takes their time to explain your credit status to you. They make you feel  really important, and they never treat you like a number. They make you feel like a true person.&lt;/p&gt;&#10;                    &#10;                    &lt;div class=&quot;reviewer&quot;&gt; &#10;                        &lt;div class=&quot;name&quot;&gt;Yvette B | &lt;span class=&quot;star&quot;&gt;&lt;/span&gt; &lt;span class=&quot;star&quot;&gt;&lt;/span&gt; &lt;span class=&quot;star&quot;&gt;&lt;/span&gt; &lt;span class=&quot;star&quot;&gt;&lt;/span&gt; &lt;span class=&quot;star&quot;&gt;&lt;/span&gt;&lt;/div&gt;&#10;                        &lt;p class=&quot;date&quot;&gt;New York - February 20, 2019&lt;/p&gt;&#10;                    &lt;/div&gt;&#10;&#10;                &lt;/div&gt;&#10;            &lt;/div&gt;&#10;            &lt;div class=&quot;review&quot;&gt;&#10;                &lt;div class=&quot;review-box-boundaries&quot;&gt;&#10;                    &#10;                    &lt;p class=&quot;blurb&quot;&gt;CreditRepair.com is the only answer! Credit repair has helped me begin to restore my credit! Credit is very important especially when you have children that need to go to college. Good credit is like having money in the bank!&lt;/p&gt;&#10;                    &#10;                    &lt;div class=&quot;reviewer&quot;&gt; &#10;                        &lt;div class=&quot;name&quot;&gt;Sharon R | &lt;span class=&quot;star&quot;&gt;&lt;/span&gt; &lt;span class=&quot;star&quot;&gt;&lt;/span&gt; &lt;span class=&quot;star&quot;&gt;&lt;/span&gt; &lt;span class=&quot;star&quot;&gt;&lt;/span&gt; &lt;span class=&quot;star grey&quot;&gt;&lt;/span&gt;&lt;/div&gt;&#10;                         &lt;p class=&quot;date&quot;&gt;New Jersey - March 22, 2019&lt;/p&gt;&#10;                    &lt;/div&gt;&#10;&#10;                &lt;/div&gt;&#10;            &lt;/div&gt;&#10;            &lt;div class=&quot;review&quot;&gt;&#10;                &lt;div class=&quot;review-box-boundaries&quot;&gt;&#10;                    &#10;                    &lt;p class=&quot;blurb&quot;&gt;They tell you how it is. No lying, they always take your call, and they always want to help you and keep you informed. They got all negatives off my credit report except two that remain, now it’s my wife’s turn! Thanks for all your help. &lt;/p&gt;&#10;                    &#10;                    &lt;div class=&quot;reviewer&quot;&gt; &#10;                        &lt;div class=&quot;name&quot;&gt;James P | &lt;span class=&quot;star&quot;&gt;&lt;/span&gt; &lt;span class=&quot;star&quot;&gt;&lt;/span&gt; &lt;span class=&quot;star&quot;&gt;&lt;/span&gt; &lt;span class=&quot;star&quot;&gt;&lt;/span&gt; &lt;span class=&quot;star grey&quot;&gt;&lt;/span&gt;&lt;/div&gt;&#10;                         &lt;p class=&quot;date&quot;&gt;Washington - April 16,  2019&lt;/p&gt;&#10;                    &lt;/div&gt;&#10;                &lt;/div&gt;&#10;            &lt;/div&gt;&#10;        &lt;/div&gt;&#10;        &#10;        &#10;        &lt;div class=&quot;mobile-carousels&quot; id=&quot;reviews-mobile&quot;&gt;&#10;            &lt;ul class=&quot;carousel&quot;&gt;&#10;                &lt;li&gt;&#10;                    &lt;a id=&quot;carousel-ext&quot; href=&quot;#&quot; data-unique=&quot;carousel-items&quot;&gt;&#10;                        &lt;ul class=&quot;carousel-boundaries&quot;&gt;&#10;                            &lt;li class=&quot;selected&quot;&gt;&#10;                                &lt;div class=&quot;carousel-item&quot;&gt; &#10;                                    &lt;div class=&quot;review&quot;&gt;&#10;                                        &lt;div class=&quot;review-box-boundaries&quot;&gt;&#10;                                            &#10;                                           &lt;p class=&quot;blurb&quot;&gt;I like that CreditRepair.com takes their time to explain your credit status to you. They make you feel  really important, and they never treat you like a number. They make you feel like a true person.&lt;/p&gt;&#10;                    &#10;                                            &lt;div class=&quot;reviewer&quot;&gt; &#10;                                                &lt;div class=&quot;name&quot;&gt;Yvette B | &lt;span class=&quot;star&quot;&gt;&lt;/span&gt; &lt;span class=&quot;star&quot;&gt;&lt;/span&gt; &lt;span class=&quot;star&quot;&gt;&lt;/span&gt; &lt;span class=&quot;star&quot;&gt;&lt;/span&gt; &lt;span class=&quot;star&quot;&gt;&lt;/span&gt;&lt;/div&gt;&#10;                                                &lt;p class=&quot;date&quot;&gt;New York - February 20, 2019&lt;/p&gt;&#10;                                            &lt;/div&gt;&#10;&#10;                                        &lt;/div&gt;&#10;                                    &lt;/div&gt;&#10;                                &lt;/div&gt;&#10;                            &lt;/li&gt;&#10;                            &lt;li class=&quot;move-right&quot;&gt;&#10;                                &lt;div class=&quot;carousel-item&quot;&gt; &#10;                                    &lt;div class=&quot;review&quot;&gt;&#10;                                        &lt;div class=&quot;review-box-boundaries&quot;&gt;&#10;                                            &#10;                                            &lt;p class=&quot;blurb&quot;&gt;CreditRepair.com is the only answer! Credit repair has helped me begin to restore my credit! Credit is very important especially when you have children that need to go to college. Good credit is like having money in the bank!&lt;/p&gt;&#10;                    &#10;                                            &lt;div class=&quot;reviewer&quot;&gt; &#10;                                                &lt;div class=&quot;name&quot;&gt;Sharon R | &lt;span class=&quot;star&quot;&gt;&lt;/span&gt; &lt;span class=&quot;star&quot;&gt;&lt;/span&gt; &lt;span class=&quot;star&quot;&gt;&lt;/span&gt; &lt;span class=&quot;star&quot;&gt;&lt;/span&gt; &lt;span class=&quot;star grey&quot;&gt;&lt;/span&gt;&lt;/div&gt;&#10;                                                 &lt;p class=&quot;date&quot;&gt;New Jersey - March 22, 2019&lt;/p&gt;&#10;                                            &lt;/div&gt;&#10;&#10;                                        &lt;/div&gt;&#10;                                    &lt;/div&gt;&#10;                                &lt;/div&gt;&#10;                            &lt;/li&gt;&#10;                            &lt;li&gt;&#10;                                &lt;div class=&quot;carousel-item&quot;&gt; &#10;                                    &lt;div class=&quot;review&quot;&gt;&#10;                                        &lt;div class=&quot;review-box-boundaries&quot;&gt;&#10;                                            &#10;                                            &lt;p class=&quot;blurb&quot;&gt;They tell you how it is. No lying, they always take your call, and they always want to help you and keep you informed. They got all negatives off my credit report except two that remain, now it’s my wife’s turn! Thanks for all your help. &lt;/p&gt;&#10;                    &#10;                                            &lt;div class=&quot;reviewer&quot;&gt; &#10;                                                &lt;div class=&quot;name&quot;&gt;James P | &lt;span class=&quot;star&quot;&gt;&lt;/span&gt; &lt;span class=&quot;star&quot;&gt;&lt;/span&gt; &lt;span class=&quot;star&quot;&gt;&lt;/span&gt; &lt;span class=&quot;star&quot;&gt;&lt;/span&gt; &lt;span class=&quot;star grey&quot;&gt;&lt;/span&gt;&lt;/div&gt;&#10;                                                 &lt;p class=&quot;date&quot;&gt;Washington - April 16,  2019&lt;/p&gt;&#10;                                            &lt;/div&gt;&#10;                                            &#10;                                        &lt;/div&gt;&#10;                                    &lt;/div&gt;&#10;                                &lt;/div&gt;&#10;                            &lt;/li&gt;&#10;                        &lt;/ul&gt;&#10;                    &lt;/a&gt;&#10;                &lt;/li&gt;&#10;            &lt;/ul&gt;&#10;            &lt;div class=&quot;prev&quot; id=&quot;prev&quot;&gt;❮&lt;/div&gt;&#10;            &lt;div class=&quot;next&quot; id=&quot;next&quot;&gt;❯&lt;/div&gt;&#10;        &lt;/div&gt;&#10;        &#10;        &lt;div class=&quot;review-disclaimer&quot;&gt;&#10;            &lt;a href=&quot;#&quot; class=&quot;info-modal&quot;&gt;Info About Our Testimonials&lt;/a&gt;&#10;        &lt;/div&gt;&#10;    &lt;/div&gt;&#10;&lt;/section&gt;&#10;&#10;&lt;div id=&quot;disclaimer-modal&quot; style=&quot;display: none;&quot;&gt;&#10;    &lt;div class=&quot;modal-container&quot;&gt;&#10;        &lt;div class=&quot;modal-heading&quot;&gt;&#10;            &lt;span class=&quot;closeBtn&quot;&gt;✕&lt;/span&gt;&#10;        &lt;/div&gt;&#10;        &lt;div class=&quot;modal-content&quot;&gt;&#10;            &lt;h5&gt;What you need to know about our testimonials&lt;/h5&gt;&#10;            &lt;p&gt;Testimonials represent the results of the particular individual and you should not expect the same result because your case is different than everyone else&apos;s. CreditRepair.com promises only to communicate with creditors on your behalf and in your name, verify report changes with bureaus, and provide you timely information about changes in your reports. Any credit score improvement seen after using our services is the result of many other additional factors, including: keeping credit balances low, paying bills on time, reducing or eliminating unnecessary inquiries, and developing appropriate types of credit, and sound financial planning.&lt;/p&gt;&#10;        &lt;/div&gt;&#10;    &lt;/div&gt;&#10;&lt;/div&gt;&#10;&#10;&lt;script&gt;&#10;$(document).ready(function () {&#10;    $(&quot;.info-modal&quot;).on(&quot;click touchstart touchend&quot;, function () {&#10;        event.preventDefault();&#10;        $(&quot;.modal&quot;).show();&#10;        $(&quot;#disclaimer-modal&quot;).show();&#10;     });&#10;    &#10;    $(&quot;.modal, .closeBtn&quot;).on(&quot;click touchstart touchend&quot;, function () {&#10;        $(&quot;.modal&quot;).hide();&#10;        $(&quot;#disclaimer-modal&quot;).hide();&#10;    });&#10;});&#10;&#10;&lt;/script&gt;&#10;&#10;&#10;&lt;/div&gt;&#10;&lt;div class=&quot;htmlreference parbase aem-GridColumn aem-GridColumn--default--12&quot;&gt;&#10;    &lt;div class=&quot;container&quot; id=&quot;get-started-cr&quot;&gt;&#10;    &lt;div class=&quot;row get_started_banner&quot;&gt;&#10;        &lt;p class=&quot;text&quot;&gt;Start with our Proven Online System &lt;span&gt;$99.95/month&lt;/span&gt;&lt;/p&gt;&#10;        &lt;a href=&quot;https://www.creditrepair.com/signup&quot; class=&quot;btn btn-orange&quot; data-unique=&quot;get-started-section-signup&quot; id=&quot;get-started-section-signup&quot;&gt;Get Started&lt;/a&gt;&#10;    &lt;/div&gt;&#10;&lt;/div&gt;&#10;&#10;&lt;/div&gt;&#10;&lt;div class=&quot;htmlreference parbase aem-GridColumn aem-GridColumn--default--12&quot;&gt;&#10;    &lt;!-------------------------- Cost ----------------------------&gt;&#10;&lt;div id=&quot;cost-new-wrapper&quot;&gt;&#10;    &lt;div class=&quot;cost-new-container&quot;&gt;&#10;&#10;        &lt;h2&gt;How much does it cost?&lt;/h2&gt;&#10;        &lt;div class=&quot;cost-new-leader&quot;&gt;A service for all budgets&lt;/div&gt;&#10;        &lt;div class=&quot;cost-panel-container&quot;&gt;&#10;            &lt;div class=&quot;cost-panel-wrapper&quot;&gt;&#10;                &lt;div class=&quot;cost-panel&quot;&gt;&#10;                    &lt;div class=&quot;cost-panel-icon cost-icon-1&quot;&gt;&lt;/div&gt;&#10;                    &lt;div class=&quot;cost-panel-title&quot;&gt;Aggressive&lt;/div&gt;&#10;                    &lt;div class=&quot;cost-panel-desc&quot;&gt;Recommended for those who have a lot of negative items on their credit&#10;                        report&lt;/div&gt;&#10;                    &lt;div class=&quot;cost-panel-price&quot;&gt;$$$&lt;/div&gt;&#10;                &lt;/div&gt;&#10;            &lt;/div&gt;&#10;            &lt;div class=&quot;cost-panel-wrapper&quot;&gt;&#10;                &lt;div class=&quot;cost-panel&quot;&gt;&#10;                    &lt;div class=&quot;cost-panel-icon cost-icon-2&quot;&gt;&lt;/div&gt;&#10;                    &lt;div class=&quot;cost-panel-title&quot;&gt;Moderate&lt;/div&gt;&#10;                    &lt;div class=&quot;cost-panel-desc&quot;&gt;Recommended for those who have a moderate amount of negative items&#10;                    &lt;/div&gt;&#10;                    &lt;div class=&quot;cost-panel-price&quot;&gt;$$&lt;/div&gt;&#10;                &lt;/div&gt;&#10;            &lt;/div&gt;&#10;            &lt;div class=&quot;cost-panel-wrapper&quot;&gt;&#10;                &lt;div class=&quot;cost-panel&quot;&gt;&#10;                    &lt;div class=&quot;cost-panel-icon cost-icon-3&quot;&gt;&lt;/div&gt;&#10;                    &lt;div class=&quot;cost-panel-title&quot;&gt;Basic&lt;/div&gt;&#10;                    &lt;div class=&quot;cost-panel-desc&quot;&gt;Recommended for those who have a handful of negative items&lt;/div&gt;&#10;                    &lt;div class=&quot;cost-panel-price&quot;&gt;$&lt;/div&gt;&#10;                &lt;/div&gt;&#10;            &lt;/div&gt;&#10;        &lt;/div&gt;&#10;&#10;        &lt;div class=&quot;mobile-carousels&quot; id=&quot;cost-carousel-mobile&quot;&gt;&#10;            &lt;ul class=&quot;carousel&quot;&gt;&#10;                &lt;li&gt;&#10;                    &lt;a id=&quot;carousel-ext&quot; href=&quot;#&quot; data-unique=&quot;carousel-items&quot;&gt;&#10;                        &lt;ul class=&quot;carousel-boundaries&quot;&gt;&#10;                            &lt;li class=&quot;selected&quot;&gt;&#10;                                &lt;div class=&quot;carousel-item&quot;&gt;&#10;                                    &lt;div class=&quot;cost-panel-wrapper&quot;&gt;&#10;                                        &lt;div class=&quot;cost-panel&quot;&gt;&#10;                                            &lt;div class=&quot;cost-panel-icon cost-icon-1&quot;&gt;&lt;/div&gt;&#10;                                            &lt;div class=&quot;cost-panel-title&quot;&gt;Aggressive&lt;/div&gt;&#10;                                            &lt;div class=&quot;cost-panel-desc&quot;&gt;Recommended for those who have a lot of&#10;                                                negative items on their credit report&lt;/div&gt;&#10;                                            &lt;div class=&quot;cost-panel-price&quot;&gt;$$$&lt;/div&gt;&#10;                                        &lt;/div&gt;&#10;                                    &lt;/div&gt;&#10;                                &lt;/div&gt;&#10;                            &lt;/li&gt;&#10;                            &lt;li class=&quot;move-right&quot;&gt;&#10;                                &lt;div class=&quot;carousel-item&quot;&gt;&#10;                                    &lt;div class=&quot;cost-panel-wrapper&quot;&gt;&#10;                                        &lt;div class=&quot;cost-panel&quot;&gt;&#10;                                            &lt;div class=&quot;cost-panel-icon cost-icon-2&quot;&gt;&lt;/div&gt;&#10;                                            &lt;div class=&quot;cost-panel-title&quot;&gt;Moderate&lt;/div&gt;&#10;                                            &lt;div class=&quot;cost-panel-desc&quot;&gt;Recommended for those who have a moderate&#10;                                                amount of negative items&#10;                                            &lt;/div&gt;&#10;                                            &lt;div class=&quot;cost-panel-price&quot;&gt;$$&lt;/div&gt;&#10;                                        &lt;/div&gt;&#10;                                    &lt;/div&gt;&#10;                                &lt;/div&gt;&#10;                            &lt;/li&gt;&#10;                            &lt;li&gt;&#10;                                &lt;div class=&quot;carousel-item&quot;&gt;&#10;                                    &lt;div class=&quot;cost-panel-wrapper&quot;&gt;&#10;                                        &lt;div class=&quot;cost-panel&quot;&gt;&#10;                                            &lt;div class=&quot;cost-panel-icon cost-icon-3&quot;&gt;&lt;/div&gt;&#10;                                            &lt;div class=&quot;cost-panel-title&quot;&gt;Basic&lt;/div&gt;&#10;                                            &lt;div class=&quot;cost-panel-desc&quot;&gt;Recommended for those who have a handful of&#10;                                                negative items&lt;/div&gt;&#10;                                            &lt;div class=&quot;cost-panel-price&quot;&gt;$&lt;/div&gt;&#10;                                        &lt;/div&gt;&#10;                                    &lt;/div&gt;&#10;                                &lt;/div&gt;&#10;                            &lt;/li&gt;&#10;                        &lt;/ul&gt;&#10;                    &lt;/a&gt;&#10;                &lt;/li&gt;&#10;            &lt;/ul&gt;&#10;            &lt;div class=&quot;prev&quot; id=&quot;prev&quot;&gt;❮&lt;/div&gt;&#10;            &lt;div class=&quot;next&quot; id=&quot;next&quot;&gt;❯&lt;/div&gt;&#10;        &lt;/div&gt;&#10;&#10;        &lt;div class=&quot;cost-new-cta&quot;&gt;&#10;            &lt;div class=&quot;cost-new-cta-content&quot;&gt;See your negative items for free&lt;/div&gt;&#10;            &lt;div class=&quot;btn-wrapper&quot;&gt;&#10;                &lt;a class=&quot;btn-new&quot; href=&quot;/credit-snapshot/pi&quot;&gt;Get Started&lt;/a&gt;&#10;                &lt;div&gt;&lt;a class=&quot;text-link&quot; href=&quot;/signup&quot;&gt;or sign up online »&lt;/a&gt;&lt;/div&gt;&#10;            &lt;/div&gt;&#10;        &lt;/div&gt;&#10;    &lt;/div&gt;&#10;&lt;/div&gt;&#10;&lt;!-------------------------- End Cost ----------------------------&gt;&#10;&#10;&lt;/div&gt;&#10;&lt;div class=&quot;htmlreference parbase aem-GridColumn aem-GridColumn--default--12&quot;&gt;&#10;    &#10;&lt;nav class=&quot;bottom_nav_wrapper&quot;&gt;&#10;	&lt;div class=&quot;container row&quot;&gt;&#10;		&lt;div class=&quot;bottom_nav_section bottom_nav_section_who-we-are expanded three columns first&quot;&gt;&#10;			&lt;a href=&quot;https://www.creditrepair.com/who-we-are&quot; class=&quot;bottom_nav_section_title&quot;&gt;Who We Are&lt;span class=&quot;expand_contract&quot;&gt;&lt;/span&gt;&lt;/a&gt;&#10;			&lt;ul&gt;&#10;				&lt;li class=&quot;redundant&quot;&gt;Who We Are&lt;/li&gt;&#10;				&lt;li&gt;&lt;a href=&quot;https://www.creditrepair.com/who-we-are&quot;&gt;About Us&lt;/a&gt;&lt;/li&gt;&#10;				&lt;li&gt;&lt;a href=&quot;http://www.progrexion.com/affiliates&quot; target=&quot;_blank&quot;&gt;Affiliates&lt;/a&gt;&lt;/li&gt;&#10;				&lt;li&gt;&lt;a href=&quot;https://www.creditrepair.com/careers&quot; target=&quot;_blank&quot;&gt;Careers&lt;/a&gt;&lt;/li&gt;&#10;				&lt;li&gt;&lt;a href=&quot;https://www.creditrepair.com/newsroom&quot;&gt;Newsroom&lt;/a&gt;&lt;/li&gt;&#10;				&lt;li&gt;&lt;a href=&quot;https://www.creditrepair.com/contact-us&quot;&gt;Contact Us&lt;/a&gt;&lt;/li&gt;&#10;			&lt;/ul&gt;&#10;		&lt;/div&gt;&#10;		&lt;div class=&quot;bottom_nav_section bottom_nav_section_how-it-works three columns&quot;&gt;&#10;			&lt;a href=&quot;https://www.creditrepair.com/how-credit-repair-works&quot; class=&quot;bottom_nav_section_title&quot;&gt;How it Works&lt;span class=&quot;expand_contract&quot;&gt;&lt;/span&gt;&lt;/a&gt;&#10;			&lt;ul&gt;&#10;				&lt;li class=&quot;redundant&quot;&gt;How It Works&lt;/li&gt;&#10;				&lt;li&gt;&lt;a href=&quot;https://www.creditrepair.com/how-credit-repair-works&quot;&gt;Credit Repair Process&lt;/a&gt;&lt;/li&gt;&#10;				&lt;li&gt;&lt;a href=&quot;https://www.creditrepair.com/how-credit-repair-works#what-you-get&quot;&gt;What You Get&lt;/a&gt;&lt;/li&gt;&#10;				&lt;li&gt;&lt;a href=&quot;https://www.creditrepair.com/faq&quot;&gt;Frequently Asked Questions&lt;/a&gt;&lt;/li&gt;&#10;				&lt;li&gt;&lt;a href=&quot;https://www.creditrepair.com/privacy-policy&quot;&gt;Privacy Policy&lt;/a&gt;&lt;/li&gt;&#10;				&lt;li&gt;&lt;a href=&quot;https://www.creditrepair.com/privacy-notice&quot;&gt;Privacy Notice&lt;/a&gt;&lt;/li&gt;&#10;				&lt;li&gt;&lt;a href=&quot;https://www.creditrepair.com/privacy-policy#california-policy&quot;&gt;California Residents&lt;/a&gt;&lt;/li&gt;&#10;				&lt;li&gt;&lt;a href=&quot;https://www.creditrepair.com/sms-terms&quot;&gt;Text Message Terms&lt;/a&gt;&lt;/li&gt;&#10;				&lt;li&gt;&lt;a href=&quot;https://www.creditrepair.com/terms-of-use&quot;&gt;Terms Of Use&lt;/a&gt;&lt;/li&gt;&#10;			&lt;/ul&gt;&#10;		&lt;/div&gt;&#10;		&lt;div class=&quot;bottom_nav_section bottom_nav_section_reviews three columns&quot;&gt;&#10;			&lt;a href=&quot;https://www.creditrepair.com/reviews&quot; class=&quot;bottom_nav_section_title&quot;&gt;Reviews&lt;span class=&quot;expand_contract&quot;&gt;&lt;/span&gt;&lt;/a&gt;&#10;			&lt;ul&gt;&#10;				&lt;li class=&quot;redundant&quot;&gt;Reviews&lt;/li&gt;&#10;				&lt;li&gt;&lt;a href=&quot;https://www.creditrepair.com/reviews&quot;&gt;Customer Reviews&lt;/a&gt;&lt;/li&gt;&#10;				&lt;li&gt;&lt;a href=&quot;https://www.creditrepair.com/videos&quot;&gt;Videos&lt;/a&gt;&lt;/li&gt;&#10;				&lt;li&gt;&lt;a href=&quot;http://www.youtube.com/user/creditrepair/videos&quot; target=&quot;_blank&quot;&gt;YouTube&lt;/a&gt;&lt;/li&gt;&#10;				&lt;li&gt;&lt;a href=&quot;https://www.creditrepair.com/review&quot;&gt;Create a Review&lt;/a&gt;&lt;/li&gt;&#10;			&lt;/ul&gt;&#10;		&lt;/div&gt;&#10;		&lt;div class=&quot;bottom_nav_section bottom_nav_section_education three columns&quot;&gt;&#10;			&lt;a href=&quot;https://www.creditrepair.com/articles&quot; class=&quot;bottom_nav_section_title&quot;&gt;Education&lt;span class=&quot;expand_contract&quot;&gt;&lt;/span&gt;&lt;/a&gt;&#10;			&lt;ul&gt;&#10;				&lt;li class=&quot;redundant&quot;&gt;Education&lt;/li&gt;&#10;				&lt;li&gt;&lt;a href=&quot;https://www.creditrepair.com/blog&quot;&gt;CreditRepair.com Blog&lt;/a&gt;&lt;/li&gt;&#10;				&lt;li&gt;&lt;a href=&quot;https://www.creditrepair.com/articles/credit-improvement&quot;&gt;Credit Improvement&lt;/a&gt;&lt;/li&gt;&#10;				&lt;li&gt;&lt;a href=&quot;https://www.creditrepair.com/articles/debt-solutions&quot;&gt;Debt Solutions&lt;/a&gt;&lt;/li&gt;&#10;				&lt;li&gt;&lt;a href=&quot;https://www.creditrepair.com/articles/identity-theft&quot;&gt;Identity Theft&lt;/a&gt;&lt;/li&gt;&#10;				&lt;li&gt;&lt;a href=&quot;https://www.creditrepair.com/articles/loan-center&quot;&gt;Loan Center&lt;/a&gt;&lt;/li&gt;&#10;				&lt;li&gt;&lt;a href=&quot;https://www.creditrepair.com/articles/savings-center&quot;&gt;Savings Center&lt;/a&gt;&lt;/li&gt;&#10;				&lt;li&gt;&lt;a href=&quot;https://www.creditrepair.com/score-estimator/&quot;&gt;Score Estimator&lt;/a&gt;&lt;/li&gt;&#10;				&lt;li&gt;&lt;a href=&quot;https://www.creditrepair.com/disputes-and-bureaus/&quot;&gt;Disputes and Bureaus&lt;/a&gt;&lt;/li&gt;&#10;			&lt;/ul&gt;&#10;		&lt;/div&gt;&#10;		&lt;div class=&quot;bottom_nav_section bottom_nav_section_sign_up_today three columns&quot;&gt;&#10;			&lt;a href=&quot;https://www.creditrepair.com/signup&quot; class=&quot;bottom_nav_section_title&quot;&gt;Sign Up Today&lt;span class=&quot;expand_contract&quot;&gt;&lt;/span&gt;&lt;/a&gt;&#10;			&lt;ul&gt;&#10;				&lt;li class=&quot;redundant&quot;&gt;Sign-Up Today&lt;/li&gt;&#10;				&lt;li&gt;&lt;a href=&quot;https://www.creditrepair.com/signup&quot;&gt;Get Started&lt;/a&gt;&lt;/li&gt;&#10;				&lt;li&gt;&lt;a href=&quot;https://www.creditrepair.com/mobile-app&quot;&gt;iPhone / iPad App&lt;/a&gt;&lt;/li&gt;&#10;				&lt;li&gt;&lt;a href=&quot;https://www.creditrepair.com/mobile-app&quot;&gt;Android App&lt;/a&gt;&lt;/li&gt;&#10;				&lt;li&gt;&lt;a href=&quot;http://members.creditrepair.com&quot;&gt;Member Log-In&lt;/a&gt;&lt;/li&gt;&#10;				&lt;li&gt;&lt;a href=&quot;https://www.creditrepair.com/unsubscribe&quot;&gt;Unsubscribe&lt;/a&gt;&lt;/li&gt;&#10;			&lt;/ul&gt;&#10;		&lt;/div&gt;&#10;		&lt;div class=&quot;bottom_nav_section bottom_nav_section_follow three columns&quot;&gt;&#10;			&lt;div class=&quot;bottom_nav_section_title follow&quot;&gt;Follow&lt;span class=&quot;expand_contract&quot;&gt;&lt;/span&gt;&lt;/div&gt;&#10;			&lt;ul&gt;&#10;				&lt;li class=&quot;redundant&quot;&gt;Follow&lt;/li&gt;&#10;				&lt;div class=&quot;social_icons&quot;&gt;&lt;a href=&quot;https://www.facebook.com/creditrepaircom&quot;&gt;&lt;img class=&quot;social_icons_img facebook&quot; src=&quot;https://www.creditrepair.com/content/dam/credit-repair/common/assets/imgs/Lex_SocialIcons_Facebook.png&quot;&gt;&lt;/a&gt;&lt;a href=&quot;https://twitter.com/creditrepair&quot;&gt;&lt;img class=&quot;social_icons_img twitter&quot; src=&quot;https://www.creditrepair.com/content/dam/credit-repair/common/assets/imgs/Lex_SocialIcons_Twitter.png&quot;&gt;&lt;/a&gt;&lt;a href=&quot;https://www.instagram.com/creditrepair.com/&quot;&gt;&lt;img class=&quot;social_icons_img instagram&quot; src=&quot;https://www.creditrepair.com/content/dam/credit-repair/common/assets/imgs/instagram.png&quot;&gt;&lt;/a&gt;&lt;/div&gt;&#10;			&lt;/ul&gt;&#10;		&lt;/div&gt;&#10;	&lt;/div&gt;&#10;	&lt;br class=&quot;clear&quot;&gt;&#10;&lt;/nav&gt;&#10;&#10;&lt;div id=&quot;copyright_wrapper&quot;&gt;&#10;	&lt;div class=&quot;container forced_bottom_margin&quot;&gt;&#10;		&lt;div id=&quot;copyright&quot; class=&quot;row&quot;&gt;&#10;			&lt;p class=&quot;fico-acknowledgment&quot;&gt;FICO and “The score lenders use” are trademarks or registered trademarks of Fair Isaac Corporation in the United States and other countries.&lt;/p&gt;&#10;			&lt;div id=&quot;copyright_text&quot;&gt;&#10;				©2020 CreditRepair.com, Inc.&amp;nbsp; All rights reserved.&lt;br&gt;&#10;				&lt;span style=&quot;font-style:italic&quot;&gt;** Your results will vary&lt;/span&gt;&lt;br&gt;&#10;				&lt;div class=&quot;badges&quot;&gt;&#10;            &lt;div class=&quot;cert_wrapper&quot;&gt;&#10;                &lt;span id=&quot;siteseal&quot;&gt;&#10;                    &lt;script async=&quot;&quot; type=&quot;text/javascript&quot; src=&quot;https://seal.godaddy.com/getSeal?sealID=dn0Hwvn3db1McpLGYLu6XHC20lORlGgebIAgbi3ZFOAuLvNaSehKIdCZq6rP&quot;&gt;&lt;/script&gt;&#10;            &lt;/span&gt;&lt;/div&gt;&#10;        &lt;/div&gt;&#10;				&lt;a href=&quot;https://www.creditrepair.com/confirm&quot; class=&quot;btn btn-small btn-green confirm_link&quot;&gt;Confirm&lt;/a&gt;&#10;				&lt;a href=&quot;https://www.creditrepair.com/credit-view/phone-confirmation.html&quot; class=&quot;btn btn-small btn-gray credit_view_link&quot;&gt;Credit View&lt;/a&gt;&#10;			&lt;/div&gt;&#10;			&lt;div id=&quot;digicert&quot;&gt;&#10;				&lt;!-- Begin VeriSign seal HTML and JavaScript --&gt;&#10;&#10;				&lt;table width=&quot;135&quot; border=&quot;0&quot; cellpadding=&quot;2&quot; cellspacing=&quot;0&quot; title=&quot;Click to Verify - This site chose Symantec SSL for secure e-commerce and confidential communications.&quot;&gt;&#10;					&lt;tbody&gt;&lt;tr&gt;&#10;						&lt;td width=&quot;135&quot; align=&quot;center&quot; valign=&quot;top&quot;&gt;&#10;							&lt;script type=&quot;text/javascript&quot; src=&quot;https://seal.verisign.com/getseal?host_name=www.creditrepair.com&amp;amp;size=M&amp;amp;use_flash=NO&amp;amp;use_transparent=NO&amp;amp;lang=en&quot;&gt;&lt;/script&gt;&#10;						&lt;/td&gt;&#10;					&lt;/tr&gt;&#10;				&lt;/tbody&gt;&lt;/table&gt;&#10;&#10;				&lt;!-- End VeriSign seal HTML and JavaScript --&gt;&#10;			&lt;/div&gt;&#10;			&lt;div id=&quot;bbb&quot;&gt;&#10;			&lt;/div&gt;&#10;			&lt;!-- &lt;div id=&quot;footer_tid&quot; style=&quot;float: right;&quot;&gt;10004&lt;/div&gt; --&gt;&#10;		&lt;/div&gt;&#10;	&lt;/div&gt;&#10;&lt;/div&gt;&#10;&lt;script type=&quot;text/javascript&quot;&gt;&#10;	$(function() {&#10;		PopPageDefault.initialize();&#10;	});&#10;&lt;/script&gt;&#10;&#10;&lt;div class=&quot;pop_page_default&quot; id=&quot;page_pop&quot;&gt;&#10;	&lt;div class=&quot;close_button&quot;&gt;&lt;/div&gt;&#10;	&lt;div class=&quot;logo&quot;&gt;CreditRepair.com&lt;/div&gt;&#10;	&lt;div class=&quot;heading&quot;&gt;Have a question?&lt;/div&gt;&#10;	&lt;div class=&quot;sub_heading&quot;&gt;Call us for a Free Credit Check&lt;br&gt;from a Credit Expert&lt;/div&gt;&#10;	&lt;div&gt;&lt;span&gt;1-&lt;span class=&quot;creditRepairPhoneNumber phoneNumber&quot;&gt;855-255-0263&lt;/span&gt;&lt;/span&gt;&lt;/div&gt;&#10;&lt;/div&gt;&#10;&#10;&#10;&lt;div id=&quot;back_to_top_button&quot; style=&quot;display: block;&quot;&gt;Top&lt;/div&gt;&#10;&#10;&#10;&lt;/div&gt;&#10;&#10;    &#10;&lt;/div&gt;&#10;&#10;    &lt;/div&gt;&#10;&lt;/div&gt;&lt;script src=&quot;https://www.googletagmanager.com/gtag/js?id=AW-995332405&quot;&gt;&lt;/script&gt;&#10;&lt;script&gt;&#10;    window.dataLayer = window.dataLayer || [];&#10;    function gtag(){dataLayer.push(arguments);}&#10;    gtag(&apos;js&apos;, new Date());&#10;    gtag(&apos;config&apos;, &apos;AW-995332405&apos;);&#10;    gtag(&apos;config&apos;, &apos;AW-1053751751&apos;);&#10;    gtag(&apos;config&apos;, &apos;AW-939232542&apos;);&#10;    gtag(&apos;config&apos;, &apos;AW-1070835421&apos;);&#10;    gtag(&apos;config&apos;, &apos;AW-989023685&apos;);&#10;    gtag(&apos;config&apos;, &apos;DC-8836660&apos;);&#10;    gtag(&apos;config&apos;, &apos;UA-30748937-1&apos;);&#10;&lt;/script&gt;&lt;script&gt;_satellite[&quot;__runScript1&quot;](function(event, target) {&#10;if(typeof jQuery==&apos;undefined&apos;) {&#10;    var headTag = document.getElementsByTagName(&quot;head&quot;)[0];&#10;    var jqTag = document.createElement(&apos;script&apos;);&#10;    jqTag.type = &apos;text/javascript&apos;;&#10;    jqTag.src = &apos;//code.jquery.com/jquery-1.12.4.min.js&apos;;&#10;    headTag.appendChild(jqTag);&#10;} &#10;});&lt;/script&gt;&#10;&#10;&#10;    &#10;&#10;&#10;&#10;&#10;    &#10;        &lt;link rel=&quot;stylesheet&quot; href=&quot;/content/dam/credit-repair/common/css/page-pop.css&quot; type=&quot;text/css&quot;&gt;&#10;    &#10;&#10;&#10;&#10;    &#10;&#10;&#10;&#10;&#10;&lt;script src=&quot;/content/dam/credit-repair/common/js/jquery-validate-v1.13.1.min.js&quot;&gt;&lt;/script&gt;&#10;&lt;script type=&quot;text/javascript&quot; src=&quot;/content/dam/credit-repair/common/js/marketing-tracking-LOT.js&quot;&gt;&lt;/script&gt;&#10;&lt;script src=&quot;/content/dam/credit-repair/common/js/vendor/js.cookie.js&quot;&gt;&lt;/script&gt;&#10;&#10;&#10;    &#10;        &lt;script type=&quot;text/javascript&quot; src=&quot;/content/dam/credit-repair/common/js/jquery-validate-v1.13.1.min.js&quot;&gt;&lt;/script&gt;&#10;    &#10;&#10;    &#10;        &lt;script type=&quot;text/javascript&quot; src=&quot;/content/dam/credit-repair/common/js/forms.js&quot;&gt;&lt;/script&gt;&#10;    &#10;&#10;    &#10;        &lt;script type=&quot;text/javascript&quot; src=&quot;/etc.clientlibs/cr/credit-snapshot/components/pages/credit-snapshot/libs/new-flow/prod.min.js&quot;&gt;&lt;/script&gt;&#10;    &#10;&#10;    &#10;        &lt;script type=&quot;text/javascript&quot; src=&quot;/etc.clientlibs/cr/credit-snapshot/components/content/personal-information/new-flow/prod.min.js&quot;&gt;&lt;/script&gt;&#10;    &#10;&#10;    &#10;        &lt;script type=&quot;text/javascript&quot; src=&quot;/content/dam/credit-repair/common/js/pop-page.js&quot;&gt;&lt;/script&gt;&#10;    &#10;&#10;    &#10;        &lt;script type=&quot;text/javascript&quot; src=&quot;/content/dam/credit-repair/common/js/persistent-footer-pop.js&quot;&gt;&lt;/script&gt;&#10;    &#10;&#10;    &#10;        &lt;script type=&quot;text/javascript&quot; src=&quot;/content/dam/credit-repair/home/js/cr-carousels.js&quot;&gt;&lt;/script&gt;&#10;    &#10;&#10;    &#10;        &lt;script type=&quot;text/javascript&quot; src=&quot;/content/dam/credit-repair/home/js/snapshot.js&quot;&gt;&lt;/script&gt;&#10;    &#10;&#10;    &#10;        &lt;script type=&quot;text/javascript&quot; src=&quot;/content/dam/credit-repair/home/js/modal-form.js&quot;&gt;&lt;/script&gt;&#10;    &#10;&#10;&#10;&#10;&#10;&#10;&lt;!--&lt;script type=&quot;text/javascript&quot;&gt;_satellite.pageBottom();&lt;/script&gt;--&gt;&#10;&#10;&lt;p class=&quot;site_bottom_copyright_ref_and_tid&quot; style=&quot;display:none;&quot; id=&quot;footer_tid&quot;&gt;(10004.0.1)&lt;/p&gt;&#10;&#10;&lt;script&gt;_satellite[&quot;__runScript2&quot;](function(event, target) {&#10;var gclidcookie = _satellite.cookie.get(&apos;gclid&apos;)&#10;&#10;if (window.location.search.indexOf(&apos;gclid=&apos;) &gt; -1) {&#10;    function getParameterByName(name, url) {&#10;        if (!url) url = decodeURIComponent(window.location.href);&#10;        name = name.replace(/[\[\]]/g, &apos;\\$&amp;&apos;);&#10;        var regex = new RegExp(&apos;[?&amp;]&apos; + name + &apos;(=([^&amp;#]*)|&amp;|#|$)&apos;),&#10;            results = regex.exec(url);&#10;        if (!results) return null;&#10;        if (!results[2]) return &apos;&apos;;&#10;        return decodeURIComponent(results[2].replace(/\+/g, &apos; &apos;));&#10;    }&#10;    var gclidcookie = getParameterByName(&apos;gclid&apos;);&#10;    document.cookie = &quot;gclid=&quot; + gclidcookie + &quot;;path=/; domain=.creditrepair.com;&quot;;&#10;}&#10;});&lt;/script&gt;&lt;!--&#10;Event snippet for CR Universal RTG Tag on https://www.creditrepair.com/: Please do not remove.&#10;Place this snippet on pages with events you&apos;re tracking. &#10;Creation date: 08/31/2018&#10;--&gt;&#10;&lt;iframe height=&quot;0&quot; width=&quot;0&quot; style=&quot;display: none; visibility: hidden;&quot; src=&quot;https://8836660.fls.doubleclick.net/activityi;src=8836660;type=brows0;cat=cruni0;ord=1;num=9703700774925;gtm=2od9u1;auiddc=887487244.1602548672;u1=%5BLogged%20In%20User%20(Y%2FN)%5D;u2=https%3A%2F%2Fwww.creditrepair.com%2F;~oref=https%3A%2F%2Fwww.creditrepair.com%2F?&quot;&gt;&lt;/iframe&gt;&lt;script&gt;&#10;  gtag(&apos;event&apos;, &apos;conversion&apos;, {&#10;    &apos;allow_custom_scripts&apos;: true,&#10;    &apos;u1&apos;: &apos;[Logged In User (Y\/N)]&apos;,&#10;    &apos;u2&apos;: &apos;https://www.creditrepair.com/&apos;,&#10;    &apos;send_to&apos;: &apos;DC-8836660/brows0/cruni0+unique&apos;&#10;  });&#10;&lt;/script&gt;&#10;&lt;noscript&gt;&lt;/noscript&gt;&#10;&lt;!-- End of event snippet: Please do not remove --&gt;&lt;!--&#10;Event snippet for CR Homepage on https://www.creditrepair.com/: Please do not remove.&#10;Place this snippet on pages with events you&apos;re tracking. &#10;Creation date: 08/31/2018&#10;--&gt;&#10;&lt;iframe height=&quot;0&quot; width=&quot;0&quot; style=&quot;display: none; visibility: hidden;&quot; src=&quot;https://8836660.fls.doubleclick.net/activityi;src=8836660;type=brows0;cat=crhom0;ord=3345869632813;gtm=2od9u1;auiddc=887487244.1602548672;u1=%5BLogged%20In%20User%20(Y%2FN)%5D;~oref=https%3A%2F%2Fwww.creditrepair.com%2F?&quot;&gt;&lt;/iframe&gt;&lt;script&gt;&#10;  gtag(&apos;event&apos;, &apos;conversion&apos;, {&#10;    &apos;allow_custom_scripts&apos;: true,&#10;    &apos;u1&apos;: &apos;[Logged In User (Y\/N)]&apos;,&#10;    &apos;send_to&apos;: &apos;DC-8836660/brows0/crhom0+standard&apos;&#10;  });&#10;&lt;/script&gt;&#10;&lt;noscript&gt;&lt;/noscript&gt;&#10;&lt;!-- End of event snippet: Please do not remove --&gt;&lt;script type=&quot;text/javascript&quot; src=&quot;//static.criteo.net/js/ld/ld.js&quot; async=&quot;true&quot;&gt;&lt;/script&gt;&#10;&lt;script type=&quot;text/javascript&quot;&gt;&#10;window.criteo_q = window.criteo_q || [];&#10;var deviceType= /iPad/.test(navigator.userAgent)?&quot;t&quot;:/Mobile|iP(hone|od)|Android|BlackBerry|IEMobile|Silk/.test(navigator.userAgent)?&quot;m&quot;:&quot;d&quot;;&#10;window.criteo_q.push(&#10;{ event: &quot;setAccount&quot;, account: 35738},&#10;{ event: &quot;setSiteType&quot;, type: deviceType},&#10;{ event: &quot;viewHome&quot;});&#10;&lt;/script&gt;&lt;script&gt;_satellite[&quot;__runScript3&quot;](function(event, target) {&#10;(function(h,o,t,j,a,r){&#10;    h.hj=h.hj||function(){(h.hj.q=h.hj.q||[]).push(arguments)};&#10;    h._hjSettings={hjid:1051427,hjsv:6};&#10;    a=o.getElementsByTagName(&apos;head&apos;)[0];&#10;    r=o.createElement(&apos;script&apos;);r.async=1;&#10;    r.src=t+h._hjSettings.hjid+j+h._hjSettings.hjsv;&#10;    a.appendChild(r);&#10;})(window,document,&apos;https://static.hotjar.com/c/hotjar-&apos;,&apos;.js?sv=&apos;);&#10;});&lt;/script&gt;&lt;script&gt;_satellite[&quot;__runScript4&quot;](function(event, target) {&#10;function whenAvailableInvoca(n){null===TrackingService.number?setTimeout(function(){whenAvailableInvoca(n)},500):n()}function invocaCall(){!function(n,t,a,e){n.InvocaTagId=e;var o=t.createElement(&quot;script&quot;);o.type=&quot;text/javascript&quot;,o.async=!1,o.src=(&quot;https:&quot;===t.location.protocol?&quot;https://&quot;:&quot;http://&quot;)+a;var c=t.getElementsByTagName(&quot;script&quot;)[0];c.parentNode.insertBefore(o,c)}(window,document,&quot;solutions.invocacdn.com/js/pnapi_integration-latest.min.js&quot;,&quot;929/2814517279&quot;)}whenAvailableInvoca(invocaCall);&#10;});&lt;/script&gt;&lt;div id=&quot;criteo-tags-div&quot; style=&quot;display: none;&quot;&gt;&lt;iframe src=&quot;https://gum.criteo.com/syncframe?topUrl=www.creditrepair.com#{&amp;quot;bundle&amp;quot;:{&amp;quot;origin&amp;quot;:0,&amp;quot;value&amp;quot;:null},&amp;quot;cw&amp;quot;:true,&amp;quot;lwid&amp;quot;:{&amp;quot;origin&amp;quot;:0,&amp;quot;value&amp;quot;:null},&amp;quot;optout&amp;quot;:{&amp;quot;origin&amp;quot;:0,&amp;quot;value&amp;quot;:null},&amp;quot;origin&amp;quot;:&amp;quot;onetag&amp;quot;,&amp;quot;pm&amp;quot;:0,&amp;quot;sid&amp;quot;:{&amp;quot;origin&amp;quot;:0,&amp;quot;value&amp;quot;:null},&amp;quot;tld&amp;quot;:&amp;quot;creditrepair.com&amp;quot;,&amp;quot;topUrl&amp;quot;:&amp;quot;www.creditrepair.com&amp;quot;,&amp;quot;uid&amp;quot;:null,&amp;quot;version&amp;quot;:&amp;quot;5_6_2&amp;quot;}&quot; id=&quot;criteo-syncframe&quot; width=&quot;0&quot; height=&quot;0&quot; frameborder=&quot;0&quot; style=&quot;border-width:0px; margin:0px; display:none&quot; title=&quot;Criteo GUM iframe&quot;&gt;&lt;/iframe&gt;&lt;/div&gt;&lt;div style=&quot;position:absolute; height:0; text-indent:100%; white-space:nowrap; overflow:hidden;&quot;&gt;&lt;script&gt;(function(w,d,t,r,u){var f,n,i;w[u]=w[u]||[],f=function(){var o={ti:&quot;4049571&quot;};o.q=w[u],w[u]=new UET(o),w[u].push(&quot;pageLoad&quot;)},n=d.createElement(t),n.src=r,n.async=1,n.onload=n.onreadystatechange=function(){var s=this.readyState;s&amp;&amp;s!==&quot;loaded&quot;&amp;&amp;s!==&quot;complete&quot;||(f(),n.onload=n.onreadystatechange=null)},i=d.getElementsByTagName(t)[0],i.parentNode.insertBefore(n,i)})(window,document,&quot;script&quot;,&quot;//bat.bing.com/bat.js&quot;,&quot;uetq&quot;);&lt;/script&gt;&lt;noscript&gt;&lt;img src=&quot;//bat.bing.com/action/0?ti=4049571&amp;Ver=2&quot; height=&quot;0&quot; width=&quot;0&quot; style=&quot;display:none; visibility: hidden;&quot; /&gt;&lt;/noscript&gt;&lt;script type=&quot;text/javascript&quot; src=&quot;//tags.mediaforge.com/js/2041&quot;&gt;&lt;/script&gt;&lt;/div&gt;&lt;div style=&quot;width:0px; height:0px; display:none; visibility:hidden;&quot; id=&quot;batBeacon207444441043&quot;&gt;&lt;img style=&quot;width:0px; height:0px; display:none; visibility:hidden;&quot; id=&quot;batBeacon479798652144&quot; width=&quot;0&quot; height=&quot;0&quot; alt=&quot;&quot; src=&quot;https://bat.bing.com/action/0?ti=4049571&amp;amp;Ver=2&amp;amp;mid=b10ec029-b8ef-4773-995d-92db5ffb2d88&amp;amp;sid=7728bdb00cea11ebbc8bd346a84cb2a2&amp;amp;vid=772a3fe00cea11eb9b6d0f9a4b087c1c&amp;amp;vids=0&amp;amp;pi=0&amp;amp;lg=en-US&amp;amp;sw=1680&amp;amp;sh=1050&amp;amp;sc=30&amp;amp;tl=Credit%20Repair%20Services%20-%20CreditRepair.com&amp;amp;p=https%3A%2F%2Fwww.creditrepair.com%2F&amp;amp;r=&amp;amp;lt=209&amp;amp;evt=pageLoad&amp;amp;msclkid=N&amp;amp;sv=1&amp;amp;rn=493371&quot;&gt;&lt;/div&gt;&lt;iframe src=&quot;https://bid.g.doubleclick.net/xbbe/pixel?d=KAE&quot; style=&quot;display: none;&quot;&gt;&lt;/iframe&gt;&lt;iframe height=&quot;0&quot; width=&quot;0&quot; title=&quot;Criteo DIS iframe&quot; style=&quot;display: none;&quot;&gt;&lt;/iframe&gt;&lt;script&gt;_satellite[&quot;__runScript5&quot;](function(event, target) {&#10;ADRUM.markVirtualPageBegin(&quot;sign-up-start&quot;,!1);&#10;});&lt;/script&gt;&lt;!-- Rev content --&gt;&#10;&lt;img src=&quot;//trends.revcontent.com/conv.php?t=IAmXscT3w1CsQyPu1DVGXQySjKpatQ9T30LRyzTxXHfPAhkpewhesFhEJPoBcKWJ&quot; style=&quot;display:none;&quot;&gt;&lt;!-- Dianomi --&gt;&#10;&lt;img src=&quot;https://www.dianomi.com/pixeltrack.pl?t=lexington.law&quot; width=&quot;1&quot; height=&quot;1&quot; style=&quot;display:none;&quot;&gt;&lt;!-- Outbrain --&gt;&#10;&lt;!--&#10;&lt;script data-obct type=&quot;text/javascript&quot;&gt;&#10;    /** DO NOT MODIFY THIS CODE**/&#10;    !function (_window, _document) {&#10;        var OB_ADV_ID = &apos;00e38c17d352f5c974955f8fa3d217cb47&apos;;&#10;        if (_window.obApi) { var toArray = function (object) { return Object.prototype.toString.call(object) === &apos;[object Array]&apos; ? object : [object]; }; _window.obApi.marketerId = toArray(_window.obApi.marketerId).concat(toArray(OB_ADV_ID)); return; }&#10;        var api = _window.obApi = function () { api.dispatch ? api.dispatch.apply(api, arguments) : api.queue.push(arguments); }; api.version = &apos;1.1&apos;; api.loaded = true; api.marketerId = OB_ADV_ID; api.queue = []; var tag = _document.createElement(&apos;script&apos;); tag.async = true; tag.src = &apos;//amplify.outbrain.com/cp/obtp.js&apos;; tag.type = &apos;text/javascript&apos;; var script = _document.getElementsByTagName(&apos;script&apos;)[0]; script.parentNode.insertBefore(tag, script);&#10;    }(window, document);&#10;    obApi(&apos;track&apos;, &apos;PAGE_VIEW&apos;);&#10;    obApi(&apos;track&apos;, &apos;Initiate Call&apos;);&#10;&lt;/script&gt;--&gt;&lt;!-- Yahoo CR --&gt;&#10;&lt;!--&#10;&lt;script type=&quot;application/javascript&quot;&gt;(function (w, d, t, r, u) { w[u] = w[u] || []; w[u].push({ &apos;projectId&apos;: &apos;10000&apos;, &apos;properties&apos;: { &apos;pixelId&apos;: &apos;10000585&apos; } }); var s = d.createElement(t); s.src = r; s.async = true; s.onload = s.onreadystatechange = function () { var y, rs = this.readyState, c = w[u]; if (rs &amp;&amp; rs != &quot;complete&quot; &amp;&amp; rs != &quot;loaded&quot;) { return } try { y = YAHOO.ywa.I13N.fireBeacon; w[u] = []; w[u].push = function (p) { y([p]) }; y(c) } catch (e) { } }; var scr = d.getElementsByTagName(t)[0], par = scr.parentNode; par.insertBefore(s, scr) })(window, document, &quot;script&quot;, &quot;https://s.yimg.com/wi/ytc.js&quot;, &quot;dotq&quot;);&lt;/script&gt;&#10;&lt;script type=&quot;application/javascript&quot;&gt;&#10;    window.dotq = window.dotq || [];&#10;    window.dotq.push(&#10;        {&#10;            &apos;projectId&apos;: &apos;10000&apos;,&#10;            &apos;properties&apos;: {&#10;                &apos;pixelId&apos;: &apos;10000585&apos;,&#10;                &apos;qstrings&apos;: {&#10;                    &apos;ec&apos;: &apos;clickout&apos;,&#10;                }&#10;            }&#10;        }); &#10;&lt;/script&gt;--&gt;&lt;!-- Facebook Pixel Code --&gt;&#10;&lt;script&gt;&#10;    !function (f, b, e, v, n, t, s) {&#10;        if (f.fbq) return; n = f.fbq = function () {&#10;            n.callMethod ?&#10;            n.callMethod.apply(n, arguments) : n.queue.push(arguments)&#10;        };&#10;        if (!f._fbq) f._fbq = n; n.push = n; n.loaded = !0; n.version = &apos;2.0&apos;;&#10;        n.queue = []; t = b.createElement(e); t.async = !0;&#10;        t.src = v; s = b.getElementsByTagName(e)[0];&#10;        s.parentNode.insertBefore(t, s)&#10;    }(window, document, &apos;script&apos;,&#10;        &apos;https://connect.facebook.net/en_US/fbevents.js&apos;);&#10;    fbq(&apos;init&apos;, &apos;1817185775266351&apos;);&#10;    fbq(&apos;track&apos;, &apos;Lead&apos;);&#10;&lt;/script&gt;&#10;&lt;noscript&gt;&lt;/noscript&gt;&lt;!-- Conversion pixel - PowerInbox --&gt;&#10;&lt;script type=&quot;text/javascript&quot;&gt;&#10;    window.pi_params = {};&#10;    pi_params.company_id = &apos;2730&apos;;&#10;   &#10;    (function() {&#10;        var pin = document.createElement(&apos;script&apos;);&#10;        pin.async = true;&#10;        pin.src = &apos;//cdn.powerinboxedge.com/framework/pi-notify.js&apos;;&#10;        var ref = document.getElementsByTagName(&apos;script&apos;)[0];&#10;        ref.parentNode.insertBefore(pin, ref);&#10;    })();&#10;&lt;/script&gt;&lt;!-- Quora Both Brands Clickout --&gt;&#10;&lt;script&gt;&#10;    !function (q, e, v, n, t, s) { if (q.qp) return; n = q.qp = function () { n.qp ? n.qp.apply(n, arguments) : n.queue.push(arguments); }; n.queue = []; t = document.createElement(e); t.async = !0; t.src = v; s = document.getElementsByTagName(e)[0]; s.parentNode.insertBefore(t, s); }(window, &apos;script&apos;, &apos;https://a.quora.com/qevents.js&apos;);&#10;    qp(&apos;init&apos;, &apos;b1dd746139444f4783f4ac3e7264cb31&apos;);&#10;    qp(&apos;track&apos;, &apos;ViewContent&apos;);&#10;    qp(&apos;track&apos;, &apos;GenerateLead&apos;);&#10;&lt;/script&gt;&#10;&lt;noscript&gt;&lt;/noscript&gt;&lt;!-- Reddit Clickout CR --&gt;&#10;&lt;script&gt;&#10;    !function (w, d) { if (!w.rdt) { var p = w.rdt = function () { p.sendEvent ? p.sendEvent.apply(p, arguments) : p.callQueue.push(arguments) }; p.callQueue = []; var t = d.createElement(&quot;script&quot;); t.src = &quot;https://www.redditstatic.com/ads/pixel.js&quot;, t.async = !0; var s = d.getElementsByTagName(&quot;script&quot;)[0]; s.parentNode.insertBefore(t, s) } }(window, document); rdt(&apos;init&apos;, &apos;t2_565yc9q8&apos;); rdt(&apos;track&apos;, &apos;PageVisit&apos;);&#10;&lt;/script&gt;&#10;&lt;script&gt;&#10;    rdt(&apos;track&apos;, &apos;Lead&apos;);&#10;&lt;/script&gt;&lt;img src=&quot;https://pt.ispot.tv/v2/TC-3528-1.gif?app=web&amp;amp;type=submit_info&quot; style=&quot;border:0&quot; alt=&quot;&quot;&gt;&lt;/body&gt;&lt;/html&gt;] but found [bs]"/>
  </testcase>
  <testcase name="canSubmitForm" classname="lex.tests.homepage.CRHomepageTests" time="4.091">
    <failure message="expected [&lt;html style=&quot;&quot; class=&quot;js backgroundsize cssgradients csstransforms csstransforms3d csstransitions cssremunit wf-sourcesanspro-n4-active wf-sourcesanspro-n7-active wf-sourcesanspro-i7-active wf-sourcesanspro-i4-active wf-sourcesanspro-n3-active wf-worksans-n3-active wf-worksans-n4-active wf-worksans-n7-active wf-active&quot;&gt;&lt;head class=&quot;at-element-marker&quot;&gt;&#10;&#10;&#10;&lt;meta http-equiv=&quot;content-type&quot; content=&quot;text/html; charset=UTF-8&quot;&gt;&#10;&lt;meta http-equiv=&quot;X-UA-Compatible&quot; content=&quot;IE=edge,chrome=1&quot;&gt;&#10;&#10;&#10;&#10;&#10;  &lt;meta name=&quot;description&quot; content=&quot;Our credit repair services help to fix your credit report. We have helped people take control of their financial lives from across the country. Our track record speaks for itself. Call CreditRepair.com for a free consultation today.&quot;&gt;&#10;&#10;&#10;&lt;meta name=&quot;viewport&quot; content=&quot;width=device-width,initial-scale=1,maximum-scale=1&quot;&gt;&#10;&#10;&#10;  &lt;meta name=&quot;google-site-verification&quot; content=&quot;-heGoALby8LFUkNJ1ONh5MqtujnysbIjlxkRwjlsFcE&quot;&gt;&#10;&#10;&#10;&#10;  &lt;meta name=&quot;robots&quot; content=&quot;index,follow&quot;&gt;&#10;&#10;&#10;&#10;  &lt;meta name=&quot;theme-color&quot; content=&quot;#007CB9&quot;&gt;&#10;&#10;&#10;&#10;&lt;script src=&quot;https://www.redditstatic.com/ads/pixel.js&quot; async=&quot;&quot;&gt;&lt;/script&gt;&lt;script async=&quot;&quot; src=&quot;https://a.quora.com/qevents.js&quot;&gt;&lt;/script&gt;&lt;script async=&quot;&quot; src=&quot;//cdn.powerinboxedge.com/framework/pi-notify.js&quot;&gt;&lt;/script&gt;&lt;script src=&quot;https://connect.facebook.net/signals/config/1817185775266351?v=2.9.27&amp;amp;r=stable&quot; async=&quot;&quot;&gt;&lt;/script&gt;&lt;script async=&quot;&quot; src=&quot;https://connect.facebook.net/en_US/fbevents.js&quot;&gt;&lt;/script&gt;&lt;script type=&quot;text/javascript&quot; src=&quot;https://solutions.invocacdn.com/js/pnapi_integration-latest.min.js&quot;&gt;&lt;/script&gt;&lt;script src=&quot;//bat.bing.com/bat.js&quot; async=&quot;&quot;&gt;&lt;/script&gt;&lt;script async=&quot;true&quot; type=&quot;text/javascript&quot; src=&quot;https://sslwidget.criteo.com/event?a=35738&amp;amp;v=5.6.2&amp;amp;p0=e%3Dexd%26site_type%3Dd&amp;amp;p1=e%3Dvh&amp;amp;p2=e%3Ddis&amp;amp;adce=1&amp;amp;tld=creditrepair.com&amp;amp;dtycbr=13342&quot; data-owner=&quot;criteo-tag&quot;&gt;&lt;/script&gt;&lt;script type=&quot;text/javascript&quot; async=&quot;&quot; src=&quot;https://www.google-analytics.com/analytics.js&quot;&gt;&lt;/script&gt;&lt;script type=&quot;text/javascript&quot; async=&quot;&quot; src=&quot;https://www.googleadservices.com/pagead/conversion_async.js&quot;&gt;&lt;/script&gt;&lt;script type=&quot;text/javascript&quot; async=&quot;&quot; src=&quot;https://www.googleadservices.com/pagead/conversion_async.js&quot;&gt;&lt;/script&gt;&lt;script type=&quot;text/javascript&quot; async=&quot;&quot; src=&quot;https://www.googleadservices.com/pagead/conversion_async.js&quot;&gt;&lt;/script&gt;&lt;script type=&quot;text/javascript&quot; async=&quot;&quot; src=&quot;https://www.googleadservices.com/pagead/conversion_async.js&quot;&gt;&lt;/script&gt;&lt;script type=&quot;text/javascript&quot; async=&quot;&quot; src=&quot;https://www.googletagmanager.com/gtag/js?id=UA-30748937-1&amp;amp;l=dataLayer&amp;amp;cx=c&quot;&gt;&lt;/script&gt;&lt;script type=&quot;text/javascript&quot; async=&quot;&quot; src=&quot;https://www.googletagmanager.com/gtag/js?id=DC-8836660&amp;amp;l=dataLayer&amp;amp;cx=c&quot;&gt;&lt;/script&gt;&lt;script type=&quot;text/javascript&quot; async=&quot;&quot; src=&quot;https://www.googletagmanager.com/gtag/js?id=AW-989023685&amp;amp;l=dataLayer&amp;amp;cx=c&quot;&gt;&lt;/script&gt;&lt;script type=&quot;text/javascript&quot; async=&quot;&quot; src=&quot;https://www.googletagmanager.com/gtag/js?id=AW-1070835421&amp;amp;l=dataLayer&amp;amp;cx=c&quot;&gt;&lt;/script&gt;&lt;script type=&quot;text/javascript&quot; async=&quot;&quot; src=&quot;https://www.googletagmanager.com/gtag/js?id=AW-939232542&amp;amp;l=dataLayer&amp;amp;cx=c&quot;&gt;&lt;/script&gt;&lt;script type=&quot;text/javascript&quot; async=&quot;&quot; src=&quot;https://www.googletagmanager.com/gtag/js?id=AW-1053751751&amp;amp;l=dataLayer&amp;amp;cx=c&quot;&gt;&lt;/script&gt;&lt;script type=&quot;text/javascript&quot; async=&quot;&quot; src=&quot;https://www.googleadservices.com/pagead/conversion_async.js&quot;&gt;&lt;/script&gt;&lt;script&gt;&#10;  !function(a,b){&quot;object&quot;==typeof module&amp;&amp;&quot;object&quot;==typeof module.exports?module.exports=a.document?b(a,!0):function(a){if(!a.document)throw new Error(&quot;jQuery requires a window with a document&quot;);return b(a)}:b(a)}(&quot;undefined&quot;!=typeof window?window:this,function(a,b){var c=[],d=a.document,e=c.slice,f=c.concat,g=c.push,h=c.indexOf,i={},j=i.toString,k=i.hasOwnProperty,l={},m=&quot;2.2.0&quot;,n=function(a,b){return new n.fn.init(a,b)},o=/^[\s\uFEFF\xA0]+|[\s\uFEFF\xA0]+$/g,p=/^-ms-/,q=/-([\da-z])/gi,r=function(a,b){return b.toUpperCase()};n.fn=n.prototype={jquery:m,constructor:n,selector:&quot;&quot;,length:0,toArray:function(){return e.call(this)},get:function(a){return null!=a?0&gt;a?this[a+this.length]:this[a]:e.call(this)},pushStack:function(a){var b=n.merge(this.constructor(),a);return b.prevObject=this,b.context=this.context,b},each:function(a){return n.each(this,a)},map:function(a){return this.pushStack(n.map(this,function(b,c){return a.call(b,c,b)}))},slice:function(){return this.pushStack(e.apply(this,arguments))},first:function(){return this.eq(0)},last:function(){return this.eq(-1)},eq:function(a){var b=this.length,c=+a+(0&gt;a?b:0);return this.pushStack(c&gt;=0&amp;&amp;b&gt;c?[this[c]]:[])},end:function(){return this.prevObject||this.constructor()},push:g,sort:c.sort,splice:c.splice},n.extend=n.fn.extend=function(){var a,b,c,d,e,f,g=arguments[0]||{},h=1,i=arguments.length,j=!1;for(&quot;boolean&quot;==typeof g&amp;&amp;(j=g,g=arguments[h]||{},h++),&quot;object&quot;==typeof g||n.isFunction(g)||(g={}),h===i&amp;&amp;(g=this,h--);i&gt;h;h++)if(null!=(a=arguments[h]))for(b in a)c=g[b],d=a[b],g!==d&amp;&amp;(j&amp;&amp;d&amp;&amp;(n.isPlainObject(d)||(e=n.isArray(d)))?(e?(e=!1,f=c&amp;&amp;n.isArray(c)?c:[]):f=c&amp;&amp;n.isPlainObject(c)?c:{},g[b]=n.extend(j,f,d)):void 0!==d&amp;&amp;(g[b]=d));return g},n.extend({expando:&quot;jQuery&quot;+(m+Math.random()).replace(/\D/g,&quot;&quot;),isReady:!0,error:function(a){throw new Error(a)},noop:function(){},isFunction:function(a){return&quot;function&quot;===n.type(a)},isArray:Array.isArray,isWindow:function(a){return null!=a&amp;&amp;a===a.window},isNumeric:function(a){var b=a&amp;&amp;a.toString();return!n.isArray(a)&amp;&amp;b-parseFloat(b)+1&gt;=0},isPlainObject:function(a){return&quot;object&quot;!==n.type(a)||a.nodeType||n.isWindow(a)?!1:a.constructor&amp;&amp;!k.call(a.constructor.prototype,&quot;isPrototypeOf&quot;)?!1:!0},isEmptyObject:function(a){var b;for(b in a)return!1;return!0},type:function(a){return null==a?a+&quot;&quot;:&quot;object&quot;==typeof a||&quot;function&quot;==typeof a?i[j.call(a)]||&quot;object&quot;:typeof a},globalEval:function(a){var b,c=eval;a=n.trim(a),a&amp;&amp;(1===a.indexOf(&quot;use strict&quot;)?(b=d.createElement(&quot;script&quot;),b.text=a,d.head.appendChild(b).parentNode.removeChild(b)):c(a))},camelCase:function(a){return a.replace(p,&quot;ms-&quot;).replace(q,r)},nodeName:function(a,b){return a.nodeName&amp;&amp;a.nodeName.toLowerCase()===b.toLowerCase()},each:function(a,b){var c,d=0;if(s(a)){for(c=a.length;c&gt;d;d++)if(b.call(a[d],d,a[d])===!1)break}else for(d in a)if(b.call(a[d],d,a[d])===!1)break;return a},trim:function(a){return null==a?&quot;&quot;:(a+&quot;&quot;).replace(o,&quot;&quot;)},makeArray:function(a,b){var c=b||[];return null!=a&amp;&amp;(s(Object(a))?n.merge(c,&quot;string&quot;==typeof a?[a]:a):g.call(c,a)),c},inArray:function(a,b,c){return null==b?-1:h.call(b,a,c)},merge:function(a,b){for(var c=+b.length,d=0,e=a.length;c&gt;d;d++)a[e++]=b[d];return a.length=e,a},grep:function(a,b,c){for(var d,e=[],f=0,g=a.length,h=!c;g&gt;f;f++)d=!b(a[f],f),d!==h&amp;&amp;e.push(a[f]);return e},map:function(a,b,c){var d,e,g=0,h=[];if(s(a))for(d=a.length;d&gt;g;g++)e=b(a[g],g,c),null!=e&amp;&amp;h.push(e);else for(g in a)e=b(a[g],g,c),null!=e&amp;&amp;h.push(e);return f.apply([],h)},guid:1,proxy:function(a,b){var c,d,f;return&quot;string&quot;==typeof b&amp;&amp;(c=a[b],b=a,a=c),n.isFunction(a)?(d=e.call(arguments,2),f=function(){return a.apply(b||this,d.concat(e.call(arguments)))},f.guid=a.guid=a.guid||n.guid++,f):void 0},now:Date.now,support:l}),&quot;function&quot;==typeof Symbol&amp;&amp;(n.fn[Symbol.iterator]=c[Symbol.iterator]),n.each(&quot;Boolean Number String Function Array Date RegExp Object Error Symbol&quot;.split(&quot; &quot;),function(a,b){i[&quot;[object &quot;+b+&quot;]&quot;]=b.toLowerCase()});function s(a){var b=!!a&amp;&amp;&quot;length&quot;in a&amp;&amp;a.length,c=n.type(a);return&quot;function&quot;===c||n.isWindow(a)?!1:&quot;array&quot;===c||0===b||&quot;number&quot;==typeof b&amp;&amp;b&gt;0&amp;&amp;b-1 in a}var t=function(a){var b,c,d,e,f,g,h,i,j,k,l,m,n,o,p,q,r,s,t,u=&quot;sizzle&quot;+1*new Date,v=a.document,w=0,x=0,y=ga(),z=ga(),A=ga(),B=function(a,b){return a===b&amp;&amp;(l=!0),0},C=1&lt;&lt;31,D={}.hasOwnProperty,E=[],F=E.pop,G=E.push,H=E.push,I=E.slice,J=function(a,b){for(var c=0,d=a.length;d&gt;c;c++)if(a[c]===b)return c;return-1},K=&quot;checked|selected|async|autofocus|autoplay|controls|defer|disabled|hidden|ismap|loop|multiple|open|readonly|required|scoped&quot;,L=&quot;[\\x20\\t\\r\\n\\f]&quot;,M=&quot;(?:\\\\.|[\\w-]|[^\\x00-\\xa0])+&quot;,N=&quot;\\[&quot;+L+&quot;*(&quot;+M+&quot;)(?:&quot;+L+&quot;*([*^$|!~]?=)&quot;+L+&quot;*(?:&apos;((?:\\\\.|[^\\\\&apos;])*)&apos;|\&quot;((?:\\\\.|[^\\\\\&quot;])*)\&quot;|(&quot;+M+&quot;))|)&quot;+L+&quot;*\\]&quot;,O=&quot;:(&quot;+M+&quot;)(?:\\(((&apos;((?:\\\\.|[^\\\\&apos;])*)&apos;|\&quot;((?:\\\\.|[^\\\\\&quot;])*)\&quot;)|((?:\\\\.|[^\\\\()[\\]]|&quot;+N+&quot;)*)|.*)\\)|)&quot;,P=new RegExp(L+&quot;+&quot;,&quot;g&quot;),Q=new RegExp(&quot;^&quot;+L+&quot;+|((?:^|[^\\\\])(?:\\\\.)*)&quot;+L+&quot;+$&quot;,&quot;g&quot;),R=new RegExp(&quot;^&quot;+L+&quot;*,&quot;+L+&quot;*&quot;),S=new RegExp(&quot;^&quot;+L+&quot;*([&gt;+~]|&quot;+L+&quot;)&quot;+L+&quot;*&quot;),T=new RegExp(&quot;=&quot;+L+&quot;*([^\\]&apos;\&quot;]*?)&quot;+L+&quot;*\\]&quot;,&quot;g&quot;),U=new RegExp(O),V=new RegExp(&quot;^&quot;+M+&quot;$&quot;),W={ID:new RegExp(&quot;^#(&quot;+M+&quot;)&quot;),CLASS:new RegExp(&quot;^\\.(&quot;+M+&quot;)&quot;),TAG:new RegExp(&quot;^(&quot;+M+&quot;|[*])&quot;),ATTR:new RegExp(&quot;^&quot;+N),PSEUDO:new RegExp(&quot;^&quot;+O),CHILD:new RegExp(&quot;^:(only|first|last|nth|nth-last)-(child|of-type)(?:\\(&quot;+L+&quot;*(even|odd|(([+-]|)(\\d*)n|)&quot;+L+&quot;*(?:([+-]|)&quot;+L+&quot;*(\\d+)|))&quot;+L+&quot;*\\)|)&quot;,&quot;i&quot;),bool:new RegExp(&quot;^(?:&quot;+K+&quot;)$&quot;,&quot;i&quot;),needsContext:new RegExp(&quot;^&quot;+L+&quot;*[&gt;+~]|:(even|odd|eq|gt|lt|nth|first|last)(?:\\(&quot;+L+&quot;*((?:-\\d)?\\d*)&quot;+L+&quot;*\\)|)(?=[^-]|$)&quot;,&quot;i&quot;)},X=/^(?:input|select|textarea|button)$/i,Y=/^h\d$/i,Z=/^[^{]+\{\s*\[native \w/,$=/^(?:#([\w-]+)|(\w+)|\.([\w-]+))$/,_=/[+~]/,aa=/&apos;|\\/g,ba=new RegExp(&quot;\\\\([\\da-f]{1,6}&quot;+L+&quot;?|(&quot;+L+&quot;)|.)&quot;,&quot;ig&quot;),ca=function(a,b,c){var d=&quot;0x&quot;+b-65536;return d!==d||c?b:0&gt;d?String.fromCharCode(d+65536):String.fromCharCode(d&gt;&gt;10|55296,1023&amp;d|56320)},da=function(){m()};try{H.apply(E=I.call(v.childNodes),v.childNodes),E[v.childNodes.length].nodeType}catch(ea){H={apply:E.length?function(a,b){G.apply(a,I.call(b))}:function(a,b){var c=a.length,d=0;while(a[c++]=b[d++]);a.length=c-1}}}function fa(a,b,d,e){var f,h,j,k,l,o,r,s,w=b&amp;&amp;b.ownerDocument,x=b?b.nodeType:9;if(d=d||[],&quot;string&quot;!=typeof a||!a||1!==x&amp;&amp;9!==x&amp;&amp;11!==x)return d;if(!e&amp;&amp;((b?b.ownerDocument||b:v)!==n&amp;&amp;m(b),b=b||n,p)){if(11!==x&amp;&amp;(o=$.exec(a)))if(f=o[1]){if(9===x){if(!(j=b.getElementById(f)))return d;if(j.id===f)return d.push(j),d}else if(w&amp;&amp;(j=w.getElementById(f))&amp;&amp;t(b,j)&amp;&amp;j.id===f)return d.push(j),d}else{if(o[2])return H.apply(d,b.getElementsByTagName(a)),d;if((f=o[3])&amp;&amp;c.getElementsByClassName&amp;&amp;b.getElementsByClassName)return H.apply(d,b.getElementsByClassName(f)),d}if(c.qsa&amp;&amp;!A[a+&quot; &quot;]&amp;&amp;(!q||!q.test(a))){if(1!==x)w=b,s=a;else if(&quot;object&quot;!==b.nodeName.toLowerCase()){(k=b.getAttribute(&quot;id&quot;))?k=k.replace(aa,&quot;\\$&amp;&quot;):b.setAttribute(&quot;id&quot;,k=u),r=g(a),h=r.length,l=V.test(k)?&quot;#&quot;+k:&quot;[id=&apos;&quot;+k+&quot;&apos;]&quot;;while(h--)r[h]=l+&quot; &quot;+qa(r[h]);s=r.join(&quot;,&quot;),w=_.test(a)&amp;&amp;oa(b.parentNode)||b}if(s)try{return H.apply(d,w.querySelectorAll(s)),d}catch(y){}finally{k===u&amp;&amp;b.removeAttribute(&quot;id&quot;)}}}return i(a.replace(Q,&quot;$1&quot;),b,d,e)}function ga(){var a=[];function b(c,e){return a.push(c+&quot; &quot;)&gt;d.cacheLength&amp;&amp;delete b[a.shift()],b[c+&quot; &quot;]=e}return b}function ha(a){return a[u]=!0,a}function ia(a){var b=n.createElement(&quot;div&quot;);try{return!!a(b)}catch(c){return!1}finally{b.parentNode&amp;&amp;b.parentNode.removeChild(b),b=null}}function ja(a,b){var c=a.split(&quot;|&quot;),e=c.length;while(e--)d.attrHandle[c[e]]=b}function ka(a,b){var c=b&amp;&amp;a,d=c&amp;&amp;1===a.nodeType&amp;&amp;1===b.nodeType&amp;&amp;(~b.sourceIndex||C)-(~a.sourceIndex||C);if(d)return d;if(c)while(c=c.nextSibling)if(c===b)return-1;return a?1:-1}function la(a){return function(b){var c=b.nodeName.toLowerCase();return&quot;input&quot;===c&amp;&amp;b.type===a}}function ma(a){return function(b){var c=b.nodeName.toLowerCase();return(&quot;input&quot;===c||&quot;button&quot;===c)&amp;&amp;b.type===a}}function na(a){return ha(function(b){return b=+b,ha(function(c,d){var e,f=a([],c.length,b),g=f.length;while(g--)c[e=f[g]]&amp;&amp;(c[e]=!(d[e]=c[e]))})})}function oa(a){return a&amp;&amp;&quot;undefined&quot;!=typeof a.getElementsByTagName&amp;&amp;a}c=fa.support={},f=fa.isXML=function(a){var b=a&amp;&amp;(a.ownerDocument||a).documentElement;return b?&quot;HTML&quot;!==b.nodeName:!1},m=fa.setDocument=function(a){var b,e,g=a?a.ownerDocument||a:v;return g!==n&amp;&amp;9===g.nodeType&amp;&amp;g.documentElement?(n=g,o=n.documentElement,p=!f(n),(e=n.defaultView)&amp;&amp;e.top!==e&amp;&amp;(e.addEventListener?e.addEventListener(&quot;unload&quot;,da,!1):e.attachEvent&amp;&amp;e.attachEvent(&quot;onunload&quot;,da)),c.attributes=ia(function(a){return a.className=&quot;i&quot;,!a.getAttribute(&quot;className&quot;)}),c.getElementsByTagName=ia(function(a){return a.appendChild(n.createComment(&quot;&quot;)),!a.getElementsByTagName(&quot;*&quot;).length}),c.getElementsByClassName=Z.test(n.getElementsByClassName),c.getById=ia(function(a){return o.appendChild(a).id=u,!n.getElementsByName||!n.getElementsByName(u).length}),c.getById?(d.find.ID=function(a,b){if(&quot;undefined&quot;!=typeof b.getElementById&amp;&amp;p){var c=b.getElementById(a);return c?[c]:[]}},d.filter.ID=function(a){var b=a.replace(ba,ca);return function(a){return a.getAttribute(&quot;id&quot;)===b}}):(delete d.find.ID,d.filter.ID=function(a){var b=a.replace(ba,ca);return function(a){var c=&quot;undefined&quot;!=typeof a.getAttributeNode&amp;&amp;a.getAttributeNode(&quot;id&quot;);return c&amp;&amp;c.value===b}}),d.find.TAG=c.getElementsByTagName?function(a,b){return&quot;undefined&quot;!=typeof b.getElementsByTagName?b.getElementsByTagName(a):c.qsa?b.querySelectorAll(a):void 0}:function(a,b){var c,d=[],e=0,f=b.getElementsByTagName(a);if(&quot;*&quot;===a){while(c=f[e++])1===c.nodeType&amp;&amp;d.push(c);return d}return f},d.find.CLASS=c.getElementsByClassName&amp;&amp;function(a,b){return&quot;undefined&quot;!=typeof b.getElementsByClassName&amp;&amp;p?b.getElementsByClassName(a):void 0},r=[],q=[],(c.qsa=Z.test(n.querySelectorAll))&amp;&amp;(ia(function(a){o.appendChild(a).innerHTML=&quot;&lt;a id=&apos;&quot;+u+&quot;&apos;&gt;&lt;/a&gt;&lt;select id=&apos;&quot;+u+&quot;-\r\\&apos; msallowcapture=&apos;&apos;&gt;&lt;option selected=&apos;&apos;&gt;&lt;/option&gt;&lt;/select&gt;&quot;,a.querySelectorAll(&quot;[msallowcapture^=&apos;&apos;]&quot;).length&amp;&amp;q.push(&quot;[*^$]=&quot;+L+&quot;*(?:&apos;&apos;|\&quot;\&quot;)&quot;),a.querySelectorAll(&quot;[selected]&quot;).length||q.push(&quot;\\[&quot;+L+&quot;*(?:value|&quot;+K+&quot;)&quot;),a.querySelectorAll(&quot;[id~=&quot;+u+&quot;-]&quot;).length||q.push(&quot;~=&quot;),a.querySelectorAll(&quot;:checked&quot;).length||q.push(&quot;:checked&quot;),a.querySelectorAll(&quot;a#&quot;+u+&quot;+*&quot;).length||q.push(&quot;.#.+[+~]&quot;)}),ia(function(a){var b=n.createElement(&quot;input&quot;);b.setAttribute(&quot;type&quot;,&quot;hidden&quot;),a.appendChild(b).setAttribute(&quot;name&quot;,&quot;D&quot;),a.querySelectorAll(&quot;[name=d]&quot;).length&amp;&amp;q.push(&quot;name&quot;+L+&quot;*[*^$|!~]?=&quot;),a.querySelectorAll(&quot;:enabled&quot;).length||q.push(&quot;:enabled&quot;,&quot;:disabled&quot;),a.querySelectorAll(&quot;*,:x&quot;),q.push(&quot;,.*:&quot;)})),(c.matchesSelector=Z.test(s=o.matches||o.webkitMatchesSelector||o.mozMatchesSelector||o.oMatchesSelector||o.msMatchesSelector))&amp;&amp;ia(function(a){c.disconnectedMatch=s.call(a,&quot;div&quot;),s.call(a,&quot;[s!=&apos;&apos;]:x&quot;),r.push(&quot;!=&quot;,O)}),q=q.length&amp;&amp;new RegExp(q.join(&quot;|&quot;)),r=r.length&amp;&amp;new RegExp(r.join(&quot;|&quot;)),b=Z.test(o.compareDocumentPosition),t=b||Z.test(o.contains)?function(a,b){var c=9===a.nodeType?a.documentElement:a,d=b&amp;&amp;b.parentNode;return a===d||!(!d||1!==d.nodeType||!(c.contains?c.contains(d):a.compareDocumentPosition&amp;&amp;16&amp;a.compareDocumentPosition(d)))}:function(a,b){if(b)while(b=b.parentNode)if(b===a)return!0;return!1},B=b?function(a,b){if(a===b)return l=!0,0;var d=!a.compareDocumentPosition-!b.compareDocumentPosition;return d?d:(d=(a.ownerDocument||a)===(b.ownerDocument||b)?a.compareDocumentPosition(b):1,1&amp;d||!c.sortDetached&amp;&amp;b.compareDocumentPosition(a)===d?a===n||a.ownerDocument===v&amp;&amp;t(v,a)?-1:b===n||b.ownerDocument===v&amp;&amp;t(v,b)?1:k?J(k,a)-J(k,b):0:4&amp;d?-1:1)}:function(a,b){if(a===b)return l=!0,0;var c,d=0,e=a.parentNode,f=b.parentNode,g=[a],h=[b];if(!e||!f)return a===n?-1:b===n?1:e?-1:f?1:k?J(k,a)-J(k,b):0;if(e===f)return ka(a,b);c=a;while(c=c.parentNode)g.unshift(c);c=b;while(c=c.parentNode)h.unshift(c);while(g[d]===h[d])d++;return d?ka(g[d],h[d]):g[d]===v?-1:h[d]===v?1:0},n):n},fa.matches=function(a,b){return fa(a,null,null,b)},fa.matchesSelector=function(a,b){if((a.ownerDocument||a)!==n&amp;&amp;m(a),b=b.replace(T,&quot;=&apos;$1&apos;]&quot;),c.matchesSelector&amp;&amp;p&amp;&amp;!A[b+&quot; &quot;]&amp;&amp;(!r||!r.test(b))&amp;&amp;(!q||!q.test(b)))try{var d=s.call(a,b);if(d||c.disconnectedMatch||a.document&amp;&amp;11!==a.document.nodeType)return d}catch(e){}return fa(b,n,null,[a]).length&gt;0},fa.contains=function(a,b){return(a.ownerDocument||a)!==n&amp;&amp;m(a),t(a,b)},fa.attr=function(a,b){(a.ownerDocument||a)!==n&amp;&amp;m(a);var e=d.attrHandle[b.toLowerCase()],f=e&amp;&amp;D.call(d.attrHandle,b.toLowerCase())?e(a,b,!p):void 0;return void 0!==f?f:c.attributes||!p?a.getAttribute(b):(f=a.getAttributeNode(b))&amp;&amp;f.specified?f.value:null},fa.error=function(a){throw new Error(&quot;Syntax error, unrecognized expression: &quot;+a)},fa.uniqueSort=function(a){var b,d=[],e=0,f=0;if(l=!c.detectDuplicates,k=!c.sortStable&amp;&amp;a.slice(0),a.sort(B),l){while(b=a[f++])b===a[f]&amp;&amp;(e=d.push(f));while(e--)a.splice(d[e],1)}return k=null,a},e=fa.getText=function(a){var b,c=&quot;&quot;,d=0,f=a.nodeType;if(f){if(1===f||9===f||11===f){if(&quot;string&quot;==typeof a.textContent)return a.textContent;for(a=a.firstChild;a;a=a.nextSibling)c+=e(a)}else if(3===f||4===f)return a.nodeValue}else while(b=a[d++])c+=e(b);return c},d=fa.selectors={cacheLength:50,createPseudo:ha,match:W,attrHandle:{},find:{},relative:{&quot;&gt;&quot;:{dir:&quot;parentNode&quot;,first:!0},&quot; &quot;:{dir:&quot;parentNode&quot;},&quot;+&quot;:{dir:&quot;previousSibling&quot;,first:!0},&quot;~&quot;:{dir:&quot;previousSibling&quot;}},preFilter:{ATTR:function(a){return a[1]=a[1].replace(ba,ca),a[3]=(a[3]||a[4]||a[5]||&quot;&quot;).replace(ba,ca),&quot;~=&quot;===a[2]&amp;&amp;(a[3]=&quot; &quot;+a[3]+&quot; &quot;),a.slice(0,4)},CHILD:function(a){return a[1]=a[1].toLowerCase(),&quot;nth&quot;===a[1].slice(0,3)?(a[3]||fa.error(a[0]),a[4]=+(a[4]?a[5]+(a[6]||1):2*(&quot;even&quot;===a[3]||&quot;odd&quot;===a[3])),a[5]=+(a[7]+a[8]||&quot;odd&quot;===a[3])):a[3]&amp;&amp;fa.error(a[0]),a},PSEUDO:function(a){var b,c=!a[6]&amp;&amp;a[2];return W.CHILD.test(a[0])?null:(a[3]?a[2]=a[4]||a[5]||&quot;&quot;:c&amp;&amp;U.test(c)&amp;&amp;(b=g(c,!0))&amp;&amp;(b=c.indexOf(&quot;)&quot;,c.length-b)-c.length)&amp;&amp;(a[0]=a[0].slice(0,b),a[2]=c.slice(0,b)),a.slice(0,3))}},filter:{TAG:function(a){var b=a.replace(ba,ca).toLowerCase();return&quot;*&quot;===a?function(){return!0}:function(a){return a.nodeName&amp;&amp;a.nodeName.toLowerCase()===b}},CLASS:function(a){var b=y[a+&quot; &quot;];return b||(b=new RegExp(&quot;(^|&quot;+L+&quot;)&quot;+a+&quot;(&quot;+L+&quot;|$)&quot;))&amp;&amp;y(a,function(a){return b.test(&quot;string&quot;==typeof a.className&amp;&amp;a.className||&quot;undefined&quot;!=typeof a.getAttribute&amp;&amp;a.getAttribute(&quot;class&quot;)||&quot;&quot;)})},ATTR:function(a,b,c){return function(d){var e=fa.attr(d,a);return null==e?&quot;!=&quot;===b:b?(e+=&quot;&quot;,&quot;=&quot;===b?e===c:&quot;!=&quot;===b?e!==c:&quot;^=&quot;===b?c&amp;&amp;0===e.indexOf(c):&quot;*=&quot;===b?c&amp;&amp;e.indexOf(c)&gt;-1:&quot;$=&quot;===b?c&amp;&amp;e.slice(-c.length)===c:&quot;~=&quot;===b?(&quot; &quot;+e.replace(P,&quot; &quot;)+&quot; &quot;).indexOf(c)&gt;-1:&quot;|=&quot;===b?e===c||e.slice(0,c.length+1)===c+&quot;-&quot;:!1):!0}},CHILD:function(a,b,c,d,e){var f=&quot;nth&quot;!==a.slice(0,3),g=&quot;last&quot;!==a.slice(-4),h=&quot;of-type&quot;===b;return 1===d&amp;&amp;0===e?function(a){return!!a.parentNode}:function(b,c,i){var j,k,l,m,n,o,p=f!==g?&quot;nextSibling&quot;:&quot;previousSibling&quot;,q=b.parentNode,r=h&amp;&amp;b.nodeName.toLowerCase(),s=!i&amp;&amp;!h,t=!1;if(q){if(f){while(p){m=b;while(m=m[p])if(h?m.nodeName.toLowerCase()===r:1===m.nodeType)return!1;o=p=&quot;only&quot;===a&amp;&amp;!o&amp;&amp;&quot;nextSibling&quot;}return!0}if(o=[g?q.firstChild:q.lastChild],g&amp;&amp;s){m=q,l=m[u]||(m[u]={}),k=l[m.uniqueID]||(l[m.uniqueID]={}),j=k[a]||[],n=j[0]===w&amp;&amp;j[1],t=n&amp;&amp;j[2],m=n&amp;&amp;q.childNodes[n];while(m=++n&amp;&amp;m&amp;&amp;m[p]||(t=n=0)||o.pop())if(1===m.nodeType&amp;&amp;++t&amp;&amp;m===b){k[a]=[w,n,t];break}}else if(s&amp;&amp;(m=b,l=m[u]||(m[u]={}),k=l[m.uniqueID]||(l[m.uniqueID]={}),j=k[a]||[],n=j[0]===w&amp;&amp;j[1],t=n),t===!1)while(m=++n&amp;&amp;m&amp;&amp;m[p]||(t=n=0)||o.pop())if((h?m.nodeName.toLowerCase()===r:1===m.nodeType)&amp;&amp;++t&amp;&amp;(s&amp;&amp;(l=m[u]||(m[u]={}),k=l[m.uniqueID]||(l[m.uniqueID]={}),k[a]=[w,t]),m===b))break;return t-=e,t===d||t%d===0&amp;&amp;t/d&gt;=0}}},PSEUDO:function(a,b){var c,e=d.pseudos[a]||d.setFilters[a.toLowerCase()]||fa.error(&quot;unsupported pseudo: &quot;+a);return e[u]?e(b):e.length&gt;1?(c=[a,a,&quot;&quot;,b],d.setFilters.hasOwnProperty(a.toLowerCase())?ha(function(a,c){var d,f=e(a,b),g=f.length;while(g--)d=J(a,f[g]),a[d]=!(c[d]=f[g])}):function(a){return e(a,0,c)}):e}},pseudos:{not:ha(function(a){var b=[],c=[],d=h(a.replace(Q,&quot;$1&quot;));return d[u]?ha(function(a,b,c,e){var f,g=d(a,null,e,[]),h=a.length;while(h--)(f=g[h])&amp;&amp;(a[h]=!(b[h]=f))}):function(a,e,f){return b[0]=a,d(b,null,f,c),b[0]=null,!c.pop()}}),has:ha(function(a){return function(b){return fa(a,b).length&gt;0}}),contains:ha(function(a){return a=a.replace(ba,ca),function(b){return(b.textContent||b.innerText||e(b)).indexOf(a)&gt;-1}}),lang:ha(function(a){return V.test(a||&quot;&quot;)||fa.error(&quot;unsupported lang: &quot;+a),a=a.replace(ba,ca).toLowerCase(),function(b){var c;do if(c=p?b.lang:b.getAttribute(&quot;xml:lang&quot;)||b.getAttribute(&quot;lang&quot;))return c=c.toLowerCase(),c===a||0===c.indexOf(a+&quot;-&quot;);while((b=b.parentNode)&amp;&amp;1===b.nodeType);return!1}}),target:function(b){var c=a.location&amp;&amp;a.location.hash;return c&amp;&amp;c.slice(1)===b.id},root:function(a){return a===o},focus:function(a){return a===n.activeElement&amp;&amp;(!n.hasFocus||n.hasFocus())&amp;&amp;!!(a.type||a.href||~a.tabIndex)},enabled:function(a){return a.disabled===!1},disabled:function(a){return a.disabled===!0},checked:function(a){var b=a.nodeName.toLowerCase();return&quot;input&quot;===b&amp;&amp;!!a.checked||&quot;option&quot;===b&amp;&amp;!!a.selected},selected:function(a){return a.parentNode&amp;&amp;a.parentNode.selectedIndex,a.selected===!0},empty:function(a){for(a=a.firstChild;a;a=a.nextSibling)if(a.nodeType&lt;6)return!1;return!0},parent:function(a){return!d.pseudos.empty(a)},header:function(a){return Y.test(a.nodeName)},input:function(a){return X.test(a.nodeName)},button:function(a){var b=a.nodeName.toLowerCase();return&quot;input&quot;===b&amp;&amp;&quot;button&quot;===a.type||&quot;button&quot;===b},text:function(a){var b;return&quot;input&quot;===a.nodeName.toLowerCase()&amp;&amp;&quot;text&quot;===a.type&amp;&amp;(null==(b=a.getAttribute(&quot;type&quot;))||&quot;text&quot;===b.toLowerCase())},first:na(function(){return[0]}),last:na(function(a,b){return[b-1]}),eq:na(function(a,b,c){return[0&gt;c?c+b:c]}),even:na(function(a,b){for(var c=0;b&gt;c;c+=2)a.push(c);return a}),odd:na(function(a,b){for(var c=1;b&gt;c;c+=2)a.push(c);return a}),lt:na(function(a,b,c){for(var d=0&gt;c?c+b:c;--d&gt;=0;)a.push(d);return a}),gt:na(function(a,b,c){for(var d=0&gt;c?c+b:c;++d&lt;b;)a.push(d);return a})}},d.pseudos.nth=d.pseudos.eq;for(b in{radio:!0,checkbox:!0,file:!0,password:!0,image:!0})d.pseudos[b]=la(b);for(b in{submit:!0,reset:!0})d.pseudos[b]=ma(b);function pa(){}pa.prototype=d.filters=d.pseudos,d.setFilters=new pa,g=fa.tokenize=function(a,b){var c,e,f,g,h,i,j,k=z[a+&quot; &quot;];if(k)return b?0:k.slice(0);h=a,i=[],j=d.preFilter;while(h){(!c||(e=R.exec(h)))&amp;&amp;(e&amp;&amp;(h=h.slice(e[0].length)||h),i.push(f=[])),c=!1,(e=S.exec(h))&amp;&amp;(c=e.shift(),f.push({value:c,type:e[0].replace(Q,&quot; &quot;)}),h=h.slice(c.length));for(g in d.filter)!(e=W[g].exec(h))||j[g]&amp;&amp;!(e=j[g](e))||(c=e.shift(),f.push({value:c,type:g,matches:e}),h=h.slice(c.length));if(!c)break}return b?h.length:h?fa.error(a):z(a,i).slice(0)};function qa(a){for(var b=0,c=a.length,d=&quot;&quot;;c&gt;b;b++)d+=a[b].value;return d}function ra(a,b,c){var d=b.dir,e=c&amp;&amp;&quot;parentNode&quot;===d,f=x++;return b.first?function(b,c,f){while(b=b[d])if(1===b.nodeType||e)return a(b,c,f)}:function(b,c,g){var h,i,j,k=[w,f];if(g){while(b=b[d])if((1===b.nodeType||e)&amp;&amp;a(b,c,g))return!0}else while(b=b[d])if(1===b.nodeType||e){if(j=b[u]||(b[u]={}),i=j[b.uniqueID]||(j[b.uniqueID]={}),(h=i[d])&amp;&amp;h[0]===w&amp;&amp;h[1]===f)return k[2]=h[2];if(i[d]=k,k[2]=a(b,c,g))return!0}}}function sa(a){return a.length&gt;1?function(b,c,d){var e=a.length;while(e--)if(!a[e](b,c,d))return!1;return!0}:a[0]}function ta(a,b,c){for(var d=0,e=b.length;e&gt;d;d++)fa(a,b[d],c);return c}function ua(a,b,c,d,e){for(var f,g=[],h=0,i=a.length,j=null!=b;i&gt;h;h++)(f=a[h])&amp;&amp;(!c||c(f,d,e))&amp;&amp;(g.push(f),j&amp;&amp;b.push(h));return g}function va(a,b,c,d,e,f){return d&amp;&amp;!d[u]&amp;&amp;(d=va(d)),e&amp;&amp;!e[u]&amp;&amp;(e=va(e,f)),ha(function(f,g,h,i){var j,k,l,m=[],n=[],o=g.length,p=f||ta(b||&quot;*&quot;,h.nodeType?[h]:h,[]),q=!a||!f&amp;&amp;b?p:ua(p,m,a,h,i),r=c?e||(f?a:o||d)?[]:g:q;if(c&amp;&amp;c(q,r,h,i),d){j=ua(r,n),d(j,[],h,i),k=j.length;while(k--)(l=j[k])&amp;&amp;(r[n[k]]=!(q[n[k]]=l))}if(f){if(e||a){if(e){j=[],k=r.length;while(k--)(l=r[k])&amp;&amp;j.push(q[k]=l);e(null,r=[],j,i)}k=r.length;while(k--)(l=r[k])&amp;&amp;(j=e?J(f,l):m[k])&gt;-1&amp;&amp;(f[j]=!(g[j]=l))}}else r=ua(r===g?r.splice(o,r.length):r),e?e(null,g,r,i):H.apply(g,r)})}function wa(a){for(var b,c,e,f=a.length,g=d.relative[a[0].type],h=g||d.relative[&quot; &quot;],i=g?1:0,k=ra(function(a){return a===b},h,!0),l=ra(function(a){return J(b,a)&gt;-1},h,!0),m=[function(a,c,d){var e=!g&amp;&amp;(d||c!==j)||((b=c).nodeType?k(a,c,d):l(a,c,d));return b=null,e}];f&gt;i;i++)if(c=d.relative[a[i].type])m=[ra(sa(m),c)];else{if(c=d.filter[a[i].type].apply(null,a[i].matches),c[u]){for(e=++i;f&gt;e;e++)if(d.relative[a[e].type])break;return va(i&gt;1&amp;&amp;sa(m),i&gt;1&amp;&amp;qa(a.slice(0,i-1).concat({value:&quot; &quot;===a[i-2].type?&quot;*&quot;:&quot;&quot;})).replace(Q,&quot;$1&quot;),c,e&gt;i&amp;&amp;wa(a.slice(i,e)),f&gt;e&amp;&amp;wa(a=a.slice(e)),f&gt;e&amp;&amp;qa(a))}m.push(c)}return sa(m)}function xa(a,b){var c=b.length&gt;0,e=a.length&gt;0,f=function(f,g,h,i,k){var l,o,q,r=0,s=&quot;0&quot;,t=f&amp;&amp;[],u=[],v=j,x=f||e&amp;&amp;d.find.TAG(&quot;*&quot;,k),y=w+=null==v?1:Math.random()||.1,z=x.length;for(k&amp;&amp;(j=g===n||g||k);s!==z&amp;&amp;null!=(l=x[s]);s++){if(e&amp;&amp;l){o=0,g||l.ownerDocument===n||(m(l),h=!p);while(q=a[o++])if(q(l,g||n,h)){i.push(l);break}k&amp;&amp;(w=y)}c&amp;&amp;((l=!q&amp;&amp;l)&amp;&amp;r--,f&amp;&amp;t.push(l))}if(r+=s,c&amp;&amp;s!==r){o=0;while(q=b[o++])q(t,u,g,h);if(f){if(r&gt;0)while(s--)t[s]||u[s]||(u[s]=F.call(i));u=ua(u)}H.apply(i,u),k&amp;&amp;!f&amp;&amp;u.length&gt;0&amp;&amp;r+b.length&gt;1&amp;&amp;fa.uniqueSort(i)}return k&amp;&amp;(w=y,j=v),t};return c?ha(f):f}return h=fa.compile=function(a,b){var c,d=[],e=[],f=A[a+&quot; &quot;];if(!f){b||(b=g(a)),c=b.length;while(c--)f=wa(b[c]),f[u]?d.push(f):e.push(f);f=A(a,xa(e,d)),f.selector=a}return f},i=fa.select=function(a,b,e,f){var i,j,k,l,m,n=&quot;function&quot;==typeof a&amp;&amp;a,o=!f&amp;&amp;g(a=n.selector||a);if(e=e||[],1===o.length){if(j=o[0]=o[0].slice(0),j.length&gt;2&amp;&amp;&quot;ID&quot;===(k=j[0]).type&amp;&amp;c.getById&amp;&amp;9===b.nodeType&amp;&amp;p&amp;&amp;d.relative[j[1].type]){if(b=(d.find.ID(k.matches[0].replace(ba,ca),b)||[])[0],!b)return e;n&amp;&amp;(b=b.parentNode),a=a.slice(j.shift().value.length)}i=W.needsContext.test(a)?0:j.length;while(i--){if(k=j[i],d.relative[l=k.type])break;if((m=d.find[l])&amp;&amp;(f=m(k.matches[0].replace(ba,ca),_.test(j[0].type)&amp;&amp;oa(b.parentNode)||b))){if(j.splice(i,1),a=f.length&amp;&amp;qa(j),!a)return H.apply(e,f),e;break}}}return(n||h(a,o))(f,b,!p,e,!b||_.test(a)&amp;&amp;oa(b.parentNode)||b),e},c.sortStable=u.split(&quot;&quot;).sort(B).join(&quot;&quot;)===u,c.detectDuplicates=!!l,m(),c.sortDetached=ia(function(a){return 1&amp;a.compareDocumentPosition(n.createElement(&quot;div&quot;))}),ia(function(a){return a.innerHTML=&quot;&lt;a href=&apos;#&apos;&gt;&lt;/a&gt;&quot;,&quot;#&quot;===a.firstChild.getAttribute(&quot;href&quot;)})||ja(&quot;type|href|height|width&quot;,function(a,b,c){return c?void 0:a.getAttribute(b,&quot;type&quot;===b.toLowerCase()?1:2)}),c.attributes&amp;&amp;ia(function(a){return a.innerHTML=&quot;&lt;input/&gt;&quot;,a.firstChild.setAttribute(&quot;value&quot;,&quot;&quot;),&quot;&quot;===a.firstChild.getAttribute(&quot;value&quot;)})||ja(&quot;value&quot;,function(a,b,c){return c||&quot;input&quot;!==a.nodeName.toLowerCase()?void 0:a.defaultValue}),ia(function(a){return null==a.getAttribute(&quot;disabled&quot;)})||ja(K,function(a,b,c){var d;return c?void 0:a[b]===!0?b.toLowerCase():(d=a.getAttributeNode(b))&amp;&amp;d.specified?d.value:null}),fa}(a);n.find=t,n.expr=t.selectors,n.expr[&quot;:&quot;]=n.expr.pseudos,n.uniqueSort=n.unique=t.uniqueSort,n.text=t.getText,n.isXMLDoc=t.isXML,n.contains=t.contains;var u=function(a,b,c){var d=[],e=void 0!==c;while((a=a[b])&amp;&amp;9!==a.nodeType)if(1===a.nodeType){if(e&amp;&amp;n(a).is(c))break;d.push(a)}return d},v=function(a,b){for(var c=[];a;a=a.nextSibling)1===a.nodeType&amp;&amp;a!==b&amp;&amp;c.push(a);return c},w=n.expr.match.needsContext,x=/^&lt;([\w-]+)\s*\/?&gt;(?:&lt;\/\1&gt;|)$/,y=/^.[^:#\[\.,]*$/;function z(a,b,c){if(n.isFunction(b))return n.grep(a,function(a,d){return!!b.call(a,d,a)!==c});if(b.nodeType)return n.grep(a,function(a){return a===b!==c});if(&quot;string&quot;==typeof b){if(y.test(b))return n.filter(b,a,c);b=n.filter(b,a)}return n.grep(a,function(a){return h.call(b,a)&gt;-1!==c})}n.filter=function(a,b,c){var d=b[0];return c&amp;&amp;(a=&quot;:not(&quot;+a+&quot;)&quot;),1===b.length&amp;&amp;1===d.nodeType?n.find.matchesSelector(d,a)?[d]:[]:n.find.matches(a,n.grep(b,function(a){return 1===a.nodeType}))},n.fn.extend({find:function(a){var b,c=this.length,d=[],e=this;if(&quot;string&quot;!=typeof a)return this.pushStack(n(a).filter(function(){for(b=0;c&gt;b;b++)if(n.contains(e[b],this))return!0}));for(b=0;c&gt;b;b++)n.find(a,e[b],d);return d=this.pushStack(c&gt;1?n.unique(d):d),d.selector=this.selector?this.selector+&quot; &quot;+a:a,d},filter:function(a){return this.pushStack(z(this,a||[],!1))},not:function(a){return this.pushStack(z(this,a||[],!0))},is:function(a){return!!z(this,&quot;string&quot;==typeof a&amp;&amp;w.test(a)?n(a):a||[],!1).length}});var A,B=/^(?:\s*(&lt;[\w\W]+&gt;)[^&gt;]*|#([\w-]*))$/,C=n.fn.init=function(a,b,c){var e,f;if(!a)return this;if(c=c||A,&quot;string&quot;==typeof a){if(e=&quot;&lt;&quot;===a[0]&amp;&amp;&quot;&gt;&quot;===a[a.length-1]&amp;&amp;a.length&gt;=3?[null,a,null]:B.exec(a),!e||!e[1]&amp;&amp;b)return!b||b.jquery?(b||c).find(a):this.constructor(b).find(a);if(e[1]){if(b=b instanceof n?b[0]:b,n.merge(this,n.parseHTML(e[1],b&amp;&amp;b.nodeType?b.ownerDocument||b:d,!0)),x.test(e[1])&amp;&amp;n.isPlainObject(b))for(e in b)n.isFunction(this[e])?this[e](b[e]):this.attr(e,b[e]);return this}return f=d.getElementById(e[2]),f&amp;&amp;f.parentNode&amp;&amp;(this.length=1,this[0]=f),this.context=d,this.selector=a,this}return a.nodeType?(this.context=this[0]=a,this.length=1,this):n.isFunction(a)?void 0!==c.ready?c.ready(a):a(n):(void 0!==a.selector&amp;&amp;(this.selector=a.selector,this.context=a.context),n.makeArray(a,this))};C.prototype=n.fn,A=n(d);var D=/^(?:parents|prev(?:Until|All))/,E={children:!0,contents:!0,next:!0,prev:!0};n.fn.extend({has:function(a){var b=n(a,this),c=b.length;return this.filter(function(){for(var a=0;c&gt;a;a++)if(n.contains(this,b[a]))return!0})},closest:function(a,b){for(var c,d=0,e=this.length,f=[],g=w.test(a)||&quot;string&quot;!=typeof a?n(a,b||this.context):0;e&gt;d;d++)for(c=this[d];c&amp;&amp;c!==b;c=c.parentNode)if(c.nodeType&lt;11&amp;&amp;(g?g.index(c)&gt;-1:1===c.nodeType&amp;&amp;n.find.matchesSelector(c,a))){f.push(c);break}return this.pushStack(f.length&gt;1?n.uniqueSort(f):f)},index:function(a){return a?&quot;string&quot;==typeof a?h.call(n(a),this[0]):h.call(this,a.jquery?a[0]:a):this[0]&amp;&amp;this[0].parentNode?this.first().prevAll().length:-1},add:function(a,b){return this.pushStack(n.uniqueSort(n.merge(this.get(),n(a,b))))},addBack:function(a){return this.add(null==a?this.prevObject:this.prevObject.filter(a))}});function F(a,b){while((a=a[b])&amp;&amp;1!==a.nodeType);return a}n.each({parent:function(a){var b=a.parentNode;return b&amp;&amp;11!==b.nodeType?b:null},parents:function(a){return u(a,&quot;parentNode&quot;)},parentsUntil:function(a,b,c){return u(a,&quot;parentNode&quot;,c)},next:function(a){return F(a,&quot;nextSibling&quot;)},prev:function(a){return F(a,&quot;previousSibling&quot;)},nextAll:function(a){return u(a,&quot;nextSibling&quot;)},prevAll:function(a){return u(a,&quot;previousSibling&quot;)},nextUntil:function(a,b,c){return u(a,&quot;nextSibling&quot;,c)},prevUntil:function(a,b,c){return u(a,&quot;previousSibling&quot;,c)},siblings:function(a){return v((a.parentNode||{}).firstChild,a)},children:function(a){return v(a.firstChild)},contents:function(a){return a.contentDocument||n.merge([],a.childNodes)}},function(a,b){n.fn[a]=function(c,d){var e=n.map(this,b,c);return&quot;Until&quot;!==a.slice(-5)&amp;&amp;(d=c),d&amp;&amp;&quot;string&quot;==typeof d&amp;&amp;(e=n.filter(d,e)),this.length&gt;1&amp;&amp;(E[a]||n.uniqueSort(e),D.test(a)&amp;&amp;e.reverse()),this.pushStack(e)}});var G=/\S+/g;function H(a){var b={};return n.each(a.match(G)||[],function(a,c){b[c]=!0}),b}n.Callbacks=function(a){a=&quot;string&quot;==typeof a?H(a):n.extend({},a);var b,c,d,e,f=[],g=[],h=-1,i=function(){for(e=a.once,d=b=!0;g.length;h=-1){c=g.shift();while(++h&lt;f.length)f[h].apply(c[0],c[1])===!1&amp;&amp;a.stopOnFalse&amp;&amp;(h=f.length,c=!1)}a.memory||(c=!1),b=!1,e&amp;&amp;(f=c?[]:&quot;&quot;)},j={add:function(){return f&amp;&amp;(c&amp;&amp;!b&amp;&amp;(h=f.length-1,g.push(c)),function d(b){n.each(b,function(b,c){n.isFunction(c)?a.unique&amp;&amp;j.has(c)||f.push(c):c&amp;&amp;c.length&amp;&amp;&quot;string&quot;!==n.type(c)&amp;&amp;d(c)})}(arguments),c&amp;&amp;!b&amp;&amp;i()),this},remove:function(){return n.each(arguments,function(a,b){var c;while((c=n.inArray(b,f,c))&gt;-1)f.splice(c,1),h&gt;=c&amp;&amp;h--}),this},has:function(a){return a?n.inArray(a,f)&gt;-1:f.length&gt;0},empty:function(){return f&amp;&amp;(f=[]),this},disable:function(){return e=g=[],f=c=&quot;&quot;,this},disabled:function(){return!f},lock:function(){return e=g=[],c||(f=c=&quot;&quot;),this},locked:function(){return!!e},fireWith:function(a,c){return e||(c=c||[],c=[a,c.slice?c.slice():c],g.push(c),b||i()),this},fire:function(){return j.fireWith(this,arguments),this},fired:function(){return!!d}};return j},n.extend({Deferred:function(a){var b=[[&quot;resolve&quot;,&quot;done&quot;,n.Callbacks(&quot;once memory&quot;),&quot;resolved&quot;],[&quot;reject&quot;,&quot;fail&quot;,n.Callbacks(&quot;once memory&quot;),&quot;rejected&quot;],[&quot;notify&quot;,&quot;progress&quot;,n.Callbacks(&quot;memory&quot;)]],c=&quot;pending&quot;,d={state:function(){return c},always:function(){return e.done(arguments).fail(arguments),this},then:function(){var a=arguments;return n.Deferred(function(c){n.each(b,function(b,f){var g=n.isFunction(a[b])&amp;&amp;a[b];e[f[1]](function(){var a=g&amp;&amp;g.apply(this,arguments);a&amp;&amp;n.isFunction(a.promise)?a.promise().progress(c.notify).done(c.resolve).fail(c.reject):c[f[0]+&quot;With&quot;](this===d?c.promise():this,g?[a]:arguments)})}),a=null}).promise()},promise:function(a){return null!=a?n.extend(a,d):d}},e={};return d.pipe=d.then,n.each(b,function(a,f){var g=f[2],h=f[3];d[f[1]]=g.add,h&amp;&amp;g.add(function(){c=h},b[1^a][2].disable,b[2][2].lock),e[f[0]]=function(){return e[f[0]+&quot;With&quot;](this===e?d:this,arguments),this},e[f[0]+&quot;With&quot;]=g.fireWith}),d.promise(e),a&amp;&amp;a.call(e,e),e},when:function(a){var b=0,c=e.call(arguments),d=c.length,f=1!==d||a&amp;&amp;n.isFunction(a.promise)?d:0,g=1===f?a:n.Deferred(),h=function(a,b,c){return function(d){b[a]=this,c[a]=arguments.length&gt;1?e.call(arguments):d,c===i?g.notifyWith(b,c):--f||g.resolveWith(b,c)}},i,j,k;if(d&gt;1)for(i=new Array(d),j=new Array(d),k=new Array(d);d&gt;b;b++)c[b]&amp;&amp;n.isFunction(c[b].promise)?c[b].promise().progress(h(b,j,i)).done(h(b,k,c)).fail(g.reject):--f;return f||g.resolveWith(k,c),g.promise()}});var I;n.fn.ready=function(a){return n.ready.promise().done(a),this},n.extend({isReady:!1,readyWait:1,holdReady:function(a){a?n.readyWait++:n.ready(!0)},ready:function(a){(a===!0?--n.readyWait:n.isReady)||(n.isReady=!0,a!==!0&amp;&amp;--n.readyWait&gt;0||(I.resolveWith(d,[n]),n.fn.triggerHandler&amp;&amp;(n(d).triggerHandler(&quot;ready&quot;),n(d).off(&quot;ready&quot;))))}});function J(){d.removeEventListener(&quot;DOMContentLoaded&quot;,J),a.removeEventListener(&quot;load&quot;,J),n.ready()}n.ready.promise=function(b){return I||(I=n.Deferred(),&quot;complete&quot;===d.readyState||&quot;loading&quot;!==d.readyState&amp;&amp;!d.documentElement.doScroll?a.setTimeout(n.ready):(d.addEventListener(&quot;DOMContentLoaded&quot;,J),a.addEventListener(&quot;load&quot;,J))),I.promise(b)},n.ready.promise();var K=function(a,b,c,d,e,f,g){var h=0,i=a.length,j=null==c;if(&quot;object&quot;===n.type(c)){e=!0;for(h in c)K(a,b,h,c[h],!0,f,g)}else if(void 0!==d&amp;&amp;(e=!0,n.isFunction(d)||(g=!0),j&amp;&amp;(g?(b.call(a,d),b=null):(j=b,b=function(a,b,c){return j.call(n(a),c)})),b))for(;i&gt;h;h++)b(a[h],c,g?d:d.call(a[h],h,b(a[h],c)));return e?a:j?b.call(a):i?b(a[0],c):f},L=function(a){return 1===a.nodeType||9===a.nodeType||!+a.nodeType};function M(){this.expando=n.expando+M.uid++}M.uid=1,M.prototype={register:function(a,b){var c=b||{};return a.nodeType?a[this.expando]=c:Object.defineProperty(a,this.expando,{value:c,writable:!0,configurable:!0}),a[this.expando]},cache:function(a){if(!L(a))return{};var b=a[this.expando];return b||(b={},L(a)&amp;&amp;(a.nodeType?a[this.expando]=b:Object.defineProperty(a,this.expando,{value:b,configurable:!0}))),b},set:function(a,b,c){var d,e=this.cache(a);if(&quot;string&quot;==typeof b)e[b]=c;else for(d in b)e[d]=b[d];return e},get:function(a,b){return void 0===b?this.cache(a):a[this.expando]&amp;&amp;a[this.expando][b]},access:function(a,b,c){var d;return void 0===b||b&amp;&amp;&quot;string&quot;==typeof b&amp;&amp;void 0===c?(d=this.get(a,b),void 0!==d?d:this.get(a,n.camelCase(b))):(this.set(a,b,c),void 0!==c?c:b)},remove:function(a,b){var c,d,e,f=a[this.expando];if(void 0!==f){if(void 0===b)this.register(a);else{n.isArray(b)?d=b.concat(b.map(n.camelCase)):(e=n.camelCase(b),b in f?d=[b,e]:(d=e,d=d in f?[d]:d.match(G)||[])),c=d.length;while(c--)delete f[d[c]]}(void 0===b||n.isEmptyObject(f))&amp;&amp;(a.nodeType?a[this.expando]=void 0:delete a[this.expando])}},hasData:function(a){var b=a[this.expando];return void 0!==b&amp;&amp;!n.isEmptyObject(b)}};var N=new M,O=new M,P=/^(?:\{[\w\W]*\}|\[[\w\W]*\])$/,Q=/[A-Z]/g;function R(a,b,c){var d;if(void 0===c&amp;&amp;1===a.nodeType)if(d=&quot;data-&quot;+b.replace(Q,&quot;-$&amp;&quot;).toLowerCase(),c=a.getAttribute(d),&quot;string&quot;==typeof c){try{c=&quot;true&quot;===c?!0:&quot;false&quot;===c?!1:&quot;null&quot;===c?null:+c+&quot;&quot;===c?+c:P.test(c)?n.parseJSON(c):c}catch(e){}O.set(a,b,c);&#10;  }else c=void 0;return c}n.extend({hasData:function(a){return O.hasData(a)||N.hasData(a)},data:function(a,b,c){return O.access(a,b,c)},removeData:function(a,b){O.remove(a,b)},_data:function(a,b,c){return N.access(a,b,c)},_removeData:function(a,b){N.remove(a,b)}}),n.fn.extend({data:function(a,b){var c,d,e,f=this[0],g=f&amp;&amp;f.attributes;if(void 0===a){if(this.length&amp;&amp;(e=O.get(f),1===f.nodeType&amp;&amp;!N.get(f,&quot;hasDataAttrs&quot;))){c=g.length;while(c--)g[c]&amp;&amp;(d=g[c].name,0===d.indexOf(&quot;data-&quot;)&amp;&amp;(d=n.camelCase(d.slice(5)),R(f,d,e[d])));N.set(f,&quot;hasDataAttrs&quot;,!0)}return e}return&quot;object&quot;==typeof a?this.each(function(){O.set(this,a)}):K(this,function(b){var c,d;if(f&amp;&amp;void 0===b){if(c=O.get(f,a)||O.get(f,a.replace(Q,&quot;-$&amp;&quot;).toLowerCase()),void 0!==c)return c;if(d=n.camelCase(a),c=O.get(f,d),void 0!==c)return c;if(c=R(f,d,void 0),void 0!==c)return c}else d=n.camelCase(a),this.each(function(){var c=O.get(this,d);O.set(this,d,b),a.indexOf(&quot;-&quot;)&gt;-1&amp;&amp;void 0!==c&amp;&amp;O.set(this,a,b)})},null,b,arguments.length&gt;1,null,!0)},removeData:function(a){return this.each(function(){O.remove(this,a)})}}),n.extend({queue:function(a,b,c){var d;return a?(b=(b||&quot;fx&quot;)+&quot;queue&quot;,d=N.get(a,b),c&amp;&amp;(!d||n.isArray(c)?d=N.access(a,b,n.makeArray(c)):d.push(c)),d||[]):void 0},dequeue:function(a,b){b=b||&quot;fx&quot;;var c=n.queue(a,b),d=c.length,e=c.shift(),f=n._queueHooks(a,b),g=function(){n.dequeue(a,b)};&quot;inprogress&quot;===e&amp;&amp;(e=c.shift(),d--),e&amp;&amp;(&quot;fx&quot;===b&amp;&amp;c.unshift(&quot;inprogress&quot;),delete f.stop,e.call(a,g,f)),!d&amp;&amp;f&amp;&amp;f.empty.fire()},_queueHooks:function(a,b){var c=b+&quot;queueHooks&quot;;return N.get(a,c)||N.access(a,c,{empty:n.Callbacks(&quot;once memory&quot;).add(function(){N.remove(a,[b+&quot;queue&quot;,c])})})}}),n.fn.extend({queue:function(a,b){var c=2;return&quot;string&quot;!=typeof a&amp;&amp;(b=a,a=&quot;fx&quot;,c--),arguments.length&lt;c?n.queue(this[0],a):void 0===b?this:this.each(function(){var c=n.queue(this,a,b);n._queueHooks(this,a),&quot;fx&quot;===a&amp;&amp;&quot;inprogress&quot;!==c[0]&amp;&amp;n.dequeue(this,a)})},dequeue:function(a){return this.each(function(){n.dequeue(this,a)})},clearQueue:function(a){return this.queue(a||&quot;fx&quot;,[])},promise:function(a,b){var c,d=1,e=n.Deferred(),f=this,g=this.length,h=function(){--d||e.resolveWith(f,[f])};&quot;string&quot;!=typeof a&amp;&amp;(b=a,a=void 0),a=a||&quot;fx&quot;;while(g--)c=N.get(f[g],a+&quot;queueHooks&quot;),c&amp;&amp;c.empty&amp;&amp;(d++,c.empty.add(h));return h(),e.promise(b)}});var S=/[+-]?(?:\d*\.|)\d+(?:[eE][+-]?\d+|)/.source,T=new RegExp(&quot;^(?:([+-])=|)(&quot;+S+&quot;)([a-z%]*)$&quot;,&quot;i&quot;),U=[&quot;Top&quot;,&quot;Right&quot;,&quot;Bottom&quot;,&quot;Left&quot;],V=function(a,b){return a=b||a,&quot;none&quot;===n.css(a,&quot;display&quot;)||!n.contains(a.ownerDocument,a)};function W(a,b,c,d){var e,f=1,g=20,h=d?function(){return d.cur()}:function(){return n.css(a,b,&quot;&quot;)},i=h(),j=c&amp;&amp;c[3]||(n.cssNumber[b]?&quot;&quot;:&quot;px&quot;),k=(n.cssNumber[b]||&quot;px&quot;!==j&amp;&amp;+i)&amp;&amp;T.exec(n.css(a,b));if(k&amp;&amp;k[3]!==j){j=j||k[3],c=c||[],k=+i||1;do f=f||&quot;.5&quot;,k/=f,n.style(a,b,k+j);while(f!==(f=h()/i)&amp;&amp;1!==f&amp;&amp;--g)}return c&amp;&amp;(k=+k||+i||0,e=c[1]?k+(c[1]+1)*c[2]:+c[2],d&amp;&amp;(d.unit=j,d.start=k,d.end=e)),e}var X=/^(?:checkbox|radio)$/i,Y=/&lt;([\w:-]+)/,Z=/^$|\/(?:java|ecma)script/i,$={option:[1,&quot;&lt;select multiple=&apos;multiple&apos;&gt;&quot;,&quot;&lt;/select&gt;&quot;],thead:[1,&quot;&lt;table&gt;&quot;,&quot;&lt;/table&gt;&quot;],col:[2,&quot;&lt;table&gt;&lt;colgroup&gt;&quot;,&quot;&lt;/colgroup&gt;&lt;/table&gt;&quot;],tr:[2,&quot;&lt;table&gt;&lt;tbody&gt;&quot;,&quot;&lt;/tbody&gt;&lt;/table&gt;&quot;],td:[3,&quot;&lt;table&gt;&lt;tbody&gt;&lt;tr&gt;&quot;,&quot;&lt;/tr&gt;&lt;/tbody&gt;&lt;/table&gt;&quot;],_default:[0,&quot;&quot;,&quot;&quot;]};$.optgroup=$.option,$.tbody=$.tfoot=$.colgroup=$.caption=$.thead,$.th=$.td;function _(a,b){var c=&quot;undefined&quot;!=typeof a.getElementsByTagName?a.getElementsByTagName(b||&quot;*&quot;):&quot;undefined&quot;!=typeof a.querySelectorAll?a.querySelectorAll(b||&quot;*&quot;):[];return void 0===b||b&amp;&amp;n.nodeName(a,b)?n.merge([a],c):c}function aa(a,b){for(var c=0,d=a.length;d&gt;c;c++)N.set(a[c],&quot;globalEval&quot;,!b||N.get(b[c],&quot;globalEval&quot;))}var ba=/&lt;|&amp;#?\w+;/;function ca(a,b,c,d,e){for(var f,g,h,i,j,k,l=b.createDocumentFragment(),m=[],o=0,p=a.length;p&gt;o;o++)if(f=a[o],f||0===f)if(&quot;object&quot;===n.type(f))n.merge(m,f.nodeType?[f]:f);else if(ba.test(f)){g=g||l.appendChild(b.createElement(&quot;div&quot;)),h=(Y.exec(f)||[&quot;&quot;,&quot;&quot;])[1].toLowerCase(),i=$[h]||$._default,g.innerHTML=i[1]+n.htmlPrefilter(f)+i[2],k=i[0];while(k--)g=g.lastChild;n.merge(m,g.childNodes),g=l.firstChild,g.textContent=&quot;&quot;}else m.push(b.createTextNode(f));l.textContent=&quot;&quot;,o=0;while(f=m[o++])if(d&amp;&amp;n.inArray(f,d)&gt;-1)e&amp;&amp;e.push(f);else if(j=n.contains(f.ownerDocument,f),g=_(l.appendChild(f),&quot;script&quot;),j&amp;&amp;aa(g),c){k=0;while(f=g[k++])Z.test(f.type||&quot;&quot;)&amp;&amp;c.push(f)}return l}!function(){var a=d.createDocumentFragment(),b=a.appendChild(d.createElement(&quot;div&quot;)),c=d.createElement(&quot;input&quot;);c.setAttribute(&quot;type&quot;,&quot;radio&quot;),c.setAttribute(&quot;checked&quot;,&quot;checked&quot;),c.setAttribute(&quot;name&quot;,&quot;t&quot;),b.appendChild(c),l.checkClone=b.cloneNode(!0).cloneNode(!0).lastChild.checked,b.innerHTML=&quot;&lt;textarea&gt;x&lt;/textarea&gt;&quot;,l.noCloneChecked=!!b.cloneNode(!0).lastChild.defaultValue}();var da=/^key/,ea=/^(?:mouse|pointer|contextmenu|drag|drop)|click/,fa=/^([^.]*)(?:\.(.+)|)/;function ga(){return!0}function ha(){return!1}function ia(){try{return d.activeElement}catch(a){}}function ja(a,b,c,d,e,f){var g,h;if(&quot;object&quot;==typeof b){&quot;string&quot;!=typeof c&amp;&amp;(d=d||c,c=void 0);for(h in b)ja(a,h,c,d,b[h],f);return a}if(null==d&amp;&amp;null==e?(e=c,d=c=void 0):null==e&amp;&amp;(&quot;string&quot;==typeof c?(e=d,d=void 0):(e=d,d=c,c=void 0)),e===!1)e=ha;else if(!e)return this;return 1===f&amp;&amp;(g=e,e=function(a){return n().off(a),g.apply(this,arguments)},e.guid=g.guid||(g.guid=n.guid++)),a.each(function(){n.event.add(this,b,e,d,c)})}n.event={global:{},add:function(a,b,c,d,e){var f,g,h,i,j,k,l,m,o,p,q,r=N.get(a);if(r){c.handler&amp;&amp;(f=c,c=f.handler,e=f.selector),c.guid||(c.guid=n.guid++),(i=r.events)||(i=r.events={}),(g=r.handle)||(g=r.handle=function(b){return&quot;undefined&quot;!=typeof n&amp;&amp;n.event.triggered!==b.type?n.event.dispatch.apply(a,arguments):void 0}),b=(b||&quot;&quot;).match(G)||[&quot;&quot;],j=b.length;while(j--)h=fa.exec(b[j])||[],o=q=h[1],p=(h[2]||&quot;&quot;).split(&quot;.&quot;).sort(),o&amp;&amp;(l=n.event.special[o]||{},o=(e?l.delegateType:l.bindType)||o,l=n.event.special[o]||{},k=n.extend({type:o,origType:q,data:d,handler:c,guid:c.guid,selector:e,needsContext:e&amp;&amp;n.expr.match.needsContext.test(e),namespace:p.join(&quot;.&quot;)},f),(m=i[o])||(m=i[o]=[],m.delegateCount=0,l.setup&amp;&amp;l.setup.call(a,d,p,g)!==!1||a.addEventListener&amp;&amp;a.addEventListener(o,g)),l.add&amp;&amp;(l.add.call(a,k),k.handler.guid||(k.handler.guid=c.guid)),e?m.splice(m.delegateCount++,0,k):m.push(k),n.event.global[o]=!0)}},remove:function(a,b,c,d,e){var f,g,h,i,j,k,l,m,o,p,q,r=N.hasData(a)&amp;&amp;N.get(a);if(r&amp;&amp;(i=r.events)){b=(b||&quot;&quot;).match(G)||[&quot;&quot;],j=b.length;while(j--)if(h=fa.exec(b[j])||[],o=q=h[1],p=(h[2]||&quot;&quot;).split(&quot;.&quot;).sort(),o){l=n.event.special[o]||{},o=(d?l.delegateType:l.bindType)||o,m=i[o]||[],h=h[2]&amp;&amp;new RegExp(&quot;(^|\\.)&quot;+p.join(&quot;\\.(?:.*\\.|)&quot;)+&quot;(\\.|$)&quot;),g=f=m.length;while(f--)k=m[f],!e&amp;&amp;q!==k.origType||c&amp;&amp;c.guid!==k.guid||h&amp;&amp;!h.test(k.namespace)||d&amp;&amp;d!==k.selector&amp;&amp;(&quot;**&quot;!==d||!k.selector)||(m.splice(f,1),k.selector&amp;&amp;m.delegateCount--,l.remove&amp;&amp;l.remove.call(a,k));g&amp;&amp;!m.length&amp;&amp;(l.teardown&amp;&amp;l.teardown.call(a,p,r.handle)!==!1||n.removeEvent(a,o,r.handle),delete i[o])}else for(o in i)n.event.remove(a,o+b[j],c,d,!0);n.isEmptyObject(i)&amp;&amp;N.remove(a,&quot;handle events&quot;)}},dispatch:function(a){a=n.event.fix(a);var b,c,d,f,g,h=[],i=e.call(arguments),j=(N.get(this,&quot;events&quot;)||{})[a.type]||[],k=n.event.special[a.type]||{};if(i[0]=a,a.delegateTarget=this,!k.preDispatch||k.preDispatch.call(this,a)!==!1){h=n.event.handlers.call(this,a,j),b=0;while((f=h[b++])&amp;&amp;!a.isPropagationStopped()){a.currentTarget=f.elem,c=0;while((g=f.handlers[c++])&amp;&amp;!a.isImmediatePropagationStopped())(!a.rnamespace||a.rnamespace.test(g.namespace))&amp;&amp;(a.handleObj=g,a.data=g.data,d=((n.event.special[g.origType]||{}).handle||g.handler).apply(f.elem,i),void 0!==d&amp;&amp;(a.result=d)===!1&amp;&amp;(a.preventDefault(),a.stopPropagation()))}return k.postDispatch&amp;&amp;k.postDispatch.call(this,a),a.result}},handlers:function(a,b){var c,d,e,f,g=[],h=b.delegateCount,i=a.target;if(h&amp;&amp;i.nodeType&amp;&amp;(&quot;click&quot;!==a.type||isNaN(a.button)||a.button&lt;1))for(;i!==this;i=i.parentNode||this)if(1===i.nodeType&amp;&amp;(i.disabled!==!0||&quot;click&quot;!==a.type)){for(d=[],c=0;h&gt;c;c++)f=b[c],e=f.selector+&quot; &quot;,void 0===d[e]&amp;&amp;(d[e]=f.needsContext?n(e,this).index(i)&gt;-1:n.find(e,this,null,[i]).length),d[e]&amp;&amp;d.push(f);d.length&amp;&amp;g.push({elem:i,handlers:d})}return h&lt;b.length&amp;&amp;g.push({elem:this,handlers:b.slice(h)}),g},props:&quot;altKey bubbles cancelable ctrlKey currentTarget detail eventPhase metaKey relatedTarget shiftKey target timeStamp view which&quot;.split(&quot; &quot;),fixHooks:{},keyHooks:{props:&quot;char charCode key keyCode&quot;.split(&quot; &quot;),filter:function(a,b){return null==a.which&amp;&amp;(a.which=null!=b.charCode?b.charCode:b.keyCode),a}},mouseHooks:{props:&quot;button buttons clientX clientY offsetX offsetY pageX pageY screenX screenY toElement&quot;.split(&quot; &quot;),filter:function(a,b){var c,e,f,g=b.button;return null==a.pageX&amp;&amp;null!=b.clientX&amp;&amp;(c=a.target.ownerDocument||d,e=c.documentElement,f=c.body,a.pageX=b.clientX+(e&amp;&amp;e.scrollLeft||f&amp;&amp;f.scrollLeft||0)-(e&amp;&amp;e.clientLeft||f&amp;&amp;f.clientLeft||0),a.pageY=b.clientY+(e&amp;&amp;e.scrollTop||f&amp;&amp;f.scrollTop||0)-(e&amp;&amp;e.clientTop||f&amp;&amp;f.clientTop||0)),a.which||void 0===g||(a.which=1&amp;g?1:2&amp;g?3:4&amp;g?2:0),a}},fix:function(a){if(a[n.expando])return a;var b,c,e,f=a.type,g=a,h=this.fixHooks[f];h||(this.fixHooks[f]=h=ea.test(f)?this.mouseHooks:da.test(f)?this.keyHooks:{}),e=h.props?this.props.concat(h.props):this.props,a=new n.Event(g),b=e.length;while(b--)c=e[b],a[c]=g[c];return a.target||(a.target=d),3===a.target.nodeType&amp;&amp;(a.target=a.target.parentNode),h.filter?h.filter(a,g):a},special:{load:{noBubble:!0},focus:{trigger:function(){return this!==ia()&amp;&amp;this.focus?(this.focus(),!1):void 0},delegateType:&quot;focusin&quot;},blur:{trigger:function(){return this===ia()&amp;&amp;this.blur?(this.blur(),!1):void 0},delegateType:&quot;focusout&quot;},click:{trigger:function(){return&quot;checkbox&quot;===this.type&amp;&amp;this.click&amp;&amp;n.nodeName(this,&quot;input&quot;)?(this.click(),!1):void 0},_default:function(a){return n.nodeName(a.target,&quot;a&quot;)}},beforeunload:{postDispatch:function(a){void 0!==a.result&amp;&amp;a.originalEvent&amp;&amp;(a.originalEvent.returnValue=a.result)}}}},n.removeEvent=function(a,b,c){a.removeEventListener&amp;&amp;a.removeEventListener(b,c)},n.Event=function(a,b){return this instanceof n.Event?(a&amp;&amp;a.type?(this.originalEvent=a,this.type=a.type,this.isDefaultPrevented=a.defaultPrevented||void 0===a.defaultPrevented&amp;&amp;a.returnValue===!1?ga:ha):this.type=a,b&amp;&amp;n.extend(this,b),this.timeStamp=a&amp;&amp;a.timeStamp||n.now(),void(this[n.expando]=!0)):new n.Event(a,b)},n.Event.prototype={constructor:n.Event,isDefaultPrevented:ha,isPropagationStopped:ha,isImmediatePropagationStopped:ha,preventDefault:function(){var a=this.originalEvent;this.isDefaultPrevented=ga,a&amp;&amp;a.preventDefault()},stopPropagation:function(){var a=this.originalEvent;this.isPropagationStopped=ga,a&amp;&amp;a.stopPropagation()},stopImmediatePropagation:function(){var a=this.originalEvent;this.isImmediatePropagationStopped=ga,a&amp;&amp;a.stopImmediatePropagation(),this.stopPropagation()}},n.each({mouseenter:&quot;mouseover&quot;,mouseleave:&quot;mouseout&quot;,pointerenter:&quot;pointerover&quot;,pointerleave:&quot;pointerout&quot;},function(a,b){n.event.special[a]={delegateType:b,bindType:b,handle:function(a){var c,d=this,e=a.relatedTarget,f=a.handleObj;return(!e||e!==d&amp;&amp;!n.contains(d,e))&amp;&amp;(a.type=f.origType,c=f.handler.apply(this,arguments),a.type=b),c}}}),n.fn.extend({on:function(a,b,c,d){return ja(this,a,b,c,d)},one:function(a,b,c,d){return ja(this,a,b,c,d,1)},off:function(a,b,c){var d,e;if(a&amp;&amp;a.preventDefault&amp;&amp;a.handleObj)return d=a.handleObj,n(a.delegateTarget).off(d.namespace?d.origType+&quot;.&quot;+d.namespace:d.origType,d.selector,d.handler),this;if(&quot;object&quot;==typeof a){for(e in a)this.off(e,b,a[e]);return this}return(b===!1||&quot;function&quot;==typeof b)&amp;&amp;(c=b,b=void 0),c===!1&amp;&amp;(c=ha),this.each(function(){n.event.remove(this,a,c,b)})}});var ka=/&lt;(?!area|br|col|embed|hr|img|input|link|meta|param)(([\w:-]+)[^&gt;]*)\/&gt;/gi,la=/&lt;script|&lt;style|&lt;link/i,ma=/checked\s*(?:[^=]|=\s*.checked.)/i,na=/^true\/(.*)/,oa=/^\s*&lt;!(?:\[CDATA\[|--)|(?:\]\]|--)&gt;\s*$/g;function pa(a,b){return n.nodeName(a,&quot;table&quot;)&amp;&amp;n.nodeName(11!==b.nodeType?b:b.firstChild,&quot;tr&quot;)?a.getElementsByTagName(&quot;tbody&quot;)[0]||a:a}function qa(a){return a.type=(null!==a.getAttribute(&quot;type&quot;))+&quot;/&quot;+a.type,a}function ra(a){var b=na.exec(a.type);return b?a.type=b[1]:a.removeAttribute(&quot;type&quot;),a}function sa(a,b){var c,d,e,f,g,h,i,j;if(1===b.nodeType){if(N.hasData(a)&amp;&amp;(f=N.access(a),g=N.set(b,f),j=f.events)){delete g.handle,g.events={};for(e in j)for(c=0,d=j[e].length;d&gt;c;c++)n.event.add(b,e,j[e][c])}O.hasData(a)&amp;&amp;(h=O.access(a),i=n.extend({},h),O.set(b,i))}}function ta(a,b){var c=b.nodeName.toLowerCase();&quot;input&quot;===c&amp;&amp;X.test(a.type)?b.checked=a.checked:(&quot;input&quot;===c||&quot;textarea&quot;===c)&amp;&amp;(b.defaultValue=a.defaultValue)}function ua(a,b,c,d){b=f.apply([],b);var e,g,h,i,j,k,m=0,o=a.length,p=o-1,q=b[0],r=n.isFunction(q);if(r||o&gt;1&amp;&amp;&quot;string&quot;==typeof q&amp;&amp;!l.checkClone&amp;&amp;ma.test(q))return a.each(function(e){var f=a.eq(e);r&amp;&amp;(b[0]=q.call(this,e,f.html())),ua(f,b,c,d)});if(o&amp;&amp;(e=ca(b,a[0].ownerDocument,!1,a,d),g=e.firstChild,1===e.childNodes.length&amp;&amp;(e=g),g||d)){for(h=n.map(_(e,&quot;script&quot;),qa),i=h.length;o&gt;m;m++)j=e,m!==p&amp;&amp;(j=n.clone(j,!0,!0),i&amp;&amp;n.merge(h,_(j,&quot;script&quot;))),c.call(a[m],j,m);if(i)for(k=h[h.length-1].ownerDocument,n.map(h,ra),m=0;i&gt;m;m++)j=h[m],Z.test(j.type||&quot;&quot;)&amp;&amp;!N.access(j,&quot;globalEval&quot;)&amp;&amp;n.contains(k,j)&amp;&amp;(j.src?n._evalUrl&amp;&amp;n._evalUrl(j.src):n.globalEval(j.textContent.replace(oa,&quot;&quot;)))}return a}function va(a,b,c){for(var d,e=b?n.filter(b,a):a,f=0;null!=(d=e[f]);f++)c||1!==d.nodeType||n.cleanData(_(d)),d.parentNode&amp;&amp;(c&amp;&amp;n.contains(d.ownerDocument,d)&amp;&amp;aa(_(d,&quot;script&quot;)),d.parentNode.removeChild(d));return a}n.extend({htmlPrefilter:function(a){return a.replace(ka,&quot;&lt;$1&gt;&lt;/$2&gt;&quot;)},clone:function(a,b,c){var d,e,f,g,h=a.cloneNode(!0),i=n.contains(a.ownerDocument,a);if(!(l.noCloneChecked||1!==a.nodeType&amp;&amp;11!==a.nodeType||n.isXMLDoc(a)))for(g=_(h),f=_(a),d=0,e=f.length;e&gt;d;d++)ta(f[d],g[d]);if(b)if(c)for(f=f||_(a),g=g||_(h),d=0,e=f.length;e&gt;d;d++)sa(f[d],g[d]);else sa(a,h);return g=_(h,&quot;script&quot;),g.length&gt;0&amp;&amp;aa(g,!i&amp;&amp;_(a,&quot;script&quot;)),h},cleanData:function(a){for(var b,c,d,e=n.event.special,f=0;void 0!==(c=a[f]);f++)if(L(c)){if(b=c[N.expando]){if(b.events)for(d in b.events)e[d]?n.event.remove(c,d):n.removeEvent(c,d,b.handle);c[N.expando]=void 0}c[O.expando]&amp;&amp;(c[O.expando]=void 0)}}}),n.fn.extend({domManip:ua,detach:function(a){return va(this,a,!0)},remove:function(a){return va(this,a)},text:function(a){return K(this,function(a){return void 0===a?n.text(this):this.empty().each(function(){(1===this.nodeType||11===this.nodeType||9===this.nodeType)&amp;&amp;(this.textContent=a)})},null,a,arguments.length)},append:function(){return ua(this,arguments,function(a){if(1===this.nodeType||11===this.nodeType||9===this.nodeType){var b=pa(this,a);b.appendChild(a)}})},prepend:function(){return ua(this,arguments,function(a){if(1===this.nodeType||11===this.nodeType||9===this.nodeType){var b=pa(this,a);b.insertBefore(a,b.firstChild)}})},before:function(){return ua(this,arguments,function(a){this.parentNode&amp;&amp;this.parentNode.insertBefore(a,this)})},after:function(){return ua(this,arguments,function(a){this.parentNode&amp;&amp;this.parentNode.insertBefore(a,this.nextSibling)})},empty:function(){for(var a,b=0;null!=(a=this[b]);b++)1===a.nodeType&amp;&amp;(n.cleanData(_(a,!1)),a.textContent=&quot;&quot;);return this},clone:function(a,b){return a=null==a?!1:a,b=null==b?a:b,this.map(function(){return n.clone(this,a,b)})},html:function(a){return K(this,function(a){var b=this[0]||{},c=0,d=this.length;if(void 0===a&amp;&amp;1===b.nodeType)return b.innerHTML;if(&quot;string&quot;==typeof a&amp;&amp;!la.test(a)&amp;&amp;!$[(Y.exec(a)||[&quot;&quot;,&quot;&quot;])[1].toLowerCase()]){a=n.htmlPrefilter(a);try{for(;d&gt;c;c++)b=this[c]||{},1===b.nodeType&amp;&amp;(n.cleanData(_(b,!1)),b.innerHTML=a);b=0}catch(e){}}b&amp;&amp;this.empty().append(a)},null,a,arguments.length)},replaceWith:function(){var a=[];return ua(this,arguments,function(b){var c=this.parentNode;n.inArray(this,a)&lt;0&amp;&amp;(n.cleanData(_(this)),c&amp;&amp;c.replaceChild(b,this))},a)}}),n.each({appendTo:&quot;append&quot;,prependTo:&quot;prepend&quot;,insertBefore:&quot;before&quot;,insertAfter:&quot;after&quot;,replaceAll:&quot;replaceWith&quot;},function(a,b){n.fn[a]=function(a){for(var c,d=[],e=n(a),f=e.length-1,h=0;f&gt;=h;h++)c=h===f?this:this.clone(!0),n(e[h])[b](c),g.apply(d,c.get());return this.pushStack(d)}});var wa,xa={HTML:&quot;block&quot;,BODY:&quot;block&quot;};function ya(a,b){var c=n(b.createElement(a)).appendTo(b.body),d=n.css(c[0],&quot;display&quot;);return c.detach(),d}function za(a){var b=d,c=xa[a];return c||(c=ya(a,b),&quot;none&quot;!==c&amp;&amp;c||(wa=(wa||n(&quot;&lt;iframe frameborder=&apos;0&apos; width=&apos;0&apos; height=&apos;0&apos;/&gt;&quot;)).appendTo(b.documentElement),b=wa[0].contentDocument,b.write(),b.close(),c=ya(a,b),wa.detach()),xa[a]=c),c}var Aa=/^margin/,Ba=new RegExp(&quot;^(&quot;+S+&quot;)(?!px)[a-z%]+$&quot;,&quot;i&quot;),Ca=function(b){var c=b.ownerDocument.defaultView;return c.opener||(c=a),c.getComputedStyle(b)},Da=function(a,b,c,d){var e,f,g={};for(f in b)g[f]=a.style[f],a.style[f]=b[f];e=c.apply(a,d||[]);for(f in b)a.style[f]=g[f];return e},Ea=d.documentElement;!function(){var b,c,e,f,g=d.createElement(&quot;div&quot;),h=d.createElement(&quot;div&quot;);if(h.style){h.style.backgroundClip=&quot;content-box&quot;,h.cloneNode(!0).style.backgroundClip=&quot;&quot;,l.clearCloneStyle=&quot;content-box&quot;===h.style.backgroundClip,g.style.cssText=&quot;border:0;width:8px;height:0;top:0;left:-9999px;padding:0;margin-top:1px;position:absolute&quot;,g.appendChild(h);function i(){h.style.cssText=&quot;-webkit-box-sizing:border-box;-moz-box-sizing:border-box;box-sizing:border-box;position:relative;display:block;margin:auto;border:1px;padding:1px;top:1%;width:50%&quot;,h.innerHTML=&quot;&quot;,Ea.appendChild(g);var d=a.getComputedStyle(h);b=&quot;1%&quot;!==d.top,f=&quot;2px&quot;===d.marginLeft,c=&quot;4px&quot;===d.width,h.style.marginRight=&quot;50%&quot;,e=&quot;4px&quot;===d.marginRight,Ea.removeChild(g)}n.extend(l,{pixelPosition:function(){return i(),b},boxSizingReliable:function(){return null==c&amp;&amp;i(),c},pixelMarginRight:function(){return null==c&amp;&amp;i(),e},reliableMarginLeft:function(){return null==c&amp;&amp;i(),f},reliableMarginRight:function(){var b,c=h.appendChild(d.createElement(&quot;div&quot;));return c.style.cssText=h.style.cssText=&quot;-webkit-box-sizing:content-box;box-sizing:content-box;display:block;margin:0;border:0;padding:0&quot;,c.style.marginRight=c.style.width=&quot;0&quot;,h.style.width=&quot;1px&quot;,Ea.appendChild(g),b=!parseFloat(a.getComputedStyle(c).marginRight),Ea.removeChild(g),h.removeChild(c),b}})}}();function Fa(a,b,c){var d,e,f,g,h=a.style;return c=c||Ca(a),c&amp;&amp;(g=c.getPropertyValue(b)||c[b],&quot;&quot;!==g||n.contains(a.ownerDocument,a)||(g=n.style(a,b)),!l.pixelMarginRight()&amp;&amp;Ba.test(g)&amp;&amp;Aa.test(b)&amp;&amp;(d=h.width,e=h.minWidth,f=h.maxWidth,h.minWidth=h.maxWidth=h.width=g,g=c.width,h.width=d,h.minWidth=e,h.maxWidth=f)),void 0!==g?g+&quot;&quot;:g}function Ga(a,b){return{get:function(){return a()?void delete this.get:(this.get=b).apply(this,arguments)}}}var Ha=/^(none|table(?!-c[ea]).+)/,Ia={position:&quot;absolute&quot;,visibility:&quot;hidden&quot;,display:&quot;block&quot;},Ja={letterSpacing:&quot;0&quot;,fontWeight:&quot;400&quot;},Ka=[&quot;Webkit&quot;,&quot;O&quot;,&quot;Moz&quot;,&quot;ms&quot;],La=d.createElement(&quot;div&quot;).style;function Ma(a){if(a in La)return a;var b=a[0].toUpperCase()+a.slice(1),c=Ka.length;while(c--)if(a=Ka[c]+b,a in La)return a}function Na(a,b,c){var d=T.exec(b);return d?Math.max(0,d[2]-(c||0))+(d[3]||&quot;px&quot;):b}function Oa(a,b,c,d,e){for(var f=c===(d?&quot;border&quot;:&quot;content&quot;)?4:&quot;width&quot;===b?1:0,g=0;4&gt;f;f+=2)&quot;margin&quot;===c&amp;&amp;(g+=n.css(a,c+U[f],!0,e)),d?(&quot;content&quot;===c&amp;&amp;(g-=n.css(a,&quot;padding&quot;+U[f],!0,e)),&quot;margin&quot;!==c&amp;&amp;(g-=n.css(a,&quot;border&quot;+U[f]+&quot;Width&quot;,!0,e))):(g+=n.css(a,&quot;padding&quot;+U[f],!0,e),&quot;padding&quot;!==c&amp;&amp;(g+=n.css(a,&quot;border&quot;+U[f]+&quot;Width&quot;,!0,e)));return g}function Pa(b,c,e){var f=!0,g=&quot;width&quot;===c?b.offsetWidth:b.offsetHeight,h=Ca(b),i=&quot;border-box&quot;===n.css(b,&quot;boxSizing&quot;,!1,h);if(d.msFullscreenElement&amp;&amp;a.top!==a&amp;&amp;b.getClientRects().length&amp;&amp;(g=Math.round(100*b.getBoundingClientRect()[c])),0&gt;=g||null==g){if(g=Fa(b,c,h),(0&gt;g||null==g)&amp;&amp;(g=b.style[c]),Ba.test(g))return g;f=i&amp;&amp;(l.boxSizingReliable()||g===b.style[c]),g=parseFloat(g)||0}return g+Oa(b,c,e||(i?&quot;border&quot;:&quot;content&quot;),f,h)+&quot;px&quot;}function Qa(a,b){for(var c,d,e,f=[],g=0,h=a.length;h&gt;g;g++)d=a[g],d.style&amp;&amp;(f[g]=N.get(d,&quot;olddisplay&quot;),c=d.style.display,b?(f[g]||&quot;none&quot;!==c||(d.style.display=&quot;&quot;),&quot;&quot;===d.style.display&amp;&amp;V(d)&amp;&amp;(f[g]=N.access(d,&quot;olddisplay&quot;,za(d.nodeName)))):(e=V(d),&quot;none&quot;===c&amp;&amp;e||N.set(d,&quot;olddisplay&quot;,e?c:n.css(d,&quot;display&quot;))));for(g=0;h&gt;g;g++)d=a[g],d.style&amp;&amp;(b&amp;&amp;&quot;none&quot;!==d.style.display&amp;&amp;&quot;&quot;!==d.style.display||(d.style.display=b?f[g]||&quot;&quot;:&quot;none&quot;));return a}n.extend({cssHooks:{opacity:{get:function(a,b){if(b){var c=Fa(a,&quot;opacity&quot;);return&quot;&quot;===c?&quot;1&quot;:c}}}},cssNumber:{animationIterationCount:!0,columnCount:!0,fillOpacity:!0,flexGrow:!0,flexShrink:!0,fontWeight:!0,lineHeight:!0,opacity:!0,order:!0,orphans:!0,widows:!0,zIndex:!0,zoom:!0},cssProps:{&quot;float&quot;:&quot;cssFloat&quot;},style:function(a,b,c,d){if(a&amp;&amp;3!==a.nodeType&amp;&amp;8!==a.nodeType&amp;&amp;a.style){var e,f,g,h=n.camelCase(b),i=a.style;return b=n.cssProps[h]||(n.cssProps[h]=Ma(h)||h),g=n.cssHooks[b]||n.cssHooks[h],void 0===c?g&amp;&amp;&quot;get&quot;in g&amp;&amp;void 0!==(e=g.get(a,!1,d))?e:i[b]:(f=typeof c,&quot;string&quot;===f&amp;&amp;(e=T.exec(c))&amp;&amp;e[1]&amp;&amp;(c=W(a,b,e),f=&quot;number&quot;),null!=c&amp;&amp;c===c&amp;&amp;(&quot;number&quot;===f&amp;&amp;(c+=e&amp;&amp;e[3]||(n.cssNumber[h]?&quot;&quot;:&quot;px&quot;)),l.clearCloneStyle||&quot;&quot;!==c||0!==b.indexOf(&quot;background&quot;)||(i[b]=&quot;inherit&quot;),g&amp;&amp;&quot;set&quot;in g&amp;&amp;void 0===(c=g.set(a,c,d))||(i[b]=c)),void 0)}},css:function(a,b,c,d){var e,f,g,h=n.camelCase(b);return b=n.cssProps[h]||(n.cssProps[h]=Ma(h)||h),g=n.cssHooks[b]||n.cssHooks[h],g&amp;&amp;&quot;get&quot;in g&amp;&amp;(e=g.get(a,!0,c)),void 0===e&amp;&amp;(e=Fa(a,b,d)),&quot;normal&quot;===e&amp;&amp;b in Ja&amp;&amp;(e=Ja[b]),&quot;&quot;===c||c?(f=parseFloat(e),c===!0||isFinite(f)?f||0:e):e}}),n.each([&quot;height&quot;,&quot;width&quot;],function(a,b){n.cssHooks[b]={get:function(a,c,d){return c?Ha.test(n.css(a,&quot;display&quot;))&amp;&amp;0===a.offsetWidth?Da(a,Ia,function(){return Pa(a,b,d)}):Pa(a,b,d):void 0},set:function(a,c,d){var e,f=d&amp;&amp;Ca(a),g=d&amp;&amp;Oa(a,b,d,&quot;border-box&quot;===n.css(a,&quot;boxSizing&quot;,!1,f),f);return g&amp;&amp;(e=T.exec(c))&amp;&amp;&quot;px&quot;!==(e[3]||&quot;px&quot;)&amp;&amp;(a.style[b]=c,c=n.css(a,b)),Na(a,c,g)}}}),n.cssHooks.marginLeft=Ga(l.reliableMarginLeft,function(a,b){return b?(parseFloat(Fa(a,&quot;marginLeft&quot;))||a.getBoundingClientRect().left-Da(a,{marginLeft:0},function(){return a.getBoundingClientRect().left}))+&quot;px&quot;:void 0}),n.cssHooks.marginRight=Ga(l.reliableMarginRight,function(a,b){return b?Da(a,{display:&quot;inline-block&quot;},Fa,[a,&quot;marginRight&quot;]):void 0}),n.each({margin:&quot;&quot;,padding:&quot;&quot;,border:&quot;Width&quot;},function(a,b){n.cssHooks[a+b]={expand:function(c){for(var d=0,e={},f=&quot;string&quot;==typeof c?c.split(&quot; &quot;):[c];4&gt;d;d++)e[a+U[d]+b]=f[d]||f[d-2]||f[0];return e}},Aa.test(a)||(n.cssHooks[a+b].set=Na)}),n.fn.extend({css:function(a,b){return K(this,function(a,b,c){var d,e,f={},g=0;if(n.isArray(b)){for(d=Ca(a),e=b.length;e&gt;g;g++)f[b[g]]=n.css(a,b[g],!1,d);return f}return void 0!==c?n.style(a,b,c):n.css(a,b)},a,b,arguments.length&gt;1)},show:function(){return Qa(this,!0)},hide:function(){return Qa(this)},toggle:function(a){return&quot;boolean&quot;==typeof a?a?this.show():this.hide():this.each(function(){V(this)?n(this).show():n(this).hide()})}});function Ra(a,b,c,d,e){return new Ra.prototype.init(a,b,c,d,e)}n.Tween=Ra,Ra.prototype={constructor:Ra,init:function(a,b,c,d,e,f){this.elem=a,this.prop=c,this.easing=e||n.easing._default,this.options=b,this.start=this.now=this.cur(),this.end=d,this.unit=f||(n.cssNumber[c]?&quot;&quot;:&quot;px&quot;)},cur:function(){var a=Ra.propHooks[this.prop];return a&amp;&amp;a.get?a.get(this):Ra.propHooks._default.get(this)},run:function(a){var b,c=Ra.propHooks[this.prop];return this.options.duration?this.pos=b=n.easing[this.easing](a,this.options.duration*a,0,1,this.options.duration):this.pos=b=a,this.now=(this.end-this.start)*b+this.start,this.options.step&amp;&amp;this.options.step.call(this.elem,this.now,this),c&amp;&amp;c.set?c.set(this):Ra.propHooks._default.set(this),this}},Ra.prototype.init.prototype=Ra.prototype,Ra.propHooks={_default:{get:function(a){var b;return 1!==a.elem.nodeType||null!=a.elem[a.prop]&amp;&amp;null==a.elem.style[a.prop]?a.elem[a.prop]:(b=n.css(a.elem,a.prop,&quot;&quot;),b&amp;&amp;&quot;auto&quot;!==b?b:0)},set:function(a){n.fx.step[a.prop]?n.fx.step[a.prop](a):1!==a.elem.nodeType||null==a.elem.style[n.cssProps[a.prop]]&amp;&amp;!n.cssHooks[a.prop]?a.elem[a.prop]=a.now:n.style(a.elem,a.prop,a.now+a.unit)}}},Ra.propHooks.scrollTop=Ra.propHooks.scrollLeft={set:function(a){a.elem.nodeType&amp;&amp;a.elem.parentNode&amp;&amp;(a.elem[a.prop]=a.now)}},n.easing={linear:function(a){return a},swing:function(a){return.5-Math.cos(a*Math.PI)/2},_default:&quot;swing&quot;},n.fx=Ra.prototype.init,n.fx.step={};var Sa,Ta,Ua=/^(?:toggle|show|hide)$/,Va=/queueHooks$/;function Wa(){return a.setTimeout(function(){Sa=void 0}),Sa=n.now()}function Xa(a,b){var c,d=0,e={height:a};for(b=b?1:0;4&gt;d;d+=2-b)c=U[d],e[&quot;margin&quot;+c]=e[&quot;padding&quot;+c]=a;return b&amp;&amp;(e.opacity=e.width=a),e}function Ya(a,b,c){for(var d,e=(_a.tweeners[b]||[]).concat(_a.tweeners[&quot;*&quot;]),f=0,g=e.length;g&gt;f;f++)if(d=e[f].call(c,b,a))return d}function Za(a,b,c){var d,e,f,g,h,i,j,k,l=this,m={},o=a.style,p=a.nodeType&amp;&amp;V(a),q=N.get(a,&quot;fxshow&quot;);c.queue||(h=n._queueHooks(a,&quot;fx&quot;),null==h.unqueued&amp;&amp;(h.unqueued=0,i=h.empty.fire,h.empty.fire=function(){h.unqueued||i()}),h.unqueued++,l.always(function(){l.always(function(){h.unqueued--,n.queue(a,&quot;fx&quot;).length||h.empty.fire()})})),1===a.nodeType&amp;&amp;(&quot;height&quot;in b||&quot;width&quot;in b)&amp;&amp;(c.overflow=[o.overflow,o.overflowX,o.overflowY],j=n.css(a,&quot;display&quot;),k=&quot;none&quot;===j?N.get(a,&quot;olddisplay&quot;)||za(a.nodeName):j,&quot;inline&quot;===k&amp;&amp;&quot;none&quot;===n.css(a,&quot;float&quot;)&amp;&amp;(o.display=&quot;inline-block&quot;)),c.overflow&amp;&amp;(o.overflow=&quot;hidden&quot;,l.always(function(){o.overflow=c.overflow[0],o.overflowX=c.overflow[1],o.overflowY=c.overflow[2]}));for(d in b)if(e=b[d],Ua.exec(e)){if(delete b[d],f=f||&quot;toggle&quot;===e,e===(p?&quot;hide&quot;:&quot;show&quot;)){if(&quot;show&quot;!==e||!q||void 0===q[d])continue;p=!0}m[d]=q&amp;&amp;q[d]||n.style(a,d)}else j=void 0;if(n.isEmptyObject(m))&quot;inline&quot;===(&quot;none&quot;===j?za(a.nodeName):j)&amp;&amp;(o.display=j);else{q?&quot;hidden&quot;in q&amp;&amp;(p=q.hidden):q=N.access(a,&quot;fxshow&quot;,{}),f&amp;&amp;(q.hidden=!p),p?n(a).show():l.done(function(){n(a).hide()}),l.done(function(){var b;N.remove(a,&quot;fxshow&quot;);for(b in m)n.style(a,b,m[b])});for(d in m)g=Ya(p?q[d]:0,d,l),d in q||(q[d]=g.start,p&amp;&amp;(g.end=g.start,g.start=&quot;width&quot;===d||&quot;height&quot;===d?1:0))}}function $a(a,b){var c,d,e,f,g;for(c in a)if(d=n.camelCase(c),e=b[d],f=a[c],n.isArray(f)&amp;&amp;(e=f[1],f=a[c]=f[0]),c!==d&amp;&amp;(a[d]=f,delete a[c]),g=n.cssHooks[d],g&amp;&amp;&quot;expand&quot;in g){f=g.expand(f),delete a[d];for(c in f)c in a||(a[c]=f[c],b[c]=e)}else b[d]=e}function _a(a,b,c){var d,e,f=0,g=_a.prefilters.length,h=n.Deferred().always(function(){delete i.elem}),i=function(){if(e)return!1;for(var b=Sa||Wa(),c=Math.max(0,j.startTime+j.duration-b),d=c/j.duration||0,f=1-d,g=0,i=j.tweens.length;i&gt;g;g++)j.tweens[g].run(f);return h.notifyWith(a,[j,f,c]),1&gt;f&amp;&amp;i?c:(h.resolveWith(a,[j]),!1)},j=h.promise({elem:a,props:n.extend({},b),opts:n.extend(!0,{specialEasing:{},easing:n.easing._default},c),originalProperties:b,originalOptions:c,startTime:Sa||Wa(),duration:c.duration,tweens:[],createTween:function(b,c){var d=n.Tween(a,j.opts,b,c,j.opts.specialEasing[b]||j.opts.easing);return j.tweens.push(d),d},stop:function(b){var c=0,d=b?j.tweens.length:0;if(e)return this;for(e=!0;d&gt;c;c++)j.tweens[c].run(1);return b?(h.notifyWith(a,[j,1,0]),h.resolveWith(a,[j,b])):h.rejectWith(a,[j,b]),this}}),k=j.props;for($a(k,j.opts.specialEasing);g&gt;f;f++)if(d=_a.prefilters[f].call(j,a,k,j.opts))return n.isFunction(d.stop)&amp;&amp;(n._queueHooks(j.elem,j.opts.queue).stop=n.proxy(d.stop,d)),d;return n.map(k,Ya,j),n.isFunction(j.opts.start)&amp;&amp;j.opts.start.call(a,j),n.fx.timer(n.extend(i,{elem:a,anim:j,queue:j.opts.queue})),j.progress(j.opts.progress).done(j.opts.done,j.opts.complete).fail(j.opts.fail).always(j.opts.always)}n.Animation=n.extend(_a,{tweeners:{&quot;*&quot;:[function(a,b){var c=this.createTween(a,b);return W(c.elem,a,T.exec(b),c),c}]},tweener:function(a,b){n.isFunction(a)?(b=a,a=[&quot;*&quot;]):a=a.match(G);for(var c,d=0,e=a.length;e&gt;d;d++)c=a[d],_a.tweeners[c]=_a.tweeners[c]||[],_a.tweeners[c].unshift(b)},prefilters:[Za],prefilter:function(a,b){b?_a.prefilters.unshift(a):_a.prefilters.push(a)}}),n.speed=function(a,b,c){var d=a&amp;&amp;&quot;object&quot;==typeof a?n.extend({},a):{complete:c||!c&amp;&amp;b||n.isFunction(a)&amp;&amp;a,duration:a,easing:c&amp;&amp;b||b&amp;&amp;!n.isFunction(b)&amp;&amp;b};return d.duration=n.fx.off?0:&quot;number&quot;==typeof d.duration?d.duration:d.duration in n.fx.speeds?n.fx.speeds[d.duration]:n.fx.speeds._default,(null==d.queue||d.queue===!0)&amp;&amp;(d.queue=&quot;fx&quot;),d.old=d.complete,d.complete=function(){n.isFunction(d.old)&amp;&amp;d.old.call(this),d.queue&amp;&amp;n.dequeue(this,d.queue)},d},n.fn.extend({fadeTo:function(a,b,c,d){return this.filter(V).css(&quot;opacity&quot;,0).show().end().animate({opacity:b},a,c,d)},animate:function(a,b,c,d){var e=n.isEmptyObject(a),f=n.speed(b,c,d),g=function(){var b=_a(this,n.extend({},a),f);(e||N.get(this,&quot;finish&quot;))&amp;&amp;b.stop(!0)};return g.finish=g,e||f.queue===!1?this.each(g):this.queue(f.queue,g)},stop:function(a,b,c){var d=function(a){var b=a.stop;delete a.stop,b(c)};return&quot;string&quot;!=typeof a&amp;&amp;(c=b,b=a,a=void 0),b&amp;&amp;a!==!1&amp;&amp;this.queue(a||&quot;fx&quot;,[]),this.each(function(){var b=!0,e=null!=a&amp;&amp;a+&quot;queueHooks&quot;,f=n.timers,g=N.get(this);if(e)g[e]&amp;&amp;g[e].stop&amp;&amp;d(g[e]);else for(e in g)g[e]&amp;&amp;g[e].stop&amp;&amp;Va.test(e)&amp;&amp;d(g[e]);for(e=f.length;e--;)f[e].elem!==this||null!=a&amp;&amp;f[e].queue!==a||(f[e].anim.stop(c),b=!1,f.splice(e,1));(b||!c)&amp;&amp;n.dequeue(this,a)})},finish:function(a){return a!==!1&amp;&amp;(a=a||&quot;fx&quot;),this.each(function(){var b,c=N.get(this),d=c[a+&quot;queue&quot;],e=c[a+&quot;queueHooks&quot;],f=n.timers,g=d?d.length:0;for(c.finish=!0,n.queue(this,a,[]),e&amp;&amp;e.stop&amp;&amp;e.stop.call(this,!0),b=f.length;b--;)f[b].elem===this&amp;&amp;f[b].queue===a&amp;&amp;(f[b].anim.stop(!0),f.splice(b,1));for(b=0;g&gt;b;b++)d[b]&amp;&amp;d[b].finish&amp;&amp;d[b].finish.call(this);delete c.finish})}}),n.each([&quot;toggle&quot;,&quot;show&quot;,&quot;hide&quot;],function(a,b){var c=n.fn[b];n.fn[b]=function(a,d,e){return null==a||&quot;boolean&quot;==typeof a?c.apply(this,arguments):this.animate(Xa(b,!0),a,d,e)}}),n.each({slideDown:Xa(&quot;show&quot;),slideUp:Xa(&quot;hide&quot;),slideToggle:Xa(&quot;toggle&quot;),fadeIn:{opacity:&quot;show&quot;},fadeOut:{opacity:&quot;hide&quot;},fadeToggle:{opacity:&quot;toggle&quot;}},function(a,b){n.fn[a]=function(a,c,d){return this.animate(b,a,c,d)}}),n.timers=[],n.fx.tick=function(){var a,b=0,c=n.timers;for(Sa=n.now();b&lt;c.length;b++)a=c[b],a()||c[b]!==a||c.splice(b--,1);c.length||n.fx.stop(),Sa=void 0},n.fx.timer=function(a){n.timers.push(a),a()?n.fx.start():n.timers.pop()},n.fx.interval=13,n.fx.start=function(){Ta||(Ta=a.setInterval(n.fx.tick,n.fx.interval))},n.fx.stop=function(){a.clearInterval(Ta),Ta=null},n.fx.speeds={slow:600,fast:200,_default:400},n.fn.delay=function(b,c){return b=n.fx?n.fx.speeds[b]||b:b,c=c||&quot;fx&quot;,this.queue(c,function(c,d){var e=a.setTimeout(c,b);d.stop=function(){a.clearTimeout(e)}})},function(){var a=d.createElement(&quot;input&quot;),b=d.createElement(&quot;select&quot;),c=b.appendChild(d.createElement(&quot;option&quot;));a.type=&quot;checkbox&quot;,l.checkOn=&quot;&quot;!==a.value,l.optSelected=c.selected,b.disabled=!0,l.optDisabled=!c.disabled,a=d.createElement(&quot;input&quot;),a.value=&quot;t&quot;,a.type=&quot;radio&quot;,l.radioValue=&quot;t&quot;===a.value}();var ab,bb=n.expr.attrHandle;n.fn.extend({attr:function(a,b){return K(this,n.attr,a,b,arguments.length&gt;1)},removeAttr:function(a){return this.each(function(){n.removeAttr(this,a)})}}),n.extend({attr:function(a,b,c){var d,e,f=a.nodeType;if(3!==f&amp;&amp;8!==f&amp;&amp;2!==f)return&quot;undefined&quot;==typeof a.getAttribute?n.prop(a,b,c):(1===f&amp;&amp;n.isXMLDoc(a)||(b=b.toLowerCase(),e=n.attrHooks[b]||(n.expr.match.bool.test(b)?ab:void 0)),void 0!==c?null===c?void n.removeAttr(a,b):e&amp;&amp;&quot;set&quot;in e&amp;&amp;void 0!==(d=e.set(a,c,b))?d:(a.setAttribute(b,c+&quot;&quot;),c):e&amp;&amp;&quot;get&quot;in e&amp;&amp;null!==(d=e.get(a,b))?d:(d=n.find.attr(a,b),null==d?void 0:d))},attrHooks:{type:{set:function(a,b){if(!l.radioValue&amp;&amp;&quot;radio&quot;===b&amp;&amp;n.nodeName(a,&quot;input&quot;)){var c=a.value;return a.setAttribute(&quot;type&quot;,b),c&amp;&amp;(a.value=c),b}}}},removeAttr:function(a,b){var c,d,e=0,f=b&amp;&amp;b.match(G);if(f&amp;&amp;1===a.nodeType)while(c=f[e++])d=n.propFix[c]||c,n.expr.match.bool.test(c)&amp;&amp;(a[d]=!1),a.removeAttribute(c)}}),ab={set:function(a,b,c){return b===!1?n.removeAttr(a,c):a.setAttribute(c,c),c}},n.each(n.expr.match.bool.source.match(/\w+/g),function(a,b){var c=bb[b]||n.find.attr;bb[b]=function(a,b,d){var e,f;return d||(f=bb[b],bb[b]=e,e=null!=c(a,b,d)?b.toLowerCase():null,bb[b]=f),e}});var cb=/^(?:input|select|textarea|button)$/i,db=/^(?:a|area)$/i;n.fn.extend({prop:function(a,b){return K(this,n.prop,a,b,arguments.length&gt;1)},removeProp:function(a){return this.each(function(){delete this[n.propFix[a]||a]})}}),n.extend({prop:function(a,b,c){var d,e,f=a.nodeType;if(3!==f&amp;&amp;8!==f&amp;&amp;2!==f)return 1===f&amp;&amp;n.isXMLDoc(a)||(b=n.propFix[b]||b,e=n.propHooks[b]),void 0!==c?e&amp;&amp;&quot;set&quot;in e&amp;&amp;void 0!==(d=e.set(a,c,b))?d:a[b]=c:e&amp;&amp;&quot;get&quot;in e&amp;&amp;null!==(d=e.get(a,b))?d:a[b];&#10;  },propHooks:{tabIndex:{get:function(a){var b=n.find.attr(a,&quot;tabindex&quot;);return b?parseInt(b,10):cb.test(a.nodeName)||db.test(a.nodeName)&amp;&amp;a.href?0:-1}}},propFix:{&quot;for&quot;:&quot;htmlFor&quot;,&quot;class&quot;:&quot;className&quot;}}),l.optSelected||(n.propHooks.selected={get:function(a){var b=a.parentNode;return b&amp;&amp;b.parentNode&amp;&amp;b.parentNode.selectedIndex,null}}),n.each([&quot;tabIndex&quot;,&quot;readOnly&quot;,&quot;maxLength&quot;,&quot;cellSpacing&quot;,&quot;cellPadding&quot;,&quot;rowSpan&quot;,&quot;colSpan&quot;,&quot;useMap&quot;,&quot;frameBorder&quot;,&quot;contentEditable&quot;],function(){n.propFix[this.toLowerCase()]=this});var eb=/[\t\r\n\f]/g;function fb(a){return a.getAttribute&amp;&amp;a.getAttribute(&quot;class&quot;)||&quot;&quot;}n.fn.extend({addClass:function(a){var b,c,d,e,f,g,h,i=0;if(n.isFunction(a))return this.each(function(b){n(this).addClass(a.call(this,b,fb(this)))});if(&quot;string&quot;==typeof a&amp;&amp;a){b=a.match(G)||[];while(c=this[i++])if(e=fb(c),d=1===c.nodeType&amp;&amp;(&quot; &quot;+e+&quot; &quot;).replace(eb,&quot; &quot;)){g=0;while(f=b[g++])d.indexOf(&quot; &quot;+f+&quot; &quot;)&lt;0&amp;&amp;(d+=f+&quot; &quot;);h=n.trim(d),e!==h&amp;&amp;c.setAttribute(&quot;class&quot;,h)}}return this},removeClass:function(a){var b,c,d,e,f,g,h,i=0;if(n.isFunction(a))return this.each(function(b){n(this).removeClass(a.call(this,b,fb(this)))});if(!arguments.length)return this.attr(&quot;class&quot;,&quot;&quot;);if(&quot;string&quot;==typeof a&amp;&amp;a){b=a.match(G)||[];while(c=this[i++])if(e=fb(c),d=1===c.nodeType&amp;&amp;(&quot; &quot;+e+&quot; &quot;).replace(eb,&quot; &quot;)){g=0;while(f=b[g++])while(d.indexOf(&quot; &quot;+f+&quot; &quot;)&gt;-1)d=d.replace(&quot; &quot;+f+&quot; &quot;,&quot; &quot;);h=n.trim(d),e!==h&amp;&amp;c.setAttribute(&quot;class&quot;,h)}}return this},toggleClass:function(a,b){var c=typeof a;return&quot;boolean&quot;==typeof b&amp;&amp;&quot;string&quot;===c?b?this.addClass(a):this.removeClass(a):n.isFunction(a)?this.each(function(c){n(this).toggleClass(a.call(this,c,fb(this),b),b)}):this.each(function(){var b,d,e,f;if(&quot;string&quot;===c){d=0,e=n(this),f=a.match(G)||[];while(b=f[d++])e.hasClass(b)?e.removeClass(b):e.addClass(b)}else(void 0===a||&quot;boolean&quot;===c)&amp;&amp;(b=fb(this),b&amp;&amp;N.set(this,&quot;__className__&quot;,b),this.setAttribute&amp;&amp;this.setAttribute(&quot;class&quot;,b||a===!1?&quot;&quot;:N.get(this,&quot;__className__&quot;)||&quot;&quot;))})},hasClass:function(a){var b,c,d=0;b=&quot; &quot;+a+&quot; &quot;;while(c=this[d++])if(1===c.nodeType&amp;&amp;(&quot; &quot;+fb(c)+&quot; &quot;).replace(eb,&quot; &quot;).indexOf(b)&gt;-1)return!0;return!1}});var gb=/\r/g;n.fn.extend({val:function(a){var b,c,d,e=this[0];{if(arguments.length)return d=n.isFunction(a),this.each(function(c){var e;1===this.nodeType&amp;&amp;(e=d?a.call(this,c,n(this).val()):a,null==e?e=&quot;&quot;:&quot;number&quot;==typeof e?e+=&quot;&quot;:n.isArray(e)&amp;&amp;(e=n.map(e,function(a){return null==a?&quot;&quot;:a+&quot;&quot;})),b=n.valHooks[this.type]||n.valHooks[this.nodeName.toLowerCase()],b&amp;&amp;&quot;set&quot;in b&amp;&amp;void 0!==b.set(this,e,&quot;value&quot;)||(this.value=e))});if(e)return b=n.valHooks[e.type]||n.valHooks[e.nodeName.toLowerCase()],b&amp;&amp;&quot;get&quot;in b&amp;&amp;void 0!==(c=b.get(e,&quot;value&quot;))?c:(c=e.value,&quot;string&quot;==typeof c?c.replace(gb,&quot;&quot;):null==c?&quot;&quot;:c)}}}),n.extend({valHooks:{option:{get:function(a){return n.trim(a.value)}},select:{get:function(a){for(var b,c,d=a.options,e=a.selectedIndex,f=&quot;select-one&quot;===a.type||0&gt;e,g=f?null:[],h=f?e+1:d.length,i=0&gt;e?h:f?e:0;h&gt;i;i++)if(c=d[i],(c.selected||i===e)&amp;&amp;(l.optDisabled?!c.disabled:null===c.getAttribute(&quot;disabled&quot;))&amp;&amp;(!c.parentNode.disabled||!n.nodeName(c.parentNode,&quot;optgroup&quot;))){if(b=n(c).val(),f)return b;g.push(b)}return g},set:function(a,b){var c,d,e=a.options,f=n.makeArray(b),g=e.length;while(g--)d=e[g],(d.selected=n.inArray(n.valHooks.option.get(d),f)&gt;-1)&amp;&amp;(c=!0);return c||(a.selectedIndex=-1),f}}}}),n.each([&quot;radio&quot;,&quot;checkbox&quot;],function(){n.valHooks[this]={set:function(a,b){return n.isArray(b)?a.checked=n.inArray(n(a).val(),b)&gt;-1:void 0}},l.checkOn||(n.valHooks[this].get=function(a){return null===a.getAttribute(&quot;value&quot;)?&quot;on&quot;:a.value})});var hb=/^(?:focusinfocus|focusoutblur)$/;n.extend(n.event,{trigger:function(b,c,e,f){var g,h,i,j,l,m,o,p=[e||d],q=k.call(b,&quot;type&quot;)?b.type:b,r=k.call(b,&quot;namespace&quot;)?b.namespace.split(&quot;.&quot;):[];if(h=i=e=e||d,3!==e.nodeType&amp;&amp;8!==e.nodeType&amp;&amp;!hb.test(q+n.event.triggered)&amp;&amp;(q.indexOf(&quot;.&quot;)&gt;-1&amp;&amp;(r=q.split(&quot;.&quot;),q=r.shift(),r.sort()),l=q.indexOf(&quot;:&quot;)&lt;0&amp;&amp;&quot;on&quot;+q,b=b[n.expando]?b:new n.Event(q,&quot;object&quot;==typeof b&amp;&amp;b),b.isTrigger=f?2:3,b.namespace=r.join(&quot;.&quot;),b.rnamespace=b.namespace?new RegExp(&quot;(^|\\.)&quot;+r.join(&quot;\\.(?:.*\\.|)&quot;)+&quot;(\\.|$)&quot;):null,b.result=void 0,b.target||(b.target=e),c=null==c?[b]:n.makeArray(c,[b]),o=n.event.special[q]||{},f||!o.trigger||o.trigger.apply(e,c)!==!1)){if(!f&amp;&amp;!o.noBubble&amp;&amp;!n.isWindow(e)){for(j=o.delegateType||q,hb.test(j+q)||(h=h.parentNode);h;h=h.parentNode)p.push(h),i=h;i===(e.ownerDocument||d)&amp;&amp;p.push(i.defaultView||i.parentWindow||a)}g=0;while((h=p[g++])&amp;&amp;!b.isPropagationStopped())b.type=g&gt;1?j:o.bindType||q,m=(N.get(h,&quot;events&quot;)||{})[b.type]&amp;&amp;N.get(h,&quot;handle&quot;),m&amp;&amp;m.apply(h,c),m=l&amp;&amp;h[l],m&amp;&amp;m.apply&amp;&amp;L(h)&amp;&amp;(b.result=m.apply(h,c),b.result===!1&amp;&amp;b.preventDefault());return b.type=q,f||b.isDefaultPrevented()||o._default&amp;&amp;o._default.apply(p.pop(),c)!==!1||!L(e)||l&amp;&amp;n.isFunction(e[q])&amp;&amp;!n.isWindow(e)&amp;&amp;(i=e[l],i&amp;&amp;(e[l]=null),n.event.triggered=q,e[q](),n.event.triggered=void 0,i&amp;&amp;(e[l]=i)),b.result}},simulate:function(a,b,c){var d=n.extend(new n.Event,c,{type:a,isSimulated:!0});n.event.trigger(d,null,b),d.isDefaultPrevented()&amp;&amp;c.preventDefault()}}),n.fn.extend({trigger:function(a,b){return this.each(function(){n.event.trigger(a,b,this)})},triggerHandler:function(a,b){var c=this[0];return c?n.event.trigger(a,b,c,!0):void 0}}),n.each(&quot;blur focus focusin focusout load resize scroll unload click dblclick mousedown mouseup mousemove mouseover mouseout mouseenter mouseleave change select submit keydown keypress keyup error contextmenu&quot;.split(&quot; &quot;),function(a,b){n.fn[b]=function(a,c){return arguments.length&gt;0?this.on(b,null,a,c):this.trigger(b)}}),n.fn.extend({hover:function(a,b){return this.mouseenter(a).mouseleave(b||a)}}),l.focusin=&quot;onfocusin&quot;in a,l.focusin||n.each({focus:&quot;focusin&quot;,blur:&quot;focusout&quot;},function(a,b){var c=function(a){n.event.simulate(b,a.target,n.event.fix(a))};n.event.special[b]={setup:function(){var d=this.ownerDocument||this,e=N.access(d,b);e||d.addEventListener(a,c,!0),N.access(d,b,(e||0)+1)},teardown:function(){var d=this.ownerDocument||this,e=N.access(d,b)-1;e?N.access(d,b,e):(d.removeEventListener(a,c,!0),N.remove(d,b))}}});var ib=a.location,jb=n.now(),kb=/\?/;n.parseJSON=function(a){return JSON.parse(a+&quot;&quot;)},n.parseXML=function(b){var c;if(!b||&quot;string&quot;!=typeof b)return null;try{c=(new a.DOMParser).parseFromString(b,&quot;text/xml&quot;)}catch(d){c=void 0}return(!c||c.getElementsByTagName(&quot;parsererror&quot;).length)&amp;&amp;n.error(&quot;Invalid XML: &quot;+b),c};var lb=/#.*$/,mb=/([?&amp;])_=[^&amp;]*/,nb=/^(.*?):[ \t]*([^\r\n]*)$/gm,ob=/^(?:about|app|app-storage|.+-extension|file|res|widget):$/,pb=/^(?:GET|HEAD)$/,qb=/^\/\//,rb={},sb={},tb=&quot;*/&quot;.concat(&quot;*&quot;),ub=d.createElement(&quot;a&quot;);ub.href=ib.href;function vb(a){return function(b,c){&quot;string&quot;!=typeof b&amp;&amp;(c=b,b=&quot;*&quot;);var d,e=0,f=b.toLowerCase().match(G)||[];if(n.isFunction(c))while(d=f[e++])&quot;+&quot;===d[0]?(d=d.slice(1)||&quot;*&quot;,(a[d]=a[d]||[]).unshift(c)):(a[d]=a[d]||[]).push(c)}}function wb(a,b,c,d){var e={},f=a===sb;function g(h){var i;return e[h]=!0,n.each(a[h]||[],function(a,h){var j=h(b,c,d);return&quot;string&quot;!=typeof j||f||e[j]?f?!(i=j):void 0:(b.dataTypes.unshift(j),g(j),!1)}),i}return g(b.dataTypes[0])||!e[&quot;*&quot;]&amp;&amp;g(&quot;*&quot;)}function xb(a,b){var c,d,e=n.ajaxSettings.flatOptions||{};for(c in b)void 0!==b[c]&amp;&amp;((e[c]?a:d||(d={}))[c]=b[c]);return d&amp;&amp;n.extend(!0,a,d),a}function yb(a,b,c){var d,e,f,g,h=a.contents,i=a.dataTypes;while(&quot;*&quot;===i[0])i.shift(),void 0===d&amp;&amp;(d=a.mimeType||b.getResponseHeader(&quot;Content-Type&quot;));if(d)for(e in h)if(h[e]&amp;&amp;h[e].test(d)){i.unshift(e);break}if(i[0]in c)f=i[0];else{for(e in c){if(!i[0]||a.converters[e+&quot; &quot;+i[0]]){f=e;break}g||(g=e)}f=f||g}return f?(f!==i[0]&amp;&amp;i.unshift(f),c[f]):void 0}function zb(a,b,c,d){var e,f,g,h,i,j={},k=a.dataTypes.slice();if(k[1])for(g in a.converters)j[g.toLowerCase()]=a.converters[g];f=k.shift();while(f)if(a.responseFields[f]&amp;&amp;(c[a.responseFields[f]]=b),!i&amp;&amp;d&amp;&amp;a.dataFilter&amp;&amp;(b=a.dataFilter(b,a.dataType)),i=f,f=k.shift())if(&quot;*&quot;===f)f=i;else if(&quot;*&quot;!==i&amp;&amp;i!==f){if(g=j[i+&quot; &quot;+f]||j[&quot;* &quot;+f],!g)for(e in j)if(h=e.split(&quot; &quot;),h[1]===f&amp;&amp;(g=j[i+&quot; &quot;+h[0]]||j[&quot;* &quot;+h[0]])){g===!0?g=j[e]:j[e]!==!0&amp;&amp;(f=h[0],k.unshift(h[1]));break}if(g!==!0)if(g&amp;&amp;a[&quot;throws&quot;])b=g(b);else try{b=g(b)}catch(l){return{state:&quot;parsererror&quot;,error:g?l:&quot;No conversion from &quot;+i+&quot; to &quot;+f}}}return{state:&quot;success&quot;,data:b}}n.extend({active:0,lastModified:{},etag:{},ajaxSettings:{url:ib.href,type:&quot;GET&quot;,isLocal:ob.test(ib.protocol),global:!0,processData:!0,async:!0,contentType:&quot;application/x-www-form-urlencoded; charset=UTF-8&quot;,accepts:{&quot;*&quot;:tb,text:&quot;text/plain&quot;,html:&quot;text/html&quot;,xml:&quot;application/xml, text/xml&quot;,json:&quot;application/json, text/javascript&quot;},contents:{xml:/\bxml\b/,html:/\bhtml/,json:/\bjson\b/},responseFields:{xml:&quot;responseXML&quot;,text:&quot;responseText&quot;,json:&quot;responseJSON&quot;},converters:{&quot;* text&quot;:String,&quot;text html&quot;:!0,&quot;text json&quot;:n.parseJSON,&quot;text xml&quot;:n.parseXML},flatOptions:{url:!0,context:!0}},ajaxSetup:function(a,b){return b?xb(xb(a,n.ajaxSettings),b):xb(n.ajaxSettings,a)},ajaxPrefilter:vb(rb),ajaxTransport:vb(sb),ajax:function(b,c){&quot;object&quot;==typeof b&amp;&amp;(c=b,b=void 0),c=c||{};var e,f,g,h,i,j,k,l,m=n.ajaxSetup({},c),o=m.context||m,p=m.context&amp;&amp;(o.nodeType||o.jquery)?n(o):n.event,q=n.Deferred(),r=n.Callbacks(&quot;once memory&quot;),s=m.statusCode||{},t={},u={},v=0,w=&quot;canceled&quot;,x={readyState:0,getResponseHeader:function(a){var b;if(2===v){if(!h){h={};while(b=nb.exec(g))h[b[1].toLowerCase()]=b[2]}b=h[a.toLowerCase()]}return null==b?null:b},getAllResponseHeaders:function(){return 2===v?g:null},setRequestHeader:function(a,b){var c=a.toLowerCase();return v||(a=u[c]=u[c]||a,t[a]=b),this},overrideMimeType:function(a){return v||(m.mimeType=a),this},statusCode:function(a){var b;if(a)if(2&gt;v)for(b in a)s[b]=[s[b],a[b]];else x.always(a[x.status]);return this},abort:function(a){var b=a||w;return e&amp;&amp;e.abort(b),z(0,b),this}};if(q.promise(x).complete=r.add,x.success=x.done,x.error=x.fail,m.url=((b||m.url||ib.href)+&quot;&quot;).replace(lb,&quot;&quot;).replace(qb,ib.protocol+&quot;//&quot;),m.type=c.method||c.type||m.method||m.type,m.dataTypes=n.trim(m.dataType||&quot;*&quot;).toLowerCase().match(G)||[&quot;&quot;],null==m.crossDomain){j=d.createElement(&quot;a&quot;);try{j.href=m.url,j.href=j.href,m.crossDomain=ub.protocol+&quot;//&quot;+ub.host!=j.protocol+&quot;//&quot;+j.host}catch(y){m.crossDomain=!0}}if(m.data&amp;&amp;m.processData&amp;&amp;&quot;string&quot;!=typeof m.data&amp;&amp;(m.data=n.param(m.data,m.traditional)),wb(rb,m,c,x),2===v)return x;k=n.event&amp;&amp;m.global,k&amp;&amp;0===n.active++&amp;&amp;n.event.trigger(&quot;ajaxStart&quot;),m.type=m.type.toUpperCase(),m.hasContent=!pb.test(m.type),f=m.url,m.hasContent||(m.data&amp;&amp;(f=m.url+=(kb.test(f)?&quot;&amp;&quot;:&quot;?&quot;)+m.data,delete m.data),m.cache===!1&amp;&amp;(m.url=mb.test(f)?f.replace(mb,&quot;$1_=&quot;+jb++):f+(kb.test(f)?&quot;&amp;&quot;:&quot;?&quot;)+&quot;_=&quot;+jb++)),m.ifModified&amp;&amp;(n.lastModified[f]&amp;&amp;x.setRequestHeader(&quot;If-Modified-Since&quot;,n.lastModified[f]),n.etag[f]&amp;&amp;x.setRequestHeader(&quot;If-None-Match&quot;,n.etag[f])),(m.data&amp;&amp;m.hasContent&amp;&amp;m.contentType!==!1||c.contentType)&amp;&amp;x.setRequestHeader(&quot;Content-Type&quot;,m.contentType),x.setRequestHeader(&quot;Accept&quot;,m.dataTypes[0]&amp;&amp;m.accepts[m.dataTypes[0]]?m.accepts[m.dataTypes[0]]+(&quot;*&quot;!==m.dataTypes[0]?&quot;, &quot;+tb+&quot;; q=0.01&quot;:&quot;&quot;):m.accepts[&quot;*&quot;]);for(l in m.headers)x.setRequestHeader(l,m.headers[l]);if(m.beforeSend&amp;&amp;(m.beforeSend.call(o,x,m)===!1||2===v))return x.abort();w=&quot;abort&quot;;for(l in{success:1,error:1,complete:1})x[l](m[l]);if(e=wb(sb,m,c,x)){if(x.readyState=1,k&amp;&amp;p.trigger(&quot;ajaxSend&quot;,[x,m]),2===v)return x;m.async&amp;&amp;m.timeout&gt;0&amp;&amp;(i=a.setTimeout(function(){x.abort(&quot;timeout&quot;)},m.timeout));try{v=1,e.send(t,z)}catch(y){if(!(2&gt;v))throw y;z(-1,y)}}else z(-1,&quot;No Transport&quot;);function z(b,c,d,h){var j,l,t,u,w,y=c;2!==v&amp;&amp;(v=2,i&amp;&amp;a.clearTimeout(i),e=void 0,g=h||&quot;&quot;,x.readyState=b&gt;0?4:0,j=b&gt;=200&amp;&amp;300&gt;b||304===b,d&amp;&amp;(u=yb(m,x,d)),u=zb(m,u,x,j),j?(m.ifModified&amp;&amp;(w=x.getResponseHeader(&quot;Last-Modified&quot;),w&amp;&amp;(n.lastModified[f]=w),w=x.getResponseHeader(&quot;etag&quot;),w&amp;&amp;(n.etag[f]=w)),204===b||&quot;HEAD&quot;===m.type?y=&quot;nocontent&quot;:304===b?y=&quot;notmodified&quot;:(y=u.state,l=u.data,t=u.error,j=!t)):(t=y,(b||!y)&amp;&amp;(y=&quot;error&quot;,0&gt;b&amp;&amp;(b=0))),x.status=b,x.statusText=(c||y)+&quot;&quot;,j?q.resolveWith(o,[l,y,x]):q.rejectWith(o,[x,y,t]),x.statusCode(s),s=void 0,k&amp;&amp;p.trigger(j?&quot;ajaxSuccess&quot;:&quot;ajaxError&quot;,[x,m,j?l:t]),r.fireWith(o,[x,y]),k&amp;&amp;(p.trigger(&quot;ajaxComplete&quot;,[x,m]),--n.active||n.event.trigger(&quot;ajaxStop&quot;)))}return x},getJSON:function(a,b,c){return n.get(a,b,c,&quot;json&quot;)},getScript:function(a,b){return n.get(a,void 0,b,&quot;script&quot;)}}),n.each([&quot;get&quot;,&quot;post&quot;],function(a,b){n[b]=function(a,c,d,e){return n.isFunction(c)&amp;&amp;(e=e||d,d=c,c=void 0),n.ajax(n.extend({url:a,type:b,dataType:e,data:c,success:d},n.isPlainObject(a)&amp;&amp;a))}}),n._evalUrl=function(a){return n.ajax({url:a,type:&quot;GET&quot;,dataType:&quot;script&quot;,async:!1,global:!1,&quot;throws&quot;:!0})},n.fn.extend({wrapAll:function(a){var b;return n.isFunction(a)?this.each(function(b){n(this).wrapAll(a.call(this,b))}):(this[0]&amp;&amp;(b=n(a,this[0].ownerDocument).eq(0).clone(!0),this[0].parentNode&amp;&amp;b.insertBefore(this[0]),b.map(function(){var a=this;while(a.firstElementChild)a=a.firstElementChild;return a}).append(this)),this)},wrapInner:function(a){return n.isFunction(a)?this.each(function(b){n(this).wrapInner(a.call(this,b))}):this.each(function(){var b=n(this),c=b.contents();c.length?c.wrapAll(a):b.append(a)})},wrap:function(a){var b=n.isFunction(a);return this.each(function(c){n(this).wrapAll(b?a.call(this,c):a)})},unwrap:function(){return this.parent().each(function(){n.nodeName(this,&quot;body&quot;)||n(this).replaceWith(this.childNodes)}).end()}}),n.expr.filters.hidden=function(a){return!n.expr.filters.visible(a)},n.expr.filters.visible=function(a){return a.offsetWidth&gt;0||a.offsetHeight&gt;0||a.getClientRects().length&gt;0};var Ab=/%20/g,Bb=/\[\]$/,Cb=/\r?\n/g,Db=/^(?:submit|button|image|reset|file)$/i,Eb=/^(?:input|select|textarea|keygen)/i;function Fb(a,b,c,d){var e;if(n.isArray(b))n.each(b,function(b,e){c||Bb.test(a)?d(a,e):Fb(a+&quot;[&quot;+(&quot;object&quot;==typeof e&amp;&amp;null!=e?b:&quot;&quot;)+&quot;]&quot;,e,c,d)});else if(c||&quot;object&quot;!==n.type(b))d(a,b);else for(e in b)Fb(a+&quot;[&quot;+e+&quot;]&quot;,b[e],c,d)}n.param=function(a,b){var c,d=[],e=function(a,b){b=n.isFunction(b)?b():null==b?&quot;&quot;:b,d[d.length]=encodeURIComponent(a)+&quot;=&quot;+encodeURIComponent(b)};if(void 0===b&amp;&amp;(b=n.ajaxSettings&amp;&amp;n.ajaxSettings.traditional),n.isArray(a)||a.jquery&amp;&amp;!n.isPlainObject(a))n.each(a,function(){e(this.name,this.value)});else for(c in a)Fb(c,a[c],b,e);return d.join(&quot;&amp;&quot;).replace(Ab,&quot;+&quot;)},n.fn.extend({serialize:function(){return n.param(this.serializeArray())},serializeArray:function(){return this.map(function(){var a=n.prop(this,&quot;elements&quot;);return a?n.makeArray(a):this}).filter(function(){var a=this.type;return this.name&amp;&amp;!n(this).is(&quot;:disabled&quot;)&amp;&amp;Eb.test(this.nodeName)&amp;&amp;!Db.test(a)&amp;&amp;(this.checked||!X.test(a))}).map(function(a,b){var c=n(this).val();return null==c?null:n.isArray(c)?n.map(c,function(a){return{name:b.name,value:a.replace(Cb,&quot;\r\n&quot;)}}):{name:b.name,value:c.replace(Cb,&quot;\r\n&quot;)}}).get()}}),n.ajaxSettings.xhr=function(){try{return new a.XMLHttpRequest}catch(b){}};var Gb={0:200,1223:204},Hb=n.ajaxSettings.xhr();l.cors=!!Hb&amp;&amp;&quot;withCredentials&quot;in Hb,l.ajax=Hb=!!Hb,n.ajaxTransport(function(b){var c,d;return l.cors||Hb&amp;&amp;!b.crossDomain?{send:function(e,f){var g,h=b.xhr();if(h.open(b.type,b.url,b.async,b.username,b.password),b.xhrFields)for(g in b.xhrFields)h[g]=b.xhrFields[g];b.mimeType&amp;&amp;h.overrideMimeType&amp;&amp;h.overrideMimeType(b.mimeType),b.crossDomain||e[&quot;X-Requested-With&quot;]||(e[&quot;X-Requested-With&quot;]=&quot;XMLHttpRequest&quot;);for(g in e)h.setRequestHeader(g,e[g]);c=function(a){return function(){c&amp;&amp;(c=d=h.onload=h.onerror=h.onabort=h.onreadystatechange=null,&quot;abort&quot;===a?h.abort():&quot;error&quot;===a?&quot;number&quot;!=typeof h.status?f(0,&quot;error&quot;):f(h.status,h.statusText):f(Gb[h.status]||h.status,h.statusText,&quot;text&quot;!==(h.responseType||&quot;text&quot;)||&quot;string&quot;!=typeof h.responseText?{binary:h.response}:{text:h.responseText},h.getAllResponseHeaders()))}},h.onload=c(),d=h.onerror=c(&quot;error&quot;),void 0!==h.onabort?h.onabort=d:h.onreadystatechange=function(){4===h.readyState&amp;&amp;a.setTimeout(function(){c&amp;&amp;d()})},c=c(&quot;abort&quot;);try{h.send(b.hasContent&amp;&amp;b.data||null)}catch(i){if(c)throw i}},abort:function(){c&amp;&amp;c()}}:void 0}),n.ajaxSetup({accepts:{script:&quot;text/javascript, application/javascript, application/ecmascript, application/x-ecmascript&quot;},contents:{script:/\b(?:java|ecma)script\b/},converters:{&quot;text script&quot;:function(a){return n.globalEval(a),a}}}),n.ajaxPrefilter(&quot;script&quot;,function(a){void 0===a.cache&amp;&amp;(a.cache=!1),a.crossDomain&amp;&amp;(a.type=&quot;GET&quot;)}),n.ajaxTransport(&quot;script&quot;,function(a){if(a.crossDomain){var b,c;return{send:function(e,f){b=n(&quot;&lt;script&gt;&quot;).prop({charset:a.scriptCharset,src:a.url}).on(&quot;load error&quot;,c=function(a){b.remove(),c=null,a&amp;&amp;f(&quot;error&quot;===a.type?404:200,a.type)}),d.head.appendChild(b[0])},abort:function(){c&amp;&amp;c()}}}});var Ib=[],Jb=/(=)\?(?=&amp;|$)|\?\?/;n.ajaxSetup({jsonp:&quot;callback&quot;,jsonpCallback:function(){var a=Ib.pop()||n.expando+&quot;_&quot;+jb++;return this[a]=!0,a}}),n.ajaxPrefilter(&quot;json jsonp&quot;,function(b,c,d){var e,f,g,h=b.jsonp!==!1&amp;&amp;(Jb.test(b.url)?&quot;url&quot;:&quot;string&quot;==typeof b.data&amp;&amp;0===(b.contentType||&quot;&quot;).indexOf(&quot;application/x-www-form-urlencoded&quot;)&amp;&amp;Jb.test(b.data)&amp;&amp;&quot;data&quot;);return h||&quot;jsonp&quot;===b.dataTypes[0]?(e=b.jsonpCallback=n.isFunction(b.jsonpCallback)?b.jsonpCallback():b.jsonpCallback,h?b[h]=b[h].replace(Jb,&quot;$1&quot;+e):b.jsonp!==!1&amp;&amp;(b.url+=(kb.test(b.url)?&quot;&amp;&quot;:&quot;?&quot;)+b.jsonp+&quot;=&quot;+e),b.converters[&quot;script json&quot;]=function(){return g||n.error(e+&quot; was not called&quot;),g[0]},b.dataTypes[0]=&quot;json&quot;,f=a[e],a[e]=function(){g=arguments},d.always(function(){void 0===f?n(a).removeProp(e):a[e]=f,b[e]&amp;&amp;(b.jsonpCallback=c.jsonpCallback,Ib.push(e)),g&amp;&amp;n.isFunction(f)&amp;&amp;f(g[0]),g=f=void 0}),&quot;script&quot;):void 0}),l.createHTMLDocument=function(){var a=d.implementation.createHTMLDocument(&quot;&quot;).body;return a.innerHTML=&quot;&lt;form&gt;&lt;/form&gt;&lt;form&gt;&lt;/form&gt;&quot;,2===a.childNodes.length}(),n.parseHTML=function(a,b,c){if(!a||&quot;string&quot;!=typeof a)return null;&quot;boolean&quot;==typeof b&amp;&amp;(c=b,b=!1),b=b||(l.createHTMLDocument?d.implementation.createHTMLDocument(&quot;&quot;):d);var e=x.exec(a),f=!c&amp;&amp;[];return e?[b.createElement(e[1])]:(e=ca([a],b,f),f&amp;&amp;f.length&amp;&amp;n(f).remove(),n.merge([],e.childNodes))};var Kb=n.fn.load;n.fn.load=function(a,b,c){if(&quot;string&quot;!=typeof a&amp;&amp;Kb)return Kb.apply(this,arguments);var d,e,f,g=this,h=a.indexOf(&quot; &quot;);return h&gt;-1&amp;&amp;(d=n.trim(a.slice(h)),a=a.slice(0,h)),n.isFunction(b)?(c=b,b=void 0):b&amp;&amp;&quot;object&quot;==typeof b&amp;&amp;(e=&quot;POST&quot;),g.length&gt;0&amp;&amp;n.ajax({url:a,type:e||&quot;GET&quot;,dataType:&quot;html&quot;,data:b}).done(function(a){f=arguments,g.html(d?n(&quot;&lt;div&gt;&quot;).append(n.parseHTML(a)).find(d):a)}).always(c&amp;&amp;function(a,b){g.each(function(){c.apply(g,f||[a.responseText,b,a])})}),this},n.each([&quot;ajaxStart&quot;,&quot;ajaxStop&quot;,&quot;ajaxComplete&quot;,&quot;ajaxError&quot;,&quot;ajaxSuccess&quot;,&quot;ajaxSend&quot;],function(a,b){n.fn[b]=function(a){return this.on(b,a)}}),n.expr.filters.animated=function(a){return n.grep(n.timers,function(b){return a===b.elem}).length};function Lb(a){return n.isWindow(a)?a:9===a.nodeType&amp;&amp;a.defaultView}n.offset={setOffset:function(a,b,c){var d,e,f,g,h,i,j,k=n.css(a,&quot;position&quot;),l=n(a),m={};&quot;static&quot;===k&amp;&amp;(a.style.position=&quot;relative&quot;),h=l.offset(),f=n.css(a,&quot;top&quot;),i=n.css(a,&quot;left&quot;),j=(&quot;absolute&quot;===k||&quot;fixed&quot;===k)&amp;&amp;(f+i).indexOf(&quot;auto&quot;)&gt;-1,j?(d=l.position(),g=d.top,e=d.left):(g=parseFloat(f)||0,e=parseFloat(i)||0),n.isFunction(b)&amp;&amp;(b=b.call(a,c,n.extend({},h))),null!=b.top&amp;&amp;(m.top=b.top-h.top+g),null!=b.left&amp;&amp;(m.left=b.left-h.left+e),&quot;using&quot;in b?b.using.call(a,m):l.css(m)}},n.fn.extend({offset:function(a){if(arguments.length)return void 0===a?this:this.each(function(b){n.offset.setOffset(this,a,b)});var b,c,d=this[0],e={top:0,left:0},f=d&amp;&amp;d.ownerDocument;if(f)return b=f.documentElement,n.contains(b,d)?(e=d.getBoundingClientRect(),c=Lb(f),{top:e.top+c.pageYOffset-b.clientTop,left:e.left+c.pageXOffset-b.clientLeft}):e},position:function(){if(this[0]){var a,b,c=this[0],d={top:0,left:0};return&quot;fixed&quot;===n.css(c,&quot;position&quot;)?b=c.getBoundingClientRect():(a=this.offsetParent(),b=this.offset(),n.nodeName(a[0],&quot;html&quot;)||(d=a.offset()),d.top+=n.css(a[0],&quot;borderTopWidth&quot;,!0)-a.scrollTop(),d.left+=n.css(a[0],&quot;borderLeftWidth&quot;,!0)-a.scrollLeft()),{top:b.top-d.top-n.css(c,&quot;marginTop&quot;,!0),left:b.left-d.left-n.css(c,&quot;marginLeft&quot;,!0)}}},offsetParent:function(){return this.map(function(){var a=this.offsetParent;while(a&amp;&amp;&quot;static&quot;===n.css(a,&quot;position&quot;))a=a.offsetParent;return a||Ea})}}),n.each({scrollLeft:&quot;pageXOffset&quot;,scrollTop:&quot;pageYOffset&quot;},function(a,b){var c=&quot;pageYOffset&quot;===b;n.fn[a]=function(d){return K(this,function(a,d,e){var f=Lb(a);return void 0===e?f?f[b]:a[d]:void(f?f.scrollTo(c?f.pageXOffset:e,c?e:f.pageYOffset):a[d]=e)},a,d,arguments.length)}}),n.each([&quot;top&quot;,&quot;left&quot;],function(a,b){n.cssHooks[b]=Ga(l.pixelPosition,function(a,c){return c?(c=Fa(a,b),Ba.test(c)?n(a).position()[b]+&quot;px&quot;:c):void 0})}),n.each({Height:&quot;height&quot;,Width:&quot;width&quot;},function(a,b){n.each({padding:&quot;inner&quot;+a,content:b,&quot;&quot;:&quot;outer&quot;+a},function(c,d){n.fn[d]=function(d,e){var f=arguments.length&amp;&amp;(c||&quot;boolean&quot;!=typeof d),g=c||(d===!0||e===!0?&quot;margin&quot;:&quot;border&quot;);return K(this,function(b,c,d){var e;return n.isWindow(b)?b.document.documentElement[&quot;client&quot;+a]:9===b.nodeType?(e=b.documentElement,Math.max(b.body[&quot;scroll&quot;+a],e[&quot;scroll&quot;+a],b.body[&quot;offset&quot;+a],e[&quot;offset&quot;+a],e[&quot;client&quot;+a])):void 0===d?n.css(b,c,g):n.style(b,c,d,g)},b,f?d:void 0,f,null)}})}),n.fn.extend({bind:function(a,b,c){return this.on(a,null,b,c)},unbind:function(a,b){return this.off(a,null,b)},delegate:function(a,b,c,d){return this.on(b,a,c,d)},undelegate:function(a,b,c){return 1===arguments.length?this.off(a,&quot;**&quot;):this.off(b,a||&quot;**&quot;,c)},size:function(){return this.length}}),n.fn.andSelf=n.fn.addBack,&quot;function&quot;==typeof define&amp;&amp;define.amd&amp;&amp;define(&quot;jquery&quot;,[],function(){return n});var Mb=a.jQuery,Nb=a.$;return n.noConflict=function(b){return a.$===n&amp;&amp;(a.$=Nb),b&amp;&amp;a.jQuery===n&amp;&amp;(a.jQuery=Mb),n},b||(a.jQuery=a.$=n),n});&#10;&lt;/script&gt;&#10;&#10;&#10;&#10;&#10;&#10;&#10;&#10;&#10;&#10;&#10;&#10;&lt;script src=&quot;//assets.adobedtm.com/86ff4ffaf311/91fa59baa986/launch-b1204783dac1.min.js&quot; async=&quot;&quot;&gt;&lt;/script&gt;&#10;&#10;&#10;&#10;&#10;&#10;	&#10;		&lt;script type=&quot;text/javascript&quot; src=&quot;/content/dam/credit-repair/common/js/site-v2.js&quot;&gt;&lt;/script&gt;&#10;	&#10;&#10;	&#10;		&lt;script type=&quot;text/javascript&quot; src=&quot;/content/dam/credit-repair/common/js/fatal-error.js&quot;&gt;&lt;/script&gt;&#10;	&#10;&#10;	&#10;		&lt;script type=&quot;text/javascript&quot; src=&quot;/content/dam/credit-repair/common/js/jquery.easing-1.3.js&quot;&gt;&lt;/script&gt;&#10;	&#10;&#10;&#10;&lt;script&gt;&#10;	/* Modernizr 2.8.2 (Custom Build) | MIT &amp; BSD&#10;	 * Build: http://modernizr.com/download/#-backgroundsize-cssgradients-csstransforms-csstransforms3d-csstransitions-shiv-mq-cssclasses-teststyles-testprop-testallprops-prefixes-domprefixes-css_remunit-load&#10;	 */&#10;	;window.Modernizr=function(a,b,c){function A(a){j.cssText=a}function B(a,b){return A(m.join(a+&quot;;&quot;)+(b||&quot;&quot;))}function C(a,b){return typeof a===b}function D(a,b){return!!~(&quot;&quot;+a).indexOf(b)}function E(a,b){for(var d in a){var e=a[d];if(!D(e,&quot;-&quot;)&amp;&amp;j[e]!==c)return b==&quot;pfx&quot;?e:!0}return!1}function F(a,b,d){for(var e in a){var f=b[a[e]];if(f!==c)return d===!1?a[e]:C(f,&quot;function&quot;)?f.bind(d||b):f}return!1}function G(a,b,c){var d=a.charAt(0).toUpperCase()+a.slice(1),e=(a+&quot; &quot;+o.join(d+&quot; &quot;)+d).split(&quot; &quot;);return C(b,&quot;string&quot;)||C(b,&quot;undefined&quot;)?E(e,b):(e=(a+&quot; &quot;+p.join(d+&quot; &quot;)+d).split(&quot; &quot;),F(e,b,c))}var d=&quot;2.8.2&quot;,e={},f=!0,g=b.documentElement,h=&quot;modernizr&quot;,i=b.createElement(h),j=i.style,k,l={}.toString,m=&quot; -webkit- -moz- -o- -ms- &quot;.split(&quot; &quot;),n=&quot;Webkit Moz O ms&quot;,o=n.split(&quot; &quot;),p=n.toLowerCase().split(&quot; &quot;),q={},r={},s={},t=[],u=t.slice,v,w=function(a,c,d,e){var f,i,j,k,l=b.createElement(&quot;div&quot;),m=b.body,n=m||b.createElement(&quot;body&quot;);if(parseInt(d,10))while(d--)j=b.createElement(&quot;div&quot;),j.id=e?e[d]:h+(d+1),l.appendChild(j);return f=[&quot;&amp;#173;&quot;,&apos;&lt;style id=&quot;s&apos;,h,&apos;&quot;&gt;&apos;,a,&quot;&lt;/style&gt;&quot;].join(&quot;&quot;),l.id=h,(m?l:n).innerHTML+=f,n.appendChild(l),m||(n.style.background=&quot;&quot;,n.style.overflow=&quot;hidden&quot;,k=g.style.overflow,g.style.overflow=&quot;hidden&quot;,g.appendChild(n)),i=c(l,a),m?l.parentNode.removeChild(l):(n.parentNode.removeChild(n),g.style.overflow=k),!!i},x=function(b){var c=a.matchMedia||a.msMatchMedia;if(c)return c(b)&amp;&amp;c(b).matches||!1;var d;return w(&quot;@media &quot;+b+&quot; { #&quot;+h+&quot; { position: absolute; } }&quot;,function(b){d=(a.getComputedStyle?getComputedStyle(b,null):b.currentStyle)[&quot;position&quot;]==&quot;absolute&quot;}),d},y={}.hasOwnProperty,z;!C(y,&quot;undefined&quot;)&amp;&amp;!C(y.call,&quot;undefined&quot;)?z=function(a,b){return y.call(a,b)}:z=function(a,b){return b in a&amp;&amp;C(a.constructor.prototype[b],&quot;undefined&quot;)},Function.prototype.bind||(Function.prototype.bind=function(b){var c=this;if(typeof c!=&quot;function&quot;)throw new TypeError;var d=u.call(arguments,1),e=function(){if(this instanceof e){var a=function(){};a.prototype=c.prototype;var f=new a,g=c.apply(f,d.concat(u.call(arguments)));return Object(g)===g?g:f}return c.apply(b,d.concat(u.call(arguments)))};return e}),q.backgroundsize=function(){return G(&quot;backgroundSize&quot;)},q.cssgradients=function(){var a=&quot;background-image:&quot;,b=&quot;gradient(linear,left top,right bottom,from(#9f9),to(white));&quot;,c=&quot;linear-gradient(left top,#9f9, white);&quot;;return A((a+&quot;-webkit- &quot;.split(&quot; &quot;).join(b+a)+m.join(c+a)).slice(0,-a.length)),D(j.backgroundImage,&quot;gradient&quot;)},q.csstransforms=function(){return!!G(&quot;transform&quot;)},q.csstransforms3d=function(){var a=!!G(&quot;perspective&quot;);return a&amp;&amp;&quot;webkitPerspective&quot;in g.style&amp;&amp;w(&quot;@media (transform-3d),(-webkit-transform-3d){#modernizr{left:9px;position:absolute;height:3px;}}&quot;,function(b,c){a=b.offsetLeft===9&amp;&amp;b.offsetHeight===3}),a},q.csstransitions=function(){return G(&quot;transition&quot;)};for(var H in q)z(q,H)&amp;&amp;(v=H.toLowerCase(),e[v]=q[H](),t.push((e[v]?&quot;&quot;:&quot;no-&quot;)+v));return e.addTest=function(a,b){if(typeof a==&quot;object&quot;)for(var d in a)z(a,d)&amp;&amp;e.addTest(d,a[d]);else{a=a.toLowerCase();if(e[a]!==c)return e;b=typeof b==&quot;function&quot;?b():b,typeof f!=&quot;undefined&quot;&amp;&amp;f&amp;&amp;(g.className+=&quot; &quot;+(b?&quot;&quot;:&quot;no-&quot;)+a),e[a]=b}return e},A(&quot;&quot;),i=k=null,function(a,b){function l(a,b){var c=a.createElement(&quot;p&quot;),d=a.getElementsByTagName(&quot;head&quot;)[0]||a.documentElement;return c.innerHTML=&quot;x&lt;style&gt;&quot;+b+&quot;&lt;/style&gt;&quot;,d.insertBefore(c.lastChild,d.firstChild)}function m(){var a=s.elements;return typeof a==&quot;string&quot;?a.split(&quot; &quot;):a}function n(a){var b=j[a[h]];return b||(b={},i++,a[h]=i,j[i]=b),b}function o(a,c,d){c||(c=b);if(k)return c.createElement(a);d||(d=n(c));var g;return d.cache[a]?g=d.cache[a].cloneNode():f.test(a)?g=(d.cache[a]=d.createElem(a)).cloneNode():g=d.createElem(a),g.canHaveChildren&amp;&amp;!e.test(a)&amp;&amp;!g.tagUrn?d.frag.appendChild(g):g}function p(a,c){a||(a=b);if(k)return a.createDocumentFragment();c=c||n(a);var d=c.frag.cloneNode(),e=0,f=m(),g=f.length;for(;e&lt;g;e++)d.createElement(f[e]);return d}function q(a,b){b.cache||(b.cache={},b.createElem=a.createElement,b.createFrag=a.createDocumentFragment,b.frag=b.createFrag()),a.createElement=function(c){return s.shivMethods?o(c,a,b):b.createElem(c)},a.createDocumentFragment=Function(&quot;h,f&quot;,&quot;return function(){var n=f.cloneNode(),c=n.createElement;h.shivMethods&amp;&amp;(&quot;+m().join().replace(/[\w\-]+/g,function(a){return b.createElem(a),b.frag.createElement(a),&apos;c(&quot;&apos;+a+&apos;&quot;)&apos;})+&quot;);return n}&quot;)(s,b.frag)}function r(a){a||(a=b);var c=n(a);return s.shivCSS&amp;&amp;!g&amp;&amp;!c.hasCSS&amp;&amp;(c.hasCSS=!!l(a,&quot;article,aside,dialog,figcaption,figure,footer,header,hgroup,main,nav,section{display:block}mark{background:#FF0;color:#000}template{display:none}&quot;)),k||q(a,c),a}var c=&quot;3.7.0&quot;,d=a.html5||{},e=/^&lt;|^(?:button|map|select|textarea|object|iframe|option|optgroup)$/i,f=/^(?:a|b|code|div|fieldset|h1|h2|h3|h4|h5|h6|i|label|li|ol|p|q|span|strong|style|table|tbody|td|th|tr|ul)$/i,g,h=&quot;_html5shiv&quot;,i=0,j={},k;(function(){try{var a=b.createElement(&quot;a&quot;);a.innerHTML=&quot;&lt;xyz&gt;&lt;/xyz&gt;&quot;,g=&quot;hidden&quot;in a,k=a.childNodes.length==1||function(){b.createElement(&quot;a&quot;);var a=b.createDocumentFragment();return typeof a.cloneNode==&quot;undefined&quot;||typeof a.createDocumentFragment==&quot;undefined&quot;||typeof a.createElement==&quot;undefined&quot;}()}catch(c){g=!0,k=!0}})();var s={elements:d.elements||&quot;abbr article aside audio bdi canvas data datalist details dialog figcaption figure footer header hgroup main mark meter nav output progress section summary template time video&quot;,version:c,shivCSS:d.shivCSS!==!1,supportsUnknownElements:k,shivMethods:d.shivMethods!==!1,type:&quot;default&quot;,shivDocument:r,createElement:o,createDocumentFragment:p};a.html5=s,r(b)}(this,b),e._version=d,e._prefixes=m,e._domPrefixes=p,e._cssomPrefixes=o,e.mq=x,e.testProp=function(a){return E([a])},e.testAllProps=G,e.testStyles=w,g.className=g.className.replace(/(^|\s)no-js(\s|$)/,&quot;$1$2&quot;)+(f?&quot; js &quot;+t.join(&quot; &quot;):&quot;&quot;),e}(this,this.document),function(a,b,c){function d(a){return&quot;[object Function]&quot;==o.call(a)}function e(a){return&quot;string&quot;==typeof a}function f(){}function g(a){return!a||&quot;loaded&quot;==a||&quot;complete&quot;==a||&quot;uninitialized&quot;==a}function h(){var a=p.shift();q=1,a?a.t?m(function(){(&quot;c&quot;==a.t?B.injectCss:B.injectJs)(a.s,0,a.a,a.x,a.e,1)},0):(a(),h()):q=0}function i(a,c,d,e,f,i,j){function k(b){if(!o&amp;&amp;g(l.readyState)&amp;&amp;(u.r=o=1,!q&amp;&amp;h(),l.onload=l.onreadystatechange=null,b)){&quot;img&quot;!=a&amp;&amp;m(function(){t.removeChild(l)},50);for(var d in y[c])y[c].hasOwnProperty(d)&amp;&amp;y[c][d].onload()}}var j=j||B.errorTimeout,l=b.createElement(a),o=0,r=0,u={t:d,s:c,e:f,a:i,x:j};1===y[c]&amp;&amp;(r=1,y[c]=[]),&quot;object&quot;==a?l.data=c:(l.src=c,l.type=a),l.width=l.height=&quot;0&quot;,l.onerror=l.onload=l.onreadystatechange=function(){k.call(this,r)},p.splice(e,0,u),&quot;img&quot;!=a&amp;&amp;(r||2===y[c]?(t.insertBefore(l,s?null:n),m(k,j)):y[c].push(l))}function j(a,b,c,d,f){return q=0,b=b||&quot;j&quot;,e(a)?i(&quot;c&quot;==b?v:u,a,b,this.i++,c,d,f):(p.splice(this.i++,0,a),1==p.length&amp;&amp;h()),this}function k(){var a=B;return a.loader={load:j,i:0},a}var l=b.documentElement,m=a.setTimeout,n=b.getElementsByTagName(&quot;script&quot;)[0],o={}.toString,p=[],q=0,r=&quot;MozAppearance&quot;in l.style,s=r&amp;&amp;!!b.createRange().compareNode,t=s?l:n.parentNode,l=a.opera&amp;&amp;&quot;[object Opera]&quot;==o.call(a.opera),l=!!b.attachEvent&amp;&amp;!l,u=r?&quot;object&quot;:l?&quot;script&quot;:&quot;img&quot;,v=l?&quot;script&quot;:u,w=Array.isArray||function(a){return&quot;[object Array]&quot;==o.call(a)},x=[],y={},z={timeout:function(a,b){return b.length&amp;&amp;(a.timeout=b[0]),a}},A,B;B=function(a){function b(a){var a=a.split(&quot;!&quot;),b=x.length,c=a.pop(),d=a.length,c={url:c,origUrl:c,prefixes:a},e,f,g;for(f=0;f&lt;d;f++)g=a[f].split(&quot;=&quot;),(e=z[g.shift()])&amp;&amp;(c=e(c,g));for(f=0;f&lt;b;f++)c=x[f](c);return c}function g(a,e,f,g,h){var i=b(a),j=i.autoCallback;i.url.split(&quot;.&quot;).pop().split(&quot;?&quot;).shift(),i.bypass||(e&amp;&amp;(e=d(e)?e:e[a]||e[g]||e[a.split(&quot;/&quot;).pop().split(&quot;?&quot;)[0]]),i.instead?i.instead(a,e,f,g,h):(y[i.url]?i.noexec=!0:y[i.url]=1,f.load(i.url,i.forceCSS||!i.forceJS&amp;&amp;&quot;css&quot;==i.url.split(&quot;.&quot;).pop().split(&quot;?&quot;).shift()?&quot;c&quot;:c,i.noexec,i.attrs,i.timeout),(d(e)||d(j))&amp;&amp;f.load(function(){k(),e&amp;&amp;e(i.origUrl,h,g),j&amp;&amp;j(i.origUrl,h,g),y[i.url]=2})))}function h(a,b){function c(a,c){if(a){if(e(a))c||(j=function(){var a=[].slice.call(arguments);k.apply(this,a),l()}),g(a,j,b,0,h);else if(Object(a)===a)for(n in m=function(){var b=0,c;for(c in a)a.hasOwnProperty(c)&amp;&amp;b++;return b}(),a)a.hasOwnProperty(n)&amp;&amp;(!c&amp;&amp;!--m&amp;&amp;(d(j)?j=function(){var a=[].slice.call(arguments);k.apply(this,a),l()}:j[n]=function(a){return function(){var b=[].slice.call(arguments);a&amp;&amp;a.apply(this,b),l()}}(k[n])),g(a[n],j,b,n,h))}else!c&amp;&amp;l()}var h=!!a.test,i=a.load||a.both,j=a.callback||f,k=j,l=a.complete||f,m,n;c(h?a.yep:a.nope,!!i),i&amp;&amp;c(i)}var i,j,l=this.yepnope.loader;if(e(a))g(a,0,l,0);else if(w(a))for(i=0;i&lt;a.length;i++)j=a[i],e(j)?g(j,0,l,0):w(j)?B(j):Object(j)===j&amp;&amp;h(j,l);else Object(a)===a&amp;&amp;h(a,l)},B.addPrefix=function(a,b){z[a]=b},B.addFilter=function(a){x.push(a)},B.errorTimeout=1e4,null==b.readyState&amp;&amp;b.addEventListener&amp;&amp;(b.readyState=&quot;loading&quot;,b.addEventListener(&quot;DOMContentLoaded&quot;,A=function(){b.removeEventListener(&quot;DOMContentLoaded&quot;,A,0),b.readyState=&quot;complete&quot;},0)),a.yepnope=k(),a.yepnope.executeStack=h,a.yepnope.injectJs=function(a,c,d,e,i,j){var k=b.createElement(&quot;script&quot;),l,o,e=e||B.errorTimeout;k.src=a;for(o in d)k.setAttribute(o,d[o]);c=j?h:c||f,k.onreadystatechange=k.onload=function(){!l&amp;&amp;g(k.readyState)&amp;&amp;(l=1,c(),k.onload=k.onreadystatechange=null)},m(function(){l||(l=1,c(1))},e),i?k.onload():n.parentNode.insertBefore(k,n)},a.yepnope.injectCss=function(a,c,d,e,g,i){var e=b.createElement(&quot;link&quot;),j,c=i?h:c||f;e.href=a,e.rel=&quot;stylesheet&quot;,e.type=&quot;text/css&quot;;for(j in d)e.setAttribute(j,d[j]);g||(n.parentNode.insertBefore(e,n),m(c,0))}}(this,document),Modernizr.load=function(){yepnope.apply(window,[].slice.call(arguments,0))},Modernizr.addTest(&quot;cssremunit&quot;,function(){var a=document.createElement(&quot;div&quot;);try{a.style.fontSize=&quot;3rem&quot;}catch(b){}return/rem/.test(a.style.fontSize)});&#10;&lt;/script&gt;&#10;&#10;&#10;&#10;&#10;&#10;&#10;&#10;	&lt;script type=&quot;text/javascript&quot; src=&quot;//use.typekit.net/dsb2ydi.js&quot;&gt;&lt;/script&gt;&#10;	&lt;style type=&quot;text/css&quot;&gt;.tk-museo-sans{font-family:&quot;museo-sans&quot;,sans-serif;}.tk-source-sans-pro{font-family:&quot;source-sans-pro&quot;,sans-serif;}.tk-work-sans{font-family:&quot;work-sans&quot;,sans-serif;}&lt;/style&gt;&lt;style type=&quot;text/css&quot;&gt;@font-face{font-family:source-sans-pro;src:url(https://use.typekit.net/af/61f808/00000000000000003b9b3d63/27/l?primer=7cdcb44be4a7db8877ffa5c0007b8dd865b3bbc383831fe2ea177f62257a9191&amp;fvd=n4&amp;v=3) format(&quot;woff2&quot;),url(https://use.typekit.net/af/61f808/00000000000000003b9b3d63/27/d?primer=7cdcb44be4a7db8877ffa5c0007b8dd865b3bbc383831fe2ea177f62257a9191&amp;fvd=n4&amp;v=3) format(&quot;woff&quot;),url(https://use.typekit.net/af/61f808/00000000000000003b9b3d63/27/a?primer=7cdcb44be4a7db8877ffa5c0007b8dd865b3bbc383831fe2ea177f62257a9191&amp;fvd=n4&amp;v=3) format(&quot;opentype&quot;);font-weight:400;font-style:normal;font-display:auto;}@font-face{font-family:source-sans-pro;src:url(https://use.typekit.net/af/422d60/00000000000000003b9b3d67/27/l?primer=7cdcb44be4a7db8877ffa5c0007b8dd865b3bbc383831fe2ea177f62257a9191&amp;fvd=n7&amp;v=3) format(&quot;woff2&quot;),url(https://use.typekit.net/af/422d60/00000000000000003b9b3d67/27/d?primer=7cdcb44be4a7db8877ffa5c0007b8dd865b3bbc383831fe2ea177f62257a9191&amp;fvd=n7&amp;v=3) format(&quot;woff&quot;),url(https://use.typekit.net/af/422d60/00000000000000003b9b3d67/27/a?primer=7cdcb44be4a7db8877ffa5c0007b8dd865b3bbc383831fe2ea177f62257a9191&amp;fvd=n7&amp;v=3) format(&quot;opentype&quot;);font-weight:700;font-style:normal;font-display:auto;}@font-face{font-family:source-sans-pro;src:url(https://use.typekit.net/af/9373a0/00000000000000003b9b3d68/27/l?primer=7cdcb44be4a7db8877ffa5c0007b8dd865b3bbc383831fe2ea177f62257a9191&amp;fvd=i7&amp;v=3) format(&quot;woff2&quot;),url(https://use.typekit.net/af/9373a0/00000000000000003b9b3d68/27/d?primer=7cdcb44be4a7db8877ffa5c0007b8dd865b3bbc383831fe2ea177f62257a9191&amp;fvd=i7&amp;v=3) format(&quot;woff&quot;),url(https://use.typekit.net/af/9373a0/00000000000000003b9b3d68/27/a?primer=7cdcb44be4a7db8877ffa5c0007b8dd865b3bbc383831fe2ea177f62257a9191&amp;fvd=i7&amp;v=3) format(&quot;opentype&quot;);font-weight:700;font-style:italic;font-display:auto;}@font-face{font-family:source-sans-pro;src:url(https://use.typekit.net/af/ffb1e2/00000000000000003b9b3d64/27/l?primer=7cdcb44be4a7db8877ffa5c0007b8dd865b3bbc383831fe2ea177f62257a9191&amp;fvd=i4&amp;v=3) format(&quot;woff2&quot;),url(https://use.typekit.net/af/ffb1e2/00000000000000003b9b3d64/27/d?primer=7cdcb44be4a7db8877ffa5c0007b8dd865b3bbc383831fe2ea177f62257a9191&amp;fvd=i4&amp;v=3) format(&quot;woff&quot;),url(https://use.typekit.net/af/ffb1e2/00000000000000003b9b3d64/27/a?primer=7cdcb44be4a7db8877ffa5c0007b8dd865b3bbc383831fe2ea177f62257a9191&amp;fvd=i4&amp;v=3) format(&quot;opentype&quot;);font-weight:400;font-style:italic;font-display:auto;}@font-face{font-family:source-sans-pro;src:url(https://use.typekit.net/af/b6c887/00000000000000003b9b3d61/27/l?primer=7cdcb44be4a7db8877ffa5c0007b8dd865b3bbc383831fe2ea177f62257a9191&amp;fvd=n3&amp;v=3) format(&quot;woff2&quot;),url(https://use.typekit.net/af/b6c887/00000000000000003b9b3d61/27/d?primer=7cdcb44be4a7db8877ffa5c0007b8dd865b3bbc383831fe2ea177f62257a9191&amp;fvd=n3&amp;v=3) format(&quot;woff&quot;),url(https://use.typekit.net/af/b6c887/00000000000000003b9b3d61/27/a?primer=7cdcb44be4a7db8877ffa5c0007b8dd865b3bbc383831fe2ea177f62257a9191&amp;fvd=n3&amp;v=3) format(&quot;opentype&quot;);font-weight:300;font-style:normal;font-display:auto;}@font-face{font-family:work-sans;src:url(https://use.typekit.net/af/d53556/00000000000000003b9b139f/27/l?primer=7cdcb44be4a7db8877ffa5c0007b8dd865b3bbc383831fe2ea177f62257a9191&amp;fvd=n3&amp;v=3) format(&quot;woff2&quot;),url(https://use.typekit.net/af/d53556/00000000000000003b9b139f/27/d?primer=7cdcb44be4a7db8877ffa5c0007b8dd865b3bbc383831fe2ea177f62257a9191&amp;fvd=n3&amp;v=3) format(&quot;woff&quot;),url(https://use.typekit.net/af/d53556/00000000000000003b9b139f/27/a?primer=7cdcb44be4a7db8877ffa5c0007b8dd865b3bbc383831fe2ea177f62257a9191&amp;fvd=n3&amp;v=3) format(&quot;opentype&quot;);font-weight:300;font-style:normal;font-display:auto;}@font-face{font-family:work-sans;src:url(https://use.typekit.net/af/0f7d9c/00000000000000003b9b13a0/27/l?primer=7cdcb44be4a7db8877ffa5c0007b8dd865b3bbc383831fe2ea177f62257a9191&amp;fvd=n4&amp;v=3) format(&quot;woff2&quot;),url(https://use.typekit.net/af/0f7d9c/00000000000000003b9b13a0/27/d?primer=7cdcb44be4a7db8877ffa5c0007b8dd865b3bbc383831fe2ea177f62257a9191&amp;fvd=n4&amp;v=3) format(&quot;woff&quot;),url(https://use.typekit.net/af/0f7d9c/00000000000000003b9b13a0/27/a?primer=7cdcb44be4a7db8877ffa5c0007b8dd865b3bbc383831fe2ea177f62257a9191&amp;fvd=n4&amp;v=3) format(&quot;opentype&quot;);font-weight:400;font-style:normal;font-display:auto;}@font-face{font-family:work-sans;src:url(https://use.typekit.net/af/b13a2b/00000000000000003b9b13a3/27/l?primer=7cdcb44be4a7db8877ffa5c0007b8dd865b3bbc383831fe2ea177f62257a9191&amp;fvd=n7&amp;v=3) format(&quot;woff2&quot;),url(https://use.typekit.net/af/b13a2b/00000000000000003b9b13a3/27/d?primer=7cdcb44be4a7db8877ffa5c0007b8dd865b3bbc383831fe2ea177f62257a9191&amp;fvd=n7&amp;v=3) format(&quot;woff&quot;),url(https://use.typekit.net/af/b13a2b/00000000000000003b9b13a3/27/a?primer=7cdcb44be4a7db8877ffa5c0007b8dd865b3bbc383831fe2ea177f62257a9191&amp;fvd=n7&amp;v=3) format(&quot;opentype&quot;);font-weight:700;font-style:normal;font-display:auto;}&lt;/style&gt;&lt;script type=&quot;text/javascript&quot;&gt;&#10;		try {&#10;			Typekit.load();&#10;		} catch (e) {}&#10;	&lt;/script&gt;&#10;&#10;&#10;&lt;link rel=&quot;icon&quot; type=&quot;image/x-icon&quot; href=&quot;https://www.creditrepair.com/images/favicon.ico&quot;&gt;&#10;&#10;&#10;	&lt;link rel=&quot;canonical&quot; href=&quot;https://www.creditrepair.com/&quot;&gt;&#10;&#10;&#10;&#10;	&#10;		&lt;link rel=&quot;stylesheet&quot; href=&quot;/content/dam/credit-repair/common/css/normalize.css&quot; type=&quot;text/css&quot;&gt;&#10;	&#10;&#10;	&#10;		&lt;link rel=&quot;stylesheet&quot; href=&quot;/content/dam/credit-repair/common/css/site.css&quot; type=&quot;text/css&quot;&gt;&#10;	&#10;&#10;	&#10;		&lt;link rel=&quot;stylesheet&quot; href=&quot;/content/dam/credit-repair/common/css/index.css&quot; type=&quot;text/css&quot;&gt;&#10;	&#10;&#10;	&#10;		&lt;link rel=&quot;stylesheet&quot; href=&quot;/content/dam/credit-repair/common/css/nouislider.min.css&quot; type=&quot;text/css&quot;&gt;&#10;	&#10;&#10;	&#10;		&lt;link rel=&quot;stylesheet&quot; href=&quot;/content/dam/credit-repair/home/css/how-it-works.css&quot; type=&quot;text/css&quot;&gt;&#10;	&#10;&#10;	&#10;		&lt;link rel=&quot;stylesheet&quot; href=&quot;/content/dam/credit-repair/home/css/new-hero.css&quot; type=&quot;text/css&quot;&gt;&#10;	&#10;&#10;	&#10;		&lt;link rel=&quot;stylesheet&quot; href=&quot;/content/dam/credit-repair/home/css/hard-work.css&quot; type=&quot;text/css&quot;&gt;&#10;	&#10;&#10;&#10;&#10;&#10;&#10;&#10;&#10;&#10;&#10;&#10;&#10;&#10;&lt;title&gt;Credit Repair Services - CreditRepair.com&lt;/title&gt;&#10;&#10;  &lt;!--Lazy Load Images--&gt;&#10;&#10;  &lt;!-- Checks if foreach function exists --&gt;&#10;  &lt;script&gt;&#10;    if (typeof Array.prototype.forEach != &apos;function&apos;) {&#10;      Array.prototype.forEach = function (callback) {&#10;          for (var i = 0; i &lt; this.length; i++) {&#10;              callback.apply(this, [this[i], i, this]);&#10;          }&#10;      };&#10;    }&#10;&#10;    if (window.NodeList &amp;&amp; !NodeList.prototype.forEach) {&#10;        NodeList.prototype.forEach = Array.prototype.forEach;&#10;    }&#10;  &lt;/script&gt;&lt;script src=&quot;https://assets.adobedtm.com/extensions/EP5e9ec493dfa0465eaa797b523b09d3f7/AppMeasurement.min.js&quot; async=&quot;&quot;&gt;&lt;/script&gt;&lt;style id=&quot;at-makers-style&quot; class=&quot;at-flicker-control&quot;&gt;&#10;.mboxDefault {visibility: hidden;}&#10;&lt;/style&gt;&#10;&#10;  &lt;!-- LazyLoad Script --&gt;&#10;  &lt;script&gt;&#10;  document.addEventListener(&quot;DOMContentLoaded&quot;,function(){var lazyloadImages;if(&quot;IntersectionObserver&quot; in window){lazyloadImages=document.querySelectorAll(&quot;.lazy-loader&quot;);var imageObserver=new IntersectionObserver(function(entries,observer){entries.forEach(function(entry){if(entry.isIntersecting){var image=entry.target;image.src=image.dataset.src;image.classList.remove(&quot;lazy-loader&quot;);imageObserver.unobserve(image)}})});lazyloadImages.forEach(function(image){imageObserver.observe(image)})}else{var lazyloadThrottleTimeout;lazyloadImages=document.querySelectorAll(&quot;.lazy-loader&quot;);function lazyload(){if(lazyloadThrottleTimeout){clearTimeout(lazyloadThrottleTimeout)}&#10;  lazyloadThrottleTimeout=setTimeout(function(){var scrollTop=window.pageYOffset;lazyloadImages.forEach(function(img){if(img.offsetTop&lt;(window.innerHeight+scrollTop)){img.src=img.dataset.src;img.classList.remove(&apos;lazy-loader&apos;)}});if(lazyloadImages.length==0){document.removeEventListener(&quot;scroll&quot;,lazyload);window.removeEventListener(&quot;resize&quot;,lazyload);window.removeEventListener(&quot;orientationChange&quot;,lazyload)}},20)}&#10;  document.addEventListener(&quot;scroll&quot;,lazyload);window.addEventListener(&quot;resize&quot;,lazyload);window.addEventListener(&quot;orientationChange&quot;,lazyload)}})&#10;  &lt;/script&gt;&#10;&lt;script src=&quot;https://googleads.g.doubleclick.net/pagead/viewthroughconversion/995332405/?random=1602548689351&amp;amp;cv=9&amp;amp;fst=1602548689351&amp;amp;num=1&amp;amp;bg=ffffff&amp;amp;guid=ON&amp;amp;resp=GooglemKTybQhCsO&amp;amp;u_h=1050&amp;amp;u_w=1680&amp;amp;u_ah=1027&amp;amp;u_aw=1680&amp;amp;u_cd=30&amp;amp;u_his=2&amp;amp;u_tz=-360&amp;amp;u_java=false&amp;amp;u_nplug=0&amp;amp;u_nmime=0&amp;amp;gtm=2oa9u1&amp;amp;sendb=1&amp;amp;ig=1&amp;amp;data=event%3Dgtag.config&amp;amp;frm=0&amp;amp;url=https%3A%2F%2Fwww.creditrepair.com%2F&amp;amp;tiba=Credit%20Repair%20Services%20-%20CreditRepair.com&amp;amp;hn=www.googleadservices.com&amp;amp;async=1&amp;amp;rfmt=3&amp;amp;fmt=4&quot;&gt;&lt;/script&gt;&lt;script src=&quot;https://googleads.g.doubleclick.net/pagead/viewthroughconversion/1053751751/?random=1602548689358&amp;amp;cv=9&amp;amp;fst=1602548689358&amp;amp;num=1&amp;amp;bg=ffffff&amp;amp;guid=ON&amp;amp;resp=GooglemKTybQhCsO&amp;amp;eid=376635471&amp;amp;u_h=1050&amp;amp;u_w=1680&amp;amp;u_ah=1027&amp;amp;u_aw=1680&amp;amp;u_cd=30&amp;amp;u_his=2&amp;amp;u_tz=-360&amp;amp;u_java=false&amp;amp;u_nplug=0&amp;amp;u_nmime=0&amp;amp;gtm=2oa9u1&amp;amp;sendb=1&amp;amp;ig=1&amp;amp;data=event%3Dgtag.config&amp;amp;frm=0&amp;amp;url=https%3A%2F%2Fwww.creditrepair.com%2F&amp;amp;tiba=Credit%20Repair%20Services%20-%20CreditRepair.com&amp;amp;hn=www.googleadservices.com&amp;amp;async=1&amp;amp;rfmt=3&amp;amp;fmt=4&quot;&gt;&lt;/script&gt;&lt;script src=&quot;https://googleads.g.doubleclick.net/pagead/viewthroughconversion/939232542/?random=1602548689374&amp;amp;cv=9&amp;amp;fst=1602548689374&amp;amp;num=1&amp;amp;bg=ffffff&amp;amp;guid=ON&amp;amp;resp=GooglemKTybQhCsO&amp;amp;u_h=1050&amp;amp;u_w=1680&amp;amp;u_ah=1027&amp;amp;u_aw=1680&amp;amp;u_cd=30&amp;amp;u_his=2&amp;amp;u_tz=-360&amp;amp;u_java=false&amp;amp;u_nplug=0&amp;amp;u_nmime=0&amp;amp;gtm=2oa9u1&amp;amp;sendb=1&amp;amp;ig=1&amp;amp;data=event%3Dgtag.config&amp;amp;frm=0&amp;amp;url=https%3A%2F%2Fwww.creditrepair.com%2F&amp;amp;tiba=Credit%20Repair%20Services%20-%20CreditRepair.com&amp;amp;hn=www.googleadservices.com&amp;amp;async=1&amp;amp;rfmt=3&amp;amp;fmt=4&quot;&gt;&lt;/script&gt;&lt;script src=&quot;https://googleads.g.doubleclick.net/pagead/viewthroughconversion/1070835421/?random=1602548689375&amp;amp;cv=9&amp;amp;fst=1602548689375&amp;amp;num=1&amp;amp;bg=ffffff&amp;amp;guid=ON&amp;amp;resp=GooglemKTybQhCsO&amp;amp;eid=376635470&amp;amp;u_h=1050&amp;amp;u_w=1680&amp;amp;u_ah=1027&amp;amp;u_aw=1680&amp;amp;u_cd=30&amp;amp;u_his=2&amp;amp;u_tz=-360&amp;amp;u_java=false&amp;amp;u_nplug=0&amp;amp;u_nmime=0&amp;amp;gtm=2oa9u1&amp;amp;sendb=1&amp;amp;ig=1&amp;amp;data=event%3Dgtag.config&amp;amp;frm=0&amp;amp;url=https%3A%2F%2Fwww.creditrepair.com%2F&amp;amp;tiba=Credit%20Repair%20Services%20-%20CreditRepair.com&amp;amp;hn=www.googleadservices.com&amp;amp;async=1&amp;amp;rfmt=3&amp;amp;fmt=4&quot;&gt;&lt;/script&gt;&lt;script&gt;&#10;if(window.navigator.userAgent.indexOf(&quot;Firefox/54&quot;) !== -1){&#10;    window.location.replace(&quot;https://www.creditrepair.com/signup/errors&quot;);&#10;}&#10;&lt;/script&gt;&lt;script type=&quot;text/javascript&quot;&gt;window.ttMETA=(typeof(window.ttMETA)!=&apos;undefined&apos;)?window.ttMETA:[];window.ttMETA.push({&apos;mbox&apos;:&apos;target-global-mbox&apos;,&apos;campaign&apos;:&apos;CR - Firefox Mozilla 54&apos;,&apos;experience&apos;:&apos;Experience A&apos;,&apos;offer&apos;:&apos;\/cr_-_firefox_mozilla54\/experiences\/0\/pages\/0\/zones\/0\/1579814183319&apos;});window.ttMBX=function(x){var mbxList=[];for(i=0;i&lt;ttMETA.length;i++){if(ttMETA[i].mbox==x.getName()){mbxList.push(ttMETA[i])}}return mbxList[x.getId()]};&lt;/script&gt;&lt;script src=&quot;https://assets.adobedtm.com/86ff4ffaf311/91fa59baa986/df5783653241/RCb3df349f9f3848c69ba96abca2e5c384-source.min.js&quot; async=&quot;&quot;&gt;&lt;/script&gt;&lt;script async=&quot;&quot; src=&quot;https://static.hotjar.com/c/hotjar-1051427.js?sv=6&quot;&gt;&lt;/script&gt;&lt;script src=&quot;https://assets.adobedtm.com/86ff4ffaf311/91fa59baa986/df5783653241/RC8611781eab49420db98eb4c02654e909-source.min.js&quot; async=&quot;&quot;&gt;&lt;/script&gt;&lt;script type=&quot;text/javascript&quot; src=&quot;//solutions.invocacdn.com/js/networks/929/2814517279/tag-live.js&quot;&gt;&lt;/script&gt;&lt;script src=&quot;https://assets.adobedtm.com/86ff4ffaf311/91fa59baa986/df5783653241/RCcbdb608547f1477c866627c211240a6b-source.min.js&quot; async=&quot;&quot;&gt;&lt;/script&gt;&lt;script src=&quot;https://assets.adobedtm.com/86ff4ffaf311/91fa59baa986/df5783653241/RC4578e06347cb42b3909d0ee0992a78fa-source.min.js&quot; async=&quot;&quot;&gt;&lt;/script&gt;&lt;script src=&quot;https://assets.adobedtm.com/86ff4ffaf311/91fa59baa986/df5783653241/RC79b3ddbf0bb74289be07911486c9739c-source.min.js&quot; async=&quot;&quot;&gt;&lt;/script&gt;&lt;script src=&quot;https://assets.adobedtm.com/86ff4ffaf311/91fa59baa986/df5783653241/RCbacdaf62e88c492c9a39d0fc6e3c395a-source.min.js&quot; async=&quot;&quot;&gt;&lt;/script&gt;&lt;script src=&quot;https://assets.adobedtm.com/86ff4ffaf311/91fa59baa986/df5783653241/RCda9a817cddaa47f0b3dc9e845842e592-source.min.js&quot; async=&quot;&quot;&gt;&lt;/script&gt;&lt;script src=&quot;https://assets.adobedtm.com/86ff4ffaf311/91fa59baa986/df5783653241/RC92e7ee8604c84cb09f8c77f2e6eddd31-source.min.js&quot; async=&quot;&quot;&gt;&lt;/script&gt;&lt;script src=&quot;https://assets.adobedtm.com/86ff4ffaf311/91fa59baa986/df5783653241/RCf8ab8bb090e84638bc13ea956ae6a58a-source.min.js&quot; async=&quot;&quot;&gt;&lt;/script&gt;&lt;script src=&quot;https://assets.adobedtm.com/86ff4ffaf311/91fa59baa986/df5783653241/RC38216e65adbc4cbcbff6b23709853742-source.min.js&quot; async=&quot;&quot;&gt;&lt;/script&gt;&lt;script src=&quot;https://assets.adobedtm.com/86ff4ffaf311/91fa59baa986/df5783653241/RCb7eb3dc342c8479ea72c299f49900c48-source.min.js&quot; async=&quot;&quot;&gt;&lt;/script&gt;&lt;/head&gt;&#10;    &lt;body&gt;&#10;&#10;    &lt;script type=&quot;application/ld+json&quot;&gt;&#10;{&#10;  &quot;@context&quot;: &quot;https://schema.org&quot;,&#10;  &quot;@type&quot;: &quot;corporation&quot;,&#10;  &quot;name&quot;: &quot;CreditRepair.com&quot;,&#10;  &quot;legalName&quot;: &quot;CreditRepair.com&quot;,&#10;  &quot;url&quot;: &quot;https://www.creditrepair.com/&quot;,&#10;  &quot;description&quot;: &quot;CreditRepair.com empowers every individual to achieve the credit scores they deserve and enjoy a lifestyle of greater opportunity. We are beyond one-time credit repair; we are dedicated to helping you develop a healthier relationship with your credit.&quot;,&#10;  &quot;logo&quot;: &quot;https://www.creditrepair.com/images/credit-repair-logo.png&quot;,&#10;  &quot;sameAs&quot;: [&#10;    &quot;https://www.facebook.com/creditrepaircom&quot;,&#10;    &quot;https://twitter.com/creditrepair&quot;,&#10;    &quot;https://instagram.com/creditrepair.com&quot;,&#10;    &quot;http://www.youtube.com/CreditRepair&quot;,&#10;    &quot;https://www.linkedin.com/company/creditrepair-com&quot;,&#10;    &quot;https://www.youtube.com/channel/UC310gltUBa0VTGzZ-HdPyDw&quot;,&#10;    &quot;https://www.consumeraffairs.com/finance/creditrepaircom.html&quot;,&#10;    &quot;https://bestcompany.com/credit-repair/company/credit-repair-com&quot;],&#10;  &quot;foundingDate&quot;: &quot;1997&quot;,&#10;  &quot;contactPoint&quot; :  [{ &quot;@type&quot;: &quot;ContactPoint&quot;,&#10;    &quot;telephone&quot;: &quot;+1-833-813-1000&quot;,&#10;    &quot;contactType&quot;: &quot;customer service&quot;,&#10;    &quot;contactOption&quot;: &quot;TollFree&quot;,&#10;    &quot;areaServed&quot;: &quot;US&quot;&#10;  }&#10;  ],&#10;  &quot;location&quot;: {&#10;  &quot;@type&quot;: &quot;Place&quot;,&#10;    &quot;address&quot;: {&#10;      &quot;@type&quot;: &quot;PostalAddress&quot;,&#10;      &quot;addressLocality&quot;: &quot;West Valley City&quot;,&#10;      &quot;addressRegion&quot;: &quot;UT&quot;,&#10;      &quot;postalCode&quot;: &quot;84119&quot;,&#10;      &quot;streetAddress&quot;: &quot;2875 S Decker Lake Dr&quot;,&#10;      &quot;addressCountry&quot;:&quot;USA&quot;},&#10;  &quot;hasMap&quot;: &quot;https://maps.google.com/maps?cid=3673121874415033650&quot;&#10;}}  &#10;&lt;/script&gt;&#10;&#10;&lt;div class=&quot;content&quot;&gt;&#10;    &lt;div class=&quot;main&quot;&gt;&#10;        &#10;&#10;&#10;&lt;div class=&quot;aem-Grid aem-Grid--12 aem-Grid--default--12 &quot;&gt;&#10;    &#10;    &#10;    &#10;&lt;/div&gt;&#10;&#10;        &#10;&#10;&#10;&lt;div class=&quot;aem-Grid aem-Grid--12 aem-Grid--default--12 &quot;&gt;&#10;    &#10;    &lt;div class=&quot;htmlreference parbase aem-GridColumn aem-GridColumn--default--12&quot;&gt;&#10;    &lt;div id=&quot;header_wrapper&quot;&gt;&#10;	&lt;div class=&quot;container&quot;&gt;&#10;		&lt;a href=&quot;https://www.creditrepair.com&quot;&gt;&lt;img id=&quot;credit_repair_logo&quot; src=&quot;https://www.creditrepair.com/images/credit-repair-logo-416x66.png&quot; alt=&quot;CreditRepair.com&quot;&gt;&lt;/a&gt;&#10;		&lt;ul id=&quot;top_nav&quot;&gt;&#10;			&lt;li class=&quot;top_nav_member_login_wrapper&quot;&gt;&lt;a class=&quot;top_nav_member_login&quot; href=&quot;http://members.creditrepair.com&quot;&gt;Log In&lt;span class=&quot;top_nav_login_icon&quot;&gt;&lt;/span&gt;&lt;/a&gt;&lt;/li&gt;&#10;			&lt;li class=&quot;top_nav_sign_up_wrapper&quot;&gt;&lt;a class=&quot;top_nav_sign_up&quot; href=&quot;https://www.creditrepair.com/signup&quot;&gt;Sign Up Now&lt;/a&gt;&lt;/li&gt;&#10;		&lt;/ul&gt;&#10;		&lt;div id=&quot;mobile_nav_toggle&quot; class=&quot;&quot;&gt;Menu&lt;/div&gt;&#10;		&lt;ul id=&quot;navigation&quot; class=&quot;&quot;&gt;&#10;			&lt;li&gt;&lt;a href=&quot;https://www.creditrepair.com/fix-my-credit&quot;&gt;Fix My Credit&lt;/a&gt;&lt;/li&gt;&#10;			&lt;li&gt;&lt;a href=&quot;https://www.creditrepair.com/credit-education&quot;&gt;Credit Education&lt;/a&gt;&lt;/li&gt;&#10;			&lt;li&gt;&lt;a href=&quot;https://www.creditrepair.com/about-us&quot;&gt;About Us&lt;/a&gt;&lt;/li&gt;&#10;			&lt;li class=&quot;navigation_login_wrap&quot;&gt;&lt;a class=&quot;navigation_login_btn&quot; href=&quot;http://members.creditrepair.com&quot;&gt;Log&#10;					In&lt;span class=&quot;navigation_login_icon&quot;&gt;&lt;/span&gt;&lt;/a&gt;&lt;/li&gt;&#10;			&lt;li class=&quot;navigation_signup_wrap&quot;&gt;&lt;a class=&quot;navigation_signup_btn&quot; href=&quot;https://www.creditrepair.com/credit-snapshot/pi&quot;&gt;Sign Up Now&lt;/a&gt;&lt;/li&gt;&#10;		&lt;/ul&gt;&#10;	&lt;/div&gt;&#10;	&lt;section class=&quot;mobile_login_bar active&quot;&gt;&#10;		&lt;div class=&quot;hub-link&quot;&gt;&lt;a href=&quot;https://www.creditrepair.com/fix-my-credit&quot;&gt;Fix My Credit&lt;/a&gt;&lt;/div&gt;&#10;		&lt;div class=&quot;hub-link&quot;&gt;&lt;a href=&quot;https://www.creditrepair.com/credit-education&quot;&gt;Credit Education&lt;/a&gt;&lt;/div&gt;&#10;		&lt;div class=&quot;hub-link&quot;&gt;&lt;a href=&quot;https://www.creditrepair.com/about-us&quot;&gt;About Us&lt;/a&gt;&lt;/div&gt;&#10;&#10;		&lt;div class=&quot;bar-login&quot;&gt;&lt;a href=&quot;http://members.creditrepair.com&quot;&gt;Login&lt;/a&gt;&lt;/div&gt;&#10;	&lt;/section&gt;&#10;&lt;/div&gt;&#10;&#10;&lt;script&gt;&#10;	// CR Mobile Bar Functionality&#10;	$(window).scroll(function () {&#10;		100 &lt; $(window).scrollTop() ? $(&#10;			&quot;.mobile_login_bar&quot;&#10;		).addClass(&quot;active&quot;) : $(&#10;			&quot;.mobile_login_bar&quot;&#10;		).removeClass(&quot;active&quot;)&#10;	});&#10;&lt;/script&gt;&#10;&#10;&lt;/div&gt;&#10;&lt;div class=&quot;htmlreference parbase aem-GridColumn aem-GridColumn--default--12&quot;&gt;&#10;    &lt;div id=&quot;page_pop_background&quot;&gt;&lt;/div&gt;&#10;&lt;!-------------------------- CR Home Hero ----------------------------&gt;&#10;&lt;div class=&quot;cr-hero-main&quot;&gt;&#10;    &lt;div class=&quot;hero-boundaries&quot;&gt;&#10;        &lt;div class=&quot;hero-container&quot;&gt;&#10;&#10;            &lt;p class=&quot;heading&quot;&gt;&lt;span class=&quot;heading-bold&quot;&gt;They say&lt;/span&gt;bad credit is forever &lt;span class=&quot;heading-bold&quot;&gt;We say&lt;/span&gt;You can fix it&lt;/p&gt;&#10;&#10;            &lt;div class=&quot;hero-btn-container&quot;&gt;&#10;                &lt;div class=&quot;button-wrapper&quot;&gt;&#10;                    &lt;p class=&quot;sub-header&quot;&gt;Check your credit for FREE&lt;/p&gt;&#10;                    &lt;a class=&quot;call_btn&quot; href=&quot;/credit-snapshot/pi&quot; data-unique=&quot;phone-hero&quot;&gt;Get Started&lt;/a&gt;&#10;                    &lt;a class=&quot;signup-online&quot; data-unique=&quot;signup-hero&quot; href=&quot;/signup&quot;&gt;or sign up online »&lt;/a&gt;&#10;                &lt;/div&gt;&#10;            &lt;/div&gt;&#10;        &lt;/div&gt;&#10;&#10;        &lt;div class=&quot;hero-img&quot;&gt;&lt;/div&gt;&#10;&#10;        &lt;div class=&quot;button-wrapper-mobile&quot;&gt;&#10;            &lt;div class=&quot;button-wrapper&quot;&gt;&#10;                &lt;p class=&quot;sub-header&quot;&gt;It’s time you tried credit repair.&lt;/p&gt;&#10;                &lt;a class=&quot;call_btn&quot; href=&quot;/credit-snapshot/pi&quot; data-unique=&quot;phone-hero&quot;&gt;Get Started&lt;/a&gt;&#10;                &lt;a class=&quot;signup-online&quot; data-unique=&quot;signup-hero&quot; href=&quot;/signup&quot;&gt;or sign up online »&lt;/a&gt;&#10;            &lt;/div&gt;&#10;        &lt;/div&gt;&#10;    &lt;/div&gt;&#10;&lt;/div&gt;&#10;&#10;&lt;div class=&quot;modal&quot; style=&quot;display: none;&quot;&gt;&lt;/div&gt;&#10;&lt;div id=&quot;cr-modal&quot; style=&quot;display: none;&quot;&gt;&#10;    &lt;div class=&quot;modal-container&quot;&gt;&#10;        &lt;div class=&quot;modal-heading&quot;&gt;&#10;            &lt;span class=&quot;closeBtn&quot;&gt;✕&lt;/span&gt;&#10;            &lt;h1 class=&quot;modal-image&quot;&gt;&lt;/h1&gt;&#10;            &lt;h2&gt;You can improve your credit score.&lt;/h2&gt;&#10;        &lt;/div&gt;&#10;        &lt;div class=&quot;modal-content&quot;&gt;&#10;            &lt;p class=&quot;call-now-heading&quot;&gt;&lt;span&gt;－－－&lt;/span&gt; Get your FREE&#10;                &lt;span&gt;－－－&lt;/span&gt;&#10;            &lt;/p&gt;&#10;            &lt;ul class=&quot;credit-list&quot;&gt;&#10;                &lt;li&gt;Personalized credit consultation&lt;/li&gt;&#10;                &lt;li class=&quot;credit-rep&quot;&gt;Credit report summary&lt;/li&gt;&#10;                &lt;li&gt;Score evaluation &amp;amp; game plan&lt;/li&gt;&#10;            &lt;/ul&gt;&#10;            &lt;div class=&quot;modal-buttons&quot;&gt;&#10;                &lt;a class=&quot;call-now-btn&quot; href=&quot;/credit-snapshot/pi&quot; data-unique=&quot;phone-modal&quot;&gt;Get Started&lt;/a&gt;&#10;                &lt;a class=&quot;sign-up&quot; href=&quot;/signup&quot; data-unique=&quot;signup-modal&quot;&gt;or sign up online »&lt;/a&gt;&#10;            &lt;/div&gt;&#10;        &lt;/div&gt;&#10;    &lt;/div&gt;&#10;&lt;/div&gt;&#10;&lt;!-------------------------- End CR Home Hero ----------------------------&gt;&#10;&#10;&lt;/div&gt;&#10;&lt;div class=&quot;htmlreference parbase aem-GridColumn aem-GridColumn--default--12&quot;&gt;&#10;    &lt;style&gt;&#10;&#10;signup-v2 a{text-decoration:none;color:#007cba}&#10;button.submit-info,a.sign-up-button,a.modal-button{margin:0 auto;font-size:16px;color:#fff;background-color:#ff9807;border-width:0;border-radius:5px;cursor:pointer;position:relative;font-family:source-sans-pro,sans-serif;font-weight:400;text-decoration:none;text-transform:uppercase;letter-spacing:1px;padding:15px 25px;display:inline-block;text-align:center;line-height:normal;max-width:275px;min-width:60px}&#10;button.submit-info:before,a.sign-up-button:before,a.modal-button:before{content:&quot;&quot;;position:absolute;width:calc(100% - 45px);height:2px;bottom:10px;left:21px;background-color:#fff;visibility:hidden;-webkit-transform:scaleX(0);transform:scaleX(0);-webkit-transition:all .3s ease-in-out;transition:all .3s ease-in-out}&#10;button.submit-info:hover,a.sign-up-button:hover,a.modal-button:hover{background-color:#e78107}&#10;button.submit-info:hover:before,a.sign-up-button:hover:before,a.modal-button:hover:before{visibility:visible;-webkit-transform:scaleX(1);transform:scaleX(1)}&#10;button.submit-info:disabled,a.sign-up-button:disabled,a.modal-button:disabled{background:grey}&#10;section#signup-v2{padding:60px 10px 40px;color:#444;opacity:0;transition:opacity .3s ease-in-out;height:0;overflow:hidden; background: #fff;font-family:work-sans,sans-serif;font-weight:300}&#10;section#signup-v2.technical-error{opacity:1;height:auto}&#10;&#10;&#10;fieldset{border-width:0;padding:0;margin:0}&#10;div.block{display:inline-block;width:45%;margin:0 10px 20px;vertical-align:top}&#10;div.block input{width:100%;border:1px solid #a1a1a1;border-radius:3px;color:#a1a1a1;font-size:14px;padding:18px 10px 10px;box-sizing:border-box}&#10;div.block input::placeholder{font-size:14px;color:#bcbcbc;opacity:0}&#10;div.floating_label{position:relative}&#10;div.floating_label label{font-size:14px;opacity:.5;color:#444;position:absolute;top:15px;right:auto;left:11px;transition:all ease-in .2s;cursor:text}&#10;div.floating_label label.extra-label{top:8px;right:8px;left:auto;opacity:1}&#10;div.floating_label input:focus+label,div.floating_label input:valid+label,div.floating_label input:disabled+label{font-size:10px;top:6px;opacity:1}&#10;div.floating_label.field_error label{color:#de6f57}&#10;div.floating_label.field_error .emailError+label{font-size:10px;top:6px}&#10;.errors{background-color:#de6f57;width:100%;text-align:center;color:#fff;padding:10px 0;font-size:14px;line-height:16px;display:none}&#10;.errors .errors-icon{font-size:10px;font-weight:700;width:15px;height:15px;color:#de6f57;background-color:#fff;border-radius:50%;line-height:15px;display:inline-block;vertical-align:top;margin:0 5px}&#10;div.field_error input{border:1px solid #de6f57}&#10;div.field_error em.field-text{position:relative;display:block;background-color:transparent;color:#de6f57;font-size:12px;font-style:normal;top:auto;padding:5px 0 0 5px;transition:all .1s ease-in-out}&#10;div.field_error .field-icon{font-size:12px;font-weight:700;width:18px;height:18px;color:#fff;background-color:#de6f57;border-radius:50%;line-height:18px;display:block;position:absolute;text-align:center;top:13px;right:7px;transition:all .1s ease-in-out}&#10;div.field_error .field-icon:before{content:&apos;\0021&apos;}&#10;em.field-text,span.field-icon{display:none}&#10;.signature em.field-text{display:block;margin:10px 0 0}&#10;div.floating_label.field_pass label{color:#62ba96}&#10;div.field_pass input{border:1px solid #62ba96}&#10;div.field_pass em.field-text{position:relative;display:block;background-color:transparent;color:#62ba96;font-style:normal;font-size:12px;top:auto;padding:5px 0 0 0;transition:all .1s ease-in-out}&#10;div.field_pass .field-icon:before{content:&apos;\2713&apos;}&#10;div.field_pass .field-icon{font-size:18px;font-weight:700;color:#62ba96;border-radius:50%;line-height:18px;display:block;position:absolute;text-align:center;top:14px;right:10px;transition:all .1s ease-in-out}&#10;div.submit_button_wrap{width:100%;text-align:center;margin:20px auto 30px}&#10;div.loading-box{text-align:center;position:relative;padding-right:50px}&#10;div.loading-box.full-sized{padding:0;margin:0}&#10;.loading{opacity:0;border:6px solid rgba(255,152,7,0.7);border-top-color:rgba(255,152,7,0.9);border-radius:100%;height:40px;width:40px;display:none}&#10;.loading.start{opacity:1;display:inline-block;position:absolute;animation:rotate .8s infinite linear;transition:all .5s ease-in-out}&#10;div.loading-box.full-sized .loading{width:60px;height:60px;border:6px solid rgba(255,152,7,0.7);border-top-color:rgba(255,152,7,0.9)}&#10;div.loading-box.full-sized .loading.start{position:relative;margin:250px auto}&#10;@keyframes rotate{from{transform:rotate(0)}&#10;to{transform:rotate(359deg)}&#10;}&#10;@keyframes loading-text{0{opacity:0}&#10;100%{opacity:1}&#10;}&#10;.loading-text-1,.loading-text-2,.loading-text-3,.loading-text-4,.loading-text-5,.loading-text-6,.loading-text-7,.loading-text-8,.loading-text-9,.loading-text-10{opacity:0;display:inline-block}&#10;.loading-text-1.activate{animation:loading-text .3s .1s 1 normal forwards;animation-timing-function:ease-in}&#10;.loading-text-2.activate{animation:loading-text .3s .2s 1 normal forwards;animation-timing-function:ease-in}&#10;.loading-text-3.activate{animation:loading-text .3s .3s 1 normal forwards;animation-timing-function:ease-in}&#10;.loading-text-4.activate{animation:loading-text .3s .4s 1 normal forwards;animation-timing-function:ease-in}&#10;.loading-text-5.activate{animation:loading-text .3s .5s 1 normal forwards;animation-timing-function:ease-in}&#10;.loading-text-6.activate{animation:loading-text .3s .6s 1 normal forwards;animation-timing-function:ease-in}&#10;.loading-text-7.activate{animation:loading-text .3s .7s 1 normal forwards;animation-timing-function:ease-in}&#10;.loading-text-8.activate{animation:loading-text .3s .8s 1 normal forwards;animation-timing-function:ease-in}&#10;.loading-text-9.activate{animation:loading-text .3s .9s 1 normal forwards;animation-timing-function:ease-in}&#10;.loading-text-10.activate{animation:loading-text .3s 1s 1 normal forwards;animation-timing-function:ease-in}&#10;p.loading-text-box{display:none;margin-right:15px}&#10;p.loading-text-box span{text-align:center;font-size:20px;margin:0 3px;padding:10px 0;color:rgba(255,152,7,0.8);font-family:&apos;ProximaNova-Regular&apos;}&#10;.check-boundaries{opacity:0;display:none;justify-content:center;height:100%;position:relative;margin:0 auto;text-align:center;transition:opacity .3s ease-in-out}&#10;.check-boundaries.appear{display:block;opacity:1}&#10;.check-boundaries .box{margin:0 auto;width:50px;height:50px;background-color:rgba(98,186,150,0.048);border:1px solid #62ba96;border-radius:100%}&#10;.check-boundaries .box.appear{animation:check-boundaries-grow 1s forwards}&#10;.check-boundaries .check{width:10px;height:22px;transform:rotate(44deg);position:absolute;top:0;left:50%;margin-left:-7px;margin-top:8px}&#10;.check-boundaries .check:after{content:&quot;&quot;;width:100%;height:100%;border:3px solid #237e64;border-left-width:0;border-top-width:0;position:absolute;bottom:-2px;right:-6px}&#10;.check-boundaries .check.appear{animation:check-boundaries-cha 1.2s ease-in-out forwards}&#10;@keyframes check-boundaries-grow{0{transform:scale(0)}&#10;100%{transform:scale(1)}&#10;}&#10;@keyframes check-boundaries-cha{0{width:0;height:0}&#10;50%{width:0;height:11px}&#10;100%{width:10px;height:22px}&#10;}&#10;.error-boundaries{opacity:0;display:none;justify-content:center;height:100%;position:relative;margin:0 auto;text-align:center;transition:opacity .3s ease-in-out}&#10;.error-boundaries.appear{display:block;opacity:1}&#10;.error-boundaries .error-box{margin:0 auto;width:50px;height:50px;background-color:#cc5e4228;border:1px solid #cc5e42;border-radius:100%}&#10;.error-boundaries .error-box.appear{animation:error-boundaries-grow 1s forwards}&#10;.error-boundaries .error{width:30px;height:30px;transform:rotate(44deg);position:absolute;top:0;left:50%;margin-left:-11px;margin-top:-15px}&#10;.error-boundaries .error.appear{animation:error-boundaries-cha 1.2s ease-in-out forwards}&#10;.error-boundaries .error:after{content:&quot;\002B&quot;;width:100%;height:100%;color:#cc5e42;position:absolute;left:14px;bottom:-16px}&#10;@keyframes error-boundaries-grow{0{transform:scale(0)}&#10;100%{transform:scale(1)}&#10;}&#10;@keyframes error-boundaries-cha{0{font-size:0;width:0;height:0}&#10;50%{font-size:25px;width:0;height:15px}&#10;100%{font-size:50px;width:30px;height:30px}&#10;}&#10;.credit-consultations h2{font-weight:400;font-size:24px;color:#fff;margin:15px auto;display:none}&#10;.credit-consultations h2.disclaimer-pi{display:block;text-align:left;line-height:initial;max-width:600px;margin:0;}&#10;.credit-consultations h2.disclaimer-pi span{display:block;color:#fff;margin:5px auto; font-size: 28px;}&#10;.credit-consultations .subheader{font-weight: 400; font-size: 24px; color: #007cba;margin:15px auto;text-align:center}&#10;    @media screen and (max-width: 680px) {&#10;        .credit-consultations h2 { font-size: 16px;}&#10;        .credit-consultations h2.disclaimer-pi span { font-size: 22px;}&#10;        .credit-consultations h2.disclaimer-pi { border: none; padding: 0;}&#10;    }&#10;    &#10;.credit-perks{width:300px;margin:0 auto;padding:0;}&#10;.credit-perks .free-perks{width:100%;margin:0 auto;text-align:start;padding-bottom:10px}&#10;.credit-perks .checkbox-green{position:relative;display:inline-block;vertical-align:top}&#10;.credit-perks .checkbox-green .box{margin:0 auto;width:20px;height:20px;border:1px solid #afd852;border-radius:100%}&#10;.credit-perks .checkbox-green .check{width:4px;height:9px;transform:rotate(44deg);position:absolute;top:0;left:50%;margin-left:-5px;margin-top:3px}&#10;.credit-perks .checkbox-green .check:after{content:&quot;&quot;;width:100%;height:100%;border:3px solid #afd852;border-left-width:0;border-top-width:0;position:absolute;bottom:-2px;right:-6px}&#10;.credit-perks .checkbox-text{position:relative;display:inline-block;padding-left:5px;vertical-align:sub}&#10;.step1-wrapper{max-width:600px;margin:0 auto}&#10;.step1-wrapper h2{font-weight:400;font-size:24px;color:#007cba;margin:15px auto;display:none}&#10;.step1-wrapper h2.disclaimer-pi{display:block;text-align:center;line-height:initial}&#10;.step1-wrapper .subheader{ font-size:18px;margin:15px auto;text-align:center;line-height:initial}&#10;&#10;form#Signup-Form,form#Signup-Form-ffhd{margin:0 auto;padding:15px 0}&#10;form#Signup-Form-ffhd{display:none}&#10;div.ffhd-box .styled_checkbox{display:inline-block;margin:10px 0 0 20px;vertical-align:top}&#10;div.ffhd-box label{display:inline-block;width:75%;margin:0 auto;line-height:1.3;font-weight:500;cursor:pointer}&#10;div.ffhd-box label.ffhd-check-text{width:initial;display:inline-block;vertical-align:top;margin:10px 0 0 0;font-weight:500;cursor:pointer}&#10;.styled_checkbox label{position:absolute;top:0;left:0;width:19px;height:19px;cursor:pointer}&#10;div.disclaimer_wrap{font-size:12px;color:#444;line-height:16px}&#10;&#10;.styled_checkbox{border-radius:0;background-color:#fff;border:2px solid #444;display:inline-block;width:12px;height:12px;cursor:pointer;vertical-align:middle;position:relative}&#10;.styled_checkbox input[type=&quot;checkbox&quot;]{visibility:hidden}&#10;.styled_checkbox label:after{content:&apos;&apos;;background:transparent;top:1px;left:1px;width:8px;height:4px;border:2px solid #444;border-top:0;border-right:0;position:absolute;opacity:0;transform:rotate(-45deg)}&#10;.styled_checkbox input[type=checkbox]:checked+label:after{opacity:1;-ms-filter:&quot;alpha(opacity=100)&quot;}&#10;.cert_wrapper{text-align:center;margin:30px auto}&#10;#friend-family-sign-up{max-width:615px;padding:0 5px;margin:40px auto 0}&#10;div.friend-family-referal-box{border:1px solid #63a70a;color:#444;background-color:#f5f5f5;max-width:450px;font-weight:500;margin:0 auto;padding:15px 0;text-align:center}&#10;div.friend-family-referal-box hr{border-top:1px solid silver;border-bottom-width:0;margin:15px auto;width:85%}&#10;div.friend-family-referal-box p{font-size:16px;max-width:300px;margin:25px auto;font-weight:300;line-height:20px}&#10;div.friend-family-referal-box strong{font-weight:700}&#10;button.sign-up-referral:before{width:96px}&#10;div.friend-family-referal-box p.sign-up-disclaimer{font-size:14px;color:#444}&#10;&#10;@media only screen and (max-width:768px){&#10;section#signup-v2{padding:40px 10px}&#10;}&#10;&#10;@media only screen and (max-width:500px){&#10;form#Signup-Form,form#Signup-Form-ffhd{padding:0}&#10;div.block{display:block;width:100%;margin:15px auto}&#10;div.ffhd-box .styled_checkbox{margin:20px 0 0 5px}&#10;div.ffhd-box label.ffhd-check-text{margin:20px 0 0}&#10;}&#10;&#10;&lt;/style&gt;&#10;&#10;&#10;&lt;section id=&quot;signup-v2&quot; style=&quot;opacity: 1; height: auto;&quot;&gt;&#10;    &lt;div class=&quot;credit-consultations&quot;&gt;&lt;p class=&quot;subheader&quot;&gt;Get your FREE online credit evaluation now&lt;/p&gt;&lt;/div&gt;&#10;    &lt;div class=&quot;credit-perks&quot;&gt;&#10;        &lt;div class=&quot;free-perks&quot;&gt;&#10;            &lt;div class=&quot;checkbox-green&quot;&gt;&#10;                &lt;div class=&quot;box&quot;&gt;&lt;/div&gt;&#10;                &lt;div class=&quot;check&quot;&gt;&lt;/div&gt;&#10;            &lt;/div&gt;&#10;            &lt;div class=&quot;checkbox-text&quot;&gt;FREE credit score&lt;/div&gt;&#10;        &lt;/div&gt;&#10;        &lt;div class=&quot;free-perks&quot;&gt;&#10;            &lt;div class=&quot;checkbox-green&quot;&gt;&#10;                &lt;div class=&quot;box&quot;&gt;&lt;/div&gt;&#10;                &lt;div class=&quot;check&quot;&gt;&lt;/div&gt;&#10;            &lt;/div&gt;&#10;            &lt;div class=&quot;checkbox-text&quot;&gt;FREE negative item summary&lt;/div&gt;&#10;        &lt;/div&gt;&#10;        &lt;div class=&quot;free-perks&quot;&gt;&#10;            &lt;div class=&quot;checkbox-green&quot;&gt;&#10;                &lt;div class=&quot;box&quot;&gt;&lt;/div&gt;&#10;                &lt;div class=&quot;check&quot;&gt;&lt;/div&gt;&#10;            &lt;/div&gt;&#10;            &lt;div class=&quot;checkbox-text&quot;&gt;FREE recommended credit solution&lt;/div&gt;&#10;        &lt;/div&gt;&#10;    &lt;/div&gt;&#10;    &lt;div class=&quot;step1-wrapper&quot;&gt;&#10;        &lt;h2 class=&quot;disclaimer-pi&quot;&gt;First, we need some info to pull your credit.&lt;/h2&gt;&#10;        &lt;p class=&quot;subheader&quot;&gt;Don’t worry—this is completely secure and won’t hurt your score. And did we mention it’s FREE?&lt;/p&gt;&#10;        &lt;form name=&quot;Signup-Form&quot; id=&quot;Signup-Form&quot; method=&quot;POST&quot; action=&quot;&quot; onsubmit=&quot;&quot; novalidate=&quot;novalidate&quot;&gt;&#10;            &lt;fieldset class=&quot;contact_info&quot;&gt;&#10;                &lt;div class=&quot;block floating_label first_name field_pass&quot;&gt;&#10;                    &lt;input type=&quot;text&quot; required=&quot;&quot; id=&quot;FirstName&quot; class=&quot;input_first_name is-valid&quot; name=&quot;firstName&quot; maxlength=&quot;25&quot; value=&quot;&quot; data-rule-validchar=&quot;true&quot; aria-required=&quot;true&quot; aria-invalid=&quot;false&quot;&gt; &lt;label for=&quot;FirstName&quot;&gt;First Name&lt;/label&gt;&#10;                    &lt;em class=&quot;field-text&quot;&gt;&lt;/em&gt; &lt;span class=&quot;field-icon&quot;&gt;&lt;/span&gt;&#10;                &lt;/div&gt;&#10;                &lt;div class=&quot;block floating_label last_name field_pass&quot;&gt;&#10;                    &lt;input type=&quot;text&quot; required=&quot;&quot; id=&quot;LastName&quot; class=&quot;input_last_name is-valid&quot; name=&quot;lastName&quot; maxlength=&quot;25&quot; value=&quot;&quot; data-rule-validchar=&quot;true&quot; aria-required=&quot;true&quot; aria-invalid=&quot;false&quot;&gt; &lt;label for=&quot;LastName&quot;&gt;Last Name&lt;/label&gt;&#10;                    &lt;em class=&quot;field-text&quot;&gt;&lt;/em&gt; &lt;span class=&quot;field-icon&quot;&gt;&lt;/span&gt;&#10;                &lt;/div&gt;&#10;                &lt;div class=&quot;block floating_label email field_pass&quot;&gt;&#10;                    &lt;input type=&quot;email&quot; required=&quot;&quot; id=&quot;Email&quot; class=&quot;input_email is-valid&quot; name=&quot;address&quot; maxlength=&quot;50&quot; value=&quot;&quot; data-rule-email=&quot;true&quot; aria-required=&quot;true&quot; aria-invalid=&quot;false&quot;&gt; &lt;label for=&quot;Email&quot;&gt;Email&lt;/label&gt; &lt;em class=&quot;field-text&quot;&gt;&lt;/em&gt;&#10;                    &lt;span class=&quot;field-icon&quot;&gt;&lt;/span&gt;&#10;                &lt;/div&gt;&#10;                &lt;div class=&quot;block floating_label phone1 field_pass&quot;&gt;&#10;                    &lt;input type=&quot;tel&quot; required=&quot;&quot; id=&quot;Phone&quot; class=&quot;input_phone1 is-valid&quot; name=&quot;number&quot; value=&quot;&quot; data-rule-phoneus=&quot;true&quot; data-form-format-helper=&quot;formatPhoneNumber&quot; aria-required=&quot;true&quot; maxlength=&quot;14&quot; inputmode=&quot;text&quot; aria-invalid=&quot;false&quot;&gt;&#10;                    &lt;label for=&quot;Phone&quot;&gt;Phone&lt;/label&gt; &lt;em class=&quot;field-text&quot;&gt;&lt;/em&gt; &lt;span class=&quot;field-icon&quot;&gt;&lt;/span&gt;&#10;                &lt;/div&gt;&#10;                &lt;div class=&quot;block floating_label street field_pass&quot;&gt;&#10;                    &lt;input type=&quot;text&quot; required=&quot;&quot; id=&quot;Address&quot; class=&quot;input_street is-valid&quot; name=&quot;line1&quot; maxlength=&quot;60&quot; value=&quot;&quot; data-rule-validchar=&quot;true&quot; aria-required=&quot;true&quot; aria-invalid=&quot;false&quot;&gt; &lt;label for=&quot;Address&quot;&gt;Street Address&lt;/label&gt;&#10;                    &lt;em class=&quot;field-text&quot;&gt;&lt;/em&gt; &lt;span class=&quot;field-icon&quot;&gt;&lt;/span&gt;&#10;                &lt;/div&gt;&#10;                &lt;div class=&quot;block floating_label zip field_pass&quot;&gt;&#10;                    &lt;input type=&quot;tel&quot; required=&quot;&quot; id=&quot;Zip&quot; class=&quot;input_zip is-valid&quot; name=&quot;zipCode&quot; data-form-format-helper=&quot;forceNumeric&quot; data-rule-zipcodeus=&quot;true&quot; maxlength=&quot;5&quot; value=&quot;&quot; aria-required=&quot;true&quot; aria-invalid=&quot;false&quot;&gt; &lt;label for=&quot;Zip&quot;&gt;Zip Code&lt;/label&gt;&#10;                    &lt;em class=&quot;field-text&quot;&gt;&lt;/em&gt; &lt;span class=&quot;field-icon&quot;&gt;&lt;/span&gt;&#10;                    &lt;a style=&quot;display: none; color: rgb(45, 158, 215); text-decoration: underline;&quot; class=&quot;california-policy-btn&quot; href=&quot;/privacy-policy#california-policy&quot; target=&quot;_blank&quot;&gt;California Privacy Rights&lt;/a&gt;&#10;                &lt;/div&gt;&#10;            &lt;/fieldset&gt;&#10;            &lt;div class=&quot;ffhd-box&quot; style=&quot;display: none;&quot;&gt;&#10;                &lt;label for=&quot;yes-ffd&quot;&gt;Would you like to sign up with a friend or family member today and each receive 50% off your first work fee?&lt;/label&gt;&#10;                &lt;div class=&quot;styled_checkbox&quot; style=&quot;margin-bottom: 5px;&quot;&gt;&lt;input type=&quot;checkbox&quot; value=&quot;yes&quot; class=&quot;signup-checkbox&quot; id=&quot;yes-ffd&quot; name=&quot;ffhd-check&quot;&gt; &lt;label for=&quot;yes-ffd&quot;&gt;&lt;/label&gt;&lt;/div&gt;&#10;                &lt;label for=&quot;yes-ffd&quot; class=&quot;ffhd-check-text&quot;&gt;Yes&lt;/label&gt;&#10;            &lt;/div&gt;&#10;        &lt;/form&gt;&#10;        &lt;h2 class=&quot;family-sign-up-wording&quot;&gt;Friend or Family Member&apos;s Contact Information&lt;/h2&gt;&#10;        &lt;form name=&quot;Signup-Form-ffhd&quot; id=&quot;Signup-Form-ffhd&quot; method=&quot;POST&quot; action=&quot;&quot; onsubmit=&quot;&quot; novalidate=&quot;novalidate&quot;&gt;&#10;            &lt;input type=&quot;hidden&quot; name=&quot;last_step&quot; value=&quot;step1&quot;&gt;&#10;            &lt;fieldset class=&quot;contact_info&quot;&gt;&#10;                &lt;div class=&quot;block floating_label first_name&quot;&gt;&#10;                    &lt;input type=&quot;text&quot; required=&quot;&quot; id=&quot;FirstName-ffhd&quot; class=&quot;input_first_name&quot; name=&quot;firstName&quot; maxlength=&quot;25&quot; value=&quot;&quot; data-rule-validchar=&quot;true&quot; aria-required=&quot;true&quot;&gt; &lt;label for=&quot;FirstName&quot;&gt;First Name&lt;/label&gt;&#10;                    &lt;em class=&quot;field-text&quot;&gt;&lt;/em&gt; &lt;span class=&quot;field-icon&quot;&gt;&lt;/span&gt;&#10;                &lt;/div&gt;&#10;                &lt;div class=&quot;block floating_label last_name&quot;&gt;&#10;                    &lt;input type=&quot;text&quot; required=&quot;&quot; id=&quot;LastName-ffhd&quot; class=&quot;input_last_name&quot; name=&quot;lastName&quot; maxlength=&quot;25&quot; value=&quot;&quot; data-rule-validchar=&quot;true&quot; aria-required=&quot;true&quot;&gt; &lt;label for=&quot;LastName&quot;&gt;Last Name&lt;/label&gt;&#10;                    &lt;em class=&quot;field-text&quot;&gt;&lt;/em&gt; &lt;span class=&quot;field-icon&quot;&gt;&lt;/span&gt;&#10;                &lt;/div&gt;&#10;                &lt;div class=&quot;block floating_label email&quot;&gt;&#10;                    &lt;input type=&quot;email&quot; required=&quot;&quot; id=&quot;Email-ffhd&quot; class=&quot;input_email&quot; name=&quot;address&quot; maxlength=&quot;50&quot; value=&quot;&quot; data-rule-email=&quot;true&quot; aria-required=&quot;true&quot;&gt; &lt;label for=&quot;Email&quot;&gt;Email&lt;/label&gt; &lt;em class=&quot;field-text&quot;&gt;&lt;/em&gt;&#10;                    &lt;span class=&quot;field-icon&quot;&gt;&lt;/span&gt;&#10;                &lt;/div&gt;&#10;                &lt;div class=&quot;block floating_label phone1&quot;&gt;&#10;                    &lt;input type=&quot;tel&quot; required=&quot;&quot; id=&quot;Phone-ffhd&quot; class=&quot;input_phone1&quot; name=&quot;number&quot; value=&quot;&quot; data-rule-phoneus=&quot;true&quot; data-form-format-helper=&quot;formatPhoneNumber&quot; aria-required=&quot;true&quot; maxlength=&quot;14&quot; inputmode=&quot;text&quot;&gt;&#10;                    &lt;label for=&quot;Phone&quot;&gt;Phone&lt;/label&gt; &lt;em class=&quot;field-text&quot;&gt;&lt;/em&gt; &lt;span class=&quot;field-icon&quot;&gt;&lt;/span&gt;&#10;                &lt;/div&gt;&#10;                &lt;div class=&quot;block floating_label street&quot;&gt;&#10;                    &lt;input type=&quot;text&quot; required=&quot;&quot; id=&quot;Address-ffhd&quot; class=&quot;input_street&quot; name=&quot;line1&quot; maxlength=&quot;60&quot; value=&quot;&quot; data-rule-validchar=&quot;true&quot; aria-required=&quot;true&quot;&gt; &lt;label for=&quot;Address&quot;&gt;Street Address&lt;/label&gt;&#10;                    &lt;em class=&quot;field-text&quot;&gt;&lt;/em&gt; &lt;span class=&quot;field-icon&quot;&gt;&lt;/span&gt;&#10;                &lt;/div&gt;&#10;                &lt;div class=&quot;block floating_label zip&quot;&gt;&#10;                    &lt;input type=&quot;tel&quot; required=&quot;&quot; id=&quot;Zip-ffhd&quot; class=&quot;input_zip&quot; name=&quot;zipCode&quot; data-form-format-helper=&quot;forceNumeric&quot; data-rule-zipcodeus=&quot;true&quot; maxlength=&quot;5&quot; value=&quot;&quot; aria-required=&quot;true&quot;&gt;&#10;                    &lt;label for=&quot;Zip&quot;&gt;Zip Code&lt;/label&gt; &lt;em class=&quot;field-text&quot;&gt;&lt;/em&gt; &lt;span class=&quot;field-icon&quot;&gt;&lt;/span&gt;&#10;                    &lt;a style=&quot;display: none; color: #2d9ed7; text-decoration: underline;&quot; class=&quot;california-policy-btn&quot; href=&quot;/privacy-policy#california-policy&quot; target=&quot;_blank&quot;&gt;California Privacy Rights&lt;/a&gt;&#10;                &lt;/div&gt;&#10;            &lt;/fieldset&gt;&#10;        &lt;/form&gt;&#10;        &lt;div class=&quot;submit_button_wrap&quot;&gt;&#10;            &lt;button type=&quot;submit&quot; name=&quot;contact-info-submit&quot; class=&quot;submit-info submit-button&quot; autocomplete=&quot;off&quot; disabled=&quot;disabled&quot; style=&quot;pointer-events: none;&quot;&gt;NEXT&lt;/button&gt;&#10;            &lt;div class=&quot;loading-box&quot;&gt;&#10;                &lt;p class=&quot;loading-text-box loading-text-anim&quot;&gt;&#10;                    &lt;span class=&quot;loading-text-1&quot;&gt;l&lt;/span&gt; &lt;span class=&quot;loading-text-2&quot;&gt;o&lt;/span&gt; &lt;span class=&quot;loading-text-3&quot;&gt;a&lt;/span&gt; &lt;span class=&quot;loading-text-4&quot;&gt;d&lt;/span&gt; &lt;span class=&quot;loading-text-5&quot;&gt;i&lt;/span&gt;&#10;                    &lt;span class=&quot;loading-text-6&quot;&gt;n&lt;/span&gt; &lt;span class=&quot;loading-text-7&quot;&gt;g&lt;/span&gt; &lt;span class=&quot;loading-text-8&quot;&gt;.&lt;/span&gt; &lt;span class=&quot;loading-text-9&quot;&gt;.&lt;/span&gt; &lt;span class=&quot;loading-text-10&quot;&gt;.&lt;/span&gt;&#10;                &lt;/p&gt;&#10;                &lt;div class=&quot;loading&quot;&gt;&lt;/div&gt;&#10;            &lt;/div&gt;&#10;            &lt;div class=&quot;check-boundaries createUser&quot;&gt;&#10;                &lt;div class=&quot;box createUser&quot;&gt;&lt;/div&gt;&#10;                &lt;div class=&quot;check createUser&quot;&gt;&lt;/div&gt;&#10;            &lt;/div&gt;&#10;            &lt;div class=&quot;error-boundaries createUser&quot;&gt;&#10;                &lt;div class=&quot;error-box createUser&quot;&gt;&lt;/div&gt;&#10;                &lt;div class=&quot;error createUser&quot;&gt;&lt;/div&gt;&#10;            &lt;/div&gt;&#10;        &lt;/div&gt;&#10;        &lt;div class=&quot;disclaimer_wrap&quot;&gt;&#10;            &lt;p&gt;&#10;                By clicking &apos;NEXT&apos; I agree by electronic signature to: (1) be contacted by credit repair or credit repair marketing by a live agent, artificial or prerecorded voice,and SMS text at my residential or cellular number, dialed&#10;                manually or by autodialer, and by email (consent to be contacted is not a condition to purchase services); and (2) the &lt;a href=&quot;https://www.creditrepair.com/privacy-policy&quot; target=&quot;_blank&quot;&gt;Privacy Policy&lt;/a&gt; and&#10;                &lt;a href=&quot;https://www.creditrepair.com/terms-of-use&quot; target=&quot;_blank&quot;&gt;Terms of Use&lt;/a&gt; (including this &lt;a href=&quot;https://www.creditrepair.com/terms-of-use#arbitration-provision&quot; target=&quot;_blank&quot;&gt;arbitration Provision&lt;/a&gt;).&#10;            &lt;/p&gt;&#10;        &lt;/div&gt;&#10;        &lt;div class=&quot;cert_wrapper&quot;&gt;&#10;            &lt;span id=&quot;siteseal&quot;&gt;&lt;img style=&quot;cursor:pointer;cursor:hand&quot; src=&quot;https://seal.godaddy.com/images/3/en/siteseal_gd_3_h_l_m.gif&quot; onclick=&quot;verifySeal();&quot; alt=&quot;SSL site seal - click to verify&quot;&gt;&lt;/span&gt;&#10;        &lt;/div&gt;&#10;    &lt;/div&gt;&#10;&lt;/section&gt;&#10;&#10;&#10;&lt;/div&gt;&#10;&lt;div class=&quot;htmlreference parbase aem-GridColumn aem-GridColumn--default--12&quot;&gt;&#10;    &lt;!-------------------------- Hard at Work ----------------------------&gt;&#10;&lt;div class=&quot;hard-work-wrapper&quot;&gt;&#10;    &lt;div class=&quot;hard-work&quot;&gt;&#10;&#10;        &lt;h2&gt;We&apos;ve been hard at work for our members&lt;/h2&gt;&#10;&#10;        &lt;div class=&quot;chart-wrapper&quot;&gt;&#10;            &lt;div class=&quot;circle1-wrapper&quot;&gt;&#10;                &lt;div class=&quot;circle-padding&quot;&gt;&#10;                    &lt;div class=&quot;circle-icon&quot;&gt;&lt;/div&gt;&#10;                    &lt;div class=&quot;number&quot;&gt;1.8+ million&lt;/div&gt;&#10;                    &lt;div class=&quot;big-content&quot;&gt;removals&lt;/div&gt;&#10;                    &lt;div class=&quot;small-content&quot;&gt;since 2012&lt;/div&gt;&#10;                &lt;/div&gt;&#10;            &lt;/div&gt;&#10;&#10;            &lt;div class=&quot;circle2-wrapper&quot;&gt;&#10;                &lt;div class=&quot;circle-padding&quot;&gt;&#10;                    &lt;div class=&quot;circle-icon&quot;&gt;&lt;/div&gt;&#10;                    &lt;div class=&quot;number&quot;&gt;19+ million&lt;/div&gt;&#10;                    &lt;div class=&quot;big-content&quot;&gt;challenges &lt;span&gt;&amp;amp;&lt;/span&gt; disputes&lt;/div&gt;&#10;                    &lt;div class=&quot;small-content&quot;&gt;sent since we started business&lt;/div&gt;&#10;                &lt;/div&gt;&#10;            &lt;/div&gt;&#10;&#10;            &lt;div class=&quot;circle3-wrapper&quot;&gt;&#10;                &lt;div class=&quot;circle-padding&quot;&gt;&#10;                    &lt;div class=&quot;circle-icon&quot;&gt;&lt;/div&gt;&#10;                    &lt;div class=&quot;number&quot;&gt;1+ million&lt;/div&gt;&#10;                    &lt;div class=&quot;big-content&quot;&gt;interventions&lt;/div&gt;&#10;                    &lt;div class=&quot;small-content&quot;&gt;sent in 2019&lt;/div&gt;&#10;                &lt;/div&gt;&#10;            &lt;/div&gt;&#10;        &lt;/div&gt;&#10;&#10;        &lt;div class=&quot;btn-wrapper&quot;&gt;&#10;            &lt;a class=&quot;btn-new&quot; href=&quot;/credit-snapshot/pi&quot;&gt;Get Started&lt;/a&gt;&#10;            &lt;div&gt;&lt;a class=&quot;text-link&quot; href=&quot;/signup&quot;&gt;or sign up online »&lt;/a&gt;&lt;/div&gt;&#10;        &lt;/div&gt;&#10;    &lt;/div&gt;&#10;&lt;/div&gt;&#10;&lt;!-------------------------- End Hard at Work ----------------------------&gt;&#10;&#10;&lt;/div&gt;&#10;&lt;div class=&quot;htmlreference parbase aem-GridColumn aem-GridColumn--default--12&quot;&gt;&#10;    &lt;!-------------------------- How Credit Works ----------------------------&gt;&#10;&lt;div id=&quot;how-works-new-wrapper&quot;&gt;&#10;    &lt;div class=&quot;how-works-new-container&quot;&gt;&#10;        &lt;h2&gt;How credit repair works&lt;/h2&gt;&#10;&#10;        &lt;div class=&quot;how-works-col-wrapper&quot;&gt;&#10;            &lt;div class=&quot;how-works-icon challenge&quot;&gt;&lt;/div&gt;&#10;            &lt;div&gt;&#10;                &lt;div class=&quot;how-works-title&quot;&gt;Challenge&lt;/div&gt;&#10;                &lt;div class=&quot;how-works-content&quot;&gt;We challenge your questionable negative items with all three bureaus,&#10;                    ensuring your credit reports are accurate and fair.&lt;/div&gt;&#10;            &lt;/div&gt;&#10;        &lt;/div&gt;&#10;&#10;        &lt;div class=&quot;how-works-col-wrapper&quot;&gt;&#10;            &lt;div class=&quot;how-works-icon dispute&quot;&gt;&lt;/div&gt;&#10;            &lt;div&gt;&#10;                &lt;div class=&quot;how-works-title&quot;&gt;Dispute&lt;/div&gt;&#10;                &lt;div class=&quot;how-works-content&quot;&gt;We ask your creditors to verify the negative items they’re reporting. If&#10;                    they can’t, they are required by law to stop reporting them.&lt;/div&gt;&#10;            &lt;/div&gt;&#10;        &lt;/div&gt;&#10;&#10;        &lt;div class=&quot;how-works-col-wrapper&quot;&gt;&#10;            &lt;div class=&quot;how-works-icon monitor&quot;&gt;&lt;/div&gt;&#10;            &lt;div&gt;&#10;                &lt;div class=&quot;how-works-title&quot;&gt;Monitor&lt;/div&gt;&#10;                &lt;div class=&quot;how-works-content&quot;&gt;We continue to watch your credit, addressing additional issues as they&#10;                    arise so that you can stay on track and reach your goals.&lt;/div&gt;&#10;            &lt;/div&gt;&#10;        &lt;/div&gt;&#10;&#10;        &lt;div class=&quot;mobile-carousels&quot; id=&quot;how-works-mobile&quot;&gt;&#10;            &lt;ul class=&quot;carousel&quot;&gt;&#10;                &lt;li&gt;&#10;                    &lt;a id=&quot;carousel-ext&quot; href=&quot;#&quot; data-unique=&quot;carousel-items&quot;&gt;&#10;                        &lt;ul class=&quot;carousel-boundaries&quot;&gt;&#10;                            &lt;li class=&quot;selected&quot;&gt;&#10;                                &lt;div class=&quot;carousel-item&quot;&gt;&#10;                                    &lt;div class=&quot;how-works-col-wrapper-mobile&quot;&gt;&#10;                                        &lt;div class=&quot;how-works-icon challenge&quot;&gt;&lt;/div&gt;&#10;                                        &lt;div&gt;&#10;                                            &lt;div class=&quot;how-works-title&quot;&gt;Challenge&lt;/div&gt;&#10;                                            &lt;div class=&quot;how-works-content&quot;&gt;We challenge your questionable negative items&#10;                                                with all three bureaus,&#10;                                                ensuring your credit reports are accurate and fair.&lt;/div&gt;&#10;                                        &lt;/div&gt;&#10;                                    &lt;/div&gt;&#10;                                &lt;/div&gt;&#10;                            &lt;/li&gt;&#10;                            &lt;li class=&quot;move-right&quot;&gt;&#10;                                &lt;div class=&quot;carousel-item&quot;&gt;&#10;                                    &lt;div class=&quot;how-works-col-wrapper-mobile&quot;&gt;&#10;                                        &lt;div class=&quot;how-works-icon dispute&quot;&gt;&lt;/div&gt;&#10;                                        &lt;div&gt;&#10;                                            &lt;div class=&quot;how-works-title&quot;&gt;Dispute&lt;/div&gt;&#10;                                            &lt;div class=&quot;how-works-content&quot;&gt;We ask your creditors to verify the negative&#10;                                                items they’re reporting. If&#10;                                                they can’t, they are required by law to stop reporting them.&lt;/div&gt;&#10;                                        &lt;/div&gt;&#10;                                    &lt;/div&gt;&#10;                                &lt;/div&gt;&#10;                            &lt;/li&gt;&#10;                            &lt;li&gt;&#10;                                &lt;div class=&quot;carousel-item&quot;&gt;&#10;                                    &lt;div class=&quot;how-works-col-wrapper-mobile&quot;&gt;&#10;                                        &lt;div class=&quot;how-works-icon monitor&quot;&gt;&lt;/div&gt;&#10;                                        &lt;div&gt;&#10;                                            &lt;div class=&quot;how-works-title&quot;&gt;Monitor&lt;/div&gt;&#10;                                            &lt;div class=&quot;how-works-content&quot;&gt;We continue to watch your credit, addressing&#10;                                                additional issues as they&#10;                                                arise so that you can stay on track and reach your goals.&lt;/div&gt;&#10;                                        &lt;/div&gt;&#10;                                    &lt;/div&gt;&#10;                                &lt;/div&gt;&#10;                            &lt;/li&gt;&#10;                        &lt;/ul&gt;&#10;                    &lt;/a&gt;&#10;                &lt;/li&gt;&#10;            &lt;/ul&gt;&#10;            &lt;div class=&quot;prev&quot; id=&quot;prev&quot;&gt;❮&lt;/div&gt;&#10;            &lt;div class=&quot;next&quot; id=&quot;next&quot;&gt;❯&lt;/div&gt;&#10;        &lt;/div&gt;&#10;&#10;        &lt;div class=&quot;btn-wrapper&quot;&gt;&#10;            &lt;p&gt;See your credit score now&lt;/p&gt;&#10;            &lt;a class=&quot;btn-new&quot; href=&quot;/credit-snapshot/pi&quot;&gt;Get Started&lt;/a&gt;&#10;            &lt;div&gt;&lt;a class=&quot;text-link&quot; href=&quot;/signup/index&quot;&gt;or sign up online »&lt;/a&gt;&lt;/div&gt;&#10;        &lt;/div&gt;&#10;&#10;    &lt;/div&gt;&#10;&lt;/div&gt;&#10;&lt;!-------------------------- End How Credit Works----------------------------&gt;&#10;&#10;&lt;/div&gt;&#10;&lt;div class=&quot;htmlreference parbase aem-GridColumn aem-GridColumn--default--12&quot;&gt;&#10;    &lt;section class=&quot;client-reviews&quot;&gt;&#10;    &lt;div class=&quot;boundaries&quot;&gt;&#10;        &lt;h2&gt;What our members are saying&lt;/h2&gt;&#10;        &#10;        &lt;div class=&quot;review-wrapper&quot;&gt;&#10;            &lt;div class=&quot;review&quot;&gt;&#10;                &lt;div class=&quot;review-box-boundaries&quot;&gt;&#10;                    &#10;                    &lt;p class=&quot;blurb&quot;&gt;I like that CreditRepair.com takes their time to explain your credit status to you. They make you feel  really important, and they never treat you like a number. They make you feel like a true person.&lt;/p&gt;&#10;                    &#10;                    &lt;div class=&quot;reviewer&quot;&gt; &#10;                        &lt;div class=&quot;name&quot;&gt;Yvette B | &lt;span class=&quot;star&quot;&gt;&lt;/span&gt; &lt;span class=&quot;star&quot;&gt;&lt;/span&gt; &lt;span class=&quot;star&quot;&gt;&lt;/span&gt; &lt;span class=&quot;star&quot;&gt;&lt;/span&gt; &lt;span class=&quot;star&quot;&gt;&lt;/span&gt;&lt;/div&gt;&#10;                        &lt;p class=&quot;date&quot;&gt;New York - February 20, 2019&lt;/p&gt;&#10;                    &lt;/div&gt;&#10;&#10;                &lt;/div&gt;&#10;            &lt;/div&gt;&#10;            &lt;div class=&quot;review&quot;&gt;&#10;                &lt;div class=&quot;review-box-boundaries&quot;&gt;&#10;                    &#10;                    &lt;p class=&quot;blurb&quot;&gt;CreditRepair.com is the only answer! Credit repair has helped me begin to restore my credit! Credit is very important especially when you have children that need to go to college. Good credit is like having money in the bank!&lt;/p&gt;&#10;                    &#10;                    &lt;div class=&quot;reviewer&quot;&gt; &#10;                        &lt;div class=&quot;name&quot;&gt;Sharon R | &lt;span class=&quot;star&quot;&gt;&lt;/span&gt; &lt;span class=&quot;star&quot;&gt;&lt;/span&gt; &lt;span class=&quot;star&quot;&gt;&lt;/span&gt; &lt;span class=&quot;star&quot;&gt;&lt;/span&gt; &lt;span class=&quot;star grey&quot;&gt;&lt;/span&gt;&lt;/div&gt;&#10;                         &lt;p class=&quot;date&quot;&gt;New Jersey - March 22, 2019&lt;/p&gt;&#10;                    &lt;/div&gt;&#10;&#10;                &lt;/div&gt;&#10;            &lt;/div&gt;&#10;            &lt;div class=&quot;review&quot;&gt;&#10;                &lt;div class=&quot;review-box-boundaries&quot;&gt;&#10;                    &#10;                    &lt;p class=&quot;blurb&quot;&gt;They tell you how it is. No lying, they always take your call, and they always want to help you and keep you informed. They got all negatives off my credit report except two that remain, now it’s my wife’s turn! Thanks for all your help. &lt;/p&gt;&#10;                    &#10;                    &lt;div class=&quot;reviewer&quot;&gt; &#10;                        &lt;div class=&quot;name&quot;&gt;James P | &lt;span class=&quot;star&quot;&gt;&lt;/span&gt; &lt;span class=&quot;star&quot;&gt;&lt;/span&gt; &lt;span class=&quot;star&quot;&gt;&lt;/span&gt; &lt;span class=&quot;star&quot;&gt;&lt;/span&gt; &lt;span class=&quot;star grey&quot;&gt;&lt;/span&gt;&lt;/div&gt;&#10;                         &lt;p class=&quot;date&quot;&gt;Washington - April 16,  2019&lt;/p&gt;&#10;                    &lt;/div&gt;&#10;                &lt;/div&gt;&#10;            &lt;/div&gt;&#10;        &lt;/div&gt;&#10;        &#10;        &#10;        &lt;div class=&quot;mobile-carousels&quot; id=&quot;reviews-mobile&quot;&gt;&#10;            &lt;ul class=&quot;carousel&quot;&gt;&#10;                &lt;li&gt;&#10;                    &lt;a id=&quot;carousel-ext&quot; href=&quot;#&quot; data-unique=&quot;carousel-items&quot;&gt;&#10;                        &lt;ul class=&quot;carousel-boundaries&quot;&gt;&#10;                            &lt;li class=&quot;selected&quot;&gt;&#10;                                &lt;div class=&quot;carousel-item&quot;&gt; &#10;                                    &lt;div class=&quot;review&quot;&gt;&#10;                                        &lt;div class=&quot;review-box-boundaries&quot;&gt;&#10;                                            &#10;                                           &lt;p class=&quot;blurb&quot;&gt;I like that CreditRepair.com takes their time to explain your credit status to you. They make you feel  really important, and they never treat you like a number. They make you feel like a true person.&lt;/p&gt;&#10;                    &#10;                                            &lt;div class=&quot;reviewer&quot;&gt; &#10;                                                &lt;div class=&quot;name&quot;&gt;Yvette B | &lt;span class=&quot;star&quot;&gt;&lt;/span&gt; &lt;span class=&quot;star&quot;&gt;&lt;/span&gt; &lt;span class=&quot;star&quot;&gt;&lt;/span&gt; &lt;span class=&quot;star&quot;&gt;&lt;/span&gt; &lt;span class=&quot;star&quot;&gt;&lt;/span&gt;&lt;/div&gt;&#10;                                                &lt;p class=&quot;date&quot;&gt;New York - February 20, 2019&lt;/p&gt;&#10;                                            &lt;/div&gt;&#10;&#10;                                        &lt;/div&gt;&#10;                                    &lt;/div&gt;&#10;                                &lt;/div&gt;&#10;                            &lt;/li&gt;&#10;                            &lt;li class=&quot;move-right&quot;&gt;&#10;                                &lt;div class=&quot;carousel-item&quot;&gt; &#10;                                    &lt;div class=&quot;review&quot;&gt;&#10;                                        &lt;div class=&quot;review-box-boundaries&quot;&gt;&#10;                                            &#10;                                            &lt;p class=&quot;blurb&quot;&gt;CreditRepair.com is the only answer! Credit repair has helped me begin to restore my credit! Credit is very important especially when you have children that need to go to college. Good credit is like having money in the bank!&lt;/p&gt;&#10;                    &#10;                                            &lt;div class=&quot;reviewer&quot;&gt; &#10;                                                &lt;div class=&quot;name&quot;&gt;Sharon R | &lt;span class=&quot;star&quot;&gt;&lt;/span&gt; &lt;span class=&quot;star&quot;&gt;&lt;/span&gt; &lt;span class=&quot;star&quot;&gt;&lt;/span&gt; &lt;span class=&quot;star&quot;&gt;&lt;/span&gt; &lt;span class=&quot;star grey&quot;&gt;&lt;/span&gt;&lt;/div&gt;&#10;                                                 &lt;p class=&quot;date&quot;&gt;New Jersey - March 22, 2019&lt;/p&gt;&#10;                                            &lt;/div&gt;&#10;&#10;                                        &lt;/div&gt;&#10;                                    &lt;/div&gt;&#10;                                &lt;/div&gt;&#10;                            &lt;/li&gt;&#10;                            &lt;li&gt;&#10;                                &lt;div class=&quot;carousel-item&quot;&gt; &#10;                                    &lt;div class=&quot;review&quot;&gt;&#10;                                        &lt;div class=&quot;review-box-boundaries&quot;&gt;&#10;                                            &#10;                                            &lt;p class=&quot;blurb&quot;&gt;They tell you how it is. No lying, they always take your call, and they always want to help you and keep you informed. They got all negatives off my credit report except two that remain, now it’s my wife’s turn! Thanks for all your help. &lt;/p&gt;&#10;                    &#10;                                            &lt;div class=&quot;reviewer&quot;&gt; &#10;                                                &lt;div class=&quot;name&quot;&gt;James P | &lt;span class=&quot;star&quot;&gt;&lt;/span&gt; &lt;span class=&quot;star&quot;&gt;&lt;/span&gt; &lt;span class=&quot;star&quot;&gt;&lt;/span&gt; &lt;span class=&quot;star&quot;&gt;&lt;/span&gt; &lt;span class=&quot;star grey&quot;&gt;&lt;/span&gt;&lt;/div&gt;&#10;                                                 &lt;p class=&quot;date&quot;&gt;Washington - April 16,  2019&lt;/p&gt;&#10;                                            &lt;/div&gt;&#10;                                            &#10;                                        &lt;/div&gt;&#10;                                    &lt;/div&gt;&#10;                                &lt;/div&gt;&#10;                            &lt;/li&gt;&#10;                        &lt;/ul&gt;&#10;                    &lt;/a&gt;&#10;                &lt;/li&gt;&#10;            &lt;/ul&gt;&#10;            &lt;div class=&quot;prev&quot; id=&quot;prev&quot;&gt;❮&lt;/div&gt;&#10;            &lt;div class=&quot;next&quot; id=&quot;next&quot;&gt;❯&lt;/div&gt;&#10;        &lt;/div&gt;&#10;        &#10;        &lt;div class=&quot;review-disclaimer&quot;&gt;&#10;            &lt;a href=&quot;#&quot; class=&quot;info-modal&quot;&gt;Info About Our Testimonials&lt;/a&gt;&#10;        &lt;/div&gt;&#10;    &lt;/div&gt;&#10;&lt;/section&gt;&#10;&#10;&lt;div id=&quot;disclaimer-modal&quot; style=&quot;display: none;&quot;&gt;&#10;    &lt;div class=&quot;modal-container&quot;&gt;&#10;        &lt;div class=&quot;modal-heading&quot;&gt;&#10;            &lt;span class=&quot;closeBtn&quot;&gt;✕&lt;/span&gt;&#10;        &lt;/div&gt;&#10;        &lt;div class=&quot;modal-content&quot;&gt;&#10;            &lt;h5&gt;What you need to know about our testimonials&lt;/h5&gt;&#10;            &lt;p&gt;Testimonials represent the results of the particular individual and you should not expect the same result because your case is different than everyone else&apos;s. CreditRepair.com promises only to communicate with creditors on your behalf and in your name, verify report changes with bureaus, and provide you timely information about changes in your reports. Any credit score improvement seen after using our services is the result of many other additional factors, including: keeping credit balances low, paying bills on time, reducing or eliminating unnecessary inquiries, and developing appropriate types of credit, and sound financial planning.&lt;/p&gt;&#10;        &lt;/div&gt;&#10;    &lt;/div&gt;&#10;&lt;/div&gt;&#10;&#10;&lt;script&gt;&#10;$(document).ready(function () {&#10;    $(&quot;.info-modal&quot;).on(&quot;click touchstart touchend&quot;, function () {&#10;        event.preventDefault();&#10;        $(&quot;.modal&quot;).show();&#10;        $(&quot;#disclaimer-modal&quot;).show();&#10;     });&#10;    &#10;    $(&quot;.modal, .closeBtn&quot;).on(&quot;click touchstart touchend&quot;, function () {&#10;        $(&quot;.modal&quot;).hide();&#10;        $(&quot;#disclaimer-modal&quot;).hide();&#10;    });&#10;});&#10;&#10;&lt;/script&gt;&#10;&#10;&#10;&lt;/div&gt;&#10;&lt;div class=&quot;htmlreference parbase aem-GridColumn aem-GridColumn--default--12&quot;&gt;&#10;    &lt;div class=&quot;container&quot; id=&quot;get-started-cr&quot;&gt;&#10;    &lt;div class=&quot;row get_started_banner&quot;&gt;&#10;        &lt;p class=&quot;text&quot;&gt;Start with our Proven Online System &lt;span&gt;$99.95/month&lt;/span&gt;&lt;/p&gt;&#10;        &lt;a href=&quot;https://www.creditrepair.com/signup&quot; class=&quot;btn btn-orange&quot; data-unique=&quot;get-started-section-signup&quot; id=&quot;get-started-section-signup&quot;&gt;Get Started&lt;/a&gt;&#10;    &lt;/div&gt;&#10;&lt;/div&gt;&#10;&#10;&lt;/div&gt;&#10;&lt;div class=&quot;htmlreference parbase aem-GridColumn aem-GridColumn--default--12&quot;&gt;&#10;    &lt;!-------------------------- Cost ----------------------------&gt;&#10;&lt;div id=&quot;cost-new-wrapper&quot;&gt;&#10;    &lt;div class=&quot;cost-new-container&quot;&gt;&#10;&#10;        &lt;h2&gt;How much does it cost?&lt;/h2&gt;&#10;        &lt;div class=&quot;cost-new-leader&quot;&gt;A service for all budgets&lt;/div&gt;&#10;        &lt;div class=&quot;cost-panel-container&quot;&gt;&#10;            &lt;div class=&quot;cost-panel-wrapper&quot;&gt;&#10;                &lt;div class=&quot;cost-panel&quot;&gt;&#10;                    &lt;div class=&quot;cost-panel-icon cost-icon-1&quot;&gt;&lt;/div&gt;&#10;                    &lt;div class=&quot;cost-panel-title&quot;&gt;Aggressive&lt;/div&gt;&#10;                    &lt;div class=&quot;cost-panel-desc&quot;&gt;Recommended for those who have a lot of negative items on their credit&#10;                        report&lt;/div&gt;&#10;                    &lt;div class=&quot;cost-panel-price&quot;&gt;$$$&lt;/div&gt;&#10;                &lt;/div&gt;&#10;            &lt;/div&gt;&#10;            &lt;div class=&quot;cost-panel-wrapper&quot;&gt;&#10;                &lt;div class=&quot;cost-panel&quot;&gt;&#10;                    &lt;div class=&quot;cost-panel-icon cost-icon-2&quot;&gt;&lt;/div&gt;&#10;                    &lt;div class=&quot;cost-panel-title&quot;&gt;Moderate&lt;/div&gt;&#10;                    &lt;div class=&quot;cost-panel-desc&quot;&gt;Recommended for those who have a moderate amount of negative items&#10;                    &lt;/div&gt;&#10;                    &lt;div class=&quot;cost-panel-price&quot;&gt;$$&lt;/div&gt;&#10;                &lt;/div&gt;&#10;            &lt;/div&gt;&#10;            &lt;div class=&quot;cost-panel-wrapper&quot;&gt;&#10;                &lt;div class=&quot;cost-panel&quot;&gt;&#10;                    &lt;div class=&quot;cost-panel-icon cost-icon-3&quot;&gt;&lt;/div&gt;&#10;                    &lt;div class=&quot;cost-panel-title&quot;&gt;Basic&lt;/div&gt;&#10;                    &lt;div class=&quot;cost-panel-desc&quot;&gt;Recommended for those who have a handful of negative items&lt;/div&gt;&#10;                    &lt;div class=&quot;cost-panel-price&quot;&gt;$&lt;/div&gt;&#10;                &lt;/div&gt;&#10;            &lt;/div&gt;&#10;        &lt;/div&gt;&#10;&#10;        &lt;div class=&quot;mobile-carousels&quot; id=&quot;cost-carousel-mobile&quot;&gt;&#10;            &lt;ul class=&quot;carousel&quot;&gt;&#10;                &lt;li&gt;&#10;                    &lt;a id=&quot;carousel-ext&quot; href=&quot;#&quot; data-unique=&quot;carousel-items&quot;&gt;&#10;                        &lt;ul class=&quot;carousel-boundaries&quot;&gt;&#10;                            &lt;li class=&quot;selected&quot;&gt;&#10;                                &lt;div class=&quot;carousel-item&quot;&gt;&#10;                                    &lt;div class=&quot;cost-panel-wrapper&quot;&gt;&#10;                                        &lt;div class=&quot;cost-panel&quot;&gt;&#10;                                            &lt;div class=&quot;cost-panel-icon cost-icon-1&quot;&gt;&lt;/div&gt;&#10;                                            &lt;div class=&quot;cost-panel-title&quot;&gt;Aggressive&lt;/div&gt;&#10;                                            &lt;div class=&quot;cost-panel-desc&quot;&gt;Recommended for those who have a lot of&#10;                                                negative items on their credit report&lt;/div&gt;&#10;                                            &lt;div class=&quot;cost-panel-price&quot;&gt;$$$&lt;/div&gt;&#10;                                        &lt;/div&gt;&#10;                                    &lt;/div&gt;&#10;                                &lt;/div&gt;&#10;                            &lt;/li&gt;&#10;                            &lt;li class=&quot;move-right&quot;&gt;&#10;                                &lt;div class=&quot;carousel-item&quot;&gt;&#10;                                    &lt;div class=&quot;cost-panel-wrapper&quot;&gt;&#10;                                        &lt;div class=&quot;cost-panel&quot;&gt;&#10;                                            &lt;div class=&quot;cost-panel-icon cost-icon-2&quot;&gt;&lt;/div&gt;&#10;                                            &lt;div class=&quot;cost-panel-title&quot;&gt;Moderate&lt;/div&gt;&#10;                                            &lt;div class=&quot;cost-panel-desc&quot;&gt;Recommended for those who have a moderate&#10;                                                amount of negative items&#10;                                            &lt;/div&gt;&#10;                                            &lt;div class=&quot;cost-panel-price&quot;&gt;$$&lt;/div&gt;&#10;                                        &lt;/div&gt;&#10;                                    &lt;/div&gt;&#10;                                &lt;/div&gt;&#10;                            &lt;/li&gt;&#10;                            &lt;li&gt;&#10;                                &lt;div class=&quot;carousel-item&quot;&gt;&#10;                                    &lt;div class=&quot;cost-panel-wrapper&quot;&gt;&#10;                                        &lt;div class=&quot;cost-panel&quot;&gt;&#10;                                            &lt;div class=&quot;cost-panel-icon cost-icon-3&quot;&gt;&lt;/div&gt;&#10;                                            &lt;div class=&quot;cost-panel-title&quot;&gt;Basic&lt;/div&gt;&#10;                                            &lt;div class=&quot;cost-panel-desc&quot;&gt;Recommended for those who have a handful of&#10;                                                negative items&lt;/div&gt;&#10;                                            &lt;div class=&quot;cost-panel-price&quot;&gt;$&lt;/div&gt;&#10;                                        &lt;/div&gt;&#10;                                    &lt;/div&gt;&#10;                                &lt;/div&gt;&#10;                            &lt;/li&gt;&#10;                        &lt;/ul&gt;&#10;                    &lt;/a&gt;&#10;                &lt;/li&gt;&#10;            &lt;/ul&gt;&#10;            &lt;div class=&quot;prev&quot; id=&quot;prev&quot;&gt;❮&lt;/div&gt;&#10;            &lt;div class=&quot;next&quot; id=&quot;next&quot;&gt;❯&lt;/div&gt;&#10;        &lt;/div&gt;&#10;&#10;        &lt;div class=&quot;cost-new-cta&quot;&gt;&#10;            &lt;div class=&quot;cost-new-cta-content&quot;&gt;See your negative items for free&lt;/div&gt;&#10;            &lt;div class=&quot;btn-wrapper&quot;&gt;&#10;                &lt;a class=&quot;btn-new&quot; href=&quot;/credit-snapshot/pi&quot;&gt;Get Started&lt;/a&gt;&#10;                &lt;div&gt;&lt;a class=&quot;text-link&quot; href=&quot;/signup&quot;&gt;or sign up online »&lt;/a&gt;&lt;/div&gt;&#10;            &lt;/div&gt;&#10;        &lt;/div&gt;&#10;    &lt;/div&gt;&#10;&lt;/div&gt;&#10;&lt;!-------------------------- End Cost ----------------------------&gt;&#10;&#10;&lt;/div&gt;&#10;&lt;div class=&quot;htmlreference parbase aem-GridColumn aem-GridColumn--default--12&quot;&gt;&#10;    &#10;&lt;nav class=&quot;bottom_nav_wrapper&quot;&gt;&#10;	&lt;div class=&quot;container row&quot;&gt;&#10;		&lt;div class=&quot;bottom_nav_section bottom_nav_section_who-we-are expanded three columns first&quot;&gt;&#10;			&lt;a href=&quot;https://www.creditrepair.com/who-we-are&quot; class=&quot;bottom_nav_section_title&quot;&gt;Who We Are&lt;span class=&quot;expand_contract&quot;&gt;&lt;/span&gt;&lt;/a&gt;&#10;			&lt;ul&gt;&#10;				&lt;li class=&quot;redundant&quot;&gt;Who We Are&lt;/li&gt;&#10;				&lt;li&gt;&lt;a href=&quot;https://www.creditrepair.com/who-we-are&quot;&gt;About Us&lt;/a&gt;&lt;/li&gt;&#10;				&lt;li&gt;&lt;a href=&quot;http://www.progrexion.com/affiliates&quot; target=&quot;_blank&quot;&gt;Affiliates&lt;/a&gt;&lt;/li&gt;&#10;				&lt;li&gt;&lt;a href=&quot;https://www.creditrepair.com/careers&quot; target=&quot;_blank&quot;&gt;Careers&lt;/a&gt;&lt;/li&gt;&#10;				&lt;li&gt;&lt;a href=&quot;https://www.creditrepair.com/newsroom&quot;&gt;Newsroom&lt;/a&gt;&lt;/li&gt;&#10;				&lt;li&gt;&lt;a href=&quot;https://www.creditrepair.com/contact-us&quot;&gt;Contact Us&lt;/a&gt;&lt;/li&gt;&#10;			&lt;/ul&gt;&#10;		&lt;/div&gt;&#10;		&lt;div class=&quot;bottom_nav_section bottom_nav_section_how-it-works three columns&quot;&gt;&#10;			&lt;a href=&quot;https://www.creditrepair.com/how-credit-repair-works&quot; class=&quot;bottom_nav_section_title&quot;&gt;How it Works&lt;span class=&quot;expand_contract&quot;&gt;&lt;/span&gt;&lt;/a&gt;&#10;			&lt;ul&gt;&#10;				&lt;li class=&quot;redundant&quot;&gt;How It Works&lt;/li&gt;&#10;				&lt;li&gt;&lt;a href=&quot;https://www.creditrepair.com/how-credit-repair-works&quot;&gt;Credit Repair Process&lt;/a&gt;&lt;/li&gt;&#10;				&lt;li&gt;&lt;a href=&quot;https://www.creditrepair.com/how-credit-repair-works#what-you-get&quot;&gt;What You Get&lt;/a&gt;&lt;/li&gt;&#10;				&lt;li&gt;&lt;a href=&quot;https://www.creditrepair.com/faq&quot;&gt;Frequently Asked Questions&lt;/a&gt;&lt;/li&gt;&#10;				&lt;li&gt;&lt;a href=&quot;https://www.creditrepair.com/privacy-policy&quot;&gt;Privacy Policy&lt;/a&gt;&lt;/li&gt;&#10;				&lt;li&gt;&lt;a href=&quot;https://www.creditrepair.com/privacy-notice&quot;&gt;Privacy Notice&lt;/a&gt;&lt;/li&gt;&#10;				&lt;li&gt;&lt;a href=&quot;https://www.creditrepair.com/privacy-policy#california-policy&quot;&gt;California Residents&lt;/a&gt;&lt;/li&gt;&#10;				&lt;li&gt;&lt;a href=&quot;https://www.creditrepair.com/sms-terms&quot;&gt;Text Message Terms&lt;/a&gt;&lt;/li&gt;&#10;				&lt;li&gt;&lt;a href=&quot;https://www.creditrepair.com/terms-of-use&quot;&gt;Terms Of Use&lt;/a&gt;&lt;/li&gt;&#10;			&lt;/ul&gt;&#10;		&lt;/div&gt;&#10;		&lt;div class=&quot;bottom_nav_section bottom_nav_section_reviews three columns&quot;&gt;&#10;			&lt;a href=&quot;https://www.creditrepair.com/reviews&quot; class=&quot;bottom_nav_section_title&quot;&gt;Reviews&lt;span class=&quot;expand_contract&quot;&gt;&lt;/span&gt;&lt;/a&gt;&#10;			&lt;ul&gt;&#10;				&lt;li class=&quot;redundant&quot;&gt;Reviews&lt;/li&gt;&#10;				&lt;li&gt;&lt;a href=&quot;https://www.creditrepair.com/reviews&quot;&gt;Customer Reviews&lt;/a&gt;&lt;/li&gt;&#10;				&lt;li&gt;&lt;a href=&quot;https://www.creditrepair.com/videos&quot;&gt;Videos&lt;/a&gt;&lt;/li&gt;&#10;				&lt;li&gt;&lt;a href=&quot;http://www.youtube.com/user/creditrepair/videos&quot; target=&quot;_blank&quot;&gt;YouTube&lt;/a&gt;&lt;/li&gt;&#10;				&lt;li&gt;&lt;a href=&quot;https://www.creditrepair.com/review&quot;&gt;Create a Review&lt;/a&gt;&lt;/li&gt;&#10;			&lt;/ul&gt;&#10;		&lt;/div&gt;&#10;		&lt;div class=&quot;bottom_nav_section bottom_nav_section_education three columns&quot;&gt;&#10;			&lt;a href=&quot;https://www.creditrepair.com/articles&quot; class=&quot;bottom_nav_section_title&quot;&gt;Education&lt;span class=&quot;expand_contract&quot;&gt;&lt;/span&gt;&lt;/a&gt;&#10;			&lt;ul&gt;&#10;				&lt;li class=&quot;redundant&quot;&gt;Education&lt;/li&gt;&#10;				&lt;li&gt;&lt;a href=&quot;https://www.creditrepair.com/blog&quot;&gt;CreditRepair.com Blog&lt;/a&gt;&lt;/li&gt;&#10;				&lt;li&gt;&lt;a href=&quot;https://www.creditrepair.com/articles/credit-improvement&quot;&gt;Credit Improvement&lt;/a&gt;&lt;/li&gt;&#10;				&lt;li&gt;&lt;a href=&quot;https://www.creditrepair.com/articles/debt-solutions&quot;&gt;Debt Solutions&lt;/a&gt;&lt;/li&gt;&#10;				&lt;li&gt;&lt;a href=&quot;https://www.creditrepair.com/articles/identity-theft&quot;&gt;Identity Theft&lt;/a&gt;&lt;/li&gt;&#10;				&lt;li&gt;&lt;a href=&quot;https://www.creditrepair.com/articles/loan-center&quot;&gt;Loan Center&lt;/a&gt;&lt;/li&gt;&#10;				&lt;li&gt;&lt;a href=&quot;https://www.creditrepair.com/articles/savings-center&quot;&gt;Savings Center&lt;/a&gt;&lt;/li&gt;&#10;				&lt;li&gt;&lt;a href=&quot;https://www.creditrepair.com/score-estimator/&quot;&gt;Score Estimator&lt;/a&gt;&lt;/li&gt;&#10;				&lt;li&gt;&lt;a href=&quot;https://www.creditrepair.com/disputes-and-bureaus/&quot;&gt;Disputes and Bureaus&lt;/a&gt;&lt;/li&gt;&#10;			&lt;/ul&gt;&#10;		&lt;/div&gt;&#10;		&lt;div class=&quot;bottom_nav_section bottom_nav_section_sign_up_today three columns&quot;&gt;&#10;			&lt;a href=&quot;https://www.creditrepair.com/signup&quot; class=&quot;bottom_nav_section_title&quot;&gt;Sign Up Today&lt;span class=&quot;expand_contract&quot;&gt;&lt;/span&gt;&lt;/a&gt;&#10;			&lt;ul&gt;&#10;				&lt;li class=&quot;redundant&quot;&gt;Sign-Up Today&lt;/li&gt;&#10;				&lt;li&gt;&lt;a href=&quot;https://www.creditrepair.com/signup&quot;&gt;Get Started&lt;/a&gt;&lt;/li&gt;&#10;				&lt;li&gt;&lt;a href=&quot;https://www.creditrepair.com/mobile-app&quot;&gt;iPhone / iPad App&lt;/a&gt;&lt;/li&gt;&#10;				&lt;li&gt;&lt;a href=&quot;https://www.creditrepair.com/mobile-app&quot;&gt;Android App&lt;/a&gt;&lt;/li&gt;&#10;				&lt;li&gt;&lt;a href=&quot;http://members.creditrepair.com&quot;&gt;Member Log-In&lt;/a&gt;&lt;/li&gt;&#10;				&lt;li&gt;&lt;a href=&quot;https://www.creditrepair.com/unsubscribe&quot;&gt;Unsubscribe&lt;/a&gt;&lt;/li&gt;&#10;			&lt;/ul&gt;&#10;		&lt;/div&gt;&#10;		&lt;div class=&quot;bottom_nav_section bottom_nav_section_follow three columns&quot;&gt;&#10;			&lt;div class=&quot;bottom_nav_section_title follow&quot;&gt;Follow&lt;span class=&quot;expand_contract&quot;&gt;&lt;/span&gt;&lt;/div&gt;&#10;			&lt;ul&gt;&#10;				&lt;li class=&quot;redundant&quot;&gt;Follow&lt;/li&gt;&#10;				&lt;div class=&quot;social_icons&quot;&gt;&lt;a href=&quot;https://www.facebook.com/creditrepaircom&quot;&gt;&lt;img class=&quot;social_icons_img facebook&quot; src=&quot;https://www.creditrepair.com/content/dam/credit-repair/common/assets/imgs/Lex_SocialIcons_Facebook.png&quot;&gt;&lt;/a&gt;&lt;a href=&quot;https://twitter.com/creditrepair&quot;&gt;&lt;img class=&quot;social_icons_img twitter&quot; src=&quot;https://www.creditrepair.com/content/dam/credit-repair/common/assets/imgs/Lex_SocialIcons_Twitter.png&quot;&gt;&lt;/a&gt;&lt;a href=&quot;https://www.instagram.com/creditrepair.com/&quot;&gt;&lt;img class=&quot;social_icons_img instagram&quot; src=&quot;https://www.creditrepair.com/content/dam/credit-repair/common/assets/imgs/instagram.png&quot;&gt;&lt;/a&gt;&lt;/div&gt;&#10;			&lt;/ul&gt;&#10;		&lt;/div&gt;&#10;	&lt;/div&gt;&#10;	&lt;br class=&quot;clear&quot;&gt;&#10;&lt;/nav&gt;&#10;&#10;&lt;div id=&quot;copyright_wrapper&quot;&gt;&#10;	&lt;div class=&quot;container forced_bottom_margin&quot;&gt;&#10;		&lt;div id=&quot;copyright&quot; class=&quot;row&quot;&gt;&#10;			&lt;p class=&quot;fico-acknowledgment&quot;&gt;FICO and “The score lenders use” are trademarks or registered trademarks of Fair Isaac Corporation in the United States and other countries.&lt;/p&gt;&#10;			&lt;div id=&quot;copyright_text&quot;&gt;&#10;				©2020 CreditRepair.com, Inc.&amp;nbsp; All rights reserved.&lt;br&gt;&#10;				&lt;span style=&quot;font-style:italic&quot;&gt;** Your results will vary&lt;/span&gt;&lt;br&gt;&#10;				&lt;div class=&quot;badges&quot;&gt;&#10;            &lt;div class=&quot;cert_wrapper&quot;&gt;&#10;                &lt;span id=&quot;siteseal&quot;&gt;&#10;                    &lt;script async=&quot;&quot; type=&quot;text/javascript&quot; src=&quot;https://seal.godaddy.com/getSeal?sealID=dn0Hwvn3db1McpLGYLu6XHC20lORlGgebIAgbi3ZFOAuLvNaSehKIdCZq6rP&quot;&gt;&lt;/script&gt;&#10;            &lt;/span&gt;&lt;/div&gt;&#10;        &lt;/div&gt;&#10;				&lt;a href=&quot;https://www.creditrepair.com/confirm&quot; class=&quot;btn btn-small btn-green confirm_link&quot;&gt;Confirm&lt;/a&gt;&#10;				&lt;a href=&quot;https://www.creditrepair.com/credit-view/phone-confirmation.html&quot; class=&quot;btn btn-small btn-gray credit_view_link&quot;&gt;Credit View&lt;/a&gt;&#10;			&lt;/div&gt;&#10;			&lt;div id=&quot;digicert&quot;&gt;&#10;				&lt;!-- Begin VeriSign seal HTML and JavaScript --&gt;&#10;&#10;				&lt;table width=&quot;135&quot; border=&quot;0&quot; cellpadding=&quot;2&quot; cellspacing=&quot;0&quot; title=&quot;Click to Verify - This site chose Symantec SSL for secure e-commerce and confidential communications.&quot;&gt;&#10;					&lt;tbody&gt;&lt;tr&gt;&#10;						&lt;td width=&quot;135&quot; align=&quot;center&quot; valign=&quot;top&quot;&gt;&#10;							&lt;script type=&quot;text/javascript&quot; src=&quot;https://seal.verisign.com/getseal?host_name=www.creditrepair.com&amp;amp;size=M&amp;amp;use_flash=NO&amp;amp;use_transparent=NO&amp;amp;lang=en&quot;&gt;&lt;/script&gt;&#10;						&lt;/td&gt;&#10;					&lt;/tr&gt;&#10;				&lt;/tbody&gt;&lt;/table&gt;&#10;&#10;				&lt;!-- End VeriSign seal HTML and JavaScript --&gt;&#10;			&lt;/div&gt;&#10;			&lt;div id=&quot;bbb&quot;&gt;&#10;			&lt;/div&gt;&#10;			&lt;!-- &lt;div id=&quot;footer_tid&quot; style=&quot;float: right;&quot;&gt;10004&lt;/div&gt; --&gt;&#10;		&lt;/div&gt;&#10;	&lt;/div&gt;&#10;&lt;/div&gt;&#10;&lt;script type=&quot;text/javascript&quot;&gt;&#10;	$(function() {&#10;		PopPageDefault.initialize();&#10;	});&#10;&lt;/script&gt;&#10;&#10;&lt;div class=&quot;pop_page_default&quot; id=&quot;page_pop&quot;&gt;&#10;	&lt;div class=&quot;close_button&quot;&gt;&lt;/div&gt;&#10;	&lt;div class=&quot;logo&quot;&gt;CreditRepair.com&lt;/div&gt;&#10;	&lt;div class=&quot;heading&quot;&gt;Have a question?&lt;/div&gt;&#10;	&lt;div class=&quot;sub_heading&quot;&gt;Call us for a Free Credit Check&lt;br&gt;from a Credit Expert&lt;/div&gt;&#10;	&lt;div&gt;&lt;span&gt;1-&lt;span class=&quot;creditRepairPhoneNumber phoneNumber&quot;&gt;855-255-0263&lt;/span&gt;&lt;/span&gt;&lt;/div&gt;&#10;&lt;/div&gt;&#10;&#10;&#10;&lt;div id=&quot;back_to_top_button&quot; style=&quot;display: block;&quot;&gt;Top&lt;/div&gt;&#10;&#10;&#10;&lt;/div&gt;&#10;&#10;    &#10;&lt;/div&gt;&#10;&#10;    &lt;/div&gt;&#10;&lt;/div&gt;&lt;script src=&quot;https://www.googletagmanager.com/gtag/js?id=AW-995332405&quot;&gt;&lt;/script&gt;&#10;&lt;script&gt;&#10;    window.dataLayer = window.dataLayer || [];&#10;    function gtag(){dataLayer.push(arguments);}&#10;    gtag(&apos;js&apos;, new Date());&#10;    gtag(&apos;config&apos;, &apos;AW-995332405&apos;);&#10;    gtag(&apos;config&apos;, &apos;AW-1053751751&apos;);&#10;    gtag(&apos;config&apos;, &apos;AW-939232542&apos;);&#10;    gtag(&apos;config&apos;, &apos;AW-1070835421&apos;);&#10;    gtag(&apos;config&apos;, &apos;AW-989023685&apos;);&#10;    gtag(&apos;config&apos;, &apos;DC-8836660&apos;);&#10;    gtag(&apos;config&apos;, &apos;UA-30748937-1&apos;);&#10;&lt;/script&gt;&lt;script&gt;_satellite[&quot;__runScript1&quot;](function(event, target) {&#10;if(typeof jQuery==&apos;undefined&apos;) {&#10;    var headTag = document.getElementsByTagName(&quot;head&quot;)[0];&#10;    var jqTag = document.createElement(&apos;script&apos;);&#10;    jqTag.type = &apos;text/javascript&apos;;&#10;    jqTag.src = &apos;//code.jquery.com/jquery-1.12.4.min.js&apos;;&#10;    headTag.appendChild(jqTag);&#10;} &#10;});&lt;/script&gt;&#10;&#10;&#10;    &#10;&#10;&#10;&#10;&#10;    &#10;        &lt;link rel=&quot;stylesheet&quot; href=&quot;/content/dam/credit-repair/common/css/page-pop.css&quot; type=&quot;text/css&quot;&gt;&#10;    &#10;&#10;&#10;&#10;    &#10;&#10;&#10;&#10;&#10;&lt;script src=&quot;/content/dam/credit-repair/common/js/jquery-validate-v1.13.1.min.js&quot;&gt;&lt;/script&gt;&#10;&lt;script type=&quot;text/javascript&quot; src=&quot;/content/dam/credit-repair/common/js/marketing-tracking-LOT.js&quot;&gt;&lt;/script&gt;&#10;&lt;script src=&quot;/content/dam/credit-repair/common/js/vendor/js.cookie.js&quot;&gt;&lt;/script&gt;&#10;&#10;&#10;    &#10;        &lt;script type=&quot;text/javascript&quot; src=&quot;/content/dam/credit-repair/common/js/jquery-validate-v1.13.1.min.js&quot;&gt;&lt;/script&gt;&#10;    &#10;&#10;    &#10;        &lt;script type=&quot;text/javascript&quot; src=&quot;/content/dam/credit-repair/common/js/forms.js&quot;&gt;&lt;/script&gt;&#10;    &#10;&#10;    &#10;        &lt;script type=&quot;text/javascript&quot; src=&quot;/etc.clientlibs/cr/credit-snapshot/components/pages/credit-snapshot/libs/new-flow/prod.min.js&quot;&gt;&lt;/script&gt;&#10;    &#10;&#10;    &#10;        &lt;script type=&quot;text/javascript&quot; src=&quot;/etc.clientlibs/cr/credit-snapshot/components/content/personal-information/new-flow/prod.min.js&quot;&gt;&lt;/script&gt;&#10;    &#10;&#10;    &#10;        &lt;script type=&quot;text/javascript&quot; src=&quot;/content/dam/credit-repair/common/js/pop-page.js&quot;&gt;&lt;/script&gt;&#10;    &#10;&#10;    &#10;        &lt;script type=&quot;text/javascript&quot; src=&quot;/content/dam/credit-repair/common/js/persistent-footer-pop.js&quot;&gt;&lt;/script&gt;&#10;    &#10;&#10;    &#10;        &lt;script type=&quot;text/javascript&quot; src=&quot;/content/dam/credit-repair/home/js/cr-carousels.js&quot;&gt;&lt;/script&gt;&#10;    &#10;&#10;    &#10;        &lt;script type=&quot;text/javascript&quot; src=&quot;/content/dam/credit-repair/home/js/snapshot.js&quot;&gt;&lt;/script&gt;&#10;    &#10;&#10;    &#10;        &lt;script type=&quot;text/javascript&quot; src=&quot;/content/dam/credit-repair/home/js/modal-form.js&quot;&gt;&lt;/script&gt;&#10;    &#10;&#10;&#10;&#10;&#10;&#10;&lt;!--&lt;script type=&quot;text/javascript&quot;&gt;_satellite.pageBottom();&lt;/script&gt;--&gt;&#10;&#10;&lt;p class=&quot;site_bottom_copyright_ref_and_tid&quot; style=&quot;display:none;&quot; id=&quot;footer_tid&quot;&gt;(10004.0.1)&lt;/p&gt;&#10;&#10;&lt;script&gt;_satellite[&quot;__runScript2&quot;](function(event, target) {&#10;var gclidcookie = _satellite.cookie.get(&apos;gclid&apos;)&#10;&#10;if (window.location.search.indexOf(&apos;gclid=&apos;) &gt; -1) {&#10;    function getParameterByName(name, url) {&#10;        if (!url) url = decodeURIComponent(window.location.href);&#10;        name = name.replace(/[\[\]]/g, &apos;\\$&amp;&apos;);&#10;        var regex = new RegExp(&apos;[?&amp;]&apos; + name + &apos;(=([^&amp;#]*)|&amp;|#|$)&apos;),&#10;            results = regex.exec(url);&#10;        if (!results) return null;&#10;        if (!results[2]) return &apos;&apos;;&#10;        return decodeURIComponent(results[2].replace(/\+/g, &apos; &apos;));&#10;    }&#10;    var gclidcookie = getParameterByName(&apos;gclid&apos;);&#10;    document.cookie = &quot;gclid=&quot; + gclidcookie + &quot;;path=/; domain=.creditrepair.com;&quot;;&#10;}&#10;});&lt;/script&gt;&lt;!--&#10;Event snippet for CR Universal RTG Tag on https://www.creditrepair.com/: Please do not remove.&#10;Place this snippet on pages with events you&apos;re tracking. &#10;Creation date: 08/31/2018&#10;--&gt;&#10;&lt;iframe height=&quot;0&quot; width=&quot;0&quot; style=&quot;display: none; visibility: hidden;&quot; src=&quot;https://8836660.fls.doubleclick.net/activityi;src=8836660;type=brows0;cat=cruni0;ord=1;num=1494876552944;gtm=2od9u1;auiddc=887487244.1602548672;u1=%5BLogged%20In%20User%20(Y%2FN)%5D;u2=https%3A%2F%2Fwww.creditrepair.com%2F;~oref=https%3A%2F%2Fwww.creditrepair.com%2F?&quot;&gt;&lt;/iframe&gt;&lt;script&gt;&#10;  gtag(&apos;event&apos;, &apos;conversion&apos;, {&#10;    &apos;allow_custom_scripts&apos;: true,&#10;    &apos;u1&apos;: &apos;[Logged In User (Y\/N)]&apos;,&#10;    &apos;u2&apos;: &apos;https://www.creditrepair.com/&apos;,&#10;    &apos;send_to&apos;: &apos;DC-8836660/brows0/cruni0+unique&apos;&#10;  });&#10;&lt;/script&gt;&#10;&lt;noscript&gt;&lt;/noscript&gt;&#10;&lt;!-- End of event snippet: Please do not remove --&gt;&lt;!--&#10;Event snippet for CR Homepage on https://www.creditrepair.com/: Please do not remove.&#10;Place this snippet on pages with events you&apos;re tracking. &#10;Creation date: 08/31/2018&#10;--&gt;&#10;&lt;iframe height=&quot;0&quot; width=&quot;0&quot; style=&quot;display: none; visibility: hidden;&quot; src=&quot;https://8836660.fls.doubleclick.net/activityi;src=8836660;type=brows0;cat=crhom0;ord=9319240143587;gtm=2od9u1;auiddc=887487244.1602548672;u1=%5BLogged%20In%20User%20(Y%2FN)%5D;~oref=https%3A%2F%2Fwww.creditrepair.com%2F?&quot;&gt;&lt;/iframe&gt;&lt;script&gt;&#10;  gtag(&apos;event&apos;, &apos;conversion&apos;, {&#10;    &apos;allow_custom_scripts&apos;: true,&#10;    &apos;u1&apos;: &apos;[Logged In User (Y\/N)]&apos;,&#10;    &apos;send_to&apos;: &apos;DC-8836660/brows0/crhom0+standard&apos;&#10;  });&#10;&lt;/script&gt;&#10;&lt;noscript&gt;&lt;/noscript&gt;&#10;&lt;!-- End of event snippet: Please do not remove --&gt;&lt;script type=&quot;text/javascript&quot; src=&quot;//static.criteo.net/js/ld/ld.js&quot; async=&quot;true&quot;&gt;&lt;/script&gt;&#10;&lt;script type=&quot;text/javascript&quot;&gt;&#10;window.criteo_q = window.criteo_q || [];&#10;var deviceType= /iPad/.test(navigator.userAgent)?&quot;t&quot;:/Mobile|iP(hone|od)|Android|BlackBerry|IEMobile|Silk/.test(navigator.userAgent)?&quot;m&quot;:&quot;d&quot;;&#10;window.criteo_q.push(&#10;{ event: &quot;setAccount&quot;, account: 35738},&#10;{ event: &quot;setSiteType&quot;, type: deviceType},&#10;{ event: &quot;viewHome&quot;});&#10;&lt;/script&gt;&lt;script&gt;_satellite[&quot;__runScript3&quot;](function(event, target) {&#10;(function(h,o,t,j,a,r){&#10;    h.hj=h.hj||function(){(h.hj.q=h.hj.q||[]).push(arguments)};&#10;    h._hjSettings={hjid:1051427,hjsv:6};&#10;    a=o.getElementsByTagName(&apos;head&apos;)[0];&#10;    r=o.createElement(&apos;script&apos;);r.async=1;&#10;    r.src=t+h._hjSettings.hjid+j+h._hjSettings.hjsv;&#10;    a.appendChild(r);&#10;})(window,document,&apos;https://static.hotjar.com/c/hotjar-&apos;,&apos;.js?sv=&apos;);&#10;});&lt;/script&gt;&lt;script&gt;_satellite[&quot;__runScript4&quot;](function(event, target) {&#10;function whenAvailableInvoca(n){null===TrackingService.number?setTimeout(function(){whenAvailableInvoca(n)},500):n()}function invocaCall(){!function(n,t,a,e){n.InvocaTagId=e;var o=t.createElement(&quot;script&quot;);o.type=&quot;text/javascript&quot;,o.async=!1,o.src=(&quot;https:&quot;===t.location.protocol?&quot;https://&quot;:&quot;http://&quot;)+a;var c=t.getElementsByTagName(&quot;script&quot;)[0];c.parentNode.insertBefore(o,c)}(window,document,&quot;solutions.invocacdn.com/js/pnapi_integration-latest.min.js&quot;,&quot;929/2814517279&quot;)}whenAvailableInvoca(invocaCall);&#10;});&lt;/script&gt;&lt;div id=&quot;criteo-tags-div&quot; style=&quot;display: none;&quot;&gt;&lt;iframe src=&quot;https://gum.criteo.com/syncframe?topUrl=www.creditrepair.com#{&amp;quot;bundle&amp;quot;:{&amp;quot;origin&amp;quot;:0,&amp;quot;value&amp;quot;:null},&amp;quot;cw&amp;quot;:true,&amp;quot;lwid&amp;quot;:{&amp;quot;origin&amp;quot;:0,&amp;quot;value&amp;quot;:null},&amp;quot;optout&amp;quot;:{&amp;quot;origin&amp;quot;:0,&amp;quot;value&amp;quot;:null},&amp;quot;origin&amp;quot;:&amp;quot;onetag&amp;quot;,&amp;quot;pm&amp;quot;:0,&amp;quot;sid&amp;quot;:{&amp;quot;origin&amp;quot;:0,&amp;quot;value&amp;quot;:null},&amp;quot;tld&amp;quot;:&amp;quot;creditrepair.com&amp;quot;,&amp;quot;topUrl&amp;quot;:&amp;quot;www.creditrepair.com&amp;quot;,&amp;quot;uid&amp;quot;:null,&amp;quot;version&amp;quot;:&amp;quot;5_6_2&amp;quot;}&quot; id=&quot;criteo-syncframe&quot; width=&quot;0&quot; height=&quot;0&quot; frameborder=&quot;0&quot; style=&quot;border-width:0px; margin:0px; display:none&quot; title=&quot;Criteo GUM iframe&quot;&gt;&lt;/iframe&gt;&lt;/div&gt;&lt;iframe src=&quot;https://bid.g.doubleclick.net/xbbe/pixel?d=KAE&quot; style=&quot;display: none;&quot;&gt;&lt;/iframe&gt;&lt;iframe height=&quot;0&quot; width=&quot;0&quot; title=&quot;Criteo DIS iframe&quot; style=&quot;display: none;&quot;&gt;&lt;/iframe&gt;&lt;div style=&quot;position:absolute; height:0; text-indent:100%; white-space:nowrap; overflow:hidden;&quot;&gt;&lt;script&gt;(function(w,d,t,r,u){var f,n,i;w[u]=w[u]||[],f=function(){var o={ti:&quot;4049571&quot;};o.q=w[u],w[u]=new UET(o),w[u].push(&quot;pageLoad&quot;)},n=d.createElement(t),n.src=r,n.async=1,n.onload=n.onreadystatechange=function(){var s=this.readyState;s&amp;&amp;s!==&quot;loaded&quot;&amp;&amp;s!==&quot;complete&quot;||(f(),n.onload=n.onreadystatechange=null)},i=d.getElementsByTagName(t)[0],i.parentNode.insertBefore(n,i)})(window,document,&quot;script&quot;,&quot;//bat.bing.com/bat.js&quot;,&quot;uetq&quot;);&lt;/script&gt;&lt;noscript&gt;&lt;img src=&quot;//bat.bing.com/action/0?ti=4049571&amp;Ver=2&quot; height=&quot;0&quot; width=&quot;0&quot; style=&quot;display:none; visibility: hidden;&quot; /&gt;&lt;/noscript&gt;&lt;script type=&quot;text/javascript&quot; src=&quot;//tags.mediaforge.com/js/2041&quot;&gt;&lt;/script&gt;&lt;/div&gt;&lt;script&gt;_satellite[&quot;__runScript5&quot;](function(event, target) {&#10;ADRUM.markVirtualPageBegin(&quot;sign-up-start&quot;,!1);&#10;});&lt;/script&gt;&lt;div style=&quot;width:0px; height:0px; display:none; visibility:hidden;&quot; id=&quot;batBeacon648492407780&quot;&gt;&lt;img style=&quot;width:0px; height:0px; display:none; visibility:hidden;&quot; id=&quot;batBeacon680063349990&quot; width=&quot;0&quot; height=&quot;0&quot; alt=&quot;&quot; src=&quot;https://bat.bing.com/action/0?ti=4049571&amp;amp;Ver=2&amp;amp;mid=300ae091-a669-45ce-a23a-8d3e63eab8cb&amp;amp;sid=7728bdb00cea11ebbc8bd346a84cb2a2&amp;amp;vid=772a3fe00cea11eb9b6d0f9a4b087c1c&amp;amp;vids=0&amp;amp;pi=0&amp;amp;lg=en-US&amp;amp;sw=1680&amp;amp;sh=1050&amp;amp;sc=30&amp;amp;tl=Credit%20Repair%20Services%20-%20CreditRepair.com&amp;amp;p=https%3A%2F%2Fwww.creditrepair.com%2F&amp;amp;r=&amp;amp;lt=1530&amp;amp;evt=pageLoad&amp;amp;msclkid=N&amp;amp;sv=1&amp;amp;rn=719283&quot;&gt;&lt;/div&gt;&lt;!-- Rev content --&gt;&#10;&lt;img src=&quot;//trends.revcontent.com/conv.php?t=IAmXscT3w1CsQyPu1DVGXQySjKpatQ9T30LRyzTxXHfPAhkpewhesFhEJPoBcKWJ&quot; style=&quot;display:none;&quot;&gt;&lt;!-- Dianomi --&gt;&#10;&lt;img src=&quot;https://www.dianomi.com/pixeltrack.pl?t=lexington.law&quot; width=&quot;1&quot; height=&quot;1&quot; style=&quot;display:none;&quot;&gt;&lt;!-- Outbrain --&gt;&#10;&lt;!--&#10;&lt;script data-obct type=&quot;text/javascript&quot;&gt;&#10;    /** DO NOT MODIFY THIS CODE**/&#10;    !function (_window, _document) {&#10;        var OB_ADV_ID = &apos;00e38c17d352f5c974955f8fa3d217cb47&apos;;&#10;        if (_window.obApi) { var toArray = function (object) { return Object.prototype.toString.call(object) === &apos;[object Array]&apos; ? object : [object]; }; _window.obApi.marketerId = toArray(_window.obApi.marketerId).concat(toArray(OB_ADV_ID)); return; }&#10;        var api = _window.obApi = function () { api.dispatch ? api.dispatch.apply(api, arguments) : api.queue.push(arguments); }; api.version = &apos;1.1&apos;; api.loaded = true; api.marketerId = OB_ADV_ID; api.queue = []; var tag = _document.createElement(&apos;script&apos;); tag.async = true; tag.src = &apos;//amplify.outbrain.com/cp/obtp.js&apos;; tag.type = &apos;text/javascript&apos;; var script = _document.getElementsByTagName(&apos;script&apos;)[0]; script.parentNode.insertBefore(tag, script);&#10;    }(window, document);&#10;    obApi(&apos;track&apos;, &apos;PAGE_VIEW&apos;);&#10;    obApi(&apos;track&apos;, &apos;Initiate Call&apos;);&#10;&lt;/script&gt;--&gt;&lt;!-- Yahoo CR --&gt;&#10;&lt;!--&#10;&lt;script type=&quot;application/javascript&quot;&gt;(function (w, d, t, r, u) { w[u] = w[u] || []; w[u].push({ &apos;projectId&apos;: &apos;10000&apos;, &apos;properties&apos;: { &apos;pixelId&apos;: &apos;10000585&apos; } }); var s = d.createElement(t); s.src = r; s.async = true; s.onload = s.onreadystatechange = function () { var y, rs = this.readyState, c = w[u]; if (rs &amp;&amp; rs != &quot;complete&quot; &amp;&amp; rs != &quot;loaded&quot;) { return } try { y = YAHOO.ywa.I13N.fireBeacon; w[u] = []; w[u].push = function (p) { y([p]) }; y(c) } catch (e) { } }; var scr = d.getElementsByTagName(t)[0], par = scr.parentNode; par.insertBefore(s, scr) })(window, document, &quot;script&quot;, &quot;https://s.yimg.com/wi/ytc.js&quot;, &quot;dotq&quot;);&lt;/script&gt;&#10;&lt;script type=&quot;application/javascript&quot;&gt;&#10;    window.dotq = window.dotq || [];&#10;    window.dotq.push(&#10;        {&#10;            &apos;projectId&apos;: &apos;10000&apos;,&#10;            &apos;properties&apos;: {&#10;                &apos;pixelId&apos;: &apos;10000585&apos;,&#10;                &apos;qstrings&apos;: {&#10;                    &apos;ec&apos;: &apos;clickout&apos;,&#10;                }&#10;            }&#10;        }); &#10;&lt;/script&gt;--&gt;&lt;!-- Facebook Pixel Code --&gt;&#10;&lt;script&gt;&#10;    !function (f, b, e, v, n, t, s) {&#10;        if (f.fbq) return; n = f.fbq = function () {&#10;            n.callMethod ?&#10;            n.callMethod.apply(n, arguments) : n.queue.push(arguments)&#10;        };&#10;        if (!f._fbq) f._fbq = n; n.push = n; n.loaded = !0; n.version = &apos;2.0&apos;;&#10;        n.queue = []; t = b.createElement(e); t.async = !0;&#10;        t.src = v; s = b.getElementsByTagName(e)[0];&#10;        s.parentNode.insertBefore(t, s)&#10;    }(window, document, &apos;script&apos;,&#10;        &apos;https://connect.facebook.net/en_US/fbevents.js&apos;);&#10;    fbq(&apos;init&apos;, &apos;1817185775266351&apos;);&#10;    fbq(&apos;track&apos;, &apos;Lead&apos;);&#10;&lt;/script&gt;&#10;&lt;noscript&gt;&lt;/noscript&gt;&lt;!-- Conversion pixel - PowerInbox --&gt;&#10;&lt;script type=&quot;text/javascript&quot;&gt;&#10;    window.pi_params = {};&#10;    pi_params.company_id = &apos;2730&apos;;&#10;   &#10;    (function() {&#10;        var pin = document.createElement(&apos;script&apos;);&#10;        pin.async = true;&#10;        pin.src = &apos;//cdn.powerinboxedge.com/framework/pi-notify.js&apos;;&#10;        var ref = document.getElementsByTagName(&apos;script&apos;)[0];&#10;        ref.parentNode.insertBefore(pin, ref);&#10;    })();&#10;&lt;/script&gt;&lt;!-- Quora Both Brands Clickout --&gt;&#10;&lt;script&gt;&#10;    !function (q, e, v, n, t, s) { if (q.qp) return; n = q.qp = function () { n.qp ? n.qp.apply(n, arguments) : n.queue.push(arguments); }; n.queue = []; t = document.createElement(e); t.async = !0; t.src = v; s = document.getElementsByTagName(e)[0]; s.parentNode.insertBefore(t, s); }(window, &apos;script&apos;, &apos;https://a.quora.com/qevents.js&apos;);&#10;    qp(&apos;init&apos;, &apos;b1dd746139444f4783f4ac3e7264cb31&apos;);&#10;    qp(&apos;track&apos;, &apos;ViewContent&apos;);&#10;    qp(&apos;track&apos;, &apos;GenerateLead&apos;);&#10;&lt;/script&gt;&#10;&lt;noscript&gt;&lt;/noscript&gt;&lt;!-- Reddit Clickout CR --&gt;&#10;&lt;script&gt;&#10;    !function (w, d) { if (!w.rdt) { var p = w.rdt = function () { p.sendEvent ? p.sendEvent.apply(p, arguments) : p.callQueue.push(arguments) }; p.callQueue = []; var t = d.createElement(&quot;script&quot;); t.src = &quot;https://www.redditstatic.com/ads/pixel.js&quot;, t.async = !0; var s = d.getElementsByTagName(&quot;script&quot;)[0]; s.parentNode.insertBefore(t, s) } }(window, document); rdt(&apos;init&apos;, &apos;t2_565yc9q8&apos;); rdt(&apos;track&apos;, &apos;PageVisit&apos;);&#10;&lt;/script&gt;&#10;&lt;script&gt;&#10;    rdt(&apos;track&apos;, &apos;Lead&apos;);&#10;&lt;/script&gt;&lt;img src=&quot;https://pt.ispot.tv/v2/TC-3528-1.gif?app=web&amp;amp;type=submit_info&quot; style=&quot;border:0&quot; alt=&quot;&quot;&gt;&lt;/body&gt;&lt;/html&gt;] but found [bs]" type="java.lang.AssertionError"><![CDATA[java.lang.AssertionError: 
expected [<html style="" class="js backgroundsize cssgradients csstransforms csstransforms3d csstransitions cssremunit wf-sourcesanspro-n4-active wf-sourcesanspro-n7-active wf-sourcesanspro-i7-active wf-sourcesanspro-i4-active wf-sourcesanspro-n3-active wf-worksans-n3-active wf-worksans-n4-active wf-worksans-n7-active wf-active"><head class="at-element-marker">


<meta http-equiv="content-type" content="text/html; charset=UTF-8">
<meta http-equiv="X-UA-Compatible" content="IE=edge,chrome=1">




  <meta name="description" content="Our credit repair services help to fix your credit report. We have helped people take control of their financial lives from across the country. Our track record speaks for itself. Call CreditRepair.com for a free consultation today.">


<meta name="viewport" content="width=device-width,initial-scale=1,maximum-scale=1">


  <meta name="google-site-verification" content="-heGoALby8LFUkNJ1ONh5MqtujnysbIjlxkRwjlsFcE">



  <meta name="robots" content="index,follow">



  <meta name="theme-color" content="#007CB9">



<script src="https://www.redditstatic.com/ads/pixel.js" async=""></script><script async="" src="https://a.quora.com/qevents.js"></script><script async="" src="//cdn.powerinboxedge.com/framework/pi-notify.js"></script><script src="https://connect.facebook.net/signals/config/1817185775266351?v=2.9.27&amp;r=stable" async=""></script><script async="" src="https://connect.facebook.net/en_US/fbevents.js"></script><script type="text/javascript" src="https://solutions.invocacdn.com/js/pnapi_integration-latest.min.js"></script><script src="//bat.bing.com/bat.js" async=""></script><script async="true" type="text/javascript" src="https://sslwidget.criteo.com/event?a=35738&amp;v=5.6.2&amp;p0=e%3Dexd%26site_type%3Dd&amp;p1=e%3Dvh&amp;p2=e%3Ddis&amp;adce=1&amp;tld=creditrepair.com&amp;dtycbr=13342" data-owner="criteo-tag"></script><script type="text/javascript" async="" src="https://www.google-analytics.com/analytics.js"></script><script type="text/javascript" async="" src="https://www.googleadservices.com/pagead/conversion_async.js"></script><script type="text/javascript" async="" src="https://www.googleadservices.com/pagead/conversion_async.js"></script><script type="text/javascript" async="" src="https://www.googleadservices.com/pagead/conversion_async.js"></script><script type="text/javascript" async="" src="https://www.googleadservices.com/pagead/conversion_async.js"></script><script type="text/javascript" async="" src="https://www.googletagmanager.com/gtag/js?id=UA-30748937-1&amp;l=dataLayer&amp;cx=c"></script><script type="text/javascript" async="" src="https://www.googletagmanager.com/gtag/js?id=DC-8836660&amp;l=dataLayer&amp;cx=c"></script><script type="text/javascript" async="" src="https://www.googletagmanager.com/gtag/js?id=AW-989023685&amp;l=dataLayer&amp;cx=c"></script><script type="text/javascript" async="" src="https://www.googletagmanager.com/gtag/js?id=AW-1070835421&amp;l=dataLayer&amp;cx=c"></script><script type="text/javascript" async="" src="https://www.googletagmanager.com/gtag/js?id=AW-939232542&amp;l=dataLayer&amp;cx=c"></script><script type="text/javascript" async="" src="https://www.googletagmanager.com/gtag/js?id=AW-1053751751&amp;l=dataLayer&amp;cx=c"></script><script type="text/javascript" async="" src="https://www.googleadservices.com/pagead/conversion_async.js"></script><script>
  !function(a,b){"object"==typeof module&&"object"==typeof module.exports?module.exports=a.document?b(a,!0):function(a){if(!a.document)throw new Error("jQuery requires a window with a document");return b(a)}:b(a)}("undefined"!=typeof window?window:this,function(a,b){var c=[],d=a.document,e=c.slice,f=c.concat,g=c.push,h=c.indexOf,i={},j=i.toString,k=i.hasOwnProperty,l={},m="2.2.0",n=function(a,b){return new n.fn.init(a,b)},o=/^[\s\uFEFF\xA0]+|[\s\uFEFF\xA0]+$/g,p=/^-ms-/,q=/-([\da-z])/gi,r=function(a,b){return b.toUpperCase()};n.fn=n.prototype={jquery:m,constructor:n,selector:"",length:0,toArray:function(){return e.call(this)},get:function(a){return null!=a?0>a?this[a+this.length]:this[a]:e.call(this)},pushStack:function(a){var b=n.merge(this.constructor(),a);return b.prevObject=this,b.context=this.context,b},each:function(a){return n.each(this,a)},map:function(a){return this.pushStack(n.map(this,function(b,c){return a.call(b,c,b)}))},slice:function(){return this.pushStack(e.apply(this,arguments))},first:function(){return this.eq(0)},last:function(){return this.eq(-1)},eq:function(a){var b=this.length,c=+a+(0>a?b:0);return this.pushStack(c>=0&&b>c?[this[c]]:[])},end:function(){return this.prevObject||this.constructor()},push:g,sort:c.sort,splice:c.splice},n.extend=n.fn.extend=function(){var a,b,c,d,e,f,g=arguments[0]||{},h=1,i=arguments.length,j=!1;for("boolean"==typeof g&&(j=g,g=arguments[h]||{},h++),"object"==typeof g||n.isFunction(g)||(g={}),h===i&&(g=this,h--);i>h;h++)if(null!=(a=arguments[h]))for(b in a)c=g[b],d=a[b],g!==d&&(j&&d&&(n.isPlainObject(d)||(e=n.isArray(d)))?(e?(e=!1,f=c&&n.isArray(c)?c:[]):f=c&&n.isPlainObject(c)?c:{},g[b]=n.extend(j,f,d)):void 0!==d&&(g[b]=d));return g},n.extend({expando:"jQuery"+(m+Math.random()).replace(/\D/g,""),isReady:!0,error:function(a){throw new Error(a)},noop:function(){},isFunction:function(a){return"function"===n.type(a)},isArray:Array.isArray,isWindow:function(a){return null!=a&&a===a.window},isNumeric:function(a){var b=a&&a.toString();return!n.isArray(a)&&b-parseFloat(b)+1>=0},isPlainObject:function(a){return"object"!==n.type(a)||a.nodeType||n.isWindow(a)?!1:a.constructor&&!k.call(a.constructor.prototype,"isPrototypeOf")?!1:!0},isEmptyObject:function(a){var b;for(b in a)return!1;return!0},type:function(a){return null==a?a+"":"object"==typeof a||"function"==typeof a?i[j.call(a)]||"object":typeof a},globalEval:function(a){var b,c=eval;a=n.trim(a),a&&(1===a.indexOf("use strict")?(b=d.createElement("script"),b.text=a,d.head.appendChild(b).parentNode.removeChild(b)):c(a))},camelCase:function(a){return a.replace(p,"ms-").replace(q,r)},nodeName:function(a,b){return a.nodeName&&a.nodeName.toLowerCase()===b.toLowerCase()},each:function(a,b){var c,d=0;if(s(a)){for(c=a.length;c>d;d++)if(b.call(a[d],d,a[d])===!1)break}else for(d in a)if(b.call(a[d],d,a[d])===!1)break;return a},trim:function(a){return null==a?"":(a+"").replace(o,"")},makeArray:function(a,b){var c=b||[];return null!=a&&(s(Object(a))?n.merge(c,"string"==typeof a?[a]:a):g.call(c,a)),c},inArray:function(a,b,c){return null==b?-1:h.call(b,a,c)},merge:function(a,b){for(var c=+b.length,d=0,e=a.length;c>d;d++)a[e++]=b[d];return a.length=e,a},grep:function(a,b,c){for(var d,e=[],f=0,g=a.length,h=!c;g>f;f++)d=!b(a[f],f),d!==h&&e.push(a[f]);return e},map:function(a,b,c){var d,e,g=0,h=[];if(s(a))for(d=a.length;d>g;g++)e=b(a[g],g,c),null!=e&&h.push(e);else for(g in a)e=b(a[g],g,c),null!=e&&h.push(e);return f.apply([],h)},guid:1,proxy:function(a,b){var c,d,f;return"string"==typeof b&&(c=a[b],b=a,a=c),n.isFunction(a)?(d=e.call(arguments,2),f=function(){return a.apply(b||this,d.concat(e.call(arguments)))},f.guid=a.guid=a.guid||n.guid++,f):void 0},now:Date.now,support:l}),"function"==typeof Symbol&&(n.fn[Symbol.iterator]=c[Symbol.iterator]),n.each("Boolean Number String Function Array Date RegExp Object Error Symbol".split(" "),function(a,b){i["[object "+b+"]"]=b.toLowerCase()});function s(a){var b=!!a&&"length"in a&&a.length,c=n.type(a);return"function"===c||n.isWindow(a)?!1:"array"===c||0===b||"number"==typeof b&&b>0&&b-1 in a}var t=function(a){var b,c,d,e,f,g,h,i,j,k,l,m,n,o,p,q,r,s,t,u="sizzle"+1*new Date,v=a.document,w=0,x=0,y=ga(),z=ga(),A=ga(),B=function(a,b){return a===b&&(l=!0),0},C=1<<31,D={}.hasOwnProperty,E=[],F=E.pop,G=E.push,H=E.push,I=E.slice,J=function(a,b){for(var c=0,d=a.length;d>c;c++)if(a[c]===b)return c;return-1},K="checked|selected|async|autofocus|autoplay|controls|defer|disabled|hidden|ismap|loop|multiple|open|readonly|required|scoped",L="[\\x20\\t\\r\\n\\f]",M="(?:\\\\.|[\\w-]|[^\\x00-\\xa0])+",N="\\["+L+"*("+M+")(?:"+L+"*([*^$|!~]?=)"+L+"*(?:'((?:\\\\.|[^\\\\'])*)'|\"((?:\\\\.|[^\\\\\"])*)\"|("+M+"))|)"+L+"*\\]",O=":("+M+")(?:\\((('((?:\\\\.|[^\\\\'])*)'|\"((?:\\\\.|[^\\\\\"])*)\")|((?:\\\\.|[^\\\\()[\\]]|"+N+")*)|.*)\\)|)",P=new RegExp(L+"+","g"),Q=new RegExp("^"+L+"+|((?:^|[^\\\\])(?:\\\\.)*)"+L+"+$","g"),R=new RegExp("^"+L+"*,"+L+"*"),S=new RegExp("^"+L+"*([>+~]|"+L+")"+L+"*"),T=new RegExp("="+L+"*([^\\]'\"]*?)"+L+"*\\]","g"),U=new RegExp(O),V=new RegExp("^"+M+"$"),W={ID:new RegExp("^#("+M+")"),CLASS:new RegExp("^\\.("+M+")"),TAG:new RegExp("^("+M+"|[*])"),ATTR:new RegExp("^"+N),PSEUDO:new RegExp("^"+O),CHILD:new RegExp("^:(only|first|last|nth|nth-last)-(child|of-type)(?:\\("+L+"*(even|odd|(([+-]|)(\\d*)n|)"+L+"*(?:([+-]|)"+L+"*(\\d+)|))"+L+"*\\)|)","i"),bool:new RegExp("^(?:"+K+")$","i"),needsContext:new RegExp("^"+L+"*[>+~]|:(even|odd|eq|gt|lt|nth|first|last)(?:\\("+L+"*((?:-\\d)?\\d*)"+L+"*\\)|)(?=[^-]|$)","i")},X=/^(?:input|select|textarea|button)$/i,Y=/^h\d$/i,Z=/^[^{]+\{\s*\[native \w/,$=/^(?:#([\w-]+)|(\w+)|\.([\w-]+))$/,_=/[+~]/,aa=/'|\\/g,ba=new RegExp("\\\\([\\da-f]{1,6}"+L+"?|("+L+")|.)","ig"),ca=function(a,b,c){var d="0x"+b-65536;return d!==d||c?b:0>d?String.fromCharCode(d+65536):String.fromCharCode(d>>10|55296,1023&d|56320)},da=function(){m()};try{H.apply(E=I.call(v.childNodes),v.childNodes),E[v.childNodes.length].nodeType}catch(ea){H={apply:E.length?function(a,b){G.apply(a,I.call(b))}:function(a,b){var c=a.length,d=0;while(a[c++]=b[d++]);a.length=c-1}}}function fa(a,b,d,e){var f,h,j,k,l,o,r,s,w=b&&b.ownerDocument,x=b?b.nodeType:9;if(d=d||[],"string"!=typeof a||!a||1!==x&&9!==x&&11!==x)return d;if(!e&&((b?b.ownerDocument||b:v)!==n&&m(b),b=b||n,p)){if(11!==x&&(o=$.exec(a)))if(f=o[1]){if(9===x){if(!(j=b.getElementById(f)))return d;if(j.id===f)return d.push(j),d}else if(w&&(j=w.getElementById(f))&&t(b,j)&&j.id===f)return d.push(j),d}else{if(o[2])return H.apply(d,b.getElementsByTagName(a)),d;if((f=o[3])&&c.getElementsByClassName&&b.getElementsByClassName)return H.apply(d,b.getElementsByClassName(f)),d}if(c.qsa&&!A[a+" "]&&(!q||!q.test(a))){if(1!==x)w=b,s=a;else if("object"!==b.nodeName.toLowerCase()){(k=b.getAttribute("id"))?k=k.replace(aa,"\\$&"):b.setAttribute("id",k=u),r=g(a),h=r.length,l=V.test(k)?"#"+k:"[id='"+k+"']";while(h--)r[h]=l+" "+qa(r[h]);s=r.join(","),w=_.test(a)&&oa(b.parentNode)||b}if(s)try{return H.apply(d,w.querySelectorAll(s)),d}catch(y){}finally{k===u&&b.removeAttribute("id")}}}return i(a.replace(Q,"$1"),b,d,e)}function ga(){var a=[];function b(c,e){return a.push(c+" ")>d.cacheLength&&delete b[a.shift()],b[c+" "]=e}return b}function ha(a){return a[u]=!0,a}function ia(a){var b=n.createElement("div");try{return!!a(b)}catch(c){return!1}finally{b.parentNode&&b.parentNode.removeChild(b),b=null}}function ja(a,b){var c=a.split("|"),e=c.length;while(e--)d.attrHandle[c[e]]=b}function ka(a,b){var c=b&&a,d=c&&1===a.nodeType&&1===b.nodeType&&(~b.sourceIndex||C)-(~a.sourceIndex||C);if(d)return d;if(c)while(c=c.nextSibling)if(c===b)return-1;return a?1:-1}function la(a){return function(b){var c=b.nodeName.toLowerCase();return"input"===c&&b.type===a}}function ma(a){return function(b){var c=b.nodeName.toLowerCase();return("input"===c||"button"===c)&&b.type===a}}function na(a){return ha(function(b){return b=+b,ha(function(c,d){var e,f=a([],c.length,b),g=f.length;while(g--)c[e=f[g]]&&(c[e]=!(d[e]=c[e]))})})}function oa(a){return a&&"undefined"!=typeof a.getElementsByTagName&&a}c=fa.support={},f=fa.isXML=function(a){var b=a&&(a.ownerDocument||a).documentElement;return b?"HTML"!==b.nodeName:!1},m=fa.setDocument=function(a){var b,e,g=a?a.ownerDocument||a:v;return g!==n&&9===g.nodeType&&g.documentElement?(n=g,o=n.documentElement,p=!f(n),(e=n.defaultView)&&e.top!==e&&(e.addEventListener?e.addEventListener("unload",da,!1):e.attachEvent&&e.attachEvent("onunload",da)),c.attributes=ia(function(a){return a.className="i",!a.getAttribute("className")}),c.getElementsByTagName=ia(function(a){return a.appendChild(n.createComment("")),!a.getElementsByTagName("*").length}),c.getElementsByClassName=Z.test(n.getElementsByClassName),c.getById=ia(function(a){return o.appendChild(a).id=u,!n.getElementsByName||!n.getElementsByName(u).length}),c.getById?(d.find.ID=function(a,b){if("undefined"!=typeof b.getElementById&&p){var c=b.getElementById(a);return c?[c]:[]}},d.filter.ID=function(a){var b=a.replace(ba,ca);return function(a){return a.getAttribute("id")===b}}):(delete d.find.ID,d.filter.ID=function(a){var b=a.replace(ba,ca);return function(a){var c="undefined"!=typeof a.getAttributeNode&&a.getAttributeNode("id");return c&&c.value===b}}),d.find.TAG=c.getElementsByTagName?function(a,b){return"undefined"!=typeof b.getElementsByTagName?b.getElementsByTagName(a):c.qsa?b.querySelectorAll(a):void 0}:function(a,b){var c,d=[],e=0,f=b.getElementsByTagName(a);if("*"===a){while(c=f[e++])1===c.nodeType&&d.push(c);return d}return f},d.find.CLASS=c.getElementsByClassName&&function(a,b){return"undefined"!=typeof b.getElementsByClassName&&p?b.getElementsByClassName(a):void 0},r=[],q=[],(c.qsa=Z.test(n.querySelectorAll))&&(ia(function(a){o.appendChild(a).innerHTML="<a id='"+u+"'></a><select id='"+u+"-\r\\' msallowcapture=''><option selected=''></option></select>",a.querySelectorAll("[msallowcapture^='']").length&&q.push("[*^$]="+L+"*(?:''|\"\")"),a.querySelectorAll("[selected]").length||q.push("\\["+L+"*(?:value|"+K+")"),a.querySelectorAll("[id~="+u+"-]").length||q.push("~="),a.querySelectorAll(":checked").length||q.push(":checked"),a.querySelectorAll("a#"+u+"+*").length||q.push(".#.+[+~]")}),ia(function(a){var b=n.createElement("input");b.setAttribute("type","hidden"),a.appendChild(b).setAttribute("name","D"),a.querySelectorAll("[name=d]").length&&q.push("name"+L+"*[*^$|!~]?="),a.querySelectorAll(":enabled").length||q.push(":enabled",":disabled"),a.querySelectorAll("*,:x"),q.push(",.*:")})),(c.matchesSelector=Z.test(s=o.matches||o.webkitMatchesSelector||o.mozMatchesSelector||o.oMatchesSelector||o.msMatchesSelector))&&ia(function(a){c.disconnectedMatch=s.call(a,"div"),s.call(a,"[s!='']:x"),r.push("!=",O)}),q=q.length&&new RegExp(q.join("|")),r=r.length&&new RegExp(r.join("|")),b=Z.test(o.compareDocumentPosition),t=b||Z.test(o.contains)?function(a,b){var c=9===a.nodeType?a.documentElement:a,d=b&&b.parentNode;return a===d||!(!d||1!==d.nodeType||!(c.contains?c.contains(d):a.compareDocumentPosition&&16&a.compareDocumentPosition(d)))}:function(a,b){if(b)while(b=b.parentNode)if(b===a)return!0;return!1},B=b?function(a,b){if(a===b)return l=!0,0;var d=!a.compareDocumentPosition-!b.compareDocumentPosition;return d?d:(d=(a.ownerDocument||a)===(b.ownerDocument||b)?a.compareDocumentPosition(b):1,1&d||!c.sortDetached&&b.compareDocumentPosition(a)===d?a===n||a.ownerDocument===v&&t(v,a)?-1:b===n||b.ownerDocument===v&&t(v,b)?1:k?J(k,a)-J(k,b):0:4&d?-1:1)}:function(a,b){if(a===b)return l=!0,0;var c,d=0,e=a.parentNode,f=b.parentNode,g=[a],h=[b];if(!e||!f)return a===n?-1:b===n?1:e?-1:f?1:k?J(k,a)-J(k,b):0;if(e===f)return ka(a,b);c=a;while(c=c.parentNode)g.unshift(c);c=b;while(c=c.parentNode)h.unshift(c);while(g[d]===h[d])d++;return d?ka(g[d],h[d]):g[d]===v?-1:h[d]===v?1:0},n):n},fa.matches=function(a,b){return fa(a,null,null,b)},fa.matchesSelector=function(a,b){if((a.ownerDocument||a)!==n&&m(a),b=b.replace(T,"='$1']"),c.matchesSelector&&p&&!A[b+" "]&&(!r||!r.test(b))&&(!q||!q.test(b)))try{var d=s.call(a,b);if(d||c.disconnectedMatch||a.document&&11!==a.document.nodeType)return d}catch(e){}return fa(b,n,null,[a]).length>0},fa.contains=function(a,b){return(a.ownerDocument||a)!==n&&m(a),t(a,b)},fa.attr=function(a,b){(a.ownerDocument||a)!==n&&m(a);var e=d.attrHandle[b.toLowerCase()],f=e&&D.call(d.attrHandle,b.toLowerCase())?e(a,b,!p):void 0;return void 0!==f?f:c.attributes||!p?a.getAttribute(b):(f=a.getAttributeNode(b))&&f.specified?f.value:null},fa.error=function(a){throw new Error("Syntax error, unrecognized expression: "+a)},fa.uniqueSort=function(a){var b,d=[],e=0,f=0;if(l=!c.detectDuplicates,k=!c.sortStable&&a.slice(0),a.sort(B),l){while(b=a[f++])b===a[f]&&(e=d.push(f));while(e--)a.splice(d[e],1)}return k=null,a},e=fa.getText=function(a){var b,c="",d=0,f=a.nodeType;if(f){if(1===f||9===f||11===f){if("string"==typeof a.textContent)return a.textContent;for(a=a.firstChild;a;a=a.nextSibling)c+=e(a)}else if(3===f||4===f)return a.nodeValue}else while(b=a[d++])c+=e(b);return c},d=fa.selectors={cacheLength:50,createPseudo:ha,match:W,attrHandle:{},find:{},relative:{">":{dir:"parentNode",first:!0}," ":{dir:"parentNode"},"+":{dir:"previousSibling",first:!0},"~":{dir:"previousSibling"}},preFilter:{ATTR:function(a){return a[1]=a[1].replace(ba,ca),a[3]=(a[3]||a[4]||a[5]||"").replace(ba,ca),"~="===a[2]&&(a[3]=" "+a[3]+" "),a.slice(0,4)},CHILD:function(a){return a[1]=a[1].toLowerCase(),"nth"===a[1].slice(0,3)?(a[3]||fa.error(a[0]),a[4]=+(a[4]?a[5]+(a[6]||1):2*("even"===a[3]||"odd"===a[3])),a[5]=+(a[7]+a[8]||"odd"===a[3])):a[3]&&fa.error(a[0]),a},PSEUDO:function(a){var b,c=!a[6]&&a[2];return W.CHILD.test(a[0])?null:(a[3]?a[2]=a[4]||a[5]||"":c&&U.test(c)&&(b=g(c,!0))&&(b=c.indexOf(")",c.length-b)-c.length)&&(a[0]=a[0].slice(0,b),a[2]=c.slice(0,b)),a.slice(0,3))}},filter:{TAG:function(a){var b=a.replace(ba,ca).toLowerCase();return"*"===a?function(){return!0}:function(a){return a.nodeName&&a.nodeName.toLowerCase()===b}},CLASS:function(a){var b=y[a+" "];return b||(b=new RegExp("(^|"+L+")"+a+"("+L+"|$)"))&&y(a,function(a){return b.test("string"==typeof a.className&&a.className||"undefined"!=typeof a.getAttribute&&a.getAttribute("class")||"")})},ATTR:function(a,b,c){return function(d){var e=fa.attr(d,a);return null==e?"!="===b:b?(e+="","="===b?e===c:"!="===b?e!==c:"^="===b?c&&0===e.indexOf(c):"*="===b?c&&e.indexOf(c)>-1:"$="===b?c&&e.slice(-c.length)===c:"~="===b?(" "+e.replace(P," ")+" ").indexOf(c)>-1:"|="===b?e===c||e.slice(0,c.length+1)===c+"-":!1):!0}},CHILD:function(a,b,c,d,e){var f="nth"!==a.slice(0,3),g="last"!==a.slice(-4),h="of-type"===b;return 1===d&&0===e?function(a){return!!a.parentNode}:function(b,c,i){var j,k,l,m,n,o,p=f!==g?"nextSibling":"previousSibling",q=b.parentNode,r=h&&b.nodeName.toLowerCase(),s=!i&&!h,t=!1;if(q){if(f){while(p){m=b;while(m=m[p])if(h?m.nodeName.toLowerCase()===r:1===m.nodeType)return!1;o=p="only"===a&&!o&&"nextSibling"}return!0}if(o=[g?q.firstChild:q.lastChild],g&&s){m=q,l=m[u]||(m[u]={}),k=l[m.uniqueID]||(l[m.uniqueID]={}),j=k[a]||[],n=j[0]===w&&j[1],t=n&&j[2],m=n&&q.childNodes[n];while(m=++n&&m&&m[p]||(t=n=0)||o.pop())if(1===m.nodeType&&++t&&m===b){k[a]=[w,n,t];break}}else if(s&&(m=b,l=m[u]||(m[u]={}),k=l[m.uniqueID]||(l[m.uniqueID]={}),j=k[a]||[],n=j[0]===w&&j[1],t=n),t===!1)while(m=++n&&m&&m[p]||(t=n=0)||o.pop())if((h?m.nodeName.toLowerCase()===r:1===m.nodeType)&&++t&&(s&&(l=m[u]||(m[u]={}),k=l[m.uniqueID]||(l[m.uniqueID]={}),k[a]=[w,t]),m===b))break;return t-=e,t===d||t%d===0&&t/d>=0}}},PSEUDO:function(a,b){var c,e=d.pseudos[a]||d.setFilters[a.toLowerCase()]||fa.error("unsupported pseudo: "+a);return e[u]?e(b):e.length>1?(c=[a,a,"",b],d.setFilters.hasOwnProperty(a.toLowerCase())?ha(function(a,c){var d,f=e(a,b),g=f.length;while(g--)d=J(a,f[g]),a[d]=!(c[d]=f[g])}):function(a){return e(a,0,c)}):e}},pseudos:{not:ha(function(a){var b=[],c=[],d=h(a.replace(Q,"$1"));return d[u]?ha(function(a,b,c,e){var f,g=d(a,null,e,[]),h=a.length;while(h--)(f=g[h])&&(a[h]=!(b[h]=f))}):function(a,e,f){return b[0]=a,d(b,null,f,c),b[0]=null,!c.pop()}}),has:ha(function(a){return function(b){return fa(a,b).length>0}}),contains:ha(function(a){return a=a.replace(ba,ca),function(b){return(b.textContent||b.innerText||e(b)).indexOf(a)>-1}}),lang:ha(function(a){return V.test(a||"")||fa.error("unsupported lang: "+a),a=a.replace(ba,ca).toLowerCase(),function(b){var c;do if(c=p?b.lang:b.getAttribute("xml:lang")||b.getAttribute("lang"))return c=c.toLowerCase(),c===a||0===c.indexOf(a+"-");while((b=b.parentNode)&&1===b.nodeType);return!1}}),target:function(b){var c=a.location&&a.location.hash;return c&&c.slice(1)===b.id},root:function(a){return a===o},focus:function(a){return a===n.activeElement&&(!n.hasFocus||n.hasFocus())&&!!(a.type||a.href||~a.tabIndex)},enabled:function(a){return a.disabled===!1},disabled:function(a){return a.disabled===!0},checked:function(a){var b=a.nodeName.toLowerCase();return"input"===b&&!!a.checked||"option"===b&&!!a.selected},selected:function(a){return a.parentNode&&a.parentNode.selectedIndex,a.selected===!0},empty:function(a){for(a=a.firstChild;a;a=a.nextSibling)if(a.nodeType<6)return!1;return!0},parent:function(a){return!d.pseudos.empty(a)},header:function(a){return Y.test(a.nodeName)},input:function(a){return X.test(a.nodeName)},button:function(a){var b=a.nodeName.toLowerCase();return"input"===b&&"button"===a.type||"button"===b},text:function(a){var b;return"input"===a.nodeName.toLowerCase()&&"text"===a.type&&(null==(b=a.getAttribute("type"))||"text"===b.toLowerCase())},first:na(function(){return[0]}),last:na(function(a,b){return[b-1]}),eq:na(function(a,b,c){return[0>c?c+b:c]}),even:na(function(a,b){for(var c=0;b>c;c+=2)a.push(c);return a}),odd:na(function(a,b){for(var c=1;b>c;c+=2)a.push(c);return a}),lt:na(function(a,b,c){for(var d=0>c?c+b:c;--d>=0;)a.push(d);return a}),gt:na(function(a,b,c){for(var d=0>c?c+b:c;++d<b;)a.push(d);return a})}},d.pseudos.nth=d.pseudos.eq;for(b in{radio:!0,checkbox:!0,file:!0,password:!0,image:!0})d.pseudos[b]=la(b);for(b in{submit:!0,reset:!0})d.pseudos[b]=ma(b);function pa(){}pa.prototype=d.filters=d.pseudos,d.setFilters=new pa,g=fa.tokenize=function(a,b){var c,e,f,g,h,i,j,k=z[a+" "];if(k)return b?0:k.slice(0);h=a,i=[],j=d.preFilter;while(h){(!c||(e=R.exec(h)))&&(e&&(h=h.slice(e[0].length)||h),i.push(f=[])),c=!1,(e=S.exec(h))&&(c=e.shift(),f.push({value:c,type:e[0].replace(Q," ")}),h=h.slice(c.length));for(g in d.filter)!(e=W[g].exec(h))||j[g]&&!(e=j[g](e))||(c=e.shift(),f.push({value:c,type:g,matches:e}),h=h.slice(c.length));if(!c)break}return b?h.length:h?fa.error(a):z(a,i).slice(0)};function qa(a){for(var b=0,c=a.length,d="";c>b;b++)d+=a[b].value;return d}function ra(a,b,c){var d=b.dir,e=c&&"parentNode"===d,f=x++;return b.first?function(b,c,f){while(b=b[d])if(1===b.nodeType||e)return a(b,c,f)}:function(b,c,g){var h,i,j,k=[w,f];if(g){while(b=b[d])if((1===b.nodeType||e)&&a(b,c,g))return!0}else while(b=b[d])if(1===b.nodeType||e){if(j=b[u]||(b[u]={}),i=j[b.uniqueID]||(j[b.uniqueID]={}),(h=i[d])&&h[0]===w&&h[1]===f)return k[2]=h[2];if(i[d]=k,k[2]=a(b,c,g))return!0}}}function sa(a){return a.length>1?function(b,c,d){var e=a.length;while(e--)if(!a[e](b,c,d))return!1;return!0}:a[0]}function ta(a,b,c){for(var d=0,e=b.length;e>d;d++)fa(a,b[d],c);return c}function ua(a,b,c,d,e){for(var f,g=[],h=0,i=a.length,j=null!=b;i>h;h++)(f=a[h])&&(!c||c(f,d,e))&&(g.push(f),j&&b.push(h));return g}function va(a,b,c,d,e,f){return d&&!d[u]&&(d=va(d)),e&&!e[u]&&(e=va(e,f)),ha(function(f,g,h,i){var j,k,l,m=[],n=[],o=g.length,p=f||ta(b||"*",h.nodeType?[h]:h,[]),q=!a||!f&&b?p:ua(p,m,a,h,i),r=c?e||(f?a:o||d)?[]:g:q;if(c&&c(q,r,h,i),d){j=ua(r,n),d(j,[],h,i),k=j.length;while(k--)(l=j[k])&&(r[n[k]]=!(q[n[k]]=l))}if(f){if(e||a){if(e){j=[],k=r.length;while(k--)(l=r[k])&&j.push(q[k]=l);e(null,r=[],j,i)}k=r.length;while(k--)(l=r[k])&&(j=e?J(f,l):m[k])>-1&&(f[j]=!(g[j]=l))}}else r=ua(r===g?r.splice(o,r.length):r),e?e(null,g,r,i):H.apply(g,r)})}function wa(a){for(var b,c,e,f=a.length,g=d.relative[a[0].type],h=g||d.relative[" "],i=g?1:0,k=ra(function(a){return a===b},h,!0),l=ra(function(a){return J(b,a)>-1},h,!0),m=[function(a,c,d){var e=!g&&(d||c!==j)||((b=c).nodeType?k(a,c,d):l(a,c,d));return b=null,e}];f>i;i++)if(c=d.relative[a[i].type])m=[ra(sa(m),c)];else{if(c=d.filter[a[i].type].apply(null,a[i].matches),c[u]){for(e=++i;f>e;e++)if(d.relative[a[e].type])break;return va(i>1&&sa(m),i>1&&qa(a.slice(0,i-1).concat({value:" "===a[i-2].type?"*":""})).replace(Q,"$1"),c,e>i&&wa(a.slice(i,e)),f>e&&wa(a=a.slice(e)),f>e&&qa(a))}m.push(c)}return sa(m)}function xa(a,b){var c=b.length>0,e=a.length>0,f=function(f,g,h,i,k){var l,o,q,r=0,s="0",t=f&&[],u=[],v=j,x=f||e&&d.find.TAG("*",k),y=w+=null==v?1:Math.random()||.1,z=x.length;for(k&&(j=g===n||g||k);s!==z&&null!=(l=x[s]);s++){if(e&&l){o=0,g||l.ownerDocument===n||(m(l),h=!p);while(q=a[o++])if(q(l,g||n,h)){i.push(l);break}k&&(w=y)}c&&((l=!q&&l)&&r--,f&&t.push(l))}if(r+=s,c&&s!==r){o=0;while(q=b[o++])q(t,u,g,h);if(f){if(r>0)while(s--)t[s]||u[s]||(u[s]=F.call(i));u=ua(u)}H.apply(i,u),k&&!f&&u.length>0&&r+b.length>1&&fa.uniqueSort(i)}return k&&(w=y,j=v),t};return c?ha(f):f}return h=fa.compile=function(a,b){var c,d=[],e=[],f=A[a+" "];if(!f){b||(b=g(a)),c=b.length;while(c--)f=wa(b[c]),f[u]?d.push(f):e.push(f);f=A(a,xa(e,d)),f.selector=a}return f},i=fa.select=function(a,b,e,f){var i,j,k,l,m,n="function"==typeof a&&a,o=!f&&g(a=n.selector||a);if(e=e||[],1===o.length){if(j=o[0]=o[0].slice(0),j.length>2&&"ID"===(k=j[0]).type&&c.getById&&9===b.nodeType&&p&&d.relative[j[1].type]){if(b=(d.find.ID(k.matches[0].replace(ba,ca),b)||[])[0],!b)return e;n&&(b=b.parentNode),a=a.slice(j.shift().value.length)}i=W.needsContext.test(a)?0:j.length;while(i--){if(k=j[i],d.relative[l=k.type])break;if((m=d.find[l])&&(f=m(k.matches[0].replace(ba,ca),_.test(j[0].type)&&oa(b.parentNode)||b))){if(j.splice(i,1),a=f.length&&qa(j),!a)return H.apply(e,f),e;break}}}return(n||h(a,o))(f,b,!p,e,!b||_.test(a)&&oa(b.parentNode)||b),e},c.sortStable=u.split("").sort(B).join("")===u,c.detectDuplicates=!!l,m(),c.sortDetached=ia(function(a){return 1&a.compareDocumentPosition(n.createElement("div"))}),ia(function(a){return a.innerHTML="<a href='#'></a>","#"===a.firstChild.getAttribute("href")})||ja("type|href|height|width",function(a,b,c){return c?void 0:a.getAttribute(b,"type"===b.toLowerCase()?1:2)}),c.attributes&&ia(function(a){return a.innerHTML="<input/>",a.firstChild.setAttribute("value",""),""===a.firstChild.getAttribute("value")})||ja("value",function(a,b,c){return c||"input"!==a.nodeName.toLowerCase()?void 0:a.defaultValue}),ia(function(a){return null==a.getAttribute("disabled")})||ja(K,function(a,b,c){var d;return c?void 0:a[b]===!0?b.toLowerCase():(d=a.getAttributeNode(b))&&d.specified?d.value:null}),fa}(a);n.find=t,n.expr=t.selectors,n.expr[":"]=n.expr.pseudos,n.uniqueSort=n.unique=t.uniqueSort,n.text=t.getText,n.isXMLDoc=t.isXML,n.contains=t.contains;var u=function(a,b,c){var d=[],e=void 0!==c;while((a=a[b])&&9!==a.nodeType)if(1===a.nodeType){if(e&&n(a).is(c))break;d.push(a)}return d},v=function(a,b){for(var c=[];a;a=a.nextSibling)1===a.nodeType&&a!==b&&c.push(a);return c},w=n.expr.match.needsContext,x=/^<([\w-]+)\s*\/?>(?:<\/\1>|)$/,y=/^.[^:#\[\.,]*$/;function z(a,b,c){if(n.isFunction(b))return n.grep(a,function(a,d){return!!b.call(a,d,a)!==c});if(b.nodeType)return n.grep(a,function(a){return a===b!==c});if("string"==typeof b){if(y.test(b))return n.filter(b,a,c);b=n.filter(b,a)}return n.grep(a,function(a){return h.call(b,a)>-1!==c})}n.filter=function(a,b,c){var d=b[0];return c&&(a=":not("+a+")"),1===b.length&&1===d.nodeType?n.find.matchesSelector(d,a)?[d]:[]:n.find.matches(a,n.grep(b,function(a){return 1===a.nodeType}))},n.fn.extend({find:function(a){var b,c=this.length,d=[],e=this;if("string"!=typeof a)return this.pushStack(n(a).filter(function(){for(b=0;c>b;b++)if(n.contains(e[b],this))return!0}));for(b=0;c>b;b++)n.find(a,e[b],d);return d=this.pushStack(c>1?n.unique(d):d),d.selector=this.selector?this.selector+" "+a:a,d},filter:function(a){return this.pushStack(z(this,a||[],!1))},not:function(a){return this.pushStack(z(this,a||[],!0))},is:function(a){return!!z(this,"string"==typeof a&&w.test(a)?n(a):a||[],!1).length}});var A,B=/^(?:\s*(<[\w\W]+>)[^>]*|#([\w-]*))$/,C=n.fn.init=function(a,b,c){var e,f;if(!a)return this;if(c=c||A,"string"==typeof a){if(e="<"===a[0]&&">"===a[a.length-1]&&a.length>=3?[null,a,null]:B.exec(a),!e||!e[1]&&b)return!b||b.jquery?(b||c).find(a):this.constructor(b).find(a);if(e[1]){if(b=b instanceof n?b[0]:b,n.merge(this,n.parseHTML(e[1],b&&b.nodeType?b.ownerDocument||b:d,!0)),x.test(e[1])&&n.isPlainObject(b))for(e in b)n.isFunction(this[e])?this[e](b[e]):this.attr(e,b[e]);return this}return f=d.getElementById(e[2]),f&&f.parentNode&&(this.length=1,this[0]=f),this.context=d,this.selector=a,this}return a.nodeType?(this.context=this[0]=a,this.length=1,this):n.isFunction(a)?void 0!==c.ready?c.ready(a):a(n):(void 0!==a.selector&&(this.selector=a.selector,this.context=a.context),n.makeArray(a,this))};C.prototype=n.fn,A=n(d);var D=/^(?:parents|prev(?:Until|All))/,E={children:!0,contents:!0,next:!0,prev:!0};n.fn.extend({has:function(a){var b=n(a,this),c=b.length;return this.filter(function(){for(var a=0;c>a;a++)if(n.contains(this,b[a]))return!0})},closest:function(a,b){for(var c,d=0,e=this.length,f=[],g=w.test(a)||"string"!=typeof a?n(a,b||this.context):0;e>d;d++)for(c=this[d];c&&c!==b;c=c.parentNode)if(c.nodeType<11&&(g?g.index(c)>-1:1===c.nodeType&&n.find.matchesSelector(c,a))){f.push(c);break}return this.pushStack(f.length>1?n.uniqueSort(f):f)},index:function(a){return a?"string"==typeof a?h.call(n(a),this[0]):h.call(this,a.jquery?a[0]:a):this[0]&&this[0].parentNode?this.first().prevAll().length:-1},add:function(a,b){return this.pushStack(n.uniqueSort(n.merge(this.get(),n(a,b))))},addBack:function(a){return this.add(null==a?this.prevObject:this.prevObject.filter(a))}});function F(a,b){while((a=a[b])&&1!==a.nodeType);return a}n.each({parent:function(a){var b=a.parentNode;return b&&11!==b.nodeType?b:null},parents:function(a){return u(a,"parentNode")},parentsUntil:function(a,b,c){return u(a,"parentNode",c)},next:function(a){return F(a,"nextSibling")},prev:function(a){return F(a,"previousSibling")},nextAll:function(a){return u(a,"nextSibling")},prevAll:function(a){return u(a,"previousSibling")},nextUntil:function(a,b,c){return u(a,"nextSibling",c)},prevUntil:function(a,b,c){return u(a,"previousSibling",c)},siblings:function(a){return v((a.parentNode||{}).firstChild,a)},children:function(a){return v(a.firstChild)},contents:function(a){return a.contentDocument||n.merge([],a.childNodes)}},function(a,b){n.fn[a]=function(c,d){var e=n.map(this,b,c);return"Until"!==a.slice(-5)&&(d=c),d&&"string"==typeof d&&(e=n.filter(d,e)),this.length>1&&(E[a]||n.uniqueSort(e),D.test(a)&&e.reverse()),this.pushStack(e)}});var G=/\S+/g;function H(a){var b={};return n.each(a.match(G)||[],function(a,c){b[c]=!0}),b}n.Callbacks=function(a){a="string"==typeof a?H(a):n.extend({},a);var b,c,d,e,f=[],g=[],h=-1,i=function(){for(e=a.once,d=b=!0;g.length;h=-1){c=g.shift();while(++h<f.length)f[h].apply(c[0],c[1])===!1&&a.stopOnFalse&&(h=f.length,c=!1)}a.memory||(c=!1),b=!1,e&&(f=c?[]:"")},j={add:function(){return f&&(c&&!b&&(h=f.length-1,g.push(c)),function d(b){n.each(b,function(b,c){n.isFunction(c)?a.unique&&j.has(c)||f.push(c):c&&c.length&&"string"!==n.type(c)&&d(c)})}(arguments),c&&!b&&i()),this},remove:function(){return n.each(arguments,function(a,b){var c;while((c=n.inArray(b,f,c))>-1)f.splice(c,1),h>=c&&h--}),this},has:function(a){return a?n.inArray(a,f)>-1:f.length>0},empty:function(){return f&&(f=[]),this},disable:function(){return e=g=[],f=c="",this},disabled:function(){return!f},lock:function(){return e=g=[],c||(f=c=""),this},locked:function(){return!!e},fireWith:function(a,c){return e||(c=c||[],c=[a,c.slice?c.slice():c],g.push(c),b||i()),this},fire:function(){return j.fireWith(this,arguments),this},fired:function(){return!!d}};return j},n.extend({Deferred:function(a){var b=[["resolve","done",n.Callbacks("once memory"),"resolved"],["reject","fail",n.Callbacks("once memory"),"rejected"],["notify","progress",n.Callbacks("memory")]],c="pending",d={state:function(){return c},always:function(){return e.done(arguments).fail(arguments),this},then:function(){var a=arguments;return n.Deferred(function(c){n.each(b,function(b,f){var g=n.isFunction(a[b])&&a[b];e[f[1]](function(){var a=g&&g.apply(this,arguments);a&&n.isFunction(a.promise)?a.promise().progress(c.notify).done(c.resolve).fail(c.reject):c[f[0]+"With"](this===d?c.promise():this,g?[a]:arguments)})}),a=null}).promise()},promise:function(a){return null!=a?n.extend(a,d):d}},e={};return d.pipe=d.then,n.each(b,function(a,f){var g=f[2],h=f[3];d[f[1]]=g.add,h&&g.add(function(){c=h},b[1^a][2].disable,b[2][2].lock),e[f[0]]=function(){return e[f[0]+"With"](this===e?d:this,arguments),this},e[f[0]+"With"]=g.fireWith}),d.promise(e),a&&a.call(e,e),e},when:function(a){var b=0,c=e.call(arguments),d=c.length,f=1!==d||a&&n.isFunction(a.promise)?d:0,g=1===f?a:n.Deferred(),h=function(a,b,c){return function(d){b[a]=this,c[a]=arguments.length>1?e.call(arguments):d,c===i?g.notifyWith(b,c):--f||g.resolveWith(b,c)}},i,j,k;if(d>1)for(i=new Array(d),j=new Array(d),k=new Array(d);d>b;b++)c[b]&&n.isFunction(c[b].promise)?c[b].promise().progress(h(b,j,i)).done(h(b,k,c)).fail(g.reject):--f;return f||g.resolveWith(k,c),g.promise()}});var I;n.fn.ready=function(a){return n.ready.promise().done(a),this},n.extend({isReady:!1,readyWait:1,holdReady:function(a){a?n.readyWait++:n.ready(!0)},ready:function(a){(a===!0?--n.readyWait:n.isReady)||(n.isReady=!0,a!==!0&&--n.readyWait>0||(I.resolveWith(d,[n]),n.fn.triggerHandler&&(n(d).triggerHandler("ready"),n(d).off("ready"))))}});function J(){d.removeEventListener("DOMContentLoaded",J),a.removeEventListener("load",J),n.ready()}n.ready.promise=function(b){return I||(I=n.Deferred(),"complete"===d.readyState||"loading"!==d.readyState&&!d.documentElement.doScroll?a.setTimeout(n.ready):(d.addEventListener("DOMContentLoaded",J),a.addEventListener("load",J))),I.promise(b)},n.ready.promise();var K=function(a,b,c,d,e,f,g){var h=0,i=a.length,j=null==c;if("object"===n.type(c)){e=!0;for(h in c)K(a,b,h,c[h],!0,f,g)}else if(void 0!==d&&(e=!0,n.isFunction(d)||(g=!0),j&&(g?(b.call(a,d),b=null):(j=b,b=function(a,b,c){return j.call(n(a),c)})),b))for(;i>h;h++)b(a[h],c,g?d:d.call(a[h],h,b(a[h],c)));return e?a:j?b.call(a):i?b(a[0],c):f},L=function(a){return 1===a.nodeType||9===a.nodeType||!+a.nodeType};function M(){this.expando=n.expando+M.uid++}M.uid=1,M.prototype={register:function(a,b){var c=b||{};return a.nodeType?a[this.expando]=c:Object.defineProperty(a,this.expando,{value:c,writable:!0,configurable:!0}),a[this.expando]},cache:function(a){if(!L(a))return{};var b=a[this.expando];return b||(b={},L(a)&&(a.nodeType?a[this.expando]=b:Object.defineProperty(a,this.expando,{value:b,configurable:!0}))),b},set:function(a,b,c){var d,e=this.cache(a);if("string"==typeof b)e[b]=c;else for(d in b)e[d]=b[d];return e},get:function(a,b){return void 0===b?this.cache(a):a[this.expando]&&a[this.expando][b]},access:function(a,b,c){var d;return void 0===b||b&&"string"==typeof b&&void 0===c?(d=this.get(a,b),void 0!==d?d:this.get(a,n.camelCase(b))):(this.set(a,b,c),void 0!==c?c:b)},remove:function(a,b){var c,d,e,f=a[this.expando];if(void 0!==f){if(void 0===b)this.register(a);else{n.isArray(b)?d=b.concat(b.map(n.camelCase)):(e=n.camelCase(b),b in f?d=[b,e]:(d=e,d=d in f?[d]:d.match(G)||[])),c=d.length;while(c--)delete f[d[c]]}(void 0===b||n.isEmptyObject(f))&&(a.nodeType?a[this.expando]=void 0:delete a[this.expando])}},hasData:function(a){var b=a[this.expando];return void 0!==b&&!n.isEmptyObject(b)}};var N=new M,O=new M,P=/^(?:\{[\w\W]*\}|\[[\w\W]*\])$/,Q=/[A-Z]/g;function R(a,b,c){var d;if(void 0===c&&1===a.nodeType)if(d="data-"+b.replace(Q,"-$&").toLowerCase(),c=a.getAttribute(d),"string"==typeof c){try{c="true"===c?!0:"false"===c?!1:"null"===c?null:+c+""===c?+c:P.test(c)?n.parseJSON(c):c}catch(e){}O.set(a,b,c);
  }else c=void 0;return c}n.extend({hasData:function(a){return O.hasData(a)||N.hasData(a)},data:function(a,b,c){return O.access(a,b,c)},removeData:function(a,b){O.remove(a,b)},_data:function(a,b,c){return N.access(a,b,c)},_removeData:function(a,b){N.remove(a,b)}}),n.fn.extend({data:function(a,b){var c,d,e,f=this[0],g=f&&f.attributes;if(void 0===a){if(this.length&&(e=O.get(f),1===f.nodeType&&!N.get(f,"hasDataAttrs"))){c=g.length;while(c--)g[c]&&(d=g[c].name,0===d.indexOf("data-")&&(d=n.camelCase(d.slice(5)),R(f,d,e[d])));N.set(f,"hasDataAttrs",!0)}return e}return"object"==typeof a?this.each(function(){O.set(this,a)}):K(this,function(b){var c,d;if(f&&void 0===b){if(c=O.get(f,a)||O.get(f,a.replace(Q,"-$&").toLowerCase()),void 0!==c)return c;if(d=n.camelCase(a),c=O.get(f,d),void 0!==c)return c;if(c=R(f,d,void 0),void 0!==c)return c}else d=n.camelCase(a),this.each(function(){var c=O.get(this,d);O.set(this,d,b),a.indexOf("-")>-1&&void 0!==c&&O.set(this,a,b)})},null,b,arguments.length>1,null,!0)},removeData:function(a){return this.each(function(){O.remove(this,a)})}}),n.extend({queue:function(a,b,c){var d;return a?(b=(b||"fx")+"queue",d=N.get(a,b),c&&(!d||n.isArray(c)?d=N.access(a,b,n.makeArray(c)):d.push(c)),d||[]):void 0},dequeue:function(a,b){b=b||"fx";var c=n.queue(a,b),d=c.length,e=c.shift(),f=n._queueHooks(a,b),g=function(){n.dequeue(a,b)};"inprogress"===e&&(e=c.shift(),d--),e&&("fx"===b&&c.unshift("inprogress"),delete f.stop,e.call(a,g,f)),!d&&f&&f.empty.fire()},_queueHooks:function(a,b){var c=b+"queueHooks";return N.get(a,c)||N.access(a,c,{empty:n.Callbacks("once memory").add(function(){N.remove(a,[b+"queue",c])})})}}),n.fn.extend({queue:function(a,b){var c=2;return"string"!=typeof a&&(b=a,a="fx",c--),arguments.length<c?n.queue(this[0],a):void 0===b?this:this.each(function(){var c=n.queue(this,a,b);n._queueHooks(this,a),"fx"===a&&"inprogress"!==c[0]&&n.dequeue(this,a)})},dequeue:function(a){return this.each(function(){n.dequeue(this,a)})},clearQueue:function(a){return this.queue(a||"fx",[])},promise:function(a,b){var c,d=1,e=n.Deferred(),f=this,g=this.length,h=function(){--d||e.resolveWith(f,[f])};"string"!=typeof a&&(b=a,a=void 0),a=a||"fx";while(g--)c=N.get(f[g],a+"queueHooks"),c&&c.empty&&(d++,c.empty.add(h));return h(),e.promise(b)}});var S=/[+-]?(?:\d*\.|)\d+(?:[eE][+-]?\d+|)/.source,T=new RegExp("^(?:([+-])=|)("+S+")([a-z%]*)$","i"),U=["Top","Right","Bottom","Left"],V=function(a,b){return a=b||a,"none"===n.css(a,"display")||!n.contains(a.ownerDocument,a)};function W(a,b,c,d){var e,f=1,g=20,h=d?function(){return d.cur()}:function(){return n.css(a,b,"")},i=h(),j=c&&c[3]||(n.cssNumber[b]?"":"px"),k=(n.cssNumber[b]||"px"!==j&&+i)&&T.exec(n.css(a,b));if(k&&k[3]!==j){j=j||k[3],c=c||[],k=+i||1;do f=f||".5",k/=f,n.style(a,b,k+j);while(f!==(f=h()/i)&&1!==f&&--g)}return c&&(k=+k||+i||0,e=c[1]?k+(c[1]+1)*c[2]:+c[2],d&&(d.unit=j,d.start=k,d.end=e)),e}var X=/^(?:checkbox|radio)$/i,Y=/<([\w:-]+)/,Z=/^$|\/(?:java|ecma)script/i,$={option:[1,"<select multiple='multiple'>","</select>"],thead:[1,"<table>","</table>"],col:[2,"<table><colgroup>","</colgroup></table>"],tr:[2,"<table><tbody>","</tbody></table>"],td:[3,"<table><tbody><tr>","</tr></tbody></table>"],_default:[0,"",""]};$.optgroup=$.option,$.tbody=$.tfoot=$.colgroup=$.caption=$.thead,$.th=$.td;function _(a,b){var c="undefined"!=typeof a.getElementsByTagName?a.getElementsByTagName(b||"*"):"undefined"!=typeof a.querySelectorAll?a.querySelectorAll(b||"*"):[];return void 0===b||b&&n.nodeName(a,b)?n.merge([a],c):c}function aa(a,b){for(var c=0,d=a.length;d>c;c++)N.set(a[c],"globalEval",!b||N.get(b[c],"globalEval"))}var ba=/<|&#?\w+;/;function ca(a,b,c,d,e){for(var f,g,h,i,j,k,l=b.createDocumentFragment(),m=[],o=0,p=a.length;p>o;o++)if(f=a[o],f||0===f)if("object"===n.type(f))n.merge(m,f.nodeType?[f]:f);else if(ba.test(f)){g=g||l.appendChild(b.createElement("div")),h=(Y.exec(f)||["",""])[1].toLowerCase(),i=$[h]||$._default,g.innerHTML=i[1]+n.htmlPrefilter(f)+i[2],k=i[0];while(k--)g=g.lastChild;n.merge(m,g.childNodes),g=l.firstChild,g.textContent=""}else m.push(b.createTextNode(f));l.textContent="",o=0;while(f=m[o++])if(d&&n.inArray(f,d)>-1)e&&e.push(f);else if(j=n.contains(f.ownerDocument,f),g=_(l.appendChild(f),"script"),j&&aa(g),c){k=0;while(f=g[k++])Z.test(f.type||"")&&c.push(f)}return l}!function(){var a=d.createDocumentFragment(),b=a.appendChild(d.createElement("div")),c=d.createElement("input");c.setAttribute("type","radio"),c.setAttribute("checked","checked"),c.setAttribute("name","t"),b.appendChild(c),l.checkClone=b.cloneNode(!0).cloneNode(!0).lastChild.checked,b.innerHTML="<textarea>x</textarea>",l.noCloneChecked=!!b.cloneNode(!0).lastChild.defaultValue}();var da=/^key/,ea=/^(?:mouse|pointer|contextmenu|drag|drop)|click/,fa=/^([^.]*)(?:\.(.+)|)/;function ga(){return!0}function ha(){return!1}function ia(){try{return d.activeElement}catch(a){}}function ja(a,b,c,d,e,f){var g,h;if("object"==typeof b){"string"!=typeof c&&(d=d||c,c=void 0);for(h in b)ja(a,h,c,d,b[h],f);return a}if(null==d&&null==e?(e=c,d=c=void 0):null==e&&("string"==typeof c?(e=d,d=void 0):(e=d,d=c,c=void 0)),e===!1)e=ha;else if(!e)return this;return 1===f&&(g=e,e=function(a){return n().off(a),g.apply(this,arguments)},e.guid=g.guid||(g.guid=n.guid++)),a.each(function(){n.event.add(this,b,e,d,c)})}n.event={global:{},add:function(a,b,c,d,e){var f,g,h,i,j,k,l,m,o,p,q,r=N.get(a);if(r){c.handler&&(f=c,c=f.handler,e=f.selector),c.guid||(c.guid=n.guid++),(i=r.events)||(i=r.events={}),(g=r.handle)||(g=r.handle=function(b){return"undefined"!=typeof n&&n.event.triggered!==b.type?n.event.dispatch.apply(a,arguments):void 0}),b=(b||"").match(G)||[""],j=b.length;while(j--)h=fa.exec(b[j])||[],o=q=h[1],p=(h[2]||"").split(".").sort(),o&&(l=n.event.special[o]||{},o=(e?l.delegateType:l.bindType)||o,l=n.event.special[o]||{},k=n.extend({type:o,origType:q,data:d,handler:c,guid:c.guid,selector:e,needsContext:e&&n.expr.match.needsContext.test(e),namespace:p.join(".")},f),(m=i[o])||(m=i[o]=[],m.delegateCount=0,l.setup&&l.setup.call(a,d,p,g)!==!1||a.addEventListener&&a.addEventListener(o,g)),l.add&&(l.add.call(a,k),k.handler.guid||(k.handler.guid=c.guid)),e?m.splice(m.delegateCount++,0,k):m.push(k),n.event.global[o]=!0)}},remove:function(a,b,c,d,e){var f,g,h,i,j,k,l,m,o,p,q,r=N.hasData(a)&&N.get(a);if(r&&(i=r.events)){b=(b||"").match(G)||[""],j=b.length;while(j--)if(h=fa.exec(b[j])||[],o=q=h[1],p=(h[2]||"").split(".").sort(),o){l=n.event.special[o]||{},o=(d?l.delegateType:l.bindType)||o,m=i[o]||[],h=h[2]&&new RegExp("(^|\\.)"+p.join("\\.(?:.*\\.|)")+"(\\.|$)"),g=f=m.length;while(f--)k=m[f],!e&&q!==k.origType||c&&c.guid!==k.guid||h&&!h.test(k.namespace)||d&&d!==k.selector&&("**"!==d||!k.selector)||(m.splice(f,1),k.selector&&m.delegateCount--,l.remove&&l.remove.call(a,k));g&&!m.length&&(l.teardown&&l.teardown.call(a,p,r.handle)!==!1||n.removeEvent(a,o,r.handle),delete i[o])}else for(o in i)n.event.remove(a,o+b[j],c,d,!0);n.isEmptyObject(i)&&N.remove(a,"handle events")}},dispatch:function(a){a=n.event.fix(a);var b,c,d,f,g,h=[],i=e.call(arguments),j=(N.get(this,"events")||{})[a.type]||[],k=n.event.special[a.type]||{};if(i[0]=a,a.delegateTarget=this,!k.preDispatch||k.preDispatch.call(this,a)!==!1){h=n.event.handlers.call(this,a,j),b=0;while((f=h[b++])&&!a.isPropagationStopped()){a.currentTarget=f.elem,c=0;while((g=f.handlers[c++])&&!a.isImmediatePropagationStopped())(!a.rnamespace||a.rnamespace.test(g.namespace))&&(a.handleObj=g,a.data=g.data,d=((n.event.special[g.origType]||{}).handle||g.handler).apply(f.elem,i),void 0!==d&&(a.result=d)===!1&&(a.preventDefault(),a.stopPropagation()))}return k.postDispatch&&k.postDispatch.call(this,a),a.result}},handlers:function(a,b){var c,d,e,f,g=[],h=b.delegateCount,i=a.target;if(h&&i.nodeType&&("click"!==a.type||isNaN(a.button)||a.button<1))for(;i!==this;i=i.parentNode||this)if(1===i.nodeType&&(i.disabled!==!0||"click"!==a.type)){for(d=[],c=0;h>c;c++)f=b[c],e=f.selector+" ",void 0===d[e]&&(d[e]=f.needsContext?n(e,this).index(i)>-1:n.find(e,this,null,[i]).length),d[e]&&d.push(f);d.length&&g.push({elem:i,handlers:d})}return h<b.length&&g.push({elem:this,handlers:b.slice(h)}),g},props:"altKey bubbles cancelable ctrlKey currentTarget detail eventPhase metaKey relatedTarget shiftKey target timeStamp view which".split(" "),fixHooks:{},keyHooks:{props:"char charCode key keyCode".split(" "),filter:function(a,b){return null==a.which&&(a.which=null!=b.charCode?b.charCode:b.keyCode),a}},mouseHooks:{props:"button buttons clientX clientY offsetX offsetY pageX pageY screenX screenY toElement".split(" "),filter:function(a,b){var c,e,f,g=b.button;return null==a.pageX&&null!=b.clientX&&(c=a.target.ownerDocument||d,e=c.documentElement,f=c.body,a.pageX=b.clientX+(e&&e.scrollLeft||f&&f.scrollLeft||0)-(e&&e.clientLeft||f&&f.clientLeft||0),a.pageY=b.clientY+(e&&e.scrollTop||f&&f.scrollTop||0)-(e&&e.clientTop||f&&f.clientTop||0)),a.which||void 0===g||(a.which=1&g?1:2&g?3:4&g?2:0),a}},fix:function(a){if(a[n.expando])return a;var b,c,e,f=a.type,g=a,h=this.fixHooks[f];h||(this.fixHooks[f]=h=ea.test(f)?this.mouseHooks:da.test(f)?this.keyHooks:{}),e=h.props?this.props.concat(h.props):this.props,a=new n.Event(g),b=e.length;while(b--)c=e[b],a[c]=g[c];return a.target||(a.target=d),3===a.target.nodeType&&(a.target=a.target.parentNode),h.filter?h.filter(a,g):a},special:{load:{noBubble:!0},focus:{trigger:function(){return this!==ia()&&this.focus?(this.focus(),!1):void 0},delegateType:"focusin"},blur:{trigger:function(){return this===ia()&&this.blur?(this.blur(),!1):void 0},delegateType:"focusout"},click:{trigger:function(){return"checkbox"===this.type&&this.click&&n.nodeName(this,"input")?(this.click(),!1):void 0},_default:function(a){return n.nodeName(a.target,"a")}},beforeunload:{postDispatch:function(a){void 0!==a.result&&a.originalEvent&&(a.originalEvent.returnValue=a.result)}}}},n.removeEvent=function(a,b,c){a.removeEventListener&&a.removeEventListener(b,c)},n.Event=function(a,b){return this instanceof n.Event?(a&&a.type?(this.originalEvent=a,this.type=a.type,this.isDefaultPrevented=a.defaultPrevented||void 0===a.defaultPrevented&&a.returnValue===!1?ga:ha):this.type=a,b&&n.extend(this,b),this.timeStamp=a&&a.timeStamp||n.now(),void(this[n.expando]=!0)):new n.Event(a,b)},n.Event.prototype={constructor:n.Event,isDefaultPrevented:ha,isPropagationStopped:ha,isImmediatePropagationStopped:ha,preventDefault:function(){var a=this.originalEvent;this.isDefaultPrevented=ga,a&&a.preventDefault()},stopPropagation:function(){var a=this.originalEvent;this.isPropagationStopped=ga,a&&a.stopPropagation()},stopImmediatePropagation:function(){var a=this.originalEvent;this.isImmediatePropagationStopped=ga,a&&a.stopImmediatePropagation(),this.stopPropagation()}},n.each({mouseenter:"mouseover",mouseleave:"mouseout",pointerenter:"pointerover",pointerleave:"pointerout"},function(a,b){n.event.special[a]={delegateType:b,bindType:b,handle:function(a){var c,d=this,e=a.relatedTarget,f=a.handleObj;return(!e||e!==d&&!n.contains(d,e))&&(a.type=f.origType,c=f.handler.apply(this,arguments),a.type=b),c}}}),n.fn.extend({on:function(a,b,c,d){return ja(this,a,b,c,d)},one:function(a,b,c,d){return ja(this,a,b,c,d,1)},off:function(a,b,c){var d,e;if(a&&a.preventDefault&&a.handleObj)return d=a.handleObj,n(a.delegateTarget).off(d.namespace?d.origType+"."+d.namespace:d.origType,d.selector,d.handler),this;if("object"==typeof a){for(e in a)this.off(e,b,a[e]);return this}return(b===!1||"function"==typeof b)&&(c=b,b=void 0),c===!1&&(c=ha),this.each(function(){n.event.remove(this,a,c,b)})}});var ka=/<(?!area|br|col|embed|hr|img|input|link|meta|param)(([\w:-]+)[^>]*)\/>/gi,la=/<script|<style|<link/i,ma=/checked\s*(?:[^=]|=\s*.checked.)/i,na=/^true\/(.*)/,oa=/^\s*<!(?:\[CDATA\[|--)|(?:\]\]|--)>\s*$/g;function pa(a,b){return n.nodeName(a,"table")&&n.nodeName(11!==b.nodeType?b:b.firstChild,"tr")?a.getElementsByTagName("tbody")[0]||a:a}function qa(a){return a.type=(null!==a.getAttribute("type"))+"/"+a.type,a}function ra(a){var b=na.exec(a.type);return b?a.type=b[1]:a.removeAttribute("type"),a}function sa(a,b){var c,d,e,f,g,h,i,j;if(1===b.nodeType){if(N.hasData(a)&&(f=N.access(a),g=N.set(b,f),j=f.events)){delete g.handle,g.events={};for(e in j)for(c=0,d=j[e].length;d>c;c++)n.event.add(b,e,j[e][c])}O.hasData(a)&&(h=O.access(a),i=n.extend({},h),O.set(b,i))}}function ta(a,b){var c=b.nodeName.toLowerCase();"input"===c&&X.test(a.type)?b.checked=a.checked:("input"===c||"textarea"===c)&&(b.defaultValue=a.defaultValue)}function ua(a,b,c,d){b=f.apply([],b);var e,g,h,i,j,k,m=0,o=a.length,p=o-1,q=b[0],r=n.isFunction(q);if(r||o>1&&"string"==typeof q&&!l.checkClone&&ma.test(q))return a.each(function(e){var f=a.eq(e);r&&(b[0]=q.call(this,e,f.html())),ua(f,b,c,d)});if(o&&(e=ca(b,a[0].ownerDocument,!1,a,d),g=e.firstChild,1===e.childNodes.length&&(e=g),g||d)){for(h=n.map(_(e,"script"),qa),i=h.length;o>m;m++)j=e,m!==p&&(j=n.clone(j,!0,!0),i&&n.merge(h,_(j,"script"))),c.call(a[m],j,m);if(i)for(k=h[h.length-1].ownerDocument,n.map(h,ra),m=0;i>m;m++)j=h[m],Z.test(j.type||"")&&!N.access(j,"globalEval")&&n.contains(k,j)&&(j.src?n._evalUrl&&n._evalUrl(j.src):n.globalEval(j.textContent.replace(oa,"")))}return a}function va(a,b,c){for(var d,e=b?n.filter(b,a):a,f=0;null!=(d=e[f]);f++)c||1!==d.nodeType||n.cleanData(_(d)),d.parentNode&&(c&&n.contains(d.ownerDocument,d)&&aa(_(d,"script")),d.parentNode.removeChild(d));return a}n.extend({htmlPrefilter:function(a){return a.replace(ka,"<$1></$2>")},clone:function(a,b,c){var d,e,f,g,h=a.cloneNode(!0),i=n.contains(a.ownerDocument,a);if(!(l.noCloneChecked||1!==a.nodeType&&11!==a.nodeType||n.isXMLDoc(a)))for(g=_(h),f=_(a),d=0,e=f.length;e>d;d++)ta(f[d],g[d]);if(b)if(c)for(f=f||_(a),g=g||_(h),d=0,e=f.length;e>d;d++)sa(f[d],g[d]);else sa(a,h);return g=_(h,"script"),g.length>0&&aa(g,!i&&_(a,"script")),h},cleanData:function(a){for(var b,c,d,e=n.event.special,f=0;void 0!==(c=a[f]);f++)if(L(c)){if(b=c[N.expando]){if(b.events)for(d in b.events)e[d]?n.event.remove(c,d):n.removeEvent(c,d,b.handle);c[N.expando]=void 0}c[O.expando]&&(c[O.expando]=void 0)}}}),n.fn.extend({domManip:ua,detach:function(a){return va(this,a,!0)},remove:function(a){return va(this,a)},text:function(a){return K(this,function(a){return void 0===a?n.text(this):this.empty().each(function(){(1===this.nodeType||11===this.nodeType||9===this.nodeType)&&(this.textContent=a)})},null,a,arguments.length)},append:function(){return ua(this,arguments,function(a){if(1===this.nodeType||11===this.nodeType||9===this.nodeType){var b=pa(this,a);b.appendChild(a)}})},prepend:function(){return ua(this,arguments,function(a){if(1===this.nodeType||11===this.nodeType||9===this.nodeType){var b=pa(this,a);b.insertBefore(a,b.firstChild)}})},before:function(){return ua(this,arguments,function(a){this.parentNode&&this.parentNode.insertBefore(a,this)})},after:function(){return ua(this,arguments,function(a){this.parentNode&&this.parentNode.insertBefore(a,this.nextSibling)})},empty:function(){for(var a,b=0;null!=(a=this[b]);b++)1===a.nodeType&&(n.cleanData(_(a,!1)),a.textContent="");return this},clone:function(a,b){return a=null==a?!1:a,b=null==b?a:b,this.map(function(){return n.clone(this,a,b)})},html:function(a){return K(this,function(a){var b=this[0]||{},c=0,d=this.length;if(void 0===a&&1===b.nodeType)return b.innerHTML;if("string"==typeof a&&!la.test(a)&&!$[(Y.exec(a)||["",""])[1].toLowerCase()]){a=n.htmlPrefilter(a);try{for(;d>c;c++)b=this[c]||{},1===b.nodeType&&(n.cleanData(_(b,!1)),b.innerHTML=a);b=0}catch(e){}}b&&this.empty().append(a)},null,a,arguments.length)},replaceWith:function(){var a=[];return ua(this,arguments,function(b){var c=this.parentNode;n.inArray(this,a)<0&&(n.cleanData(_(this)),c&&c.replaceChild(b,this))},a)}}),n.each({appendTo:"append",prependTo:"prepend",insertBefore:"before",insertAfter:"after",replaceAll:"replaceWith"},function(a,b){n.fn[a]=function(a){for(var c,d=[],e=n(a),f=e.length-1,h=0;f>=h;h++)c=h===f?this:this.clone(!0),n(e[h])[b](c),g.apply(d,c.get());return this.pushStack(d)}});var wa,xa={HTML:"block",BODY:"block"};function ya(a,b){var c=n(b.createElement(a)).appendTo(b.body),d=n.css(c[0],"display");return c.detach(),d}function za(a){var b=d,c=xa[a];return c||(c=ya(a,b),"none"!==c&&c||(wa=(wa||n("<iframe frameborder='0' width='0' height='0'/>")).appendTo(b.documentElement),b=wa[0].contentDocument,b.write(),b.close(),c=ya(a,b),wa.detach()),xa[a]=c),c}var Aa=/^margin/,Ba=new RegExp("^("+S+")(?!px)[a-z%]+$","i"),Ca=function(b){var c=b.ownerDocument.defaultView;return c.opener||(c=a),c.getComputedStyle(b)},Da=function(a,b,c,d){var e,f,g={};for(f in b)g[f]=a.style[f],a.style[f]=b[f];e=c.apply(a,d||[]);for(f in b)a.style[f]=g[f];return e},Ea=d.documentElement;!function(){var b,c,e,f,g=d.createElement("div"),h=d.createElement("div");if(h.style){h.style.backgroundClip="content-box",h.cloneNode(!0).style.backgroundClip="",l.clearCloneStyle="content-box"===h.style.backgroundClip,g.style.cssText="border:0;width:8px;height:0;top:0;left:-9999px;padding:0;margin-top:1px;position:absolute",g.appendChild(h);function i(){h.style.cssText="-webkit-box-sizing:border-box;-moz-box-sizing:border-box;box-sizing:border-box;position:relative;display:block;margin:auto;border:1px;padding:1px;top:1%;width:50%",h.innerHTML="",Ea.appendChild(g);var d=a.getComputedStyle(h);b="1%"!==d.top,f="2px"===d.marginLeft,c="4px"===d.width,h.style.marginRight="50%",e="4px"===d.marginRight,Ea.removeChild(g)}n.extend(l,{pixelPosition:function(){return i(),b},boxSizingReliable:function(){return null==c&&i(),c},pixelMarginRight:function(){return null==c&&i(),e},reliableMarginLeft:function(){return null==c&&i(),f},reliableMarginRight:function(){var b,c=h.appendChild(d.createElement("div"));return c.style.cssText=h.style.cssText="-webkit-box-sizing:content-box;box-sizing:content-box;display:block;margin:0;border:0;padding:0",c.style.marginRight=c.style.width="0",h.style.width="1px",Ea.appendChild(g),b=!parseFloat(a.getComputedStyle(c).marginRight),Ea.removeChild(g),h.removeChild(c),b}})}}();function Fa(a,b,c){var d,e,f,g,h=a.style;return c=c||Ca(a),c&&(g=c.getPropertyValue(b)||c[b],""!==g||n.contains(a.ownerDocument,a)||(g=n.style(a,b)),!l.pixelMarginRight()&&Ba.test(g)&&Aa.test(b)&&(d=h.width,e=h.minWidth,f=h.maxWidth,h.minWidth=h.maxWidth=h.width=g,g=c.width,h.width=d,h.minWidth=e,h.maxWidth=f)),void 0!==g?g+"":g}function Ga(a,b){return{get:function(){return a()?void delete this.get:(this.get=b).apply(this,arguments)}}}var Ha=/^(none|table(?!-c[ea]).+)/,Ia={position:"absolute",visibility:"hidden",display:"block"},Ja={letterSpacing:"0",fontWeight:"400"},Ka=["Webkit","O","Moz","ms"],La=d.createElement("div").style;function Ma(a){if(a in La)return a;var b=a[0].toUpperCase()+a.slice(1),c=Ka.length;while(c--)if(a=Ka[c]+b,a in La)return a}function Na(a,b,c){var d=T.exec(b);return d?Math.max(0,d[2]-(c||0))+(d[3]||"px"):b}function Oa(a,b,c,d,e){for(var f=c===(d?"border":"content")?4:"width"===b?1:0,g=0;4>f;f+=2)"margin"===c&&(g+=n.css(a,c+U[f],!0,e)),d?("content"===c&&(g-=n.css(a,"padding"+U[f],!0,e)),"margin"!==c&&(g-=n.css(a,"border"+U[f]+"Width",!0,e))):(g+=n.css(a,"padding"+U[f],!0,e),"padding"!==c&&(g+=n.css(a,"border"+U[f]+"Width",!0,e)));return g}function Pa(b,c,e){var f=!0,g="width"===c?b.offsetWidth:b.offsetHeight,h=Ca(b),i="border-box"===n.css(b,"boxSizing",!1,h);if(d.msFullscreenElement&&a.top!==a&&b.getClientRects().length&&(g=Math.round(100*b.getBoundingClientRect()[c])),0>=g||null==g){if(g=Fa(b,c,h),(0>g||null==g)&&(g=b.style[c]),Ba.test(g))return g;f=i&&(l.boxSizingReliable()||g===b.style[c]),g=parseFloat(g)||0}return g+Oa(b,c,e||(i?"border":"content"),f,h)+"px"}function Qa(a,b){for(var c,d,e,f=[],g=0,h=a.length;h>g;g++)d=a[g],d.style&&(f[g]=N.get(d,"olddisplay"),c=d.style.display,b?(f[g]||"none"!==c||(d.style.display=""),""===d.style.display&&V(d)&&(f[g]=N.access(d,"olddisplay",za(d.nodeName)))):(e=V(d),"none"===c&&e||N.set(d,"olddisplay",e?c:n.css(d,"display"))));for(g=0;h>g;g++)d=a[g],d.style&&(b&&"none"!==d.style.display&&""!==d.style.display||(d.style.display=b?f[g]||"":"none"));return a}n.extend({cssHooks:{opacity:{get:function(a,b){if(b){var c=Fa(a,"opacity");return""===c?"1":c}}}},cssNumber:{animationIterationCount:!0,columnCount:!0,fillOpacity:!0,flexGrow:!0,flexShrink:!0,fontWeight:!0,lineHeight:!0,opacity:!0,order:!0,orphans:!0,widows:!0,zIndex:!0,zoom:!0},cssProps:{"float":"cssFloat"},style:function(a,b,c,d){if(a&&3!==a.nodeType&&8!==a.nodeType&&a.style){var e,f,g,h=n.camelCase(b),i=a.style;return b=n.cssProps[h]||(n.cssProps[h]=Ma(h)||h),g=n.cssHooks[b]||n.cssHooks[h],void 0===c?g&&"get"in g&&void 0!==(e=g.get(a,!1,d))?e:i[b]:(f=typeof c,"string"===f&&(e=T.exec(c))&&e[1]&&(c=W(a,b,e),f="number"),null!=c&&c===c&&("number"===f&&(c+=e&&e[3]||(n.cssNumber[h]?"":"px")),l.clearCloneStyle||""!==c||0!==b.indexOf("background")||(i[b]="inherit"),g&&"set"in g&&void 0===(c=g.set(a,c,d))||(i[b]=c)),void 0)}},css:function(a,b,c,d){var e,f,g,h=n.camelCase(b);return b=n.cssProps[h]||(n.cssProps[h]=Ma(h)||h),g=n.cssHooks[b]||n.cssHooks[h],g&&"get"in g&&(e=g.get(a,!0,c)),void 0===e&&(e=Fa(a,b,d)),"normal"===e&&b in Ja&&(e=Ja[b]),""===c||c?(f=parseFloat(e),c===!0||isFinite(f)?f||0:e):e}}),n.each(["height","width"],function(a,b){n.cssHooks[b]={get:function(a,c,d){return c?Ha.test(n.css(a,"display"))&&0===a.offsetWidth?Da(a,Ia,function(){return Pa(a,b,d)}):Pa(a,b,d):void 0},set:function(a,c,d){var e,f=d&&Ca(a),g=d&&Oa(a,b,d,"border-box"===n.css(a,"boxSizing",!1,f),f);return g&&(e=T.exec(c))&&"px"!==(e[3]||"px")&&(a.style[b]=c,c=n.css(a,b)),Na(a,c,g)}}}),n.cssHooks.marginLeft=Ga(l.reliableMarginLeft,function(a,b){return b?(parseFloat(Fa(a,"marginLeft"))||a.getBoundingClientRect().left-Da(a,{marginLeft:0},function(){return a.getBoundingClientRect().left}))+"px":void 0}),n.cssHooks.marginRight=Ga(l.reliableMarginRight,function(a,b){return b?Da(a,{display:"inline-block"},Fa,[a,"marginRight"]):void 0}),n.each({margin:"",padding:"",border:"Width"},function(a,b){n.cssHooks[a+b]={expand:function(c){for(var d=0,e={},f="string"==typeof c?c.split(" "):[c];4>d;d++)e[a+U[d]+b]=f[d]||f[d-2]||f[0];return e}},Aa.test(a)||(n.cssHooks[a+b].set=Na)}),n.fn.extend({css:function(a,b){return K(this,function(a,b,c){var d,e,f={},g=0;if(n.isArray(b)){for(d=Ca(a),e=b.length;e>g;g++)f[b[g]]=n.css(a,b[g],!1,d);return f}return void 0!==c?n.style(a,b,c):n.css(a,b)},a,b,arguments.length>1)},show:function(){return Qa(this,!0)},hide:function(){return Qa(this)},toggle:function(a){return"boolean"==typeof a?a?this.show():this.hide():this.each(function(){V(this)?n(this).show():n(this).hide()})}});function Ra(a,b,c,d,e){return new Ra.prototype.init(a,b,c,d,e)}n.Tween=Ra,Ra.prototype={constructor:Ra,init:function(a,b,c,d,e,f){this.elem=a,this.prop=c,this.easing=e||n.easing._default,this.options=b,this.start=this.now=this.cur(),this.end=d,this.unit=f||(n.cssNumber[c]?"":"px")},cur:function(){var a=Ra.propHooks[this.prop];return a&&a.get?a.get(this):Ra.propHooks._default.get(this)},run:function(a){var b,c=Ra.propHooks[this.prop];return this.options.duration?this.pos=b=n.easing[this.easing](a,this.options.duration*a,0,1,this.options.duration):this.pos=b=a,this.now=(this.end-this.start)*b+this.start,this.options.step&&this.options.step.call(this.elem,this.now,this),c&&c.set?c.set(this):Ra.propHooks._default.set(this),this}},Ra.prototype.init.prototype=Ra.prototype,Ra.propHooks={_default:{get:function(a){var b;return 1!==a.elem.nodeType||null!=a.elem[a.prop]&&null==a.elem.style[a.prop]?a.elem[a.prop]:(b=n.css(a.elem,a.prop,""),b&&"auto"!==b?b:0)},set:function(a){n.fx.step[a.prop]?n.fx.step[a.prop](a):1!==a.elem.nodeType||null==a.elem.style[n.cssProps[a.prop]]&&!n.cssHooks[a.prop]?a.elem[a.prop]=a.now:n.style(a.elem,a.prop,a.now+a.unit)}}},Ra.propHooks.scrollTop=Ra.propHooks.scrollLeft={set:function(a){a.elem.nodeType&&a.elem.parentNode&&(a.elem[a.prop]=a.now)}},n.easing={linear:function(a){return a},swing:function(a){return.5-Math.cos(a*Math.PI)/2},_default:"swing"},n.fx=Ra.prototype.init,n.fx.step={};var Sa,Ta,Ua=/^(?:toggle|show|hide)$/,Va=/queueHooks$/;function Wa(){return a.setTimeout(function(){Sa=void 0}),Sa=n.now()}function Xa(a,b){var c,d=0,e={height:a};for(b=b?1:0;4>d;d+=2-b)c=U[d],e["margin"+c]=e["padding"+c]=a;return b&&(e.opacity=e.width=a),e}function Ya(a,b,c){for(var d,e=(_a.tweeners[b]||[]).concat(_a.tweeners["*"]),f=0,g=e.length;g>f;f++)if(d=e[f].call(c,b,a))return d}function Za(a,b,c){var d,e,f,g,h,i,j,k,l=this,m={},o=a.style,p=a.nodeType&&V(a),q=N.get(a,"fxshow");c.queue||(h=n._queueHooks(a,"fx"),null==h.unqueued&&(h.unqueued=0,i=h.empty.fire,h.empty.fire=function(){h.unqueued||i()}),h.unqueued++,l.always(function(){l.always(function(){h.unqueued--,n.queue(a,"fx").length||h.empty.fire()})})),1===a.nodeType&&("height"in b||"width"in b)&&(c.overflow=[o.overflow,o.overflowX,o.overflowY],j=n.css(a,"display"),k="none"===j?N.get(a,"olddisplay")||za(a.nodeName):j,"inline"===k&&"none"===n.css(a,"float")&&(o.display="inline-block")),c.overflow&&(o.overflow="hidden",l.always(function(){o.overflow=c.overflow[0],o.overflowX=c.overflow[1],o.overflowY=c.overflow[2]}));for(d in b)if(e=b[d],Ua.exec(e)){if(delete b[d],f=f||"toggle"===e,e===(p?"hide":"show")){if("show"!==e||!q||void 0===q[d])continue;p=!0}m[d]=q&&q[d]||n.style(a,d)}else j=void 0;if(n.isEmptyObject(m))"inline"===("none"===j?za(a.nodeName):j)&&(o.display=j);else{q?"hidden"in q&&(p=q.hidden):q=N.access(a,"fxshow",{}),f&&(q.hidden=!p),p?n(a).show():l.done(function(){n(a).hide()}),l.done(function(){var b;N.remove(a,"fxshow");for(b in m)n.style(a,b,m[b])});for(d in m)g=Ya(p?q[d]:0,d,l),d in q||(q[d]=g.start,p&&(g.end=g.start,g.start="width"===d||"height"===d?1:0))}}function $a(a,b){var c,d,e,f,g;for(c in a)if(d=n.camelCase(c),e=b[d],f=a[c],n.isArray(f)&&(e=f[1],f=a[c]=f[0]),c!==d&&(a[d]=f,delete a[c]),g=n.cssHooks[d],g&&"expand"in g){f=g.expand(f),delete a[d];for(c in f)c in a||(a[c]=f[c],b[c]=e)}else b[d]=e}function _a(a,b,c){var d,e,f=0,g=_a.prefilters.length,h=n.Deferred().always(function(){delete i.elem}),i=function(){if(e)return!1;for(var b=Sa||Wa(),c=Math.max(0,j.startTime+j.duration-b),d=c/j.duration||0,f=1-d,g=0,i=j.tweens.length;i>g;g++)j.tweens[g].run(f);return h.notifyWith(a,[j,f,c]),1>f&&i?c:(h.resolveWith(a,[j]),!1)},j=h.promise({elem:a,props:n.extend({},b),opts:n.extend(!0,{specialEasing:{},easing:n.easing._default},c),originalProperties:b,originalOptions:c,startTime:Sa||Wa(),duration:c.duration,tweens:[],createTween:function(b,c){var d=n.Tween(a,j.opts,b,c,j.opts.specialEasing[b]||j.opts.easing);return j.tweens.push(d),d},stop:function(b){var c=0,d=b?j.tweens.length:0;if(e)return this;for(e=!0;d>c;c++)j.tweens[c].run(1);return b?(h.notifyWith(a,[j,1,0]),h.resolveWith(a,[j,b])):h.rejectWith(a,[j,b]),this}}),k=j.props;for($a(k,j.opts.specialEasing);g>f;f++)if(d=_a.prefilters[f].call(j,a,k,j.opts))return n.isFunction(d.stop)&&(n._queueHooks(j.elem,j.opts.queue).stop=n.proxy(d.stop,d)),d;return n.map(k,Ya,j),n.isFunction(j.opts.start)&&j.opts.start.call(a,j),n.fx.timer(n.extend(i,{elem:a,anim:j,queue:j.opts.queue})),j.progress(j.opts.progress).done(j.opts.done,j.opts.complete).fail(j.opts.fail).always(j.opts.always)}n.Animation=n.extend(_a,{tweeners:{"*":[function(a,b){var c=this.createTween(a,b);return W(c.elem,a,T.exec(b),c),c}]},tweener:function(a,b){n.isFunction(a)?(b=a,a=["*"]):a=a.match(G);for(var c,d=0,e=a.length;e>d;d++)c=a[d],_a.tweeners[c]=_a.tweeners[c]||[],_a.tweeners[c].unshift(b)},prefilters:[Za],prefilter:function(a,b){b?_a.prefilters.unshift(a):_a.prefilters.push(a)}}),n.speed=function(a,b,c){var d=a&&"object"==typeof a?n.extend({},a):{complete:c||!c&&b||n.isFunction(a)&&a,duration:a,easing:c&&b||b&&!n.isFunction(b)&&b};return d.duration=n.fx.off?0:"number"==typeof d.duration?d.duration:d.duration in n.fx.speeds?n.fx.speeds[d.duration]:n.fx.speeds._default,(null==d.queue||d.queue===!0)&&(d.queue="fx"),d.old=d.complete,d.complete=function(){n.isFunction(d.old)&&d.old.call(this),d.queue&&n.dequeue(this,d.queue)},d},n.fn.extend({fadeTo:function(a,b,c,d){return this.filter(V).css("opacity",0).show().end().animate({opacity:b},a,c,d)},animate:function(a,b,c,d){var e=n.isEmptyObject(a),f=n.speed(b,c,d),g=function(){var b=_a(this,n.extend({},a),f);(e||N.get(this,"finish"))&&b.stop(!0)};return g.finish=g,e||f.queue===!1?this.each(g):this.queue(f.queue,g)},stop:function(a,b,c){var d=function(a){var b=a.stop;delete a.stop,b(c)};return"string"!=typeof a&&(c=b,b=a,a=void 0),b&&a!==!1&&this.queue(a||"fx",[]),this.each(function(){var b=!0,e=null!=a&&a+"queueHooks",f=n.timers,g=N.get(this);if(e)g[e]&&g[e].stop&&d(g[e]);else for(e in g)g[e]&&g[e].stop&&Va.test(e)&&d(g[e]);for(e=f.length;e--;)f[e].elem!==this||null!=a&&f[e].queue!==a||(f[e].anim.stop(c),b=!1,f.splice(e,1));(b||!c)&&n.dequeue(this,a)})},finish:function(a){return a!==!1&&(a=a||"fx"),this.each(function(){var b,c=N.get(this),d=c[a+"queue"],e=c[a+"queueHooks"],f=n.timers,g=d?d.length:0;for(c.finish=!0,n.queue(this,a,[]),e&&e.stop&&e.stop.call(this,!0),b=f.length;b--;)f[b].elem===this&&f[b].queue===a&&(f[b].anim.stop(!0),f.splice(b,1));for(b=0;g>b;b++)d[b]&&d[b].finish&&d[b].finish.call(this);delete c.finish})}}),n.each(["toggle","show","hide"],function(a,b){var c=n.fn[b];n.fn[b]=function(a,d,e){return null==a||"boolean"==typeof a?c.apply(this,arguments):this.animate(Xa(b,!0),a,d,e)}}),n.each({slideDown:Xa("show"),slideUp:Xa("hide"),slideToggle:Xa("toggle"),fadeIn:{opacity:"show"},fadeOut:{opacity:"hide"},fadeToggle:{opacity:"toggle"}},function(a,b){n.fn[a]=function(a,c,d){return this.animate(b,a,c,d)}}),n.timers=[],n.fx.tick=function(){var a,b=0,c=n.timers;for(Sa=n.now();b<c.length;b++)a=c[b],a()||c[b]!==a||c.splice(b--,1);c.length||n.fx.stop(),Sa=void 0},n.fx.timer=function(a){n.timers.push(a),a()?n.fx.start():n.timers.pop()},n.fx.interval=13,n.fx.start=function(){Ta||(Ta=a.setInterval(n.fx.tick,n.fx.interval))},n.fx.stop=function(){a.clearInterval(Ta),Ta=null},n.fx.speeds={slow:600,fast:200,_default:400},n.fn.delay=function(b,c){return b=n.fx?n.fx.speeds[b]||b:b,c=c||"fx",this.queue(c,function(c,d){var e=a.setTimeout(c,b);d.stop=function(){a.clearTimeout(e)}})},function(){var a=d.createElement("input"),b=d.createElement("select"),c=b.appendChild(d.createElement("option"));a.type="checkbox",l.checkOn=""!==a.value,l.optSelected=c.selected,b.disabled=!0,l.optDisabled=!c.disabled,a=d.createElement("input"),a.value="t",a.type="radio",l.radioValue="t"===a.value}();var ab,bb=n.expr.attrHandle;n.fn.extend({attr:function(a,b){return K(this,n.attr,a,b,arguments.length>1)},removeAttr:function(a){return this.each(function(){n.removeAttr(this,a)})}}),n.extend({attr:function(a,b,c){var d,e,f=a.nodeType;if(3!==f&&8!==f&&2!==f)return"undefined"==typeof a.getAttribute?n.prop(a,b,c):(1===f&&n.isXMLDoc(a)||(b=b.toLowerCase(),e=n.attrHooks[b]||(n.expr.match.bool.test(b)?ab:void 0)),void 0!==c?null===c?void n.removeAttr(a,b):e&&"set"in e&&void 0!==(d=e.set(a,c,b))?d:(a.setAttribute(b,c+""),c):e&&"get"in e&&null!==(d=e.get(a,b))?d:(d=n.find.attr(a,b),null==d?void 0:d))},attrHooks:{type:{set:function(a,b){if(!l.radioValue&&"radio"===b&&n.nodeName(a,"input")){var c=a.value;return a.setAttribute("type",b),c&&(a.value=c),b}}}},removeAttr:function(a,b){var c,d,e=0,f=b&&b.match(G);if(f&&1===a.nodeType)while(c=f[e++])d=n.propFix[c]||c,n.expr.match.bool.test(c)&&(a[d]=!1),a.removeAttribute(c)}}),ab={set:function(a,b,c){return b===!1?n.removeAttr(a,c):a.setAttribute(c,c),c}},n.each(n.expr.match.bool.source.match(/\w+/g),function(a,b){var c=bb[b]||n.find.attr;bb[b]=function(a,b,d){var e,f;return d||(f=bb[b],bb[b]=e,e=null!=c(a,b,d)?b.toLowerCase():null,bb[b]=f),e}});var cb=/^(?:input|select|textarea|button)$/i,db=/^(?:a|area)$/i;n.fn.extend({prop:function(a,b){return K(this,n.prop,a,b,arguments.length>1)},removeProp:function(a){return this.each(function(){delete this[n.propFix[a]||a]})}}),n.extend({prop:function(a,b,c){var d,e,f=a.nodeType;if(3!==f&&8!==f&&2!==f)return 1===f&&n.isXMLDoc(a)||(b=n.propFix[b]||b,e=n.propHooks[b]),void 0!==c?e&&"set"in e&&void 0!==(d=e.set(a,c,b))?d:a[b]=c:e&&"get"in e&&null!==(d=e.get(a,b))?d:a[b];
  },propHooks:{tabIndex:{get:function(a){var b=n.find.attr(a,"tabindex");return b?parseInt(b,10):cb.test(a.nodeName)||db.test(a.nodeName)&&a.href?0:-1}}},propFix:{"for":"htmlFor","class":"className"}}),l.optSelected||(n.propHooks.selected={get:function(a){var b=a.parentNode;return b&&b.parentNode&&b.parentNode.selectedIndex,null}}),n.each(["tabIndex","readOnly","maxLength","cellSpacing","cellPadding","rowSpan","colSpan","useMap","frameBorder","contentEditable"],function(){n.propFix[this.toLowerCase()]=this});var eb=/[\t\r\n\f]/g;function fb(a){return a.getAttribute&&a.getAttribute("class")||""}n.fn.extend({addClass:function(a){var b,c,d,e,f,g,h,i=0;if(n.isFunction(a))return this.each(function(b){n(this).addClass(a.call(this,b,fb(this)))});if("string"==typeof a&&a){b=a.match(G)||[];while(c=this[i++])if(e=fb(c),d=1===c.nodeType&&(" "+e+" ").replace(eb," ")){g=0;while(f=b[g++])d.indexOf(" "+f+" ")<0&&(d+=f+" ");h=n.trim(d),e!==h&&c.setAttribute("class",h)}}return this},removeClass:function(a){var b,c,d,e,f,g,h,i=0;if(n.isFunction(a))return this.each(function(b){n(this).removeClass(a.call(this,b,fb(this)))});if(!arguments.length)return this.attr("class","");if("string"==typeof a&&a){b=a.match(G)||[];while(c=this[i++])if(e=fb(c),d=1===c.nodeType&&(" "+e+" ").replace(eb," ")){g=0;while(f=b[g++])while(d.indexOf(" "+f+" ")>-1)d=d.replace(" "+f+" "," ");h=n.trim(d),e!==h&&c.setAttribute("class",h)}}return this},toggleClass:function(a,b){var c=typeof a;return"boolean"==typeof b&&"string"===c?b?this.addClass(a):this.removeClass(a):n.isFunction(a)?this.each(function(c){n(this).toggleClass(a.call(this,c,fb(this),b),b)}):this.each(function(){var b,d,e,f;if("string"===c){d=0,e=n(this),f=a.match(G)||[];while(b=f[d++])e.hasClass(b)?e.removeClass(b):e.addClass(b)}else(void 0===a||"boolean"===c)&&(b=fb(this),b&&N.set(this,"__className__",b),this.setAttribute&&this.setAttribute("class",b||a===!1?"":N.get(this,"__className__")||""))})},hasClass:function(a){var b,c,d=0;b=" "+a+" ";while(c=this[d++])if(1===c.nodeType&&(" "+fb(c)+" ").replace(eb," ").indexOf(b)>-1)return!0;return!1}});var gb=/\r/g;n.fn.extend({val:function(a){var b,c,d,e=this[0];{if(arguments.length)return d=n.isFunction(a),this.each(function(c){var e;1===this.nodeType&&(e=d?a.call(this,c,n(this).val()):a,null==e?e="":"number"==typeof e?e+="":n.isArray(e)&&(e=n.map(e,function(a){return null==a?"":a+""})),b=n.valHooks[this.type]||n.valHooks[this.nodeName.toLowerCase()],b&&"set"in b&&void 0!==b.set(this,e,"value")||(this.value=e))});if(e)return b=n.valHooks[e.type]||n.valHooks[e.nodeName.toLowerCase()],b&&"get"in b&&void 0!==(c=b.get(e,"value"))?c:(c=e.value,"string"==typeof c?c.replace(gb,""):null==c?"":c)}}}),n.extend({valHooks:{option:{get:function(a){return n.trim(a.value)}},select:{get:function(a){for(var b,c,d=a.options,e=a.selectedIndex,f="select-one"===a.type||0>e,g=f?null:[],h=f?e+1:d.length,i=0>e?h:f?e:0;h>i;i++)if(c=d[i],(c.selected||i===e)&&(l.optDisabled?!c.disabled:null===c.getAttribute("disabled"))&&(!c.parentNode.disabled||!n.nodeName(c.parentNode,"optgroup"))){if(b=n(c).val(),f)return b;g.push(b)}return g},set:function(a,b){var c,d,e=a.options,f=n.makeArray(b),g=e.length;while(g--)d=e[g],(d.selected=n.inArray(n.valHooks.option.get(d),f)>-1)&&(c=!0);return c||(a.selectedIndex=-1),f}}}}),n.each(["radio","checkbox"],function(){n.valHooks[this]={set:function(a,b){return n.isArray(b)?a.checked=n.inArray(n(a).val(),b)>-1:void 0}},l.checkOn||(n.valHooks[this].get=function(a){return null===a.getAttribute("value")?"on":a.value})});var hb=/^(?:focusinfocus|focusoutblur)$/;n.extend(n.event,{trigger:function(b,c,e,f){var g,h,i,j,l,m,o,p=[e||d],q=k.call(b,"type")?b.type:b,r=k.call(b,"namespace")?b.namespace.split("."):[];if(h=i=e=e||d,3!==e.nodeType&&8!==e.nodeType&&!hb.test(q+n.event.triggered)&&(q.indexOf(".")>-1&&(r=q.split("."),q=r.shift(),r.sort()),l=q.indexOf(":")<0&&"on"+q,b=b[n.expando]?b:new n.Event(q,"object"==typeof b&&b),b.isTrigger=f?2:3,b.namespace=r.join("."),b.rnamespace=b.namespace?new RegExp("(^|\\.)"+r.join("\\.(?:.*\\.|)")+"(\\.|$)"):null,b.result=void 0,b.target||(b.target=e),c=null==c?[b]:n.makeArray(c,[b]),o=n.event.special[q]||{},f||!o.trigger||o.trigger.apply(e,c)!==!1)){if(!f&&!o.noBubble&&!n.isWindow(e)){for(j=o.delegateType||q,hb.test(j+q)||(h=h.parentNode);h;h=h.parentNode)p.push(h),i=h;i===(e.ownerDocument||d)&&p.push(i.defaultView||i.parentWindow||a)}g=0;while((h=p[g++])&&!b.isPropagationStopped())b.type=g>1?j:o.bindType||q,m=(N.get(h,"events")||{})[b.type]&&N.get(h,"handle"),m&&m.apply(h,c),m=l&&h[l],m&&m.apply&&L(h)&&(b.result=m.apply(h,c),b.result===!1&&b.preventDefault());return b.type=q,f||b.isDefaultPrevented()||o._default&&o._default.apply(p.pop(),c)!==!1||!L(e)||l&&n.isFunction(e[q])&&!n.isWindow(e)&&(i=e[l],i&&(e[l]=null),n.event.triggered=q,e[q](),n.event.triggered=void 0,i&&(e[l]=i)),b.result}},simulate:function(a,b,c){var d=n.extend(new n.Event,c,{type:a,isSimulated:!0});n.event.trigger(d,null,b),d.isDefaultPrevented()&&c.preventDefault()}}),n.fn.extend({trigger:function(a,b){return this.each(function(){n.event.trigger(a,b,this)})},triggerHandler:function(a,b){var c=this[0];return c?n.event.trigger(a,b,c,!0):void 0}}),n.each("blur focus focusin focusout load resize scroll unload click dblclick mousedown mouseup mousemove mouseover mouseout mouseenter mouseleave change select submit keydown keypress keyup error contextmenu".split(" "),function(a,b){n.fn[b]=function(a,c){return arguments.length>0?this.on(b,null,a,c):this.trigger(b)}}),n.fn.extend({hover:function(a,b){return this.mouseenter(a).mouseleave(b||a)}}),l.focusin="onfocusin"in a,l.focusin||n.each({focus:"focusin",blur:"focusout"},function(a,b){var c=function(a){n.event.simulate(b,a.target,n.event.fix(a))};n.event.special[b]={setup:function(){var d=this.ownerDocument||this,e=N.access(d,b);e||d.addEventListener(a,c,!0),N.access(d,b,(e||0)+1)},teardown:function(){var d=this.ownerDocument||this,e=N.access(d,b)-1;e?N.access(d,b,e):(d.removeEventListener(a,c,!0),N.remove(d,b))}}});var ib=a.location,jb=n.now(),kb=/\?/;n.parseJSON=function(a){return JSON.parse(a+"")},n.parseXML=function(b){var c;if(!b||"string"!=typeof b)return null;try{c=(new a.DOMParser).parseFromString(b,"text/xml")}catch(d){c=void 0}return(!c||c.getElementsByTagName("parsererror").length)&&n.error("Invalid XML: "+b),c};var lb=/#.*$/,mb=/([?&])_=[^&]*/,nb=/^(.*?):[ \t]*([^\r\n]*)$/gm,ob=/^(?:about|app|app-storage|.+-extension|file|res|widget):$/,pb=/^(?:GET|HEAD)$/,qb=/^\/\//,rb={},sb={},tb="*/".concat("*"),ub=d.createElement("a");ub.href=ib.href;function vb(a){return function(b,c){"string"!=typeof b&&(c=b,b="*");var d,e=0,f=b.toLowerCase().match(G)||[];if(n.isFunction(c))while(d=f[e++])"+"===d[0]?(d=d.slice(1)||"*",(a[d]=a[d]||[]).unshift(c)):(a[d]=a[d]||[]).push(c)}}function wb(a,b,c,d){var e={},f=a===sb;function g(h){var i;return e[h]=!0,n.each(a[h]||[],function(a,h){var j=h(b,c,d);return"string"!=typeof j||f||e[j]?f?!(i=j):void 0:(b.dataTypes.unshift(j),g(j),!1)}),i}return g(b.dataTypes[0])||!e["*"]&&g("*")}function xb(a,b){var c,d,e=n.ajaxSettings.flatOptions||{};for(c in b)void 0!==b[c]&&((e[c]?a:d||(d={}))[c]=b[c]);return d&&n.extend(!0,a,d),a}function yb(a,b,c){var d,e,f,g,h=a.contents,i=a.dataTypes;while("*"===i[0])i.shift(),void 0===d&&(d=a.mimeType||b.getResponseHeader("Content-Type"));if(d)for(e in h)if(h[e]&&h[e].test(d)){i.unshift(e);break}if(i[0]in c)f=i[0];else{for(e in c){if(!i[0]||a.converters[e+" "+i[0]]){f=e;break}g||(g=e)}f=f||g}return f?(f!==i[0]&&i.unshift(f),c[f]):void 0}function zb(a,b,c,d){var e,f,g,h,i,j={},k=a.dataTypes.slice();if(k[1])for(g in a.converters)j[g.toLowerCase()]=a.converters[g];f=k.shift();while(f)if(a.responseFields[f]&&(c[a.responseFields[f]]=b),!i&&d&&a.dataFilter&&(b=a.dataFilter(b,a.dataType)),i=f,f=k.shift())if("*"===f)f=i;else if("*"!==i&&i!==f){if(g=j[i+" "+f]||j["* "+f],!g)for(e in j)if(h=e.split(" "),h[1]===f&&(g=j[i+" "+h[0]]||j["* "+h[0]])){g===!0?g=j[e]:j[e]!==!0&&(f=h[0],k.unshift(h[1]));break}if(g!==!0)if(g&&a["throws"])b=g(b);else try{b=g(b)}catch(l){return{state:"parsererror",error:g?l:"No conversion from "+i+" to "+f}}}return{state:"success",data:b}}n.extend({active:0,lastModified:{},etag:{},ajaxSettings:{url:ib.href,type:"GET",isLocal:ob.test(ib.protocol),global:!0,processData:!0,async:!0,contentType:"application/x-www-form-urlencoded; charset=UTF-8",accepts:{"*":tb,text:"text/plain",html:"text/html",xml:"application/xml, text/xml",json:"application/json, text/javascript"},contents:{xml:/\bxml\b/,html:/\bhtml/,json:/\bjson\b/},responseFields:{xml:"responseXML",text:"responseText",json:"responseJSON"},converters:{"* text":String,"text html":!0,"text json":n.parseJSON,"text xml":n.parseXML},flatOptions:{url:!0,context:!0}},ajaxSetup:function(a,b){return b?xb(xb(a,n.ajaxSettings),b):xb(n.ajaxSettings,a)},ajaxPrefilter:vb(rb),ajaxTransport:vb(sb),ajax:function(b,c){"object"==typeof b&&(c=b,b=void 0),c=c||{};var e,f,g,h,i,j,k,l,m=n.ajaxSetup({},c),o=m.context||m,p=m.context&&(o.nodeType||o.jquery)?n(o):n.event,q=n.Deferred(),r=n.Callbacks("once memory"),s=m.statusCode||{},t={},u={},v=0,w="canceled",x={readyState:0,getResponseHeader:function(a){var b;if(2===v){if(!h){h={};while(b=nb.exec(g))h[b[1].toLowerCase()]=b[2]}b=h[a.toLowerCase()]}return null==b?null:b},getAllResponseHeaders:function(){return 2===v?g:null},setRequestHeader:function(a,b){var c=a.toLowerCase();return v||(a=u[c]=u[c]||a,t[a]=b),this},overrideMimeType:function(a){return v||(m.mimeType=a),this},statusCode:function(a){var b;if(a)if(2>v)for(b in a)s[b]=[s[b],a[b]];else x.always(a[x.status]);return this},abort:function(a){var b=a||w;return e&&e.abort(b),z(0,b),this}};if(q.promise(x).complete=r.add,x.success=x.done,x.error=x.fail,m.url=((b||m.url||ib.href)+"").replace(lb,"").replace(qb,ib.protocol+"//"),m.type=c.method||c.type||m.method||m.type,m.dataTypes=n.trim(m.dataType||"*").toLowerCase().match(G)||[""],null==m.crossDomain){j=d.createElement("a");try{j.href=m.url,j.href=j.href,m.crossDomain=ub.protocol+"//"+ub.host!=j.protocol+"//"+j.host}catch(y){m.crossDomain=!0}}if(m.data&&m.processData&&"string"!=typeof m.data&&(m.data=n.param(m.data,m.traditional)),wb(rb,m,c,x),2===v)return x;k=n.event&&m.global,k&&0===n.active++&&n.event.trigger("ajaxStart"),m.type=m.type.toUpperCase(),m.hasContent=!pb.test(m.type),f=m.url,m.hasContent||(m.data&&(f=m.url+=(kb.test(f)?"&":"?")+m.data,delete m.data),m.cache===!1&&(m.url=mb.test(f)?f.replace(mb,"$1_="+jb++):f+(kb.test(f)?"&":"?")+"_="+jb++)),m.ifModified&&(n.lastModified[f]&&x.setRequestHeader("If-Modified-Since",n.lastModified[f]),n.etag[f]&&x.setRequestHeader("If-None-Match",n.etag[f])),(m.data&&m.hasContent&&m.contentType!==!1||c.contentType)&&x.setRequestHeader("Content-Type",m.contentType),x.setRequestHeader("Accept",m.dataTypes[0]&&m.accepts[m.dataTypes[0]]?m.accepts[m.dataTypes[0]]+("*"!==m.dataTypes[0]?", "+tb+"; q=0.01":""):m.accepts["*"]);for(l in m.headers)x.setRequestHeader(l,m.headers[l]);if(m.beforeSend&&(m.beforeSend.call(o,x,m)===!1||2===v))return x.abort();w="abort";for(l in{success:1,error:1,complete:1})x[l](m[l]);if(e=wb(sb,m,c,x)){if(x.readyState=1,k&&p.trigger("ajaxSend",[x,m]),2===v)return x;m.async&&m.timeout>0&&(i=a.setTimeout(function(){x.abort("timeout")},m.timeout));try{v=1,e.send(t,z)}catch(y){if(!(2>v))throw y;z(-1,y)}}else z(-1,"No Transport");function z(b,c,d,h){var j,l,t,u,w,y=c;2!==v&&(v=2,i&&a.clearTimeout(i),e=void 0,g=h||"",x.readyState=b>0?4:0,j=b>=200&&300>b||304===b,d&&(u=yb(m,x,d)),u=zb(m,u,x,j),j?(m.ifModified&&(w=x.getResponseHeader("Last-Modified"),w&&(n.lastModified[f]=w),w=x.getResponseHeader("etag"),w&&(n.etag[f]=w)),204===b||"HEAD"===m.type?y="nocontent":304===b?y="notmodified":(y=u.state,l=u.data,t=u.error,j=!t)):(t=y,(b||!y)&&(y="error",0>b&&(b=0))),x.status=b,x.statusText=(c||y)+"",j?q.resolveWith(o,[l,y,x]):q.rejectWith(o,[x,y,t]),x.statusCode(s),s=void 0,k&&p.trigger(j?"ajaxSuccess":"ajaxError",[x,m,j?l:t]),r.fireWith(o,[x,y]),k&&(p.trigger("ajaxComplete",[x,m]),--n.active||n.event.trigger("ajaxStop")))}return x},getJSON:function(a,b,c){return n.get(a,b,c,"json")},getScript:function(a,b){return n.get(a,void 0,b,"script")}}),n.each(["get","post"],function(a,b){n[b]=function(a,c,d,e){return n.isFunction(c)&&(e=e||d,d=c,c=void 0),n.ajax(n.extend({url:a,type:b,dataType:e,data:c,success:d},n.isPlainObject(a)&&a))}}),n._evalUrl=function(a){return n.ajax({url:a,type:"GET",dataType:"script",async:!1,global:!1,"throws":!0})},n.fn.extend({wrapAll:function(a){var b;return n.isFunction(a)?this.each(function(b){n(this).wrapAll(a.call(this,b))}):(this[0]&&(b=n(a,this[0].ownerDocument).eq(0).clone(!0),this[0].parentNode&&b.insertBefore(this[0]),b.map(function(){var a=this;while(a.firstElementChild)a=a.firstElementChild;return a}).append(this)),this)},wrapInner:function(a){return n.isFunction(a)?this.each(function(b){n(this).wrapInner(a.call(this,b))}):this.each(function(){var b=n(this),c=b.contents();c.length?c.wrapAll(a):b.append(a)})},wrap:function(a){var b=n.isFunction(a);return this.each(function(c){n(this).wrapAll(b?a.call(this,c):a)})},unwrap:function(){return this.parent().each(function(){n.nodeName(this,"body")||n(this).replaceWith(this.childNodes)}).end()}}),n.expr.filters.hidden=function(a){return!n.expr.filters.visible(a)},n.expr.filters.visible=function(a){return a.offsetWidth>0||a.offsetHeight>0||a.getClientRects().length>0};var Ab=/%20/g,Bb=/\[\]$/,Cb=/\r?\n/g,Db=/^(?:submit|button|image|reset|file)$/i,Eb=/^(?:input|select|textarea|keygen)/i;function Fb(a,b,c,d){var e;if(n.isArray(b))n.each(b,function(b,e){c||Bb.test(a)?d(a,e):Fb(a+"["+("object"==typeof e&&null!=e?b:"")+"]",e,c,d)});else if(c||"object"!==n.type(b))d(a,b);else for(e in b)Fb(a+"["+e+"]",b[e],c,d)}n.param=function(a,b){var c,d=[],e=function(a,b){b=n.isFunction(b)?b():null==b?"":b,d[d.length]=encodeURIComponent(a)+"="+encodeURIComponent(b)};if(void 0===b&&(b=n.ajaxSettings&&n.ajaxSettings.traditional),n.isArray(a)||a.jquery&&!n.isPlainObject(a))n.each(a,function(){e(this.name,this.value)});else for(c in a)Fb(c,a[c],b,e);return d.join("&").replace(Ab,"+")},n.fn.extend({serialize:function(){return n.param(this.serializeArray())},serializeArray:function(){return this.map(function(){var a=n.prop(this,"elements");return a?n.makeArray(a):this}).filter(function(){var a=this.type;return this.name&&!n(this).is(":disabled")&&Eb.test(this.nodeName)&&!Db.test(a)&&(this.checked||!X.test(a))}).map(function(a,b){var c=n(this).val();return null==c?null:n.isArray(c)?n.map(c,function(a){return{name:b.name,value:a.replace(Cb,"\r\n")}}):{name:b.name,value:c.replace(Cb,"\r\n")}}).get()}}),n.ajaxSettings.xhr=function(){try{return new a.XMLHttpRequest}catch(b){}};var Gb={0:200,1223:204},Hb=n.ajaxSettings.xhr();l.cors=!!Hb&&"withCredentials"in Hb,l.ajax=Hb=!!Hb,n.ajaxTransport(function(b){var c,d;return l.cors||Hb&&!b.crossDomain?{send:function(e,f){var g,h=b.xhr();if(h.open(b.type,b.url,b.async,b.username,b.password),b.xhrFields)for(g in b.xhrFields)h[g]=b.xhrFields[g];b.mimeType&&h.overrideMimeType&&h.overrideMimeType(b.mimeType),b.crossDomain||e["X-Requested-With"]||(e["X-Requested-With"]="XMLHttpRequest");for(g in e)h.setRequestHeader(g,e[g]);c=function(a){return function(){c&&(c=d=h.onload=h.onerror=h.onabort=h.onreadystatechange=null,"abort"===a?h.abort():"error"===a?"number"!=typeof h.status?f(0,"error"):f(h.status,h.statusText):f(Gb[h.status]||h.status,h.statusText,"text"!==(h.responseType||"text")||"string"!=typeof h.responseText?{binary:h.response}:{text:h.responseText},h.getAllResponseHeaders()))}},h.onload=c(),d=h.onerror=c("error"),void 0!==h.onabort?h.onabort=d:h.onreadystatechange=function(){4===h.readyState&&a.setTimeout(function(){c&&d()})},c=c("abort");try{h.send(b.hasContent&&b.data||null)}catch(i){if(c)throw i}},abort:function(){c&&c()}}:void 0}),n.ajaxSetup({accepts:{script:"text/javascript, application/javascript, application/ecmascript, application/x-ecmascript"},contents:{script:/\b(?:java|ecma)script\b/},converters:{"text script":function(a){return n.globalEval(a),a}}}),n.ajaxPrefilter("script",function(a){void 0===a.cache&&(a.cache=!1),a.crossDomain&&(a.type="GET")}),n.ajaxTransport("script",function(a){if(a.crossDomain){var b,c;return{send:function(e,f){b=n("<script>").prop({charset:a.scriptCharset,src:a.url}).on("load error",c=function(a){b.remove(),c=null,a&&f("error"===a.type?404:200,a.type)}),d.head.appendChild(b[0])},abort:function(){c&&c()}}}});var Ib=[],Jb=/(=)\?(?=&|$)|\?\?/;n.ajaxSetup({jsonp:"callback",jsonpCallback:function(){var a=Ib.pop()||n.expando+"_"+jb++;return this[a]=!0,a}}),n.ajaxPrefilter("json jsonp",function(b,c,d){var e,f,g,h=b.jsonp!==!1&&(Jb.test(b.url)?"url":"string"==typeof b.data&&0===(b.contentType||"").indexOf("application/x-www-form-urlencoded")&&Jb.test(b.data)&&"data");return h||"jsonp"===b.dataTypes[0]?(e=b.jsonpCallback=n.isFunction(b.jsonpCallback)?b.jsonpCallback():b.jsonpCallback,h?b[h]=b[h].replace(Jb,"$1"+e):b.jsonp!==!1&&(b.url+=(kb.test(b.url)?"&":"?")+b.jsonp+"="+e),b.converters["script json"]=function(){return g||n.error(e+" was not called"),g[0]},b.dataTypes[0]="json",f=a[e],a[e]=function(){g=arguments},d.always(function(){void 0===f?n(a).removeProp(e):a[e]=f,b[e]&&(b.jsonpCallback=c.jsonpCallback,Ib.push(e)),g&&n.isFunction(f)&&f(g[0]),g=f=void 0}),"script"):void 0}),l.createHTMLDocument=function(){var a=d.implementation.createHTMLDocument("").body;return a.innerHTML="<form></form><form></form>",2===a.childNodes.length}(),n.parseHTML=function(a,b,c){if(!a||"string"!=typeof a)return null;"boolean"==typeof b&&(c=b,b=!1),b=b||(l.createHTMLDocument?d.implementation.createHTMLDocument(""):d);var e=x.exec(a),f=!c&&[];return e?[b.createElement(e[1])]:(e=ca([a],b,f),f&&f.length&&n(f).remove(),n.merge([],e.childNodes))};var Kb=n.fn.load;n.fn.load=function(a,b,c){if("string"!=typeof a&&Kb)return Kb.apply(this,arguments);var d,e,f,g=this,h=a.indexOf(" ");return h>-1&&(d=n.trim(a.slice(h)),a=a.slice(0,h)),n.isFunction(b)?(c=b,b=void 0):b&&"object"==typeof b&&(e="POST"),g.length>0&&n.ajax({url:a,type:e||"GET",dataType:"html",data:b}).done(function(a){f=arguments,g.html(d?n("<div>").append(n.parseHTML(a)).find(d):a)}).always(c&&function(a,b){g.each(function(){c.apply(g,f||[a.responseText,b,a])})}),this},n.each(["ajaxStart","ajaxStop","ajaxComplete","ajaxError","ajaxSuccess","ajaxSend"],function(a,b){n.fn[b]=function(a){return this.on(b,a)}}),n.expr.filters.animated=function(a){return n.grep(n.timers,function(b){return a===b.elem}).length};function Lb(a){return n.isWindow(a)?a:9===a.nodeType&&a.defaultView}n.offset={setOffset:function(a,b,c){var d,e,f,g,h,i,j,k=n.css(a,"position"),l=n(a),m={};"static"===k&&(a.style.position="relative"),h=l.offset(),f=n.css(a,"top"),i=n.css(a,"left"),j=("absolute"===k||"fixed"===k)&&(f+i).indexOf("auto")>-1,j?(d=l.position(),g=d.top,e=d.left):(g=parseFloat(f)||0,e=parseFloat(i)||0),n.isFunction(b)&&(b=b.call(a,c,n.extend({},h))),null!=b.top&&(m.top=b.top-h.top+g),null!=b.left&&(m.left=b.left-h.left+e),"using"in b?b.using.call(a,m):l.css(m)}},n.fn.extend({offset:function(a){if(arguments.length)return void 0===a?this:this.each(function(b){n.offset.setOffset(this,a,b)});var b,c,d=this[0],e={top:0,left:0},f=d&&d.ownerDocument;if(f)return b=f.documentElement,n.contains(b,d)?(e=d.getBoundingClientRect(),c=Lb(f),{top:e.top+c.pageYOffset-b.clientTop,left:e.left+c.pageXOffset-b.clientLeft}):e},position:function(){if(this[0]){var a,b,c=this[0],d={top:0,left:0};return"fixed"===n.css(c,"position")?b=c.getBoundingClientRect():(a=this.offsetParent(),b=this.offset(),n.nodeName(a[0],"html")||(d=a.offset()),d.top+=n.css(a[0],"borderTopWidth",!0)-a.scrollTop(),d.left+=n.css(a[0],"borderLeftWidth",!0)-a.scrollLeft()),{top:b.top-d.top-n.css(c,"marginTop",!0),left:b.left-d.left-n.css(c,"marginLeft",!0)}}},offsetParent:function(){return this.map(function(){var a=this.offsetParent;while(a&&"static"===n.css(a,"position"))a=a.offsetParent;return a||Ea})}}),n.each({scrollLeft:"pageXOffset",scrollTop:"pageYOffset"},function(a,b){var c="pageYOffset"===b;n.fn[a]=function(d){return K(this,function(a,d,e){var f=Lb(a);return void 0===e?f?f[b]:a[d]:void(f?f.scrollTo(c?f.pageXOffset:e,c?e:f.pageYOffset):a[d]=e)},a,d,arguments.length)}}),n.each(["top","left"],function(a,b){n.cssHooks[b]=Ga(l.pixelPosition,function(a,c){return c?(c=Fa(a,b),Ba.test(c)?n(a).position()[b]+"px":c):void 0})}),n.each({Height:"height",Width:"width"},function(a,b){n.each({padding:"inner"+a,content:b,"":"outer"+a},function(c,d){n.fn[d]=function(d,e){var f=arguments.length&&(c||"boolean"!=typeof d),g=c||(d===!0||e===!0?"margin":"border");return K(this,function(b,c,d){var e;return n.isWindow(b)?b.document.documentElement["client"+a]:9===b.nodeType?(e=b.documentElement,Math.max(b.body["scroll"+a],e["scroll"+a],b.body["offset"+a],e["offset"+a],e["client"+a])):void 0===d?n.css(b,c,g):n.style(b,c,d,g)},b,f?d:void 0,f,null)}})}),n.fn.extend({bind:function(a,b,c){return this.on(a,null,b,c)},unbind:function(a,b){return this.off(a,null,b)},delegate:function(a,b,c,d){return this.on(b,a,c,d)},undelegate:function(a,b,c){return 1===arguments.length?this.off(a,"**"):this.off(b,a||"**",c)},size:function(){return this.length}}),n.fn.andSelf=n.fn.addBack,"function"==typeof define&&define.amd&&define("jquery",[],function(){return n});var Mb=a.jQuery,Nb=a.$;return n.noConflict=function(b){return a.$===n&&(a.$=Nb),b&&a.jQuery===n&&(a.jQuery=Mb),n},b||(a.jQuery=a.$=n),n});
</script>











<script src="//assets.adobedtm.com/86ff4ffaf311/91fa59baa986/launch-b1204783dac1.min.js" async=""></script>





	
		<script type="text/javascript" src="/content/dam/credit-repair/common/js/site-v2.js"></script>
	

	
		<script type="text/javascript" src="/content/dam/credit-repair/common/js/fatal-error.js"></script>
	

	
		<script type="text/javascript" src="/content/dam/credit-repair/common/js/jquery.easing-1.3.js"></script>
	


<script>
	/* Modernizr 2.8.2 (Custom Build) | MIT & BSD
	 * Build: http://modernizr.com/download/#-backgroundsize-cssgradients-csstransforms-csstransforms3d-csstransitions-shiv-mq-cssclasses-teststyles-testprop-testallprops-prefixes-domprefixes-css_remunit-load
	 */
	;window.Modernizr=function(a,b,c){function A(a){j.cssText=a}function B(a,b){return A(m.join(a+";")+(b||""))}function C(a,b){return typeof a===b}function D(a,b){return!!~(""+a).indexOf(b)}function E(a,b){for(var d in a){var e=a[d];if(!D(e,"-")&&j[e]!==c)return b=="pfx"?e:!0}return!1}function F(a,b,d){for(var e in a){var f=b[a[e]];if(f!==c)return d===!1?a[e]:C(f,"function")?f.bind(d||b):f}return!1}function G(a,b,c){var d=a.charAt(0).toUpperCase()+a.slice(1),e=(a+" "+o.join(d+" ")+d).split(" ");return C(b,"string")||C(b,"undefined")?E(e,b):(e=(a+" "+p.join(d+" ")+d).split(" "),F(e,b,c))}var d="2.8.2",e={},f=!0,g=b.documentElement,h="modernizr",i=b.createElement(h),j=i.style,k,l={}.toString,m=" -webkit- -moz- -o- -ms- ".split(" "),n="Webkit Moz O ms",o=n.split(" "),p=n.toLowerCase().split(" "),q={},r={},s={},t=[],u=t.slice,v,w=function(a,c,d,e){var f,i,j,k,l=b.createElement("div"),m=b.body,n=m||b.createElement("body");if(parseInt(d,10))while(d--)j=b.createElement("div"),j.id=e?e[d]:h+(d+1),l.appendChild(j);return f=["&#173;",'<style id="s',h,'">',a,"</style>"].join(""),l.id=h,(m?l:n).innerHTML+=f,n.appendChild(l),m||(n.style.background="",n.style.overflow="hidden",k=g.style.overflow,g.style.overflow="hidden",g.appendChild(n)),i=c(l,a),m?l.parentNode.removeChild(l):(n.parentNode.removeChild(n),g.style.overflow=k),!!i},x=function(b){var c=a.matchMedia||a.msMatchMedia;if(c)return c(b)&&c(b).matches||!1;var d;return w("@media "+b+" { #"+h+" { position: absolute; } }",function(b){d=(a.getComputedStyle?getComputedStyle(b,null):b.currentStyle)["position"]=="absolute"}),d},y={}.hasOwnProperty,z;!C(y,"undefined")&&!C(y.call,"undefined")?z=function(a,b){return y.call(a,b)}:z=function(a,b){return b in a&&C(a.constructor.prototype[b],"undefined")},Function.prototype.bind||(Function.prototype.bind=function(b){var c=this;if(typeof c!="function")throw new TypeError;var d=u.call(arguments,1),e=function(){if(this instanceof e){var a=function(){};a.prototype=c.prototype;var f=new a,g=c.apply(f,d.concat(u.call(arguments)));return Object(g)===g?g:f}return c.apply(b,d.concat(u.call(arguments)))};return e}),q.backgroundsize=function(){return G("backgroundSize")},q.cssgradients=function(){var a="background-image:",b="gradient(linear,left top,right bottom,from(#9f9),to(white));",c="linear-gradient(left top,#9f9, white);";return A((a+"-webkit- ".split(" ").join(b+a)+m.join(c+a)).slice(0,-a.length)),D(j.backgroundImage,"gradient")},q.csstransforms=function(){return!!G("transform")},q.csstransforms3d=function(){var a=!!G("perspective");return a&&"webkitPerspective"in g.style&&w("@media (transform-3d),(-webkit-transform-3d){#modernizr{left:9px;position:absolute;height:3px;}}",function(b,c){a=b.offsetLeft===9&&b.offsetHeight===3}),a},q.csstransitions=function(){return G("transition")};for(var H in q)z(q,H)&&(v=H.toLowerCase(),e[v]=q[H](),t.push((e[v]?"":"no-")+v));return e.addTest=function(a,b){if(typeof a=="object")for(var d in a)z(a,d)&&e.addTest(d,a[d]);else{a=a.toLowerCase();if(e[a]!==c)return e;b=typeof b=="function"?b():b,typeof f!="undefined"&&f&&(g.className+=" "+(b?"":"no-")+a),e[a]=b}return e},A(""),i=k=null,function(a,b){function l(a,b){var c=a.createElement("p"),d=a.getElementsByTagName("head")[0]||a.documentElement;return c.innerHTML="x<style>"+b+"</style>",d.insertBefore(c.lastChild,d.firstChild)}function m(){var a=s.elements;return typeof a=="string"?a.split(" "):a}function n(a){var b=j[a[h]];return b||(b={},i++,a[h]=i,j[i]=b),b}function o(a,c,d){c||(c=b);if(k)return c.createElement(a);d||(d=n(c));var g;return d.cache[a]?g=d.cache[a].cloneNode():f.test(a)?g=(d.cache[a]=d.createElem(a)).cloneNode():g=d.createElem(a),g.canHaveChildren&&!e.test(a)&&!g.tagUrn?d.frag.appendChild(g):g}function p(a,c){a||(a=b);if(k)return a.createDocumentFragment();c=c||n(a);var d=c.frag.cloneNode(),e=0,f=m(),g=f.length;for(;e<g;e++)d.createElement(f[e]);return d}function q(a,b){b.cache||(b.cache={},b.createElem=a.createElement,b.createFrag=a.createDocumentFragment,b.frag=b.createFrag()),a.createElement=function(c){return s.shivMethods?o(c,a,b):b.createElem(c)},a.createDocumentFragment=Function("h,f","return function(){var n=f.cloneNode(),c=n.createElement;h.shivMethods&&("+m().join().replace(/[\w\-]+/g,function(a){return b.createElem(a),b.frag.createElement(a),'c("'+a+'")'})+");return n}")(s,b.frag)}function r(a){a||(a=b);var c=n(a);return s.shivCSS&&!g&&!c.hasCSS&&(c.hasCSS=!!l(a,"article,aside,dialog,figcaption,figure,footer,header,hgroup,main,nav,section{display:block}mark{background:#FF0;color:#000}template{display:none}")),k||q(a,c),a}var c="3.7.0",d=a.html5||{},e=/^<|^(?:button|map|select|textarea|object|iframe|option|optgroup)$/i,f=/^(?:a|b|code|div|fieldset|h1|h2|h3|h4|h5|h6|i|label|li|ol|p|q|span|strong|style|table|tbody|td|th|tr|ul)$/i,g,h="_html5shiv",i=0,j={},k;(function(){try{var a=b.createElement("a");a.innerHTML="<xyz></xyz>",g="hidden"in a,k=a.childNodes.length==1||function(){b.createElement("a");var a=b.createDocumentFragment();return typeof a.cloneNode=="undefined"||typeof a.createDocumentFragment=="undefined"||typeof a.createElement=="undefined"}()}catch(c){g=!0,k=!0}})();var s={elements:d.elements||"abbr article aside audio bdi canvas data datalist details dialog figcaption figure footer header hgroup main mark meter nav output progress section summary template time video",version:c,shivCSS:d.shivCSS!==!1,supportsUnknownElements:k,shivMethods:d.shivMethods!==!1,type:"default",shivDocument:r,createElement:o,createDocumentFragment:p};a.html5=s,r(b)}(this,b),e._version=d,e._prefixes=m,e._domPrefixes=p,e._cssomPrefixes=o,e.mq=x,e.testProp=function(a){return E([a])},e.testAllProps=G,e.testStyles=w,g.className=g.className.replace(/(^|\s)no-js(\s|$)/,"$1$2")+(f?" js "+t.join(" "):""),e}(this,this.document),function(a,b,c){function d(a){return"[object Function]"==o.call(a)}function e(a){return"string"==typeof a}function f(){}function g(a){return!a||"loaded"==a||"complete"==a||"uninitialized"==a}function h(){var a=p.shift();q=1,a?a.t?m(function(){("c"==a.t?B.injectCss:B.injectJs)(a.s,0,a.a,a.x,a.e,1)},0):(a(),h()):q=0}function i(a,c,d,e,f,i,j){function k(b){if(!o&&g(l.readyState)&&(u.r=o=1,!q&&h(),l.onload=l.onreadystatechange=null,b)){"img"!=a&&m(function(){t.removeChild(l)},50);for(var d in y[c])y[c].hasOwnProperty(d)&&y[c][d].onload()}}var j=j||B.errorTimeout,l=b.createElement(a),o=0,r=0,u={t:d,s:c,e:f,a:i,x:j};1===y[c]&&(r=1,y[c]=[]),"object"==a?l.data=c:(l.src=c,l.type=a),l.width=l.height="0",l.onerror=l.onload=l.onreadystatechange=function(){k.call(this,r)},p.splice(e,0,u),"img"!=a&&(r||2===y[c]?(t.insertBefore(l,s?null:n),m(k,j)):y[c].push(l))}function j(a,b,c,d,f){return q=0,b=b||"j",e(a)?i("c"==b?v:u,a,b,this.i++,c,d,f):(p.splice(this.i++,0,a),1==p.length&&h()),this}function k(){var a=B;return a.loader={load:j,i:0},a}var l=b.documentElement,m=a.setTimeout,n=b.getElementsByTagName("script")[0],o={}.toString,p=[],q=0,r="MozAppearance"in l.style,s=r&&!!b.createRange().compareNode,t=s?l:n.parentNode,l=a.opera&&"[object Opera]"==o.call(a.opera),l=!!b.attachEvent&&!l,u=r?"object":l?"script":"img",v=l?"script":u,w=Array.isArray||function(a){return"[object Array]"==o.call(a)},x=[],y={},z={timeout:function(a,b){return b.length&&(a.timeout=b[0]),a}},A,B;B=function(a){function b(a){var a=a.split("!"),b=x.length,c=a.pop(),d=a.length,c={url:c,origUrl:c,prefixes:a},e,f,g;for(f=0;f<d;f++)g=a[f].split("="),(e=z[g.shift()])&&(c=e(c,g));for(f=0;f<b;f++)c=x[f](c);return c}function g(a,e,f,g,h){var i=b(a),j=i.autoCallback;i.url.split(".").pop().split("?").shift(),i.bypass||(e&&(e=d(e)?e:e[a]||e[g]||e[a.split("/").pop().split("?")[0]]),i.instead?i.instead(a,e,f,g,h):(y[i.url]?i.noexec=!0:y[i.url]=1,f.load(i.url,i.forceCSS||!i.forceJS&&"css"==i.url.split(".").pop().split("?").shift()?"c":c,i.noexec,i.attrs,i.timeout),(d(e)||d(j))&&f.load(function(){k(),e&&e(i.origUrl,h,g),j&&j(i.origUrl,h,g),y[i.url]=2})))}function h(a,b){function c(a,c){if(a){if(e(a))c||(j=function(){var a=[].slice.call(arguments);k.apply(this,a),l()}),g(a,j,b,0,h);else if(Object(a)===a)for(n in m=function(){var b=0,c;for(c in a)a.hasOwnProperty(c)&&b++;return b}(),a)a.hasOwnProperty(n)&&(!c&&!--m&&(d(j)?j=function(){var a=[].slice.call(arguments);k.apply(this,a),l()}:j[n]=function(a){return function(){var b=[].slice.call(arguments);a&&a.apply(this,b),l()}}(k[n])),g(a[n],j,b,n,h))}else!c&&l()}var h=!!a.test,i=a.load||a.both,j=a.callback||f,k=j,l=a.complete||f,m,n;c(h?a.yep:a.nope,!!i),i&&c(i)}var i,j,l=this.yepnope.loader;if(e(a))g(a,0,l,0);else if(w(a))for(i=0;i<a.length;i++)j=a[i],e(j)?g(j,0,l,0):w(j)?B(j):Object(j)===j&&h(j,l);else Object(a)===a&&h(a,l)},B.addPrefix=function(a,b){z[a]=b},B.addFilter=function(a){x.push(a)},B.errorTimeout=1e4,null==b.readyState&&b.addEventListener&&(b.readyState="loading",b.addEventListener("DOMContentLoaded",A=function(){b.removeEventListener("DOMContentLoaded",A,0),b.readyState="complete"},0)),a.yepnope=k(),a.yepnope.executeStack=h,a.yepnope.injectJs=function(a,c,d,e,i,j){var k=b.createElement("script"),l,o,e=e||B.errorTimeout;k.src=a;for(o in d)k.setAttribute(o,d[o]);c=j?h:c||f,k.onreadystatechange=k.onload=function(){!l&&g(k.readyState)&&(l=1,c(),k.onload=k.onreadystatechange=null)},m(function(){l||(l=1,c(1))},e),i?k.onload():n.parentNode.insertBefore(k,n)},a.yepnope.injectCss=function(a,c,d,e,g,i){var e=b.createElement("link"),j,c=i?h:c||f;e.href=a,e.rel="stylesheet",e.type="text/css";for(j in d)e.setAttribute(j,d[j]);g||(n.parentNode.insertBefore(e,n),m(c,0))}}(this,document),Modernizr.load=function(){yepnope.apply(window,[].slice.call(arguments,0))},Modernizr.addTest("cssremunit",function(){var a=document.createElement("div");try{a.style.fontSize="3rem"}catch(b){}return/rem/.test(a.style.fontSize)});
</script>







	<script type="text/javascript" src="//use.typekit.net/dsb2ydi.js"></script>
	<style type="text/css">.tk-museo-sans{font-family:"museo-sans",sans-serif;}.tk-source-sans-pro{font-family:"source-sans-pro",sans-serif;}.tk-work-sans{font-family:"work-sans",sans-serif;}</style><style type="text/css">@font-face{font-family:source-sans-pro;src:url(https://use.typekit.net/af/61f808/00000000000000003b9b3d63/27/l?primer=7cdcb44be4a7db8877ffa5c0007b8dd865b3bbc383831fe2ea177f62257a9191&fvd=n4&v=3) format("woff2"),url(https://use.typekit.net/af/61f808/00000000000000003b9b3d63/27/d?primer=7cdcb44be4a7db8877ffa5c0007b8dd865b3bbc383831fe2ea177f62257a9191&fvd=n4&v=3) format("woff"),url(https://use.typekit.net/af/61f808/00000000000000003b9b3d63/27/a?primer=7cdcb44be4a7db8877ffa5c0007b8dd865b3bbc383831fe2ea177f62257a9191&fvd=n4&v=3) format("opentype");font-weight:400;font-style:normal;font-display:auto;}@font-face{font-family:source-sans-pro;src:url(https://use.typekit.net/af/422d60/00000000000000003b9b3d67/27/l?primer=7cdcb44be4a7db8877ffa5c0007b8dd865b3bbc383831fe2ea177f62257a9191&fvd=n7&v=3) format("woff2"),url(https://use.typekit.net/af/422d60/00000000000000003b9b3d67/27/d?primer=7cdcb44be4a7db8877ffa5c0007b8dd865b3bbc383831fe2ea177f62257a9191&fvd=n7&v=3) format("woff"),url(https://use.typekit.net/af/422d60/00000000000000003b9b3d67/27/a?primer=7cdcb44be4a7db8877ffa5c0007b8dd865b3bbc383831fe2ea177f62257a9191&fvd=n7&v=3) format("opentype");font-weight:700;font-style:normal;font-display:auto;}@font-face{font-family:source-sans-pro;src:url(https://use.typekit.net/af/9373a0/00000000000000003b9b3d68/27/l?primer=7cdcb44be4a7db8877ffa5c0007b8dd865b3bbc383831fe2ea177f62257a9191&fvd=i7&v=3) format("woff2"),url(https://use.typekit.net/af/9373a0/00000000000000003b9b3d68/27/d?primer=7cdcb44be4a7db8877ffa5c0007b8dd865b3bbc383831fe2ea177f62257a9191&fvd=i7&v=3) format("woff"),url(https://use.typekit.net/af/9373a0/00000000000000003b9b3d68/27/a?primer=7cdcb44be4a7db8877ffa5c0007b8dd865b3bbc383831fe2ea177f62257a9191&fvd=i7&v=3) format("opentype");font-weight:700;font-style:italic;font-display:auto;}@font-face{font-family:source-sans-pro;src:url(https://use.typekit.net/af/ffb1e2/00000000000000003b9b3d64/27/l?primer=7cdcb44be4a7db8877ffa5c0007b8dd865b3bbc383831fe2ea177f62257a9191&fvd=i4&v=3) format("woff2"),url(https://use.typekit.net/af/ffb1e2/00000000000000003b9b3d64/27/d?primer=7cdcb44be4a7db8877ffa5c0007b8dd865b3bbc383831fe2ea177f62257a9191&fvd=i4&v=3) format("woff"),url(https://use.typekit.net/af/ffb1e2/00000000000000003b9b3d64/27/a?primer=7cdcb44be4a7db8877ffa5c0007b8dd865b3bbc383831fe2ea177f62257a9191&fvd=i4&v=3) format("opentype");font-weight:400;font-style:italic;font-display:auto;}@font-face{font-family:source-sans-pro;src:url(https://use.typekit.net/af/b6c887/00000000000000003b9b3d61/27/l?primer=7cdcb44be4a7db8877ffa5c0007b8dd865b3bbc383831fe2ea177f62257a9191&fvd=n3&v=3) format("woff2"),url(https://use.typekit.net/af/b6c887/00000000000000003b9b3d61/27/d?primer=7cdcb44be4a7db8877ffa5c0007b8dd865b3bbc383831fe2ea177f62257a9191&fvd=n3&v=3) format("woff"),url(https://use.typekit.net/af/b6c887/00000000000000003b9b3d61/27/a?primer=7cdcb44be4a7db8877ffa5c0007b8dd865b3bbc383831fe2ea177f62257a9191&fvd=n3&v=3) format("opentype");font-weight:300;font-style:normal;font-display:auto;}@font-face{font-family:work-sans;src:url(https://use.typekit.net/af/d53556/00000000000000003b9b139f/27/l?primer=7cdcb44be4a7db8877ffa5c0007b8dd865b3bbc383831fe2ea177f62257a9191&fvd=n3&v=3) format("woff2"),url(https://use.typekit.net/af/d53556/00000000000000003b9b139f/27/d?primer=7cdcb44be4a7db8877ffa5c0007b8dd865b3bbc383831fe2ea177f62257a9191&fvd=n3&v=3) format("woff"),url(https://use.typekit.net/af/d53556/00000000000000003b9b139f/27/a?primer=7cdcb44be4a7db8877ffa5c0007b8dd865b3bbc383831fe2ea177f62257a9191&fvd=n3&v=3) format("opentype");font-weight:300;font-style:normal;font-display:auto;}@font-face{font-family:work-sans;src:url(https://use.typekit.net/af/0f7d9c/00000000000000003b9b13a0/27/l?primer=7cdcb44be4a7db8877ffa5c0007b8dd865b3bbc383831fe2ea177f62257a9191&fvd=n4&v=3) format("woff2"),url(https://use.typekit.net/af/0f7d9c/00000000000000003b9b13a0/27/d?primer=7cdcb44be4a7db8877ffa5c0007b8dd865b3bbc383831fe2ea177f62257a9191&fvd=n4&v=3) format("woff"),url(https://use.typekit.net/af/0f7d9c/00000000000000003b9b13a0/27/a?primer=7cdcb44be4a7db8877ffa5c0007b8dd865b3bbc383831fe2ea177f62257a9191&fvd=n4&v=3) format("opentype");font-weight:400;font-style:normal;font-display:auto;}@font-face{font-family:work-sans;src:url(https://use.typekit.net/af/b13a2b/00000000000000003b9b13a3/27/l?primer=7cdcb44be4a7db8877ffa5c0007b8dd865b3bbc383831fe2ea177f62257a9191&fvd=n7&v=3) format("woff2"),url(https://use.typekit.net/af/b13a2b/00000000000000003b9b13a3/27/d?primer=7cdcb44be4a7db8877ffa5c0007b8dd865b3bbc383831fe2ea177f62257a9191&fvd=n7&v=3) format("woff"),url(https://use.typekit.net/af/b13a2b/00000000000000003b9b13a3/27/a?primer=7cdcb44be4a7db8877ffa5c0007b8dd865b3bbc383831fe2ea177f62257a9191&fvd=n7&v=3) format("opentype");font-weight:700;font-style:normal;font-display:auto;}</style><script type="text/javascript">
		try {
			Typekit.load();
		} catch (e) {}
	</script>


<link rel="icon" type="image/x-icon" href="https://www.creditrepair.com/images/favicon.ico">


	<link rel="canonical" href="https://www.creditrepair.com/">



	
		<link rel="stylesheet" href="/content/dam/credit-repair/common/css/normalize.css" type="text/css">
	

	
		<link rel="stylesheet" href="/content/dam/credit-repair/common/css/site.css" type="text/css">
	

	
		<link rel="stylesheet" href="/content/dam/credit-repair/common/css/index.css" type="text/css">
	

	
		<link rel="stylesheet" href="/content/dam/credit-repair/common/css/nouislider.min.css" type="text/css">
	

	
		<link rel="stylesheet" href="/content/dam/credit-repair/home/css/how-it-works.css" type="text/css">
	

	
		<link rel="stylesheet" href="/content/dam/credit-repair/home/css/new-hero.css" type="text/css">
	

	
		<link rel="stylesheet" href="/content/dam/credit-repair/home/css/hard-work.css" type="text/css">
	












<title>Credit Repair Services - CreditRepair.com</title>

  <!--Lazy Load Images-->

  <!-- Checks if foreach function exists -->
  <script>
    if (typeof Array.prototype.forEach != 'function') {
      Array.prototype.forEach = function (callback) {
          for (var i = 0; i < this.length; i++) {
              callback.apply(this, [this[i], i, this]);
          }
      };
    }

    if (window.NodeList && !NodeList.prototype.forEach) {
        NodeList.prototype.forEach = Array.prototype.forEach;
    }
  </script><script src="https://assets.adobedtm.com/extensions/EP5e9ec493dfa0465eaa797b523b09d3f7/AppMeasurement.min.js" async=""></script><style id="at-makers-style" class="at-flicker-control">
.mboxDefault {visibility: hidden;}
</style>

  <!-- LazyLoad Script -->
  <script>
  document.addEventListener("DOMContentLoaded",function(){var lazyloadImages;if("IntersectionObserver" in window){lazyloadImages=document.querySelectorAll(".lazy-loader");var imageObserver=new IntersectionObserver(function(entries,observer){entries.forEach(function(entry){if(entry.isIntersecting){var image=entry.target;image.src=image.dataset.src;image.classList.remove("lazy-loader");imageObserver.unobserve(image)}})});lazyloadImages.forEach(function(image){imageObserver.observe(image)})}else{var lazyloadThrottleTimeout;lazyloadImages=document.querySelectorAll(".lazy-loader");function lazyload(){if(lazyloadThrottleTimeout){clearTimeout(lazyloadThrottleTimeout)}
  lazyloadThrottleTimeout=setTimeout(function(){var scrollTop=window.pageYOffset;lazyloadImages.forEach(function(img){if(img.offsetTop<(window.innerHeight+scrollTop)){img.src=img.dataset.src;img.classList.remove('lazy-loader')}});if(lazyloadImages.length==0){document.removeEventListener("scroll",lazyload);window.removeEventListener("resize",lazyload);window.removeEventListener("orientationChange",lazyload)}},20)}
  document.addEventListener("scroll",lazyload);window.addEventListener("resize",lazyload);window.addEventListener("orientationChange",lazyload)}})
  </script>
<script src="https://googleads.g.doubleclick.net/pagead/viewthroughconversion/995332405/?random=1602548689351&amp;cv=9&amp;fst=1602548689351&amp;num=1&amp;bg=ffffff&amp;guid=ON&amp;resp=GooglemKTybQhCsO&amp;u_h=1050&amp;u_w=1680&amp;u_ah=1027&amp;u_aw=1680&amp;u_cd=30&amp;u_his=2&amp;u_tz=-360&amp;u_java=false&amp;u_nplug=0&amp;u_nmime=0&amp;gtm=2oa9u1&amp;sendb=1&amp;ig=1&amp;data=event%3Dgtag.config&amp;frm=0&amp;url=https%3A%2F%2Fwww.creditrepair.com%2F&amp;tiba=Credit%20Repair%20Services%20-%20CreditRepair.com&amp;hn=www.googleadservices.com&amp;async=1&amp;rfmt=3&amp;fmt=4"></script><script src="https://googleads.g.doubleclick.net/pagead/viewthroughconversion/1053751751/?random=1602548689358&amp;cv=9&amp;fst=1602548689358&amp;num=1&amp;bg=ffffff&amp;guid=ON&amp;resp=GooglemKTybQhCsO&amp;eid=376635471&amp;u_h=1050&amp;u_w=1680&amp;u_ah=1027&amp;u_aw=1680&amp;u_cd=30&amp;u_his=2&amp;u_tz=-360&amp;u_java=false&amp;u_nplug=0&amp;u_nmime=0&amp;gtm=2oa9u1&amp;sendb=1&amp;ig=1&amp;data=event%3Dgtag.config&amp;frm=0&amp;url=https%3A%2F%2Fwww.creditrepair.com%2F&amp;tiba=Credit%20Repair%20Services%20-%20CreditRepair.com&amp;hn=www.googleadservices.com&amp;async=1&amp;rfmt=3&amp;fmt=4"></script><script src="https://googleads.g.doubleclick.net/pagead/viewthroughconversion/939232542/?random=1602548689374&amp;cv=9&amp;fst=1602548689374&amp;num=1&amp;bg=ffffff&amp;guid=ON&amp;resp=GooglemKTybQhCsO&amp;u_h=1050&amp;u_w=1680&amp;u_ah=1027&amp;u_aw=1680&amp;u_cd=30&amp;u_his=2&amp;u_tz=-360&amp;u_java=false&amp;u_nplug=0&amp;u_nmime=0&amp;gtm=2oa9u1&amp;sendb=1&amp;ig=1&amp;data=event%3Dgtag.config&amp;frm=0&amp;url=https%3A%2F%2Fwww.creditrepair.com%2F&amp;tiba=Credit%20Repair%20Services%20-%20CreditRepair.com&amp;hn=www.googleadservices.com&amp;async=1&amp;rfmt=3&amp;fmt=4"></script><script src="https://googleads.g.doubleclick.net/pagead/viewthroughconversion/1070835421/?random=1602548689375&amp;cv=9&amp;fst=1602548689375&amp;num=1&amp;bg=ffffff&amp;guid=ON&amp;resp=GooglemKTybQhCsO&amp;eid=376635470&amp;u_h=1050&amp;u_w=1680&amp;u_ah=1027&amp;u_aw=1680&amp;u_cd=30&amp;u_his=2&amp;u_tz=-360&amp;u_java=false&amp;u_nplug=0&amp;u_nmime=0&amp;gtm=2oa9u1&amp;sendb=1&amp;ig=1&amp;data=event%3Dgtag.config&amp;frm=0&amp;url=https%3A%2F%2Fwww.creditrepair.com%2F&amp;tiba=Credit%20Repair%20Services%20-%20CreditRepair.com&amp;hn=www.googleadservices.com&amp;async=1&amp;rfmt=3&amp;fmt=4"></script><script>
if(window.navigator.userAgent.indexOf("Firefox/54") !== -1){
    window.location.replace("https://www.creditrepair.com/signup/errors");
}
</script><script type="text/javascript">window.ttMETA=(typeof(window.ttMETA)!='undefined')?window.ttMETA:[];window.ttMETA.push({'mbox':'target-global-mbox','campaign':'CR - Firefox Mozilla 54','experience':'Experience A','offer':'\/cr_-_firefox_mozilla54\/experiences\/0\/pages\/0\/zones\/0\/1579814183319'});window.ttMBX=function(x){var mbxList=[];for(i=0;i<ttMETA.length;i++){if(ttMETA[i].mbox==x.getName()){mbxList.push(ttMETA[i])}}return mbxList[x.getId()]};</script><script src="https://assets.adobedtm.com/86ff4ffaf311/91fa59baa986/df5783653241/RCb3df349f9f3848c69ba96abca2e5c384-source.min.js" async=""></script><script async="" src="https://static.hotjar.com/c/hotjar-1051427.js?sv=6"></script><script src="https://assets.adobedtm.com/86ff4ffaf311/91fa59baa986/df5783653241/RC8611781eab49420db98eb4c02654e909-source.min.js" async=""></script><script type="text/javascript" src="//solutions.invocacdn.com/js/networks/929/2814517279/tag-live.js"></script><script src="https://assets.adobedtm.com/86ff4ffaf311/91fa59baa986/df5783653241/RCcbdb608547f1477c866627c211240a6b-source.min.js" async=""></script><script src="https://assets.adobedtm.com/86ff4ffaf311/91fa59baa986/df5783653241/RC4578e06347cb42b3909d0ee0992a78fa-source.min.js" async=""></script><script src="https://assets.adobedtm.com/86ff4ffaf311/91fa59baa986/df5783653241/RC79b3ddbf0bb74289be07911486c9739c-source.min.js" async=""></script><script src="https://assets.adobedtm.com/86ff4ffaf311/91fa59baa986/df5783653241/RCbacdaf62e88c492c9a39d0fc6e3c395a-source.min.js" async=""></script><script src="https://assets.adobedtm.com/86ff4ffaf311/91fa59baa986/df5783653241/RCda9a817cddaa47f0b3dc9e845842e592-source.min.js" async=""></script><script src="https://assets.adobedtm.com/86ff4ffaf311/91fa59baa986/df5783653241/RC92e7ee8604c84cb09f8c77f2e6eddd31-source.min.js" async=""></script><script src="https://assets.adobedtm.com/86ff4ffaf311/91fa59baa986/df5783653241/RCf8ab8bb090e84638bc13ea956ae6a58a-source.min.js" async=""></script><script src="https://assets.adobedtm.com/86ff4ffaf311/91fa59baa986/df5783653241/RC38216e65adbc4cbcbff6b23709853742-source.min.js" async=""></script><script src="https://assets.adobedtm.com/86ff4ffaf311/91fa59baa986/df5783653241/RCb7eb3dc342c8479ea72c299f49900c48-source.min.js" async=""></script></head>
    <body>

    <script type="application/ld+json">
{
  "@context": "https://schema.org",
  "@type": "corporation",
  "name": "CreditRepair.com",
  "legalName": "CreditRepair.com",
  "url": "https://www.creditrepair.com/",
  "description": "CreditRepair.com empowers every individual to achieve the credit scores they deserve and enjoy a lifestyle of greater opportunity. We are beyond one-time credit repair; we are dedicated to helping you develop a healthier relationship with your credit.",
  "logo": "https://www.creditrepair.com/images/credit-repair-logo.png",
  "sameAs": [
    "https://www.facebook.com/creditrepaircom",
    "https://twitter.com/creditrepair",
    "https://instagram.com/creditrepair.com",
    "http://www.youtube.com/CreditRepair",
    "https://www.linkedin.com/company/creditrepair-com",
    "https://www.youtube.com/channel/UC310gltUBa0VTGzZ-HdPyDw",
    "https://www.consumeraffairs.com/finance/creditrepaircom.html",
    "https://bestcompany.com/credit-repair/company/credit-repair-com"],
  "foundingDate": "1997",
  "contactPoint" :  [{ "@type": "ContactPoint",
    "telephone": "+1-833-813-1000",
    "contactType": "customer service",
    "contactOption": "TollFree",
    "areaServed": "US"
  }
  ],
  "location": {
  "@type": "Place",
    "address": {
      "@type": "PostalAddress",
      "addressLocality": "West Valley City",
      "addressRegion": "UT",
      "postalCode": "84119",
      "streetAddress": "2875 S Decker Lake Dr",
      "addressCountry":"USA"},
  "hasMap": "https://maps.google.com/maps?cid=3673121874415033650"
}}  
</script>

<div class="content">
    <div class="main">
        


<div class="aem-Grid aem-Grid--12 aem-Grid--default--12 ">
    
    
    
</div>

        


<div class="aem-Grid aem-Grid--12 aem-Grid--default--12 ">
    
    <div class="htmlreference parbase aem-GridColumn aem-GridColumn--default--12">
    <div id="header_wrapper">
	<div class="container">
		<a href="https://www.creditrepair.com"><img id="credit_repair_logo" src="https://www.creditrepair.com/images/credit-repair-logo-416x66.png" alt="CreditRepair.com"></a>
		<ul id="top_nav">
			<li class="top_nav_member_login_wrapper"><a class="top_nav_member_login" href="http://members.creditrepair.com">Log In<span class="top_nav_login_icon"></span></a></li>
			<li class="top_nav_sign_up_wrapper"><a class="top_nav_sign_up" href="https://www.creditrepair.com/signup">Sign Up Now</a></li>
		</ul>
		<div id="mobile_nav_toggle" class="">Menu</div>
		<ul id="navigation" class="">
			<li><a href="https://www.creditrepair.com/fix-my-credit">Fix My Credit</a></li>
			<li><a href="https://www.creditrepair.com/credit-education">Credit Education</a></li>
			<li><a href="https://www.creditrepair.com/about-us">About Us</a></li>
			<li class="navigation_login_wrap"><a class="navigation_login_btn" href="http://members.creditrepair.com">Log
					In<span class="navigation_login_icon"></span></a></li>
			<li class="navigation_signup_wrap"><a class="navigation_signup_btn" href="https://www.creditrepair.com/credit-snapshot/pi">Sign Up Now</a></li>
		</ul>
	</div>
	<section class="mobile_login_bar active">
		<div class="hub-link"><a href="https://www.creditrepair.com/fix-my-credit">Fix My Credit</a></div>
		<div class="hub-link"><a href="https://www.creditrepair.com/credit-education">Credit Education</a></div>
		<div class="hub-link"><a href="https://www.creditrepair.com/about-us">About Us</a></div>

		<div class="bar-login"><a href="http://members.creditrepair.com">Login</a></div>
	</section>
</div>

<script>
	// CR Mobile Bar Functionality
	$(window).scroll(function () {
		100 < $(window).scrollTop() ? $(
			".mobile_login_bar"
		).addClass("active") : $(
			".mobile_login_bar"
		).removeClass("active")
	});
</script>

</div>
<div class="htmlreference parbase aem-GridColumn aem-GridColumn--default--12">
    <div id="page_pop_background"></div>
<!-------------------------- CR Home Hero ---------------------------->
<div class="cr-hero-main">
    <div class="hero-boundaries">
        <div class="hero-container">

            <p class="heading"><span class="heading-bold">They say</span>bad credit is forever <span class="heading-bold">We say</span>You can fix it</p>

            <div class="hero-btn-container">
                <div class="button-wrapper">
                    <p class="sub-header">Check your credit for FREE</p>
                    <a class="call_btn" href="/credit-snapshot/pi" data-unique="phone-hero">Get Started</a>
                    <a class="signup-online" data-unique="signup-hero" href="/signup">or sign up online »</a>
                </div>
            </div>
        </div>

        <div class="hero-img"></div>

        <div class="button-wrapper-mobile">
            <div class="button-wrapper">
                <p class="sub-header">It’s time you tried credit repair.</p>
                <a class="call_btn" href="/credit-snapshot/pi" data-unique="phone-hero">Get Started</a>
                <a class="signup-online" data-unique="signup-hero" href="/signup">or sign up online »</a>
            </div>
        </div>
    </div>
</div>

<div class="modal" style="display: none;"></div>
<div id="cr-modal" style="display: none;">
    <div class="modal-container">
        <div class="modal-heading">
            <span class="closeBtn">✕</span>
            <h1 class="modal-image"></h1>
            <h2>You can improve your credit score.</h2>
        </div>
        <div class="modal-content">
            <p class="call-now-heading"><span>－－－</span> Get your FREE
                <span>－－－</span>
            </p>
            <ul class="credit-list">
                <li>Personalized credit consultation</li>
                <li class="credit-rep">Credit report summary</li>
                <li>Score evaluation &amp; game plan</li>
            </ul>
            <div class="modal-buttons">
                <a class="call-now-btn" href="/credit-snapshot/pi" data-unique="phone-modal">Get Started</a>
                <a class="sign-up" href="/signup" data-unique="signup-modal">or sign up online »</a>
            </div>
        </div>
    </div>
</div>
<!-------------------------- End CR Home Hero ---------------------------->

</div>
<div class="htmlreference parbase aem-GridColumn aem-GridColumn--default--12">
    <style>

signup-v2 a{text-decoration:none;color:#007cba}
button.submit-info,a.sign-up-button,a.modal-button{margin:0 auto;font-size:16px;color:#fff;background-color:#ff9807;border-width:0;border-radius:5px;cursor:pointer;position:relative;font-family:source-sans-pro,sans-serif;font-weight:400;text-decoration:none;text-transform:uppercase;letter-spacing:1px;padding:15px 25px;display:inline-block;text-align:center;line-height:normal;max-width:275px;min-width:60px}
button.submit-info:before,a.sign-up-button:before,a.modal-button:before{content:"";position:absolute;width:calc(100% - 45px);height:2px;bottom:10px;left:21px;background-color:#fff;visibility:hidden;-webkit-transform:scaleX(0);transform:scaleX(0);-webkit-transition:all .3s ease-in-out;transition:all .3s ease-in-out}
button.submit-info:hover,a.sign-up-button:hover,a.modal-button:hover{background-color:#e78107}
button.submit-info:hover:before,a.sign-up-button:hover:before,a.modal-button:hover:before{visibility:visible;-webkit-transform:scaleX(1);transform:scaleX(1)}
button.submit-info:disabled,a.sign-up-button:disabled,a.modal-button:disabled{background:grey}
section#signup-v2{padding:60px 10px 40px;color:#444;opacity:0;transition:opacity .3s ease-in-out;height:0;overflow:hidden; background: #fff;font-family:work-sans,sans-serif;font-weight:300}
section#signup-v2.technical-error{opacity:1;height:auto}


fieldset{border-width:0;padding:0;margin:0}
div.block{display:inline-block;width:45%;margin:0 10px 20px;vertical-align:top}
div.block input{width:100%;border:1px solid #a1a1a1;border-radius:3px;color:#a1a1a1;font-size:14px;padding:18px 10px 10px;box-sizing:border-box}
div.block input::placeholder{font-size:14px;color:#bcbcbc;opacity:0}
div.floating_label{position:relative}
div.floating_label label{font-size:14px;opacity:.5;color:#444;position:absolute;top:15px;right:auto;left:11px;transition:all ease-in .2s;cursor:text}
div.floating_label label.extra-label{top:8px;right:8px;left:auto;opacity:1}
div.floating_label input:focus+label,div.floating_label input:valid+label,div.floating_label input:disabled+label{font-size:10px;top:6px;opacity:1}
div.floating_label.field_error label{color:#de6f57}
div.floating_label.field_error .emailError+label{font-size:10px;top:6px}
.errors{background-color:#de6f57;width:100%;text-align:center;color:#fff;padding:10px 0;font-size:14px;line-height:16px;display:none}
.errors .errors-icon{font-size:10px;font-weight:700;width:15px;height:15px;color:#de6f57;background-color:#fff;border-radius:50%;line-height:15px;display:inline-block;vertical-align:top;margin:0 5px}
div.field_error input{border:1px solid #de6f57}
div.field_error em.field-text{position:relative;display:block;background-color:transparent;color:#de6f57;font-size:12px;font-style:normal;top:auto;padding:5px 0 0 5px;transition:all .1s ease-in-out}
div.field_error .field-icon{font-size:12px;font-weight:700;width:18px;height:18px;color:#fff;background-color:#de6f57;border-radius:50%;line-height:18px;display:block;position:absolute;text-align:center;top:13px;right:7px;transition:all .1s ease-in-out}
div.field_error .field-icon:before{content:'\0021'}
em.field-text,span.field-icon{display:none}
.signature em.field-text{display:block;margin:10px 0 0}
div.floating_label.field_pass label{color:#62ba96}
div.field_pass input{border:1px solid #62ba96}
div.field_pass em.field-text{position:relative;display:block;background-color:transparent;color:#62ba96;font-style:normal;font-size:12px;top:auto;padding:5px 0 0 0;transition:all .1s ease-in-out}
div.field_pass .field-icon:before{content:'\2713'}
div.field_pass .field-icon{font-size:18px;font-weight:700;color:#62ba96;border-radius:50%;line-height:18px;display:block;position:absolute;text-align:center;top:14px;right:10px;transition:all .1s ease-in-out}
div.submit_button_wrap{width:100%;text-align:center;margin:20px auto 30px}
div.loading-box{text-align:center;position:relative;padding-right:50px}
div.loading-box.full-sized{padding:0;margin:0}
.loading{opacity:0;border:6px solid rgba(255,152,7,0.7);border-top-color:rgba(255,152,7,0.9);border-radius:100%;height:40px;width:40px;display:none}
.loading.start{opacity:1;display:inline-block;position:absolute;animation:rotate .8s infinite linear;transition:all .5s ease-in-out}
div.loading-box.full-sized .loading{width:60px;height:60px;border:6px solid rgba(255,152,7,0.7);border-top-color:rgba(255,152,7,0.9)}
div.loading-box.full-sized .loading.start{position:relative;margin:250px auto}
@keyframes rotate{from{transform:rotate(0)}
to{transform:rotate(359deg)}
}
@keyframes loading-text{0{opacity:0}
100%{opacity:1}
}
.loading-text-1,.loading-text-2,.loading-text-3,.loading-text-4,.loading-text-5,.loading-text-6,.loading-text-7,.loading-text-8,.loading-text-9,.loading-text-10{opacity:0;display:inline-block}
.loading-text-1.activate{animation:loading-text .3s .1s 1 normal forwards;animation-timing-function:ease-in}
.loading-text-2.activate{animation:loading-text .3s .2s 1 normal forwards;animation-timing-function:ease-in}
.loading-text-3.activate{animation:loading-text .3s .3s 1 normal forwards;animation-timing-function:ease-in}
.loading-text-4.activate{animation:loading-text .3s .4s 1 normal forwards;animation-timing-function:ease-in}
.loading-text-5.activate{animation:loading-text .3s .5s 1 normal forwards;animation-timing-function:ease-in}
.loading-text-6.activate{animation:loading-text .3s .6s 1 normal forwards;animation-timing-function:ease-in}
.loading-text-7.activate{animation:loading-text .3s .7s 1 normal forwards;animation-timing-function:ease-in}
.loading-text-8.activate{animation:loading-text .3s .8s 1 normal forwards;animation-timing-function:ease-in}
.loading-text-9.activate{animation:loading-text .3s .9s 1 normal forwards;animation-timing-function:ease-in}
.loading-text-10.activate{animation:loading-text .3s 1s 1 normal forwards;animation-timing-function:ease-in}
p.loading-text-box{display:none;margin-right:15px}
p.loading-text-box span{text-align:center;font-size:20px;margin:0 3px;padding:10px 0;color:rgba(255,152,7,0.8);font-family:'ProximaNova-Regular'}
.check-boundaries{opacity:0;display:none;justify-content:center;height:100%;position:relative;margin:0 auto;text-align:center;transition:opacity .3s ease-in-out}
.check-boundaries.appear{display:block;opacity:1}
.check-boundaries .box{margin:0 auto;width:50px;height:50px;background-color:rgba(98,186,150,0.048);border:1px solid #62ba96;border-radius:100%}
.check-boundaries .box.appear{animation:check-boundaries-grow 1s forwards}
.check-boundaries .check{width:10px;height:22px;transform:rotate(44deg);position:absolute;top:0;left:50%;margin-left:-7px;margin-top:8px}
.check-boundaries .check:after{content:"";width:100%;height:100%;border:3px solid #237e64;border-left-width:0;border-top-width:0;position:absolute;bottom:-2px;right:-6px}
.check-boundaries .check.appear{animation:check-boundaries-cha 1.2s ease-in-out forwards}
@keyframes check-boundaries-grow{0{transform:scale(0)}
100%{transform:scale(1)}
}
@keyframes check-boundaries-cha{0{width:0;height:0}
50%{width:0;height:11px}
100%{width:10px;height:22px}
}
.error-boundaries{opacity:0;display:none;justify-content:center;height:100%;position:relative;margin:0 auto;text-align:center;transition:opacity .3s ease-in-out}
.error-boundaries.appear{display:block;opacity:1}
.error-boundaries .error-box{margin:0 auto;width:50px;height:50px;background-color:#cc5e4228;border:1px solid #cc5e42;border-radius:100%}
.error-boundaries .error-box.appear{animation:error-boundaries-grow 1s forwards}
.error-boundaries .error{width:30px;height:30px;transform:rotate(44deg);position:absolute;top:0;left:50%;margin-left:-11px;margin-top:-15px}
.error-boundaries .error.appear{animation:error-boundaries-cha 1.2s ease-in-out forwards}
.error-boundaries .error:after{content:"\002B";width:100%;height:100%;color:#cc5e42;position:absolute;left:14px;bottom:-16px}
@keyframes error-boundaries-grow{0{transform:scale(0)}
100%{transform:scale(1)}
}
@keyframes error-boundaries-cha{0{font-size:0;width:0;height:0}
50%{font-size:25px;width:0;height:15px}
100%{font-size:50px;width:30px;height:30px}
}
.credit-consultations h2{font-weight:400;font-size:24px;color:#fff;margin:15px auto;display:none}
.credit-consultations h2.disclaimer-pi{display:block;text-align:left;line-height:initial;max-width:600px;margin:0;}
.credit-consultations h2.disclaimer-pi span{display:block;color:#fff;margin:5px auto; font-size: 28px;}
.credit-consultations .subheader{font-weight: 400; font-size: 24px; color: #007cba;margin:15px auto;text-align:center}
    @media screen and (max-width: 680px) {
        .credit-consultations h2 { font-size: 16px;}
        .credit-consultations h2.disclaimer-pi span { font-size: 22px;}
        .credit-consultations h2.disclaimer-pi { border: none; padding: 0;}
    }
    
.credit-perks{width:300px;margin:0 auto;padding:0;}
.credit-perks .free-perks{width:100%;margin:0 auto;text-align:start;padding-bottom:10px}
.credit-perks .checkbox-green{position:relative;display:inline-block;vertical-align:top}
.credit-perks .checkbox-green .box{margin:0 auto;width:20px;height:20px;border:1px solid #afd852;border-radius:100%}
.credit-perks .checkbox-green .check{width:4px;height:9px;transform:rotate(44deg);position:absolute;top:0;left:50%;margin-left:-5px;margin-top:3px}
.credit-perks .checkbox-green .check:after{content:"";width:100%;height:100%;border:3px solid #afd852;border-left-width:0;border-top-width:0;position:absolute;bottom:-2px;right:-6px}
.credit-perks .checkbox-text{position:relative;display:inline-block;padding-left:5px;vertical-align:sub}
.step1-wrapper{max-width:600px;margin:0 auto}
.step1-wrapper h2{font-weight:400;font-size:24px;color:#007cba;margin:15px auto;display:none}
.step1-wrapper h2.disclaimer-pi{display:block;text-align:center;line-height:initial}
.step1-wrapper .subheader{ font-size:18px;margin:15px auto;text-align:center;line-height:initial}

form#Signup-Form,form#Signup-Form-ffhd{margin:0 auto;padding:15px 0}
form#Signup-Form-ffhd{display:none}
div.ffhd-box .styled_checkbox{display:inline-block;margin:10px 0 0 20px;vertical-align:top}
div.ffhd-box label{display:inline-block;width:75%;margin:0 auto;line-height:1.3;font-weight:500;cursor:pointer}
div.ffhd-box label.ffhd-check-text{width:initial;display:inline-block;vertical-align:top;margin:10px 0 0 0;font-weight:500;cursor:pointer}
.styled_checkbox label{position:absolute;top:0;left:0;width:19px;height:19px;cursor:pointer}
div.disclaimer_wrap{font-size:12px;color:#444;line-height:16px}

.styled_checkbox{border-radius:0;background-color:#fff;border:2px solid #444;display:inline-block;width:12px;height:12px;cursor:pointer;vertical-align:middle;position:relative}
.styled_checkbox input[type="checkbox"]{visibility:hidden}
.styled_checkbox label:after{content:'';background:transparent;top:1px;left:1px;width:8px;height:4px;border:2px solid #444;border-top:0;border-right:0;position:absolute;opacity:0;transform:rotate(-45deg)}
.styled_checkbox input[type=checkbox]:checked+label:after{opacity:1;-ms-filter:"alpha(opacity=100)"}
.cert_wrapper{text-align:center;margin:30px auto}
#friend-family-sign-up{max-width:615px;padding:0 5px;margin:40px auto 0}
div.friend-family-referal-box{border:1px solid #63a70a;color:#444;background-color:#f5f5f5;max-width:450px;font-weight:500;margin:0 auto;padding:15px 0;text-align:center}
div.friend-family-referal-box hr{border-top:1px solid silver;border-bottom-width:0;margin:15px auto;width:85%}
div.friend-family-referal-box p{font-size:16px;max-width:300px;margin:25px auto;font-weight:300;line-height:20px}
div.friend-family-referal-box strong{font-weight:700}
button.sign-up-referral:before{width:96px}
div.friend-family-referal-box p.sign-up-disclaimer{font-size:14px;color:#444}

@media only screen and (max-width:768px){
section#signup-v2{padding:40px 10px}
}

@media only screen and (max-width:500px){
form#Signup-Form,form#Signup-Form-ffhd{padding:0}
div.block{display:block;width:100%;margin:15px auto}
div.ffhd-box .styled_checkbox{margin:20px 0 0 5px}
div.ffhd-box label.ffhd-check-text{margin:20px 0 0}
}

</style>


<section id="signup-v2" style="opacity: 1; height: auto;">
    <div class="credit-consultations"><p class="subheader">Get your FREE online credit evaluation now</p></div>
    <div class="credit-perks">
        <div class="free-perks">
            <div class="checkbox-green">
                <div class="box"></div>
                <div class="check"></div>
            </div>
            <div class="checkbox-text">FREE credit score</div>
        </div>
        <div class="free-perks">
            <div class="checkbox-green">
                <div class="box"></div>
                <div class="check"></div>
            </div>
            <div class="checkbox-text">FREE negative item summary</div>
        </div>
        <div class="free-perks">
            <div class="checkbox-green">
                <div class="box"></div>
                <div class="check"></div>
            </div>
            <div class="checkbox-text">FREE recommended credit solution</div>
        </div>
    </div>
    <div class="step1-wrapper">
        <h2 class="disclaimer-pi">First, we need some info to pull your credit.</h2>
        <p class="subheader">Don’t worry—this is completely secure and won’t hurt your score. And did we mention it’s FREE?</p>
        <form name="Signup-Form" id="Signup-Form" method="POST" action="" onsubmit="" novalidate="novalidate">
            <fieldset class="contact_info">
                <div class="block floating_label first_name field_pass">
                    <input type="text" required="" id="FirstName" class="input_first_name is-valid" name="firstName" maxlength="25" value="" data-rule-validchar="true" aria-required="true" aria-invalid="false"> <label for="FirstName">First Name</label>
                    <em class="field-text"></em> <span class="field-icon"></span>
                </div>
                <div class="block floating_label last_name field_pass">
                    <input type="text" required="" id="LastName" class="input_last_name is-valid" name="lastName" maxlength="25" value="" data-rule-validchar="true" aria-required="true" aria-invalid="false"> <label for="LastName">Last Name</label>
                    <em class="field-text"></em> <span class="field-icon"></span>
                </div>
                <div class="block floating_label email field_pass">
                    <input type="email" required="" id="Email" class="input_email is-valid" name="address" maxlength="50" value="" data-rule-email="true" aria-required="true" aria-invalid="false"> <label for="Email">Email</label> <em class="field-text"></em>
                    <span class="field-icon"></span>
                </div>
                <div class="block floating_label phone1 field_pass">
                    <input type="tel" required="" id="Phone" class="input_phone1 is-valid" name="number" value="" data-rule-phoneus="true" data-form-format-helper="formatPhoneNumber" aria-required="true" maxlength="14" inputmode="text" aria-invalid="false">
                    <label for="Phone">Phone</label> <em class="field-text"></em> <span class="field-icon"></span>
                </div>
                <div class="block floating_label street field_pass">
                    <input type="text" required="" id="Address" class="input_street is-valid" name="line1" maxlength="60" value="" data-rule-validchar="true" aria-required="true" aria-invalid="false"> <label for="Address">Street Address</label>
                    <em class="field-text"></em> <span class="field-icon"></span>
                </div>
                <div class="block floating_label zip field_pass">
                    <input type="tel" required="" id="Zip" class="input_zip is-valid" name="zipCode" data-form-format-helper="forceNumeric" data-rule-zipcodeus="true" maxlength="5" value="" aria-required="true" aria-invalid="false"> <label for="Zip">Zip Code</label>
                    <em class="field-text"></em> <span class="field-icon"></span>
                    <a style="display: none; color: rgb(45, 158, 215); text-decoration: underline;" class="california-policy-btn" href="/privacy-policy#california-policy" target="_blank">California Privacy Rights</a>
                </div>
            </fieldset>
            <div class="ffhd-box" style="display: none;">
                <label for="yes-ffd">Would you like to sign up with a friend or family member today and each receive 50% off your first work fee?</label>
                <div class="styled_checkbox" style="margin-bottom: 5px;"><input type="checkbox" value="yes" class="signup-checkbox" id="yes-ffd" name="ffhd-check"> <label for="yes-ffd"></label></div>
                <label for="yes-ffd" class="ffhd-check-text">Yes</label>
            </div>
        </form>
        <h2 class="family-sign-up-wording">Friend or Family Member's Contact Information</h2>
        <form name="Signup-Form-ffhd" id="Signup-Form-ffhd" method="POST" action="" onsubmit="" novalidate="novalidate">
            <input type="hidden" name="last_step" value="step1">
            <fieldset class="contact_info">
                <div class="block floating_label first_name">
                    <input type="text" required="" id="FirstName-ffhd" class="input_first_name" name="firstName" maxlength="25" value="" data-rule-validchar="true" aria-required="true"> <label for="FirstName">First Name</label>
                    <em class="field-text"></em> <span class="field-icon"></span>
                </div>
                <div class="block floating_label last_name">
                    <input type="text" required="" id="LastName-ffhd" class="input_last_name" name="lastName" maxlength="25" value="" data-rule-validchar="true" aria-required="true"> <label for="LastName">Last Name</label>
                    <em class="field-text"></em> <span class="field-icon"></span>
                </div>
                <div class="block floating_label email">
                    <input type="email" required="" id="Email-ffhd" class="input_email" name="address" maxlength="50" value="" data-rule-email="true" aria-required="true"> <label for="Email">Email</label> <em class="field-text"></em>
                    <span class="field-icon"></span>
                </div>
                <div class="block floating_label phone1">
                    <input type="tel" required="" id="Phone-ffhd" class="input_phone1" name="number" value="" data-rule-phoneus="true" data-form-format-helper="formatPhoneNumber" aria-required="true" maxlength="14" inputmode="text">
                    <label for="Phone">Phone</label> <em class="field-text"></em> <span class="field-icon"></span>
                </div>
                <div class="block floating_label street">
                    <input type="text" required="" id="Address-ffhd" class="input_street" name="line1" maxlength="60" value="" data-rule-validchar="true" aria-required="true"> <label for="Address">Street Address</label>
                    <em class="field-text"></em> <span class="field-icon"></span>
                </div>
                <div class="block floating_label zip">
                    <input type="tel" required="" id="Zip-ffhd" class="input_zip" name="zipCode" data-form-format-helper="forceNumeric" data-rule-zipcodeus="true" maxlength="5" value="" aria-required="true">
                    <label for="Zip">Zip Code</label> <em class="field-text"></em> <span class="field-icon"></span>
                    <a style="display: none; color: #2d9ed7; text-decoration: underline;" class="california-policy-btn" href="/privacy-policy#california-policy" target="_blank">California Privacy Rights</a>
                </div>
            </fieldset>
        </form>
        <div class="submit_button_wrap">
            <button type="submit" name="contact-info-submit" class="submit-info submit-button" autocomplete="off" disabled="disabled" style="pointer-events: none;">NEXT</button>
            <div class="loading-box">
                <p class="loading-text-box loading-text-anim">
                    <span class="loading-text-1">l</span> <span class="loading-text-2">o</span> <span class="loading-text-3">a</span> <span class="loading-text-4">d</span> <span class="loading-text-5">i</span>
                    <span class="loading-text-6">n</span> <span class="loading-text-7">g</span> <span class="loading-text-8">.</span> <span class="loading-text-9">.</span> <span class="loading-text-10">.</span>
                </p>
                <div class="loading"></div>
            </div>
            <div class="check-boundaries createUser">
                <div class="box createUser"></div>
                <div class="check createUser"></div>
            </div>
            <div class="error-boundaries createUser">
                <div class="error-box createUser"></div>
                <div class="error createUser"></div>
            </div>
        </div>
        <div class="disclaimer_wrap">
            <p>
                By clicking 'NEXT' I agree by electronic signature to: (1) be contacted by credit repair or credit repair marketing by a live agent, artificial or prerecorded voice,and SMS text at my residential or cellular number, dialed
                manually or by autodialer, and by email (consent to be contacted is not a condition to purchase services); and (2) the <a href="https://www.creditrepair.com/privacy-policy" target="_blank">Privacy Policy</a> and
                <a href="https://www.creditrepair.com/terms-of-use" target="_blank">Terms of Use</a> (including this <a href="https://www.creditrepair.com/terms-of-use#arbitration-provision" target="_blank">arbitration Provision</a>).
            </p>
        </div>
        <div class="cert_wrapper">
            <span id="siteseal"><img style="cursor:pointer;cursor:hand" src="https://seal.godaddy.com/images/3/en/siteseal_gd_3_h_l_m.gif" onclick="verifySeal();" alt="SSL site seal - click to verify"></span>
        </div>
    </div>
</section>


</div>
<div class="htmlreference parbase aem-GridColumn aem-GridColumn--default--12">
    <!-------------------------- Hard at Work ---------------------------->
<div class="hard-work-wrapper">
    <div class="hard-work">

        <h2>We've been hard at work for our members</h2>

        <div class="chart-wrapper">
            <div class="circle1-wrapper">
                <div class="circle-padding">
                    <div class="circle-icon"></div>
                    <div class="number">1.8+ million</div>
                    <div class="big-content">removals</div>
                    <div class="small-content">since 2012</div>
                </div>
            </div>

            <div class="circle2-wrapper">
                <div class="circle-padding">
                    <div class="circle-icon"></div>
                    <div class="number">19+ million</div>
                    <div class="big-content">challenges <span>&amp;</span> disputes</div>
                    <div class="small-content">sent since we started business</div>
                </div>
            </div>

            <div class="circle3-wrapper">
                <div class="circle-padding">
                    <div class="circle-icon"></div>
                    <div class="number">1+ million</div>
                    <div class="big-content">interventions</div>
                    <div class="small-content">sent in 2019</div>
                </div>
            </div>
        </div>

        <div class="btn-wrapper">
            <a class="btn-new" href="/credit-snapshot/pi">Get Started</a>
            <div><a class="text-link" href="/signup">or sign up online »</a></div>
        </div>
    </div>
</div>
<!-------------------------- End Hard at Work ---------------------------->

</div>
<div class="htmlreference parbase aem-GridColumn aem-GridColumn--default--12">
    <!-------------------------- How Credit Works ---------------------------->
<div id="how-works-new-wrapper">
    <div class="how-works-new-container">
        <h2>How credit repair works</h2>

        <div class="how-works-col-wrapper">
            <div class="how-works-icon challenge"></div>
            <div>
                <div class="how-works-title">Challenge</div>
                <div class="how-works-content">We challenge your questionable negative items with all three bureaus,
                    ensuring your credit reports are accurate and fair.</div>
            </div>
        </div>

        <div class="how-works-col-wrapper">
            <div class="how-works-icon dispute"></div>
            <div>
                <div class="how-works-title">Dispute</div>
                <div class="how-works-content">We ask your creditors to verify the negative items they’re reporting. If
                    they can’t, they are required by law to stop reporting them.</div>
            </div>
        </div>

        <div class="how-works-col-wrapper">
            <div class="how-works-icon monitor"></div>
            <div>
                <div class="how-works-title">Monitor</div>
                <div class="how-works-content">We continue to watch your credit, addressing additional issues as they
                    arise so that you can stay on track and reach your goals.</div>
            </div>
        </div>

        <div class="mobile-carousels" id="how-works-mobile">
            <ul class="carousel">
                <li>
                    <a id="carousel-ext" href="#" data-unique="carousel-items">
                        <ul class="carousel-boundaries">
                            <li class="selected">
                                <div class="carousel-item">
                                    <div class="how-works-col-wrapper-mobile">
                                        <div class="how-works-icon challenge"></div>
                                        <div>
                                            <div class="how-works-title">Challenge</div>
                                            <div class="how-works-content">We challenge your questionable negative items
                                                with all three bureaus,
                                                ensuring your credit reports are accurate and fair.</div>
                                        </div>
                                    </div>
                                </div>
                            </li>
                            <li class="move-right">
                                <div class="carousel-item">
                                    <div class="how-works-col-wrapper-mobile">
                                        <div class="how-works-icon dispute"></div>
                                        <div>
                                            <div class="how-works-title">Dispute</div>
                                            <div class="how-works-content">We ask your creditors to verify the negative
                                                items they’re reporting. If
                                                they can’t, they are required by law to stop reporting them.</div>
                                        </div>
                                    </div>
                                </div>
                            </li>
                            <li>
                                <div class="carousel-item">
                                    <div class="how-works-col-wrapper-mobile">
                                        <div class="how-works-icon monitor"></div>
                                        <div>
                                            <div class="how-works-title">Monitor</div>
                                            <div class="how-works-content">We continue to watch your credit, addressing
                                                additional issues as they
                                                arise so that you can stay on track and reach your goals.</div>
                                        </div>
                                    </div>
                                </div>
                            </li>
                        </ul>
                    </a>
                </li>
            </ul>
            <div class="prev" id="prev">❮</div>
            <div class="next" id="next">❯</div>
        </div>

        <div class="btn-wrapper">
            <p>See your credit score now</p>
            <a class="btn-new" href="/credit-snapshot/pi">Get Started</a>
            <div><a class="text-link" href="/signup/index">or sign up online »</a></div>
        </div>

    </div>
</div>
<!-------------------------- End How Credit Works---------------------------->

</div>
<div class="htmlreference parbase aem-GridColumn aem-GridColumn--default--12">
    <section class="client-reviews">
    <div class="boundaries">
        <h2>What our members are saying</h2>
        
        <div class="review-wrapper">
            <div class="review">
                <div class="review-box-boundaries">
                    
                    <p class="blurb">I like that CreditRepair.com takes their time to explain your credit status to you. They make you feel  really important, and they never treat you like a number. They make you feel like a true person.</p>
                    
                    <div class="reviewer"> 
                        <div class="name">Yvette B | <span class="star"></span> <span class="star"></span> <span class="star"></span> <span class="star"></span> <span class="star"></span></div>
                        <p class="date">New York - February 20, 2019</p>
                    </div>

                </div>
            </div>
            <div class="review">
                <div class="review-box-boundaries">
                    
                    <p class="blurb">CreditRepair.com is the only answer! Credit repair has helped me begin to restore my credit! Credit is very important especially when you have children that need to go to college. Good credit is like having money in the bank!</p>
                    
                    <div class="reviewer"> 
                        <div class="name">Sharon R | <span class="star"></span> <span class="star"></span> <span class="star"></span> <span class="star"></span> <span class="star grey"></span></div>
                         <p class="date">New Jersey - March 22, 2019</p>
                    </div>

                </div>
            </div>
            <div class="review">
                <div class="review-box-boundaries">
                    
                    <p class="blurb">They tell you how it is. No lying, they always take your call, and they always want to help you and keep you informed. They got all negatives off my credit report except two that remain, now it’s my wife’s turn! Thanks for all your help. </p>
                    
                    <div class="reviewer"> 
                        <div class="name">James P | <span class="star"></span> <span class="star"></span> <span class="star"></span> <span class="star"></span> <span class="star grey"></span></div>
                         <p class="date">Washington - April 16,  2019</p>
                    </div>
                </div>
            </div>
        </div>
        
        
        <div class="mobile-carousels" id="reviews-mobile">
            <ul class="carousel">
                <li>
                    <a id="carousel-ext" href="#" data-unique="carousel-items">
                        <ul class="carousel-boundaries">
                            <li class="selected">
                                <div class="carousel-item"> 
                                    <div class="review">
                                        <div class="review-box-boundaries">
                                            
                                           <p class="blurb">I like that CreditRepair.com takes their time to explain your credit status to you. They make you feel  really important, and they never treat you like a number. They make you feel like a true person.</p>
                    
                                            <div class="reviewer"> 
                                                <div class="name">Yvette B | <span class="star"></span> <span class="star"></span> <span class="star"></span> <span class="star"></span> <span class="star"></span></div>
                                                <p class="date">New York - February 20, 2019</p>
                                            </div>

                                        </div>
                                    </div>
                                </div>
                            </li>
                            <li class="move-right">
                                <div class="carousel-item"> 
                                    <div class="review">
                                        <div class="review-box-boundaries">
                                            
                                            <p class="blurb">CreditRepair.com is the only answer! Credit repair has helped me begin to restore my credit! Credit is very important especially when you have children that need to go to college. Good credit is like having money in the bank!</p>
                    
                                            <div class="reviewer"> 
                                                <div class="name">Sharon R | <span class="star"></span> <span class="star"></span> <span class="star"></span> <span class="star"></span> <span class="star grey"></span></div>
                                                 <p class="date">New Jersey - March 22, 2019</p>
                                            </div>

                                        </div>
                                    </div>
                                </div>
                            </li>
                            <li>
                                <div class="carousel-item"> 
                                    <div class="review">
                                        <div class="review-box-boundaries">
                                            
                                            <p class="blurb">They tell you how it is. No lying, they always take your call, and they always want to help you and keep you informed. They got all negatives off my credit report except two that remain, now it’s my wife’s turn! Thanks for all your help. </p>
                    
                                            <div class="reviewer"> 
                                                <div class="name">James P | <span class="star"></span> <span class="star"></span> <span class="star"></span> <span class="star"></span> <span class="star grey"></span></div>
                                                 <p class="date">Washington - April 16,  2019</p>
                                            </div>
                                            
                                        </div>
                                    </div>
                                </div>
                            </li>
                        </ul>
                    </a>
                </li>
            </ul>
            <div class="prev" id="prev">❮</div>
            <div class="next" id="next">❯</div>
        </div>
        
        <div class="review-disclaimer">
            <a href="#" class="info-modal">Info About Our Testimonials</a>
        </div>
    </div>
</section>

<div id="disclaimer-modal" style="display: none;">
    <div class="modal-container">
        <div class="modal-heading">
            <span class="closeBtn">✕</span>
        </div>
        <div class="modal-content">
            <h5>What you need to know about our testimonials</h5>
            <p>Testimonials represent the results of the particular individual and you should not expect the same result because your case is different than everyone else's. CreditRepair.com promises only to communicate with creditors on your behalf and in your name, verify report changes with bureaus, and provide you timely information about changes in your reports. Any credit score improvement seen after using our services is the result of many other additional factors, including: keeping credit balances low, paying bills on time, reducing or eliminating unnecessary inquiries, and developing appropriate types of credit, and sound financial planning.</p>
        </div>
    </div>
</div>

<script>
$(document).ready(function () {
    $(".info-modal").on("click touchstart touchend", function () {
        event.preventDefault();
        $(".modal").show();
        $("#disclaimer-modal").show();
     });
    
    $(".modal, .closeBtn").on("click touchstart touchend", function () {
        $(".modal").hide();
        $("#disclaimer-modal").hide();
    });
});

</script>


</div>
<div class="htmlreference parbase aem-GridColumn aem-GridColumn--default--12">
    <div class="container" id="get-started-cr">
    <div class="row get_started_banner">
        <p class="text">Start with our Proven Online System <span>$99.95/month</span></p>
        <a href="https://www.creditrepair.com/signup" class="btn btn-orange" data-unique="get-started-section-signup" id="get-started-section-signup">Get Started</a>
    </div>
</div>

</div>
<div class="htmlreference parbase aem-GridColumn aem-GridColumn--default--12">
    <!-------------------------- Cost ---------------------------->
<div id="cost-new-wrapper">
    <div class="cost-new-container">

        <h2>How much does it cost?</h2>
        <div class="cost-new-leader">A service for all budgets</div>
        <div class="cost-panel-container">
            <div class="cost-panel-wrapper">
                <div class="cost-panel">
                    <div class="cost-panel-icon cost-icon-1"></div>
                    <div class="cost-panel-title">Aggressive</div>
                    <div class="cost-panel-desc">Recommended for those who have a lot of negative items on their credit
                        report</div>
                    <div class="cost-panel-price">$$$</div>
                </div>
            </div>
            <div class="cost-panel-wrapper">
                <div class="cost-panel">
                    <div class="cost-panel-icon cost-icon-2"></div>
                    <div class="cost-panel-title">Moderate</div>
                    <div class="cost-panel-desc">Recommended for those who have a moderate amount of negative items
                    </div>
                    <div class="cost-panel-price">$$</div>
                </div>
            </div>
            <div class="cost-panel-wrapper">
                <div class="cost-panel">
                    <div class="cost-panel-icon cost-icon-3"></div>
                    <div class="cost-panel-title">Basic</div>
                    <div class="cost-panel-desc">Recommended for those who have a handful of negative items</div>
                    <div class="cost-panel-price">$</div>
                </div>
            </div>
        </div>

        <div class="mobile-carousels" id="cost-carousel-mobile">
            <ul class="carousel">
                <li>
                    <a id="carousel-ext" href="#" data-unique="carousel-items">
                        <ul class="carousel-boundaries">
                            <li class="selected">
                                <div class="carousel-item">
                                    <div class="cost-panel-wrapper">
                                        <div class="cost-panel">
                                            <div class="cost-panel-icon cost-icon-1"></div>
                                            <div class="cost-panel-title">Aggressive</div>
                                            <div class="cost-panel-desc">Recommended for those who have a lot of
                                                negative items on their credit report</div>
                                            <div class="cost-panel-price">$$$</div>
                                        </div>
                                    </div>
                                </div>
                            </li>
                            <li class="move-right">
                                <div class="carousel-item">
                                    <div class="cost-panel-wrapper">
                                        <div class="cost-panel">
                                            <div class="cost-panel-icon cost-icon-2"></div>
                                            <div class="cost-panel-title">Moderate</div>
                                            <div class="cost-panel-desc">Recommended for those who have a moderate
                                                amount of negative items
                                            </div>
                                            <div class="cost-panel-price">$$</div>
                                        </div>
                                    </div>
                                </div>
                            </li>
                            <li>
                                <div class="carousel-item">
                                    <div class="cost-panel-wrapper">
                                        <div class="cost-panel">
                                            <div class="cost-panel-icon cost-icon-3"></div>
                                            <div class="cost-panel-title">Basic</div>
                                            <div class="cost-panel-desc">Recommended for those who have a handful of
                                                negative items</div>
                                            <div class="cost-panel-price">$</div>
                                        </div>
                                    </div>
                                </div>
                            </li>
                        </ul>
                    </a>
                </li>
            </ul>
            <div class="prev" id="prev">❮</div>
            <div class="next" id="next">❯</div>
        </div>

        <div class="cost-new-cta">
            <div class="cost-new-cta-content">See your negative items for free</div>
            <div class="btn-wrapper">
                <a class="btn-new" href="/credit-snapshot/pi">Get Started</a>
                <div><a class="text-link" href="/signup">or sign up online »</a></div>
            </div>
        </div>
    </div>
</div>
<!-------------------------- End Cost ---------------------------->

</div>
<div class="htmlreference parbase aem-GridColumn aem-GridColumn--default--12">
    
<nav class="bottom_nav_wrapper">
	<div class="container row">
		<div class="bottom_nav_section bottom_nav_section_who-we-are expanded three columns first">
			<a href="https://www.creditrepair.com/who-we-are" class="bottom_nav_section_title">Who We Are<span class="expand_contract"></span></a>
			<ul>
				<li class="redundant">Who We Are</li>
				<li><a href="https://www.creditrepair.com/who-we-are">About Us</a></li>
				<li><a href="http://www.progrexion.com/affiliates" target="_blank">Affiliates</a></li>
				<li><a href="https://www.creditrepair.com/careers" target="_blank">Careers</a></li>
				<li><a href="https://www.creditrepair.com/newsroom">Newsroom</a></li>
				<li><a href="https://www.creditrepair.com/contact-us">Contact Us</a></li>
			</ul>
		</div>
		<div class="bottom_nav_section bottom_nav_section_how-it-works three columns">
			<a href="https://www.creditrepair.com/how-credit-repair-works" class="bottom_nav_section_title">How it Works<span class="expand_contract"></span></a>
			<ul>
				<li class="redundant">How It Works</li>
				<li><a href="https://www.creditrepair.com/how-credit-repair-works">Credit Repair Process</a></li>
				<li><a href="https://www.creditrepair.com/how-credit-repair-works#what-you-get">What You Get</a></li>
				<li><a href="https://www.creditrepair.com/faq">Frequently Asked Questions</a></li>
				<li><a href="https://www.creditrepair.com/privacy-policy">Privacy Policy</a></li>
				<li><a href="https://www.creditrepair.com/privacy-notice">Privacy Notice</a></li>
				<li><a href="https://www.creditrepair.com/privacy-policy#california-policy">California Residents</a></li>
				<li><a href="https://www.creditrepair.com/sms-terms">Text Message Terms</a></li>
				<li><a href="https://www.creditrepair.com/terms-of-use">Terms Of Use</a></li>
			</ul>
		</div>
		<div class="bottom_nav_section bottom_nav_section_reviews three columns">
			<a href="https://www.creditrepair.com/reviews" class="bottom_nav_section_title">Reviews<span class="expand_contract"></span></a>
			<ul>
				<li class="redundant">Reviews</li>
				<li><a href="https://www.creditrepair.com/reviews">Customer Reviews</a></li>
				<li><a href="https://www.creditrepair.com/videos">Videos</a></li>
				<li><a href="http://www.youtube.com/user/creditrepair/videos" target="_blank">YouTube</a></li>
				<li><a href="https://www.creditrepair.com/review">Create a Review</a></li>
			</ul>
		</div>
		<div class="bottom_nav_section bottom_nav_section_education three columns">
			<a href="https://www.creditrepair.com/articles" class="bottom_nav_section_title">Education<span class="expand_contract"></span></a>
			<ul>
				<li class="redundant">Education</li>
				<li><a href="https://www.creditrepair.com/blog">CreditRepair.com Blog</a></li>
				<li><a href="https://www.creditrepair.com/articles/credit-improvement">Credit Improvement</a></li>
				<li><a href="https://www.creditrepair.com/articles/debt-solutions">Debt Solutions</a></li>
				<li><a href="https://www.creditrepair.com/articles/identity-theft">Identity Theft</a></li>
				<li><a href="https://www.creditrepair.com/articles/loan-center">Loan Center</a></li>
				<li><a href="https://www.creditrepair.com/articles/savings-center">Savings Center</a></li>
				<li><a href="https://www.creditrepair.com/score-estimator/">Score Estimator</a></li>
				<li><a href="https://www.creditrepair.com/disputes-and-bureaus/">Disputes and Bureaus</a></li>
			</ul>
		</div>
		<div class="bottom_nav_section bottom_nav_section_sign_up_today three columns">
			<a href="https://www.creditrepair.com/signup" class="bottom_nav_section_title">Sign Up Today<span class="expand_contract"></span></a>
			<ul>
				<li class="redundant">Sign-Up Today</li>
				<li><a href="https://www.creditrepair.com/signup">Get Started</a></li>
				<li><a href="https://www.creditrepair.com/mobile-app">iPhone / iPad App</a></li>
				<li><a href="https://www.creditrepair.com/mobile-app">Android App</a></li>
				<li><a href="http://members.creditrepair.com">Member Log-In</a></li>
				<li><a href="https://www.creditrepair.com/unsubscribe">Unsubscribe</a></li>
			</ul>
		</div>
		<div class="bottom_nav_section bottom_nav_section_follow three columns">
			<div class="bottom_nav_section_title follow">Follow<span class="expand_contract"></span></div>
			<ul>
				<li class="redundant">Follow</li>
				<div class="social_icons"><a href="https://www.facebook.com/creditrepaircom"><img class="social_icons_img facebook" src="https://www.creditrepair.com/content/dam/credit-repair/common/assets/imgs/Lex_SocialIcons_Facebook.png"></a><a href="https://twitter.com/creditrepair"><img class="social_icons_img twitter" src="https://www.creditrepair.com/content/dam/credit-repair/common/assets/imgs/Lex_SocialIcons_Twitter.png"></a><a href="https://www.instagram.com/creditrepair.com/"><img class="social_icons_img instagram" src="https://www.creditrepair.com/content/dam/credit-repair/common/assets/imgs/instagram.png"></a></div>
			</ul>
		</div>
	</div>
	<br class="clear">
</nav>

<div id="copyright_wrapper">
	<div class="container forced_bottom_margin">
		<div id="copyright" class="row">
			<p class="fico-acknowledgment">FICO and “The score lenders use” are trademarks or registered trademarks of Fair Isaac Corporation in the United States and other countries.</p>
			<div id="copyright_text">
				©2020 CreditRepair.com, Inc.&nbsp; All rights reserved.<br>
				<span style="font-style:italic">** Your results will vary</span><br>
				<div class="badges">
            <div class="cert_wrapper">
                <span id="siteseal">
                    <script async="" type="text/javascript" src="https://seal.godaddy.com/getSeal?sealID=dn0Hwvn3db1McpLGYLu6XHC20lORlGgebIAgbi3ZFOAuLvNaSehKIdCZq6rP"></script>
            </span></div>
        </div>
				<a href="https://www.creditrepair.com/confirm" class="btn btn-small btn-green confirm_link">Confirm</a>
				<a href="https://www.creditrepair.com/credit-view/phone-confirmation.html" class="btn btn-small btn-gray credit_view_link">Credit View</a>
			</div>
			<div id="digicert">
				<!-- Begin VeriSign seal HTML and JavaScript -->

				<table width="135" border="0" cellpadding="2" cellspacing="0" title="Click to Verify - This site chose Symantec SSL for secure e-commerce and confidential communications.">
					<tbody><tr>
						<td width="135" align="center" valign="top">
							<script type="text/javascript" src="https://seal.verisign.com/getseal?host_name=www.creditrepair.com&amp;size=M&amp;use_flash=NO&amp;use_transparent=NO&amp;lang=en"></script>
						</td>
					</tr>
				</tbody></table>

				<!-- End VeriSign seal HTML and JavaScript -->
			</div>
			<div id="bbb">
			</div>
			<!-- <div id="footer_tid" style="float: right;">10004</div> -->
		</div>
	</div>
</div>
<script type="text/javascript">
	$(function() {
		PopPageDefault.initialize();
	});
</script>

<div class="pop_page_default" id="page_pop">
	<div class="close_button"></div>
	<div class="logo">CreditRepair.com</div>
	<div class="heading">Have a question?</div>
	<div class="sub_heading">Call us for a Free Credit Check<br>from a Credit Expert</div>
	<div><span>1-<span class="creditRepairPhoneNumber phoneNumber">855-255-0263</span></span></div>
</div>


<div id="back_to_top_button" style="display: block;">Top</div>


</div>

    
</div>

    </div>
</div><script src="https://www.googletagmanager.com/gtag/js?id=AW-995332405"></script>
<script>
    window.dataLayer = window.dataLayer || [];
    function gtag(){dataLayer.push(arguments);}
    gtag('js', new Date());
    gtag('config', 'AW-995332405');
    gtag('config', 'AW-1053751751');
    gtag('config', 'AW-939232542');
    gtag('config', 'AW-1070835421');
    gtag('config', 'AW-989023685');
    gtag('config', 'DC-8836660');
    gtag('config', 'UA-30748937-1');
</script><script>_satellite["__runScript1"](function(event, target) {
if(typeof jQuery=='undefined') {
    var headTag = document.getElementsByTagName("head")[0];
    var jqTag = document.createElement('script');
    jqTag.type = 'text/javascript';
    jqTag.src = '//code.jquery.com/jquery-1.12.4.min.js';
    headTag.appendChild(jqTag);
} 
});</script>


    




    
        <link rel="stylesheet" href="/content/dam/credit-repair/common/css/page-pop.css" type="text/css">
    



    




<script src="/content/dam/credit-repair/common/js/jquery-validate-v1.13.1.min.js"></script>
<script type="text/javascript" src="/content/dam/credit-repair/common/js/marketing-tracking-LOT.js"></script>
<script src="/content/dam/credit-repair/common/js/vendor/js.cookie.js"></script>


    
        <script type="text/javascript" src="/content/dam/credit-repair/common/js/jquery-validate-v1.13.1.min.js"></script>
    

    
        <script type="text/javascript" src="/content/dam/credit-repair/common/js/forms.js"></script>
    

    
        <script type="text/javascript" src="/etc.clientlibs/cr/credit-snapshot/components/pages/credit-snapshot/libs/new-flow/prod.min.js"></script>
    

    
        <script type="text/javascript" src="/etc.clientlibs/cr/credit-snapshot/components/content/personal-information/new-flow/prod.min.js"></script>
    

    
        <script type="text/javascript" src="/content/dam/credit-repair/common/js/pop-page.js"></script>
    

    
        <script type="text/javascript" src="/content/dam/credit-repair/common/js/persistent-footer-pop.js"></script>
    

    
        <script type="text/javascript" src="/content/dam/credit-repair/home/js/cr-carousels.js"></script>
    

    
        <script type="text/javascript" src="/content/dam/credit-repair/home/js/snapshot.js"></script>
    

    
        <script type="text/javascript" src="/content/dam/credit-repair/home/js/modal-form.js"></script>
    





<!--<script type="text/javascript">_satellite.pageBottom();</script>-->

<p class="site_bottom_copyright_ref_and_tid" style="display:none;" id="footer_tid">(10004.0.1)</p>

<script>_satellite["__runScript2"](function(event, target) {
var gclidcookie = _satellite.cookie.get('gclid')

if (window.location.search.indexOf('gclid=') > -1) {
    function getParameterByName(name, url) {
        if (!url) url = decodeURIComponent(window.location.href);
        name = name.replace(/[\[\]]/g, '\\$&');
        var regex = new RegExp('[?&]' + name + '(=([^&#]*)|&|#|$)'),
            results = regex.exec(url);
        if (!results) return null;
        if (!results[2]) return '';
        return decodeURIComponent(results[2].replace(/\+/g, ' '));
    }
    var gclidcookie = getParameterByName('gclid');
    document.cookie = "gclid=" + gclidcookie + ";path=/; domain=.creditrepair.com;";
}
});</script><!--
Event snippet for CR Universal RTG Tag on https://www.creditrepair.com/: Please do not remove.
Place this snippet on pages with events you're tracking. 
Creation date: 08/31/2018
-->
<iframe height="0" width="0" style="display: none; visibility: hidden;" src="https://8836660.fls.doubleclick.net/activityi;src=8836660;type=brows0;cat=cruni0;ord=1;num=1494876552944;gtm=2od9u1;auiddc=887487244.1602548672;u1=%5BLogged%20In%20User%20(Y%2FN)%5D;u2=https%3A%2F%2Fwww.creditrepair.com%2F;~oref=https%3A%2F%2Fwww.creditrepair.com%2F?"></iframe><script>
  gtag('event', 'conversion', {
    'allow_custom_scripts': true,
    'u1': '[Logged In User (Y\/N)]',
    'u2': 'https://www.creditrepair.com/',
    'send_to': 'DC-8836660/brows0/cruni0+unique'
  });
</script>
<noscript></noscript>
<!-- End of event snippet: Please do not remove --><!--
Event snippet for CR Homepage on https://www.creditrepair.com/: Please do not remove.
Place this snippet on pages with events you're tracking. 
Creation date: 08/31/2018
-->
<iframe height="0" width="0" style="display: none; visibility: hidden;" src="https://8836660.fls.doubleclick.net/activityi;src=8836660;type=brows0;cat=crhom0;ord=9319240143587;gtm=2od9u1;auiddc=887487244.1602548672;u1=%5BLogged%20In%20User%20(Y%2FN)%5D;~oref=https%3A%2F%2Fwww.creditrepair.com%2F?"></iframe><script>
  gtag('event', 'conversion', {
    'allow_custom_scripts': true,
    'u1': '[Logged In User (Y\/N)]',
    'send_to': 'DC-8836660/brows0/crhom0+standard'
  });
</script>
<noscript></noscript>
<!-- End of event snippet: Please do not remove --><script type="text/javascript" src="//static.criteo.net/js/ld/ld.js" async="true"></script>
<script type="text/javascript">
window.criteo_q = window.criteo_q || [];
var deviceType= /iPad/.test(navigator.userAgent)?"t":/Mobile|iP(hone|od)|Android|BlackBerry|IEMobile|Silk/.test(navigator.userAgent)?"m":"d";
window.criteo_q.push(
{ event: "setAccount", account: 35738},
{ event: "setSiteType", type: deviceType},
{ event: "viewHome"});
</script><script>_satellite["__runScript3"](function(event, target) {
(function(h,o,t,j,a,r){
    h.hj=h.hj||function(){(h.hj.q=h.hj.q||[]).push(arguments)};
    h._hjSettings={hjid:1051427,hjsv:6};
    a=o.getElementsByTagName('head')[0];
    r=o.createElement('script');r.async=1;
    r.src=t+h._hjSettings.hjid+j+h._hjSettings.hjsv;
    a.appendChild(r);
})(window,document,'https://static.hotjar.com/c/hotjar-','.js?sv=');
});</script><script>_satellite["__runScript4"](function(event, target) {
function whenAvailableInvoca(n){null===TrackingService.number?setTimeout(function(){whenAvailableInvoca(n)},500):n()}function invocaCall(){!function(n,t,a,e){n.InvocaTagId=e;var o=t.createElement("script");o.type="text/javascript",o.async=!1,o.src=("https:"===t.location.protocol?"https://":"http://")+a;var c=t.getElementsByTagName("script")[0];c.parentNode.insertBefore(o,c)}(window,document,"solutions.invocacdn.com/js/pnapi_integration-latest.min.js","929/2814517279")}whenAvailableInvoca(invocaCall);
});</script><div id="criteo-tags-div" style="display: none;"><iframe src="https://gum.criteo.com/syncframe?topUrl=www.creditrepair.com#{&quot;bundle&quot;:{&quot;origin&quot;:0,&quot;value&quot;:null},&quot;cw&quot;:true,&quot;lwid&quot;:{&quot;origin&quot;:0,&quot;value&quot;:null},&quot;optout&quot;:{&quot;origin&quot;:0,&quot;value&quot;:null},&quot;origin&quot;:&quot;onetag&quot;,&quot;pm&quot;:0,&quot;sid&quot;:{&quot;origin&quot;:0,&quot;value&quot;:null},&quot;tld&quot;:&quot;creditrepair.com&quot;,&quot;topUrl&quot;:&quot;www.creditrepair.com&quot;,&quot;uid&quot;:null,&quot;version&quot;:&quot;5_6_2&quot;}" id="criteo-syncframe" width="0" height="0" frameborder="0" style="border-width:0px; margin:0px; display:none" title="Criteo GUM iframe"></iframe></div><iframe src="https://bid.g.doubleclick.net/xbbe/pixel?d=KAE" style="display: none;"></iframe><iframe height="0" width="0" title="Criteo DIS iframe" style="display: none;"></iframe><div style="position:absolute; height:0; text-indent:100%; white-space:nowrap; overflow:hidden;"><script>(function(w,d,t,r,u){var f,n,i;w[u]=w[u]||[],f=function(){var o={ti:"4049571"};o.q=w[u],w[u]=new UET(o),w[u].push("pageLoad")},n=d.createElement(t),n.src=r,n.async=1,n.onload=n.onreadystatechange=function(){var s=this.readyState;s&&s!=="loaded"&&s!=="complete"||(f(),n.onload=n.onreadystatechange=null)},i=d.getElementsByTagName(t)[0],i.parentNode.insertBefore(n,i)})(window,document,"script","//bat.bing.com/bat.js","uetq");</script><noscript><img src="//bat.bing.com/action/0?ti=4049571&Ver=2" height="0" width="0" style="display:none; visibility: hidden;" /></noscript><script type="text/javascript" src="//tags.mediaforge.com/js/2041"></script></div><script>_satellite["__runScript5"](function(event, target) {
ADRUM.markVirtualPageBegin("sign-up-start",!1);
});</script><div style="width:0px; height:0px; display:none; visibility:hidden;" id="batBeacon648492407780"><img style="width:0px; height:0px; display:none; visibility:hidden;" id="batBeacon680063349990" width="0" height="0" alt="" src="https://bat.bing.com/action/0?ti=4049571&amp;Ver=2&amp;mid=300ae091-a669-45ce-a23a-8d3e63eab8cb&amp;sid=7728bdb00cea11ebbc8bd346a84cb2a2&amp;vid=772a3fe00cea11eb9b6d0f9a4b087c1c&amp;vids=0&amp;pi=0&amp;lg=en-US&amp;sw=1680&amp;sh=1050&amp;sc=30&amp;tl=Credit%20Repair%20Services%20-%20CreditRepair.com&amp;p=https%3A%2F%2Fwww.creditrepair.com%2F&amp;r=&amp;lt=1530&amp;evt=pageLoad&amp;msclkid=N&amp;sv=1&amp;rn=719283"></div><!-- Rev content -->
<img src="//trends.revcontent.com/conv.php?t=IAmXscT3w1CsQyPu1DVGXQySjKpatQ9T30LRyzTxXHfPAhkpewhesFhEJPoBcKWJ" style="display:none;"><!-- Dianomi -->
<img src="https://www.dianomi.com/pixeltrack.pl?t=lexington.law" width="1" height="1" style="display:none;"><!-- Outbrain -->
<!--
<script data-obct type="text/javascript">
    /** DO NOT MODIFY THIS CODE**/
    !function (_window, _document) {
        var OB_ADV_ID = '00e38c17d352f5c974955f8fa3d217cb47';
        if (_window.obApi) { var toArray = function (object) { return Object.prototype.toString.call(object) === '[object Array]' ? object : [object]; }; _window.obApi.marketerId = toArray(_window.obApi.marketerId).concat(toArray(OB_ADV_ID)); return; }
        var api = _window.obApi = function () { api.dispatch ? api.dispatch.apply(api, arguments) : api.queue.push(arguments); }; api.version = '1.1'; api.loaded = true; api.marketerId = OB_ADV_ID; api.queue = []; var tag = _document.createElement('script'); tag.async = true; tag.src = '//amplify.outbrain.com/cp/obtp.js'; tag.type = 'text/javascript'; var script = _document.getElementsByTagName('script')[0]; script.parentNode.insertBefore(tag, script);
    }(window, document);
    obApi('track', 'PAGE_VIEW');
    obApi('track', 'Initiate Call');
</script>--><!-- Yahoo CR -->
<!--
<script type="application/javascript">(function (w, d, t, r, u) { w[u] = w[u] || []; w[u].push({ 'projectId': '10000', 'properties': { 'pixelId': '10000585' } }); var s = d.createElement(t); s.src = r; s.async = true; s.onload = s.onreadystatechange = function () { var y, rs = this.readyState, c = w[u]; if (rs && rs != "complete" && rs != "loaded") { return } try { y = YAHOO.ywa.I13N.fireBeacon; w[u] = []; w[u].push = function (p) { y([p]) }; y(c) } catch (e) { } }; var scr = d.getElementsByTagName(t)[0], par = scr.parentNode; par.insertBefore(s, scr) })(window, document, "script", "https://s.yimg.com/wi/ytc.js", "dotq");</script>
<script type="application/javascript">
    window.dotq = window.dotq || [];
    window.dotq.push(
        {
            'projectId': '10000',
            'properties': {
                'pixelId': '10000585',
                'qstrings': {
                    'ec': 'clickout',
                }
            }
        }); 
</script>--><!-- Facebook Pixel Code -->
<script>
    !function (f, b, e, v, n, t, s) {
        if (f.fbq) return; n = f.fbq = function () {
            n.callMethod ?
            n.callMethod.apply(n, arguments) : n.queue.push(arguments)
        };
        if (!f._fbq) f._fbq = n; n.push = n; n.loaded = !0; n.version = '2.0';
        n.queue = []; t = b.createElement(e); t.async = !0;
        t.src = v; s = b.getElementsByTagName(e)[0];
        s.parentNode.insertBefore(t, s)
    }(window, document, 'script',
        'https://connect.facebook.net/en_US/fbevents.js');
    fbq('init', '1817185775266351');
    fbq('track', 'Lead');
</script>
<noscript></noscript><!-- Conversion pixel - PowerInbox -->
<script type="text/javascript">
    window.pi_params = {};
    pi_params.company_id = '2730';
   
    (function() {
        var pin = document.createElement('script');
        pin.async = true;
        pin.src = '//cdn.powerinboxedge.com/framework/pi-notify.js';
        var ref = document.getElementsByTagName('script')[0];
        ref.parentNode.insertBefore(pin, ref);
    })();
</script><!-- Quora Both Brands Clickout -->
<script>
    !function (q, e, v, n, t, s) { if (q.qp) return; n = q.qp = function () { n.qp ? n.qp.apply(n, arguments) : n.queue.push(arguments); }; n.queue = []; t = document.createElement(e); t.async = !0; t.src = v; s = document.getElementsByTagName(e)[0]; s.parentNode.insertBefore(t, s); }(window, 'script', 'https://a.quora.com/qevents.js');
    qp('init', 'b1dd746139444f4783f4ac3e7264cb31');
    qp('track', 'ViewContent');
    qp('track', 'GenerateLead');
</script>
<noscript></noscript><!-- Reddit Clickout CR -->
<script>
    !function (w, d) { if (!w.rdt) { var p = w.rdt = function () { p.sendEvent ? p.sendEvent.apply(p, arguments) : p.callQueue.push(arguments) }; p.callQueue = []; var t = d.createElement("script"); t.src = "https://www.redditstatic.com/ads/pixel.js", t.async = !0; var s = d.getElementsByTagName("script")[0]; s.parentNode.insertBefore(t, s) } }(window, document); rdt('init', 't2_565yc9q8'); rdt('track', 'PageVisit');
</script>
<script>
    rdt('track', 'Lead');
</script><img src="https://pt.ispot.tv/v2/TC-3528-1.gif?app=web&amp;type=submit_info" style="border:0" alt=""></body></html>] but found [bs]
	at lex.tests.homepage.CRHomepageTests.canSubmitForm(CRHomepageTests.java:121)
]]></failure>
  </testcase>
</testsuite>