<?xml version="1.0" encoding="UTF-8"?>
<testsuite xmlns:xsi="http://www.w3.org/2001/XMLSchema-instance" xsi:noNamespaceSchemaLocation="https://maven.apache.org/surefire/maven-surefire-plugin/xsd/surefire-test-report-3.0.xsd" version="3.0" name="TestSuite" time="201.512" tests="68" errors="0" skipped="1" failures="0">
  <properties>
    <property name="gopherProxySet" value="false"/>
    <property name="awt.toolkit" value="sun.lwawt.macosx.LWCToolkit"/>
    <property name="file.encoding.pkg" value="sun.io"/>
    <property name="java.specification.version" value="1.8"/>
    <property name="webdriver.chrome.driver" value="drivers/chromedriver_mac"/>
    <property name="sun.cpu.isalist" value=""/>
    <property name="sun.jnu.encoding" value="UTF-8"/>
    <property name="java.class.path" value="/Users/184973/Documents/automation/lex_automation/lex-regression-tests/target/test-classes:/Users/184973/Documents/automation/lex_automation/lex-regression-tests/target/classes:/Users/184973/Documents/automation/lex_automation/lex-framework/target/classes:/Users/184973/.m2/repository/org/seleniumhq/selenium/selenium-chrome-driver/3.14.0/selenium-chrome-driver-3.14.0.jar:/Users/184973/.m2/repository/org/seleniumhq/selenium/selenium-api/3.14.0/selenium-api-3.14.0.jar:/Users/184973/.m2/repository/org/seleniumhq/selenium/selenium-remote-driver/3.14.0/selenium-remote-driver-3.14.0.jar:/Users/184973/.m2/repository/net/bytebuddy/byte-buddy/1.8.15/byte-buddy-1.8.15.jar:/Users/184973/.m2/repository/org/apache/commons/commons-exec/1.3/commons-exec-1.3.jar:/Users/184973/.m2/repository/commons-codec/commons-codec/1.10/commons-codec-1.10.jar:/Users/184973/.m2/repository/commons-logging/commons-logging/1.2/commons-logging-1.2.jar:/Users/184973/.m2/repository/com/google/guava/guava/25.0-jre/guava-25.0-jre.jar:/Users/184973/.m2/repository/com/google/code/findbugs/jsr305/1.3.9/jsr305-1.3.9.jar:/Users/184973/.m2/repository/org/checkerframework/checker-compat-qual/2.0.0/checker-compat-qual-2.0.0.jar:/Users/184973/.m2/repository/com/google/errorprone/error_prone_annotations/2.1.3/error_prone_annotations-2.1.3.jar:/Users/184973/.m2/repository/com/google/j2objc/j2objc-annotations/1.1/j2objc-annotations-1.1.jar:/Users/184973/.m2/repository/org/codehaus/mojo/animal-sniffer-annotations/1.14/animal-sniffer-annotations-1.14.jar:/Users/184973/.m2/repository/org/apache/httpcomponents/httpclient/4.5.5/httpclient-4.5.5.jar:/Users/184973/.m2/repository/org/apache/httpcomponents/httpcore/4.4.9/httpcore-4.4.9.jar:/Users/184973/.m2/repository/com/squareup/okhttp3/okhttp/3.10.0/okhttp-3.10.0.jar:/Users/184973/.m2/repository/com/squareup/okio/okio/1.14.1/okio-1.14.1.jar:/Users/184973/.m2/repository/org/seleniumhq/selenium/selenium-server/3.14.0/selenium-server-3.14.0.jar:/Users/184973/.m2/repository/org/seleniumhq/selenium/selenium-edge-driver/3.14.0/selenium-edge-driver-3.14.0.jar:/Users/184973/.m2/repository/org/seleniumhq/selenium/selenium-firefox-driver/3.14.0/selenium-firefox-driver-3.14.0.jar:/Users/184973/.m2/repository/org/seleniumhq/selenium/selenium-ie-driver/3.14.0/selenium-ie-driver-3.14.0.jar:/Users/184973/.m2/repository/org/seleniumhq/selenium/selenium-opera-driver/3.14.0/selenium-opera-driver-3.14.0.jar:/Users/184973/.m2/repository/org/seleniumhq/selenium/selenium-safari-driver/3.14.0/selenium-safari-driver-3.14.0.jar:/Users/184973/.m2/repository/org/seleniumhq/selenium/selenium-support/3.14.0/selenium-support-3.14.0.jar:/Users/184973/.m2/repository/org/apache/commons/commons-lang3/3.7/commons-lang3-3.7.jar:/Users/184973/.m2/repository/org/apache/commons/commons-text/1.1/commons-text-1.1.jar:/Users/184973/.m2/repository/commons-io/commons-io/2.6/commons-io-2.6.jar:/Users/184973/.m2/repository/commons-net/commons-net/3.6/commons-net-3.6.jar:/Users/184973/.m2/repository/net/sourceforge/htmlunit/htmlunit/2.30/htmlunit-2.30.jar:/Users/184973/.m2/repository/net/sourceforge/htmlunit/htmlunit-core-js/2.28/htmlunit-core-js-2.28.jar:/Users/184973/.m2/repository/net/sourceforge/htmlunit/htmlunit-cssparser/1.0.0/htmlunit-cssparser-1.0.0.jar:/Users/184973/.m2/repository/net/sourceforge/htmlunit/neko-htmlunit/2.30/neko-htmlunit-2.30.jar:/Users/184973/.m2/repository/org/apache/httpcomponents/httpmime/4.5.5/httpmime-4.5.5.jar:/Users/184973/.m2/repository/net/jcip/jcip-annotations/1.0/jcip-annotations-1.0.jar:/Users/184973/.m2/repository/org/seleniumhq/selenium/jetty-repacked/9.4.8.v20180619/jetty-repacked-9.4.8.v20180619.jar:/Users/184973/.m2/repository/org/eclipse/jetty/jetty-client/9.4.8.v20180619/jetty-client-9.4.8.v20180619.jar:/Users/184973/.m2/repository/org/eclipse/jetty/jetty-http/9.4.8.v20180619/jetty-http-9.4.8.v20180619.jar:/Users/184973/.m2/repository/org/eclipse/jetty/jetty-io/9.4.8.v20180619/jetty-io-9.4.8.v20180619.jar:/Users/184973/.m2/repository/org/eclipse/jetty/jetty-util/9.4.8.v20180619/jetty-util-9.4.8.v20180619.jar:/Users/184973/.m2/repository/org/eclipse/jetty/jetty-xml/9.4.8.v20180619/jetty-xml-9.4.8.v20180619.jar:/Users/184973/.m2/repository/org/seleniumhq/selenium/htmlunit-driver/2.30.0/htmlunit-driver-2.30.0.jar:/Users/184973/.m2/repository/javax/servlet/javax.servlet-api/3.1.0/javax.servlet-api-3.1.0.jar:/Users/184973/.m2/repository/org/eclipse/jetty/websocket/websocket-api/9.4.8.v20180619/websocket-api-9.4.8.v20180619.jar:/Users/184973/.m2/repository/org/eclipse/jetty/websocket/websocket-client/9.4.8.v20180619/websocket-client-9.4.8.v20180619.jar:/Users/184973/.m2/repository/org/eclipse/jetty/websocket/websocket-common/9.4.8.v20180619/websocket-common-9.4.8.v20180619.jar:/Users/184973/.m2/repository/xalan/serializer/2.7.2/serializer-2.7.2.jar:/Users/184973/.m2/repository/xalan/xalan/2.7.2/xalan-2.7.2.jar:/Users/184973/.m2/repository/xerces/xercesImpl/2.11.0/xercesImpl-2.11.0.jar:/Users/184973/.m2/repository/xml-apis/xml-apis/1.4.01/xml-apis-1.4.01.jar:/Users/184973/.m2/repository/org/yaml/snakeyaml/1.19/snakeyaml-1.19.jar:/Users/184973/.m2/repository/org/seleniumhq/selenium/selenium-java/3.14.0/selenium-java-3.14.0.jar:/Users/184973/.m2/repository/io/github/bonigarcia/webdrivermanager/3.6.0/webdrivermanager-3.6.0.jar:/Users/184973/.m2/repository/com/google/code/gson/gson/2.8.5/gson-2.8.5.jar:/Users/184973/.m2/repository/org/rauschig/jarchivelib/1.0.0/jarchivelib-1.0.0.jar:/Users/184973/.m2/repository/org/apache/commons/commons-compress/1.18/commons-compress-1.18.jar:/Users/184973/.m2/repository/org/jsoup/jsoup/1.11.3/jsoup-1.11.3.jar:/Users/184973/Documents/automation/lex_automation/lex-page-objects/target/classes:/Users/184973/.m2/repository/org/testng/testng/6.14.3/testng-6.14.3.jar:/Users/184973/.m2/repository/com/beust/jcommander/1.72/jcommander-1.72.jar:/Users/184973/.m2/repository/org/apache-extras/beanshell/bsh/2.0b6/bsh-2.0b6.jar:/Users/184973/.m2/repository/org/slf4j/slf4j-api/1.7.5/slf4j-api-1.7.5.jar:/Users/184973/.m2/repository/org/slf4j/slf4j-log4j12/1.7.5/slf4j-log4j12-1.7.5.jar:/Users/184973/.m2/repository/log4j/log4j/1.2.17/log4j-1.2.17.jar:"/>
    <property name="java.vm.vendor" value="Oracle Corporation"/>
    <property name="sun.arch.data.model" value="64"/>
    <property name="java.vendor.url" value="http://java.oracle.com/"/>
    <property name="user.timezone" value="America/Denver"/>
    <property name="java.vm.specification.version" value="1.8"/>
    <property name="os.name" value="Mac OS X"/>
    <property name="user.country" value="US"/>
    <property name="sun.java.launcher" value="SUN_STANDARD"/>
    <property name="sun.boot.library.path" value="/Library/Java/JavaVirtualMachines/jdk1.8.0_261.jdk/Contents/Home/jre/lib"/>
    <property name="sun.java.command" value="/Users/184973/Documents/automation/lex_automation/lex-regression-tests/target/surefire/surefirebooter21075317615597528.jar /Users/184973/Documents/automation/lex_automation/lex-regression-tests/target/surefire 2020-09-18T17-29-05_990-jvmRun1 surefire6119771135686218219tmp surefire_02900315035982394882tmp"/>
    <property name="http.nonProxyHosts" value="local|*.local|169.254/16|*.169.254/16"/>
    <property name="surefire.test.class.path" value="/Users/184973/Documents/automation/lex_automation/lex-regression-tests/target/test-classes:/Users/184973/Documents/automation/lex_automation/lex-regression-tests/target/classes:/Users/184973/Documents/automation/lex_automation/lex-framework/target/classes:/Users/184973/.m2/repository/org/seleniumhq/selenium/selenium-chrome-driver/3.14.0/selenium-chrome-driver-3.14.0.jar:/Users/184973/.m2/repository/org/seleniumhq/selenium/selenium-api/3.14.0/selenium-api-3.14.0.jar:/Users/184973/.m2/repository/org/seleniumhq/selenium/selenium-remote-driver/3.14.0/selenium-remote-driver-3.14.0.jar:/Users/184973/.m2/repository/net/bytebuddy/byte-buddy/1.8.15/byte-buddy-1.8.15.jar:/Users/184973/.m2/repository/org/apache/commons/commons-exec/1.3/commons-exec-1.3.jar:/Users/184973/.m2/repository/commons-codec/commons-codec/1.10/commons-codec-1.10.jar:/Users/184973/.m2/repository/commons-logging/commons-logging/1.2/commons-logging-1.2.jar:/Users/184973/.m2/repository/com/google/guava/guava/25.0-jre/guava-25.0-jre.jar:/Users/184973/.m2/repository/com/google/code/findbugs/jsr305/1.3.9/jsr305-1.3.9.jar:/Users/184973/.m2/repository/org/checkerframework/checker-compat-qual/2.0.0/checker-compat-qual-2.0.0.jar:/Users/184973/.m2/repository/com/google/errorprone/error_prone_annotations/2.1.3/error_prone_annotations-2.1.3.jar:/Users/184973/.m2/repository/com/google/j2objc/j2objc-annotations/1.1/j2objc-annotations-1.1.jar:/Users/184973/.m2/repository/org/codehaus/mojo/animal-sniffer-annotations/1.14/animal-sniffer-annotations-1.14.jar:/Users/184973/.m2/repository/org/apache/httpcomponents/httpclient/4.5.5/httpclient-4.5.5.jar:/Users/184973/.m2/repository/org/apache/httpcomponents/httpcore/4.4.9/httpcore-4.4.9.jar:/Users/184973/.m2/repository/com/squareup/okhttp3/okhttp/3.10.0/okhttp-3.10.0.jar:/Users/184973/.m2/repository/com/squareup/okio/okio/1.14.1/okio-1.14.1.jar:/Users/184973/.m2/repository/org/seleniumhq/selenium/selenium-server/3.14.0/selenium-server-3.14.0.jar:/Users/184973/.m2/repository/org/seleniumhq/selenium/selenium-edge-driver/3.14.0/selenium-edge-driver-3.14.0.jar:/Users/184973/.m2/repository/org/seleniumhq/selenium/selenium-firefox-driver/3.14.0/selenium-firefox-driver-3.14.0.jar:/Users/184973/.m2/repository/org/seleniumhq/selenium/selenium-ie-driver/3.14.0/selenium-ie-driver-3.14.0.jar:/Users/184973/.m2/repository/org/seleniumhq/selenium/selenium-opera-driver/3.14.0/selenium-opera-driver-3.14.0.jar:/Users/184973/.m2/repository/org/seleniumhq/selenium/selenium-safari-driver/3.14.0/selenium-safari-driver-3.14.0.jar:/Users/184973/.m2/repository/org/seleniumhq/selenium/selenium-support/3.14.0/selenium-support-3.14.0.jar:/Users/184973/.m2/repository/org/apache/commons/commons-lang3/3.7/commons-lang3-3.7.jar:/Users/184973/.m2/repository/org/apache/commons/commons-text/1.1/commons-text-1.1.jar:/Users/184973/.m2/repository/commons-io/commons-io/2.6/commons-io-2.6.jar:/Users/184973/.m2/repository/commons-net/commons-net/3.6/commons-net-3.6.jar:/Users/184973/.m2/repository/net/sourceforge/htmlunit/htmlunit/2.30/htmlunit-2.30.jar:/Users/184973/.m2/repository/net/sourceforge/htmlunit/htmlunit-core-js/2.28/htmlunit-core-js-2.28.jar:/Users/184973/.m2/repository/net/sourceforge/htmlunit/htmlunit-cssparser/1.0.0/htmlunit-cssparser-1.0.0.jar:/Users/184973/.m2/repository/net/sourceforge/htmlunit/neko-htmlunit/2.30/neko-htmlunit-2.30.jar:/Users/184973/.m2/repository/org/apache/httpcomponents/httpmime/4.5.5/httpmime-4.5.5.jar:/Users/184973/.m2/repository/net/jcip/jcip-annotations/1.0/jcip-annotations-1.0.jar:/Users/184973/.m2/repository/org/seleniumhq/selenium/jetty-repacked/9.4.8.v20180619/jetty-repacked-9.4.8.v20180619.jar:/Users/184973/.m2/repository/org/eclipse/jetty/jetty-client/9.4.8.v20180619/jetty-client-9.4.8.v20180619.jar:/Users/184973/.m2/repository/org/eclipse/jetty/jetty-http/9.4.8.v20180619/jetty-http-9.4.8.v20180619.jar:/Users/184973/.m2/repository/org/eclipse/jetty/jetty-io/9.4.8.v20180619/jetty-io-9.4.8.v20180619.jar:/Users/184973/.m2/repository/org/eclipse/jetty/jetty-util/9.4.8.v20180619/jetty-util-9.4.8.v20180619.jar:/Users/184973/.m2/repository/org/eclipse/jetty/jetty-xml/9.4.8.v20180619/jetty-xml-9.4.8.v20180619.jar:/Users/184973/.m2/repository/org/seleniumhq/selenium/htmlunit-driver/2.30.0/htmlunit-driver-2.30.0.jar:/Users/184973/.m2/repository/javax/servlet/javax.servlet-api/3.1.0/javax.servlet-api-3.1.0.jar:/Users/184973/.m2/repository/org/eclipse/jetty/websocket/websocket-api/9.4.8.v20180619/websocket-api-9.4.8.v20180619.jar:/Users/184973/.m2/repository/org/eclipse/jetty/websocket/websocket-client/9.4.8.v20180619/websocket-client-9.4.8.v20180619.jar:/Users/184973/.m2/repository/org/eclipse/jetty/websocket/websocket-common/9.4.8.v20180619/websocket-common-9.4.8.v20180619.jar:/Users/184973/.m2/repository/xalan/serializer/2.7.2/serializer-2.7.2.jar:/Users/184973/.m2/repository/xalan/xalan/2.7.2/xalan-2.7.2.jar:/Users/184973/.m2/repository/xerces/xercesImpl/2.11.0/xercesImpl-2.11.0.jar:/Users/184973/.m2/repository/xml-apis/xml-apis/1.4.01/xml-apis-1.4.01.jar:/Users/184973/.m2/repository/org/yaml/snakeyaml/1.19/snakeyaml-1.19.jar:/Users/184973/.m2/repository/org/seleniumhq/selenium/selenium-java/3.14.0/selenium-java-3.14.0.jar:/Users/184973/.m2/repository/io/github/bonigarcia/webdrivermanager/3.6.0/webdrivermanager-3.6.0.jar:/Users/184973/.m2/repository/com/google/code/gson/gson/2.8.5/gson-2.8.5.jar:/Users/184973/.m2/repository/org/rauschig/jarchivelib/1.0.0/jarchivelib-1.0.0.jar:/Users/184973/.m2/repository/org/apache/commons/commons-compress/1.18/commons-compress-1.18.jar:/Users/184973/.m2/repository/org/jsoup/jsoup/1.11.3/jsoup-1.11.3.jar:/Users/184973/Documents/automation/lex_automation/lex-page-objects/target/classes:/Users/184973/.m2/repository/org/testng/testng/6.14.3/testng-6.14.3.jar:/Users/184973/.m2/repository/com/beust/jcommander/1.72/jcommander-1.72.jar:/Users/184973/.m2/repository/org/apache-extras/beanshell/bsh/2.0b6/bsh-2.0b6.jar:/Users/184973/.m2/repository/org/slf4j/slf4j-api/1.7.5/slf4j-api-1.7.5.jar:/Users/184973/.m2/repository/org/slf4j/slf4j-log4j12/1.7.5/slf4j-log4j12-1.7.5.jar:/Users/184973/.m2/repository/log4j/log4j/1.2.17/log4j-1.2.17.jar:"/>
    <property name="sun.cpu.endian" value="little"/>
    <property name="user.home" value="/Users/184973"/>
    <property name="user.language" value="en"/>
    <property name="java.specification.vendor" value="Oracle Corporation"/>
    <property name="java.home" value="/Library/Java/JavaVirtualMachines/jdk1.8.0_261.jdk/Contents/Home/jre"/>
    <property name="basedir" value="/Users/184973/Documents/automation/lex_automation/lex-regression-tests"/>
    <property name="file.separator" value="/"/>
    <property name="line.separator" value="&#10;"/>
    <property name="java.vm.specification.vendor" value="Oracle Corporation"/>
    <property name="java.specification.name" value="Java Platform API Specification"/>
    <property name="java.awt.graphicsenv" value="sun.awt.CGraphicsEnvironment"/>
    <property name="surefire.real.class.path" value="/Users/184973/Documents/automation/lex_automation/lex-regression-tests/target/surefire/surefirebooter21075317615597528.jar"/>
    <property name="sun.boot.class.path" value="/Library/Java/JavaVirtualMachines/jdk1.8.0_261.jdk/Contents/Home/jre/lib/resources.jar:/Library/Java/JavaVirtualMachines/jdk1.8.0_261.jdk/Contents/Home/jre/lib/rt.jar:/Library/Java/JavaVirtualMachines/jdk1.8.0_261.jdk/Contents/Home/jre/lib/sunrsasign.jar:/Library/Java/JavaVirtualMachines/jdk1.8.0_261.jdk/Contents/Home/jre/lib/jsse.jar:/Library/Java/JavaVirtualMachines/jdk1.8.0_261.jdk/Contents/Home/jre/lib/jce.jar:/Library/Java/JavaVirtualMachines/jdk1.8.0_261.jdk/Contents/Home/jre/lib/charsets.jar:/Library/Java/JavaVirtualMachines/jdk1.8.0_261.jdk/Contents/Home/jre/lib/jfr.jar:/Library/Java/JavaVirtualMachines/jdk1.8.0_261.jdk/Contents/Home/jre/classes"/>
    <property name="sun.management.compiler" value="HotSpot 64-Bit Tiered Compilers"/>
    <property name="ftp.nonProxyHosts" value="local|*.local|169.254/16|*.169.254/16"/>
    <property name="java.runtime.version" value="1.8.0_261-b12"/>
    <property name="user.name" value="184973"/>
    <property name="path.separator" value=":"/>
    <property name="os.version" value="10.15.6"/>
    <property name="java.endorsed.dirs" value="/Library/Java/JavaVirtualMachines/jdk1.8.0_261.jdk/Contents/Home/jre/lib/endorsed"/>
    <property name="java.runtime.name" value="Java(TM) SE Runtime Environment"/>
    <property name="file.encoding" value="UTF-8"/>
    <property name="java.vm.name" value="Java HotSpot(TM) 64-Bit Server VM"/>
    <property name="localRepository" value="/Users/184973/.m2/repository"/>
    <property name="java.vendor.url.bug" value="http://bugreport.sun.com/bugreport/"/>
    <property name="java.io.tmpdir" value="/var/folders/2r/2bvglkkd41bghhc_kv80zccrb09gdy/T/"/>
    <property name="java.version" value="1.8.0_261"/>
    <property name="user.dir" value="/Users/184973/Documents/automation/lex_automation/lex-regression-tests"/>
    <property name="os.arch" value="x86_64"/>
    <property name="java.vm.specification.name" value="Java Virtual Machine Specification"/>
    <property name="java.awt.printerjob" value="sun.lwawt.macosx.CPrinterJob"/>
    <property name="sun.os.patch.level" value="unknown"/>
    <property name="java.library.path" value="/Users/184973/Library/Java/Extensions:/Library/Java/Extensions:/Network/Library/Java/Extensions:/System/Library/Java/Extensions:/usr/lib/java:."/>
    <property name="java.vm.info" value="mixed mode"/>
    <property name="java.vendor" value="Oracle Corporation"/>
    <property name="java.vm.version" value="25.261-b12"/>
    <property name="java.ext.dirs" value="/Users/184973/Library/Java/Extensions:/Library/Java/JavaVirtualMachines/jdk1.8.0_261.jdk/Contents/Home/jre/lib/ext:/Library/Java/Extensions:/Network/Library/Java/Extensions:/System/Library/Java/Extensions:/usr/lib/java"/>
    <property name="sun.io.unicode.encoding" value="UnicodeBig"/>
    <property name="java.class.version" value="52.0"/>
    <property name="socksNonProxyHosts" value="local|*.local|169.254/16|*.169.254/16"/>
  </properties>
  <testcase name="canClickGetStartedButtonInClientReviewsSection" classname="lex.tests.homepage.LexHomepageTests" time="4.587">
    <system-err><![CDATA[Starting ChromeDriver 85.0.4183.87 (cd6713ebf92fa1cacc0f1a598df280093af0c5d7-refs/branch-heads/4183@{#1689}) on port 17177
Only local connections are allowed.
Please see https://chromedriver.chromium.org/security-considerations for suggestions on keeping ChromeDriver safe.
[1600471747.233][WARNING]: FromSockAddr failed on netmask
ChromeDriver was started successfully.
Sep 18, 2020 5:29:07 PM org.openqa.selenium.remote.ProtocolHandshake createSession
INFO: Detected dialect: W3C
]]></system-err>
  </testcase>
  <testcase name="canClickGetStartedButtonInHeroSection" classname="lex.tests.homepage.LexHomepageTests" time="1.223"/>
  <testcase name="canClickGetStartedButtonInImageRevealSection" classname="lex.tests.homepage.LexHomepageTests" time="2.117"/>
  <testcase name="canClickGetStartedLinkInHeroSection" classname="lex.tests.homepage.LexHomepageTests" time="1.78"/>
  <testcase name="canClickSeeMyCreditButton" classname="lex.tests.homepage.LexHomepageTests" time="1.528"/>
  <testcase name="canClickSignupCreditCostLink" classname="lex.tests.homepage.LexHomepageTests" time="3.322"/>
  <testcase name="canClickSignupLinkInClientReviewsSection" classname="lex.tests.homepage.LexHomepageTests" time="3.078"/>
  <testcase name="canClickSignupLinkInHeroSection" classname="lex.tests.homepage.LexHomepageTests" time="1.881"/>
  <testcase name="canClickSignupLinkInImageRevealSection" classname="lex.tests.homepage.LexHomepageTests" time="0">
    <skipped message="expected [true] but found [false]"/>
  </testcase>
  <testcase name="canClickSignupLinkInImageRevealSection" classname="lex.tests.homepage.LexHomepageTests" time="1.987"/>
  <testcase name="canNavigateToCreditHelp" classname="lex.tests.homepage.LexHomepageTests" time="3.087"/>
  <testcase name="canNavigateToCreditRepair" classname="lex.tests.homepage.LexHomepageTests" time="1.573">
    <system-out><![CDATA[https://www.lexingtonlaw.com/credit-repair-services
]]></system-out>
  </testcase>
  <testcase name="canNavigateToOurFirm" classname="lex.tests.homepage.LexHomepageTests" time="1.936"/>
  <testcase name="canNavigateToSignUp" classname="lex.tests.homepage.LexHomepageTests" time="1.965"/>
  <testcase name="canSeeGoDaddySeal" classname="lex.tests.homepage.LexHomepageTests" time="1.453"/>
  <testcase name="isAtHomepage" classname="lex.tests.homepage.LexHomepageTests" time="0.475"/>
  <testcase name="canClickGetStartedHero" classname="lex.tests.homepage.CRHomepageTests" time="7.565">
    <system-err><![CDATA[Starting ChromeDriver 85.0.4183.87 (cd6713ebf92fa1cacc0f1a598df280093af0c5d7-refs/branch-heads/4183@{#1689}) on port 32051
Only local connections are allowed.
Please see https://chromedriver.chromium.org/security-considerations for suggestions on keeping ChromeDriver safe.
[1600471780.863][WARNING]: FromSockAddr failed on netmask
ChromeDriver was started successfully.
Sep 18, 2020 5:29:41 PM org.openqa.selenium.remote.ProtocolHandshake createSession
INFO: Detected dialect: W3C
]]></system-err>
  </testcase>
  <testcase name="canClickGetStartedInCostSection" classname="lex.tests.homepage.CRHomepageTests" time="3.061"/>
  <testcase name="canClickGetStartedInHardWorkSection" classname="lex.tests.homepage.CRHomepageTests" time="2.752"/>
  <testcase name="canClickGetStartedInHowCreditRepairWorksSection" classname="lex.tests.homepage.CRHomepageTests" time="2.996"/>
  <testcase name="canClickGetStartedInModal" classname="lex.tests.homepage.CRHomepageTests" time="5.174"/>
  <testcase name="canClickLoginButton" classname="lex.tests.homepage.CRHomepageTests" time="3.816"/>
  <testcase name="canClickSignupHero" classname="lex.tests.homepage.CRHomepageTests" time="2.718"/>
  <testcase name="canClickSignupInCostSection" classname="lex.tests.homepage.CRHomepageTests" time="3.197"/>
  <testcase name="canClickSignupInHardWorkSection" classname="lex.tests.homepage.CRHomepageTests" time="2.42"/>
  <testcase name="canClickSignupInHowCreditRepairWorksSection" classname="lex.tests.homepage.CRHomepageTests" time="2.95"/>
  <testcase name="canClickSignupInModal" classname="lex.tests.homepage.CRHomepageTests" time="2.523"/>
  <testcase name="canClickSignupInTopNav" classname="lex.tests.homepage.CRHomepageTests" time="2.526"/>
  <testcase name="canSeeGoDaddySeal" classname="lex.tests.homepage.CRHomepageTests" time="1.682"/>
  <testcase name="canSubmitForm" classname="lex.tests.homepage.CRHomepageTests" time="6.147"/>
  <testcase name="canClickCheckYourCreditNowCTA" classname="lex.tests.snapshot.LexSnapshotTests" time="4.579">
    <system-err><![CDATA[Starting ChromeDriver 85.0.4183.87 (cd6713ebf92fa1cacc0f1a598df280093af0c5d7-refs/branch-heads/4183@{#1689}) on port 26461
Only local connections are allowed.
Please see https://chromedriver.chromium.org/security-considerations for suggestions on keeping ChromeDriver safe.
[1600471830.998][WARNING]: FromSockAddr failed on netmask
ChromeDriver was started successfully.
Sep 18, 2020 5:30:31 PM org.openqa.selenium.remote.ProtocolHandshake createSession
INFO: Detected dialect: W3C
]]></system-err>
  </testcase>
  <testcase name="canClickCheckYourCreditNowInModal" classname="lex.tests.snapshot.LexSnapshotTests" time="2.919"/>
  <testcase name="canClickGetStartedInKnowYourCreditScore" classname="lex.tests.snapshot.LexSnapshotTests" time="2.721"/>
  <testcase name="canClickGetStartedNowInHowItWorks" classname="lex.tests.snapshot.LexSnapshotTests" time="3.345"/>
  <testcase name="canClickLoginButton" classname="lex.tests.snapshot.LexSnapshotTests" time="2.238"/>
  <testcase name="canClickSeeYourCreditNowInFAQ" classname="lex.tests.snapshot.LexSnapshotTests" time="3.484"/>
  <testcase name="canClickSignupCTA" classname="lex.tests.snapshot.LexSnapshotTests" time="2.222"/>
  <testcase name="canClickSignupInFAQ" classname="lex.tests.snapshot.LexSnapshotTests" time="5.897"/>
  <testcase name="canClickSignupInHeroImage" classname="lex.tests.snapshot.LexSnapshotTests" time="5.298"/>
  <testcase name="canClickSignupInHowItWorks" classname="lex.tests.snapshot.LexSnapshotTests" time="2.53"/>
  <testcase name="canClickSignupInKnowYourCreditScore" classname="lex.tests.snapshot.LexSnapshotTests" time="5.534"/>
  <testcase name="canClickSignupInModal" classname="lex.tests.snapshot.LexSnapshotTests" time="5.148"/>
  <testcase name="canClickStartNowInHeader" classname="lex.tests.snapshot.LexSnapshotTests" time="3.376"/>
  <testcase name="canClickStartNowInHeroImage" classname="lex.tests.snapshot.LexSnapshotTests" time="4.244"/>
  <testcase name="canSeeGoDaddySeal" classname="lex.tests.snapshot.LexSnapshotTests" time="2.381"/>
  <testcase name="canSubmitForm" classname="lex.tests.snapshot.LexSnapshotTests" time="6.404"/>
  <testcase name="canClickCheckYourCreditNowInHeroImage" classname="lex.tests.snapshot.CRSnapshotTests" time="8.103">
    <system-err><![CDATA[Starting ChromeDriver 85.0.4183.87 (cd6713ebf92fa1cacc0f1a598df280093af0c5d7-refs/branch-heads/4183@{#1689}) on port 4839
Only local connections are allowed.
Please see https://chromedriver.chromium.org/security-considerations for suggestions on keeping ChromeDriver safe.
[1600471893.970][WARNING]: FromSockAddr failed on netmask
ChromeDriver was started successfully.
Sep 18, 2020 5:31:34 PM org.openqa.selenium.remote.ProtocolHandshake createSession
INFO: Detected dialect: W3C
]]></system-err>
  </testcase>
  <testcase name="canClickGetStartedCTA" classname="lex.tests.snapshot.CRSnapshotTests" time="2.736"/>
  <testcase name="canClickGetStartedInKnowYourCreditScore" classname="lex.tests.snapshot.CRSnapshotTests" time="2.511"/>
  <testcase name="canClickGetStartedInModal" classname="lex.tests.snapshot.CRSnapshotTests" time="2.441"/>
  <testcase name="canClickGetStartedNowInClientReviews" classname="lex.tests.snapshot.CRSnapshotTests" time="2.413"/>
  <testcase name="canClickLoginButton" classname="lex.tests.snapshot.CRSnapshotTests" time="4.395"/>
  <testcase name="canClickSignupCTA" classname="lex.tests.snapshot.CRSnapshotTests" time="3.775"/>
  <testcase name="canClickSignupInClientReviews" classname="lex.tests.snapshot.CRSnapshotTests" time="2.667"/>
  <testcase name="canClickSignupInHeroImage" classname="lex.tests.snapshot.CRSnapshotTests" time="3.204"/>
  <testcase name="canClickSignupInKnowYourCreditScore" classname="lex.tests.snapshot.CRSnapshotTests" time="2.386"/>
  <testcase name="canClickSignupInModal" classname="lex.tests.snapshot.CRSnapshotTests" time="3.203"/>
  <testcase name="canClickStartNowInHeader" classname="lex.tests.snapshot.CRSnapshotTests" time="4.532"/>
  <testcase name="canSeeGoDaddySeal" classname="lex.tests.snapshot.CRSnapshotTests" time="1.626"/>
  <testcase name="canSubmitForm" classname="lex.tests.snapshot.CRSnapshotTests" time="5.987"/>
  <testcase name="creditRepairLandingPageStatusCodeIsOk" classname="lex.tests.http.HttpTests" time="0.863"/>
  <testcase name="creditRepairSignupStatusCodeIsOk" classname="lex.tests.http.HttpTests" time="0.366"/>
  <testcase name="creditRepairSnapshotStatusCodeIsOk" classname="lex.tests.http.HttpTests" time="0.434"/>
  <testcase name="creditRepairStatusCodeIsOk" classname="lex.tests.http.HttpTests" time="0.427"/>
  <testcase name="lexHomepageStatusCodeIsOk" classname="lex.tests.http.HttpTests" time="0.129"/>
  <testcase name="lexLandingPageStatusCodeIsOk" classname="lex.tests.http.HttpTests" time="0.387"/>
  <testcase name="lexSignupStatusCodeIsOk" classname="lex.tests.http.HttpTests" time="0.367"/>
  <testcase name="lexSnapshotStatusCodeIsOk" classname="lex.tests.http.HttpTests" time="0.366"/>
</testsuite>